[2025-03-24T20:13:05.593+0000] {processor.py:157} INFO - Started process (PID=25326) to work on /home/vscode/.local/lib/python3.10/site-packages/airflow/example_dags/example_branch_python_dop_operator_3.py
[2025-03-24T20:13:05.594+0000] {processor.py:826} INFO - Processing file /home/vscode/.local/lib/python3.10/site-packages/airflow/example_dags/example_branch_python_dop_operator_3.py for tasks to queue
[2025-03-24T20:13:05.594+0000] {logging_mixin.py:150} INFO - [2025-03-24T20:13:05.594+0000] {dagbag.py:541} INFO - Filling up the DagBag from /home/vscode/.local/lib/python3.10/site-packages/airflow/example_dags/example_branch_python_dop_operator_3.py
[2025-03-24T20:13:05.600+0000] {processor.py:836} INFO - DAG(s) dict_keys(['example_branch_dop_operator_v3']) retrieved from /home/vscode/.local/lib/python3.10/site-packages/airflow/example_dags/example_branch_python_dop_operator_3.py
[2025-03-24T20:13:05.672+0000] {logging_mixin.py:150} INFO - [2025-03-24T20:13:05.672+0000] {manager.py:504} INFO - Created Permission View: can delete on DAG:example_branch_dop_operator_v3
[2025-03-24T20:13:05.680+0000] {logging_mixin.py:150} INFO - [2025-03-24T20:13:05.680+0000] {manager.py:504} INFO - Created Permission View: can edit on DAG:example_branch_dop_operator_v3
[2025-03-24T20:13:05.686+0000] {logging_mixin.py:150} INFO - [2025-03-24T20:13:05.686+0000] {manager.py:504} INFO - Created Permission View: can read on DAG:example_branch_dop_operator_v3
[2025-03-24T20:13:05.694+0000] {logging_mixin.py:150} INFO - [2025-03-24T20:13:05.694+0000] {dag.py:2742} INFO - Sync 1 DAGs
[2025-03-24T20:13:05.701+0000] {logging_mixin.py:150} INFO - [2025-03-24T20:13:05.701+0000] {dag.py:2763} INFO - Creating ORM DAG for example_branch_dop_operator_v3
[2025-03-24T20:13:05.710+0000] {logging_mixin.py:150} INFO - [2025-03-24T20:13:05.710+0000] {dag.py:3504} INFO - Setting next_dagrun for example_branch_dop_operator_v3 to 2025-03-24T20:12:00+00:00, run_after=2025-03-24T20:13:00+00:00
[2025-03-24T20:13:05.725+0000] {processor.py:179} INFO - Processing /home/vscode/.local/lib/python3.10/site-packages/airflow/example_dags/example_branch_python_dop_operator_3.py took 0.134 seconds
[2025-03-24T20:13:53.352+0000] {processor.py:157} INFO - Started process (PID=25644) to work on /home/vscode/.local/lib/python3.10/site-packages/airflow/example_dags/example_branch_python_dop_operator_3.py
[2025-03-24T20:13:53.353+0000] {processor.py:826} INFO - Processing file /home/vscode/.local/lib/python3.10/site-packages/airflow/example_dags/example_branch_python_dop_operator_3.py for tasks to queue
[2025-03-24T20:13:53.353+0000] {logging_mixin.py:150} INFO - [2025-03-24T20:13:53.353+0000] {dagbag.py:541} INFO - Filling up the DagBag from /home/vscode/.local/lib/python3.10/site-packages/airflow/example_dags/example_branch_python_dop_operator_3.py
[2025-03-24T20:13:53.359+0000] {processor.py:836} INFO - DAG(s) dict_keys(['example_branch_dop_operator_v3']) retrieved from /home/vscode/.local/lib/python3.10/site-packages/airflow/example_dags/example_branch_python_dop_operator_3.py
[2025-03-24T20:13:53.371+0000] {logging_mixin.py:150} INFO - [2025-03-24T20:13:53.371+0000] {dag.py:2742} INFO - Sync 1 DAGs
[2025-03-24T20:13:53.388+0000] {logging_mixin.py:150} INFO - [2025-03-24T20:13:53.388+0000] {dag.py:3504} INFO - Setting next_dagrun for example_branch_dop_operator_v3 to 2025-03-24T20:12:00+00:00, run_after=2025-03-24T20:13:00+00:00
[2025-03-24T20:13:53.403+0000] {processor.py:179} INFO - Processing /home/vscode/.local/lib/python3.10/site-packages/airflow/example_dags/example_branch_python_dop_operator_3.py took 0.053 seconds
[2025-03-24T20:14:35.595+0000] {processor.py:157} INFO - Started process (PID=25924) to work on /home/vscode/.local/lib/python3.10/site-packages/airflow/example_dags/example_branch_python_dop_operator_3.py
[2025-03-24T20:14:35.595+0000] {processor.py:826} INFO - Processing file /home/vscode/.local/lib/python3.10/site-packages/airflow/example_dags/example_branch_python_dop_operator_3.py for tasks to queue
[2025-03-24T20:14:35.596+0000] {logging_mixin.py:150} INFO - [2025-03-24T20:14:35.596+0000] {dagbag.py:541} INFO - Filling up the DagBag from /home/vscode/.local/lib/python3.10/site-packages/airflow/example_dags/example_branch_python_dop_operator_3.py
[2025-03-24T20:14:35.602+0000] {processor.py:836} INFO - DAG(s) dict_keys(['example_branch_dop_operator_v3']) retrieved from /home/vscode/.local/lib/python3.10/site-packages/airflow/example_dags/example_branch_python_dop_operator_3.py
[2025-03-24T20:14:35.617+0000] {logging_mixin.py:150} INFO - [2025-03-24T20:14:35.617+0000] {dag.py:2742} INFO - Sync 1 DAGs
[2025-03-24T20:14:35.643+0000] {logging_mixin.py:150} INFO - [2025-03-24T20:14:35.643+0000] {dag.py:3504} INFO - Setting next_dagrun for example_branch_dop_operator_v3 to 2025-03-24T20:13:00+00:00, run_after=2025-03-24T20:14:00+00:00
[2025-03-24T20:14:35.663+0000] {processor.py:179} INFO - Processing /home/vscode/.local/lib/python3.10/site-packages/airflow/example_dags/example_branch_python_dop_operator_3.py took 0.071 seconds
[2025-03-24T20:15:31.000+0000] {processor.py:157} INFO - Started process (PID=26315) to work on /home/vscode/.local/lib/python3.10/site-packages/airflow/example_dags/example_branch_python_dop_operator_3.py
[2025-03-24T20:15:31.003+0000] {processor.py:826} INFO - Processing file /home/vscode/.local/lib/python3.10/site-packages/airflow/example_dags/example_branch_python_dop_operator_3.py for tasks to queue
[2025-03-24T20:15:31.004+0000] {logging_mixin.py:150} INFO - [2025-03-24T20:15:31.003+0000] {dagbag.py:541} INFO - Filling up the DagBag from /home/vscode/.local/lib/python3.10/site-packages/airflow/example_dags/example_branch_python_dop_operator_3.py
[2025-03-24T20:15:31.012+0000] {processor.py:836} INFO - DAG(s) dict_keys(['example_branch_dop_operator_v3']) retrieved from /home/vscode/.local/lib/python3.10/site-packages/airflow/example_dags/example_branch_python_dop_operator_3.py
[2025-03-24T20:15:31.024+0000] {logging_mixin.py:150} INFO - [2025-03-24T20:15:31.024+0000] {dag.py:2742} INFO - Sync 1 DAGs
[2025-03-24T20:15:31.048+0000] {logging_mixin.py:150} INFO - [2025-03-24T20:15:31.048+0000] {dag.py:3504} INFO - Setting next_dagrun for example_branch_dop_operator_v3 to 2025-03-24T20:14:00+00:00, run_after=2025-03-24T20:15:00+00:00
[2025-03-24T20:15:31.072+0000] {processor.py:179} INFO - Processing /home/vscode/.local/lib/python3.10/site-packages/airflow/example_dags/example_branch_python_dop_operator_3.py took 0.074 seconds
[2025-03-24T20:16:19.687+0000] {processor.py:157} INFO - Started process (PID=26637) to work on /home/vscode/.local/lib/python3.10/site-packages/airflow/example_dags/example_branch_python_dop_operator_3.py
[2025-03-24T20:16:19.688+0000] {processor.py:826} INFO - Processing file /home/vscode/.local/lib/python3.10/site-packages/airflow/example_dags/example_branch_python_dop_operator_3.py for tasks to queue
[2025-03-24T20:16:19.688+0000] {logging_mixin.py:150} INFO - [2025-03-24T20:16:19.688+0000] {dagbag.py:541} INFO - Filling up the DagBag from /home/vscode/.local/lib/python3.10/site-packages/airflow/example_dags/example_branch_python_dop_operator_3.py
[2025-03-24T20:16:19.694+0000] {processor.py:836} INFO - DAG(s) dict_keys(['example_branch_dop_operator_v3']) retrieved from /home/vscode/.local/lib/python3.10/site-packages/airflow/example_dags/example_branch_python_dop_operator_3.py
[2025-03-24T20:16:19.706+0000] {logging_mixin.py:150} INFO - [2025-03-24T20:16:19.706+0000] {dag.py:2742} INFO - Sync 1 DAGs
[2025-03-24T20:16:19.728+0000] {logging_mixin.py:150} INFO - [2025-03-24T20:16:19.728+0000] {dag.py:3504} INFO - Setting next_dagrun for example_branch_dop_operator_v3 to 2025-03-24T20:15:00+00:00, run_after=2025-03-24T20:16:00+00:00
[2025-03-24T20:16:19.743+0000] {processor.py:179} INFO - Processing /home/vscode/.local/lib/python3.10/site-packages/airflow/example_dags/example_branch_python_dop_operator_3.py took 0.059 seconds
[2025-03-24T20:17:07.327+0000] {processor.py:157} INFO - Started process (PID=26953) to work on /home/vscode/.local/lib/python3.10/site-packages/airflow/example_dags/example_branch_python_dop_operator_3.py
[2025-03-24T20:17:07.328+0000] {processor.py:826} INFO - Processing file /home/vscode/.local/lib/python3.10/site-packages/airflow/example_dags/example_branch_python_dop_operator_3.py for tasks to queue
[2025-03-24T20:17:07.328+0000] {logging_mixin.py:150} INFO - [2025-03-24T20:17:07.328+0000] {dagbag.py:541} INFO - Filling up the DagBag from /home/vscode/.local/lib/python3.10/site-packages/airflow/example_dags/example_branch_python_dop_operator_3.py
[2025-03-24T20:17:07.334+0000] {processor.py:836} INFO - DAG(s) dict_keys(['example_branch_dop_operator_v3']) retrieved from /home/vscode/.local/lib/python3.10/site-packages/airflow/example_dags/example_branch_python_dop_operator_3.py
[2025-03-24T20:17:07.346+0000] {logging_mixin.py:150} INFO - [2025-03-24T20:17:07.346+0000] {dag.py:2742} INFO - Sync 1 DAGs
[2025-03-24T20:17:07.362+0000] {logging_mixin.py:150} INFO - [2025-03-24T20:17:07.362+0000] {dag.py:3504} INFO - Setting next_dagrun for example_branch_dop_operator_v3 to 2025-03-24T20:16:00+00:00, run_after=2025-03-24T20:17:00+00:00
[2025-03-24T20:17:07.378+0000] {processor.py:179} INFO - Processing /home/vscode/.local/lib/python3.10/site-packages/airflow/example_dags/example_branch_python_dop_operator_3.py took 0.053 seconds
[2025-03-24T20:17:52.988+0000] {processor.py:157} INFO - Started process (PID=27254) to work on /home/vscode/.local/lib/python3.10/site-packages/airflow/example_dags/example_branch_python_dop_operator_3.py
[2025-03-24T20:17:52.989+0000] {processor.py:826} INFO - Processing file /home/vscode/.local/lib/python3.10/site-packages/airflow/example_dags/example_branch_python_dop_operator_3.py for tasks to queue
[2025-03-24T20:17:52.989+0000] {logging_mixin.py:150} INFO - [2025-03-24T20:17:52.989+0000] {dagbag.py:541} INFO - Filling up the DagBag from /home/vscode/.local/lib/python3.10/site-packages/airflow/example_dags/example_branch_python_dop_operator_3.py
[2025-03-24T20:17:52.995+0000] {processor.py:836} INFO - DAG(s) dict_keys(['example_branch_dop_operator_v3']) retrieved from /home/vscode/.local/lib/python3.10/site-packages/airflow/example_dags/example_branch_python_dop_operator_3.py
[2025-03-24T20:17:53.007+0000] {logging_mixin.py:150} INFO - [2025-03-24T20:17:53.007+0000] {dag.py:2742} INFO - Sync 1 DAGs
[2025-03-24T20:17:53.024+0000] {logging_mixin.py:150} INFO - [2025-03-24T20:17:53.024+0000] {dag.py:3504} INFO - Setting next_dagrun for example_branch_dop_operator_v3 to 2025-03-24T20:16:00+00:00, run_after=2025-03-24T20:17:00+00:00
[2025-03-24T20:17:53.039+0000] {processor.py:179} INFO - Processing /home/vscode/.local/lib/python3.10/site-packages/airflow/example_dags/example_branch_python_dop_operator_3.py took 0.053 seconds
[2025-03-24T20:18:34.927+0000] {processor.py:157} INFO - Started process (PID=27534) to work on /home/vscode/.local/lib/python3.10/site-packages/airflow/example_dags/example_branch_python_dop_operator_3.py
[2025-03-24T20:18:34.928+0000] {processor.py:826} INFO - Processing file /home/vscode/.local/lib/python3.10/site-packages/airflow/example_dags/example_branch_python_dop_operator_3.py for tasks to queue
[2025-03-24T20:18:34.929+0000] {logging_mixin.py:150} INFO - [2025-03-24T20:18:34.928+0000] {dagbag.py:541} INFO - Filling up the DagBag from /home/vscode/.local/lib/python3.10/site-packages/airflow/example_dags/example_branch_python_dop_operator_3.py
[2025-03-24T20:18:34.934+0000] {processor.py:836} INFO - DAG(s) dict_keys(['example_branch_dop_operator_v3']) retrieved from /home/vscode/.local/lib/python3.10/site-packages/airflow/example_dags/example_branch_python_dop_operator_3.py
[2025-03-24T20:18:34.946+0000] {logging_mixin.py:150} INFO - [2025-03-24T20:18:34.946+0000] {dag.py:2742} INFO - Sync 1 DAGs
[2025-03-24T20:18:34.963+0000] {logging_mixin.py:150} INFO - [2025-03-24T20:18:34.962+0000] {dag.py:3504} INFO - Setting next_dagrun for example_branch_dop_operator_v3 to 2025-03-24T20:17:00+00:00, run_after=2025-03-24T20:18:00+00:00
[2025-03-24T20:18:34.977+0000] {processor.py:179} INFO - Processing /home/vscode/.local/lib/python3.10/site-packages/airflow/example_dags/example_branch_python_dop_operator_3.py took 0.052 seconds
[2025-03-24T20:19:20.108+0000] {processor.py:157} INFO - Started process (PID=27834) to work on /home/vscode/.local/lib/python3.10/site-packages/airflow/example_dags/example_branch_python_dop_operator_3.py
[2025-03-24T20:19:20.109+0000] {processor.py:826} INFO - Processing file /home/vscode/.local/lib/python3.10/site-packages/airflow/example_dags/example_branch_python_dop_operator_3.py for tasks to queue
[2025-03-24T20:19:20.110+0000] {logging_mixin.py:150} INFO - [2025-03-24T20:19:20.109+0000] {dagbag.py:541} INFO - Filling up the DagBag from /home/vscode/.local/lib/python3.10/site-packages/airflow/example_dags/example_branch_python_dop_operator_3.py
[2025-03-24T20:19:20.115+0000] {processor.py:836} INFO - DAG(s) dict_keys(['example_branch_dop_operator_v3']) retrieved from /home/vscode/.local/lib/python3.10/site-packages/airflow/example_dags/example_branch_python_dop_operator_3.py
[2025-03-24T20:19:20.127+0000] {logging_mixin.py:150} INFO - [2025-03-24T20:19:20.127+0000] {dag.py:2742} INFO - Sync 1 DAGs
[2025-03-24T20:19:20.144+0000] {logging_mixin.py:150} INFO - [2025-03-24T20:19:20.144+0000] {dag.py:3504} INFO - Setting next_dagrun for example_branch_dop_operator_v3 to 2025-03-24T20:18:00+00:00, run_after=2025-03-24T20:19:00+00:00
[2025-03-24T20:19:20.160+0000] {processor.py:179} INFO - Processing /home/vscode/.local/lib/python3.10/site-packages/airflow/example_dags/example_branch_python_dop_operator_3.py took 0.054 seconds
[2025-03-24T20:20:05.266+0000] {processor.py:157} INFO - Started process (PID=28170) to work on /home/vscode/.local/lib/python3.10/site-packages/airflow/example_dags/example_branch_python_dop_operator_3.py
[2025-03-24T20:20:05.266+0000] {processor.py:826} INFO - Processing file /home/vscode/.local/lib/python3.10/site-packages/airflow/example_dags/example_branch_python_dop_operator_3.py for tasks to queue
[2025-03-24T20:20:05.267+0000] {logging_mixin.py:150} INFO - [2025-03-24T20:20:05.267+0000] {dagbag.py:541} INFO - Filling up the DagBag from /home/vscode/.local/lib/python3.10/site-packages/airflow/example_dags/example_branch_python_dop_operator_3.py
[2025-03-24T20:20:05.273+0000] {processor.py:836} INFO - DAG(s) dict_keys(['example_branch_dop_operator_v3']) retrieved from /home/vscode/.local/lib/python3.10/site-packages/airflow/example_dags/example_branch_python_dop_operator_3.py
[2025-03-24T20:20:05.284+0000] {logging_mixin.py:150} INFO - [2025-03-24T20:20:05.284+0000] {dag.py:2742} INFO - Sync 1 DAGs
[2025-03-24T20:20:05.301+0000] {logging_mixin.py:150} INFO - [2025-03-24T20:20:05.301+0000] {dag.py:3504} INFO - Setting next_dagrun for example_branch_dop_operator_v3 to 2025-03-24T20:19:00+00:00, run_after=2025-03-24T20:20:00+00:00
[2025-03-24T20:20:05.316+0000] {processor.py:179} INFO - Processing /home/vscode/.local/lib/python3.10/site-packages/airflow/example_dags/example_branch_python_dop_operator_3.py took 0.052 seconds
[2025-03-24T20:20:54.341+0000] {processor.py:157} INFO - Started process (PID=28533) to work on /home/vscode/.local/lib/python3.10/site-packages/airflow/example_dags/example_branch_python_dop_operator_3.py
[2025-03-24T20:20:54.342+0000] {processor.py:826} INFO - Processing file /home/vscode/.local/lib/python3.10/site-packages/airflow/example_dags/example_branch_python_dop_operator_3.py for tasks to queue
[2025-03-24T20:20:54.342+0000] {logging_mixin.py:150} INFO - [2025-03-24T20:20:54.342+0000] {dagbag.py:541} INFO - Filling up the DagBag from /home/vscode/.local/lib/python3.10/site-packages/airflow/example_dags/example_branch_python_dop_operator_3.py
[2025-03-24T20:20:54.348+0000] {processor.py:836} INFO - DAG(s) dict_keys(['example_branch_dop_operator_v3']) retrieved from /home/vscode/.local/lib/python3.10/site-packages/airflow/example_dags/example_branch_python_dop_operator_3.py
[2025-03-24T20:20:54.364+0000] {logging_mixin.py:150} INFO - [2025-03-24T20:20:54.364+0000] {dag.py:2742} INFO - Sync 1 DAGs
[2025-03-24T20:20:54.390+0000] {logging_mixin.py:150} INFO - [2025-03-24T20:20:54.390+0000] {dag.py:3504} INFO - Setting next_dagrun for example_branch_dop_operator_v3 to 2025-03-24T20:19:00+00:00, run_after=2025-03-24T20:20:00+00:00
[2025-03-24T20:20:54.412+0000] {processor.py:179} INFO - Processing /home/vscode/.local/lib/python3.10/site-packages/airflow/example_dags/example_branch_python_dop_operator_3.py took 0.073 seconds
[2025-03-24T20:21:41.210+0000] {processor.py:157} INFO - Started process (PID=28899) to work on /home/vscode/.local/lib/python3.10/site-packages/airflow/example_dags/example_branch_python_dop_operator_3.py
[2025-03-24T20:21:41.210+0000] {processor.py:826} INFO - Processing file /home/vscode/.local/lib/python3.10/site-packages/airflow/example_dags/example_branch_python_dop_operator_3.py for tasks to queue
[2025-03-24T20:21:41.211+0000] {logging_mixin.py:150} INFO - [2025-03-24T20:21:41.211+0000] {dagbag.py:541} INFO - Filling up the DagBag from /home/vscode/.local/lib/python3.10/site-packages/airflow/example_dags/example_branch_python_dop_operator_3.py
[2025-03-24T20:21:41.217+0000] {processor.py:836} INFO - DAG(s) dict_keys(['example_branch_dop_operator_v3']) retrieved from /home/vscode/.local/lib/python3.10/site-packages/airflow/example_dags/example_branch_python_dop_operator_3.py
[2025-03-24T20:21:41.229+0000] {logging_mixin.py:150} INFO - [2025-03-24T20:21:41.228+0000] {dag.py:2742} INFO - Sync 1 DAGs
[2025-03-24T20:21:41.246+0000] {logging_mixin.py:150} INFO - [2025-03-24T20:21:41.246+0000] {dag.py:3504} INFO - Setting next_dagrun for example_branch_dop_operator_v3 to 2025-03-24T20:20:00+00:00, run_after=2025-03-24T20:21:00+00:00
[2025-03-24T20:21:41.262+0000] {processor.py:179} INFO - Processing /home/vscode/.local/lib/python3.10/site-packages/airflow/example_dags/example_branch_python_dop_operator_3.py took 0.055 seconds
[2025-03-24T20:22:25.694+0000] {processor.py:157} INFO - Started process (PID=29226) to work on /home/vscode/.local/lib/python3.10/site-packages/airflow/example_dags/example_branch_python_dop_operator_3.py
[2025-03-24T20:22:25.695+0000] {processor.py:826} INFO - Processing file /home/vscode/.local/lib/python3.10/site-packages/airflow/example_dags/example_branch_python_dop_operator_3.py for tasks to queue
[2025-03-24T20:22:25.696+0000] {logging_mixin.py:150} INFO - [2025-03-24T20:22:25.695+0000] {dagbag.py:541} INFO - Filling up the DagBag from /home/vscode/.local/lib/python3.10/site-packages/airflow/example_dags/example_branch_python_dop_operator_3.py
[2025-03-24T20:22:25.701+0000] {processor.py:836} INFO - DAG(s) dict_keys(['example_branch_dop_operator_v3']) retrieved from /home/vscode/.local/lib/python3.10/site-packages/airflow/example_dags/example_branch_python_dop_operator_3.py
[2025-03-24T20:22:25.713+0000] {logging_mixin.py:150} INFO - [2025-03-24T20:22:25.713+0000] {dag.py:2742} INFO - Sync 1 DAGs
[2025-03-24T20:22:25.730+0000] {logging_mixin.py:150} INFO - [2025-03-24T20:22:25.730+0000] {dag.py:3504} INFO - Setting next_dagrun for example_branch_dop_operator_v3 to 2025-03-24T20:21:00+00:00, run_after=2025-03-24T20:22:00+00:00
[2025-03-24T20:22:25.746+0000] {processor.py:179} INFO - Processing /home/vscode/.local/lib/python3.10/site-packages/airflow/example_dags/example_branch_python_dop_operator_3.py took 0.053 seconds
[2025-03-24T20:23:25.885+0000] {processor.py:157} INFO - Started process (PID=29681) to work on /home/vscode/.local/lib/python3.10/site-packages/airflow/example_dags/example_branch_python_dop_operator_3.py
[2025-03-24T20:23:25.886+0000] {processor.py:826} INFO - Processing file /home/vscode/.local/lib/python3.10/site-packages/airflow/example_dags/example_branch_python_dop_operator_3.py for tasks to queue
[2025-03-24T20:23:25.886+0000] {logging_mixin.py:150} INFO - [2025-03-24T20:23:25.886+0000] {dagbag.py:541} INFO - Filling up the DagBag from /home/vscode/.local/lib/python3.10/site-packages/airflow/example_dags/example_branch_python_dop_operator_3.py
[2025-03-24T20:23:25.893+0000] {processor.py:836} INFO - DAG(s) dict_keys(['example_branch_dop_operator_v3']) retrieved from /home/vscode/.local/lib/python3.10/site-packages/airflow/example_dags/example_branch_python_dop_operator_3.py
[2025-03-24T20:23:25.904+0000] {logging_mixin.py:150} INFO - [2025-03-24T20:23:25.904+0000] {dag.py:2742} INFO - Sync 1 DAGs
[2025-03-24T20:23:25.921+0000] {logging_mixin.py:150} INFO - [2025-03-24T20:23:25.921+0000] {dag.py:3504} INFO - Setting next_dagrun for example_branch_dop_operator_v3 to 2025-03-24T20:22:00+00:00, run_after=2025-03-24T20:23:00+00:00
[2025-03-24T20:23:25.936+0000] {processor.py:179} INFO - Processing /home/vscode/.local/lib/python3.10/site-packages/airflow/example_dags/example_branch_python_dop_operator_3.py took 0.053 seconds
[2025-03-24T20:24:10.478+0000] {processor.py:157} INFO - Started process (PID=30061) to work on /home/vscode/.local/lib/python3.10/site-packages/airflow/example_dags/example_branch_python_dop_operator_3.py
[2025-03-24T20:24:10.478+0000] {processor.py:826} INFO - Processing file /home/vscode/.local/lib/python3.10/site-packages/airflow/example_dags/example_branch_python_dop_operator_3.py for tasks to queue
[2025-03-24T20:24:10.479+0000] {logging_mixin.py:150} INFO - [2025-03-24T20:24:10.479+0000] {dagbag.py:541} INFO - Filling up the DagBag from /home/vscode/.local/lib/python3.10/site-packages/airflow/example_dags/example_branch_python_dop_operator_3.py
[2025-03-24T20:24:10.485+0000] {processor.py:836} INFO - DAG(s) dict_keys(['example_branch_dop_operator_v3']) retrieved from /home/vscode/.local/lib/python3.10/site-packages/airflow/example_dags/example_branch_python_dop_operator_3.py
[2025-03-24T20:24:10.497+0000] {logging_mixin.py:150} INFO - [2025-03-24T20:24:10.496+0000] {dag.py:2742} INFO - Sync 1 DAGs
[2025-03-24T20:24:10.513+0000] {logging_mixin.py:150} INFO - [2025-03-24T20:24:10.513+0000] {dag.py:3504} INFO - Setting next_dagrun for example_branch_dop_operator_v3 to 2025-03-24T20:23:00+00:00, run_after=2025-03-24T20:24:00+00:00
[2025-03-24T20:24:10.529+0000] {processor.py:179} INFO - Processing /home/vscode/.local/lib/python3.10/site-packages/airflow/example_dags/example_branch_python_dop_operator_3.py took 0.053 seconds
[2025-03-24T20:24:55.873+0000] {processor.py:157} INFO - Started process (PID=30380) to work on /home/vscode/.local/lib/python3.10/site-packages/airflow/example_dags/example_branch_python_dop_operator_3.py
[2025-03-24T20:24:55.873+0000] {processor.py:826} INFO - Processing file /home/vscode/.local/lib/python3.10/site-packages/airflow/example_dags/example_branch_python_dop_operator_3.py for tasks to queue
[2025-03-24T20:24:55.874+0000] {logging_mixin.py:150} INFO - [2025-03-24T20:24:55.874+0000] {dagbag.py:541} INFO - Filling up the DagBag from /home/vscode/.local/lib/python3.10/site-packages/airflow/example_dags/example_branch_python_dop_operator_3.py
[2025-03-24T20:24:55.880+0000] {processor.py:836} INFO - DAG(s) dict_keys(['example_branch_dop_operator_v3']) retrieved from /home/vscode/.local/lib/python3.10/site-packages/airflow/example_dags/example_branch_python_dop_operator_3.py
[2025-03-24T20:24:55.892+0000] {logging_mixin.py:150} INFO - [2025-03-24T20:24:55.892+0000] {dag.py:2742} INFO - Sync 1 DAGs
[2025-03-24T20:24:55.909+0000] {logging_mixin.py:150} INFO - [2025-03-24T20:24:55.909+0000] {dag.py:3504} INFO - Setting next_dagrun for example_branch_dop_operator_v3 to 2025-03-24T20:23:00+00:00, run_after=2025-03-24T20:24:00+00:00
[2025-03-24T20:24:55.924+0000] {processor.py:179} INFO - Processing /home/vscode/.local/lib/python3.10/site-packages/airflow/example_dags/example_branch_python_dop_operator_3.py took 0.054 seconds
[2025-03-24T20:25:51.259+0000] {processor.py:157} INFO - Started process (PID=30810) to work on /home/vscode/.local/lib/python3.10/site-packages/airflow/example_dags/example_branch_python_dop_operator_3.py
[2025-03-24T20:25:51.259+0000] {processor.py:826} INFO - Processing file /home/vscode/.local/lib/python3.10/site-packages/airflow/example_dags/example_branch_python_dop_operator_3.py for tasks to queue
[2025-03-24T20:25:51.260+0000] {logging_mixin.py:150} INFO - [2025-03-24T20:25:51.259+0000] {dagbag.py:541} INFO - Filling up the DagBag from /home/vscode/.local/lib/python3.10/site-packages/airflow/example_dags/example_branch_python_dop_operator_3.py
[2025-03-24T20:25:51.266+0000] {processor.py:836} INFO - DAG(s) dict_keys(['example_branch_dop_operator_v3']) retrieved from /home/vscode/.local/lib/python3.10/site-packages/airflow/example_dags/example_branch_python_dop_operator_3.py
[2025-03-24T20:25:51.278+0000] {logging_mixin.py:150} INFO - [2025-03-24T20:25:51.278+0000] {dag.py:2742} INFO - Sync 1 DAGs
[2025-03-24T20:25:51.307+0000] {logging_mixin.py:150} INFO - [2025-03-24T20:25:51.307+0000] {dag.py:3504} INFO - Setting next_dagrun for example_branch_dop_operator_v3 to 2025-03-24T20:24:00+00:00, run_after=2025-03-24T20:25:00+00:00
[2025-03-24T20:25:51.322+0000] {processor.py:179} INFO - Processing /home/vscode/.local/lib/python3.10/site-packages/airflow/example_dags/example_branch_python_dop_operator_3.py took 0.066 seconds
[2025-03-24T20:26:37.532+0000] {processor.py:157} INFO - Started process (PID=31188) to work on /home/vscode/.local/lib/python3.10/site-packages/airflow/example_dags/example_branch_python_dop_operator_3.py
[2025-03-24T20:26:37.532+0000] {processor.py:826} INFO - Processing file /home/vscode/.local/lib/python3.10/site-packages/airflow/example_dags/example_branch_python_dop_operator_3.py for tasks to queue
[2025-03-24T20:26:37.533+0000] {logging_mixin.py:150} INFO - [2025-03-24T20:26:37.533+0000] {dagbag.py:541} INFO - Filling up the DagBag from /home/vscode/.local/lib/python3.10/site-packages/airflow/example_dags/example_branch_python_dop_operator_3.py
[2025-03-24T20:26:37.539+0000] {processor.py:836} INFO - DAG(s) dict_keys(['example_branch_dop_operator_v3']) retrieved from /home/vscode/.local/lib/python3.10/site-packages/airflow/example_dags/example_branch_python_dop_operator_3.py
[2025-03-24T20:26:37.551+0000] {logging_mixin.py:150} INFO - [2025-03-24T20:26:37.550+0000] {dag.py:2742} INFO - Sync 1 DAGs
[2025-03-24T20:26:37.576+0000] {logging_mixin.py:150} INFO - [2025-03-24T20:26:37.576+0000] {dag.py:3504} INFO - Setting next_dagrun for example_branch_dop_operator_v3 to 2025-03-24T20:25:00+00:00, run_after=2025-03-24T20:26:00+00:00
[2025-03-24T20:26:37.592+0000] {processor.py:179} INFO - Processing /home/vscode/.local/lib/python3.10/site-packages/airflow/example_dags/example_branch_python_dop_operator_3.py took 0.062 seconds
[2025-03-24T20:27:21.903+0000] {processor.py:157} INFO - Started process (PID=31572) to work on /home/vscode/.local/lib/python3.10/site-packages/airflow/example_dags/example_branch_python_dop_operator_3.py
[2025-03-24T20:27:21.904+0000] {processor.py:826} INFO - Processing file /home/vscode/.local/lib/python3.10/site-packages/airflow/example_dags/example_branch_python_dop_operator_3.py for tasks to queue
[2025-03-24T20:27:21.904+0000] {logging_mixin.py:150} INFO - [2025-03-24T20:27:21.904+0000] {dagbag.py:541} INFO - Filling up the DagBag from /home/vscode/.local/lib/python3.10/site-packages/airflow/example_dags/example_branch_python_dop_operator_3.py
[2025-03-24T20:27:21.911+0000] {processor.py:836} INFO - DAG(s) dict_keys(['example_branch_dop_operator_v3']) retrieved from /home/vscode/.local/lib/python3.10/site-packages/airflow/example_dags/example_branch_python_dop_operator_3.py
[2025-03-24T20:27:21.923+0000] {logging_mixin.py:150} INFO - [2025-03-24T20:27:21.923+0000] {dag.py:2742} INFO - Sync 1 DAGs
[2025-03-24T20:27:21.940+0000] {logging_mixin.py:150} INFO - [2025-03-24T20:27:21.940+0000] {dag.py:3504} INFO - Setting next_dagrun for example_branch_dop_operator_v3 to 2025-03-24T20:26:00+00:00, run_after=2025-03-24T20:27:00+00:00
[2025-03-24T20:27:21.955+0000] {processor.py:179} INFO - Processing /home/vscode/.local/lib/python3.10/site-packages/airflow/example_dags/example_branch_python_dop_operator_3.py took 0.054 seconds
[2025-03-24T20:28:07.031+0000] {processor.py:157} INFO - Started process (PID=31953) to work on /home/vscode/.local/lib/python3.10/site-packages/airflow/example_dags/example_branch_python_dop_operator_3.py
[2025-03-24T20:28:07.032+0000] {processor.py:826} INFO - Processing file /home/vscode/.local/lib/python3.10/site-packages/airflow/example_dags/example_branch_python_dop_operator_3.py for tasks to queue
[2025-03-24T20:28:07.032+0000] {logging_mixin.py:150} INFO - [2025-03-24T20:28:07.032+0000] {dagbag.py:541} INFO - Filling up the DagBag from /home/vscode/.local/lib/python3.10/site-packages/airflow/example_dags/example_branch_python_dop_operator_3.py
[2025-03-24T20:28:07.038+0000] {processor.py:836} INFO - DAG(s) dict_keys(['example_branch_dop_operator_v3']) retrieved from /home/vscode/.local/lib/python3.10/site-packages/airflow/example_dags/example_branch_python_dop_operator_3.py
[2025-03-24T20:28:07.050+0000] {logging_mixin.py:150} INFO - [2025-03-24T20:28:07.050+0000] {dag.py:2742} INFO - Sync 1 DAGs
[2025-03-24T20:28:07.069+0000] {logging_mixin.py:150} INFO - [2025-03-24T20:28:07.069+0000] {dag.py:3504} INFO - Setting next_dagrun for example_branch_dop_operator_v3 to 2025-03-24T20:27:00+00:00, run_after=2025-03-24T20:28:00+00:00
[2025-03-24T20:28:07.084+0000] {processor.py:179} INFO - Processing /home/vscode/.local/lib/python3.10/site-packages/airflow/example_dags/example_branch_python_dop_operator_3.py took 0.055 seconds
[2025-03-24T20:28:51.005+0000] {processor.py:157} INFO - Started process (PID=32273) to work on /home/vscode/.local/lib/python3.10/site-packages/airflow/example_dags/example_branch_python_dop_operator_3.py
[2025-03-24T20:28:51.005+0000] {processor.py:826} INFO - Processing file /home/vscode/.local/lib/python3.10/site-packages/airflow/example_dags/example_branch_python_dop_operator_3.py for tasks to queue
[2025-03-24T20:28:51.006+0000] {logging_mixin.py:150} INFO - [2025-03-24T20:28:51.006+0000] {dagbag.py:541} INFO - Filling up the DagBag from /home/vscode/.local/lib/python3.10/site-packages/airflow/example_dags/example_branch_python_dop_operator_3.py
[2025-03-24T20:28:51.012+0000] {processor.py:836} INFO - DAG(s) dict_keys(['example_branch_dop_operator_v3']) retrieved from /home/vscode/.local/lib/python3.10/site-packages/airflow/example_dags/example_branch_python_dop_operator_3.py
[2025-03-24T20:28:51.024+0000] {logging_mixin.py:150} INFO - [2025-03-24T20:28:51.023+0000] {dag.py:2742} INFO - Sync 1 DAGs
[2025-03-24T20:28:51.041+0000] {logging_mixin.py:150} INFO - [2025-03-24T20:28:51.040+0000] {dag.py:3504} INFO - Setting next_dagrun for example_branch_dop_operator_v3 to 2025-03-24T20:27:00+00:00, run_after=2025-03-24T20:28:00+00:00
[2025-03-24T20:28:51.055+0000] {processor.py:179} INFO - Processing /home/vscode/.local/lib/python3.10/site-packages/airflow/example_dags/example_branch_python_dop_operator_3.py took 0.052 seconds
[2025-03-24T20:29:37.180+0000] {processor.py:157} INFO - Started process (PID=32587) to work on /home/vscode/.local/lib/python3.10/site-packages/airflow/example_dags/example_branch_python_dop_operator_3.py
[2025-03-24T20:29:37.181+0000] {processor.py:826} INFO - Processing file /home/vscode/.local/lib/python3.10/site-packages/airflow/example_dags/example_branch_python_dop_operator_3.py for tasks to queue
[2025-03-24T20:29:37.181+0000] {logging_mixin.py:150} INFO - [2025-03-24T20:29:37.181+0000] {dagbag.py:541} INFO - Filling up the DagBag from /home/vscode/.local/lib/python3.10/site-packages/airflow/example_dags/example_branch_python_dop_operator_3.py
[2025-03-24T20:29:37.187+0000] {processor.py:836} INFO - DAG(s) dict_keys(['example_branch_dop_operator_v3']) retrieved from /home/vscode/.local/lib/python3.10/site-packages/airflow/example_dags/example_branch_python_dop_operator_3.py
[2025-03-24T20:29:37.199+0000] {logging_mixin.py:150} INFO - [2025-03-24T20:29:37.199+0000] {dag.py:2742} INFO - Sync 1 DAGs
[2025-03-24T20:29:37.215+0000] {logging_mixin.py:150} INFO - [2025-03-24T20:29:37.215+0000] {dag.py:3504} INFO - Setting next_dagrun for example_branch_dop_operator_v3 to 2025-03-24T20:28:00+00:00, run_after=2025-03-24T20:29:00+00:00
[2025-03-24T20:29:37.231+0000] {processor.py:179} INFO - Processing /home/vscode/.local/lib/python3.10/site-packages/airflow/example_dags/example_branch_python_dop_operator_3.py took 0.053 seconds
[2025-03-24T20:30:20.293+0000] {processor.py:157} INFO - Started process (PID=32888) to work on /home/vscode/.local/lib/python3.10/site-packages/airflow/example_dags/example_branch_python_dop_operator_3.py
[2025-03-24T20:30:20.294+0000] {processor.py:826} INFO - Processing file /home/vscode/.local/lib/python3.10/site-packages/airflow/example_dags/example_branch_python_dop_operator_3.py for tasks to queue
[2025-03-24T20:30:20.294+0000] {logging_mixin.py:150} INFO - [2025-03-24T20:30:20.294+0000] {dagbag.py:541} INFO - Filling up the DagBag from /home/vscode/.local/lib/python3.10/site-packages/airflow/example_dags/example_branch_python_dop_operator_3.py
[2025-03-24T20:30:20.300+0000] {processor.py:836} INFO - DAG(s) dict_keys(['example_branch_dop_operator_v3']) retrieved from /home/vscode/.local/lib/python3.10/site-packages/airflow/example_dags/example_branch_python_dop_operator_3.py
[2025-03-24T20:30:20.311+0000] {logging_mixin.py:150} INFO - [2025-03-24T20:30:20.311+0000] {dag.py:2742} INFO - Sync 1 DAGs
[2025-03-24T20:30:20.330+0000] {logging_mixin.py:150} INFO - [2025-03-24T20:30:20.329+0000] {dag.py:3504} INFO - Setting next_dagrun for example_branch_dop_operator_v3 to 2025-03-24T20:29:00+00:00, run_after=2025-03-24T20:30:00+00:00
[2025-03-24T20:30:20.345+0000] {processor.py:179} INFO - Processing /home/vscode/.local/lib/python3.10/site-packages/airflow/example_dags/example_branch_python_dop_operator_3.py took 0.054 seconds
[2025-03-24T20:31:18.666+0000] {processor.py:157} INFO - Started process (PID=33281) to work on /home/vscode/.local/lib/python3.10/site-packages/airflow/example_dags/example_branch_python_dop_operator_3.py
[2025-03-24T20:31:18.667+0000] {processor.py:826} INFO - Processing file /home/vscode/.local/lib/python3.10/site-packages/airflow/example_dags/example_branch_python_dop_operator_3.py for tasks to queue
[2025-03-24T20:31:18.667+0000] {logging_mixin.py:150} INFO - [2025-03-24T20:31:18.667+0000] {dagbag.py:541} INFO - Filling up the DagBag from /home/vscode/.local/lib/python3.10/site-packages/airflow/example_dags/example_branch_python_dop_operator_3.py
[2025-03-24T20:31:18.673+0000] {processor.py:836} INFO - DAG(s) dict_keys(['example_branch_dop_operator_v3']) retrieved from /home/vscode/.local/lib/python3.10/site-packages/airflow/example_dags/example_branch_python_dop_operator_3.py
[2025-03-24T20:31:18.686+0000] {logging_mixin.py:150} INFO - [2025-03-24T20:31:18.685+0000] {dag.py:2742} INFO - Sync 1 DAGs
[2025-03-24T20:31:18.702+0000] {logging_mixin.py:150} INFO - [2025-03-24T20:31:18.702+0000] {dag.py:3504} INFO - Setting next_dagrun for example_branch_dop_operator_v3 to 2025-03-24T20:30:00+00:00, run_after=2025-03-24T20:31:00+00:00
[2025-03-24T20:31:18.718+0000] {processor.py:179} INFO - Processing /home/vscode/.local/lib/python3.10/site-packages/airflow/example_dags/example_branch_python_dop_operator_3.py took 0.055 seconds
[2025-03-24T20:32:14.766+0000] {processor.py:157} INFO - Started process (PID=33658) to work on /home/vscode/.local/lib/python3.10/site-packages/airflow/example_dags/example_branch_python_dop_operator_3.py
[2025-03-24T20:32:14.766+0000] {processor.py:826} INFO - Processing file /home/vscode/.local/lib/python3.10/site-packages/airflow/example_dags/example_branch_python_dop_operator_3.py for tasks to queue
[2025-03-24T20:32:14.767+0000] {logging_mixin.py:150} INFO - [2025-03-24T20:32:14.767+0000] {dagbag.py:541} INFO - Filling up the DagBag from /home/vscode/.local/lib/python3.10/site-packages/airflow/example_dags/example_branch_python_dop_operator_3.py
[2025-03-24T20:32:14.773+0000] {processor.py:836} INFO - DAG(s) dict_keys(['example_branch_dop_operator_v3']) retrieved from /home/vscode/.local/lib/python3.10/site-packages/airflow/example_dags/example_branch_python_dop_operator_3.py
[2025-03-24T20:32:14.784+0000] {logging_mixin.py:150} INFO - [2025-03-24T20:32:14.784+0000] {dag.py:2742} INFO - Sync 1 DAGs
[2025-03-24T20:32:14.801+0000] {logging_mixin.py:150} INFO - [2025-03-24T20:32:14.801+0000] {dag.py:3504} INFO - Setting next_dagrun for example_branch_dop_operator_v3 to 2025-03-24T20:31:00+00:00, run_after=2025-03-24T20:32:00+00:00
[2025-03-24T20:32:14.817+0000] {processor.py:179} INFO - Processing /home/vscode/.local/lib/python3.10/site-packages/airflow/example_dags/example_branch_python_dop_operator_3.py took 0.053 seconds
[2025-03-24T20:32:58.659+0000] {processor.py:157} INFO - Started process (PID=33961) to work on /home/vscode/.local/lib/python3.10/site-packages/airflow/example_dags/example_branch_python_dop_operator_3.py
[2025-03-24T20:32:58.660+0000] {processor.py:826} INFO - Processing file /home/vscode/.local/lib/python3.10/site-packages/airflow/example_dags/example_branch_python_dop_operator_3.py for tasks to queue
[2025-03-24T20:32:58.660+0000] {logging_mixin.py:150} INFO - [2025-03-24T20:32:58.660+0000] {dagbag.py:541} INFO - Filling up the DagBag from /home/vscode/.local/lib/python3.10/site-packages/airflow/example_dags/example_branch_python_dop_operator_3.py
[2025-03-24T20:32:58.666+0000] {processor.py:836} INFO - DAG(s) dict_keys(['example_branch_dop_operator_v3']) retrieved from /home/vscode/.local/lib/python3.10/site-packages/airflow/example_dags/example_branch_python_dop_operator_3.py
[2025-03-24T20:32:58.678+0000] {logging_mixin.py:150} INFO - [2025-03-24T20:32:58.678+0000] {dag.py:2742} INFO - Sync 1 DAGs
[2025-03-24T20:32:58.695+0000] {logging_mixin.py:150} INFO - [2025-03-24T20:32:58.695+0000] {dag.py:3504} INFO - Setting next_dagrun for example_branch_dop_operator_v3 to 2025-03-24T20:31:00+00:00, run_after=2025-03-24T20:32:00+00:00
[2025-03-24T20:32:58.710+0000] {processor.py:179} INFO - Processing /home/vscode/.local/lib/python3.10/site-packages/airflow/example_dags/example_branch_python_dop_operator_3.py took 0.054 seconds
[2025-03-24T20:33:47.223+0000] {processor.py:157} INFO - Started process (PID=34381) to work on /home/vscode/.local/lib/python3.10/site-packages/airflow/example_dags/example_branch_python_dop_operator_3.py
[2025-03-24T20:33:47.223+0000] {processor.py:826} INFO - Processing file /home/vscode/.local/lib/python3.10/site-packages/airflow/example_dags/example_branch_python_dop_operator_3.py for tasks to queue
[2025-03-24T20:33:47.224+0000] {logging_mixin.py:150} INFO - [2025-03-24T20:33:47.224+0000] {dagbag.py:541} INFO - Filling up the DagBag from /home/vscode/.local/lib/python3.10/site-packages/airflow/example_dags/example_branch_python_dop_operator_3.py
[2025-03-24T20:33:47.230+0000] {processor.py:836} INFO - DAG(s) dict_keys(['example_branch_dop_operator_v3']) retrieved from /home/vscode/.local/lib/python3.10/site-packages/airflow/example_dags/example_branch_python_dop_operator_3.py
[2025-03-24T20:33:47.242+0000] {logging_mixin.py:150} INFO - [2025-03-24T20:33:47.242+0000] {dag.py:2742} INFO - Sync 1 DAGs
[2025-03-24T20:33:47.259+0000] {logging_mixin.py:150} INFO - [2025-03-24T20:33:47.259+0000] {dag.py:3504} INFO - Setting next_dagrun for example_branch_dop_operator_v3 to 2025-03-24T20:32:00+00:00, run_after=2025-03-24T20:33:00+00:00
[2025-03-24T20:33:47.274+0000] {processor.py:179} INFO - Processing /home/vscode/.local/lib/python3.10/site-packages/airflow/example_dags/example_branch_python_dop_operator_3.py took 0.054 seconds
[2025-03-24T20:34:35.027+0000] {processor.py:157} INFO - Started process (PID=34693) to work on /home/vscode/.local/lib/python3.10/site-packages/airflow/example_dags/example_branch_python_dop_operator_3.py
[2025-03-24T20:34:35.028+0000] {processor.py:826} INFO - Processing file /home/vscode/.local/lib/python3.10/site-packages/airflow/example_dags/example_branch_python_dop_operator_3.py for tasks to queue
[2025-03-24T20:34:35.028+0000] {logging_mixin.py:150} INFO - [2025-03-24T20:34:35.028+0000] {dagbag.py:541} INFO - Filling up the DagBag from /home/vscode/.local/lib/python3.10/site-packages/airflow/example_dags/example_branch_python_dop_operator_3.py
[2025-03-24T20:34:35.034+0000] {processor.py:836} INFO - DAG(s) dict_keys(['example_branch_dop_operator_v3']) retrieved from /home/vscode/.local/lib/python3.10/site-packages/airflow/example_dags/example_branch_python_dop_operator_3.py
[2025-03-24T20:34:35.048+0000] {logging_mixin.py:150} INFO - [2025-03-24T20:34:35.047+0000] {dag.py:2742} INFO - Sync 1 DAGs
[2025-03-24T20:34:35.065+0000] {logging_mixin.py:150} INFO - [2025-03-24T20:34:35.065+0000] {dag.py:3504} INFO - Setting next_dagrun for example_branch_dop_operator_v3 to 2025-03-24T20:33:00+00:00, run_after=2025-03-24T20:34:00+00:00
[2025-03-24T20:34:35.083+0000] {processor.py:179} INFO - Processing /home/vscode/.local/lib/python3.10/site-packages/airflow/example_dags/example_branch_python_dop_operator_3.py took 0.058 seconds
[2025-03-24T20:35:18.353+0000] {processor.py:157} INFO - Started process (PID=34985) to work on /home/vscode/.local/lib/python3.10/site-packages/airflow/example_dags/example_branch_python_dop_operator_3.py
[2025-03-24T20:35:18.353+0000] {processor.py:826} INFO - Processing file /home/vscode/.local/lib/python3.10/site-packages/airflow/example_dags/example_branch_python_dop_operator_3.py for tasks to queue
[2025-03-24T20:35:18.354+0000] {logging_mixin.py:150} INFO - [2025-03-24T20:35:18.354+0000] {dagbag.py:541} INFO - Filling up the DagBag from /home/vscode/.local/lib/python3.10/site-packages/airflow/example_dags/example_branch_python_dop_operator_3.py
[2025-03-24T20:35:18.360+0000] {processor.py:836} INFO - DAG(s) dict_keys(['example_branch_dop_operator_v3']) retrieved from /home/vscode/.local/lib/python3.10/site-packages/airflow/example_dags/example_branch_python_dop_operator_3.py
[2025-03-24T20:35:18.372+0000] {logging_mixin.py:150} INFO - [2025-03-24T20:35:18.372+0000] {dag.py:2742} INFO - Sync 1 DAGs
[2025-03-24T20:35:18.389+0000] {logging_mixin.py:150} INFO - [2025-03-24T20:35:18.389+0000] {dag.py:3504} INFO - Setting next_dagrun for example_branch_dop_operator_v3 to 2025-03-24T20:34:00+00:00, run_after=2025-03-24T20:35:00+00:00
[2025-03-24T20:35:18.404+0000] {processor.py:179} INFO - Processing /home/vscode/.local/lib/python3.10/site-packages/airflow/example_dags/example_branch_python_dop_operator_3.py took 0.053 seconds
[2025-03-24T20:36:02.676+0000] {processor.py:157} INFO - Started process (PID=35284) to work on /home/vscode/.local/lib/python3.10/site-packages/airflow/example_dags/example_branch_python_dop_operator_3.py
[2025-03-24T20:36:02.677+0000] {processor.py:826} INFO - Processing file /home/vscode/.local/lib/python3.10/site-packages/airflow/example_dags/example_branch_python_dop_operator_3.py for tasks to queue
[2025-03-24T20:36:02.677+0000] {logging_mixin.py:150} INFO - [2025-03-24T20:36:02.677+0000] {dagbag.py:541} INFO - Filling up the DagBag from /home/vscode/.local/lib/python3.10/site-packages/airflow/example_dags/example_branch_python_dop_operator_3.py
[2025-03-24T20:36:02.683+0000] {processor.py:836} INFO - DAG(s) dict_keys(['example_branch_dop_operator_v3']) retrieved from /home/vscode/.local/lib/python3.10/site-packages/airflow/example_dags/example_branch_python_dop_operator_3.py
[2025-03-24T20:36:02.695+0000] {logging_mixin.py:150} INFO - [2025-03-24T20:36:02.695+0000] {dag.py:2742} INFO - Sync 1 DAGs
[2025-03-24T20:36:02.712+0000] {logging_mixin.py:150} INFO - [2025-03-24T20:36:02.712+0000] {dag.py:3504} INFO - Setting next_dagrun for example_branch_dop_operator_v3 to 2025-03-24T20:35:00+00:00, run_after=2025-03-24T20:36:00+00:00
[2025-03-24T20:36:02.727+0000] {processor.py:179} INFO - Processing /home/vscode/.local/lib/python3.10/site-packages/airflow/example_dags/example_branch_python_dop_operator_3.py took 0.053 seconds
[2025-03-24T20:36:48.958+0000] {processor.py:157} INFO - Started process (PID=35627) to work on /home/vscode/.local/lib/python3.10/site-packages/airflow/example_dags/example_branch_python_dop_operator_3.py
[2025-03-24T20:36:48.959+0000] {processor.py:826} INFO - Processing file /home/vscode/.local/lib/python3.10/site-packages/airflow/example_dags/example_branch_python_dop_operator_3.py for tasks to queue
[2025-03-24T20:36:48.959+0000] {logging_mixin.py:150} INFO - [2025-03-24T20:36:48.959+0000] {dagbag.py:541} INFO - Filling up the DagBag from /home/vscode/.local/lib/python3.10/site-packages/airflow/example_dags/example_branch_python_dop_operator_3.py
[2025-03-24T20:36:48.965+0000] {processor.py:836} INFO - DAG(s) dict_keys(['example_branch_dop_operator_v3']) retrieved from /home/vscode/.local/lib/python3.10/site-packages/airflow/example_dags/example_branch_python_dop_operator_3.py
[2025-03-24T20:36:48.977+0000] {logging_mixin.py:150} INFO - [2025-03-24T20:36:48.977+0000] {dag.py:2742} INFO - Sync 1 DAGs
[2025-03-24T20:36:48.994+0000] {logging_mixin.py:150} INFO - [2025-03-24T20:36:48.993+0000] {dag.py:3504} INFO - Setting next_dagrun for example_branch_dop_operator_v3 to 2025-03-24T20:35:00+00:00, run_after=2025-03-24T20:36:00+00:00
[2025-03-24T20:36:49.009+0000] {processor.py:179} INFO - Processing /home/vscode/.local/lib/python3.10/site-packages/airflow/example_dags/example_branch_python_dop_operator_3.py took 0.053 seconds
[2025-03-24T20:37:34.366+0000] {processor.py:157} INFO - Started process (PID=35948) to work on /home/vscode/.local/lib/python3.10/site-packages/airflow/example_dags/example_branch_python_dop_operator_3.py
[2025-03-24T20:37:34.367+0000] {processor.py:826} INFO - Processing file /home/vscode/.local/lib/python3.10/site-packages/airflow/example_dags/example_branch_python_dop_operator_3.py for tasks to queue
[2025-03-24T20:37:34.367+0000] {logging_mixin.py:150} INFO - [2025-03-24T20:37:34.367+0000] {dagbag.py:541} INFO - Filling up the DagBag from /home/vscode/.local/lib/python3.10/site-packages/airflow/example_dags/example_branch_python_dop_operator_3.py
[2025-03-24T20:37:34.373+0000] {processor.py:836} INFO - DAG(s) dict_keys(['example_branch_dop_operator_v3']) retrieved from /home/vscode/.local/lib/python3.10/site-packages/airflow/example_dags/example_branch_python_dop_operator_3.py
[2025-03-24T20:37:34.385+0000] {logging_mixin.py:150} INFO - [2025-03-24T20:37:34.385+0000] {dag.py:2742} INFO - Sync 1 DAGs
[2025-03-24T20:37:34.402+0000] {logging_mixin.py:150} INFO - [2025-03-24T20:37:34.402+0000] {dag.py:3504} INFO - Setting next_dagrun for example_branch_dop_operator_v3 to 2025-03-24T20:36:00+00:00, run_after=2025-03-24T20:37:00+00:00
[2025-03-24T20:37:34.417+0000] {processor.py:179} INFO - Processing /home/vscode/.local/lib/python3.10/site-packages/airflow/example_dags/example_branch_python_dop_operator_3.py took 0.053 seconds
