[2025-03-24T20:13:04.471+0000] {processor.py:157} INFO - Started process (PID=25318) to work on /home/vscode/.local/lib/python3.10/site-packages/airflow/example_dags/example_branch_labels.py
[2025-03-24T20:13:04.472+0000] {processor.py:826} INFO - Processing file /home/vscode/.local/lib/python3.10/site-packages/airflow/example_dags/example_branch_labels.py for tasks to queue
[2025-03-24T20:13:04.472+0000] {logging_mixin.py:150} INFO - [2025-03-24T20:13:04.472+0000] {dagbag.py:541} INFO - Filling up the DagBag from /home/vscode/.local/lib/python3.10/site-packages/airflow/example_dags/example_branch_labels.py
[2025-03-24T20:13:04.481+0000] {processor.py:836} INFO - DAG(s) dict_keys(['example_branch_labels']) retrieved from /home/vscode/.local/lib/python3.10/site-packages/airflow/example_dags/example_branch_labels.py
[2025-03-24T20:13:04.571+0000] {logging_mixin.py:150} INFO - [2025-03-24T20:13:04.570+0000] {manager.py:504} INFO - Created Permission View: can delete on DAG:example_branch_labels
[2025-03-24T20:13:04.578+0000] {logging_mixin.py:150} INFO - [2025-03-24T20:13:04.578+0000] {manager.py:504} INFO - Created Permission View: can edit on DAG:example_branch_labels
[2025-03-24T20:13:04.584+0000] {logging_mixin.py:150} INFO - [2025-03-24T20:13:04.584+0000] {manager.py:504} INFO - Created Permission View: can read on DAG:example_branch_labels
[2025-03-24T20:13:04.592+0000] {logging_mixin.py:150} INFO - [2025-03-24T20:13:04.592+0000] {dag.py:2742} INFO - Sync 1 DAGs
[2025-03-24T20:13:04.599+0000] {logging_mixin.py:150} INFO - [2025-03-24T20:13:04.599+0000] {dag.py:2763} INFO - Creating ORM DAG for example_branch_labels
[2025-03-24T20:13:04.606+0000] {logging_mixin.py:150} INFO - [2025-03-24T20:13:04.606+0000] {dag.py:3504} INFO - Setting next_dagrun for example_branch_labels to 2025-03-23T00:00:00+00:00, run_after=2025-03-24T00:00:00+00:00
[2025-03-24T20:13:04.621+0000] {processor.py:179} INFO - Processing /home/vscode/.local/lib/python3.10/site-packages/airflow/example_dags/example_branch_labels.py took 0.153 seconds
[2025-03-24T20:13:52.192+0000] {processor.py:157} INFO - Started process (PID=25636) to work on /home/vscode/.local/lib/python3.10/site-packages/airflow/example_dags/example_branch_labels.py
[2025-03-24T20:13:52.192+0000] {processor.py:826} INFO - Processing file /home/vscode/.local/lib/python3.10/site-packages/airflow/example_dags/example_branch_labels.py for tasks to queue
[2025-03-24T20:13:52.193+0000] {logging_mixin.py:150} INFO - [2025-03-24T20:13:52.193+0000] {dagbag.py:541} INFO - Filling up the DagBag from /home/vscode/.local/lib/python3.10/site-packages/airflow/example_dags/example_branch_labels.py
[2025-03-24T20:13:52.198+0000] {processor.py:836} INFO - DAG(s) dict_keys(['example_branch_labels']) retrieved from /home/vscode/.local/lib/python3.10/site-packages/airflow/example_dags/example_branch_labels.py
[2025-03-24T20:13:52.210+0000] {logging_mixin.py:150} INFO - [2025-03-24T20:13:52.210+0000] {dag.py:2742} INFO - Sync 1 DAGs
[2025-03-24T20:13:52.225+0000] {logging_mixin.py:150} INFO - [2025-03-24T20:13:52.225+0000] {dag.py:3504} INFO - Setting next_dagrun for example_branch_labels to 2025-03-23T00:00:00+00:00, run_after=2025-03-24T00:00:00+00:00
[2025-03-24T20:13:52.239+0000] {processor.py:179} INFO - Processing /home/vscode/.local/lib/python3.10/site-packages/airflow/example_dags/example_branch_labels.py took 0.049 seconds
[2025-03-24T20:14:34.462+0000] {processor.py:157} INFO - Started process (PID=25922) to work on /home/vscode/.local/lib/python3.10/site-packages/airflow/example_dags/example_branch_labels.py
[2025-03-24T20:14:34.463+0000] {processor.py:826} INFO - Processing file /home/vscode/.local/lib/python3.10/site-packages/airflow/example_dags/example_branch_labels.py for tasks to queue
[2025-03-24T20:14:34.463+0000] {logging_mixin.py:150} INFO - [2025-03-24T20:14:34.463+0000] {dagbag.py:541} INFO - Filling up the DagBag from /home/vscode/.local/lib/python3.10/site-packages/airflow/example_dags/example_branch_labels.py
[2025-03-24T20:14:34.469+0000] {processor.py:836} INFO - DAG(s) dict_keys(['example_branch_labels']) retrieved from /home/vscode/.local/lib/python3.10/site-packages/airflow/example_dags/example_branch_labels.py
[2025-03-24T20:14:34.481+0000] {logging_mixin.py:150} INFO - [2025-03-24T20:14:34.481+0000] {dag.py:2742} INFO - Sync 1 DAGs
[2025-03-24T20:14:34.496+0000] {logging_mixin.py:150} INFO - [2025-03-24T20:14:34.496+0000] {dag.py:3504} INFO - Setting next_dagrun for example_branch_labels to 2025-03-23T00:00:00+00:00, run_after=2025-03-24T00:00:00+00:00
[2025-03-24T20:14:34.511+0000] {processor.py:179} INFO - Processing /home/vscode/.local/lib/python3.10/site-packages/airflow/example_dags/example_branch_labels.py took 0.051 seconds
[2025-03-24T20:15:29.824+0000] {processor.py:157} INFO - Started process (PID=26309) to work on /home/vscode/.local/lib/python3.10/site-packages/airflow/example_dags/example_branch_labels.py
[2025-03-24T20:15:29.825+0000] {processor.py:826} INFO - Processing file /home/vscode/.local/lib/python3.10/site-packages/airflow/example_dags/example_branch_labels.py for tasks to queue
[2025-03-24T20:15:29.825+0000] {logging_mixin.py:150} INFO - [2025-03-24T20:15:29.825+0000] {dagbag.py:541} INFO - Filling up the DagBag from /home/vscode/.local/lib/python3.10/site-packages/airflow/example_dags/example_branch_labels.py
[2025-03-24T20:15:29.831+0000] {processor.py:836} INFO - DAG(s) dict_keys(['example_branch_labels']) retrieved from /home/vscode/.local/lib/python3.10/site-packages/airflow/example_dags/example_branch_labels.py
[2025-03-24T20:15:29.843+0000] {logging_mixin.py:150} INFO - [2025-03-24T20:15:29.843+0000] {dag.py:2742} INFO - Sync 1 DAGs
[2025-03-24T20:15:29.858+0000] {logging_mixin.py:150} INFO - [2025-03-24T20:15:29.858+0000] {dag.py:3504} INFO - Setting next_dagrun for example_branch_labels to 2025-03-23T00:00:00+00:00, run_after=2025-03-24T00:00:00+00:00
[2025-03-24T20:15:29.873+0000] {processor.py:179} INFO - Processing /home/vscode/.local/lib/python3.10/site-packages/airflow/example_dags/example_branch_labels.py took 0.051 seconds
[2025-03-24T20:16:19.456+0000] {processor.py:157} INFO - Started process (PID=26636) to work on /home/vscode/.local/lib/python3.10/site-packages/airflow/example_dags/example_branch_labels.py
[2025-03-24T20:16:19.456+0000] {processor.py:826} INFO - Processing file /home/vscode/.local/lib/python3.10/site-packages/airflow/example_dags/example_branch_labels.py for tasks to queue
[2025-03-24T20:16:19.457+0000] {logging_mixin.py:150} INFO - [2025-03-24T20:16:19.457+0000] {dagbag.py:541} INFO - Filling up the DagBag from /home/vscode/.local/lib/python3.10/site-packages/airflow/example_dags/example_branch_labels.py
[2025-03-24T20:16:19.463+0000] {processor.py:836} INFO - DAG(s) dict_keys(['example_branch_labels']) retrieved from /home/vscode/.local/lib/python3.10/site-packages/airflow/example_dags/example_branch_labels.py
[2025-03-24T20:16:19.475+0000] {logging_mixin.py:150} INFO - [2025-03-24T20:16:19.475+0000] {dag.py:2742} INFO - Sync 1 DAGs
[2025-03-24T20:16:19.494+0000] {logging_mixin.py:150} INFO - [2025-03-24T20:16:19.494+0000] {dag.py:3504} INFO - Setting next_dagrun for example_branch_labels to 2025-03-23T00:00:00+00:00, run_after=2025-03-24T00:00:00+00:00
[2025-03-24T20:16:19.511+0000] {processor.py:179} INFO - Processing /home/vscode/.local/lib/python3.10/site-packages/airflow/example_dags/example_branch_labels.py took 0.057 seconds
[2025-03-24T20:17:06.195+0000] {processor.py:157} INFO - Started process (PID=26945) to work on /home/vscode/.local/lib/python3.10/site-packages/airflow/example_dags/example_branch_labels.py
[2025-03-24T20:17:06.195+0000] {processor.py:826} INFO - Processing file /home/vscode/.local/lib/python3.10/site-packages/airflow/example_dags/example_branch_labels.py for tasks to queue
[2025-03-24T20:17:06.196+0000] {logging_mixin.py:150} INFO - [2025-03-24T20:17:06.196+0000] {dagbag.py:541} INFO - Filling up the DagBag from /home/vscode/.local/lib/python3.10/site-packages/airflow/example_dags/example_branch_labels.py
[2025-03-24T20:17:06.201+0000] {processor.py:836} INFO - DAG(s) dict_keys(['example_branch_labels']) retrieved from /home/vscode/.local/lib/python3.10/site-packages/airflow/example_dags/example_branch_labels.py
[2025-03-24T20:17:06.215+0000] {logging_mixin.py:150} INFO - [2025-03-24T20:17:06.214+0000] {dag.py:2742} INFO - Sync 1 DAGs
[2025-03-24T20:17:06.229+0000] {logging_mixin.py:150} INFO - [2025-03-24T20:17:06.229+0000] {dag.py:3504} INFO - Setting next_dagrun for example_branch_labels to 2025-03-23T00:00:00+00:00, run_after=2025-03-24T00:00:00+00:00
[2025-03-24T20:17:06.245+0000] {processor.py:179} INFO - Processing /home/vscode/.local/lib/python3.10/site-packages/airflow/example_dags/example_branch_labels.py took 0.052 seconds
[2025-03-24T20:17:51.856+0000] {processor.py:157} INFO - Started process (PID=27246) to work on /home/vscode/.local/lib/python3.10/site-packages/airflow/example_dags/example_branch_labels.py
[2025-03-24T20:17:51.856+0000] {processor.py:826} INFO - Processing file /home/vscode/.local/lib/python3.10/site-packages/airflow/example_dags/example_branch_labels.py for tasks to queue
[2025-03-24T20:17:51.857+0000] {logging_mixin.py:150} INFO - [2025-03-24T20:17:51.857+0000] {dagbag.py:541} INFO - Filling up the DagBag from /home/vscode/.local/lib/python3.10/site-packages/airflow/example_dags/example_branch_labels.py
[2025-03-24T20:17:51.862+0000] {processor.py:836} INFO - DAG(s) dict_keys(['example_branch_labels']) retrieved from /home/vscode/.local/lib/python3.10/site-packages/airflow/example_dags/example_branch_labels.py
[2025-03-24T20:17:51.875+0000] {logging_mixin.py:150} INFO - [2025-03-24T20:17:51.875+0000] {dag.py:2742} INFO - Sync 1 DAGs
[2025-03-24T20:17:51.889+0000] {logging_mixin.py:150} INFO - [2025-03-24T20:17:51.889+0000] {dag.py:3504} INFO - Setting next_dagrun for example_branch_labels to 2025-03-23T00:00:00+00:00, run_after=2025-03-24T00:00:00+00:00
[2025-03-24T20:17:51.904+0000] {processor.py:179} INFO - Processing /home/vscode/.local/lib/python3.10/site-packages/airflow/example_dags/example_branch_labels.py took 0.051 seconds
[2025-03-24T20:18:34.668+0000] {processor.py:157} INFO - Started process (PID=27533) to work on /home/vscode/.local/lib/python3.10/site-packages/airflow/example_dags/example_branch_labels.py
[2025-03-24T20:18:34.669+0000] {processor.py:826} INFO - Processing file /home/vscode/.local/lib/python3.10/site-packages/airflow/example_dags/example_branch_labels.py for tasks to queue
[2025-03-24T20:18:34.670+0000] {logging_mixin.py:150} INFO - [2025-03-24T20:18:34.669+0000] {dagbag.py:541} INFO - Filling up the DagBag from /home/vscode/.local/lib/python3.10/site-packages/airflow/example_dags/example_branch_labels.py
[2025-03-24T20:18:34.675+0000] {processor.py:836} INFO - DAG(s) dict_keys(['example_branch_labels']) retrieved from /home/vscode/.local/lib/python3.10/site-packages/airflow/example_dags/example_branch_labels.py
[2025-03-24T20:18:34.687+0000] {logging_mixin.py:150} INFO - [2025-03-24T20:18:34.687+0000] {dag.py:2742} INFO - Sync 1 DAGs
[2025-03-24T20:18:34.701+0000] {logging_mixin.py:150} INFO - [2025-03-24T20:18:34.701+0000] {dag.py:3504} INFO - Setting next_dagrun for example_branch_labels to 2025-03-23T00:00:00+00:00, run_after=2025-03-24T00:00:00+00:00
[2025-03-24T20:18:34.715+0000] {processor.py:179} INFO - Processing /home/vscode/.local/lib/python3.10/site-packages/airflow/example_dags/example_branch_labels.py took 0.049 seconds
[2025-03-24T20:19:18.999+0000] {processor.py:157} INFO - Started process (PID=27826) to work on /home/vscode/.local/lib/python3.10/site-packages/airflow/example_dags/example_branch_labels.py
[2025-03-24T20:19:18.999+0000] {processor.py:826} INFO - Processing file /home/vscode/.local/lib/python3.10/site-packages/airflow/example_dags/example_branch_labels.py for tasks to queue
[2025-03-24T20:19:19.000+0000] {logging_mixin.py:150} INFO - [2025-03-24T20:19:18.999+0000] {dagbag.py:541} INFO - Filling up the DagBag from /home/vscode/.local/lib/python3.10/site-packages/airflow/example_dags/example_branch_labels.py
[2025-03-24T20:19:19.005+0000] {processor.py:836} INFO - DAG(s) dict_keys(['example_branch_labels']) retrieved from /home/vscode/.local/lib/python3.10/site-packages/airflow/example_dags/example_branch_labels.py
[2025-03-24T20:19:19.017+0000] {logging_mixin.py:150} INFO - [2025-03-24T20:19:19.017+0000] {dag.py:2742} INFO - Sync 1 DAGs
[2025-03-24T20:19:19.032+0000] {logging_mixin.py:150} INFO - [2025-03-24T20:19:19.032+0000] {dag.py:3504} INFO - Setting next_dagrun for example_branch_labels to 2025-03-23T00:00:00+00:00, run_after=2025-03-24T00:00:00+00:00
[2025-03-24T20:19:19.046+0000] {processor.py:179} INFO - Processing /home/vscode/.local/lib/python3.10/site-packages/airflow/example_dags/example_branch_labels.py took 0.050 seconds
[2025-03-24T20:20:04.132+0000] {processor.py:157} INFO - Started process (PID=28162) to work on /home/vscode/.local/lib/python3.10/site-packages/airflow/example_dags/example_branch_labels.py
[2025-03-24T20:20:04.133+0000] {processor.py:826} INFO - Processing file /home/vscode/.local/lib/python3.10/site-packages/airflow/example_dags/example_branch_labels.py for tasks to queue
[2025-03-24T20:20:04.133+0000] {logging_mixin.py:150} INFO - [2025-03-24T20:20:04.133+0000] {dagbag.py:541} INFO - Filling up the DagBag from /home/vscode/.local/lib/python3.10/site-packages/airflow/example_dags/example_branch_labels.py
[2025-03-24T20:20:04.139+0000] {processor.py:836} INFO - DAG(s) dict_keys(['example_branch_labels']) retrieved from /home/vscode/.local/lib/python3.10/site-packages/airflow/example_dags/example_branch_labels.py
[2025-03-24T20:20:04.151+0000] {logging_mixin.py:150} INFO - [2025-03-24T20:20:04.151+0000] {dag.py:2742} INFO - Sync 1 DAGs
[2025-03-24T20:20:04.166+0000] {logging_mixin.py:150} INFO - [2025-03-24T20:20:04.166+0000] {dag.py:3504} INFO - Setting next_dagrun for example_branch_labels to 2025-03-23T00:00:00+00:00, run_after=2025-03-24T00:00:00+00:00
[2025-03-24T20:20:04.181+0000] {processor.py:179} INFO - Processing /home/vscode/.local/lib/python3.10/site-packages/airflow/example_dags/example_branch_labels.py took 0.051 seconds
[2025-03-24T20:20:53.203+0000] {processor.py:157} INFO - Started process (PID=28526) to work on /home/vscode/.local/lib/python3.10/site-packages/airflow/example_dags/example_branch_labels.py
[2025-03-24T20:20:53.204+0000] {processor.py:826} INFO - Processing file /home/vscode/.local/lib/python3.10/site-packages/airflow/example_dags/example_branch_labels.py for tasks to queue
[2025-03-24T20:20:53.207+0000] {logging_mixin.py:150} INFO - [2025-03-24T20:20:53.206+0000] {dagbag.py:541} INFO - Filling up the DagBag from /home/vscode/.local/lib/python3.10/site-packages/airflow/example_dags/example_branch_labels.py
[2025-03-24T20:20:53.215+0000] {processor.py:836} INFO - DAG(s) dict_keys(['example_branch_labels']) retrieved from /home/vscode/.local/lib/python3.10/site-packages/airflow/example_dags/example_branch_labels.py
[2025-03-24T20:20:53.234+0000] {logging_mixin.py:150} INFO - [2025-03-24T20:20:53.234+0000] {dag.py:2742} INFO - Sync 1 DAGs
[2025-03-24T20:20:53.256+0000] {logging_mixin.py:150} INFO - [2025-03-24T20:20:53.256+0000] {dag.py:3504} INFO - Setting next_dagrun for example_branch_labels to 2025-03-23T00:00:00+00:00, run_after=2025-03-24T00:00:00+00:00
[2025-03-24T20:20:53.272+0000] {processor.py:179} INFO - Processing /home/vscode/.local/lib/python3.10/site-packages/airflow/example_dags/example_branch_labels.py took 0.072 seconds
[2025-03-24T20:21:40.053+0000] {processor.py:157} INFO - Started process (PID=28891) to work on /home/vscode/.local/lib/python3.10/site-packages/airflow/example_dags/example_branch_labels.py
[2025-03-24T20:21:40.054+0000] {processor.py:826} INFO - Processing file /home/vscode/.local/lib/python3.10/site-packages/airflow/example_dags/example_branch_labels.py for tasks to queue
[2025-03-24T20:21:40.055+0000] {logging_mixin.py:150} INFO - [2025-03-24T20:21:40.054+0000] {dagbag.py:541} INFO - Filling up the DagBag from /home/vscode/.local/lib/python3.10/site-packages/airflow/example_dags/example_branch_labels.py
[2025-03-24T20:21:40.060+0000] {processor.py:836} INFO - DAG(s) dict_keys(['example_branch_labels']) retrieved from /home/vscode/.local/lib/python3.10/site-packages/airflow/example_dags/example_branch_labels.py
[2025-03-24T20:21:40.076+0000] {logging_mixin.py:150} INFO - [2025-03-24T20:21:40.076+0000] {dag.py:2742} INFO - Sync 1 DAGs
[2025-03-24T20:21:40.100+0000] {logging_mixin.py:150} INFO - [2025-03-24T20:21:40.100+0000] {dag.py:3504} INFO - Setting next_dagrun for example_branch_labels to 2025-03-23T00:00:00+00:00, run_after=2025-03-24T00:00:00+00:00
[2025-03-24T20:21:40.120+0000] {processor.py:179} INFO - Processing /home/vscode/.local/lib/python3.10/site-packages/airflow/example_dags/example_branch_labels.py took 0.068 seconds
[2025-03-24T20:22:25.440+0000] {processor.py:157} INFO - Started process (PID=29224) to work on /home/vscode/.local/lib/python3.10/site-packages/airflow/example_dags/example_branch_labels.py
[2025-03-24T20:22:25.441+0000] {processor.py:826} INFO - Processing file /home/vscode/.local/lib/python3.10/site-packages/airflow/example_dags/example_branch_labels.py for tasks to queue
[2025-03-24T20:22:25.442+0000] {logging_mixin.py:150} INFO - [2025-03-24T20:22:25.441+0000] {dagbag.py:541} INFO - Filling up the DagBag from /home/vscode/.local/lib/python3.10/site-packages/airflow/example_dags/example_branch_labels.py
[2025-03-24T20:22:25.448+0000] {processor.py:836} INFO - DAG(s) dict_keys(['example_branch_labels']) retrieved from /home/vscode/.local/lib/python3.10/site-packages/airflow/example_dags/example_branch_labels.py
[2025-03-24T20:22:25.460+0000] {logging_mixin.py:150} INFO - [2025-03-24T20:22:25.460+0000] {dag.py:2742} INFO - Sync 1 DAGs
[2025-03-24T20:22:25.475+0000] {logging_mixin.py:150} INFO - [2025-03-24T20:22:25.475+0000] {dag.py:3504} INFO - Setting next_dagrun for example_branch_labels to 2025-03-23T00:00:00+00:00, run_after=2025-03-24T00:00:00+00:00
[2025-03-24T20:22:25.490+0000] {processor.py:179} INFO - Processing /home/vscode/.local/lib/python3.10/site-packages/airflow/example_dags/example_branch_labels.py took 0.052 seconds
[2025-03-24T20:23:10.753+0000] {processor.py:157} INFO - Started process (PID=29554) to work on /home/vscode/.local/lib/python3.10/site-packages/airflow/example_dags/example_branch_labels.py
[2025-03-24T20:23:10.753+0000] {processor.py:826} INFO - Processing file /home/vscode/.local/lib/python3.10/site-packages/airflow/example_dags/example_branch_labels.py for tasks to queue
[2025-03-24T20:23:10.754+0000] {logging_mixin.py:150} INFO - [2025-03-24T20:23:10.754+0000] {dagbag.py:541} INFO - Filling up the DagBag from /home/vscode/.local/lib/python3.10/site-packages/airflow/example_dags/example_branch_labels.py
[2025-03-24T20:23:10.759+0000] {processor.py:836} INFO - DAG(s) dict_keys(['example_branch_labels']) retrieved from /home/vscode/.local/lib/python3.10/site-packages/airflow/example_dags/example_branch_labels.py
[2025-03-24T20:23:10.772+0000] {logging_mixin.py:150} INFO - [2025-03-24T20:23:10.772+0000] {dag.py:2742} INFO - Sync 1 DAGs
[2025-03-24T20:23:10.787+0000] {logging_mixin.py:150} INFO - [2025-03-24T20:23:10.787+0000] {dag.py:3504} INFO - Setting next_dagrun for example_branch_labels to 2025-03-23T00:00:00+00:00, run_after=2025-03-24T00:00:00+00:00
[2025-03-24T20:23:10.802+0000] {processor.py:179} INFO - Processing /home/vscode/.local/lib/python3.10/site-packages/airflow/example_dags/example_branch_labels.py took 0.052 seconds
[2025-03-24T20:23:54.155+0000] {processor.py:157} INFO - Started process (PID=29942) to work on /home/vscode/.local/lib/python3.10/site-packages/airflow/example_dags/example_branch_labels.py
[2025-03-24T20:23:54.156+0000] {processor.py:826} INFO - Processing file /home/vscode/.local/lib/python3.10/site-packages/airflow/example_dags/example_branch_labels.py for tasks to queue
[2025-03-24T20:23:54.157+0000] {logging_mixin.py:150} INFO - [2025-03-24T20:23:54.156+0000] {dagbag.py:541} INFO - Filling up the DagBag from /home/vscode/.local/lib/python3.10/site-packages/airflow/example_dags/example_branch_labels.py
[2025-03-24T20:23:54.162+0000] {processor.py:836} INFO - DAG(s) dict_keys(['example_branch_labels']) retrieved from /home/vscode/.local/lib/python3.10/site-packages/airflow/example_dags/example_branch_labels.py
[2025-03-24T20:23:54.174+0000] {logging_mixin.py:150} INFO - [2025-03-24T20:23:54.174+0000] {dag.py:2742} INFO - Sync 1 DAGs
[2025-03-24T20:23:54.189+0000] {logging_mixin.py:150} INFO - [2025-03-24T20:23:54.189+0000] {dag.py:3504} INFO - Setting next_dagrun for example_branch_labels to 2025-03-23T00:00:00+00:00, run_after=2025-03-24T00:00:00+00:00
[2025-03-24T20:23:54.204+0000] {processor.py:179} INFO - Processing /home/vscode/.local/lib/python3.10/site-packages/airflow/example_dags/example_branch_labels.py took 0.050 seconds
[2025-03-24T20:24:40.901+0000] {processor.py:157} INFO - Started process (PID=30268) to work on /home/vscode/.local/lib/python3.10/site-packages/airflow/example_dags/example_branch_labels.py
[2025-03-24T20:24:40.901+0000] {processor.py:826} INFO - Processing file /home/vscode/.local/lib/python3.10/site-packages/airflow/example_dags/example_branch_labels.py for tasks to queue
[2025-03-24T20:24:40.902+0000] {logging_mixin.py:150} INFO - [2025-03-24T20:24:40.902+0000] {dagbag.py:541} INFO - Filling up the DagBag from /home/vscode/.local/lib/python3.10/site-packages/airflow/example_dags/example_branch_labels.py
[2025-03-24T20:24:40.907+0000] {processor.py:836} INFO - DAG(s) dict_keys(['example_branch_labels']) retrieved from /home/vscode/.local/lib/python3.10/site-packages/airflow/example_dags/example_branch_labels.py
[2025-03-24T20:24:40.920+0000] {logging_mixin.py:150} INFO - [2025-03-24T20:24:40.920+0000] {dag.py:2742} INFO - Sync 1 DAGs
[2025-03-24T20:24:40.945+0000] {logging_mixin.py:150} INFO - [2025-03-24T20:24:40.945+0000] {dag.py:3504} INFO - Setting next_dagrun for example_branch_labels to 2025-03-23T00:00:00+00:00, run_after=2025-03-24T00:00:00+00:00
[2025-03-24T20:24:40.984+0000] {processor.py:179} INFO - Processing /home/vscode/.local/lib/python3.10/site-packages/airflow/example_dags/example_branch_labels.py took 0.085 seconds
[2025-03-24T20:25:24.567+0000] {processor.py:157} INFO - Started process (PID=30610) to work on /home/vscode/.local/lib/python3.10/site-packages/airflow/example_dags/example_branch_labels.py
[2025-03-24T20:25:24.568+0000] {processor.py:826} INFO - Processing file /home/vscode/.local/lib/python3.10/site-packages/airflow/example_dags/example_branch_labels.py for tasks to queue
[2025-03-24T20:25:24.568+0000] {logging_mixin.py:150} INFO - [2025-03-24T20:25:24.568+0000] {dagbag.py:541} INFO - Filling up the DagBag from /home/vscode/.local/lib/python3.10/site-packages/airflow/example_dags/example_branch_labels.py
[2025-03-24T20:25:24.574+0000] {processor.py:836} INFO - DAG(s) dict_keys(['example_branch_labels']) retrieved from /home/vscode/.local/lib/python3.10/site-packages/airflow/example_dags/example_branch_labels.py
[2025-03-24T20:25:24.586+0000] {logging_mixin.py:150} INFO - [2025-03-24T20:25:24.586+0000] {dag.py:2742} INFO - Sync 1 DAGs
[2025-03-24T20:25:24.601+0000] {logging_mixin.py:150} INFO - [2025-03-24T20:25:24.601+0000] {dag.py:3504} INFO - Setting next_dagrun for example_branch_labels to 2025-03-23T00:00:00+00:00, run_after=2025-03-24T00:00:00+00:00
[2025-03-24T20:25:24.616+0000] {processor.py:179} INFO - Processing /home/vscode/.local/lib/python3.10/site-packages/airflow/example_dags/example_branch_labels.py took 0.051 seconds
[2025-03-24T20:26:10.237+0000] {processor.py:157} INFO - Started process (PID=30960) to work on /home/vscode/.local/lib/python3.10/site-packages/airflow/example_dags/example_branch_labels.py
[2025-03-24T20:26:10.238+0000] {processor.py:826} INFO - Processing file /home/vscode/.local/lib/python3.10/site-packages/airflow/example_dags/example_branch_labels.py for tasks to queue
[2025-03-24T20:26:10.239+0000] {logging_mixin.py:150} INFO - [2025-03-24T20:26:10.239+0000] {dagbag.py:541} INFO - Filling up the DagBag from /home/vscode/.local/lib/python3.10/site-packages/airflow/example_dags/example_branch_labels.py
[2025-03-24T20:26:10.244+0000] {processor.py:836} INFO - DAG(s) dict_keys(['example_branch_labels']) retrieved from /home/vscode/.local/lib/python3.10/site-packages/airflow/example_dags/example_branch_labels.py
[2025-03-24T20:26:10.257+0000] {logging_mixin.py:150} INFO - [2025-03-24T20:26:10.257+0000] {dag.py:2742} INFO - Sync 1 DAGs
[2025-03-24T20:26:10.272+0000] {logging_mixin.py:150} INFO - [2025-03-24T20:26:10.272+0000] {dag.py:3504} INFO - Setting next_dagrun for example_branch_labels to 2025-03-23T00:00:00+00:00, run_after=2025-03-24T00:00:00+00:00
[2025-03-24T20:26:10.286+0000] {processor.py:179} INFO - Processing /home/vscode/.local/lib/python3.10/site-packages/airflow/example_dags/example_branch_labels.py took 0.051 seconds
[2025-03-24T20:26:56.195+0000] {processor.py:157} INFO - Started process (PID=31359) to work on /home/vscode/.local/lib/python3.10/site-packages/airflow/example_dags/example_branch_labels.py
[2025-03-24T20:26:56.196+0000] {processor.py:826} INFO - Processing file /home/vscode/.local/lib/python3.10/site-packages/airflow/example_dags/example_branch_labels.py for tasks to queue
[2025-03-24T20:26:56.197+0000] {logging_mixin.py:150} INFO - [2025-03-24T20:26:56.196+0000] {dagbag.py:541} INFO - Filling up the DagBag from /home/vscode/.local/lib/python3.10/site-packages/airflow/example_dags/example_branch_labels.py
[2025-03-24T20:26:56.202+0000] {processor.py:836} INFO - DAG(s) dict_keys(['example_branch_labels']) retrieved from /home/vscode/.local/lib/python3.10/site-packages/airflow/example_dags/example_branch_labels.py
[2025-03-24T20:26:56.220+0000] {logging_mixin.py:150} INFO - [2025-03-24T20:26:56.219+0000] {dag.py:2742} INFO - Sync 1 DAGs
[2025-03-24T20:26:56.234+0000] {logging_mixin.py:150} INFO - [2025-03-24T20:26:56.234+0000] {dag.py:3504} INFO - Setting next_dagrun for example_branch_labels to 2025-03-23T00:00:00+00:00, run_after=2025-03-24T00:00:00+00:00
[2025-03-24T20:26:56.249+0000] {processor.py:179} INFO - Processing /home/vscode/.local/lib/python3.10/site-packages/airflow/example_dags/example_branch_labels.py took 0.056 seconds
[2025-03-24T20:27:53.450+0000] {processor.py:157} INFO - Started process (PID=31860) to work on /home/vscode/.local/lib/python3.10/site-packages/airflow/example_dags/example_branch_labels.py
[2025-03-24T20:27:53.450+0000] {processor.py:826} INFO - Processing file /home/vscode/.local/lib/python3.10/site-packages/airflow/example_dags/example_branch_labels.py for tasks to queue
[2025-03-24T20:27:53.451+0000] {logging_mixin.py:150} INFO - [2025-03-24T20:27:53.451+0000] {dagbag.py:541} INFO - Filling up the DagBag from /home/vscode/.local/lib/python3.10/site-packages/airflow/example_dags/example_branch_labels.py
[2025-03-24T20:27:53.456+0000] {processor.py:836} INFO - DAG(s) dict_keys(['example_branch_labels']) retrieved from /home/vscode/.local/lib/python3.10/site-packages/airflow/example_dags/example_branch_labels.py
[2025-03-24T20:27:53.468+0000] {logging_mixin.py:150} INFO - [2025-03-24T20:27:53.468+0000] {dag.py:2742} INFO - Sync 1 DAGs
[2025-03-24T20:27:53.486+0000] {logging_mixin.py:150} INFO - [2025-03-24T20:27:53.486+0000] {dag.py:3504} INFO - Setting next_dagrun for example_branch_labels to 2025-03-23T00:00:00+00:00, run_after=2025-03-24T00:00:00+00:00
[2025-03-24T20:27:53.508+0000] {processor.py:179} INFO - Processing /home/vscode/.local/lib/python3.10/site-packages/airflow/example_dags/example_branch_labels.py took 0.061 seconds
[2025-03-24T20:28:37.861+0000] {processor.py:157} INFO - Started process (PID=32172) to work on /home/vscode/.local/lib/python3.10/site-packages/airflow/example_dags/example_branch_labels.py
[2025-03-24T20:28:37.862+0000] {processor.py:826} INFO - Processing file /home/vscode/.local/lib/python3.10/site-packages/airflow/example_dags/example_branch_labels.py for tasks to queue
[2025-03-24T20:28:37.862+0000] {logging_mixin.py:150} INFO - [2025-03-24T20:28:37.862+0000] {dagbag.py:541} INFO - Filling up the DagBag from /home/vscode/.local/lib/python3.10/site-packages/airflow/example_dags/example_branch_labels.py
[2025-03-24T20:28:37.868+0000] {processor.py:836} INFO - DAG(s) dict_keys(['example_branch_labels']) retrieved from /home/vscode/.local/lib/python3.10/site-packages/airflow/example_dags/example_branch_labels.py
[2025-03-24T20:28:37.880+0000] {logging_mixin.py:150} INFO - [2025-03-24T20:28:37.880+0000] {dag.py:2742} INFO - Sync 1 DAGs
[2025-03-24T20:28:37.894+0000] {logging_mixin.py:150} INFO - [2025-03-24T20:28:37.894+0000] {dag.py:3504} INFO - Setting next_dagrun for example_branch_labels to 2025-03-23T00:00:00+00:00, run_after=2025-03-24T00:00:00+00:00
[2025-03-24T20:28:37.909+0000] {processor.py:179} INFO - Processing /home/vscode/.local/lib/python3.10/site-packages/airflow/example_dags/example_branch_labels.py took 0.051 seconds
[2025-03-24T20:29:21.760+0000] {processor.py:157} INFO - Started process (PID=32479) to work on /home/vscode/.local/lib/python3.10/site-packages/airflow/example_dags/example_branch_labels.py
[2025-03-24T20:29:21.761+0000] {processor.py:826} INFO - Processing file /home/vscode/.local/lib/python3.10/site-packages/airflow/example_dags/example_branch_labels.py for tasks to queue
[2025-03-24T20:29:21.762+0000] {logging_mixin.py:150} INFO - [2025-03-24T20:29:21.761+0000] {dagbag.py:541} INFO - Filling up the DagBag from /home/vscode/.local/lib/python3.10/site-packages/airflow/example_dags/example_branch_labels.py
[2025-03-24T20:29:21.767+0000] {processor.py:836} INFO - DAG(s) dict_keys(['example_branch_labels']) retrieved from /home/vscode/.local/lib/python3.10/site-packages/airflow/example_dags/example_branch_labels.py
[2025-03-24T20:29:21.779+0000] {logging_mixin.py:150} INFO - [2025-03-24T20:29:21.779+0000] {dag.py:2742} INFO - Sync 1 DAGs
[2025-03-24T20:29:21.794+0000] {logging_mixin.py:150} INFO - [2025-03-24T20:29:21.794+0000] {dag.py:3504} INFO - Setting next_dagrun for example_branch_labels to 2025-03-23T00:00:00+00:00, run_after=2025-03-24T00:00:00+00:00
[2025-03-24T20:29:21.808+0000] {processor.py:179} INFO - Processing /home/vscode/.local/lib/python3.10/site-packages/airflow/example_dags/example_branch_labels.py took 0.050 seconds
[2025-03-24T20:30:07.615+0000] {processor.py:157} INFO - Started process (PID=32808) to work on /home/vscode/.local/lib/python3.10/site-packages/airflow/example_dags/example_branch_labels.py
[2025-03-24T20:30:07.615+0000] {processor.py:826} INFO - Processing file /home/vscode/.local/lib/python3.10/site-packages/airflow/example_dags/example_branch_labels.py for tasks to queue
[2025-03-24T20:30:07.616+0000] {logging_mixin.py:150} INFO - [2025-03-24T20:30:07.616+0000] {dagbag.py:541} INFO - Filling up the DagBag from /home/vscode/.local/lib/python3.10/site-packages/airflow/example_dags/example_branch_labels.py
[2025-03-24T20:30:07.621+0000] {processor.py:836} INFO - DAG(s) dict_keys(['example_branch_labels']) retrieved from /home/vscode/.local/lib/python3.10/site-packages/airflow/example_dags/example_branch_labels.py
[2025-03-24T20:30:07.634+0000] {logging_mixin.py:150} INFO - [2025-03-24T20:30:07.633+0000] {dag.py:2742} INFO - Sync 1 DAGs
[2025-03-24T20:30:07.648+0000] {logging_mixin.py:150} INFO - [2025-03-24T20:30:07.648+0000] {dag.py:3504} INFO - Setting next_dagrun for example_branch_labels to 2025-03-23T00:00:00+00:00, run_after=2025-03-24T00:00:00+00:00
[2025-03-24T20:30:07.663+0000] {processor.py:179} INFO - Processing /home/vscode/.local/lib/python3.10/site-packages/airflow/example_dags/example_branch_labels.py took 0.050 seconds
[2025-03-24T20:31:04.412+0000] {processor.py:157} INFO - Started process (PID=33185) to work on /home/vscode/.local/lib/python3.10/site-packages/airflow/example_dags/example_branch_labels.py
[2025-03-24T20:31:04.412+0000] {processor.py:826} INFO - Processing file /home/vscode/.local/lib/python3.10/site-packages/airflow/example_dags/example_branch_labels.py for tasks to queue
[2025-03-24T20:31:04.413+0000] {logging_mixin.py:150} INFO - [2025-03-24T20:31:04.413+0000] {dagbag.py:541} INFO - Filling up the DagBag from /home/vscode/.local/lib/python3.10/site-packages/airflow/example_dags/example_branch_labels.py
[2025-03-24T20:31:04.418+0000] {processor.py:836} INFO - DAG(s) dict_keys(['example_branch_labels']) retrieved from /home/vscode/.local/lib/python3.10/site-packages/airflow/example_dags/example_branch_labels.py
[2025-03-24T20:31:04.431+0000] {logging_mixin.py:150} INFO - [2025-03-24T20:31:04.431+0000] {dag.py:2742} INFO - Sync 1 DAGs
[2025-03-24T20:31:04.446+0000] {logging_mixin.py:150} INFO - [2025-03-24T20:31:04.446+0000] {dag.py:3504} INFO - Setting next_dagrun for example_branch_labels to 2025-03-23T00:00:00+00:00, run_after=2025-03-24T00:00:00+00:00
[2025-03-24T20:31:04.461+0000] {processor.py:179} INFO - Processing /home/vscode/.local/lib/python3.10/site-packages/airflow/example_dags/example_branch_labels.py took 0.051 seconds
[2025-03-24T20:31:59.251+0000] {processor.py:157} INFO - Started process (PID=33549) to work on /home/vscode/.local/lib/python3.10/site-packages/airflow/example_dags/example_branch_labels.py
[2025-03-24T20:31:59.251+0000] {processor.py:826} INFO - Processing file /home/vscode/.local/lib/python3.10/site-packages/airflow/example_dags/example_branch_labels.py for tasks to queue
[2025-03-24T20:31:59.252+0000] {logging_mixin.py:150} INFO - [2025-03-24T20:31:59.252+0000] {dagbag.py:541} INFO - Filling up the DagBag from /home/vscode/.local/lib/python3.10/site-packages/airflow/example_dags/example_branch_labels.py
[2025-03-24T20:31:59.257+0000] {processor.py:836} INFO - DAG(s) dict_keys(['example_branch_labels']) retrieved from /home/vscode/.local/lib/python3.10/site-packages/airflow/example_dags/example_branch_labels.py
[2025-03-24T20:31:59.270+0000] {logging_mixin.py:150} INFO - [2025-03-24T20:31:59.269+0000] {dag.py:2742} INFO - Sync 1 DAGs
[2025-03-24T20:31:59.284+0000] {logging_mixin.py:150} INFO - [2025-03-24T20:31:59.284+0000] {dag.py:3504} INFO - Setting next_dagrun for example_branch_labels to 2025-03-23T00:00:00+00:00, run_after=2025-03-24T00:00:00+00:00
[2025-03-24T20:31:59.298+0000] {processor.py:179} INFO - Processing /home/vscode/.local/lib/python3.10/site-packages/airflow/example_dags/example_branch_labels.py took 0.050 seconds
[2025-03-24T20:32:43.293+0000] {processor.py:157} INFO - Started process (PID=33854) to work on /home/vscode/.local/lib/python3.10/site-packages/airflow/example_dags/example_branch_labels.py
[2025-03-24T20:32:43.293+0000] {processor.py:826} INFO - Processing file /home/vscode/.local/lib/python3.10/site-packages/airflow/example_dags/example_branch_labels.py for tasks to queue
[2025-03-24T20:32:43.294+0000] {logging_mixin.py:150} INFO - [2025-03-24T20:32:43.294+0000] {dagbag.py:541} INFO - Filling up the DagBag from /home/vscode/.local/lib/python3.10/site-packages/airflow/example_dags/example_branch_labels.py
[2025-03-24T20:32:43.299+0000] {processor.py:836} INFO - DAG(s) dict_keys(['example_branch_labels']) retrieved from /home/vscode/.local/lib/python3.10/site-packages/airflow/example_dags/example_branch_labels.py
[2025-03-24T20:32:43.312+0000] {logging_mixin.py:150} INFO - [2025-03-24T20:32:43.312+0000] {dag.py:2742} INFO - Sync 1 DAGs
[2025-03-24T20:32:43.327+0000] {logging_mixin.py:150} INFO - [2025-03-24T20:32:43.327+0000] {dag.py:3504} INFO - Setting next_dagrun for example_branch_labels to 2025-03-23T00:00:00+00:00, run_after=2025-03-24T00:00:00+00:00
[2025-03-24T20:32:43.342+0000] {processor.py:179} INFO - Processing /home/vscode/.local/lib/python3.10/site-packages/airflow/example_dags/example_branch_labels.py took 0.052 seconds
[2025-03-24T20:33:32.066+0000] {processor.py:157} INFO - Started process (PID=34279) to work on /home/vscode/.local/lib/python3.10/site-packages/airflow/example_dags/example_branch_labels.py
[2025-03-24T20:33:32.067+0000] {processor.py:826} INFO - Processing file /home/vscode/.local/lib/python3.10/site-packages/airflow/example_dags/example_branch_labels.py for tasks to queue
[2025-03-24T20:33:32.068+0000] {logging_mixin.py:150} INFO - [2025-03-24T20:33:32.067+0000] {dagbag.py:541} INFO - Filling up the DagBag from /home/vscode/.local/lib/python3.10/site-packages/airflow/example_dags/example_branch_labels.py
[2025-03-24T20:33:32.073+0000] {processor.py:836} INFO - DAG(s) dict_keys(['example_branch_labels']) retrieved from /home/vscode/.local/lib/python3.10/site-packages/airflow/example_dags/example_branch_labels.py
[2025-03-24T20:33:32.086+0000] {logging_mixin.py:150} INFO - [2025-03-24T20:33:32.085+0000] {dag.py:2742} INFO - Sync 1 DAGs
[2025-03-24T20:33:32.100+0000] {logging_mixin.py:150} INFO - [2025-03-24T20:33:32.100+0000] {dag.py:3504} INFO - Setting next_dagrun for example_branch_labels to 2025-03-23T00:00:00+00:00, run_after=2025-03-24T00:00:00+00:00
[2025-03-24T20:33:32.117+0000] {processor.py:179} INFO - Processing /home/vscode/.local/lib/python3.10/site-packages/airflow/example_dags/example_branch_labels.py took 0.053 seconds
[2025-03-24T20:34:20.063+0000] {processor.py:157} INFO - Started process (PID=34596) to work on /home/vscode/.local/lib/python3.10/site-packages/airflow/example_dags/example_branch_labels.py
[2025-03-24T20:34:20.063+0000] {processor.py:826} INFO - Processing file /home/vscode/.local/lib/python3.10/site-packages/airflow/example_dags/example_branch_labels.py for tasks to queue
[2025-03-24T20:34:20.064+0000] {logging_mixin.py:150} INFO - [2025-03-24T20:34:20.064+0000] {dagbag.py:541} INFO - Filling up the DagBag from /home/vscode/.local/lib/python3.10/site-packages/airflow/example_dags/example_branch_labels.py
[2025-03-24T20:34:20.070+0000] {processor.py:836} INFO - DAG(s) dict_keys(['example_branch_labels']) retrieved from /home/vscode/.local/lib/python3.10/site-packages/airflow/example_dags/example_branch_labels.py
[2025-03-24T20:34:20.083+0000] {logging_mixin.py:150} INFO - [2025-03-24T20:34:20.083+0000] {dag.py:2742} INFO - Sync 1 DAGs
[2025-03-24T20:34:20.098+0000] {logging_mixin.py:150} INFO - [2025-03-24T20:34:20.098+0000] {dag.py:3504} INFO - Setting next_dagrun for example_branch_labels to 2025-03-23T00:00:00+00:00, run_after=2025-03-24T00:00:00+00:00
[2025-03-24T20:34:20.116+0000] {processor.py:179} INFO - Processing /home/vscode/.local/lib/python3.10/site-packages/airflow/example_dags/example_branch_labels.py took 0.055 seconds
[2025-03-24T20:35:04.050+0000] {processor.py:157} INFO - Started process (PID=34884) to work on /home/vscode/.local/lib/python3.10/site-packages/airflow/example_dags/example_branch_labels.py
[2025-03-24T20:35:04.051+0000] {processor.py:826} INFO - Processing file /home/vscode/.local/lib/python3.10/site-packages/airflow/example_dags/example_branch_labels.py for tasks to queue
[2025-03-24T20:35:04.051+0000] {logging_mixin.py:150} INFO - [2025-03-24T20:35:04.051+0000] {dagbag.py:541} INFO - Filling up the DagBag from /home/vscode/.local/lib/python3.10/site-packages/airflow/example_dags/example_branch_labels.py
[2025-03-24T20:35:04.060+0000] {processor.py:836} INFO - DAG(s) dict_keys(['example_branch_labels']) retrieved from /home/vscode/.local/lib/python3.10/site-packages/airflow/example_dags/example_branch_labels.py
[2025-03-24T20:35:04.077+0000] {logging_mixin.py:150} INFO - [2025-03-24T20:35:04.077+0000] {dag.py:2742} INFO - Sync 1 DAGs
[2025-03-24T20:35:04.100+0000] {logging_mixin.py:150} INFO - [2025-03-24T20:35:04.100+0000] {dag.py:3504} INFO - Setting next_dagrun for example_branch_labels to 2025-03-23T00:00:00+00:00, run_after=2025-03-24T00:00:00+00:00
[2025-03-24T20:35:04.119+0000] {processor.py:179} INFO - Processing /home/vscode/.local/lib/python3.10/site-packages/airflow/example_dags/example_branch_labels.py took 0.072 seconds
[2025-03-24T20:35:49.896+0000] {processor.py:157} INFO - Started process (PID=35204) to work on /home/vscode/.local/lib/python3.10/site-packages/airflow/example_dags/example_branch_labels.py
[2025-03-24T20:35:49.897+0000] {processor.py:826} INFO - Processing file /home/vscode/.local/lib/python3.10/site-packages/airflow/example_dags/example_branch_labels.py for tasks to queue
[2025-03-24T20:35:49.898+0000] {logging_mixin.py:150} INFO - [2025-03-24T20:35:49.897+0000] {dagbag.py:541} INFO - Filling up the DagBag from /home/vscode/.local/lib/python3.10/site-packages/airflow/example_dags/example_branch_labels.py
[2025-03-24T20:35:49.903+0000] {processor.py:836} INFO - DAG(s) dict_keys(['example_branch_labels']) retrieved from /home/vscode/.local/lib/python3.10/site-packages/airflow/example_dags/example_branch_labels.py
[2025-03-24T20:35:49.916+0000] {logging_mixin.py:150} INFO - [2025-03-24T20:35:49.916+0000] {dag.py:2742} INFO - Sync 1 DAGs
[2025-03-24T20:35:49.931+0000] {logging_mixin.py:150} INFO - [2025-03-24T20:35:49.930+0000] {dag.py:3504} INFO - Setting next_dagrun for example_branch_labels to 2025-03-23T00:00:00+00:00, run_after=2025-03-24T00:00:00+00:00
[2025-03-24T20:35:49.946+0000] {processor.py:179} INFO - Processing /home/vscode/.local/lib/python3.10/site-packages/airflow/example_dags/example_branch_labels.py took 0.052 seconds
[2025-03-24T20:36:47.802+0000] {processor.py:157} INFO - Started process (PID=35618) to work on /home/vscode/.local/lib/python3.10/site-packages/airflow/example_dags/example_branch_labels.py
[2025-03-24T20:36:47.803+0000] {processor.py:826} INFO - Processing file /home/vscode/.local/lib/python3.10/site-packages/airflow/example_dags/example_branch_labels.py for tasks to queue
[2025-03-24T20:36:47.804+0000] {logging_mixin.py:150} INFO - [2025-03-24T20:36:47.803+0000] {dagbag.py:541} INFO - Filling up the DagBag from /home/vscode/.local/lib/python3.10/site-packages/airflow/example_dags/example_branch_labels.py
[2025-03-24T20:36:47.809+0000] {processor.py:836} INFO - DAG(s) dict_keys(['example_branch_labels']) retrieved from /home/vscode/.local/lib/python3.10/site-packages/airflow/example_dags/example_branch_labels.py
[2025-03-24T20:36:47.822+0000] {logging_mixin.py:150} INFO - [2025-03-24T20:36:47.821+0000] {dag.py:2742} INFO - Sync 1 DAGs
[2025-03-24T20:36:47.836+0000] {logging_mixin.py:150} INFO - [2025-03-24T20:36:47.836+0000] {dag.py:3504} INFO - Setting next_dagrun for example_branch_labels to 2025-03-23T00:00:00+00:00, run_after=2025-03-24T00:00:00+00:00
[2025-03-24T20:36:47.851+0000] {processor.py:179} INFO - Processing /home/vscode/.local/lib/python3.10/site-packages/airflow/example_dags/example_branch_labels.py took 0.050 seconds
[2025-03-24T20:37:33.230+0000] {processor.py:157} INFO - Started process (PID=35940) to work on /home/vscode/.local/lib/python3.10/site-packages/airflow/example_dags/example_branch_labels.py
[2025-03-24T20:37:33.230+0000] {processor.py:826} INFO - Processing file /home/vscode/.local/lib/python3.10/site-packages/airflow/example_dags/example_branch_labels.py for tasks to queue
[2025-03-24T20:37:33.231+0000] {logging_mixin.py:150} INFO - [2025-03-24T20:37:33.231+0000] {dagbag.py:541} INFO - Filling up the DagBag from /home/vscode/.local/lib/python3.10/site-packages/airflow/example_dags/example_branch_labels.py
[2025-03-24T20:37:33.236+0000] {processor.py:836} INFO - DAG(s) dict_keys(['example_branch_labels']) retrieved from /home/vscode/.local/lib/python3.10/site-packages/airflow/example_dags/example_branch_labels.py
[2025-03-24T20:37:33.249+0000] {logging_mixin.py:150} INFO - [2025-03-24T20:37:33.249+0000] {dag.py:2742} INFO - Sync 1 DAGs
[2025-03-24T20:37:33.263+0000] {logging_mixin.py:150} INFO - [2025-03-24T20:37:33.263+0000] {dag.py:3504} INFO - Setting next_dagrun for example_branch_labels to 2025-03-23T00:00:00+00:00, run_after=2025-03-24T00:00:00+00:00
[2025-03-24T20:37:33.277+0000] {processor.py:179} INFO - Processing /home/vscode/.local/lib/python3.10/site-packages/airflow/example_dags/example_branch_labels.py took 0.050 seconds
