[2025-03-24T20:12:41.176+0000] {processor.py:157} INFO - Started process (PID=25125) to work on /home/vscode/.local/lib/python3.10/site-packages/airflow/example_dags/example_setup_teardown.py
[2025-03-24T20:12:41.177+0000] {processor.py:826} INFO - Processing file /home/vscode/.local/lib/python3.10/site-packages/airflow/example_dags/example_setup_teardown.py for tasks to queue
[2025-03-24T20:12:41.178+0000] {logging_mixin.py:150} INFO - [2025-03-24T20:12:41.177+0000] {dagbag.py:541} INFO - Filling up the DagBag from /home/vscode/.local/lib/python3.10/site-packages/airflow/example_dags/example_setup_teardown.py
[2025-03-24T20:12:41.179+0000] {processor.py:838} WARNING - No viable dags retrieved from /home/vscode/.local/lib/python3.10/site-packages/airflow/example_dags/example_setup_teardown.py
[2025-03-24T20:12:41.186+0000] {processor.py:179} INFO - Processing /home/vscode/.local/lib/python3.10/site-packages/airflow/example_dags/example_setup_teardown.py took 0.012 seconds
[2025-03-24T20:13:28.781+0000] {processor.py:157} INFO - Started process (PID=25488) to work on /home/vscode/.local/lib/python3.10/site-packages/airflow/example_dags/example_setup_teardown.py
[2025-03-24T20:13:28.782+0000] {processor.py:826} INFO - Processing file /home/vscode/.local/lib/python3.10/site-packages/airflow/example_dags/example_setup_teardown.py for tasks to queue
[2025-03-24T20:13:28.782+0000] {logging_mixin.py:150} INFO - [2025-03-24T20:13:28.782+0000] {dagbag.py:541} INFO - Filling up the DagBag from /home/vscode/.local/lib/python3.10/site-packages/airflow/example_dags/example_setup_teardown.py
[2025-03-24T20:13:28.784+0000] {processor.py:838} WARNING - No viable dags retrieved from /home/vscode/.local/lib/python3.10/site-packages/airflow/example_dags/example_setup_teardown.py
[2025-03-24T20:13:28.791+0000] {processor.py:179} INFO - Processing /home/vscode/.local/lib/python3.10/site-packages/airflow/example_dags/example_setup_teardown.py took 0.012 seconds
[2025-03-24T20:14:13.907+0000] {processor.py:157} INFO - Started process (PID=25782) to work on /home/vscode/.local/lib/python3.10/site-packages/airflow/example_dags/example_setup_teardown.py
[2025-03-24T20:14:13.908+0000] {processor.py:826} INFO - Processing file /home/vscode/.local/lib/python3.10/site-packages/airflow/example_dags/example_setup_teardown.py for tasks to queue
[2025-03-24T20:14:13.908+0000] {logging_mixin.py:150} INFO - [2025-03-24T20:14:13.908+0000] {dagbag.py:541} INFO - Filling up the DagBag from /home/vscode/.local/lib/python3.10/site-packages/airflow/example_dags/example_setup_teardown.py
[2025-03-24T20:14:13.910+0000] {processor.py:838} WARNING - No viable dags retrieved from /home/vscode/.local/lib/python3.10/site-packages/airflow/example_dags/example_setup_teardown.py
[2025-03-24T20:14:13.916+0000] {processor.py:179} INFO - Processing /home/vscode/.local/lib/python3.10/site-packages/airflow/example_dags/example_setup_teardown.py took 0.011 seconds
[2025-03-24T20:14:55.019+0000] {processor.py:157} INFO - Started process (PID=26078) to work on /home/vscode/.local/lib/python3.10/site-packages/airflow/example_dags/example_setup_teardown.py
[2025-03-24T20:14:55.019+0000] {processor.py:826} INFO - Processing file /home/vscode/.local/lib/python3.10/site-packages/airflow/example_dags/example_setup_teardown.py for tasks to queue
[2025-03-24T20:14:55.020+0000] {logging_mixin.py:150} INFO - [2025-03-24T20:14:55.020+0000] {dagbag.py:541} INFO - Filling up the DagBag from /home/vscode/.local/lib/python3.10/site-packages/airflow/example_dags/example_setup_teardown.py
[2025-03-24T20:14:55.022+0000] {processor.py:838} WARNING - No viable dags retrieved from /home/vscode/.local/lib/python3.10/site-packages/airflow/example_dags/example_setup_teardown.py
[2025-03-24T20:14:55.029+0000] {processor.py:179} INFO - Processing /home/vscode/.local/lib/python3.10/site-packages/airflow/example_dags/example_setup_teardown.py took 0.014 seconds
[2025-03-24T20:15:41.281+0000] {processor.py:157} INFO - Started process (PID=26386) to work on /home/vscode/.local/lib/python3.10/site-packages/airflow/example_dags/example_setup_teardown.py
[2025-03-24T20:15:41.282+0000] {processor.py:826} INFO - Processing file /home/vscode/.local/lib/python3.10/site-packages/airflow/example_dags/example_setup_teardown.py for tasks to queue
[2025-03-24T20:15:41.283+0000] {logging_mixin.py:150} INFO - [2025-03-24T20:15:41.282+0000] {dagbag.py:541} INFO - Filling up the DagBag from /home/vscode/.local/lib/python3.10/site-packages/airflow/example_dags/example_setup_teardown.py
[2025-03-24T20:15:41.284+0000] {processor.py:838} WARNING - No viable dags retrieved from /home/vscode/.local/lib/python3.10/site-packages/airflow/example_dags/example_setup_teardown.py
[2025-03-24T20:15:41.291+0000] {processor.py:179} INFO - Processing /home/vscode/.local/lib/python3.10/site-packages/airflow/example_dags/example_setup_teardown.py took 0.012 seconds
[2025-03-24T20:16:28.568+0000] {processor.py:157} INFO - Started process (PID=26703) to work on /home/vscode/.local/lib/python3.10/site-packages/airflow/example_dags/example_setup_teardown.py
[2025-03-24T20:16:28.569+0000] {processor.py:826} INFO - Processing file /home/vscode/.local/lib/python3.10/site-packages/airflow/example_dags/example_setup_teardown.py for tasks to queue
[2025-03-24T20:16:28.569+0000] {logging_mixin.py:150} INFO - [2025-03-24T20:16:28.569+0000] {dagbag.py:541} INFO - Filling up the DagBag from /home/vscode/.local/lib/python3.10/site-packages/airflow/example_dags/example_setup_teardown.py
[2025-03-24T20:16:28.571+0000] {processor.py:838} WARNING - No viable dags retrieved from /home/vscode/.local/lib/python3.10/site-packages/airflow/example_dags/example_setup_teardown.py
[2025-03-24T20:16:28.578+0000] {processor.py:179} INFO - Processing /home/vscode/.local/lib/python3.10/site-packages/airflow/example_dags/example_setup_teardown.py took 0.012 seconds
[2025-03-24T20:17:17.466+0000] {processor.py:157} INFO - Started process (PID=27022) to work on /home/vscode/.local/lib/python3.10/site-packages/airflow/example_dags/example_setup_teardown.py
[2025-03-24T20:17:17.467+0000] {processor.py:826} INFO - Processing file /home/vscode/.local/lib/python3.10/site-packages/airflow/example_dags/example_setup_teardown.py for tasks to queue
[2025-03-24T20:17:17.468+0000] {logging_mixin.py:150} INFO - [2025-03-24T20:17:17.467+0000] {dagbag.py:541} INFO - Filling up the DagBag from /home/vscode/.local/lib/python3.10/site-packages/airflow/example_dags/example_setup_teardown.py
[2025-03-24T20:17:17.469+0000] {processor.py:838} WARNING - No viable dags retrieved from /home/vscode/.local/lib/python3.10/site-packages/airflow/example_dags/example_setup_teardown.py
[2025-03-24T20:17:17.476+0000] {processor.py:179} INFO - Processing /home/vscode/.local/lib/python3.10/site-packages/airflow/example_dags/example_setup_teardown.py took 0.011 seconds
[2025-03-24T20:18:02.134+0000] {processor.py:157} INFO - Started process (PID=27315) to work on /home/vscode/.local/lib/python3.10/site-packages/airflow/example_dags/example_setup_teardown.py
[2025-03-24T20:18:02.134+0000] {processor.py:826} INFO - Processing file /home/vscode/.local/lib/python3.10/site-packages/airflow/example_dags/example_setup_teardown.py for tasks to queue
[2025-03-24T20:18:02.135+0000] {logging_mixin.py:150} INFO - [2025-03-24T20:18:02.135+0000] {dagbag.py:541} INFO - Filling up the DagBag from /home/vscode/.local/lib/python3.10/site-packages/airflow/example_dags/example_setup_teardown.py
[2025-03-24T20:18:02.136+0000] {processor.py:838} WARNING - No viable dags retrieved from /home/vscode/.local/lib/python3.10/site-packages/airflow/example_dags/example_setup_teardown.py
[2025-03-24T20:18:02.143+0000] {processor.py:179} INFO - Processing /home/vscode/.local/lib/python3.10/site-packages/airflow/example_dags/example_setup_teardown.py took 0.012 seconds
[2025-03-24T20:18:44.907+0000] {processor.py:157} INFO - Started process (PID=27601) to work on /home/vscode/.local/lib/python3.10/site-packages/airflow/example_dags/example_setup_teardown.py
[2025-03-24T20:18:44.908+0000] {processor.py:826} INFO - Processing file /home/vscode/.local/lib/python3.10/site-packages/airflow/example_dags/example_setup_teardown.py for tasks to queue
[2025-03-24T20:18:44.908+0000] {logging_mixin.py:150} INFO - [2025-03-24T20:18:44.908+0000] {dagbag.py:541} INFO - Filling up the DagBag from /home/vscode/.local/lib/python3.10/site-packages/airflow/example_dags/example_setup_teardown.py
[2025-03-24T20:18:44.910+0000] {processor.py:838} WARNING - No viable dags retrieved from /home/vscode/.local/lib/python3.10/site-packages/airflow/example_dags/example_setup_teardown.py
[2025-03-24T20:18:44.916+0000] {processor.py:179} INFO - Processing /home/vscode/.local/lib/python3.10/site-packages/airflow/example_dags/example_setup_teardown.py took 0.012 seconds
[2025-03-24T20:19:25.848+0000] {processor.py:157} INFO - Started process (PID=27871) to work on /home/vscode/.local/lib/python3.10/site-packages/airflow/example_dags/example_setup_teardown.py
[2025-03-24T20:19:25.849+0000] {processor.py:826} INFO - Processing file /home/vscode/.local/lib/python3.10/site-packages/airflow/example_dags/example_setup_teardown.py for tasks to queue
[2025-03-24T20:19:25.849+0000] {logging_mixin.py:150} INFO - [2025-03-24T20:19:25.849+0000] {dagbag.py:541} INFO - Filling up the DagBag from /home/vscode/.local/lib/python3.10/site-packages/airflow/example_dags/example_setup_teardown.py
[2025-03-24T20:19:25.851+0000] {processor.py:838} WARNING - No viable dags retrieved from /home/vscode/.local/lib/python3.10/site-packages/airflow/example_dags/example_setup_teardown.py
[2025-03-24T20:19:25.858+0000] {processor.py:179} INFO - Processing /home/vscode/.local/lib/python3.10/site-packages/airflow/example_dags/example_setup_teardown.py took 0.012 seconds
[2025-03-24T20:20:12.115+0000] {processor.py:157} INFO - Started process (PID=28214) to work on /home/vscode/.local/lib/python3.10/site-packages/airflow/example_dags/example_setup_teardown.py
[2025-03-24T20:20:12.116+0000] {processor.py:826} INFO - Processing file /home/vscode/.local/lib/python3.10/site-packages/airflow/example_dags/example_setup_teardown.py for tasks to queue
[2025-03-24T20:20:12.116+0000] {logging_mixin.py:150} INFO - [2025-03-24T20:20:12.116+0000] {dagbag.py:541} INFO - Filling up the DagBag from /home/vscode/.local/lib/python3.10/site-packages/airflow/example_dags/example_setup_teardown.py
[2025-03-24T20:20:12.118+0000] {processor.py:838} WARNING - No viable dags retrieved from /home/vscode/.local/lib/python3.10/site-packages/airflow/example_dags/example_setup_teardown.py
[2025-03-24T20:20:12.126+0000] {processor.py:179} INFO - Processing /home/vscode/.local/lib/python3.10/site-packages/airflow/example_dags/example_setup_teardown.py took 0.013 seconds
[2025-03-24T20:21:00.636+0000] {processor.py:157} INFO - Started process (PID=28585) to work on /home/vscode/.local/lib/python3.10/site-packages/airflow/example_dags/example_setup_teardown.py
[2025-03-24T20:21:00.637+0000] {processor.py:826} INFO - Processing file /home/vscode/.local/lib/python3.10/site-packages/airflow/example_dags/example_setup_teardown.py for tasks to queue
[2025-03-24T20:21:00.638+0000] {logging_mixin.py:150} INFO - [2025-03-24T20:21:00.637+0000] {dagbag.py:541} INFO - Filling up the DagBag from /home/vscode/.local/lib/python3.10/site-packages/airflow/example_dags/example_setup_teardown.py
[2025-03-24T20:21:00.639+0000] {processor.py:838} WARNING - No viable dags retrieved from /home/vscode/.local/lib/python3.10/site-packages/airflow/example_dags/example_setup_teardown.py
[2025-03-24T20:21:00.645+0000] {processor.py:179} INFO - Processing /home/vscode/.local/lib/python3.10/site-packages/airflow/example_dags/example_setup_teardown.py took 0.011 seconds
[2025-03-24T20:21:48.729+0000] {processor.py:157} INFO - Started process (PID=28955) to work on /home/vscode/.local/lib/python3.10/site-packages/airflow/example_dags/example_setup_teardown.py
[2025-03-24T20:21:48.729+0000] {processor.py:826} INFO - Processing file /home/vscode/.local/lib/python3.10/site-packages/airflow/example_dags/example_setup_teardown.py for tasks to queue
[2025-03-24T20:21:48.730+0000] {logging_mixin.py:150} INFO - [2025-03-24T20:21:48.730+0000] {dagbag.py:541} INFO - Filling up the DagBag from /home/vscode/.local/lib/python3.10/site-packages/airflow/example_dags/example_setup_teardown.py
[2025-03-24T20:21:48.732+0000] {processor.py:838} WARNING - No viable dags retrieved from /home/vscode/.local/lib/python3.10/site-packages/airflow/example_dags/example_setup_teardown.py
[2025-03-24T20:21:48.738+0000] {processor.py:179} INFO - Processing /home/vscode/.local/lib/python3.10/site-packages/airflow/example_dags/example_setup_teardown.py took 0.012 seconds
[2025-03-24T20:22:30.846+0000] {processor.py:157} INFO - Started process (PID=29268) to work on /home/vscode/.local/lib/python3.10/site-packages/airflow/example_dags/example_setup_teardown.py
[2025-03-24T20:22:30.846+0000] {processor.py:826} INFO - Processing file /home/vscode/.local/lib/python3.10/site-packages/airflow/example_dags/example_setup_teardown.py for tasks to queue
[2025-03-24T20:22:30.847+0000] {logging_mixin.py:150} INFO - [2025-03-24T20:22:30.847+0000] {dagbag.py:541} INFO - Filling up the DagBag from /home/vscode/.local/lib/python3.10/site-packages/airflow/example_dags/example_setup_teardown.py
[2025-03-24T20:22:30.849+0000] {processor.py:838} WARNING - No viable dags retrieved from /home/vscode/.local/lib/python3.10/site-packages/airflow/example_dags/example_setup_teardown.py
[2025-03-24T20:22:30.860+0000] {processor.py:179} INFO - Processing /home/vscode/.local/lib/python3.10/site-packages/airflow/example_dags/example_setup_teardown.py took 0.017 seconds
[2025-03-24T20:23:19.866+0000] {processor.py:157} INFO - Started process (PID=29626) to work on /home/vscode/.local/lib/python3.10/site-packages/airflow/example_dags/example_setup_teardown.py
[2025-03-24T20:23:19.866+0000] {processor.py:826} INFO - Processing file /home/vscode/.local/lib/python3.10/site-packages/airflow/example_dags/example_setup_teardown.py for tasks to queue
[2025-03-24T20:23:19.867+0000] {logging_mixin.py:150} INFO - [2025-03-24T20:23:19.867+0000] {dagbag.py:541} INFO - Filling up the DagBag from /home/vscode/.local/lib/python3.10/site-packages/airflow/example_dags/example_setup_teardown.py
[2025-03-24T20:23:19.870+0000] {processor.py:838} WARNING - No viable dags retrieved from /home/vscode/.local/lib/python3.10/site-packages/airflow/example_dags/example_setup_teardown.py
[2025-03-24T20:23:19.878+0000] {processor.py:179} INFO - Processing /home/vscode/.local/lib/python3.10/site-packages/airflow/example_dags/example_setup_teardown.py took 0.016 seconds
[2025-03-24T20:24:03.273+0000] {processor.py:157} INFO - Started process (PID=30018) to work on /home/vscode/.local/lib/python3.10/site-packages/airflow/example_dags/example_setup_teardown.py
[2025-03-24T20:24:03.274+0000] {processor.py:826} INFO - Processing file /home/vscode/.local/lib/python3.10/site-packages/airflow/example_dags/example_setup_teardown.py for tasks to queue
[2025-03-24T20:24:03.274+0000] {logging_mixin.py:150} INFO - [2025-03-24T20:24:03.274+0000] {dagbag.py:541} INFO - Filling up the DagBag from /home/vscode/.local/lib/python3.10/site-packages/airflow/example_dags/example_setup_teardown.py
[2025-03-24T20:24:03.276+0000] {processor.py:838} WARNING - No viable dags retrieved from /home/vscode/.local/lib/python3.10/site-packages/airflow/example_dags/example_setup_teardown.py
[2025-03-24T20:24:03.283+0000] {processor.py:179} INFO - Processing /home/vscode/.local/lib/python3.10/site-packages/airflow/example_dags/example_setup_teardown.py took 0.012 seconds
[2025-03-24T20:24:49.575+0000] {processor.py:157} INFO - Started process (PID=30331) to work on /home/vscode/.local/lib/python3.10/site-packages/airflow/example_dags/example_setup_teardown.py
[2025-03-24T20:24:49.576+0000] {processor.py:826} INFO - Processing file /home/vscode/.local/lib/python3.10/site-packages/airflow/example_dags/example_setup_teardown.py for tasks to queue
[2025-03-24T20:24:49.576+0000] {logging_mixin.py:150} INFO - [2025-03-24T20:24:49.576+0000] {dagbag.py:541} INFO - Filling up the DagBag from /home/vscode/.local/lib/python3.10/site-packages/airflow/example_dags/example_setup_teardown.py
[2025-03-24T20:24:49.578+0000] {processor.py:838} WARNING - No viable dags retrieved from /home/vscode/.local/lib/python3.10/site-packages/airflow/example_dags/example_setup_teardown.py
[2025-03-24T20:24:49.585+0000] {processor.py:179} INFO - Processing /home/vscode/.local/lib/python3.10/site-packages/airflow/example_dags/example_setup_teardown.py took 0.012 seconds
[2025-03-24T20:25:31.847+0000] {processor.py:157} INFO - Started process (PID=30660) to work on /home/vscode/.local/lib/python3.10/site-packages/airflow/example_dags/example_setup_teardown.py
[2025-03-24T20:25:31.848+0000] {processor.py:826} INFO - Processing file /home/vscode/.local/lib/python3.10/site-packages/airflow/example_dags/example_setup_teardown.py for tasks to queue
[2025-03-24T20:25:31.848+0000] {logging_mixin.py:150} INFO - [2025-03-24T20:25:31.848+0000] {dagbag.py:541} INFO - Filling up the DagBag from /home/vscode/.local/lib/python3.10/site-packages/airflow/example_dags/example_setup_teardown.py
[2025-03-24T20:25:31.851+0000] {processor.py:838} WARNING - No viable dags retrieved from /home/vscode/.local/lib/python3.10/site-packages/airflow/example_dags/example_setup_teardown.py
[2025-03-24T20:25:31.860+0000] {processor.py:179} INFO - Processing /home/vscode/.local/lib/python3.10/site-packages/airflow/example_dags/example_setup_teardown.py took 0.016 seconds
[2025-03-24T20:26:19.288+0000] {processor.py:157} INFO - Started process (PID=31020) to work on /home/vscode/.local/lib/python3.10/site-packages/airflow/example_dags/example_setup_teardown.py
[2025-03-24T20:26:19.289+0000] {processor.py:826} INFO - Processing file /home/vscode/.local/lib/python3.10/site-packages/airflow/example_dags/example_setup_teardown.py for tasks to queue
[2025-03-24T20:26:19.290+0000] {logging_mixin.py:150} INFO - [2025-03-24T20:26:19.289+0000] {dagbag.py:541} INFO - Filling up the DagBag from /home/vscode/.local/lib/python3.10/site-packages/airflow/example_dags/example_setup_teardown.py
[2025-03-24T20:26:19.291+0000] {processor.py:838} WARNING - No viable dags retrieved from /home/vscode/.local/lib/python3.10/site-packages/airflow/example_dags/example_setup_teardown.py
[2025-03-24T20:26:19.298+0000] {processor.py:179} INFO - Processing /home/vscode/.local/lib/python3.10/site-packages/airflow/example_dags/example_setup_teardown.py took 0.012 seconds
[2025-03-24T20:27:03.045+0000] {processor.py:157} INFO - Started process (PID=31430) to work on /home/vscode/.local/lib/python3.10/site-packages/airflow/example_dags/example_setup_teardown.py
[2025-03-24T20:27:03.045+0000] {processor.py:826} INFO - Processing file /home/vscode/.local/lib/python3.10/site-packages/airflow/example_dags/example_setup_teardown.py for tasks to queue
[2025-03-24T20:27:03.046+0000] {logging_mixin.py:150} INFO - [2025-03-24T20:27:03.046+0000] {dagbag.py:541} INFO - Filling up the DagBag from /home/vscode/.local/lib/python3.10/site-packages/airflow/example_dags/example_setup_teardown.py
[2025-03-24T20:27:03.048+0000] {processor.py:838} WARNING - No viable dags retrieved from /home/vscode/.local/lib/python3.10/site-packages/airflow/example_dags/example_setup_teardown.py
[2025-03-24T20:27:03.057+0000] {processor.py:179} INFO - Processing /home/vscode/.local/lib/python3.10/site-packages/airflow/example_dags/example_setup_teardown.py took 0.015 seconds
[2025-03-24T20:27:47.624+0000] {processor.py:157} INFO - Started process (PID=31818) to work on /home/vscode/.local/lib/python3.10/site-packages/airflow/example_dags/example_setup_teardown.py
[2025-03-24T20:27:47.625+0000] {processor.py:826} INFO - Processing file /home/vscode/.local/lib/python3.10/site-packages/airflow/example_dags/example_setup_teardown.py for tasks to queue
[2025-03-24T20:27:47.626+0000] {logging_mixin.py:150} INFO - [2025-03-24T20:27:47.625+0000] {dagbag.py:541} INFO - Filling up the DagBag from /home/vscode/.local/lib/python3.10/site-packages/airflow/example_dags/example_setup_teardown.py
[2025-03-24T20:27:47.627+0000] {processor.py:838} WARNING - No viable dags retrieved from /home/vscode/.local/lib/python3.10/site-packages/airflow/example_dags/example_setup_teardown.py
[2025-03-24T20:27:47.634+0000] {processor.py:179} INFO - Processing /home/vscode/.local/lib/python3.10/site-packages/airflow/example_dags/example_setup_teardown.py took 0.012 seconds
[2025-03-24T20:28:32.722+0000] {processor.py:157} INFO - Started process (PID=32126) to work on /home/vscode/.local/lib/python3.10/site-packages/airflow/example_dags/example_setup_teardown.py
[2025-03-24T20:28:32.723+0000] {processor.py:826} INFO - Processing file /home/vscode/.local/lib/python3.10/site-packages/airflow/example_dags/example_setup_teardown.py for tasks to queue
[2025-03-24T20:28:32.723+0000] {logging_mixin.py:150} INFO - [2025-03-24T20:28:32.723+0000] {dagbag.py:541} INFO - Filling up the DagBag from /home/vscode/.local/lib/python3.10/site-packages/airflow/example_dags/example_setup_teardown.py
[2025-03-24T20:28:32.725+0000] {processor.py:838} WARNING - No viable dags retrieved from /home/vscode/.local/lib/python3.10/site-packages/airflow/example_dags/example_setup_teardown.py
[2025-03-24T20:28:32.732+0000] {processor.py:179} INFO - Processing /home/vscode/.local/lib/python3.10/site-packages/airflow/example_dags/example_setup_teardown.py took 0.012 seconds
[2025-03-24T20:29:15.089+0000] {processor.py:157} INFO - Started process (PID=32441) to work on /home/vscode/.local/lib/python3.10/site-packages/airflow/example_dags/example_setup_teardown.py
[2025-03-24T20:29:15.089+0000] {processor.py:826} INFO - Processing file /home/vscode/.local/lib/python3.10/site-packages/airflow/example_dags/example_setup_teardown.py for tasks to queue
[2025-03-24T20:29:15.090+0000] {logging_mixin.py:150} INFO - [2025-03-24T20:29:15.090+0000] {dagbag.py:541} INFO - Filling up the DagBag from /home/vscode/.local/lib/python3.10/site-packages/airflow/example_dags/example_setup_teardown.py
[2025-03-24T20:29:15.091+0000] {processor.py:838} WARNING - No viable dags retrieved from /home/vscode/.local/lib/python3.10/site-packages/airflow/example_dags/example_setup_teardown.py
[2025-03-24T20:29:15.098+0000] {processor.py:179} INFO - Processing /home/vscode/.local/lib/python3.10/site-packages/airflow/example_dags/example_setup_teardown.py took 0.012 seconds
[2025-03-24T20:30:00.502+0000] {processor.py:157} INFO - Started process (PID=32758) to work on /home/vscode/.local/lib/python3.10/site-packages/airflow/example_dags/example_setup_teardown.py
[2025-03-24T20:30:00.503+0000] {processor.py:826} INFO - Processing file /home/vscode/.local/lib/python3.10/site-packages/airflow/example_dags/example_setup_teardown.py for tasks to queue
[2025-03-24T20:30:00.503+0000] {logging_mixin.py:150} INFO - [2025-03-24T20:30:00.503+0000] {dagbag.py:541} INFO - Filling up the DagBag from /home/vscode/.local/lib/python3.10/site-packages/airflow/example_dags/example_setup_teardown.py
[2025-03-24T20:30:00.505+0000] {processor.py:838} WARNING - No viable dags retrieved from /home/vscode/.local/lib/python3.10/site-packages/airflow/example_dags/example_setup_teardown.py
[2025-03-24T20:30:00.512+0000] {processor.py:179} INFO - Processing /home/vscode/.local/lib/python3.10/site-packages/airflow/example_dags/example_setup_teardown.py took 0.012 seconds
[2025-03-24T20:30:42.306+0000] {processor.py:157} INFO - Started process (PID=33039) to work on /home/vscode/.local/lib/python3.10/site-packages/airflow/example_dags/example_setup_teardown.py
[2025-03-24T20:30:42.306+0000] {processor.py:826} INFO - Processing file /home/vscode/.local/lib/python3.10/site-packages/airflow/example_dags/example_setup_teardown.py for tasks to queue
[2025-03-24T20:30:42.307+0000] {logging_mixin.py:150} INFO - [2025-03-24T20:30:42.307+0000] {dagbag.py:541} INFO - Filling up the DagBag from /home/vscode/.local/lib/python3.10/site-packages/airflow/example_dags/example_setup_teardown.py
[2025-03-24T20:30:42.308+0000] {processor.py:838} WARNING - No viable dags retrieved from /home/vscode/.local/lib/python3.10/site-packages/airflow/example_dags/example_setup_teardown.py
[2025-03-24T20:30:42.315+0000] {processor.py:179} INFO - Processing /home/vscode/.local/lib/python3.10/site-packages/airflow/example_dags/example_setup_teardown.py took 0.012 seconds
[2025-03-24T20:31:26.273+0000] {processor.py:157} INFO - Started process (PID=33332) to work on /home/vscode/.local/lib/python3.10/site-packages/airflow/example_dags/example_setup_teardown.py
[2025-03-24T20:31:26.274+0000] {processor.py:826} INFO - Processing file /home/vscode/.local/lib/python3.10/site-packages/airflow/example_dags/example_setup_teardown.py for tasks to queue
[2025-03-24T20:31:26.274+0000] {logging_mixin.py:150} INFO - [2025-03-24T20:31:26.274+0000] {dagbag.py:541} INFO - Filling up the DagBag from /home/vscode/.local/lib/python3.10/site-packages/airflow/example_dags/example_setup_teardown.py
[2025-03-24T20:31:26.276+0000] {processor.py:838} WARNING - No viable dags retrieved from /home/vscode/.local/lib/python3.10/site-packages/airflow/example_dags/example_setup_teardown.py
[2025-03-24T20:31:26.283+0000] {processor.py:179} INFO - Processing /home/vscode/.local/lib/python3.10/site-packages/airflow/example_dags/example_setup_teardown.py took 0.013 seconds
[2025-03-24T20:32:07.241+0000] {processor.py:157} INFO - Started process (PID=33607) to work on /home/vscode/.local/lib/python3.10/site-packages/airflow/example_dags/example_setup_teardown.py
[2025-03-24T20:32:07.242+0000] {processor.py:826} INFO - Processing file /home/vscode/.local/lib/python3.10/site-packages/airflow/example_dags/example_setup_teardown.py for tasks to queue
[2025-03-24T20:32:07.242+0000] {logging_mixin.py:150} INFO - [2025-03-24T20:32:07.242+0000] {dagbag.py:541} INFO - Filling up the DagBag from /home/vscode/.local/lib/python3.10/site-packages/airflow/example_dags/example_setup_teardown.py
[2025-03-24T20:32:07.244+0000] {processor.py:838} WARNING - No viable dags retrieved from /home/vscode/.local/lib/python3.10/site-packages/airflow/example_dags/example_setup_teardown.py
[2025-03-24T20:32:07.250+0000] {processor.py:179} INFO - Processing /home/vscode/.local/lib/python3.10/site-packages/airflow/example_dags/example_setup_teardown.py took 0.012 seconds
[2025-03-24T20:32:51.873+0000] {processor.py:157} INFO - Started process (PID=33912) to work on /home/vscode/.local/lib/python3.10/site-packages/airflow/example_dags/example_setup_teardown.py
[2025-03-24T20:32:51.873+0000] {processor.py:826} INFO - Processing file /home/vscode/.local/lib/python3.10/site-packages/airflow/example_dags/example_setup_teardown.py for tasks to queue
[2025-03-24T20:32:51.874+0000] {logging_mixin.py:150} INFO - [2025-03-24T20:32:51.874+0000] {dagbag.py:541} INFO - Filling up the DagBag from /home/vscode/.local/lib/python3.10/site-packages/airflow/example_dags/example_setup_teardown.py
[2025-03-24T20:32:51.876+0000] {processor.py:838} WARNING - No viable dags retrieved from /home/vscode/.local/lib/python3.10/site-packages/airflow/example_dags/example_setup_teardown.py
[2025-03-24T20:32:51.882+0000] {processor.py:179} INFO - Processing /home/vscode/.local/lib/python3.10/site-packages/airflow/example_dags/example_setup_teardown.py took 0.012 seconds
[2025-03-24T20:33:40.048+0000] {processor.py:157} INFO - Started process (PID=34331) to work on /home/vscode/.local/lib/python3.10/site-packages/airflow/example_dags/example_setup_teardown.py
[2025-03-24T20:33:40.048+0000] {processor.py:826} INFO - Processing file /home/vscode/.local/lib/python3.10/site-packages/airflow/example_dags/example_setup_teardown.py for tasks to queue
[2025-03-24T20:33:40.049+0000] {logging_mixin.py:150} INFO - [2025-03-24T20:33:40.049+0000] {dagbag.py:541} INFO - Filling up the DagBag from /home/vscode/.local/lib/python3.10/site-packages/airflow/example_dags/example_setup_teardown.py
[2025-03-24T20:33:40.051+0000] {processor.py:838} WARNING - No viable dags retrieved from /home/vscode/.local/lib/python3.10/site-packages/airflow/example_dags/example_setup_teardown.py
[2025-03-24T20:33:40.058+0000] {processor.py:179} INFO - Processing /home/vscode/.local/lib/python3.10/site-packages/airflow/example_dags/example_setup_teardown.py took 0.012 seconds
[2025-03-24T20:34:27.494+0000] {processor.py:157} INFO - Started process (PID=34647) to work on /home/vscode/.local/lib/python3.10/site-packages/airflow/example_dags/example_setup_teardown.py
[2025-03-24T20:34:27.494+0000] {processor.py:826} INFO - Processing file /home/vscode/.local/lib/python3.10/site-packages/airflow/example_dags/example_setup_teardown.py for tasks to queue
[2025-03-24T20:34:27.495+0000] {logging_mixin.py:150} INFO - [2025-03-24T20:34:27.495+0000] {dagbag.py:541} INFO - Filling up the DagBag from /home/vscode/.local/lib/python3.10/site-packages/airflow/example_dags/example_setup_teardown.py
[2025-03-24T20:34:27.497+0000] {processor.py:838} WARNING - No viable dags retrieved from /home/vscode/.local/lib/python3.10/site-packages/airflow/example_dags/example_setup_teardown.py
[2025-03-24T20:34:27.504+0000] {processor.py:179} INFO - Processing /home/vscode/.local/lib/python3.10/site-packages/airflow/example_dags/example_setup_teardown.py took 0.012 seconds
[2025-03-24T20:35:11.473+0000] {processor.py:157} INFO - Started process (PID=34940) to work on /home/vscode/.local/lib/python3.10/site-packages/airflow/example_dags/example_setup_teardown.py
[2025-03-24T20:35:11.474+0000] {processor.py:826} INFO - Processing file /home/vscode/.local/lib/python3.10/site-packages/airflow/example_dags/example_setup_teardown.py for tasks to queue
[2025-03-24T20:35:11.475+0000] {logging_mixin.py:150} INFO - [2025-03-24T20:35:11.474+0000] {dagbag.py:541} INFO - Filling up the DagBag from /home/vscode/.local/lib/python3.10/site-packages/airflow/example_dags/example_setup_teardown.py
[2025-03-24T20:35:11.476+0000] {processor.py:838} WARNING - No viable dags retrieved from /home/vscode/.local/lib/python3.10/site-packages/airflow/example_dags/example_setup_teardown.py
[2025-03-24T20:35:11.483+0000] {processor.py:179} INFO - Processing /home/vscode/.local/lib/python3.10/site-packages/airflow/example_dags/example_setup_teardown.py took 0.012 seconds
[2025-03-24T20:35:55.846+0000] {processor.py:157} INFO - Started process (PID=35239) to work on /home/vscode/.local/lib/python3.10/site-packages/airflow/example_dags/example_setup_teardown.py
[2025-03-24T20:35:55.847+0000] {processor.py:826} INFO - Processing file /home/vscode/.local/lib/python3.10/site-packages/airflow/example_dags/example_setup_teardown.py for tasks to queue
[2025-03-24T20:35:55.847+0000] {logging_mixin.py:150} INFO - [2025-03-24T20:35:55.847+0000] {dagbag.py:541} INFO - Filling up the DagBag from /home/vscode/.local/lib/python3.10/site-packages/airflow/example_dags/example_setup_teardown.py
[2025-03-24T20:35:55.849+0000] {processor.py:838} WARNING - No viable dags retrieved from /home/vscode/.local/lib/python3.10/site-packages/airflow/example_dags/example_setup_teardown.py
[2025-03-24T20:35:55.855+0000] {processor.py:179} INFO - Processing /home/vscode/.local/lib/python3.10/site-packages/airflow/example_dags/example_setup_teardown.py took 0.012 seconds
[2025-03-24T20:36:39.498+0000] {processor.py:157} INFO - Started process (PID=35550) to work on /home/vscode/.local/lib/python3.10/site-packages/airflow/example_dags/example_setup_teardown.py
[2025-03-24T20:36:39.498+0000] {processor.py:826} INFO - Processing file /home/vscode/.local/lib/python3.10/site-packages/airflow/example_dags/example_setup_teardown.py for tasks to queue
[2025-03-24T20:36:39.499+0000] {logging_mixin.py:150} INFO - [2025-03-24T20:36:39.499+0000] {dagbag.py:541} INFO - Filling up the DagBag from /home/vscode/.local/lib/python3.10/site-packages/airflow/example_dags/example_setup_teardown.py
[2025-03-24T20:36:39.500+0000] {processor.py:838} WARNING - No viable dags retrieved from /home/vscode/.local/lib/python3.10/site-packages/airflow/example_dags/example_setup_teardown.py
[2025-03-24T20:36:39.507+0000] {processor.py:179} INFO - Processing /home/vscode/.local/lib/python3.10/site-packages/airflow/example_dags/example_setup_teardown.py took 0.013 seconds
[2025-03-24T20:37:24.986+0000] {processor.py:157} INFO - Started process (PID=35888) to work on /home/vscode/.local/lib/python3.10/site-packages/airflow/example_dags/example_setup_teardown.py
[2025-03-24T20:37:24.986+0000] {processor.py:826} INFO - Processing file /home/vscode/.local/lib/python3.10/site-packages/airflow/example_dags/example_setup_teardown.py for tasks to queue
[2025-03-24T20:37:24.987+0000] {logging_mixin.py:150} INFO - [2025-03-24T20:37:24.987+0000] {dagbag.py:541} INFO - Filling up the DagBag from /home/vscode/.local/lib/python3.10/site-packages/airflow/example_dags/example_setup_teardown.py
[2025-03-24T20:37:24.989+0000] {processor.py:838} WARNING - No viable dags retrieved from /home/vscode/.local/lib/python3.10/site-packages/airflow/example_dags/example_setup_teardown.py
[2025-03-24T20:37:24.996+0000] {processor.py:179} INFO - Processing /home/vscode/.local/lib/python3.10/site-packages/airflow/example_dags/example_setup_teardown.py took 0.012 seconds
