[2025-03-24T20:12:49.593+0000] {processor.py:157} INFO - Started process (PID=25177) to work on /home/vscode/.local/lib/python3.10/site-packages/airflow/example_dags/example_params_ui_tutorial.py
[2025-03-24T20:12:49.595+0000] {processor.py:826} INFO - Processing file /home/vscode/.local/lib/python3.10/site-packages/airflow/example_dags/example_params_ui_tutorial.py for tasks to queue
[2025-03-24T20:12:49.596+0000] {logging_mixin.py:150} INFO - [2025-03-24T20:12:49.596+0000] {dagbag.py:541} INFO - Filling up the DagBag from /home/vscode/.local/lib/python3.10/site-packages/airflow/example_dags/example_params_ui_tutorial.py
[2025-03-24T20:12:49.650+0000] {processor.py:836} INFO - DAG(s) dict_keys(['example_params_ui_tutorial']) retrieved from /home/vscode/.local/lib/python3.10/site-packages/airflow/example_dags/example_params_ui_tutorial.py
[2025-03-24T20:12:50.134+0000] {logging_mixin.py:150} INFO - [2025-03-24T20:12:50.134+0000] {manager.py:504} INFO - Created Permission View: can delete on DAG:example_params_ui_tutorial
[2025-03-24T20:12:50.220+0000] {logging_mixin.py:150} INFO - [2025-03-24T20:12:50.220+0000] {manager.py:504} INFO - Created Permission View: can edit on DAG:example_params_ui_tutorial
[2025-03-24T20:12:50.238+0000] {logging_mixin.py:150} INFO - [2025-03-24T20:12:50.238+0000] {manager.py:504} INFO - Created Permission View: can read on DAG:example_params_ui_tutorial
[2025-03-24T20:12:50.353+0000] {logging_mixin.py:150} INFO - [2025-03-24T20:12:50.352+0000] {dag.py:2742} INFO - Sync 1 DAGs
[2025-03-24T20:12:50.373+0000] {logging_mixin.py:150} INFO - [2025-03-24T20:12:50.373+0000] {dag.py:2763} INFO - Creating ORM DAG for example_params_ui_tutorial
[2025-03-24T20:12:50.385+0000] {logging_mixin.py:150} INFO - [2025-03-24T20:12:50.385+0000] {dag.py:3504} INFO - Setting next_dagrun for example_params_ui_tutorial to None, run_after=None
[2025-03-24T20:12:50.433+0000] {processor.py:179} INFO - Processing /home/vscode/.local/lib/python3.10/site-packages/airflow/example_dags/example_params_ui_tutorial.py took 0.848 seconds
[2025-03-24T20:13:36.765+0000] {processor.py:157} INFO - Started process (PID=25533) to work on /home/vscode/.local/lib/python3.10/site-packages/airflow/example_dags/example_params_ui_tutorial.py
[2025-03-24T20:13:36.766+0000] {processor.py:826} INFO - Processing file /home/vscode/.local/lib/python3.10/site-packages/airflow/example_dags/example_params_ui_tutorial.py for tasks to queue
[2025-03-24T20:13:36.767+0000] {logging_mixin.py:150} INFO - [2025-03-24T20:13:36.766+0000] {dagbag.py:541} INFO - Filling up the DagBag from /home/vscode/.local/lib/python3.10/site-packages/airflow/example_dags/example_params_ui_tutorial.py
[2025-03-24T20:13:36.784+0000] {processor.py:836} INFO - DAG(s) dict_keys(['example_params_ui_tutorial']) retrieved from /home/vscode/.local/lib/python3.10/site-packages/airflow/example_dags/example_params_ui_tutorial.py
[2025-03-24T20:13:36.809+0000] {logging_mixin.py:150} INFO - [2025-03-24T20:13:36.809+0000] {dag.py:2742} INFO - Sync 1 DAGs
[2025-03-24T20:13:36.832+0000] {logging_mixin.py:150} INFO - [2025-03-24T20:13:36.832+0000] {dag.py:3504} INFO - Setting next_dagrun for example_params_ui_tutorial to None, run_after=None
[2025-03-24T20:13:36.854+0000] {processor.py:179} INFO - Processing /home/vscode/.local/lib/python3.10/site-packages/airflow/example_dags/example_params_ui_tutorial.py took 0.091 seconds
[2025-03-24T20:14:20.567+0000] {processor.py:157} INFO - Started process (PID=25826) to work on /home/vscode/.local/lib/python3.10/site-packages/airflow/example_dags/example_params_ui_tutorial.py
[2025-03-24T20:14:20.568+0000] {processor.py:826} INFO - Processing file /home/vscode/.local/lib/python3.10/site-packages/airflow/example_dags/example_params_ui_tutorial.py for tasks to queue
[2025-03-24T20:14:20.568+0000] {logging_mixin.py:150} INFO - [2025-03-24T20:14:20.568+0000] {dagbag.py:541} INFO - Filling up the DagBag from /home/vscode/.local/lib/python3.10/site-packages/airflow/example_dags/example_params_ui_tutorial.py
[2025-03-24T20:14:20.585+0000] {processor.py:836} INFO - DAG(s) dict_keys(['example_params_ui_tutorial']) retrieved from /home/vscode/.local/lib/python3.10/site-packages/airflow/example_dags/example_params_ui_tutorial.py
[2025-03-24T20:14:20.609+0000] {logging_mixin.py:150} INFO - [2025-03-24T20:14:20.609+0000] {dag.py:2742} INFO - Sync 1 DAGs
[2025-03-24T20:14:20.623+0000] {logging_mixin.py:150} INFO - [2025-03-24T20:14:20.623+0000] {dag.py:3504} INFO - Setting next_dagrun for example_params_ui_tutorial to None, run_after=None
[2025-03-24T20:14:20.638+0000] {processor.py:179} INFO - Processing /home/vscode/.local/lib/python3.10/site-packages/airflow/example_dags/example_params_ui_tutorial.py took 0.073 seconds
[2025-03-24T20:15:03.569+0000] {processor.py:157} INFO - Started process (PID=26131) to work on /home/vscode/.local/lib/python3.10/site-packages/airflow/example_dags/example_params_ui_tutorial.py
[2025-03-24T20:15:03.569+0000] {processor.py:826} INFO - Processing file /home/vscode/.local/lib/python3.10/site-packages/airflow/example_dags/example_params_ui_tutorial.py for tasks to queue
[2025-03-24T20:15:03.570+0000] {logging_mixin.py:150} INFO - [2025-03-24T20:15:03.570+0000] {dagbag.py:541} INFO - Filling up the DagBag from /home/vscode/.local/lib/python3.10/site-packages/airflow/example_dags/example_params_ui_tutorial.py
[2025-03-24T20:15:03.587+0000] {processor.py:836} INFO - DAG(s) dict_keys(['example_params_ui_tutorial']) retrieved from /home/vscode/.local/lib/python3.10/site-packages/airflow/example_dags/example_params_ui_tutorial.py
[2025-03-24T20:15:03.612+0000] {logging_mixin.py:150} INFO - [2025-03-24T20:15:03.612+0000] {dag.py:2742} INFO - Sync 1 DAGs
[2025-03-24T20:15:03.626+0000] {logging_mixin.py:150} INFO - [2025-03-24T20:15:03.626+0000] {dag.py:3504} INFO - Setting next_dagrun for example_params_ui_tutorial to None, run_after=None
[2025-03-24T20:15:03.640+0000] {processor.py:179} INFO - Processing /home/vscode/.local/lib/python3.10/site-packages/airflow/example_dags/example_params_ui_tutorial.py took 0.074 seconds
[2025-03-24T20:15:49.834+0000] {processor.py:157} INFO - Started process (PID=26444) to work on /home/vscode/.local/lib/python3.10/site-packages/airflow/example_dags/example_params_ui_tutorial.py
[2025-03-24T20:15:49.835+0000] {processor.py:826} INFO - Processing file /home/vscode/.local/lib/python3.10/site-packages/airflow/example_dags/example_params_ui_tutorial.py for tasks to queue
[2025-03-24T20:15:49.835+0000] {logging_mixin.py:150} INFO - [2025-03-24T20:15:49.835+0000] {dagbag.py:541} INFO - Filling up the DagBag from /home/vscode/.local/lib/python3.10/site-packages/airflow/example_dags/example_params_ui_tutorial.py
[2025-03-24T20:15:49.853+0000] {processor.py:836} INFO - DAG(s) dict_keys(['example_params_ui_tutorial']) retrieved from /home/vscode/.local/lib/python3.10/site-packages/airflow/example_dags/example_params_ui_tutorial.py
[2025-03-24T20:15:49.877+0000] {logging_mixin.py:150} INFO - [2025-03-24T20:15:49.877+0000] {dag.py:2742} INFO - Sync 1 DAGs
[2025-03-24T20:15:49.891+0000] {logging_mixin.py:150} INFO - [2025-03-24T20:15:49.891+0000] {dag.py:3504} INFO - Setting next_dagrun for example_params_ui_tutorial to None, run_after=None
[2025-03-24T20:15:49.906+0000] {processor.py:179} INFO - Processing /home/vscode/.local/lib/python3.10/site-packages/airflow/example_dags/example_params_ui_tutorial.py took 0.074 seconds
[2025-03-24T20:16:36.551+0000] {processor.py:157} INFO - Started process (PID=26749) to work on /home/vscode/.local/lib/python3.10/site-packages/airflow/example_dags/example_params_ui_tutorial.py
[2025-03-24T20:16:36.551+0000] {processor.py:826} INFO - Processing file /home/vscode/.local/lib/python3.10/site-packages/airflow/example_dags/example_params_ui_tutorial.py for tasks to queue
[2025-03-24T20:16:36.552+0000] {logging_mixin.py:150} INFO - [2025-03-24T20:16:36.552+0000] {dagbag.py:541} INFO - Filling up the DagBag from /home/vscode/.local/lib/python3.10/site-packages/airflow/example_dags/example_params_ui_tutorial.py
[2025-03-24T20:16:36.569+0000] {processor.py:836} INFO - DAG(s) dict_keys(['example_params_ui_tutorial']) retrieved from /home/vscode/.local/lib/python3.10/site-packages/airflow/example_dags/example_params_ui_tutorial.py
[2025-03-24T20:16:36.593+0000] {logging_mixin.py:150} INFO - [2025-03-24T20:16:36.593+0000] {dag.py:2742} INFO - Sync 1 DAGs
[2025-03-24T20:16:36.606+0000] {logging_mixin.py:150} INFO - [2025-03-24T20:16:36.606+0000] {dag.py:3504} INFO - Setting next_dagrun for example_params_ui_tutorial to None, run_after=None
[2025-03-24T20:16:36.621+0000] {processor.py:179} INFO - Processing /home/vscode/.local/lib/python3.10/site-packages/airflow/example_dags/example_params_ui_tutorial.py took 0.072 seconds
[2025-03-24T20:17:24.037+0000] {processor.py:157} INFO - Started process (PID=27066) to work on /home/vscode/.local/lib/python3.10/site-packages/airflow/example_dags/example_params_ui_tutorial.py
[2025-03-24T20:17:24.037+0000] {processor.py:826} INFO - Processing file /home/vscode/.local/lib/python3.10/site-packages/airflow/example_dags/example_params_ui_tutorial.py for tasks to queue
[2025-03-24T20:17:24.038+0000] {logging_mixin.py:150} INFO - [2025-03-24T20:17:24.038+0000] {dagbag.py:541} INFO - Filling up the DagBag from /home/vscode/.local/lib/python3.10/site-packages/airflow/example_dags/example_params_ui_tutorial.py
[2025-03-24T20:17:24.055+0000] {processor.py:836} INFO - DAG(s) dict_keys(['example_params_ui_tutorial']) retrieved from /home/vscode/.local/lib/python3.10/site-packages/airflow/example_dags/example_params_ui_tutorial.py
[2025-03-24T20:17:24.079+0000] {logging_mixin.py:150} INFO - [2025-03-24T20:17:24.079+0000] {dag.py:2742} INFO - Sync 1 DAGs
[2025-03-24T20:17:24.093+0000] {logging_mixin.py:150} INFO - [2025-03-24T20:17:24.093+0000] {dag.py:3504} INFO - Setting next_dagrun for example_params_ui_tutorial to None, run_after=None
[2025-03-24T20:17:24.110+0000] {processor.py:179} INFO - Processing /home/vscode/.local/lib/python3.10/site-packages/airflow/example_dags/example_params_ui_tutorial.py took 0.075 seconds
[2025-03-24T20:18:08.985+0000] {processor.py:157} INFO - Started process (PID=27366) to work on /home/vscode/.local/lib/python3.10/site-packages/airflow/example_dags/example_params_ui_tutorial.py
[2025-03-24T20:18:08.986+0000] {processor.py:826} INFO - Processing file /home/vscode/.local/lib/python3.10/site-packages/airflow/example_dags/example_params_ui_tutorial.py for tasks to queue
[2025-03-24T20:18:08.986+0000] {logging_mixin.py:150} INFO - [2025-03-24T20:18:08.986+0000] {dagbag.py:541} INFO - Filling up the DagBag from /home/vscode/.local/lib/python3.10/site-packages/airflow/example_dags/example_params_ui_tutorial.py
[2025-03-24T20:18:09.004+0000] {processor.py:836} INFO - DAG(s) dict_keys(['example_params_ui_tutorial']) retrieved from /home/vscode/.local/lib/python3.10/site-packages/airflow/example_dags/example_params_ui_tutorial.py
[2025-03-24T20:18:09.028+0000] {logging_mixin.py:150} INFO - [2025-03-24T20:18:09.028+0000] {dag.py:2742} INFO - Sync 1 DAGs
[2025-03-24T20:18:09.042+0000] {logging_mixin.py:150} INFO - [2025-03-24T20:18:09.042+0000] {dag.py:3504} INFO - Setting next_dagrun for example_params_ui_tutorial to None, run_after=None
[2025-03-24T20:18:09.057+0000] {processor.py:179} INFO - Processing /home/vscode/.local/lib/python3.10/site-packages/airflow/example_dags/example_params_ui_tutorial.py took 0.074 seconds
[2025-03-24T20:18:55.184+0000] {processor.py:157} INFO - Started process (PID=27671) to work on /home/vscode/.local/lib/python3.10/site-packages/airflow/example_dags/example_params_ui_tutorial.py
[2025-03-24T20:18:55.184+0000] {processor.py:826} INFO - Processing file /home/vscode/.local/lib/python3.10/site-packages/airflow/example_dags/example_params_ui_tutorial.py for tasks to queue
[2025-03-24T20:18:55.185+0000] {logging_mixin.py:150} INFO - [2025-03-24T20:18:55.185+0000] {dagbag.py:541} INFO - Filling up the DagBag from /home/vscode/.local/lib/python3.10/site-packages/airflow/example_dags/example_params_ui_tutorial.py
[2025-03-24T20:18:55.202+0000] {processor.py:836} INFO - DAG(s) dict_keys(['example_params_ui_tutorial']) retrieved from /home/vscode/.local/lib/python3.10/site-packages/airflow/example_dags/example_params_ui_tutorial.py
[2025-03-24T20:18:55.227+0000] {logging_mixin.py:150} INFO - [2025-03-24T20:18:55.227+0000] {dag.py:2742} INFO - Sync 1 DAGs
[2025-03-24T20:18:55.241+0000] {logging_mixin.py:150} INFO - [2025-03-24T20:18:55.241+0000] {dag.py:3504} INFO - Setting next_dagrun for example_params_ui_tutorial to None, run_after=None
[2025-03-24T20:18:55.255+0000] {processor.py:179} INFO - Processing /home/vscode/.local/lib/python3.10/site-packages/airflow/example_dags/example_params_ui_tutorial.py took 0.073 seconds
[2025-03-24T20:19:41.285+0000] {processor.py:157} INFO - Started process (PID=27996) to work on /home/vscode/.local/lib/python3.10/site-packages/airflow/example_dags/example_params_ui_tutorial.py
[2025-03-24T20:19:41.286+0000] {processor.py:826} INFO - Processing file /home/vscode/.local/lib/python3.10/site-packages/airflow/example_dags/example_params_ui_tutorial.py for tasks to queue
[2025-03-24T20:19:41.286+0000] {logging_mixin.py:150} INFO - [2025-03-24T20:19:41.286+0000] {dagbag.py:541} INFO - Filling up the DagBag from /home/vscode/.local/lib/python3.10/site-packages/airflow/example_dags/example_params_ui_tutorial.py
[2025-03-24T20:19:41.304+0000] {processor.py:836} INFO - DAG(s) dict_keys(['example_params_ui_tutorial']) retrieved from /home/vscode/.local/lib/python3.10/site-packages/airflow/example_dags/example_params_ui_tutorial.py
[2025-03-24T20:19:41.329+0000] {logging_mixin.py:150} INFO - [2025-03-24T20:19:41.329+0000] {dag.py:2742} INFO - Sync 1 DAGs
[2025-03-24T20:19:41.344+0000] {logging_mixin.py:150} INFO - [2025-03-24T20:19:41.344+0000] {dag.py:3504} INFO - Setting next_dagrun for example_params_ui_tutorial to None, run_after=None
[2025-03-24T20:19:41.359+0000] {processor.py:179} INFO - Processing /home/vscode/.local/lib/python3.10/site-packages/airflow/example_dags/example_params_ui_tutorial.py took 0.076 seconds
[2025-03-24T20:20:28.744+0000] {processor.py:157} INFO - Started process (PID=28331) to work on /home/vscode/.local/lib/python3.10/site-packages/airflow/example_dags/example_params_ui_tutorial.py
[2025-03-24T20:20:28.745+0000] {processor.py:826} INFO - Processing file /home/vscode/.local/lib/python3.10/site-packages/airflow/example_dags/example_params_ui_tutorial.py for tasks to queue
[2025-03-24T20:20:28.745+0000] {logging_mixin.py:150} INFO - [2025-03-24T20:20:28.745+0000] {dagbag.py:541} INFO - Filling up the DagBag from /home/vscode/.local/lib/python3.10/site-packages/airflow/example_dags/example_params_ui_tutorial.py
[2025-03-24T20:20:28.762+0000] {processor.py:836} INFO - DAG(s) dict_keys(['example_params_ui_tutorial']) retrieved from /home/vscode/.local/lib/python3.10/site-packages/airflow/example_dags/example_params_ui_tutorial.py
[2025-03-24T20:20:28.786+0000] {logging_mixin.py:150} INFO - [2025-03-24T20:20:28.786+0000] {dag.py:2742} INFO - Sync 1 DAGs
[2025-03-24T20:20:28.799+0000] {logging_mixin.py:150} INFO - [2025-03-24T20:20:28.799+0000] {dag.py:3504} INFO - Setting next_dagrun for example_params_ui_tutorial to None, run_after=None
[2025-03-24T20:20:28.815+0000] {processor.py:179} INFO - Processing /home/vscode/.local/lib/python3.10/site-packages/airflow/example_dags/example_params_ui_tutorial.py took 0.073 seconds
[2025-03-24T20:21:17.040+0000] {processor.py:157} INFO - Started process (PID=28705) to work on /home/vscode/.local/lib/python3.10/site-packages/airflow/example_dags/example_params_ui_tutorial.py
[2025-03-24T20:21:17.040+0000] {processor.py:826} INFO - Processing file /home/vscode/.local/lib/python3.10/site-packages/airflow/example_dags/example_params_ui_tutorial.py for tasks to queue
[2025-03-24T20:21:17.041+0000] {logging_mixin.py:150} INFO - [2025-03-24T20:21:17.041+0000] {dagbag.py:541} INFO - Filling up the DagBag from /home/vscode/.local/lib/python3.10/site-packages/airflow/example_dags/example_params_ui_tutorial.py
[2025-03-24T20:21:17.062+0000] {processor.py:836} INFO - DAG(s) dict_keys(['example_params_ui_tutorial']) retrieved from /home/vscode/.local/lib/python3.10/site-packages/airflow/example_dags/example_params_ui_tutorial.py
[2025-03-24T20:21:17.103+0000] {logging_mixin.py:150} INFO - [2025-03-24T20:21:17.103+0000] {dag.py:2742} INFO - Sync 1 DAGs
[2025-03-24T20:21:17.120+0000] {logging_mixin.py:150} INFO - [2025-03-24T20:21:17.120+0000] {dag.py:3504} INFO - Setting next_dagrun for example_params_ui_tutorial to None, run_after=None
[2025-03-24T20:21:17.135+0000] {processor.py:179} INFO - Processing /home/vscode/.local/lib/python3.10/site-packages/airflow/example_dags/example_params_ui_tutorial.py took 0.097 seconds
[2025-03-24T20:22:04.587+0000] {processor.py:157} INFO - Started process (PID=29065) to work on /home/vscode/.local/lib/python3.10/site-packages/airflow/example_dags/example_params_ui_tutorial.py
[2025-03-24T20:22:04.588+0000] {processor.py:826} INFO - Processing file /home/vscode/.local/lib/python3.10/site-packages/airflow/example_dags/example_params_ui_tutorial.py for tasks to queue
[2025-03-24T20:22:04.588+0000] {logging_mixin.py:150} INFO - [2025-03-24T20:22:04.588+0000] {dagbag.py:541} INFO - Filling up the DagBag from /home/vscode/.local/lib/python3.10/site-packages/airflow/example_dags/example_params_ui_tutorial.py
[2025-03-24T20:22:04.606+0000] {processor.py:836} INFO - DAG(s) dict_keys(['example_params_ui_tutorial']) retrieved from /home/vscode/.local/lib/python3.10/site-packages/airflow/example_dags/example_params_ui_tutorial.py
[2025-03-24T20:22:04.637+0000] {logging_mixin.py:150} INFO - [2025-03-24T20:22:04.637+0000] {dag.py:2742} INFO - Sync 1 DAGs
[2025-03-24T20:22:04.651+0000] {logging_mixin.py:150} INFO - [2025-03-24T20:22:04.651+0000] {dag.py:3504} INFO - Setting next_dagrun for example_params_ui_tutorial to None, run_after=None
[2025-03-24T20:22:04.665+0000] {processor.py:179} INFO - Processing /home/vscode/.local/lib/python3.10/site-packages/airflow/example_dags/example_params_ui_tutorial.py took 0.080 seconds
[2025-03-24T20:22:46.262+0000] {processor.py:157} INFO - Started process (PID=29371) to work on /home/vscode/.local/lib/python3.10/site-packages/airflow/example_dags/example_params_ui_tutorial.py
[2025-03-24T20:22:46.263+0000] {processor.py:826} INFO - Processing file /home/vscode/.local/lib/python3.10/site-packages/airflow/example_dags/example_params_ui_tutorial.py for tasks to queue
[2025-03-24T20:22:46.264+0000] {logging_mixin.py:150} INFO - [2025-03-24T20:22:46.263+0000] {dagbag.py:541} INFO - Filling up the DagBag from /home/vscode/.local/lib/python3.10/site-packages/airflow/example_dags/example_params_ui_tutorial.py
[2025-03-24T20:22:46.281+0000] {processor.py:836} INFO - DAG(s) dict_keys(['example_params_ui_tutorial']) retrieved from /home/vscode/.local/lib/python3.10/site-packages/airflow/example_dags/example_params_ui_tutorial.py
[2025-03-24T20:22:46.306+0000] {logging_mixin.py:150} INFO - [2025-03-24T20:22:46.306+0000] {dag.py:2742} INFO - Sync 1 DAGs
[2025-03-24T20:22:46.320+0000] {logging_mixin.py:150} INFO - [2025-03-24T20:22:46.320+0000] {dag.py:3504} INFO - Setting next_dagrun for example_params_ui_tutorial to None, run_after=None
[2025-03-24T20:22:46.336+0000] {processor.py:179} INFO - Processing /home/vscode/.local/lib/python3.10/site-packages/airflow/example_dags/example_params_ui_tutorial.py took 0.076 seconds
[2025-03-24T20:23:33.602+0000] {processor.py:157} INFO - Started process (PID=29772) to work on /home/vscode/.local/lib/python3.10/site-packages/airflow/example_dags/example_params_ui_tutorial.py
[2025-03-24T20:23:33.602+0000] {processor.py:826} INFO - Processing file /home/vscode/.local/lib/python3.10/site-packages/airflow/example_dags/example_params_ui_tutorial.py for tasks to queue
[2025-03-24T20:23:33.603+0000] {logging_mixin.py:150} INFO - [2025-03-24T20:23:33.603+0000] {dagbag.py:541} INFO - Filling up the DagBag from /home/vscode/.local/lib/python3.10/site-packages/airflow/example_dags/example_params_ui_tutorial.py
[2025-03-24T20:23:33.621+0000] {processor.py:836} INFO - DAG(s) dict_keys(['example_params_ui_tutorial']) retrieved from /home/vscode/.local/lib/python3.10/site-packages/airflow/example_dags/example_params_ui_tutorial.py
[2025-03-24T20:23:33.646+0000] {logging_mixin.py:150} INFO - [2025-03-24T20:23:33.646+0000] {dag.py:2742} INFO - Sync 1 DAGs
[2025-03-24T20:23:33.660+0000] {logging_mixin.py:150} INFO - [2025-03-24T20:23:33.660+0000] {dag.py:3504} INFO - Setting next_dagrun for example_params_ui_tutorial to None, run_after=None
[2025-03-24T20:23:33.674+0000] {processor.py:179} INFO - Processing /home/vscode/.local/lib/python3.10/site-packages/airflow/example_dags/example_params_ui_tutorial.py took 0.075 seconds
[2025-03-24T20:24:18.163+0000] {processor.py:157} INFO - Started process (PID=30112) to work on /home/vscode/.local/lib/python3.10/site-packages/airflow/example_dags/example_params_ui_tutorial.py
[2025-03-24T20:24:18.164+0000] {processor.py:826} INFO - Processing file /home/vscode/.local/lib/python3.10/site-packages/airflow/example_dags/example_params_ui_tutorial.py for tasks to queue
[2025-03-24T20:24:18.164+0000] {logging_mixin.py:150} INFO - [2025-03-24T20:24:18.164+0000] {dagbag.py:541} INFO - Filling up the DagBag from /home/vscode/.local/lib/python3.10/site-packages/airflow/example_dags/example_params_ui_tutorial.py
[2025-03-24T20:24:18.182+0000] {processor.py:836} INFO - DAG(s) dict_keys(['example_params_ui_tutorial']) retrieved from /home/vscode/.local/lib/python3.10/site-packages/airflow/example_dags/example_params_ui_tutorial.py
[2025-03-24T20:24:18.206+0000] {logging_mixin.py:150} INFO - [2025-03-24T20:24:18.206+0000] {dag.py:2742} INFO - Sync 1 DAGs
[2025-03-24T20:24:18.220+0000] {logging_mixin.py:150} INFO - [2025-03-24T20:24:18.220+0000] {dag.py:3504} INFO - Setting next_dagrun for example_params_ui_tutorial to None, run_after=None
[2025-03-24T20:24:18.235+0000] {processor.py:179} INFO - Processing /home/vscode/.local/lib/python3.10/site-packages/airflow/example_dags/example_params_ui_tutorial.py took 0.074 seconds
[2025-03-24T20:25:00.035+0000] {processor.py:157} INFO - Started process (PID=30416) to work on /home/vscode/.local/lib/python3.10/site-packages/airflow/example_dags/example_params_ui_tutorial.py
[2025-03-24T20:25:00.036+0000] {processor.py:826} INFO - Processing file /home/vscode/.local/lib/python3.10/site-packages/airflow/example_dags/example_params_ui_tutorial.py for tasks to queue
[2025-03-24T20:25:00.037+0000] {logging_mixin.py:150} INFO - [2025-03-24T20:25:00.036+0000] {dagbag.py:541} INFO - Filling up the DagBag from /home/vscode/.local/lib/python3.10/site-packages/airflow/example_dags/example_params_ui_tutorial.py
[2025-03-24T20:25:00.056+0000] {processor.py:836} INFO - DAG(s) dict_keys(['example_params_ui_tutorial']) retrieved from /home/vscode/.local/lib/python3.10/site-packages/airflow/example_dags/example_params_ui_tutorial.py
[2025-03-24T20:25:00.081+0000] {logging_mixin.py:150} INFO - [2025-03-24T20:25:00.081+0000] {dag.py:2742} INFO - Sync 1 DAGs
[2025-03-24T20:25:00.097+0000] {logging_mixin.py:150} INFO - [2025-03-24T20:25:00.096+0000] {dag.py:3504} INFO - Setting next_dagrun for example_params_ui_tutorial to None, run_after=None
[2025-03-24T20:25:00.112+0000] {processor.py:179} INFO - Processing /home/vscode/.local/lib/python3.10/site-packages/airflow/example_dags/example_params_ui_tutorial.py took 0.079 seconds
[2025-03-24T20:25:43.277+0000] {processor.py:157} INFO - Started process (PID=30754) to work on /home/vscode/.local/lib/python3.10/site-packages/airflow/example_dags/example_params_ui_tutorial.py
[2025-03-24T20:25:43.278+0000] {processor.py:826} INFO - Processing file /home/vscode/.local/lib/python3.10/site-packages/airflow/example_dags/example_params_ui_tutorial.py for tasks to queue
[2025-03-24T20:25:43.278+0000] {logging_mixin.py:150} INFO - [2025-03-24T20:25:43.278+0000] {dagbag.py:541} INFO - Filling up the DagBag from /home/vscode/.local/lib/python3.10/site-packages/airflow/example_dags/example_params_ui_tutorial.py
[2025-03-24T20:25:43.296+0000] {processor.py:836} INFO - DAG(s) dict_keys(['example_params_ui_tutorial']) retrieved from /home/vscode/.local/lib/python3.10/site-packages/airflow/example_dags/example_params_ui_tutorial.py
[2025-03-24T20:25:43.322+0000] {logging_mixin.py:150} INFO - [2025-03-24T20:25:43.322+0000] {dag.py:2742} INFO - Sync 1 DAGs
[2025-03-24T20:25:43.336+0000] {logging_mixin.py:150} INFO - [2025-03-24T20:25:43.336+0000] {dag.py:3504} INFO - Setting next_dagrun for example_params_ui_tutorial to None, run_after=None
[2025-03-24T20:25:43.351+0000] {processor.py:179} INFO - Processing /home/vscode/.local/lib/python3.10/site-packages/airflow/example_dags/example_params_ui_tutorial.py took 0.076 seconds
[2025-03-24T20:26:29.833+0000] {processor.py:157} INFO - Started process (PID=31094) to work on /home/vscode/.local/lib/python3.10/site-packages/airflow/example_dags/example_params_ui_tutorial.py
[2025-03-24T20:26:29.834+0000] {processor.py:826} INFO - Processing file /home/vscode/.local/lib/python3.10/site-packages/airflow/example_dags/example_params_ui_tutorial.py for tasks to queue
[2025-03-24T20:26:29.835+0000] {logging_mixin.py:150} INFO - [2025-03-24T20:26:29.834+0000] {dagbag.py:541} INFO - Filling up the DagBag from /home/vscode/.local/lib/python3.10/site-packages/airflow/example_dags/example_params_ui_tutorial.py
[2025-03-24T20:26:29.852+0000] {processor.py:836} INFO - DAG(s) dict_keys(['example_params_ui_tutorial']) retrieved from /home/vscode/.local/lib/python3.10/site-packages/airflow/example_dags/example_params_ui_tutorial.py
[2025-03-24T20:26:29.877+0000] {logging_mixin.py:150} INFO - [2025-03-24T20:26:29.877+0000] {dag.py:2742} INFO - Sync 1 DAGs
[2025-03-24T20:26:29.891+0000] {logging_mixin.py:150} INFO - [2025-03-24T20:26:29.891+0000] {dag.py:3504} INFO - Setting next_dagrun for example_params_ui_tutorial to None, run_after=None
[2025-03-24T20:26:29.906+0000] {processor.py:179} INFO - Processing /home/vscode/.local/lib/python3.10/site-packages/airflow/example_dags/example_params_ui_tutorial.py took 0.075 seconds
[2025-03-24T20:27:14.467+0000] {processor.py:157} INFO - Started process (PID=31521) to work on /home/vscode/.local/lib/python3.10/site-packages/airflow/example_dags/example_params_ui_tutorial.py
[2025-03-24T20:27:14.467+0000] {processor.py:826} INFO - Processing file /home/vscode/.local/lib/python3.10/site-packages/airflow/example_dags/example_params_ui_tutorial.py for tasks to queue
[2025-03-24T20:27:14.468+0000] {logging_mixin.py:150} INFO - [2025-03-24T20:27:14.468+0000] {dagbag.py:541} INFO - Filling up the DagBag from /home/vscode/.local/lib/python3.10/site-packages/airflow/example_dags/example_params_ui_tutorial.py
[2025-03-24T20:27:14.485+0000] {processor.py:836} INFO - DAG(s) dict_keys(['example_params_ui_tutorial']) retrieved from /home/vscode/.local/lib/python3.10/site-packages/airflow/example_dags/example_params_ui_tutorial.py
[2025-03-24T20:27:14.510+0000] {logging_mixin.py:150} INFO - [2025-03-24T20:27:14.510+0000] {dag.py:2742} INFO - Sync 1 DAGs
[2025-03-24T20:27:14.524+0000] {logging_mixin.py:150} INFO - [2025-03-24T20:27:14.524+0000] {dag.py:3504} INFO - Setting next_dagrun for example_params_ui_tutorial to None, run_after=None
[2025-03-24T20:27:14.538+0000] {processor.py:179} INFO - Processing /home/vscode/.local/lib/python3.10/site-packages/airflow/example_dags/example_params_ui_tutorial.py took 0.074 seconds
[2025-03-24T20:27:59.418+0000] {processor.py:157} INFO - Started process (PID=31896) to work on /home/vscode/.local/lib/python3.10/site-packages/airflow/example_dags/example_params_ui_tutorial.py
[2025-03-24T20:27:59.419+0000] {processor.py:826} INFO - Processing file /home/vscode/.local/lib/python3.10/site-packages/airflow/example_dags/example_params_ui_tutorial.py for tasks to queue
[2025-03-24T20:27:59.419+0000] {logging_mixin.py:150} INFO - [2025-03-24T20:27:59.419+0000] {dagbag.py:541} INFO - Filling up the DagBag from /home/vscode/.local/lib/python3.10/site-packages/airflow/example_dags/example_params_ui_tutorial.py
[2025-03-24T20:27:59.436+0000] {processor.py:836} INFO - DAG(s) dict_keys(['example_params_ui_tutorial']) retrieved from /home/vscode/.local/lib/python3.10/site-packages/airflow/example_dags/example_params_ui_tutorial.py
[2025-03-24T20:27:59.461+0000] {logging_mixin.py:150} INFO - [2025-03-24T20:27:59.461+0000] {dag.py:2742} INFO - Sync 1 DAGs
[2025-03-24T20:27:59.475+0000] {logging_mixin.py:150} INFO - [2025-03-24T20:27:59.475+0000] {dag.py:3504} INFO - Setting next_dagrun for example_params_ui_tutorial to None, run_after=None
[2025-03-24T20:27:59.490+0000] {processor.py:179} INFO - Processing /home/vscode/.local/lib/python3.10/site-packages/airflow/example_dags/example_params_ui_tutorial.py took 0.074 seconds
[2025-03-24T20:28:43.000+0000] {processor.py:157} INFO - Started process (PID=32205) to work on /home/vscode/.local/lib/python3.10/site-packages/airflow/example_dags/example_params_ui_tutorial.py
[2025-03-24T20:28:43.000+0000] {processor.py:826} INFO - Processing file /home/vscode/.local/lib/python3.10/site-packages/airflow/example_dags/example_params_ui_tutorial.py for tasks to queue
[2025-03-24T20:28:43.001+0000] {logging_mixin.py:150} INFO - [2025-03-24T20:28:43.001+0000] {dagbag.py:541} INFO - Filling up the DagBag from /home/vscode/.local/lib/python3.10/site-packages/airflow/example_dags/example_params_ui_tutorial.py
[2025-03-24T20:28:43.018+0000] {processor.py:836} INFO - DAG(s) dict_keys(['example_params_ui_tutorial']) retrieved from /home/vscode/.local/lib/python3.10/site-packages/airflow/example_dags/example_params_ui_tutorial.py
[2025-03-24T20:28:43.043+0000] {logging_mixin.py:150} INFO - [2025-03-24T20:28:43.043+0000] {dag.py:2742} INFO - Sync 1 DAGs
[2025-03-24T20:28:43.057+0000] {logging_mixin.py:150} INFO - [2025-03-24T20:28:43.057+0000] {dag.py:3504} INFO - Setting next_dagrun for example_params_ui_tutorial to None, run_after=None
[2025-03-24T20:28:43.076+0000] {processor.py:179} INFO - Processing /home/vscode/.local/lib/python3.10/site-packages/airflow/example_dags/example_params_ui_tutorial.py took 0.078 seconds
[2025-03-24T20:29:29.088+0000] {processor.py:157} INFO - Started process (PID=32535) to work on /home/vscode/.local/lib/python3.10/site-packages/airflow/example_dags/example_params_ui_tutorial.py
[2025-03-24T20:29:29.089+0000] {processor.py:826} INFO - Processing file /home/vscode/.local/lib/python3.10/site-packages/airflow/example_dags/example_params_ui_tutorial.py for tasks to queue
[2025-03-24T20:29:29.089+0000] {logging_mixin.py:150} INFO - [2025-03-24T20:29:29.089+0000] {dagbag.py:541} INFO - Filling up the DagBag from /home/vscode/.local/lib/python3.10/site-packages/airflow/example_dags/example_params_ui_tutorial.py
[2025-03-24T20:29:29.107+0000] {processor.py:836} INFO - DAG(s) dict_keys(['example_params_ui_tutorial']) retrieved from /home/vscode/.local/lib/python3.10/site-packages/airflow/example_dags/example_params_ui_tutorial.py
[2025-03-24T20:29:29.149+0000] {logging_mixin.py:150} INFO - [2025-03-24T20:29:29.148+0000] {dag.py:2742} INFO - Sync 1 DAGs
[2025-03-24T20:29:29.165+0000] {logging_mixin.py:150} INFO - [2025-03-24T20:29:29.165+0000] {dag.py:3504} INFO - Setting next_dagrun for example_params_ui_tutorial to None, run_after=None
[2025-03-24T20:29:29.180+0000] {processor.py:179} INFO - Processing /home/vscode/.local/lib/python3.10/site-packages/airflow/example_dags/example_params_ui_tutorial.py took 0.094 seconds
[2025-03-24T20:30:13.068+0000] {processor.py:157} INFO - Started process (PID=32837) to work on /home/vscode/.local/lib/python3.10/site-packages/airflow/example_dags/example_params_ui_tutorial.py
[2025-03-24T20:30:13.068+0000] {processor.py:826} INFO - Processing file /home/vscode/.local/lib/python3.10/site-packages/airflow/example_dags/example_params_ui_tutorial.py for tasks to queue
[2025-03-24T20:30:13.069+0000] {logging_mixin.py:150} INFO - [2025-03-24T20:30:13.069+0000] {dagbag.py:541} INFO - Filling up the DagBag from /home/vscode/.local/lib/python3.10/site-packages/airflow/example_dags/example_params_ui_tutorial.py
[2025-03-24T20:30:13.086+0000] {processor.py:836} INFO - DAG(s) dict_keys(['example_params_ui_tutorial']) retrieved from /home/vscode/.local/lib/python3.10/site-packages/airflow/example_dags/example_params_ui_tutorial.py
[2025-03-24T20:30:13.111+0000] {logging_mixin.py:150} INFO - [2025-03-24T20:30:13.111+0000] {dag.py:2742} INFO - Sync 1 DAGs
[2025-03-24T20:30:13.124+0000] {logging_mixin.py:150} INFO - [2025-03-24T20:30:13.124+0000] {dag.py:3504} INFO - Setting next_dagrun for example_params_ui_tutorial to None, run_after=None
[2025-03-24T20:30:13.139+0000] {processor.py:179} INFO - Processing /home/vscode/.local/lib/python3.10/site-packages/airflow/example_dags/example_params_ui_tutorial.py took 0.074 seconds
[2025-03-24T20:30:54.865+0000] {processor.py:157} INFO - Started process (PID=33130) to work on /home/vscode/.local/lib/python3.10/site-packages/airflow/example_dags/example_params_ui_tutorial.py
[2025-03-24T20:30:54.866+0000] {processor.py:826} INFO - Processing file /home/vscode/.local/lib/python3.10/site-packages/airflow/example_dags/example_params_ui_tutorial.py for tasks to queue
[2025-03-24T20:30:54.866+0000] {logging_mixin.py:150} INFO - [2025-03-24T20:30:54.866+0000] {dagbag.py:541} INFO - Filling up the DagBag from /home/vscode/.local/lib/python3.10/site-packages/airflow/example_dags/example_params_ui_tutorial.py
[2025-03-24T20:30:54.884+0000] {processor.py:836} INFO - DAG(s) dict_keys(['example_params_ui_tutorial']) retrieved from /home/vscode/.local/lib/python3.10/site-packages/airflow/example_dags/example_params_ui_tutorial.py
[2025-03-24T20:30:54.909+0000] {logging_mixin.py:150} INFO - [2025-03-24T20:30:54.909+0000] {dag.py:2742} INFO - Sync 1 DAGs
[2025-03-24T20:30:54.923+0000] {logging_mixin.py:150} INFO - [2025-03-24T20:30:54.923+0000] {dag.py:3504} INFO - Setting next_dagrun for example_params_ui_tutorial to None, run_after=None
[2025-03-24T20:30:54.938+0000] {processor.py:179} INFO - Processing /home/vscode/.local/lib/python3.10/site-packages/airflow/example_dags/example_params_ui_tutorial.py took 0.075 seconds
[2025-03-24T20:31:38.704+0000] {processor.py:157} INFO - Started process (PID=33417) to work on /home/vscode/.local/lib/python3.10/site-packages/airflow/example_dags/example_params_ui_tutorial.py
[2025-03-24T20:31:38.705+0000] {processor.py:826} INFO - Processing file /home/vscode/.local/lib/python3.10/site-packages/airflow/example_dags/example_params_ui_tutorial.py for tasks to queue
[2025-03-24T20:31:38.705+0000] {logging_mixin.py:150} INFO - [2025-03-24T20:31:38.705+0000] {dagbag.py:541} INFO - Filling up the DagBag from /home/vscode/.local/lib/python3.10/site-packages/airflow/example_dags/example_params_ui_tutorial.py
[2025-03-24T20:31:38.723+0000] {processor.py:836} INFO - DAG(s) dict_keys(['example_params_ui_tutorial']) retrieved from /home/vscode/.local/lib/python3.10/site-packages/airflow/example_dags/example_params_ui_tutorial.py
[2025-03-24T20:31:38.748+0000] {logging_mixin.py:150} INFO - [2025-03-24T20:31:38.748+0000] {dag.py:2742} INFO - Sync 1 DAGs
[2025-03-24T20:31:38.762+0000] {logging_mixin.py:150} INFO - [2025-03-24T20:31:38.762+0000] {dag.py:3504} INFO - Setting next_dagrun for example_params_ui_tutorial to None, run_after=None
[2025-03-24T20:31:38.777+0000] {processor.py:179} INFO - Processing /home/vscode/.local/lib/python3.10/site-packages/airflow/example_dags/example_params_ui_tutorial.py took 0.075 seconds
[2025-03-24T20:32:20.427+0000] {processor.py:157} INFO - Started process (PID=33694) to work on /home/vscode/.local/lib/python3.10/site-packages/airflow/example_dags/example_params_ui_tutorial.py
[2025-03-24T20:32:20.428+0000] {processor.py:826} INFO - Processing file /home/vscode/.local/lib/python3.10/site-packages/airflow/example_dags/example_params_ui_tutorial.py for tasks to queue
[2025-03-24T20:32:20.428+0000] {logging_mixin.py:150} INFO - [2025-03-24T20:32:20.428+0000] {dagbag.py:541} INFO - Filling up the DagBag from /home/vscode/.local/lib/python3.10/site-packages/airflow/example_dags/example_params_ui_tutorial.py
[2025-03-24T20:32:20.446+0000] {processor.py:836} INFO - DAG(s) dict_keys(['example_params_ui_tutorial']) retrieved from /home/vscode/.local/lib/python3.10/site-packages/airflow/example_dags/example_params_ui_tutorial.py
[2025-03-24T20:32:20.470+0000] {logging_mixin.py:150} INFO - [2025-03-24T20:32:20.470+0000] {dag.py:2742} INFO - Sync 1 DAGs
[2025-03-24T20:32:20.484+0000] {logging_mixin.py:150} INFO - [2025-03-24T20:32:20.484+0000] {dag.py:3504} INFO - Setting next_dagrun for example_params_ui_tutorial to None, run_after=None
[2025-03-24T20:32:20.499+0000] {processor.py:179} INFO - Processing /home/vscode/.local/lib/python3.10/site-packages/airflow/example_dags/example_params_ui_tutorial.py took 0.075 seconds
[2025-03-24T20:33:06.506+0000] {processor.py:157} INFO - Started process (PID=34030) to work on /home/vscode/.local/lib/python3.10/site-packages/airflow/example_dags/example_params_ui_tutorial.py
[2025-03-24T20:33:06.506+0000] {processor.py:826} INFO - Processing file /home/vscode/.local/lib/python3.10/site-packages/airflow/example_dags/example_params_ui_tutorial.py for tasks to queue
[2025-03-24T20:33:06.507+0000] {logging_mixin.py:150} INFO - [2025-03-24T20:33:06.507+0000] {dagbag.py:541} INFO - Filling up the DagBag from /home/vscode/.local/lib/python3.10/site-packages/airflow/example_dags/example_params_ui_tutorial.py
[2025-03-24T20:33:06.568+0000] {processor.py:836} INFO - DAG(s) dict_keys(['example_params_ui_tutorial']) retrieved from /home/vscode/.local/lib/python3.10/site-packages/airflow/example_dags/example_params_ui_tutorial.py
[2025-03-24T20:33:06.694+0000] {logging_mixin.py:150} INFO - [2025-03-24T20:33:06.694+0000] {dag.py:2742} INFO - Sync 1 DAGs
[2025-03-24T20:33:06.780+0000] {logging_mixin.py:150} INFO - [2025-03-24T20:33:06.779+0000] {dag.py:3504} INFO - Setting next_dagrun for example_params_ui_tutorial to None, run_after=None
[2025-03-24T20:33:06.843+0000] {processor.py:179} INFO - Processing /home/vscode/.local/lib/python3.10/site-packages/airflow/example_dags/example_params_ui_tutorial.py took 0.340 seconds
[2025-03-24T20:33:54.326+0000] {processor.py:157} INFO - Started process (PID=34425) to work on /home/vscode/.local/lib/python3.10/site-packages/airflow/example_dags/example_params_ui_tutorial.py
[2025-03-24T20:33:54.327+0000] {processor.py:826} INFO - Processing file /home/vscode/.local/lib/python3.10/site-packages/airflow/example_dags/example_params_ui_tutorial.py for tasks to queue
[2025-03-24T20:33:54.327+0000] {logging_mixin.py:150} INFO - [2025-03-24T20:33:54.327+0000] {dagbag.py:541} INFO - Filling up the DagBag from /home/vscode/.local/lib/python3.10/site-packages/airflow/example_dags/example_params_ui_tutorial.py
[2025-03-24T20:33:54.345+0000] {processor.py:836} INFO - DAG(s) dict_keys(['example_params_ui_tutorial']) retrieved from /home/vscode/.local/lib/python3.10/site-packages/airflow/example_dags/example_params_ui_tutorial.py
[2025-03-24T20:33:54.378+0000] {logging_mixin.py:150} INFO - [2025-03-24T20:33:54.378+0000] {dag.py:2742} INFO - Sync 1 DAGs
[2025-03-24T20:33:54.396+0000] {logging_mixin.py:150} INFO - [2025-03-24T20:33:54.395+0000] {dag.py:3504} INFO - Setting next_dagrun for example_params_ui_tutorial to None, run_after=None
[2025-03-24T20:33:54.411+0000] {processor.py:179} INFO - Processing /home/vscode/.local/lib/python3.10/site-packages/airflow/example_dags/example_params_ui_tutorial.py took 0.087 seconds
[2025-03-24T20:34:40.082+0000] {processor.py:157} INFO - Started process (PID=34733) to work on /home/vscode/.local/lib/python3.10/site-packages/airflow/example_dags/example_params_ui_tutorial.py
[2025-03-24T20:34:40.083+0000] {processor.py:826} INFO - Processing file /home/vscode/.local/lib/python3.10/site-packages/airflow/example_dags/example_params_ui_tutorial.py for tasks to queue
[2025-03-24T20:34:40.084+0000] {logging_mixin.py:150} INFO - [2025-03-24T20:34:40.083+0000] {dagbag.py:541} INFO - Filling up the DagBag from /home/vscode/.local/lib/python3.10/site-packages/airflow/example_dags/example_params_ui_tutorial.py
[2025-03-24T20:34:40.101+0000] {processor.py:836} INFO - DAG(s) dict_keys(['example_params_ui_tutorial']) retrieved from /home/vscode/.local/lib/python3.10/site-packages/airflow/example_dags/example_params_ui_tutorial.py
[2025-03-24T20:34:40.132+0000] {logging_mixin.py:150} INFO - [2025-03-24T20:34:40.132+0000] {dag.py:2742} INFO - Sync 1 DAGs
[2025-03-24T20:34:40.146+0000] {logging_mixin.py:150} INFO - [2025-03-24T20:34:40.146+0000] {dag.py:3504} INFO - Setting next_dagrun for example_params_ui_tutorial to None, run_after=None
[2025-03-24T20:34:40.161+0000] {processor.py:179} INFO - Processing /home/vscode/.local/lib/python3.10/site-packages/airflow/example_dags/example_params_ui_tutorial.py took 0.081 seconds
[2025-03-24T20:35:24.887+0000] {processor.py:157} INFO - Started process (PID=35028) to work on /home/vscode/.local/lib/python3.10/site-packages/airflow/example_dags/example_params_ui_tutorial.py
[2025-03-24T20:35:24.888+0000] {processor.py:826} INFO - Processing file /home/vscode/.local/lib/python3.10/site-packages/airflow/example_dags/example_params_ui_tutorial.py for tasks to queue
[2025-03-24T20:35:24.888+0000] {logging_mixin.py:150} INFO - [2025-03-24T20:35:24.888+0000] {dagbag.py:541} INFO - Filling up the DagBag from /home/vscode/.local/lib/python3.10/site-packages/airflow/example_dags/example_params_ui_tutorial.py
[2025-03-24T20:35:24.906+0000] {processor.py:836} INFO - DAG(s) dict_keys(['example_params_ui_tutorial']) retrieved from /home/vscode/.local/lib/python3.10/site-packages/airflow/example_dags/example_params_ui_tutorial.py
[2025-03-24T20:35:24.930+0000] {logging_mixin.py:150} INFO - [2025-03-24T20:35:24.930+0000] {dag.py:2742} INFO - Sync 1 DAGs
[2025-03-24T20:35:24.944+0000] {logging_mixin.py:150} INFO - [2025-03-24T20:35:24.944+0000] {dag.py:3504} INFO - Setting next_dagrun for example_params_ui_tutorial to None, run_after=None
[2025-03-24T20:35:24.959+0000] {processor.py:179} INFO - Processing /home/vscode/.local/lib/python3.10/site-packages/airflow/example_dags/example_params_ui_tutorial.py took 0.074 seconds
[2025-03-24T20:36:07.814+0000] {processor.py:157} INFO - Started process (PID=35324) to work on /home/vscode/.local/lib/python3.10/site-packages/airflow/example_dags/example_params_ui_tutorial.py
[2025-03-24T20:36:07.815+0000] {processor.py:826} INFO - Processing file /home/vscode/.local/lib/python3.10/site-packages/airflow/example_dags/example_params_ui_tutorial.py for tasks to queue
[2025-03-24T20:36:07.815+0000] {logging_mixin.py:150} INFO - [2025-03-24T20:36:07.815+0000] {dagbag.py:541} INFO - Filling up the DagBag from /home/vscode/.local/lib/python3.10/site-packages/airflow/example_dags/example_params_ui_tutorial.py
[2025-03-24T20:36:07.837+0000] {processor.py:836} INFO - DAG(s) dict_keys(['example_params_ui_tutorial']) retrieved from /home/vscode/.local/lib/python3.10/site-packages/airflow/example_dags/example_params_ui_tutorial.py
[2025-03-24T20:36:07.863+0000] {logging_mixin.py:150} INFO - [2025-03-24T20:36:07.863+0000] {dag.py:2742} INFO - Sync 1 DAGs
[2025-03-24T20:36:07.877+0000] {logging_mixin.py:150} INFO - [2025-03-24T20:36:07.877+0000] {dag.py:3504} INFO - Setting next_dagrun for example_params_ui_tutorial to None, run_after=None
[2025-03-24T20:36:07.892+0000] {processor.py:179} INFO - Processing /home/vscode/.local/lib/python3.10/site-packages/airflow/example_dags/example_params_ui_tutorial.py took 0.080 seconds
[2025-03-24T20:36:56.415+0000] {processor.py:157} INFO - Started process (PID=35670) to work on /home/vscode/.local/lib/python3.10/site-packages/airflow/example_dags/example_params_ui_tutorial.py
[2025-03-24T20:36:56.416+0000] {processor.py:826} INFO - Processing file /home/vscode/.local/lib/python3.10/site-packages/airflow/example_dags/example_params_ui_tutorial.py for tasks to queue
[2025-03-24T20:36:56.417+0000] {logging_mixin.py:150} INFO - [2025-03-24T20:36:56.417+0000] {dagbag.py:541} INFO - Filling up the DagBag from /home/vscode/.local/lib/python3.10/site-packages/airflow/example_dags/example_params_ui_tutorial.py
[2025-03-24T20:36:56.446+0000] {processor.py:836} INFO - DAG(s) dict_keys(['example_params_ui_tutorial']) retrieved from /home/vscode/.local/lib/python3.10/site-packages/airflow/example_dags/example_params_ui_tutorial.py
[2025-03-24T20:36:56.485+0000] {logging_mixin.py:150} INFO - [2025-03-24T20:36:56.485+0000] {dag.py:2742} INFO - Sync 1 DAGs
[2025-03-24T20:36:56.504+0000] {logging_mixin.py:150} INFO - [2025-03-24T20:36:56.504+0000] {dag.py:3504} INFO - Setting next_dagrun for example_params_ui_tutorial to None, run_after=None
[2025-03-24T20:36:56.521+0000] {processor.py:179} INFO - Processing /home/vscode/.local/lib/python3.10/site-packages/airflow/example_dags/example_params_ui_tutorial.py took 0.108 seconds
[2025-03-24T20:37:40.274+0000] {processor.py:157} INFO - Started process (PID=35990) to work on /home/vscode/.local/lib/python3.10/site-packages/airflow/example_dags/example_params_ui_tutorial.py
[2025-03-24T20:37:40.274+0000] {processor.py:826} INFO - Processing file /home/vscode/.local/lib/python3.10/site-packages/airflow/example_dags/example_params_ui_tutorial.py for tasks to queue
[2025-03-24T20:37:40.275+0000] {logging_mixin.py:150} INFO - [2025-03-24T20:37:40.275+0000] {dagbag.py:541} INFO - Filling up the DagBag from /home/vscode/.local/lib/python3.10/site-packages/airflow/example_dags/example_params_ui_tutorial.py
[2025-03-24T20:37:40.292+0000] {processor.py:836} INFO - DAG(s) dict_keys(['example_params_ui_tutorial']) retrieved from /home/vscode/.local/lib/python3.10/site-packages/airflow/example_dags/example_params_ui_tutorial.py
[2025-03-24T20:37:40.317+0000] {logging_mixin.py:150} INFO - [2025-03-24T20:37:40.317+0000] {dag.py:2742} INFO - Sync 1 DAGs
[2025-03-24T20:37:40.331+0000] {logging_mixin.py:150} INFO - [2025-03-24T20:37:40.331+0000] {dag.py:3504} INFO - Setting next_dagrun for example_params_ui_tutorial to None, run_after=None
[2025-03-24T20:37:40.346+0000] {processor.py:179} INFO - Processing /home/vscode/.local/lib/python3.10/site-packages/airflow/example_dags/example_params_ui_tutorial.py took 0.074 seconds
