[2025-03-24T20:13:05.834+0000] {processor.py:157} INFO - Started process (PID=25328) to work on /home/vscode/.local/lib/python3.10/site-packages/airflow/example_dags/example_branch_operator.py
[2025-03-24T20:13:05.834+0000] {processor.py:826} INFO - Processing file /home/vscode/.local/lib/python3.10/site-packages/airflow/example_dags/example_branch_operator.py for tasks to queue
[2025-03-24T20:13:05.835+0000] {logging_mixin.py:150} INFO - [2025-03-24T20:13:05.835+0000] {dagbag.py:541} INFO - Filling up the DagBag from /home/vscode/.local/lib/python3.10/site-packages/airflow/example_dags/example_branch_operator.py
[2025-03-24T20:13:05.842+0000] {processor.py:836} INFO - DAG(s) dict_keys(['example_branch_operator']) retrieved from /home/vscode/.local/lib/python3.10/site-packages/airflow/example_dags/example_branch_operator.py
[2025-03-24T20:13:05.915+0000] {logging_mixin.py:150} INFO - [2025-03-24T20:13:05.915+0000] {manager.py:504} INFO - Created Permission View: can delete on DAG:example_branch_operator
[2025-03-24T20:13:05.923+0000] {logging_mixin.py:150} INFO - [2025-03-24T20:13:05.923+0000] {manager.py:504} INFO - Created Permission View: can edit on DAG:example_branch_operator
[2025-03-24T20:13:05.929+0000] {logging_mixin.py:150} INFO - [2025-03-24T20:13:05.929+0000] {manager.py:504} INFO - Created Permission View: can read on DAG:example_branch_operator
[2025-03-24T20:13:05.937+0000] {logging_mixin.py:150} INFO - [2025-03-24T20:13:05.937+0000] {dag.py:2742} INFO - Sync 1 DAGs
[2025-03-24T20:13:05.944+0000] {logging_mixin.py:150} INFO - [2025-03-24T20:13:05.944+0000] {dag.py:2763} INFO - Creating ORM DAG for example_branch_operator
[2025-03-24T20:13:05.951+0000] {logging_mixin.py:150} INFO - [2025-03-24T20:13:05.951+0000] {dag.py:3504} INFO - Setting next_dagrun for example_branch_operator to 2025-03-23T00:00:00+00:00, run_after=2025-03-24T00:00:00+00:00
[2025-03-24T20:13:05.967+0000] {processor.py:179} INFO - Processing /home/vscode/.local/lib/python3.10/site-packages/airflow/example_dags/example_branch_operator.py took 0.135 seconds
[2025-03-24T20:13:54.486+0000] {processor.py:157} INFO - Started process (PID=25646) to work on /home/vscode/.local/lib/python3.10/site-packages/airflow/example_dags/example_branch_operator.py
[2025-03-24T20:13:54.487+0000] {processor.py:826} INFO - Processing file /home/vscode/.local/lib/python3.10/site-packages/airflow/example_dags/example_branch_operator.py for tasks to queue
[2025-03-24T20:13:54.488+0000] {logging_mixin.py:150} INFO - [2025-03-24T20:13:54.487+0000] {dagbag.py:541} INFO - Filling up the DagBag from /home/vscode/.local/lib/python3.10/site-packages/airflow/example_dags/example_branch_operator.py
[2025-03-24T20:13:54.496+0000] {processor.py:836} INFO - DAG(s) dict_keys(['example_branch_operator']) retrieved from /home/vscode/.local/lib/python3.10/site-packages/airflow/example_dags/example_branch_operator.py
[2025-03-24T20:13:54.510+0000] {logging_mixin.py:150} INFO - [2025-03-24T20:13:54.509+0000] {dag.py:2742} INFO - Sync 1 DAGs
[2025-03-24T20:13:54.524+0000] {logging_mixin.py:150} INFO - [2025-03-24T20:13:54.524+0000] {dag.py:3504} INFO - Setting next_dagrun for example_branch_operator to 2025-03-23T00:00:00+00:00, run_after=2025-03-24T00:00:00+00:00
[2025-03-24T20:13:54.540+0000] {processor.py:179} INFO - Processing /home/vscode/.local/lib/python3.10/site-packages/airflow/example_dags/example_branch_operator.py took 0.057 seconds
[2025-03-24T20:14:36.542+0000] {processor.py:157} INFO - Started process (PID=25932) to work on /home/vscode/.local/lib/python3.10/site-packages/airflow/example_dags/example_branch_operator.py
[2025-03-24T20:14:36.543+0000] {processor.py:826} INFO - Processing file /home/vscode/.local/lib/python3.10/site-packages/airflow/example_dags/example_branch_operator.py for tasks to queue
[2025-03-24T20:14:36.543+0000] {logging_mixin.py:150} INFO - [2025-03-24T20:14:36.543+0000] {dagbag.py:541} INFO - Filling up the DagBag from /home/vscode/.local/lib/python3.10/site-packages/airflow/example_dags/example_branch_operator.py
[2025-03-24T20:14:36.550+0000] {processor.py:836} INFO - DAG(s) dict_keys(['example_branch_operator']) retrieved from /home/vscode/.local/lib/python3.10/site-packages/airflow/example_dags/example_branch_operator.py
[2025-03-24T20:14:36.563+0000] {logging_mixin.py:150} INFO - [2025-03-24T20:14:36.563+0000] {dag.py:2742} INFO - Sync 1 DAGs
[2025-03-24T20:14:36.578+0000] {logging_mixin.py:150} INFO - [2025-03-24T20:14:36.578+0000] {dag.py:3504} INFO - Setting next_dagrun for example_branch_operator to 2025-03-23T00:00:00+00:00, run_after=2025-03-24T00:00:00+00:00
[2025-03-24T20:14:36.593+0000] {processor.py:179} INFO - Processing /home/vscode/.local/lib/python3.10/site-packages/airflow/example_dags/example_branch_operator.py took 0.053 seconds
[2025-03-24T20:15:32.131+0000] {processor.py:157} INFO - Started process (PID=26320) to work on /home/vscode/.local/lib/python3.10/site-packages/airflow/example_dags/example_branch_operator.py
[2025-03-24T20:15:32.132+0000] {processor.py:826} INFO - Processing file /home/vscode/.local/lib/python3.10/site-packages/airflow/example_dags/example_branch_operator.py for tasks to queue
[2025-03-24T20:15:32.132+0000] {logging_mixin.py:150} INFO - [2025-03-24T20:15:32.132+0000] {dagbag.py:541} INFO - Filling up the DagBag from /home/vscode/.local/lib/python3.10/site-packages/airflow/example_dags/example_branch_operator.py
[2025-03-24T20:15:32.141+0000] {processor.py:836} INFO - DAG(s) dict_keys(['example_branch_operator']) retrieved from /home/vscode/.local/lib/python3.10/site-packages/airflow/example_dags/example_branch_operator.py
[2025-03-24T20:15:32.162+0000] {logging_mixin.py:150} INFO - [2025-03-24T20:15:32.161+0000] {dag.py:2742} INFO - Sync 1 DAGs
[2025-03-24T20:15:32.179+0000] {logging_mixin.py:150} INFO - [2025-03-24T20:15:32.179+0000] {dag.py:3504} INFO - Setting next_dagrun for example_branch_operator to 2025-03-23T00:00:00+00:00, run_after=2025-03-24T00:00:00+00:00
[2025-03-24T20:15:32.195+0000] {processor.py:179} INFO - Processing /home/vscode/.local/lib/python3.10/site-packages/airflow/example_dags/example_branch_operator.py took 0.066 seconds
[2025-03-24T20:16:20.824+0000] {processor.py:157} INFO - Started process (PID=26645) to work on /home/vscode/.local/lib/python3.10/site-packages/airflow/example_dags/example_branch_operator.py
[2025-03-24T20:16:20.824+0000] {processor.py:826} INFO - Processing file /home/vscode/.local/lib/python3.10/site-packages/airflow/example_dags/example_branch_operator.py for tasks to queue
[2025-03-24T20:16:20.825+0000] {logging_mixin.py:150} INFO - [2025-03-24T20:16:20.825+0000] {dagbag.py:541} INFO - Filling up the DagBag from /home/vscode/.local/lib/python3.10/site-packages/airflow/example_dags/example_branch_operator.py
[2025-03-24T20:16:20.831+0000] {processor.py:836} INFO - DAG(s) dict_keys(['example_branch_operator']) retrieved from /home/vscode/.local/lib/python3.10/site-packages/airflow/example_dags/example_branch_operator.py
[2025-03-24T20:16:20.844+0000] {logging_mixin.py:150} INFO - [2025-03-24T20:16:20.844+0000] {dag.py:2742} INFO - Sync 1 DAGs
[2025-03-24T20:16:20.859+0000] {logging_mixin.py:150} INFO - [2025-03-24T20:16:20.859+0000] {dag.py:3504} INFO - Setting next_dagrun for example_branch_operator to 2025-03-23T00:00:00+00:00, run_after=2025-03-24T00:00:00+00:00
[2025-03-24T20:16:20.874+0000] {processor.py:179} INFO - Processing /home/vscode/.local/lib/python3.10/site-packages/airflow/example_dags/example_branch_operator.py took 0.052 seconds
[2025-03-24T20:17:07.743+0000] {processor.py:157} INFO - Started process (PID=26954) to work on /home/vscode/.local/lib/python3.10/site-packages/airflow/example_dags/example_branch_operator.py
[2025-03-24T20:17:07.743+0000] {processor.py:826} INFO - Processing file /home/vscode/.local/lib/python3.10/site-packages/airflow/example_dags/example_branch_operator.py for tasks to queue
[2025-03-24T20:17:07.744+0000] {logging_mixin.py:150} INFO - [2025-03-24T20:17:07.744+0000] {dagbag.py:541} INFO - Filling up the DagBag from /home/vscode/.local/lib/python3.10/site-packages/airflow/example_dags/example_branch_operator.py
[2025-03-24T20:17:07.751+0000] {processor.py:836} INFO - DAG(s) dict_keys(['example_branch_operator']) retrieved from /home/vscode/.local/lib/python3.10/site-packages/airflow/example_dags/example_branch_operator.py
[2025-03-24T20:17:07.765+0000] {logging_mixin.py:150} INFO - [2025-03-24T20:17:07.765+0000] {dag.py:2742} INFO - Sync 1 DAGs
[2025-03-24T20:17:07.781+0000] {logging_mixin.py:150} INFO - [2025-03-24T20:17:07.781+0000] {dag.py:3504} INFO - Setting next_dagrun for example_branch_operator to 2025-03-23T00:00:00+00:00, run_after=2025-03-24T00:00:00+00:00
[2025-03-24T20:17:07.797+0000] {processor.py:179} INFO - Processing /home/vscode/.local/lib/python3.10/site-packages/airflow/example_dags/example_branch_operator.py took 0.057 seconds
[2025-03-24T20:17:53.254+0000] {processor.py:157} INFO - Started process (PID=27256) to work on /home/vscode/.local/lib/python3.10/site-packages/airflow/example_dags/example_branch_operator.py
[2025-03-24T20:17:53.254+0000] {processor.py:826} INFO - Processing file /home/vscode/.local/lib/python3.10/site-packages/airflow/example_dags/example_branch_operator.py for tasks to queue
[2025-03-24T20:17:53.255+0000] {logging_mixin.py:150} INFO - [2025-03-24T20:17:53.255+0000] {dagbag.py:541} INFO - Filling up the DagBag from /home/vscode/.local/lib/python3.10/site-packages/airflow/example_dags/example_branch_operator.py
[2025-03-24T20:17:53.262+0000] {processor.py:836} INFO - DAG(s) dict_keys(['example_branch_operator']) retrieved from /home/vscode/.local/lib/python3.10/site-packages/airflow/example_dags/example_branch_operator.py
[2025-03-24T20:17:53.275+0000] {logging_mixin.py:150} INFO - [2025-03-24T20:17:53.275+0000] {dag.py:2742} INFO - Sync 1 DAGs
[2025-03-24T20:17:53.290+0000] {logging_mixin.py:150} INFO - [2025-03-24T20:17:53.290+0000] {dag.py:3504} INFO - Setting next_dagrun for example_branch_operator to 2025-03-23T00:00:00+00:00, run_after=2025-03-24T00:00:00+00:00
[2025-03-24T20:17:53.304+0000] {processor.py:179} INFO - Processing /home/vscode/.local/lib/python3.10/site-packages/airflow/example_dags/example_branch_operator.py took 0.053 seconds
[2025-03-24T20:18:36.061+0000] {processor.py:157} INFO - Started process (PID=27542) to work on /home/vscode/.local/lib/python3.10/site-packages/airflow/example_dags/example_branch_operator.py
[2025-03-24T20:18:36.062+0000] {processor.py:826} INFO - Processing file /home/vscode/.local/lib/python3.10/site-packages/airflow/example_dags/example_branch_operator.py for tasks to queue
[2025-03-24T20:18:36.063+0000] {logging_mixin.py:150} INFO - [2025-03-24T20:18:36.062+0000] {dagbag.py:541} INFO - Filling up the DagBag from /home/vscode/.local/lib/python3.10/site-packages/airflow/example_dags/example_branch_operator.py
[2025-03-24T20:18:36.069+0000] {processor.py:836} INFO - DAG(s) dict_keys(['example_branch_operator']) retrieved from /home/vscode/.local/lib/python3.10/site-packages/airflow/example_dags/example_branch_operator.py
[2025-03-24T20:18:36.082+0000] {logging_mixin.py:150} INFO - [2025-03-24T20:18:36.082+0000] {dag.py:2742} INFO - Sync 1 DAGs
[2025-03-24T20:18:36.096+0000] {logging_mixin.py:150} INFO - [2025-03-24T20:18:36.096+0000] {dag.py:3504} INFO - Setting next_dagrun for example_branch_operator to 2025-03-23T00:00:00+00:00, run_after=2025-03-24T00:00:00+00:00
[2025-03-24T20:18:36.112+0000] {processor.py:179} INFO - Processing /home/vscode/.local/lib/python3.10/site-packages/airflow/example_dags/example_branch_operator.py took 0.053 seconds
[2025-03-24T20:19:33.279+0000] {processor.py:157} INFO - Started process (PID=27937) to work on /home/vscode/.local/lib/python3.10/site-packages/airflow/example_dags/example_branch_operator.py
[2025-03-24T20:19:33.280+0000] {processor.py:826} INFO - Processing file /home/vscode/.local/lib/python3.10/site-packages/airflow/example_dags/example_branch_operator.py for tasks to queue
[2025-03-24T20:19:33.281+0000] {logging_mixin.py:150} INFO - [2025-03-24T20:19:33.280+0000] {dagbag.py:541} INFO - Filling up the DagBag from /home/vscode/.local/lib/python3.10/site-packages/airflow/example_dags/example_branch_operator.py
[2025-03-24T20:19:33.287+0000] {processor.py:836} INFO - DAG(s) dict_keys(['example_branch_operator']) retrieved from /home/vscode/.local/lib/python3.10/site-packages/airflow/example_dags/example_branch_operator.py
[2025-03-24T20:19:33.301+0000] {logging_mixin.py:150} INFO - [2025-03-24T20:19:33.301+0000] {dag.py:2742} INFO - Sync 1 DAGs
[2025-03-24T20:19:33.316+0000] {logging_mixin.py:150} INFO - [2025-03-24T20:19:33.316+0000] {dag.py:3504} INFO - Setting next_dagrun for example_branch_operator to 2025-03-23T00:00:00+00:00, run_after=2025-03-24T00:00:00+00:00
[2025-03-24T20:19:33.331+0000] {processor.py:179} INFO - Processing /home/vscode/.local/lib/python3.10/site-packages/airflow/example_dags/example_branch_operator.py took 0.054 seconds
[2025-03-24T20:20:19.601+0000] {processor.py:157} INFO - Started process (PID=28265) to work on /home/vscode/.local/lib/python3.10/site-packages/airflow/example_dags/example_branch_operator.py
[2025-03-24T20:20:19.602+0000] {processor.py:826} INFO - Processing file /home/vscode/.local/lib/python3.10/site-packages/airflow/example_dags/example_branch_operator.py for tasks to queue
[2025-03-24T20:20:19.603+0000] {logging_mixin.py:150} INFO - [2025-03-24T20:20:19.603+0000] {dagbag.py:541} INFO - Filling up the DagBag from /home/vscode/.local/lib/python3.10/site-packages/airflow/example_dags/example_branch_operator.py
[2025-03-24T20:20:19.615+0000] {processor.py:836} INFO - DAG(s) dict_keys(['example_branch_operator']) retrieved from /home/vscode/.local/lib/python3.10/site-packages/airflow/example_dags/example_branch_operator.py
[2025-03-24T20:20:19.629+0000] {logging_mixin.py:150} INFO - [2025-03-24T20:20:19.629+0000] {dag.py:2742} INFO - Sync 1 DAGs
[2025-03-24T20:20:19.644+0000] {logging_mixin.py:150} INFO - [2025-03-24T20:20:19.644+0000] {dag.py:3504} INFO - Setting next_dagrun for example_branch_operator to 2025-03-23T00:00:00+00:00, run_after=2025-03-24T00:00:00+00:00
[2025-03-24T20:20:19.659+0000] {processor.py:179} INFO - Processing /home/vscode/.local/lib/python3.10/site-packages/airflow/example_dags/example_branch_operator.py took 0.060 seconds
[2025-03-24T20:21:08.061+0000] {processor.py:157} INFO - Started process (PID=28634) to work on /home/vscode/.local/lib/python3.10/site-packages/airflow/example_dags/example_branch_operator.py
[2025-03-24T20:21:08.062+0000] {processor.py:826} INFO - Processing file /home/vscode/.local/lib/python3.10/site-packages/airflow/example_dags/example_branch_operator.py for tasks to queue
[2025-03-24T20:21:08.062+0000] {logging_mixin.py:150} INFO - [2025-03-24T20:21:08.062+0000] {dagbag.py:541} INFO - Filling up the DagBag from /home/vscode/.local/lib/python3.10/site-packages/airflow/example_dags/example_branch_operator.py
[2025-03-24T20:21:08.069+0000] {processor.py:836} INFO - DAG(s) dict_keys(['example_branch_operator']) retrieved from /home/vscode/.local/lib/python3.10/site-packages/airflow/example_dags/example_branch_operator.py
[2025-03-24T20:21:08.082+0000] {logging_mixin.py:150} INFO - [2025-03-24T20:21:08.082+0000] {dag.py:2742} INFO - Sync 1 DAGs
[2025-03-24T20:21:08.097+0000] {logging_mixin.py:150} INFO - [2025-03-24T20:21:08.097+0000] {dag.py:3504} INFO - Setting next_dagrun for example_branch_operator to 2025-03-23T00:00:00+00:00, run_after=2025-03-24T00:00:00+00:00
[2025-03-24T20:21:08.112+0000] {processor.py:179} INFO - Processing /home/vscode/.local/lib/python3.10/site-packages/airflow/example_dags/example_branch_operator.py took 0.053 seconds
[2025-03-24T20:21:55.208+0000] {processor.py:157} INFO - Started process (PID=28998) to work on /home/vscode/.local/lib/python3.10/site-packages/airflow/example_dags/example_branch_operator.py
[2025-03-24T20:21:55.209+0000] {processor.py:826} INFO - Processing file /home/vscode/.local/lib/python3.10/site-packages/airflow/example_dags/example_branch_operator.py for tasks to queue
[2025-03-24T20:21:55.209+0000] {logging_mixin.py:150} INFO - [2025-03-24T20:21:55.209+0000] {dagbag.py:541} INFO - Filling up the DagBag from /home/vscode/.local/lib/python3.10/site-packages/airflow/example_dags/example_branch_operator.py
[2025-03-24T20:21:55.216+0000] {processor.py:836} INFO - DAG(s) dict_keys(['example_branch_operator']) retrieved from /home/vscode/.local/lib/python3.10/site-packages/airflow/example_dags/example_branch_operator.py
[2025-03-24T20:21:55.229+0000] {logging_mixin.py:150} INFO - [2025-03-24T20:21:55.229+0000] {dag.py:2742} INFO - Sync 1 DAGs
[2025-03-24T20:21:55.244+0000] {logging_mixin.py:150} INFO - [2025-03-24T20:21:55.244+0000] {dag.py:3504} INFO - Setting next_dagrun for example_branch_operator to 2025-03-23T00:00:00+00:00, run_after=2025-03-24T00:00:00+00:00
[2025-03-24T20:21:55.258+0000] {processor.py:179} INFO - Processing /home/vscode/.local/lib/python3.10/site-packages/airflow/example_dags/example_branch_operator.py took 0.052 seconds
[2025-03-24T20:22:38.147+0000] {processor.py:157} INFO - Started process (PID=29309) to work on /home/vscode/.local/lib/python3.10/site-packages/airflow/example_dags/example_branch_operator.py
[2025-03-24T20:22:38.148+0000] {processor.py:826} INFO - Processing file /home/vscode/.local/lib/python3.10/site-packages/airflow/example_dags/example_branch_operator.py for tasks to queue
[2025-03-24T20:22:38.149+0000] {logging_mixin.py:150} INFO - [2025-03-24T20:22:38.148+0000] {dagbag.py:541} INFO - Filling up the DagBag from /home/vscode/.local/lib/python3.10/site-packages/airflow/example_dags/example_branch_operator.py
[2025-03-24T20:22:38.155+0000] {processor.py:836} INFO - DAG(s) dict_keys(['example_branch_operator']) retrieved from /home/vscode/.local/lib/python3.10/site-packages/airflow/example_dags/example_branch_operator.py
[2025-03-24T20:22:38.168+0000] {logging_mixin.py:150} INFO - [2025-03-24T20:22:38.168+0000] {dag.py:2742} INFO - Sync 1 DAGs
[2025-03-24T20:22:38.184+0000] {logging_mixin.py:150} INFO - [2025-03-24T20:22:38.183+0000] {dag.py:3504} INFO - Setting next_dagrun for example_branch_operator to 2025-03-23T00:00:00+00:00, run_after=2025-03-24T00:00:00+00:00
[2025-03-24T20:22:38.199+0000] {processor.py:179} INFO - Processing /home/vscode/.local/lib/python3.10/site-packages/airflow/example_dags/example_branch_operator.py took 0.053 seconds
[2025-03-24T20:23:27.029+0000] {processor.py:157} INFO - Started process (PID=29701) to work on /home/vscode/.local/lib/python3.10/site-packages/airflow/example_dags/example_branch_operator.py
[2025-03-24T20:23:27.031+0000] {processor.py:826} INFO - Processing file /home/vscode/.local/lib/python3.10/site-packages/airflow/example_dags/example_branch_operator.py for tasks to queue
[2025-03-24T20:23:27.032+0000] {logging_mixin.py:150} INFO - [2025-03-24T20:23:27.032+0000] {dagbag.py:541} INFO - Filling up the DagBag from /home/vscode/.local/lib/python3.10/site-packages/airflow/example_dags/example_branch_operator.py
[2025-03-24T20:23:27.058+0000] {processor.py:836} INFO - DAG(s) dict_keys(['example_branch_operator']) retrieved from /home/vscode/.local/lib/python3.10/site-packages/airflow/example_dags/example_branch_operator.py
[2025-03-24T20:23:27.075+0000] {logging_mixin.py:150} INFO - [2025-03-24T20:23:27.075+0000] {dag.py:2742} INFO - Sync 1 DAGs
[2025-03-24T20:23:27.090+0000] {logging_mixin.py:150} INFO - [2025-03-24T20:23:27.090+0000] {dag.py:3504} INFO - Setting next_dagrun for example_branch_operator to 2025-03-23T00:00:00+00:00, run_after=2025-03-24T00:00:00+00:00
[2025-03-24T20:23:27.105+0000] {processor.py:179} INFO - Processing /home/vscode/.local/lib/python3.10/site-packages/airflow/example_dags/example_branch_operator.py took 0.079 seconds
[2025-03-24T20:24:25.002+0000] {processor.py:157} INFO - Started process (PID=30163) to work on /home/vscode/.local/lib/python3.10/site-packages/airflow/example_dags/example_branch_operator.py
[2025-03-24T20:24:25.002+0000] {processor.py:826} INFO - Processing file /home/vscode/.local/lib/python3.10/site-packages/airflow/example_dags/example_branch_operator.py for tasks to queue
[2025-03-24T20:24:25.003+0000] {logging_mixin.py:150} INFO - [2025-03-24T20:24:25.003+0000] {dagbag.py:541} INFO - Filling up the DagBag from /home/vscode/.local/lib/python3.10/site-packages/airflow/example_dags/example_branch_operator.py
[2025-03-24T20:24:25.010+0000] {processor.py:836} INFO - DAG(s) dict_keys(['example_branch_operator']) retrieved from /home/vscode/.local/lib/python3.10/site-packages/airflow/example_dags/example_branch_operator.py
[2025-03-24T20:24:25.023+0000] {logging_mixin.py:150} INFO - [2025-03-24T20:24:25.023+0000] {dag.py:2742} INFO - Sync 1 DAGs
[2025-03-24T20:24:25.038+0000] {logging_mixin.py:150} INFO - [2025-03-24T20:24:25.038+0000] {dag.py:3504} INFO - Setting next_dagrun for example_branch_operator to 2025-03-23T00:00:00+00:00, run_after=2025-03-24T00:00:00+00:00
[2025-03-24T20:24:25.052+0000] {processor.py:179} INFO - Processing /home/vscode/.local/lib/python3.10/site-packages/airflow/example_dags/example_branch_operator.py took 0.053 seconds
[2025-03-24T20:25:08.422+0000] {processor.py:157} INFO - Started process (PID=30490) to work on /home/vscode/.local/lib/python3.10/site-packages/airflow/example_dags/example_branch_operator.py
[2025-03-24T20:25:08.423+0000] {processor.py:826} INFO - Processing file /home/vscode/.local/lib/python3.10/site-packages/airflow/example_dags/example_branch_operator.py for tasks to queue
[2025-03-24T20:25:08.423+0000] {logging_mixin.py:150} INFO - [2025-03-24T20:25:08.423+0000] {dagbag.py:541} INFO - Filling up the DagBag from /home/vscode/.local/lib/python3.10/site-packages/airflow/example_dags/example_branch_operator.py
[2025-03-24T20:25:08.430+0000] {processor.py:836} INFO - DAG(s) dict_keys(['example_branch_operator']) retrieved from /home/vscode/.local/lib/python3.10/site-packages/airflow/example_dags/example_branch_operator.py
[2025-03-24T20:25:08.443+0000] {logging_mixin.py:150} INFO - [2025-03-24T20:25:08.443+0000] {dag.py:2742} INFO - Sync 1 DAGs
[2025-03-24T20:25:08.458+0000] {logging_mixin.py:150} INFO - [2025-03-24T20:25:08.458+0000] {dag.py:3504} INFO - Setting next_dagrun for example_branch_operator to 2025-03-23T00:00:00+00:00, run_after=2025-03-24T00:00:00+00:00
[2025-03-24T20:25:08.478+0000] {processor.py:179} INFO - Processing /home/vscode/.local/lib/python3.10/site-packages/airflow/example_dags/example_branch_operator.py took 0.058 seconds
[2025-03-24T20:25:52.402+0000] {processor.py:157} INFO - Started process (PID=30824) to work on /home/vscode/.local/lib/python3.10/site-packages/airflow/example_dags/example_branch_operator.py
[2025-03-24T20:25:52.403+0000] {processor.py:826} INFO - Processing file /home/vscode/.local/lib/python3.10/site-packages/airflow/example_dags/example_branch_operator.py for tasks to queue
[2025-03-24T20:25:52.404+0000] {logging_mixin.py:150} INFO - [2025-03-24T20:25:52.404+0000] {dagbag.py:541} INFO - Filling up the DagBag from /home/vscode/.local/lib/python3.10/site-packages/airflow/example_dags/example_branch_operator.py
[2025-03-24T20:25:52.410+0000] {processor.py:836} INFO - DAG(s) dict_keys(['example_branch_operator']) retrieved from /home/vscode/.local/lib/python3.10/site-packages/airflow/example_dags/example_branch_operator.py
[2025-03-24T20:25:52.423+0000] {logging_mixin.py:150} INFO - [2025-03-24T20:25:52.423+0000] {dag.py:2742} INFO - Sync 1 DAGs
[2025-03-24T20:25:52.438+0000] {logging_mixin.py:150} INFO - [2025-03-24T20:25:52.438+0000] {dag.py:3504} INFO - Setting next_dagrun for example_branch_operator to 2025-03-23T00:00:00+00:00, run_after=2025-03-24T00:00:00+00:00
[2025-03-24T20:25:52.453+0000] {processor.py:179} INFO - Processing /home/vscode/.local/lib/python3.10/site-packages/airflow/example_dags/example_branch_operator.py took 0.052 seconds
[2025-03-24T20:26:38.671+0000] {processor.py:157} INFO - Started process (PID=31213) to work on /home/vscode/.local/lib/python3.10/site-packages/airflow/example_dags/example_branch_operator.py
[2025-03-24T20:26:38.672+0000] {processor.py:826} INFO - Processing file /home/vscode/.local/lib/python3.10/site-packages/airflow/example_dags/example_branch_operator.py for tasks to queue
[2025-03-24T20:26:38.673+0000] {logging_mixin.py:150} INFO - [2025-03-24T20:26:38.672+0000] {dagbag.py:541} INFO - Filling up the DagBag from /home/vscode/.local/lib/python3.10/site-packages/airflow/example_dags/example_branch_operator.py
[2025-03-24T20:26:38.679+0000] {processor.py:836} INFO - DAG(s) dict_keys(['example_branch_operator']) retrieved from /home/vscode/.local/lib/python3.10/site-packages/airflow/example_dags/example_branch_operator.py
[2025-03-24T20:26:38.692+0000] {logging_mixin.py:150} INFO - [2025-03-24T20:26:38.692+0000] {dag.py:2742} INFO - Sync 1 DAGs
[2025-03-24T20:26:38.707+0000] {logging_mixin.py:150} INFO - [2025-03-24T20:26:38.707+0000] {dag.py:3504} INFO - Setting next_dagrun for example_branch_operator to 2025-03-23T00:00:00+00:00, run_after=2025-03-24T00:00:00+00:00
[2025-03-24T20:26:38.722+0000] {processor.py:179} INFO - Processing /home/vscode/.local/lib/python3.10/site-packages/airflow/example_dags/example_branch_operator.py took 0.052 seconds
[2025-03-24T20:27:23.065+0000] {processor.py:157} INFO - Started process (PID=31586) to work on /home/vscode/.local/lib/python3.10/site-packages/airflow/example_dags/example_branch_operator.py
[2025-03-24T20:27:23.066+0000] {processor.py:826} INFO - Processing file /home/vscode/.local/lib/python3.10/site-packages/airflow/example_dags/example_branch_operator.py for tasks to queue
[2025-03-24T20:27:23.066+0000] {logging_mixin.py:150} INFO - [2025-03-24T20:27:23.066+0000] {dagbag.py:541} INFO - Filling up the DagBag from /home/vscode/.local/lib/python3.10/site-packages/airflow/example_dags/example_branch_operator.py
[2025-03-24T20:27:23.073+0000] {processor.py:836} INFO - DAG(s) dict_keys(['example_branch_operator']) retrieved from /home/vscode/.local/lib/python3.10/site-packages/airflow/example_dags/example_branch_operator.py
[2025-03-24T20:27:23.086+0000] {logging_mixin.py:150} INFO - [2025-03-24T20:27:23.086+0000] {dag.py:2742} INFO - Sync 1 DAGs
[2025-03-24T20:27:23.101+0000] {logging_mixin.py:150} INFO - [2025-03-24T20:27:23.101+0000] {dag.py:3504} INFO - Setting next_dagrun for example_branch_operator to 2025-03-23T00:00:00+00:00, run_after=2025-03-24T00:00:00+00:00
[2025-03-24T20:27:23.116+0000] {processor.py:179} INFO - Processing /home/vscode/.local/lib/python3.10/site-packages/airflow/example_dags/example_branch_operator.py took 0.053 seconds
[2025-03-24T20:28:08.163+0000] {processor.py:157} INFO - Started process (PID=31956) to work on /home/vscode/.local/lib/python3.10/site-packages/airflow/example_dags/example_branch_operator.py
[2025-03-24T20:28:08.164+0000] {processor.py:826} INFO - Processing file /home/vscode/.local/lib/python3.10/site-packages/airflow/example_dags/example_branch_operator.py for tasks to queue
[2025-03-24T20:28:08.164+0000] {logging_mixin.py:150} INFO - [2025-03-24T20:28:08.164+0000] {dagbag.py:541} INFO - Filling up the DagBag from /home/vscode/.local/lib/python3.10/site-packages/airflow/example_dags/example_branch_operator.py
[2025-03-24T20:28:08.171+0000] {processor.py:836} INFO - DAG(s) dict_keys(['example_branch_operator']) retrieved from /home/vscode/.local/lib/python3.10/site-packages/airflow/example_dags/example_branch_operator.py
[2025-03-24T20:28:08.184+0000] {logging_mixin.py:150} INFO - [2025-03-24T20:28:08.184+0000] {dag.py:2742} INFO - Sync 1 DAGs
[2025-03-24T20:28:08.199+0000] {logging_mixin.py:150} INFO - [2025-03-24T20:28:08.199+0000] {dag.py:3504} INFO - Setting next_dagrun for example_branch_operator to 2025-03-23T00:00:00+00:00, run_after=2025-03-24T00:00:00+00:00
[2025-03-24T20:28:08.214+0000] {processor.py:179} INFO - Processing /home/vscode/.local/lib/python3.10/site-packages/airflow/example_dags/example_branch_operator.py took 0.053 seconds
[2025-03-24T20:28:52.144+0000] {processor.py:157} INFO - Started process (PID=32281) to work on /home/vscode/.local/lib/python3.10/site-packages/airflow/example_dags/example_branch_operator.py
[2025-03-24T20:28:52.144+0000] {processor.py:826} INFO - Processing file /home/vscode/.local/lib/python3.10/site-packages/airflow/example_dags/example_branch_operator.py for tasks to queue
[2025-03-24T20:28:52.145+0000] {logging_mixin.py:150} INFO - [2025-03-24T20:28:52.145+0000] {dagbag.py:541} INFO - Filling up the DagBag from /home/vscode/.local/lib/python3.10/site-packages/airflow/example_dags/example_branch_operator.py
[2025-03-24T20:28:52.155+0000] {processor.py:836} INFO - DAG(s) dict_keys(['example_branch_operator']) retrieved from /home/vscode/.local/lib/python3.10/site-packages/airflow/example_dags/example_branch_operator.py
[2025-03-24T20:28:52.168+0000] {logging_mixin.py:150} INFO - [2025-03-24T20:28:52.167+0000] {dag.py:2742} INFO - Sync 1 DAGs
[2025-03-24T20:28:52.183+0000] {logging_mixin.py:150} INFO - [2025-03-24T20:28:52.182+0000] {dag.py:3504} INFO - Setting next_dagrun for example_branch_operator to 2025-03-23T00:00:00+00:00, run_after=2025-03-24T00:00:00+00:00
[2025-03-24T20:28:52.199+0000] {processor.py:179} INFO - Processing /home/vscode/.local/lib/python3.10/site-packages/airflow/example_dags/example_branch_operator.py took 0.058 seconds
[2025-03-24T20:29:38.341+0000] {processor.py:157} INFO - Started process (PID=32590) to work on /home/vscode/.local/lib/python3.10/site-packages/airflow/example_dags/example_branch_operator.py
[2025-03-24T20:29:38.342+0000] {processor.py:826} INFO - Processing file /home/vscode/.local/lib/python3.10/site-packages/airflow/example_dags/example_branch_operator.py for tasks to queue
[2025-03-24T20:29:38.342+0000] {logging_mixin.py:150} INFO - [2025-03-24T20:29:38.342+0000] {dagbag.py:541} INFO - Filling up the DagBag from /home/vscode/.local/lib/python3.10/site-packages/airflow/example_dags/example_branch_operator.py
[2025-03-24T20:29:38.349+0000] {processor.py:836} INFO - DAG(s) dict_keys(['example_branch_operator']) retrieved from /home/vscode/.local/lib/python3.10/site-packages/airflow/example_dags/example_branch_operator.py
[2025-03-24T20:29:38.362+0000] {logging_mixin.py:150} INFO - [2025-03-24T20:29:38.362+0000] {dag.py:2742} INFO - Sync 1 DAGs
[2025-03-24T20:29:38.377+0000] {logging_mixin.py:150} INFO - [2025-03-24T20:29:38.377+0000] {dag.py:3504} INFO - Setting next_dagrun for example_branch_operator to 2025-03-23T00:00:00+00:00, run_after=2025-03-24T00:00:00+00:00
[2025-03-24T20:29:38.392+0000] {processor.py:179} INFO - Processing /home/vscode/.local/lib/python3.10/site-packages/airflow/example_dags/example_branch_operator.py took 0.054 seconds
[2025-03-24T20:30:21.448+0000] {processor.py:157} INFO - Started process (PID=32891) to work on /home/vscode/.local/lib/python3.10/site-packages/airflow/example_dags/example_branch_operator.py
[2025-03-24T20:30:21.449+0000] {processor.py:826} INFO - Processing file /home/vscode/.local/lib/python3.10/site-packages/airflow/example_dags/example_branch_operator.py for tasks to queue
[2025-03-24T20:30:21.449+0000] {logging_mixin.py:150} INFO - [2025-03-24T20:30:21.449+0000] {dagbag.py:541} INFO - Filling up the DagBag from /home/vscode/.local/lib/python3.10/site-packages/airflow/example_dags/example_branch_operator.py
[2025-03-24T20:30:21.456+0000] {processor.py:836} INFO - DAG(s) dict_keys(['example_branch_operator']) retrieved from /home/vscode/.local/lib/python3.10/site-packages/airflow/example_dags/example_branch_operator.py
[2025-03-24T20:30:21.469+0000] {logging_mixin.py:150} INFO - [2025-03-24T20:30:21.469+0000] {dag.py:2742} INFO - Sync 1 DAGs
[2025-03-24T20:30:21.485+0000] {logging_mixin.py:150} INFO - [2025-03-24T20:30:21.485+0000] {dag.py:3504} INFO - Setting next_dagrun for example_branch_operator to 2025-03-23T00:00:00+00:00, run_after=2025-03-24T00:00:00+00:00
[2025-03-24T20:30:21.503+0000] {processor.py:179} INFO - Processing /home/vscode/.local/lib/python3.10/site-packages/airflow/example_dags/example_branch_operator.py took 0.057 seconds
[2025-03-24T20:31:19.825+0000] {processor.py:157} INFO - Started process (PID=33289) to work on /home/vscode/.local/lib/python3.10/site-packages/airflow/example_dags/example_branch_operator.py
[2025-03-24T20:31:19.826+0000] {processor.py:826} INFO - Processing file /home/vscode/.local/lib/python3.10/site-packages/airflow/example_dags/example_branch_operator.py for tasks to queue
[2025-03-24T20:31:19.827+0000] {logging_mixin.py:150} INFO - [2025-03-24T20:31:19.826+0000] {dagbag.py:541} INFO - Filling up the DagBag from /home/vscode/.local/lib/python3.10/site-packages/airflow/example_dags/example_branch_operator.py
[2025-03-24T20:31:19.837+0000] {processor.py:836} INFO - DAG(s) dict_keys(['example_branch_operator']) retrieved from /home/vscode/.local/lib/python3.10/site-packages/airflow/example_dags/example_branch_operator.py
[2025-03-24T20:31:19.857+0000] {logging_mixin.py:150} INFO - [2025-03-24T20:31:19.857+0000] {dag.py:2742} INFO - Sync 1 DAGs
[2025-03-24T20:31:19.873+0000] {logging_mixin.py:150} INFO - [2025-03-24T20:31:19.873+0000] {dag.py:3504} INFO - Setting next_dagrun for example_branch_operator to 2025-03-23T00:00:00+00:00, run_after=2025-03-24T00:00:00+00:00
[2025-03-24T20:31:19.888+0000] {processor.py:179} INFO - Processing /home/vscode/.local/lib/python3.10/site-packages/airflow/example_dags/example_branch_operator.py took 0.066 seconds
[2025-03-24T20:32:15.308+0000] {processor.py:157} INFO - Started process (PID=33659) to work on /home/vscode/.local/lib/python3.10/site-packages/airflow/example_dags/example_branch_operator.py
[2025-03-24T20:32:15.308+0000] {processor.py:826} INFO - Processing file /home/vscode/.local/lib/python3.10/site-packages/airflow/example_dags/example_branch_operator.py for tasks to queue
[2025-03-24T20:32:15.309+0000] {logging_mixin.py:150} INFO - [2025-03-24T20:32:15.309+0000] {dagbag.py:541} INFO - Filling up the DagBag from /home/vscode/.local/lib/python3.10/site-packages/airflow/example_dags/example_branch_operator.py
[2025-03-24T20:32:15.315+0000] {processor.py:836} INFO - DAG(s) dict_keys(['example_branch_operator']) retrieved from /home/vscode/.local/lib/python3.10/site-packages/airflow/example_dags/example_branch_operator.py
[2025-03-24T20:32:15.328+0000] {logging_mixin.py:150} INFO - [2025-03-24T20:32:15.328+0000] {dag.py:2742} INFO - Sync 1 DAGs
[2025-03-24T20:32:15.343+0000] {logging_mixin.py:150} INFO - [2025-03-24T20:32:15.343+0000] {dag.py:3504} INFO - Setting next_dagrun for example_branch_operator to 2025-03-23T00:00:00+00:00, run_after=2025-03-24T00:00:00+00:00
[2025-03-24T20:32:15.358+0000] {processor.py:179} INFO - Processing /home/vscode/.local/lib/python3.10/site-packages/airflow/example_dags/example_branch_operator.py took 0.052 seconds
[2025-03-24T20:32:59.813+0000] {processor.py:157} INFO - Started process (PID=33975) to work on /home/vscode/.local/lib/python3.10/site-packages/airflow/example_dags/example_branch_operator.py
[2025-03-24T20:32:59.813+0000] {processor.py:826} INFO - Processing file /home/vscode/.local/lib/python3.10/site-packages/airflow/example_dags/example_branch_operator.py for tasks to queue
[2025-03-24T20:32:59.814+0000] {logging_mixin.py:150} INFO - [2025-03-24T20:32:59.814+0000] {dagbag.py:541} INFO - Filling up the DagBag from /home/vscode/.local/lib/python3.10/site-packages/airflow/example_dags/example_branch_operator.py
[2025-03-24T20:32:59.820+0000] {processor.py:836} INFO - DAG(s) dict_keys(['example_branch_operator']) retrieved from /home/vscode/.local/lib/python3.10/site-packages/airflow/example_dags/example_branch_operator.py
[2025-03-24T20:32:59.833+0000] {logging_mixin.py:150} INFO - [2025-03-24T20:32:59.833+0000] {dag.py:2742} INFO - Sync 1 DAGs
[2025-03-24T20:32:59.848+0000] {logging_mixin.py:150} INFO - [2025-03-24T20:32:59.848+0000] {dag.py:3504} INFO - Setting next_dagrun for example_branch_operator to 2025-03-23T00:00:00+00:00, run_after=2025-03-24T00:00:00+00:00
[2025-03-24T20:32:59.863+0000] {processor.py:179} INFO - Processing /home/vscode/.local/lib/python3.10/site-packages/airflow/example_dags/example_branch_operator.py took 0.053 seconds
[2025-03-24T20:33:48.391+0000] {processor.py:157} INFO - Started process (PID=34389) to work on /home/vscode/.local/lib/python3.10/site-packages/airflow/example_dags/example_branch_operator.py
[2025-03-24T20:33:48.391+0000] {processor.py:826} INFO - Processing file /home/vscode/.local/lib/python3.10/site-packages/airflow/example_dags/example_branch_operator.py for tasks to queue
[2025-03-24T20:33:48.392+0000] {logging_mixin.py:150} INFO - [2025-03-24T20:33:48.392+0000] {dagbag.py:541} INFO - Filling up the DagBag from /home/vscode/.local/lib/python3.10/site-packages/airflow/example_dags/example_branch_operator.py
[2025-03-24T20:33:48.399+0000] {processor.py:836} INFO - DAG(s) dict_keys(['example_branch_operator']) retrieved from /home/vscode/.local/lib/python3.10/site-packages/airflow/example_dags/example_branch_operator.py
[2025-03-24T20:33:48.413+0000] {logging_mixin.py:150} INFO - [2025-03-24T20:33:48.413+0000] {dag.py:2742} INFO - Sync 1 DAGs
[2025-03-24T20:33:48.429+0000] {logging_mixin.py:150} INFO - [2025-03-24T20:33:48.429+0000] {dag.py:3504} INFO - Setting next_dagrun for example_branch_operator to 2025-03-23T00:00:00+00:00, run_after=2025-03-24T00:00:00+00:00
[2025-03-24T20:33:48.444+0000] {processor.py:179} INFO - Processing /home/vscode/.local/lib/python3.10/site-packages/airflow/example_dags/example_branch_operator.py took 0.056 seconds
[2025-03-24T20:34:35.478+0000] {processor.py:157} INFO - Started process (PID=34694) to work on /home/vscode/.local/lib/python3.10/site-packages/airflow/example_dags/example_branch_operator.py
[2025-03-24T20:34:35.479+0000] {processor.py:826} INFO - Processing file /home/vscode/.local/lib/python3.10/site-packages/airflow/example_dags/example_branch_operator.py for tasks to queue
[2025-03-24T20:34:35.480+0000] {logging_mixin.py:150} INFO - [2025-03-24T20:34:35.479+0000] {dagbag.py:541} INFO - Filling up the DagBag from /home/vscode/.local/lib/python3.10/site-packages/airflow/example_dags/example_branch_operator.py
[2025-03-24T20:34:35.486+0000] {processor.py:836} INFO - DAG(s) dict_keys(['example_branch_operator']) retrieved from /home/vscode/.local/lib/python3.10/site-packages/airflow/example_dags/example_branch_operator.py
[2025-03-24T20:34:35.499+0000] {logging_mixin.py:150} INFO - [2025-03-24T20:34:35.499+0000] {dag.py:2742} INFO - Sync 1 DAGs
[2025-03-24T20:34:35.514+0000] {logging_mixin.py:150} INFO - [2025-03-24T20:34:35.514+0000] {dag.py:3504} INFO - Setting next_dagrun for example_branch_operator to 2025-03-23T00:00:00+00:00, run_after=2025-03-24T00:00:00+00:00
[2025-03-24T20:34:35.535+0000] {processor.py:179} INFO - Processing /home/vscode/.local/lib/python3.10/site-packages/airflow/example_dags/example_branch_operator.py took 0.059 seconds
[2025-03-24T20:35:33.278+0000] {processor.py:157} INFO - Started process (PID=35092) to work on /home/vscode/.local/lib/python3.10/site-packages/airflow/example_dags/example_branch_operator.py
[2025-03-24T20:35:33.278+0000] {processor.py:826} INFO - Processing file /home/vscode/.local/lib/python3.10/site-packages/airflow/example_dags/example_branch_operator.py for tasks to queue
[2025-03-24T20:35:33.279+0000] {logging_mixin.py:150} INFO - [2025-03-24T20:35:33.279+0000] {dagbag.py:541} INFO - Filling up the DagBag from /home/vscode/.local/lib/python3.10/site-packages/airflow/example_dags/example_branch_operator.py
[2025-03-24T20:35:33.286+0000] {processor.py:836} INFO - DAG(s) dict_keys(['example_branch_operator']) retrieved from /home/vscode/.local/lib/python3.10/site-packages/airflow/example_dags/example_branch_operator.py
[2025-03-24T20:35:33.299+0000] {logging_mixin.py:150} INFO - [2025-03-24T20:35:33.299+0000] {dag.py:2742} INFO - Sync 1 DAGs
[2025-03-24T20:35:33.314+0000] {logging_mixin.py:150} INFO - [2025-03-24T20:35:33.314+0000] {dag.py:3504} INFO - Setting next_dagrun for example_branch_operator to 2025-03-23T00:00:00+00:00, run_after=2025-03-24T00:00:00+00:00
[2025-03-24T20:35:33.330+0000] {processor.py:179} INFO - Processing /home/vscode/.local/lib/python3.10/site-packages/airflow/example_dags/example_branch_operator.py took 0.054 seconds
[2025-03-24T20:36:17.532+0000] {processor.py:157} INFO - Started process (PID=35385) to work on /home/vscode/.local/lib/python3.10/site-packages/airflow/example_dags/example_branch_operator.py
[2025-03-24T20:36:17.533+0000] {processor.py:826} INFO - Processing file /home/vscode/.local/lib/python3.10/site-packages/airflow/example_dags/example_branch_operator.py for tasks to queue
[2025-03-24T20:36:17.533+0000] {logging_mixin.py:150} INFO - [2025-03-24T20:36:17.533+0000] {dagbag.py:541} INFO - Filling up the DagBag from /home/vscode/.local/lib/python3.10/site-packages/airflow/example_dags/example_branch_operator.py
[2025-03-24T20:36:17.540+0000] {processor.py:836} INFO - DAG(s) dict_keys(['example_branch_operator']) retrieved from /home/vscode/.local/lib/python3.10/site-packages/airflow/example_dags/example_branch_operator.py
[2025-03-24T20:36:17.553+0000] {logging_mixin.py:150} INFO - [2025-03-24T20:36:17.553+0000] {dag.py:2742} INFO - Sync 1 DAGs
[2025-03-24T20:36:17.568+0000] {logging_mixin.py:150} INFO - [2025-03-24T20:36:17.568+0000] {dag.py:3504} INFO - Setting next_dagrun for example_branch_operator to 2025-03-23T00:00:00+00:00, run_after=2025-03-24T00:00:00+00:00
[2025-03-24T20:36:17.583+0000] {processor.py:179} INFO - Processing /home/vscode/.local/lib/python3.10/site-packages/airflow/example_dags/example_branch_operator.py took 0.053 seconds
[2025-03-24T20:37:04.395+0000] {processor.py:157} INFO - Started process (PID=35739) to work on /home/vscode/.local/lib/python3.10/site-packages/airflow/example_dags/example_branch_operator.py
[2025-03-24T20:37:04.395+0000] {processor.py:826} INFO - Processing file /home/vscode/.local/lib/python3.10/site-packages/airflow/example_dags/example_branch_operator.py for tasks to queue
[2025-03-24T20:37:04.396+0000] {logging_mixin.py:150} INFO - [2025-03-24T20:37:04.396+0000] {dagbag.py:541} INFO - Filling up the DagBag from /home/vscode/.local/lib/python3.10/site-packages/airflow/example_dags/example_branch_operator.py
[2025-03-24T20:37:04.403+0000] {processor.py:836} INFO - DAG(s) dict_keys(['example_branch_operator']) retrieved from /home/vscode/.local/lib/python3.10/site-packages/airflow/example_dags/example_branch_operator.py
[2025-03-24T20:37:04.416+0000] {logging_mixin.py:150} INFO - [2025-03-24T20:37:04.416+0000] {dag.py:2742} INFO - Sync 1 DAGs
[2025-03-24T20:37:04.433+0000] {logging_mixin.py:150} INFO - [2025-03-24T20:37:04.433+0000] {dag.py:3504} INFO - Setting next_dagrun for example_branch_operator to 2025-03-23T00:00:00+00:00, run_after=2025-03-24T00:00:00+00:00
[2025-03-24T20:37:04.448+0000] {processor.py:179} INFO - Processing /home/vscode/.local/lib/python3.10/site-packages/airflow/example_dags/example_branch_operator.py took 0.055 seconds
[2025-03-24T20:37:48.366+0000] {processor.py:157} INFO - Started process (PID=36049) to work on /home/vscode/.local/lib/python3.10/site-packages/airflow/example_dags/example_branch_operator.py
[2025-03-24T20:37:48.366+0000] {processor.py:826} INFO - Processing file /home/vscode/.local/lib/python3.10/site-packages/airflow/example_dags/example_branch_operator.py for tasks to queue
[2025-03-24T20:37:48.367+0000] {logging_mixin.py:150} INFO - [2025-03-24T20:37:48.367+0000] {dagbag.py:541} INFO - Filling up the DagBag from /home/vscode/.local/lib/python3.10/site-packages/airflow/example_dags/example_branch_operator.py
[2025-03-24T20:37:48.374+0000] {processor.py:836} INFO - DAG(s) dict_keys(['example_branch_operator']) retrieved from /home/vscode/.local/lib/python3.10/site-packages/airflow/example_dags/example_branch_operator.py
[2025-03-24T20:37:48.387+0000] {logging_mixin.py:150} INFO - [2025-03-24T20:37:48.386+0000] {dag.py:2742} INFO - Sync 1 DAGs
[2025-03-24T20:37:48.402+0000] {logging_mixin.py:150} INFO - [2025-03-24T20:37:48.402+0000] {dag.py:3504} INFO - Setting next_dagrun for example_branch_operator to 2025-03-23T00:00:00+00:00, run_after=2025-03-24T00:00:00+00:00
[2025-03-24T20:37:48.416+0000] {processor.py:179} INFO - Processing /home/vscode/.local/lib/python3.10/site-packages/airflow/example_dags/example_branch_operator.py took 0.053 seconds
