[2025-03-24T20:12:44.719+0000] {processor.py:157} INFO - Started process (PID=25143) to work on /home/vscode/.local/lib/python3.10/site-packages/airflow/example_dags/example_sensors.py
[2025-03-24T20:12:44.720+0000] {processor.py:826} INFO - Processing file /home/vscode/.local/lib/python3.10/site-packages/airflow/example_dags/example_sensors.py for tasks to queue
[2025-03-24T20:12:44.720+0000] {logging_mixin.py:150} INFO - [2025-03-24T20:12:44.720+0000] {dagbag.py:541} INFO - Filling up the DagBag from /home/vscode/.local/lib/python3.10/site-packages/airflow/example_dags/example_sensors.py
[2025-03-24T20:12:44.727+0000] {processor.py:836} INFO - DAG(s) dict_keys(['example_sensors']) retrieved from /home/vscode/.local/lib/python3.10/site-packages/airflow/example_dags/example_sensors.py
[2025-03-24T20:12:44.805+0000] {logging_mixin.py:150} INFO - [2025-03-24T20:12:44.805+0000] {manager.py:504} INFO - Created Permission View: can delete on DAG:example_sensors
[2025-03-24T20:12:44.813+0000] {logging_mixin.py:150} INFO - [2025-03-24T20:12:44.813+0000] {manager.py:504} INFO - Created Permission View: can edit on DAG:example_sensors
[2025-03-24T20:12:44.819+0000] {logging_mixin.py:150} INFO - [2025-03-24T20:12:44.819+0000] {manager.py:504} INFO - Created Permission View: can read on DAG:example_sensors
[2025-03-24T20:12:44.832+0000] {logging_mixin.py:150} INFO - [2025-03-24T20:12:44.832+0000] {dag.py:2742} INFO - Sync 1 DAGs
[2025-03-24T20:12:44.842+0000] {logging_mixin.py:150} INFO - [2025-03-24T20:12:44.842+0000] {dag.py:2763} INFO - Creating ORM DAG for example_sensors
[2025-03-24T20:12:44.851+0000] {logging_mixin.py:150} INFO - [2025-03-24T20:12:44.851+0000] {dag.py:3504} INFO - Setting next_dagrun for example_sensors to None, run_after=None
[2025-03-24T20:12:44.867+0000] {processor.py:179} INFO - Processing /home/vscode/.local/lib/python3.10/site-packages/airflow/example_dags/example_sensors.py took 0.150 seconds
[2025-03-24T20:13:31.626+0000] {processor.py:157} INFO - Started process (PID=25500) to work on /home/vscode/.local/lib/python3.10/site-packages/airflow/example_dags/example_sensors.py
[2025-03-24T20:13:31.627+0000] {processor.py:826} INFO - Processing file /home/vscode/.local/lib/python3.10/site-packages/airflow/example_dags/example_sensors.py for tasks to queue
[2025-03-24T20:13:31.628+0000] {logging_mixin.py:150} INFO - [2025-03-24T20:13:31.627+0000] {dagbag.py:541} INFO - Filling up the DagBag from /home/vscode/.local/lib/python3.10/site-packages/airflow/example_dags/example_sensors.py
[2025-03-24T20:13:31.635+0000] {processor.py:836} INFO - DAG(s) dict_keys(['example_sensors']) retrieved from /home/vscode/.local/lib/python3.10/site-packages/airflow/example_dags/example_sensors.py
[2025-03-24T20:13:31.649+0000] {logging_mixin.py:150} INFO - [2025-03-24T20:13:31.649+0000] {dag.py:2742} INFO - Sync 1 DAGs
[2025-03-24T20:13:31.663+0000] {logging_mixin.py:150} INFO - [2025-03-24T20:13:31.663+0000] {dag.py:3504} INFO - Setting next_dagrun for example_sensors to None, run_after=None
[2025-03-24T20:13:31.678+0000] {processor.py:179} INFO - Processing /home/vscode/.local/lib/python3.10/site-packages/airflow/example_dags/example_sensors.py took 0.054 seconds
[2025-03-24T20:14:17.332+0000] {processor.py:157} INFO - Started process (PID=25812) to work on /home/vscode/.local/lib/python3.10/site-packages/airflow/example_dags/example_sensors.py
[2025-03-24T20:14:17.333+0000] {processor.py:826} INFO - Processing file /home/vscode/.local/lib/python3.10/site-packages/airflow/example_dags/example_sensors.py for tasks to queue
[2025-03-24T20:14:17.333+0000] {logging_mixin.py:150} INFO - [2025-03-24T20:14:17.333+0000] {dagbag.py:541} INFO - Filling up the DagBag from /home/vscode/.local/lib/python3.10/site-packages/airflow/example_dags/example_sensors.py
[2025-03-24T20:14:17.341+0000] {processor.py:836} INFO - DAG(s) dict_keys(['example_sensors']) retrieved from /home/vscode/.local/lib/python3.10/site-packages/airflow/example_dags/example_sensors.py
[2025-03-24T20:14:17.355+0000] {logging_mixin.py:150} INFO - [2025-03-24T20:14:17.355+0000] {dag.py:2742} INFO - Sync 1 DAGs
[2025-03-24T20:14:17.369+0000] {logging_mixin.py:150} INFO - [2025-03-24T20:14:17.369+0000] {dag.py:3504} INFO - Setting next_dagrun for example_sensors to None, run_after=None
[2025-03-24T20:14:17.408+0000] {processor.py:179} INFO - Processing /home/vscode/.local/lib/python3.10/site-packages/airflow/example_dags/example_sensors.py took 0.078 seconds
[2025-03-24T20:14:58.449+0000] {processor.py:157} INFO - Started process (PID=26103) to work on /home/vscode/.local/lib/python3.10/site-packages/airflow/example_dags/example_sensors.py
[2025-03-24T20:14:58.450+0000] {processor.py:826} INFO - Processing file /home/vscode/.local/lib/python3.10/site-packages/airflow/example_dags/example_sensors.py for tasks to queue
[2025-03-24T20:14:58.451+0000] {logging_mixin.py:150} INFO - [2025-03-24T20:14:58.450+0000] {dagbag.py:541} INFO - Filling up the DagBag from /home/vscode/.local/lib/python3.10/site-packages/airflow/example_dags/example_sensors.py
[2025-03-24T20:14:58.457+0000] {processor.py:836} INFO - DAG(s) dict_keys(['example_sensors']) retrieved from /home/vscode/.local/lib/python3.10/site-packages/airflow/example_dags/example_sensors.py
[2025-03-24T20:14:58.471+0000] {logging_mixin.py:150} INFO - [2025-03-24T20:14:58.471+0000] {dag.py:2742} INFO - Sync 1 DAGs
[2025-03-24T20:14:58.485+0000] {logging_mixin.py:150} INFO - [2025-03-24T20:14:58.485+0000] {dag.py:3504} INFO - Setting next_dagrun for example_sensors to None, run_after=None
[2025-03-24T20:14:58.500+0000] {processor.py:179} INFO - Processing /home/vscode/.local/lib/python3.10/site-packages/airflow/example_dags/example_sensors.py took 0.052 seconds
[2025-03-24T20:15:44.177+0000] {processor.py:157} INFO - Started process (PID=26404) to work on /home/vscode/.local/lib/python3.10/site-packages/airflow/example_dags/example_sensors.py
[2025-03-24T20:15:44.177+0000] {processor.py:826} INFO - Processing file /home/vscode/.local/lib/python3.10/site-packages/airflow/example_dags/example_sensors.py for tasks to queue
[2025-03-24T20:15:44.178+0000] {logging_mixin.py:150} INFO - [2025-03-24T20:15:44.178+0000] {dagbag.py:541} INFO - Filling up the DagBag from /home/vscode/.local/lib/python3.10/site-packages/airflow/example_dags/example_sensors.py
[2025-03-24T20:15:44.185+0000] {processor.py:836} INFO - DAG(s) dict_keys(['example_sensors']) retrieved from /home/vscode/.local/lib/python3.10/site-packages/airflow/example_dags/example_sensors.py
[2025-03-24T20:15:44.203+0000] {logging_mixin.py:150} INFO - [2025-03-24T20:15:44.203+0000] {dag.py:2742} INFO - Sync 1 DAGs
[2025-03-24T20:15:44.223+0000] {logging_mixin.py:150} INFO - [2025-03-24T20:15:44.223+0000] {dag.py:3504} INFO - Setting next_dagrun for example_sensors to None, run_after=None
[2025-03-24T20:15:44.243+0000] {processor.py:179} INFO - Processing /home/vscode/.local/lib/python3.10/site-packages/airflow/example_dags/example_sensors.py took 0.068 seconds
[2025-03-24T20:16:31.413+0000] {processor.py:157} INFO - Started process (PID=26715) to work on /home/vscode/.local/lib/python3.10/site-packages/airflow/example_dags/example_sensors.py
[2025-03-24T20:16:31.414+0000] {processor.py:826} INFO - Processing file /home/vscode/.local/lib/python3.10/site-packages/airflow/example_dags/example_sensors.py for tasks to queue
[2025-03-24T20:16:31.414+0000] {logging_mixin.py:150} INFO - [2025-03-24T20:16:31.414+0000] {dagbag.py:541} INFO - Filling up the DagBag from /home/vscode/.local/lib/python3.10/site-packages/airflow/example_dags/example_sensors.py
[2025-03-24T20:16:31.421+0000] {processor.py:836} INFO - DAG(s) dict_keys(['example_sensors']) retrieved from /home/vscode/.local/lib/python3.10/site-packages/airflow/example_dags/example_sensors.py
[2025-03-24T20:16:31.435+0000] {logging_mixin.py:150} INFO - [2025-03-24T20:16:31.435+0000] {dag.py:2742} INFO - Sync 1 DAGs
[2025-03-24T20:16:31.449+0000] {logging_mixin.py:150} INFO - [2025-03-24T20:16:31.448+0000] {dag.py:3504} INFO - Setting next_dagrun for example_sensors to None, run_after=None
[2025-03-24T20:16:31.463+0000] {processor.py:179} INFO - Processing /home/vscode/.local/lib/python3.10/site-packages/airflow/example_dags/example_sensors.py took 0.052 seconds
[2025-03-24T20:17:19.820+0000] {processor.py:157} INFO - Started process (PID=27039) to work on /home/vscode/.local/lib/python3.10/site-packages/airflow/example_dags/example_sensors.py
[2025-03-24T20:17:19.821+0000] {processor.py:826} INFO - Processing file /home/vscode/.local/lib/python3.10/site-packages/airflow/example_dags/example_sensors.py for tasks to queue
[2025-03-24T20:17:19.822+0000] {logging_mixin.py:150} INFO - [2025-03-24T20:17:19.821+0000] {dagbag.py:541} INFO - Filling up the DagBag from /home/vscode/.local/lib/python3.10/site-packages/airflow/example_dags/example_sensors.py
[2025-03-24T20:17:19.829+0000] {processor.py:836} INFO - DAG(s) dict_keys(['example_sensors']) retrieved from /home/vscode/.local/lib/python3.10/site-packages/airflow/example_dags/example_sensors.py
[2025-03-24T20:17:19.843+0000] {logging_mixin.py:150} INFO - [2025-03-24T20:17:19.843+0000] {dag.py:2742} INFO - Sync 1 DAGs
[2025-03-24T20:17:19.856+0000] {logging_mixin.py:150} INFO - [2025-03-24T20:17:19.856+0000] {dag.py:3504} INFO - Setting next_dagrun for example_sensors to None, run_after=None
[2025-03-24T20:17:19.870+0000] {processor.py:179} INFO - Processing /home/vscode/.local/lib/python3.10/site-packages/airflow/example_dags/example_sensors.py took 0.052 seconds
[2025-03-24T20:18:04.488+0000] {processor.py:157} INFO - Started process (PID=27333) to work on /home/vscode/.local/lib/python3.10/site-packages/airflow/example_dags/example_sensors.py
[2025-03-24T20:18:04.489+0000] {processor.py:826} INFO - Processing file /home/vscode/.local/lib/python3.10/site-packages/airflow/example_dags/example_sensors.py for tasks to queue
[2025-03-24T20:18:04.490+0000] {logging_mixin.py:150} INFO - [2025-03-24T20:18:04.489+0000] {dagbag.py:541} INFO - Filling up the DagBag from /home/vscode/.local/lib/python3.10/site-packages/airflow/example_dags/example_sensors.py
[2025-03-24T20:18:04.496+0000] {processor.py:836} INFO - DAG(s) dict_keys(['example_sensors']) retrieved from /home/vscode/.local/lib/python3.10/site-packages/airflow/example_dags/example_sensors.py
[2025-03-24T20:18:04.510+0000] {logging_mixin.py:150} INFO - [2025-03-24T20:18:04.510+0000] {dag.py:2742} INFO - Sync 1 DAGs
[2025-03-24T20:18:04.525+0000] {logging_mixin.py:150} INFO - [2025-03-24T20:18:04.524+0000] {dag.py:3504} INFO - Setting next_dagrun for example_sensors to None, run_after=None
[2025-03-24T20:18:04.539+0000] {processor.py:179} INFO - Processing /home/vscode/.local/lib/python3.10/site-packages/airflow/example_dags/example_sensors.py took 0.053 seconds
[2025-03-24T20:18:47.347+0000] {processor.py:157} INFO - Started process (PID=27613) to work on /home/vscode/.local/lib/python3.10/site-packages/airflow/example_dags/example_sensors.py
[2025-03-24T20:18:47.348+0000] {processor.py:826} INFO - Processing file /home/vscode/.local/lib/python3.10/site-packages/airflow/example_dags/example_sensors.py for tasks to queue
[2025-03-24T20:18:47.349+0000] {logging_mixin.py:150} INFO - [2025-03-24T20:18:47.348+0000] {dagbag.py:541} INFO - Filling up the DagBag from /home/vscode/.local/lib/python3.10/site-packages/airflow/example_dags/example_sensors.py
[2025-03-24T20:18:47.356+0000] {processor.py:836} INFO - DAG(s) dict_keys(['example_sensors']) retrieved from /home/vscode/.local/lib/python3.10/site-packages/airflow/example_dags/example_sensors.py
[2025-03-24T20:18:47.370+0000] {logging_mixin.py:150} INFO - [2025-03-24T20:18:47.370+0000] {dag.py:2742} INFO - Sync 1 DAGs
[2025-03-24T20:18:47.385+0000] {logging_mixin.py:150} INFO - [2025-03-24T20:18:47.385+0000] {dag.py:3504} INFO - Setting next_dagrun for example_sensors to None, run_after=None
[2025-03-24T20:18:47.408+0000] {processor.py:179} INFO - Processing /home/vscode/.local/lib/python3.10/site-packages/airflow/example_dags/example_sensors.py took 0.063 seconds
[2025-03-24T20:19:29.275+0000] {processor.py:157} INFO - Started process (PID=27906) to work on /home/vscode/.local/lib/python3.10/site-packages/airflow/example_dags/example_sensors.py
[2025-03-24T20:19:29.275+0000] {processor.py:826} INFO - Processing file /home/vscode/.local/lib/python3.10/site-packages/airflow/example_dags/example_sensors.py for tasks to queue
[2025-03-24T20:19:29.276+0000] {logging_mixin.py:150} INFO - [2025-03-24T20:19:29.276+0000] {dagbag.py:541} INFO - Filling up the DagBag from /home/vscode/.local/lib/python3.10/site-packages/airflow/example_dags/example_sensors.py
[2025-03-24T20:19:29.283+0000] {processor.py:836} INFO - DAG(s) dict_keys(['example_sensors']) retrieved from /home/vscode/.local/lib/python3.10/site-packages/airflow/example_dags/example_sensors.py
[2025-03-24T20:19:29.297+0000] {logging_mixin.py:150} INFO - [2025-03-24T20:19:29.297+0000] {dag.py:2742} INFO - Sync 1 DAGs
[2025-03-24T20:19:29.310+0000] {logging_mixin.py:150} INFO - [2025-03-24T20:19:29.310+0000] {dag.py:3504} INFO - Setting next_dagrun for example_sensors to None, run_after=None
[2025-03-24T20:19:29.326+0000] {processor.py:179} INFO - Processing /home/vscode/.local/lib/python3.10/site-packages/airflow/example_dags/example_sensors.py took 0.053 seconds
[2025-03-24T20:20:15.540+0000] {processor.py:157} INFO - Started process (PID=28239) to work on /home/vscode/.local/lib/python3.10/site-packages/airflow/example_dags/example_sensors.py
[2025-03-24T20:20:15.540+0000] {processor.py:826} INFO - Processing file /home/vscode/.local/lib/python3.10/site-packages/airflow/example_dags/example_sensors.py for tasks to queue
[2025-03-24T20:20:15.541+0000] {logging_mixin.py:150} INFO - [2025-03-24T20:20:15.541+0000] {dagbag.py:541} INFO - Filling up the DagBag from /home/vscode/.local/lib/python3.10/site-packages/airflow/example_dags/example_sensors.py
[2025-03-24T20:20:15.548+0000] {processor.py:836} INFO - DAG(s) dict_keys(['example_sensors']) retrieved from /home/vscode/.local/lib/python3.10/site-packages/airflow/example_dags/example_sensors.py
[2025-03-24T20:20:15.562+0000] {logging_mixin.py:150} INFO - [2025-03-24T20:20:15.562+0000] {dag.py:2742} INFO - Sync 1 DAGs
[2025-03-24T20:20:15.576+0000] {logging_mixin.py:150} INFO - [2025-03-24T20:20:15.576+0000] {dag.py:3504} INFO - Setting next_dagrun for example_sensors to None, run_after=None
[2025-03-24T20:20:15.590+0000] {processor.py:179} INFO - Processing /home/vscode/.local/lib/python3.10/site-packages/airflow/example_dags/example_sensors.py took 0.052 seconds
[2025-03-24T20:21:03.480+0000] {processor.py:157} INFO - Started process (PID=28602) to work on /home/vscode/.local/lib/python3.10/site-packages/airflow/example_dags/example_sensors.py
[2025-03-24T20:21:03.481+0000] {processor.py:826} INFO - Processing file /home/vscode/.local/lib/python3.10/site-packages/airflow/example_dags/example_sensors.py for tasks to queue
[2025-03-24T20:21:03.481+0000] {logging_mixin.py:150} INFO - [2025-03-24T20:21:03.481+0000] {dagbag.py:541} INFO - Filling up the DagBag from /home/vscode/.local/lib/python3.10/site-packages/airflow/example_dags/example_sensors.py
[2025-03-24T20:21:03.488+0000] {processor.py:836} INFO - DAG(s) dict_keys(['example_sensors']) retrieved from /home/vscode/.local/lib/python3.10/site-packages/airflow/example_dags/example_sensors.py
[2025-03-24T20:21:03.503+0000] {logging_mixin.py:150} INFO - [2025-03-24T20:21:03.502+0000] {dag.py:2742} INFO - Sync 1 DAGs
[2025-03-24T20:21:03.516+0000] {logging_mixin.py:150} INFO - [2025-03-24T20:21:03.516+0000] {dag.py:3504} INFO - Setting next_dagrun for example_sensors to None, run_after=None
[2025-03-24T20:21:03.531+0000] {processor.py:179} INFO - Processing /home/vscode/.local/lib/python3.10/site-packages/airflow/example_dags/example_sensors.py took 0.053 seconds
[2025-03-24T20:21:52.030+0000] {processor.py:157} INFO - Started process (PID=28979) to work on /home/vscode/.local/lib/python3.10/site-packages/airflow/example_dags/example_sensors.py
[2025-03-24T20:21:52.031+0000] {processor.py:826} INFO - Processing file /home/vscode/.local/lib/python3.10/site-packages/airflow/example_dags/example_sensors.py for tasks to queue
[2025-03-24T20:21:52.031+0000] {logging_mixin.py:150} INFO - [2025-03-24T20:21:52.031+0000] {dagbag.py:541} INFO - Filling up the DagBag from /home/vscode/.local/lib/python3.10/site-packages/airflow/example_dags/example_sensors.py
[2025-03-24T20:21:52.038+0000] {processor.py:836} INFO - DAG(s) dict_keys(['example_sensors']) retrieved from /home/vscode/.local/lib/python3.10/site-packages/airflow/example_dags/example_sensors.py
[2025-03-24T20:21:52.052+0000] {logging_mixin.py:150} INFO - [2025-03-24T20:21:52.052+0000] {dag.py:2742} INFO - Sync 1 DAGs
[2025-03-24T20:21:52.065+0000] {logging_mixin.py:150} INFO - [2025-03-24T20:21:52.065+0000] {dag.py:3504} INFO - Setting next_dagrun for example_sensors to None, run_after=None
[2025-03-24T20:21:52.079+0000] {processor.py:179} INFO - Processing /home/vscode/.local/lib/python3.10/site-packages/airflow/example_dags/example_sensors.py took 0.052 seconds
[2025-03-24T20:22:34.273+0000] {processor.py:157} INFO - Started process (PID=29283) to work on /home/vscode/.local/lib/python3.10/site-packages/airflow/example_dags/example_sensors.py
[2025-03-24T20:22:34.273+0000] {processor.py:826} INFO - Processing file /home/vscode/.local/lib/python3.10/site-packages/airflow/example_dags/example_sensors.py for tasks to queue
[2025-03-24T20:22:34.274+0000] {logging_mixin.py:150} INFO - [2025-03-24T20:22:34.274+0000] {dagbag.py:541} INFO - Filling up the DagBag from /home/vscode/.local/lib/python3.10/site-packages/airflow/example_dags/example_sensors.py
[2025-03-24T20:22:34.281+0000] {processor.py:836} INFO - DAG(s) dict_keys(['example_sensors']) retrieved from /home/vscode/.local/lib/python3.10/site-packages/airflow/example_dags/example_sensors.py
[2025-03-24T20:22:34.295+0000] {logging_mixin.py:150} INFO - [2025-03-24T20:22:34.295+0000] {dag.py:2742} INFO - Sync 1 DAGs
[2025-03-24T20:22:34.309+0000] {logging_mixin.py:150} INFO - [2025-03-24T20:22:34.309+0000] {dag.py:3504} INFO - Setting next_dagrun for example_sensors to None, run_after=None
[2025-03-24T20:22:34.323+0000] {processor.py:179} INFO - Processing /home/vscode/.local/lib/python3.10/site-packages/airflow/example_dags/example_sensors.py took 0.053 seconds
[2025-03-24T20:23:22.164+0000] {processor.py:157} INFO - Started process (PID=29651) to work on /home/vscode/.local/lib/python3.10/site-packages/airflow/example_dags/example_sensors.py
[2025-03-24T20:23:22.164+0000] {processor.py:826} INFO - Processing file /home/vscode/.local/lib/python3.10/site-packages/airflow/example_dags/example_sensors.py for tasks to queue
[2025-03-24T20:23:22.165+0000] {logging_mixin.py:150} INFO - [2025-03-24T20:23:22.165+0000] {dagbag.py:541} INFO - Filling up the DagBag from /home/vscode/.local/lib/python3.10/site-packages/airflow/example_dags/example_sensors.py
[2025-03-24T20:23:22.172+0000] {processor.py:836} INFO - DAG(s) dict_keys(['example_sensors']) retrieved from /home/vscode/.local/lib/python3.10/site-packages/airflow/example_dags/example_sensors.py
[2025-03-24T20:23:22.186+0000] {logging_mixin.py:150} INFO - [2025-03-24T20:23:22.186+0000] {dag.py:2742} INFO - Sync 1 DAGs
[2025-03-24T20:23:22.200+0000] {logging_mixin.py:150} INFO - [2025-03-24T20:23:22.200+0000] {dag.py:3504} INFO - Setting next_dagrun for example_sensors to None, run_after=None
[2025-03-24T20:23:22.217+0000] {processor.py:179} INFO - Processing /home/vscode/.local/lib/python3.10/site-packages/airflow/example_dags/example_sensors.py took 0.055 seconds
[2025-03-24T20:24:06.720+0000] {processor.py:157} INFO - Started process (PID=30035) to work on /home/vscode/.local/lib/python3.10/site-packages/airflow/example_dags/example_sensors.py
[2025-03-24T20:24:06.721+0000] {processor.py:826} INFO - Processing file /home/vscode/.local/lib/python3.10/site-packages/airflow/example_dags/example_sensors.py for tasks to queue
[2025-03-24T20:24:06.721+0000] {logging_mixin.py:150} INFO - [2025-03-24T20:24:06.721+0000] {dagbag.py:541} INFO - Filling up the DagBag from /home/vscode/.local/lib/python3.10/site-packages/airflow/example_dags/example_sensors.py
[2025-03-24T20:24:06.728+0000] {processor.py:836} INFO - DAG(s) dict_keys(['example_sensors']) retrieved from /home/vscode/.local/lib/python3.10/site-packages/airflow/example_dags/example_sensors.py
[2025-03-24T20:24:06.742+0000] {logging_mixin.py:150} INFO - [2025-03-24T20:24:06.742+0000] {dag.py:2742} INFO - Sync 1 DAGs
[2025-03-24T20:24:06.756+0000] {logging_mixin.py:150} INFO - [2025-03-24T20:24:06.755+0000] {dag.py:3504} INFO - Setting next_dagrun for example_sensors to None, run_after=None
[2025-03-24T20:24:06.772+0000] {processor.py:179} INFO - Processing /home/vscode/.local/lib/python3.10/site-packages/airflow/example_dags/example_sensors.py took 0.054 seconds
[2025-03-24T20:24:52.169+0000] {processor.py:157} INFO - Started process (PID=30361) to work on /home/vscode/.local/lib/python3.10/site-packages/airflow/example_dags/example_sensors.py
[2025-03-24T20:24:52.170+0000] {processor.py:826} INFO - Processing file /home/vscode/.local/lib/python3.10/site-packages/airflow/example_dags/example_sensors.py for tasks to queue
[2025-03-24T20:24:52.170+0000] {logging_mixin.py:150} INFO - [2025-03-24T20:24:52.170+0000] {dagbag.py:541} INFO - Filling up the DagBag from /home/vscode/.local/lib/python3.10/site-packages/airflow/example_dags/example_sensors.py
[2025-03-24T20:24:52.178+0000] {processor.py:836} INFO - DAG(s) dict_keys(['example_sensors']) retrieved from /home/vscode/.local/lib/python3.10/site-packages/airflow/example_dags/example_sensors.py
[2025-03-24T20:24:52.192+0000] {logging_mixin.py:150} INFO - [2025-03-24T20:24:52.192+0000] {dag.py:2742} INFO - Sync 1 DAGs
[2025-03-24T20:24:52.206+0000] {logging_mixin.py:150} INFO - [2025-03-24T20:24:52.206+0000] {dag.py:3504} INFO - Setting next_dagrun for example_sensors to None, run_after=None
[2025-03-24T20:24:52.221+0000] {processor.py:179} INFO - Processing /home/vscode/.local/lib/python3.10/site-packages/airflow/example_dags/example_sensors.py took 0.054 seconds
[2025-03-24T20:25:35.287+0000] {processor.py:157} INFO - Started process (PID=30696) to work on /home/vscode/.local/lib/python3.10/site-packages/airflow/example_dags/example_sensors.py
[2025-03-24T20:25:35.288+0000] {processor.py:826} INFO - Processing file /home/vscode/.local/lib/python3.10/site-packages/airflow/example_dags/example_sensors.py for tasks to queue
[2025-03-24T20:25:35.288+0000] {logging_mixin.py:150} INFO - [2025-03-24T20:25:35.288+0000] {dagbag.py:541} INFO - Filling up the DagBag from /home/vscode/.local/lib/python3.10/site-packages/airflow/example_dags/example_sensors.py
[2025-03-24T20:25:35.295+0000] {processor.py:836} INFO - DAG(s) dict_keys(['example_sensors']) retrieved from /home/vscode/.local/lib/python3.10/site-packages/airflow/example_dags/example_sensors.py
[2025-03-24T20:25:35.310+0000] {logging_mixin.py:150} INFO - [2025-03-24T20:25:35.310+0000] {dag.py:2742} INFO - Sync 1 DAGs
[2025-03-24T20:25:35.324+0000] {logging_mixin.py:150} INFO - [2025-03-24T20:25:35.324+0000] {dag.py:3504} INFO - Setting next_dagrun for example_sensors to None, run_after=None
[2025-03-24T20:25:35.340+0000] {processor.py:179} INFO - Processing /home/vscode/.local/lib/python3.10/site-packages/airflow/example_dags/example_sensors.py took 0.055 seconds
[2025-03-24T20:26:21.259+0000] {processor.py:157} INFO - Started process (PID=31031) to work on /home/vscode/.local/lib/python3.10/site-packages/airflow/example_dags/example_sensors.py
[2025-03-24T20:26:21.260+0000] {processor.py:826} INFO - Processing file /home/vscode/.local/lib/python3.10/site-packages/airflow/example_dags/example_sensors.py for tasks to queue
[2025-03-24T20:26:21.261+0000] {logging_mixin.py:150} INFO - [2025-03-24T20:26:21.260+0000] {dagbag.py:541} INFO - Filling up the DagBag from /home/vscode/.local/lib/python3.10/site-packages/airflow/example_dags/example_sensors.py
[2025-03-24T20:26:21.268+0000] {processor.py:836} INFO - DAG(s) dict_keys(['example_sensors']) retrieved from /home/vscode/.local/lib/python3.10/site-packages/airflow/example_dags/example_sensors.py
[2025-03-24T20:26:21.282+0000] {logging_mixin.py:150} INFO - [2025-03-24T20:26:21.282+0000] {dag.py:2742} INFO - Sync 1 DAGs
[2025-03-24T20:26:21.296+0000] {logging_mixin.py:150} INFO - [2025-03-24T20:26:21.296+0000] {dag.py:3504} INFO - Setting next_dagrun for example_sensors to None, run_after=None
[2025-03-24T20:26:21.311+0000] {processor.py:179} INFO - Processing /home/vscode/.local/lib/python3.10/site-packages/airflow/example_dags/example_sensors.py took 0.053 seconds
[2025-03-24T20:27:06.470+0000] {processor.py:157} INFO - Started process (PID=31457) to work on /home/vscode/.local/lib/python3.10/site-packages/airflow/example_dags/example_sensors.py
[2025-03-24T20:27:06.471+0000] {processor.py:826} INFO - Processing file /home/vscode/.local/lib/python3.10/site-packages/airflow/example_dags/example_sensors.py for tasks to queue
[2025-03-24T20:27:06.471+0000] {logging_mixin.py:150} INFO - [2025-03-24T20:27:06.471+0000] {dagbag.py:541} INFO - Filling up the DagBag from /home/vscode/.local/lib/python3.10/site-packages/airflow/example_dags/example_sensors.py
[2025-03-24T20:27:06.478+0000] {processor.py:836} INFO - DAG(s) dict_keys(['example_sensors']) retrieved from /home/vscode/.local/lib/python3.10/site-packages/airflow/example_dags/example_sensors.py
[2025-03-24T20:27:06.492+0000] {logging_mixin.py:150} INFO - [2025-03-24T20:27:06.492+0000] {dag.py:2742} INFO - Sync 1 DAGs
[2025-03-24T20:27:06.506+0000] {logging_mixin.py:150} INFO - [2025-03-24T20:27:06.506+0000] {dag.py:3504} INFO - Setting next_dagrun for example_sensors to None, run_after=None
[2025-03-24T20:27:06.520+0000] {processor.py:179} INFO - Processing /home/vscode/.local/lib/python3.10/site-packages/airflow/example_dags/example_sensors.py took 0.053 seconds
[2025-03-24T20:27:50.473+0000] {processor.py:157} INFO - Started process (PID=31842) to work on /home/vscode/.local/lib/python3.10/site-packages/airflow/example_dags/example_sensors.py
[2025-03-24T20:27:50.474+0000] {processor.py:826} INFO - Processing file /home/vscode/.local/lib/python3.10/site-packages/airflow/example_dags/example_sensors.py for tasks to queue
[2025-03-24T20:27:50.474+0000] {logging_mixin.py:150} INFO - [2025-03-24T20:27:50.474+0000] {dagbag.py:541} INFO - Filling up the DagBag from /home/vscode/.local/lib/python3.10/site-packages/airflow/example_dags/example_sensors.py
[2025-03-24T20:27:50.481+0000] {processor.py:836} INFO - DAG(s) dict_keys(['example_sensors']) retrieved from /home/vscode/.local/lib/python3.10/site-packages/airflow/example_dags/example_sensors.py
[2025-03-24T20:27:50.504+0000] {logging_mixin.py:150} INFO - [2025-03-24T20:27:50.504+0000] {dag.py:2742} INFO - Sync 1 DAGs
[2025-03-24T20:27:50.521+0000] {logging_mixin.py:150} INFO - [2025-03-24T20:27:50.521+0000] {dag.py:3504} INFO - Setting next_dagrun for example_sensors to None, run_after=None
[2025-03-24T20:27:50.536+0000] {processor.py:179} INFO - Processing /home/vscode/.local/lib/python3.10/site-packages/airflow/example_dags/example_sensors.py took 0.065 seconds
[2025-03-24T20:28:35.272+0000] {processor.py:157} INFO - Started process (PID=32161) to work on /home/vscode/.local/lib/python3.10/site-packages/airflow/example_dags/example_sensors.py
[2025-03-24T20:28:35.272+0000] {processor.py:826} INFO - Processing file /home/vscode/.local/lib/python3.10/site-packages/airflow/example_dags/example_sensors.py for tasks to queue
[2025-03-24T20:28:35.273+0000] {logging_mixin.py:150} INFO - [2025-03-24T20:28:35.273+0000] {dagbag.py:541} INFO - Filling up the DagBag from /home/vscode/.local/lib/python3.10/site-packages/airflow/example_dags/example_sensors.py
[2025-03-24T20:28:35.280+0000] {processor.py:836} INFO - DAG(s) dict_keys(['example_sensors']) retrieved from /home/vscode/.local/lib/python3.10/site-packages/airflow/example_dags/example_sensors.py
[2025-03-24T20:28:35.294+0000] {logging_mixin.py:150} INFO - [2025-03-24T20:28:35.294+0000] {dag.py:2742} INFO - Sync 1 DAGs
[2025-03-24T20:28:35.308+0000] {logging_mixin.py:150} INFO - [2025-03-24T20:28:35.308+0000] {dag.py:3504} INFO - Setting next_dagrun for example_sensors to None, run_after=None
[2025-03-24T20:28:35.323+0000] {processor.py:179} INFO - Processing /home/vscode/.local/lib/python3.10/site-packages/airflow/example_dags/example_sensors.py took 0.054 seconds
[2025-03-24T20:29:17.848+0000] {processor.py:157} INFO - Started process (PID=32459) to work on /home/vscode/.local/lib/python3.10/site-packages/airflow/example_dags/example_sensors.py
[2025-03-24T20:29:17.849+0000] {processor.py:826} INFO - Processing file /home/vscode/.local/lib/python3.10/site-packages/airflow/example_dags/example_sensors.py for tasks to queue
[2025-03-24T20:29:17.850+0000] {logging_mixin.py:150} INFO - [2025-03-24T20:29:17.849+0000] {dagbag.py:541} INFO - Filling up the DagBag from /home/vscode/.local/lib/python3.10/site-packages/airflow/example_dags/example_sensors.py
[2025-03-24T20:29:17.857+0000] {processor.py:836} INFO - DAG(s) dict_keys(['example_sensors']) retrieved from /home/vscode/.local/lib/python3.10/site-packages/airflow/example_dags/example_sensors.py
[2025-03-24T20:29:17.870+0000] {logging_mixin.py:150} INFO - [2025-03-24T20:29:17.870+0000] {dag.py:2742} INFO - Sync 1 DAGs
[2025-03-24T20:29:17.884+0000] {logging_mixin.py:150} INFO - [2025-03-24T20:29:17.884+0000] {dag.py:3504} INFO - Setting next_dagrun for example_sensors to None, run_after=None
[2025-03-24T20:29:17.899+0000] {processor.py:179} INFO - Processing /home/vscode/.local/lib/python3.10/site-packages/airflow/example_dags/example_sensors.py took 0.053 seconds
[2025-03-24T20:30:03.954+0000] {processor.py:157} INFO - Started process (PID=32782) to work on /home/vscode/.local/lib/python3.10/site-packages/airflow/example_dags/example_sensors.py
[2025-03-24T20:30:03.954+0000] {processor.py:826} INFO - Processing file /home/vscode/.local/lib/python3.10/site-packages/airflow/example_dags/example_sensors.py for tasks to queue
[2025-03-24T20:30:03.955+0000] {logging_mixin.py:150} INFO - [2025-03-24T20:30:03.955+0000] {dagbag.py:541} INFO - Filling up the DagBag from /home/vscode/.local/lib/python3.10/site-packages/airflow/example_dags/example_sensors.py
[2025-03-24T20:30:03.962+0000] {processor.py:836} INFO - DAG(s) dict_keys(['example_sensors']) retrieved from /home/vscode/.local/lib/python3.10/site-packages/airflow/example_dags/example_sensors.py
[2025-03-24T20:30:03.976+0000] {logging_mixin.py:150} INFO - [2025-03-24T20:30:03.976+0000] {dag.py:2742} INFO - Sync 1 DAGs
[2025-03-24T20:30:03.990+0000] {logging_mixin.py:150} INFO - [2025-03-24T20:30:03.990+0000] {dag.py:3504} INFO - Setting next_dagrun for example_sensors to None, run_after=None
[2025-03-24T20:30:04.005+0000] {processor.py:179} INFO - Processing /home/vscode/.local/lib/python3.10/site-packages/airflow/example_dags/example_sensors.py took 0.053 seconds
[2025-03-24T20:30:44.697+0000] {processor.py:157} INFO - Started process (PID=33062) to work on /home/vscode/.local/lib/python3.10/site-packages/airflow/example_dags/example_sensors.py
[2025-03-24T20:30:44.698+0000] {processor.py:826} INFO - Processing file /home/vscode/.local/lib/python3.10/site-packages/airflow/example_dags/example_sensors.py for tasks to queue
[2025-03-24T20:30:44.698+0000] {logging_mixin.py:150} INFO - [2025-03-24T20:30:44.698+0000] {dagbag.py:541} INFO - Filling up the DagBag from /home/vscode/.local/lib/python3.10/site-packages/airflow/example_dags/example_sensors.py
[2025-03-24T20:30:44.705+0000] {processor.py:836} INFO - DAG(s) dict_keys(['example_sensors']) retrieved from /home/vscode/.local/lib/python3.10/site-packages/airflow/example_dags/example_sensors.py
[2025-03-24T20:30:44.719+0000] {logging_mixin.py:150} INFO - [2025-03-24T20:30:44.719+0000] {dag.py:2742} INFO - Sync 1 DAGs
[2025-03-24T20:30:44.733+0000] {logging_mixin.py:150} INFO - [2025-03-24T20:30:44.733+0000] {dag.py:3504} INFO - Setting next_dagrun for example_sensors to None, run_after=None
[2025-03-24T20:30:44.747+0000] {processor.py:179} INFO - Processing /home/vscode/.local/lib/python3.10/site-packages/airflow/example_dags/example_sensors.py took 0.053 seconds
[2025-03-24T20:31:29.719+0000] {processor.py:157} INFO - Started process (PID=33357) to work on /home/vscode/.local/lib/python3.10/site-packages/airflow/example_dags/example_sensors.py
[2025-03-24T20:31:29.719+0000] {processor.py:826} INFO - Processing file /home/vscode/.local/lib/python3.10/site-packages/airflow/example_dags/example_sensors.py for tasks to queue
[2025-03-24T20:31:29.720+0000] {logging_mixin.py:150} INFO - [2025-03-24T20:31:29.720+0000] {dagbag.py:541} INFO - Filling up the DagBag from /home/vscode/.local/lib/python3.10/site-packages/airflow/example_dags/example_sensors.py
[2025-03-24T20:31:29.727+0000] {processor.py:836} INFO - DAG(s) dict_keys(['example_sensors']) retrieved from /home/vscode/.local/lib/python3.10/site-packages/airflow/example_dags/example_sensors.py
[2025-03-24T20:31:29.742+0000] {logging_mixin.py:150} INFO - [2025-03-24T20:31:29.741+0000] {dag.py:2742} INFO - Sync 1 DAGs
[2025-03-24T20:31:29.755+0000] {logging_mixin.py:150} INFO - [2025-03-24T20:31:29.755+0000] {dag.py:3504} INFO - Setting next_dagrun for example_sensors to None, run_after=None
[2025-03-24T20:31:29.770+0000] {processor.py:179} INFO - Processing /home/vscode/.local/lib/python3.10/site-packages/airflow/example_dags/example_sensors.py took 0.054 seconds
[2025-03-24T20:32:10.684+0000] {processor.py:157} INFO - Started process (PID=33632) to work on /home/vscode/.local/lib/python3.10/site-packages/airflow/example_dags/example_sensors.py
[2025-03-24T20:32:10.685+0000] {processor.py:826} INFO - Processing file /home/vscode/.local/lib/python3.10/site-packages/airflow/example_dags/example_sensors.py for tasks to queue
[2025-03-24T20:32:10.686+0000] {logging_mixin.py:150} INFO - [2025-03-24T20:32:10.685+0000] {dagbag.py:541} INFO - Filling up the DagBag from /home/vscode/.local/lib/python3.10/site-packages/airflow/example_dags/example_sensors.py
[2025-03-24T20:32:10.692+0000] {processor.py:836} INFO - DAG(s) dict_keys(['example_sensors']) retrieved from /home/vscode/.local/lib/python3.10/site-packages/airflow/example_dags/example_sensors.py
[2025-03-24T20:32:10.707+0000] {logging_mixin.py:150} INFO - [2025-03-24T20:32:10.707+0000] {dag.py:2742} INFO - Sync 1 DAGs
[2025-03-24T20:32:10.720+0000] {logging_mixin.py:150} INFO - [2025-03-24T20:32:10.720+0000] {dag.py:3504} INFO - Setting next_dagrun for example_sensors to None, run_after=None
[2025-03-24T20:32:10.736+0000] {processor.py:179} INFO - Processing /home/vscode/.local/lib/python3.10/site-packages/airflow/example_dags/example_sensors.py took 0.053 seconds
[2025-03-24T20:32:54.714+0000] {processor.py:157} INFO - Started process (PID=33930) to work on /home/vscode/.local/lib/python3.10/site-packages/airflow/example_dags/example_sensors.py
[2025-03-24T20:32:54.715+0000] {processor.py:826} INFO - Processing file /home/vscode/.local/lib/python3.10/site-packages/airflow/example_dags/example_sensors.py for tasks to queue
[2025-03-24T20:32:54.715+0000] {logging_mixin.py:150} INFO - [2025-03-24T20:32:54.715+0000] {dagbag.py:541} INFO - Filling up the DagBag from /home/vscode/.local/lib/python3.10/site-packages/airflow/example_dags/example_sensors.py
[2025-03-24T20:32:54.722+0000] {processor.py:836} INFO - DAG(s) dict_keys(['example_sensors']) retrieved from /home/vscode/.local/lib/python3.10/site-packages/airflow/example_dags/example_sensors.py
[2025-03-24T20:32:54.736+0000] {logging_mixin.py:150} INFO - [2025-03-24T20:32:54.736+0000] {dag.py:2742} INFO - Sync 1 DAGs
[2025-03-24T20:32:54.750+0000] {logging_mixin.py:150} INFO - [2025-03-24T20:32:54.750+0000] {dag.py:3504} INFO - Setting next_dagrun for example_sensors to None, run_after=None
[2025-03-24T20:32:54.765+0000] {processor.py:179} INFO - Processing /home/vscode/.local/lib/python3.10/site-packages/airflow/example_dags/example_sensors.py took 0.054 seconds
[2025-03-24T20:33:43.488+0000] {processor.py:157} INFO - Started process (PID=34355) to work on /home/vscode/.local/lib/python3.10/site-packages/airflow/example_dags/example_sensors.py
[2025-03-24T20:33:43.489+0000] {processor.py:826} INFO - Processing file /home/vscode/.local/lib/python3.10/site-packages/airflow/example_dags/example_sensors.py for tasks to queue
[2025-03-24T20:33:43.489+0000] {logging_mixin.py:150} INFO - [2025-03-24T20:33:43.489+0000] {dagbag.py:541} INFO - Filling up the DagBag from /home/vscode/.local/lib/python3.10/site-packages/airflow/example_dags/example_sensors.py
[2025-03-24T20:33:43.496+0000] {processor.py:836} INFO - DAG(s) dict_keys(['example_sensors']) retrieved from /home/vscode/.local/lib/python3.10/site-packages/airflow/example_dags/example_sensors.py
[2025-03-24T20:33:43.510+0000] {logging_mixin.py:150} INFO - [2025-03-24T20:33:43.510+0000] {dag.py:2742} INFO - Sync 1 DAGs
[2025-03-24T20:33:43.524+0000] {logging_mixin.py:150} INFO - [2025-03-24T20:33:43.524+0000] {dag.py:3504} INFO - Setting next_dagrun for example_sensors to None, run_after=None
[2025-03-24T20:33:43.539+0000] {processor.py:179} INFO - Processing /home/vscode/.local/lib/python3.10/site-packages/airflow/example_dags/example_sensors.py took 0.053 seconds
[2025-03-24T20:34:29.937+0000] {processor.py:157} INFO - Started process (PID=34665) to work on /home/vscode/.local/lib/python3.10/site-packages/airflow/example_dags/example_sensors.py
[2025-03-24T20:34:29.938+0000] {processor.py:826} INFO - Processing file /home/vscode/.local/lib/python3.10/site-packages/airflow/example_dags/example_sensors.py for tasks to queue
[2025-03-24T20:34:29.938+0000] {logging_mixin.py:150} INFO - [2025-03-24T20:34:29.938+0000] {dagbag.py:541} INFO - Filling up the DagBag from /home/vscode/.local/lib/python3.10/site-packages/airflow/example_dags/example_sensors.py
[2025-03-24T20:34:29.946+0000] {processor.py:836} INFO - DAG(s) dict_keys(['example_sensors']) retrieved from /home/vscode/.local/lib/python3.10/site-packages/airflow/example_dags/example_sensors.py
[2025-03-24T20:34:29.960+0000] {logging_mixin.py:150} INFO - [2025-03-24T20:34:29.960+0000] {dag.py:2742} INFO - Sync 1 DAGs
[2025-03-24T20:34:29.974+0000] {logging_mixin.py:150} INFO - [2025-03-24T20:34:29.974+0000] {dag.py:3504} INFO - Setting next_dagrun for example_sensors to None, run_after=None
[2025-03-24T20:34:29.989+0000] {processor.py:179} INFO - Processing /home/vscode/.local/lib/python3.10/site-packages/airflow/example_dags/example_sensors.py took 0.054 seconds
[2025-03-24T20:35:14.940+0000] {processor.py:157} INFO - Started process (PID=34965) to work on /home/vscode/.local/lib/python3.10/site-packages/airflow/example_dags/example_sensors.py
[2025-03-24T20:35:14.940+0000] {processor.py:826} INFO - Processing file /home/vscode/.local/lib/python3.10/site-packages/airflow/example_dags/example_sensors.py for tasks to queue
[2025-03-24T20:35:14.941+0000] {logging_mixin.py:150} INFO - [2025-03-24T20:35:14.941+0000] {dagbag.py:541} INFO - Filling up the DagBag from /home/vscode/.local/lib/python3.10/site-packages/airflow/example_dags/example_sensors.py
[2025-03-24T20:35:14.952+0000] {processor.py:836} INFO - DAG(s) dict_keys(['example_sensors']) retrieved from /home/vscode/.local/lib/python3.10/site-packages/airflow/example_dags/example_sensors.py
[2025-03-24T20:35:14.968+0000] {logging_mixin.py:150} INFO - [2025-03-24T20:35:14.968+0000] {dag.py:2742} INFO - Sync 1 DAGs
[2025-03-24T20:35:14.982+0000] {logging_mixin.py:150} INFO - [2025-03-24T20:35:14.982+0000] {dag.py:3504} INFO - Setting next_dagrun for example_sensors to None, run_after=None
[2025-03-24T20:35:14.997+0000] {processor.py:179} INFO - Processing /home/vscode/.local/lib/python3.10/site-packages/airflow/example_dags/example_sensors.py took 0.060 seconds
[2025-03-24T20:35:58.698+0000] {processor.py:157} INFO - Started process (PID=35263) to work on /home/vscode/.local/lib/python3.10/site-packages/airflow/example_dags/example_sensors.py
[2025-03-24T20:35:58.699+0000] {processor.py:826} INFO - Processing file /home/vscode/.local/lib/python3.10/site-packages/airflow/example_dags/example_sensors.py for tasks to queue
[2025-03-24T20:35:58.699+0000] {logging_mixin.py:150} INFO - [2025-03-24T20:35:58.699+0000] {dagbag.py:541} INFO - Filling up the DagBag from /home/vscode/.local/lib/python3.10/site-packages/airflow/example_dags/example_sensors.py
[2025-03-24T20:35:58.706+0000] {processor.py:836} INFO - DAG(s) dict_keys(['example_sensors']) retrieved from /home/vscode/.local/lib/python3.10/site-packages/airflow/example_dags/example_sensors.py
[2025-03-24T20:35:58.720+0000] {logging_mixin.py:150} INFO - [2025-03-24T20:35:58.720+0000] {dag.py:2742} INFO - Sync 1 DAGs
[2025-03-24T20:35:58.734+0000] {logging_mixin.py:150} INFO - [2025-03-24T20:35:58.734+0000] {dag.py:3504} INFO - Setting next_dagrun for example_sensors to None, run_after=None
[2025-03-24T20:35:58.749+0000] {processor.py:179} INFO - Processing /home/vscode/.local/lib/python3.10/site-packages/airflow/example_dags/example_sensors.py took 0.053 seconds
[2025-03-24T20:36:42.933+0000] {processor.py:157} INFO - Started process (PID=35580) to work on /home/vscode/.local/lib/python3.10/site-packages/airflow/example_dags/example_sensors.py
[2025-03-24T20:36:42.934+0000] {processor.py:826} INFO - Processing file /home/vscode/.local/lib/python3.10/site-packages/airflow/example_dags/example_sensors.py for tasks to queue
[2025-03-24T20:36:42.934+0000] {logging_mixin.py:150} INFO - [2025-03-24T20:36:42.934+0000] {dagbag.py:541} INFO - Filling up the DagBag from /home/vscode/.local/lib/python3.10/site-packages/airflow/example_dags/example_sensors.py
[2025-03-24T20:36:42.941+0000] {processor.py:836} INFO - DAG(s) dict_keys(['example_sensors']) retrieved from /home/vscode/.local/lib/python3.10/site-packages/airflow/example_dags/example_sensors.py
[2025-03-24T20:36:42.956+0000] {logging_mixin.py:150} INFO - [2025-03-24T20:36:42.956+0000] {dag.py:2742} INFO - Sync 1 DAGs
[2025-03-24T20:36:42.969+0000] {logging_mixin.py:150} INFO - [2025-03-24T20:36:42.969+0000] {dag.py:3504} INFO - Setting next_dagrun for example_sensors to None, run_after=None
[2025-03-24T20:36:42.984+0000] {processor.py:179} INFO - Processing /home/vscode/.local/lib/python3.10/site-packages/airflow/example_dags/example_sensors.py took 0.053 seconds
[2025-03-24T20:37:28.412+0000] {processor.py:157} INFO - Started process (PID=35912) to work on /home/vscode/.local/lib/python3.10/site-packages/airflow/example_dags/example_sensors.py
[2025-03-24T20:37:28.413+0000] {processor.py:826} INFO - Processing file /home/vscode/.local/lib/python3.10/site-packages/airflow/example_dags/example_sensors.py for tasks to queue
[2025-03-24T20:37:28.413+0000] {logging_mixin.py:150} INFO - [2025-03-24T20:37:28.413+0000] {dagbag.py:541} INFO - Filling up the DagBag from /home/vscode/.local/lib/python3.10/site-packages/airflow/example_dags/example_sensors.py
[2025-03-24T20:37:28.421+0000] {processor.py:836} INFO - DAG(s) dict_keys(['example_sensors']) retrieved from /home/vscode/.local/lib/python3.10/site-packages/airflow/example_dags/example_sensors.py
[2025-03-24T20:37:28.435+0000] {logging_mixin.py:150} INFO - [2025-03-24T20:37:28.435+0000] {dag.py:2742} INFO - Sync 1 DAGs
[2025-03-24T20:37:28.449+0000] {logging_mixin.py:150} INFO - [2025-03-24T20:37:28.449+0000] {dag.py:3504} INFO - Setting next_dagrun for example_sensors to None, run_after=None
[2025-03-24T20:37:28.464+0000] {processor.py:179} INFO - Processing /home/vscode/.local/lib/python3.10/site-packages/airflow/example_dags/example_sensors.py took 0.054 seconds
