[2025-03-24T20:12:29.220+0000] {processor.py:157} INFO - Started process (PID=25047) to work on /home/vscode/.local/lib/python3.10/site-packages/airflow/example_dags/example_trigger_controller_dag.py
[2025-03-24T20:12:29.221+0000] {processor.py:826} INFO - Processing file /home/vscode/.local/lib/python3.10/site-packages/airflow/example_dags/example_trigger_controller_dag.py for tasks to queue
[2025-03-24T20:12:29.222+0000] {logging_mixin.py:150} INFO - [2025-03-24T20:12:29.221+0000] {dagbag.py:541} INFO - Filling up the DagBag from /home/vscode/.local/lib/python3.10/site-packages/airflow/example_dags/example_trigger_controller_dag.py
[2025-03-24T20:12:29.226+0000] {processor.py:836} INFO - DAG(s) dict_keys(['example_trigger_controller_dag']) retrieved from /home/vscode/.local/lib/python3.10/site-packages/airflow/example_dags/example_trigger_controller_dag.py
[2025-03-24T20:12:29.301+0000] {logging_mixin.py:150} INFO - [2025-03-24T20:12:29.300+0000] {manager.py:504} INFO - Created Permission View: can delete on DAG:example_trigger_controller_dag
[2025-03-24T20:12:29.309+0000] {logging_mixin.py:150} INFO - [2025-03-24T20:12:29.308+0000] {manager.py:504} INFO - Created Permission View: can edit on DAG:example_trigger_controller_dag
[2025-03-24T20:12:29.314+0000] {logging_mixin.py:150} INFO - [2025-03-24T20:12:29.314+0000] {manager.py:504} INFO - Created Permission View: can read on DAG:example_trigger_controller_dag
[2025-03-24T20:12:29.322+0000] {logging_mixin.py:150} INFO - [2025-03-24T20:12:29.322+0000] {dag.py:2742} INFO - Sync 1 DAGs
[2025-03-24T20:12:29.329+0000] {logging_mixin.py:150} INFO - [2025-03-24T20:12:29.329+0000] {dag.py:2763} INFO - Creating ORM DAG for example_trigger_controller_dag
[2025-03-24T20:12:29.335+0000] {logging_mixin.py:150} INFO - [2025-03-24T20:12:29.335+0000] {dag.py:3504} INFO - Setting next_dagrun for example_trigger_controller_dag to 2021-01-01T00:00:00+00:00, run_after=2021-01-01T00:00:00+00:00
[2025-03-24T20:12:29.351+0000] {processor.py:179} INFO - Processing /home/vscode/.local/lib/python3.10/site-packages/airflow/example_dags/example_trigger_controller_dag.py took 0.132 seconds
[2025-03-24T20:13:18.514+0000] {processor.py:157} INFO - Started process (PID=25418) to work on /home/vscode/.local/lib/python3.10/site-packages/airflow/example_dags/example_trigger_controller_dag.py
[2025-03-24T20:13:18.515+0000] {processor.py:826} INFO - Processing file /home/vscode/.local/lib/python3.10/site-packages/airflow/example_dags/example_trigger_controller_dag.py for tasks to queue
[2025-03-24T20:13:18.515+0000] {logging_mixin.py:150} INFO - [2025-03-24T20:13:18.515+0000] {dagbag.py:541} INFO - Filling up the DagBag from /home/vscode/.local/lib/python3.10/site-packages/airflow/example_dags/example_trigger_controller_dag.py
[2025-03-24T20:13:18.518+0000] {processor.py:836} INFO - DAG(s) dict_keys(['example_trigger_controller_dag']) retrieved from /home/vscode/.local/lib/python3.10/site-packages/airflow/example_dags/example_trigger_controller_dag.py
[2025-03-24T20:13:18.530+0000] {logging_mixin.py:150} INFO - [2025-03-24T20:13:18.530+0000] {dag.py:2742} INFO - Sync 1 DAGs
[2025-03-24T20:13:18.543+0000] {logging_mixin.py:150} INFO - [2025-03-24T20:13:18.543+0000] {dag.py:3504} INFO - Setting next_dagrun for example_trigger_controller_dag to 2021-01-01T00:00:00+00:00, run_after=2021-01-01T00:00:00+00:00
[2025-03-24T20:13:18.558+0000] {processor.py:179} INFO - Processing /home/vscode/.local/lib/python3.10/site-packages/airflow/example_dags/example_trigger_controller_dag.py took 0.046 seconds
[2025-03-24T20:14:02.469+0000] {processor.py:157} INFO - Started process (PID=25704) to work on /home/vscode/.local/lib/python3.10/site-packages/airflow/example_dags/example_trigger_controller_dag.py
[2025-03-24T20:14:02.470+0000] {processor.py:826} INFO - Processing file /home/vscode/.local/lib/python3.10/site-packages/airflow/example_dags/example_trigger_controller_dag.py for tasks to queue
[2025-03-24T20:14:02.471+0000] {logging_mixin.py:150} INFO - [2025-03-24T20:14:02.470+0000] {dagbag.py:541} INFO - Filling up the DagBag from /home/vscode/.local/lib/python3.10/site-packages/airflow/example_dags/example_trigger_controller_dag.py
[2025-03-24T20:14:02.474+0000] {processor.py:836} INFO - DAG(s) dict_keys(['example_trigger_controller_dag']) retrieved from /home/vscode/.local/lib/python3.10/site-packages/airflow/example_dags/example_trigger_controller_dag.py
[2025-03-24T20:14:02.485+0000] {logging_mixin.py:150} INFO - [2025-03-24T20:14:02.485+0000] {dag.py:2742} INFO - Sync 1 DAGs
[2025-03-24T20:14:02.499+0000] {logging_mixin.py:150} INFO - [2025-03-24T20:14:02.499+0000] {dag.py:3504} INFO - Setting next_dagrun for example_trigger_controller_dag to 2021-01-01T00:00:00+00:00, run_after=2021-01-01T00:00:00+00:00
[2025-03-24T20:14:02.514+0000] {processor.py:179} INFO - Processing /home/vscode/.local/lib/python3.10/site-packages/airflow/example_dags/example_trigger_controller_dag.py took 0.047 seconds
[2025-03-24T20:14:42.120+0000] {processor.py:157} INFO - Started process (PID=25974) to work on /home/vscode/.local/lib/python3.10/site-packages/airflow/example_dags/example_trigger_controller_dag.py
[2025-03-24T20:14:42.121+0000] {processor.py:826} INFO - Processing file /home/vscode/.local/lib/python3.10/site-packages/airflow/example_dags/example_trigger_controller_dag.py for tasks to queue
[2025-03-24T20:14:42.122+0000] {logging_mixin.py:150} INFO - [2025-03-24T20:14:42.121+0000] {dagbag.py:541} INFO - Filling up the DagBag from /home/vscode/.local/lib/python3.10/site-packages/airflow/example_dags/example_trigger_controller_dag.py
[2025-03-24T20:14:42.125+0000] {processor.py:836} INFO - DAG(s) dict_keys(['example_trigger_controller_dag']) retrieved from /home/vscode/.local/lib/python3.10/site-packages/airflow/example_dags/example_trigger_controller_dag.py
[2025-03-24T20:14:42.137+0000] {logging_mixin.py:150} INFO - [2025-03-24T20:14:42.137+0000] {dag.py:2742} INFO - Sync 1 DAGs
[2025-03-24T20:14:42.152+0000] {logging_mixin.py:150} INFO - [2025-03-24T20:14:42.152+0000] {dag.py:3504} INFO - Setting next_dagrun for example_trigger_controller_dag to 2021-01-01T00:00:00+00:00, run_after=2021-01-01T00:00:00+00:00
[2025-03-24T20:14:42.166+0000] {processor.py:179} INFO - Processing /home/vscode/.local/lib/python3.10/site-packages/airflow/example_dags/example_trigger_controller_dag.py took 0.048 seconds
[2025-03-24T20:15:22.745+0000] {processor.py:157} INFO - Started process (PID=26259) to work on /home/vscode/.local/lib/python3.10/site-packages/airflow/example_dags/example_trigger_controller_dag.py
[2025-03-24T20:15:22.746+0000] {processor.py:826} INFO - Processing file /home/vscode/.local/lib/python3.10/site-packages/airflow/example_dags/example_trigger_controller_dag.py for tasks to queue
[2025-03-24T20:15:22.746+0000] {logging_mixin.py:150} INFO - [2025-03-24T20:15:22.746+0000] {dagbag.py:541} INFO - Filling up the DagBag from /home/vscode/.local/lib/python3.10/site-packages/airflow/example_dags/example_trigger_controller_dag.py
[2025-03-24T20:15:22.749+0000] {processor.py:836} INFO - DAG(s) dict_keys(['example_trigger_controller_dag']) retrieved from /home/vscode/.local/lib/python3.10/site-packages/airflow/example_dags/example_trigger_controller_dag.py
[2025-03-24T20:15:22.762+0000] {logging_mixin.py:150} INFO - [2025-03-24T20:15:22.761+0000] {dag.py:2742} INFO - Sync 1 DAGs
[2025-03-24T20:15:22.785+0000] {logging_mixin.py:150} INFO - [2025-03-24T20:15:22.784+0000] {dag.py:3504} INFO - Setting next_dagrun for example_trigger_controller_dag to 2021-01-01T00:00:00+00:00, run_after=2021-01-01T00:00:00+00:00
[2025-03-24T20:15:22.806+0000] {processor.py:179} INFO - Processing /home/vscode/.local/lib/python3.10/site-packages/airflow/example_dags/example_trigger_controller_dag.py took 0.063 seconds
[2025-03-24T20:16:10.677+0000] {processor.py:157} INFO - Started process (PID=26576) to work on /home/vscode/.local/lib/python3.10/site-packages/airflow/example_dags/example_trigger_controller_dag.py
[2025-03-24T20:16:10.677+0000] {processor.py:826} INFO - Processing file /home/vscode/.local/lib/python3.10/site-packages/airflow/example_dags/example_trigger_controller_dag.py for tasks to queue
[2025-03-24T20:16:10.678+0000] {logging_mixin.py:150} INFO - [2025-03-24T20:16:10.678+0000] {dagbag.py:541} INFO - Filling up the DagBag from /home/vscode/.local/lib/python3.10/site-packages/airflow/example_dags/example_trigger_controller_dag.py
[2025-03-24T20:16:10.681+0000] {processor.py:836} INFO - DAG(s) dict_keys(['example_trigger_controller_dag']) retrieved from /home/vscode/.local/lib/python3.10/site-packages/airflow/example_dags/example_trigger_controller_dag.py
[2025-03-24T20:16:10.692+0000] {logging_mixin.py:150} INFO - [2025-03-24T20:16:10.692+0000] {dag.py:2742} INFO - Sync 1 DAGs
[2025-03-24T20:16:10.706+0000] {logging_mixin.py:150} INFO - [2025-03-24T20:16:10.706+0000] {dag.py:3504} INFO - Setting next_dagrun for example_trigger_controller_dag to 2021-01-01T00:00:00+00:00, run_after=2021-01-01T00:00:00+00:00
[2025-03-24T20:16:10.720+0000] {processor.py:179} INFO - Processing /home/vscode/.local/lib/python3.10/site-packages/airflow/example_dags/example_trigger_controller_dag.py took 0.046 seconds
[2025-03-24T20:16:56.042+0000] {processor.py:157} INFO - Started process (PID=26877) to work on /home/vscode/.local/lib/python3.10/site-packages/airflow/example_dags/example_trigger_controller_dag.py
[2025-03-24T20:16:56.043+0000] {processor.py:826} INFO - Processing file /home/vscode/.local/lib/python3.10/site-packages/airflow/example_dags/example_trigger_controller_dag.py for tasks to queue
[2025-03-24T20:16:56.044+0000] {logging_mixin.py:150} INFO - [2025-03-24T20:16:56.043+0000] {dagbag.py:541} INFO - Filling up the DagBag from /home/vscode/.local/lib/python3.10/site-packages/airflow/example_dags/example_trigger_controller_dag.py
[2025-03-24T20:16:56.047+0000] {processor.py:836} INFO - DAG(s) dict_keys(['example_trigger_controller_dag']) retrieved from /home/vscode/.local/lib/python3.10/site-packages/airflow/example_dags/example_trigger_controller_dag.py
[2025-03-24T20:16:56.058+0000] {logging_mixin.py:150} INFO - [2025-03-24T20:16:56.058+0000] {dag.py:2742} INFO - Sync 1 DAGs
[2025-03-24T20:16:56.072+0000] {logging_mixin.py:150} INFO - [2025-03-24T20:16:56.072+0000] {dag.py:3504} INFO - Setting next_dagrun for example_trigger_controller_dag to 2021-01-01T00:00:00+00:00, run_after=2021-01-01T00:00:00+00:00
[2025-03-24T20:16:56.086+0000] {processor.py:179} INFO - Processing /home/vscode/.local/lib/python3.10/site-packages/airflow/example_dags/example_trigger_controller_dag.py took 0.046 seconds
[2025-03-24T20:17:28.903+0000] {processor.py:157} INFO - Started process (PID=27100) to work on /home/vscode/.local/lib/python3.10/site-packages/airflow/example_dags/example_trigger_controller_dag.py
[2025-03-24T20:17:28.903+0000] {processor.py:826} INFO - Processing file /home/vscode/.local/lib/python3.10/site-packages/airflow/example_dags/example_trigger_controller_dag.py for tasks to queue
[2025-03-24T20:17:28.904+0000] {logging_mixin.py:150} INFO - [2025-03-24T20:17:28.904+0000] {dagbag.py:541} INFO - Filling up the DagBag from /home/vscode/.local/lib/python3.10/site-packages/airflow/example_dags/example_trigger_controller_dag.py
[2025-03-24T20:17:28.907+0000] {processor.py:836} INFO - DAG(s) dict_keys(['example_trigger_controller_dag']) retrieved from /home/vscode/.local/lib/python3.10/site-packages/airflow/example_dags/example_trigger_controller_dag.py
[2025-03-24T20:17:28.919+0000] {logging_mixin.py:150} INFO - [2025-03-24T20:17:28.918+0000] {dag.py:2742} INFO - Sync 1 DAGs
[2025-03-24T20:17:28.933+0000] {logging_mixin.py:150} INFO - [2025-03-24T20:17:28.933+0000] {dag.py:3504} INFO - Setting next_dagrun for example_trigger_controller_dag to 2021-01-01T00:00:00+00:00, run_after=2021-01-01T00:00:00+00:00
[2025-03-24T20:17:28.949+0000] {processor.py:179} INFO - Processing /home/vscode/.local/lib/python3.10/site-packages/airflow/example_dags/example_trigger_controller_dag.py took 0.048 seconds
[2025-03-24T20:18:14.123+0000] {processor.py:157} INFO - Started process (PID=27394) to work on /home/vscode/.local/lib/python3.10/site-packages/airflow/example_dags/example_trigger_controller_dag.py
[2025-03-24T20:18:14.124+0000] {processor.py:826} INFO - Processing file /home/vscode/.local/lib/python3.10/site-packages/airflow/example_dags/example_trigger_controller_dag.py for tasks to queue
[2025-03-24T20:18:14.124+0000] {logging_mixin.py:150} INFO - [2025-03-24T20:18:14.124+0000] {dagbag.py:541} INFO - Filling up the DagBag from /home/vscode/.local/lib/python3.10/site-packages/airflow/example_dags/example_trigger_controller_dag.py
[2025-03-24T20:18:14.127+0000] {processor.py:836} INFO - DAG(s) dict_keys(['example_trigger_controller_dag']) retrieved from /home/vscode/.local/lib/python3.10/site-packages/airflow/example_dags/example_trigger_controller_dag.py
[2025-03-24T20:18:14.139+0000] {logging_mixin.py:150} INFO - [2025-03-24T20:18:14.139+0000] {dag.py:2742} INFO - Sync 1 DAGs
[2025-03-24T20:18:14.153+0000] {logging_mixin.py:150} INFO - [2025-03-24T20:18:14.153+0000] {dag.py:3504} INFO - Setting next_dagrun for example_trigger_controller_dag to 2021-01-01T00:00:00+00:00, run_after=2021-01-01T00:00:00+00:00
[2025-03-24T20:18:14.168+0000] {processor.py:179} INFO - Processing /home/vscode/.local/lib/python3.10/site-packages/airflow/example_dags/example_trigger_controller_dag.py took 0.047 seconds
[2025-03-24T20:18:54.904+0000] {processor.py:157} INFO - Started process (PID=27670) to work on /home/vscode/.local/lib/python3.10/site-packages/airflow/example_dags/example_trigger_controller_dag.py
[2025-03-24T20:18:54.904+0000] {processor.py:826} INFO - Processing file /home/vscode/.local/lib/python3.10/site-packages/airflow/example_dags/example_trigger_controller_dag.py for tasks to queue
[2025-03-24T20:18:54.905+0000] {logging_mixin.py:150} INFO - [2025-03-24T20:18:54.905+0000] {dagbag.py:541} INFO - Filling up the DagBag from /home/vscode/.local/lib/python3.10/site-packages/airflow/example_dags/example_trigger_controller_dag.py
[2025-03-24T20:18:54.908+0000] {processor.py:836} INFO - DAG(s) dict_keys(['example_trigger_controller_dag']) retrieved from /home/vscode/.local/lib/python3.10/site-packages/airflow/example_dags/example_trigger_controller_dag.py
[2025-03-24T20:18:54.920+0000] {logging_mixin.py:150} INFO - [2025-03-24T20:18:54.920+0000] {dag.py:2742} INFO - Sync 1 DAGs
[2025-03-24T20:18:54.933+0000] {logging_mixin.py:150} INFO - [2025-03-24T20:18:54.933+0000] {dag.py:3504} INFO - Setting next_dagrun for example_trigger_controller_dag to 2021-01-01T00:00:00+00:00, run_after=2021-01-01T00:00:00+00:00
[2025-03-24T20:18:54.948+0000] {processor.py:179} INFO - Processing /home/vscode/.local/lib/python3.10/site-packages/airflow/example_dags/example_trigger_controller_dag.py took 0.047 seconds
[2025-03-24T20:19:39.027+0000] {processor.py:157} INFO - Started process (PID=27980) to work on /home/vscode/.local/lib/python3.10/site-packages/airflow/example_dags/example_trigger_controller_dag.py
[2025-03-24T20:19:39.028+0000] {processor.py:826} INFO - Processing file /home/vscode/.local/lib/python3.10/site-packages/airflow/example_dags/example_trigger_controller_dag.py for tasks to queue
[2025-03-24T20:19:39.029+0000] {logging_mixin.py:150} INFO - [2025-03-24T20:19:39.028+0000] {dagbag.py:541} INFO - Filling up the DagBag from /home/vscode/.local/lib/python3.10/site-packages/airflow/example_dags/example_trigger_controller_dag.py
[2025-03-24T20:19:39.032+0000] {processor.py:836} INFO - DAG(s) dict_keys(['example_trigger_controller_dag']) retrieved from /home/vscode/.local/lib/python3.10/site-packages/airflow/example_dags/example_trigger_controller_dag.py
[2025-03-24T20:19:39.044+0000] {logging_mixin.py:150} INFO - [2025-03-24T20:19:39.044+0000] {dag.py:2742} INFO - Sync 1 DAGs
[2025-03-24T20:19:39.058+0000] {logging_mixin.py:150} INFO - [2025-03-24T20:19:39.058+0000] {dag.py:3504} INFO - Setting next_dagrun for example_trigger_controller_dag to 2021-01-01T00:00:00+00:00, run_after=2021-01-01T00:00:00+00:00
[2025-03-24T20:19:39.073+0000] {processor.py:179} INFO - Processing /home/vscode/.local/lib/python3.10/site-packages/airflow/example_dags/example_trigger_controller_dag.py took 0.048 seconds
[2025-03-24T20:20:26.478+0000] {processor.py:157} INFO - Started process (PID=28314) to work on /home/vscode/.local/lib/python3.10/site-packages/airflow/example_dags/example_trigger_controller_dag.py
[2025-03-24T20:20:26.479+0000] {processor.py:826} INFO - Processing file /home/vscode/.local/lib/python3.10/site-packages/airflow/example_dags/example_trigger_controller_dag.py for tasks to queue
[2025-03-24T20:20:26.479+0000] {logging_mixin.py:150} INFO - [2025-03-24T20:20:26.479+0000] {dagbag.py:541} INFO - Filling up the DagBag from /home/vscode/.local/lib/python3.10/site-packages/airflow/example_dags/example_trigger_controller_dag.py
[2025-03-24T20:20:26.482+0000] {processor.py:836} INFO - DAG(s) dict_keys(['example_trigger_controller_dag']) retrieved from /home/vscode/.local/lib/python3.10/site-packages/airflow/example_dags/example_trigger_controller_dag.py
[2025-03-24T20:20:26.494+0000] {logging_mixin.py:150} INFO - [2025-03-24T20:20:26.493+0000] {dag.py:2742} INFO - Sync 1 DAGs
[2025-03-24T20:20:26.507+0000] {logging_mixin.py:150} INFO - [2025-03-24T20:20:26.507+0000] {dag.py:3504} INFO - Setting next_dagrun for example_trigger_controller_dag to 2021-01-01T00:00:00+00:00, run_after=2021-01-01T00:00:00+00:00
[2025-03-24T20:20:26.521+0000] {processor.py:179} INFO - Processing /home/vscode/.local/lib/python3.10/site-packages/airflow/example_dags/example_trigger_controller_dag.py took 0.045 seconds
[2025-03-24T20:21:14.902+0000] {processor.py:157} INFO - Started process (PID=28695) to work on /home/vscode/.local/lib/python3.10/site-packages/airflow/example_dags/example_trigger_controller_dag.py
[2025-03-24T20:21:14.903+0000] {processor.py:826} INFO - Processing file /home/vscode/.local/lib/python3.10/site-packages/airflow/example_dags/example_trigger_controller_dag.py for tasks to queue
[2025-03-24T20:21:14.904+0000] {logging_mixin.py:150} INFO - [2025-03-24T20:21:14.904+0000] {dagbag.py:541} INFO - Filling up the DagBag from /home/vscode/.local/lib/python3.10/site-packages/airflow/example_dags/example_trigger_controller_dag.py
[2025-03-24T20:21:14.908+0000] {processor.py:836} INFO - DAG(s) dict_keys(['example_trigger_controller_dag']) retrieved from /home/vscode/.local/lib/python3.10/site-packages/airflow/example_dags/example_trigger_controller_dag.py
[2025-03-24T20:21:14.925+0000] {logging_mixin.py:150} INFO - [2025-03-24T20:21:14.925+0000] {dag.py:2742} INFO - Sync 1 DAGs
[2025-03-24T20:21:14.945+0000] {logging_mixin.py:150} INFO - [2025-03-24T20:21:14.945+0000] {dag.py:3504} INFO - Setting next_dagrun for example_trigger_controller_dag to 2021-01-01T00:00:00+00:00, run_after=2021-01-01T00:00:00+00:00
[2025-03-24T20:21:14.960+0000] {processor.py:179} INFO - Processing /home/vscode/.local/lib/python3.10/site-packages/airflow/example_dags/example_trigger_controller_dag.py took 0.060 seconds
[2025-03-24T20:22:02.300+0000] {processor.py:157} INFO - Started process (PID=29048) to work on /home/vscode/.local/lib/python3.10/site-packages/airflow/example_dags/example_trigger_controller_dag.py
[2025-03-24T20:22:02.301+0000] {processor.py:826} INFO - Processing file /home/vscode/.local/lib/python3.10/site-packages/airflow/example_dags/example_trigger_controller_dag.py for tasks to queue
[2025-03-24T20:22:02.301+0000] {logging_mixin.py:150} INFO - [2025-03-24T20:22:02.301+0000] {dagbag.py:541} INFO - Filling up the DagBag from /home/vscode/.local/lib/python3.10/site-packages/airflow/example_dags/example_trigger_controller_dag.py
[2025-03-24T20:22:02.304+0000] {processor.py:836} INFO - DAG(s) dict_keys(['example_trigger_controller_dag']) retrieved from /home/vscode/.local/lib/python3.10/site-packages/airflow/example_dags/example_trigger_controller_dag.py
[2025-03-24T20:22:02.316+0000] {logging_mixin.py:150} INFO - [2025-03-24T20:22:02.316+0000] {dag.py:2742} INFO - Sync 1 DAGs
[2025-03-24T20:22:02.330+0000] {logging_mixin.py:150} INFO - [2025-03-24T20:22:02.330+0000] {dag.py:3504} INFO - Setting next_dagrun for example_trigger_controller_dag to 2021-01-01T00:00:00+00:00, run_after=2021-01-01T00:00:00+00:00
[2025-03-24T20:22:02.344+0000] {processor.py:179} INFO - Processing /home/vscode/.local/lib/python3.10/site-packages/airflow/example_dags/example_trigger_controller_dag.py took 0.047 seconds
[2025-03-24T20:22:44.548+0000] {processor.py:157} INFO - Started process (PID=29361) to work on /home/vscode/.local/lib/python3.10/site-packages/airflow/example_dags/example_trigger_controller_dag.py
[2025-03-24T20:22:44.548+0000] {processor.py:826} INFO - Processing file /home/vscode/.local/lib/python3.10/site-packages/airflow/example_dags/example_trigger_controller_dag.py for tasks to queue
[2025-03-24T20:22:44.549+0000] {logging_mixin.py:150} INFO - [2025-03-24T20:22:44.549+0000] {dagbag.py:541} INFO - Filling up the DagBag from /home/vscode/.local/lib/python3.10/site-packages/airflow/example_dags/example_trigger_controller_dag.py
[2025-03-24T20:22:44.552+0000] {processor.py:836} INFO - DAG(s) dict_keys(['example_trigger_controller_dag']) retrieved from /home/vscode/.local/lib/python3.10/site-packages/airflow/example_dags/example_trigger_controller_dag.py
[2025-03-24T20:22:44.564+0000] {logging_mixin.py:150} INFO - [2025-03-24T20:22:44.564+0000] {dag.py:2742} INFO - Sync 1 DAGs
[2025-03-24T20:22:44.578+0000] {logging_mixin.py:150} INFO - [2025-03-24T20:22:44.577+0000] {dag.py:3504} INFO - Setting next_dagrun for example_trigger_controller_dag to 2021-01-01T00:00:00+00:00, run_after=2021-01-01T00:00:00+00:00
[2025-03-24T20:22:44.592+0000] {processor.py:179} INFO - Processing /home/vscode/.local/lib/python3.10/site-packages/airflow/example_dags/example_trigger_controller_dag.py took 0.046 seconds
[2025-03-24T20:23:31.175+0000] {processor.py:157} INFO - Started process (PID=29750) to work on /home/vscode/.local/lib/python3.10/site-packages/airflow/example_dags/example_trigger_controller_dag.py
[2025-03-24T20:23:31.176+0000] {processor.py:826} INFO - Processing file /home/vscode/.local/lib/python3.10/site-packages/airflow/example_dags/example_trigger_controller_dag.py for tasks to queue
[2025-03-24T20:23:31.176+0000] {logging_mixin.py:150} INFO - [2025-03-24T20:23:31.176+0000] {dagbag.py:541} INFO - Filling up the DagBag from /home/vscode/.local/lib/python3.10/site-packages/airflow/example_dags/example_trigger_controller_dag.py
[2025-03-24T20:23:31.181+0000] {processor.py:836} INFO - DAG(s) dict_keys(['example_trigger_controller_dag']) retrieved from /home/vscode/.local/lib/python3.10/site-packages/airflow/example_dags/example_trigger_controller_dag.py
[2025-03-24T20:23:31.198+0000] {logging_mixin.py:150} INFO - [2025-03-24T20:23:31.198+0000] {dag.py:2742} INFO - Sync 1 DAGs
[2025-03-24T20:23:31.214+0000] {logging_mixin.py:150} INFO - [2025-03-24T20:23:31.213+0000] {dag.py:3504} INFO - Setting next_dagrun for example_trigger_controller_dag to 2021-01-01T00:00:00+00:00, run_after=2021-01-01T00:00:00+00:00
[2025-03-24T20:23:31.228+0000] {processor.py:179} INFO - Processing /home/vscode/.local/lib/python3.10/site-packages/airflow/example_dags/example_trigger_controller_dag.py took 0.057 seconds
[2025-03-24T20:24:14.723+0000] {processor.py:157} INFO - Started process (PID=30093) to work on /home/vscode/.local/lib/python3.10/site-packages/airflow/example_dags/example_trigger_controller_dag.py
[2025-03-24T20:24:14.724+0000] {processor.py:826} INFO - Processing file /home/vscode/.local/lib/python3.10/site-packages/airflow/example_dags/example_trigger_controller_dag.py for tasks to queue
[2025-03-24T20:24:14.724+0000] {logging_mixin.py:150} INFO - [2025-03-24T20:24:14.724+0000] {dagbag.py:541} INFO - Filling up the DagBag from /home/vscode/.local/lib/python3.10/site-packages/airflow/example_dags/example_trigger_controller_dag.py
[2025-03-24T20:24:14.728+0000] {processor.py:836} INFO - DAG(s) dict_keys(['example_trigger_controller_dag']) retrieved from /home/vscode/.local/lib/python3.10/site-packages/airflow/example_dags/example_trigger_controller_dag.py
[2025-03-24T20:24:14.739+0000] {logging_mixin.py:150} INFO - [2025-03-24T20:24:14.739+0000] {dag.py:2742} INFO - Sync 1 DAGs
[2025-03-24T20:24:14.753+0000] {logging_mixin.py:150} INFO - [2025-03-24T20:24:14.753+0000] {dag.py:3504} INFO - Setting next_dagrun for example_trigger_controller_dag to 2021-01-01T00:00:00+00:00, run_after=2021-01-01T00:00:00+00:00
[2025-03-24T20:24:14.767+0000] {processor.py:179} INFO - Processing /home/vscode/.local/lib/python3.10/site-packages/airflow/example_dags/example_trigger_controller_dag.py took 0.046 seconds
[2025-03-24T20:24:57.953+0000] {processor.py:157} INFO - Started process (PID=30400) to work on /home/vscode/.local/lib/python3.10/site-packages/airflow/example_dags/example_trigger_controller_dag.py
[2025-03-24T20:24:57.953+0000] {processor.py:826} INFO - Processing file /home/vscode/.local/lib/python3.10/site-packages/airflow/example_dags/example_trigger_controller_dag.py for tasks to queue
[2025-03-24T20:24:57.954+0000] {logging_mixin.py:150} INFO - [2025-03-24T20:24:57.954+0000] {dagbag.py:541} INFO - Filling up the DagBag from /home/vscode/.local/lib/python3.10/site-packages/airflow/example_dags/example_trigger_controller_dag.py
[2025-03-24T20:24:57.957+0000] {processor.py:836} INFO - DAG(s) dict_keys(['example_trigger_controller_dag']) retrieved from /home/vscode/.local/lib/python3.10/site-packages/airflow/example_dags/example_trigger_controller_dag.py
[2025-03-24T20:24:57.969+0000] {logging_mixin.py:150} INFO - [2025-03-24T20:24:57.969+0000] {dag.py:2742} INFO - Sync 1 DAGs
[2025-03-24T20:24:57.983+0000] {logging_mixin.py:150} INFO - [2025-03-24T20:24:57.983+0000] {dag.py:3504} INFO - Setting next_dagrun for example_trigger_controller_dag to 2021-01-01T00:00:00+00:00, run_after=2021-01-01T00:00:00+00:00
[2025-03-24T20:24:57.998+0000] {processor.py:179} INFO - Processing /home/vscode/.local/lib/python3.10/site-packages/airflow/example_dags/example_trigger_controller_dag.py took 0.048 seconds
[2025-03-24T20:25:40.559+0000] {processor.py:157} INFO - Started process (PID=30730) to work on /home/vscode/.local/lib/python3.10/site-packages/airflow/example_dags/example_trigger_controller_dag.py
[2025-03-24T20:25:40.559+0000] {processor.py:826} INFO - Processing file /home/vscode/.local/lib/python3.10/site-packages/airflow/example_dags/example_trigger_controller_dag.py for tasks to queue
[2025-03-24T20:25:40.560+0000] {logging_mixin.py:150} INFO - [2025-03-24T20:25:40.560+0000] {dagbag.py:541} INFO - Filling up the DagBag from /home/vscode/.local/lib/python3.10/site-packages/airflow/example_dags/example_trigger_controller_dag.py
[2025-03-24T20:25:40.563+0000] {processor.py:836} INFO - DAG(s) dict_keys(['example_trigger_controller_dag']) retrieved from /home/vscode/.local/lib/python3.10/site-packages/airflow/example_dags/example_trigger_controller_dag.py
[2025-03-24T20:25:40.576+0000] {logging_mixin.py:150} INFO - [2025-03-24T20:25:40.576+0000] {dag.py:2742} INFO - Sync 1 DAGs
[2025-03-24T20:25:40.590+0000] {logging_mixin.py:150} INFO - [2025-03-24T20:25:40.590+0000] {dag.py:3504} INFO - Setting next_dagrun for example_trigger_controller_dag to 2021-01-01T00:00:00+00:00, run_after=2021-01-01T00:00:00+00:00
[2025-03-24T20:25:40.605+0000] {processor.py:179} INFO - Processing /home/vscode/.local/lib/python3.10/site-packages/airflow/example_dags/example_trigger_controller_dag.py took 0.048 seconds
[2025-03-24T20:26:15.833+0000] {processor.py:157} INFO - Started process (PID=30995) to work on /home/vscode/.local/lib/python3.10/site-packages/airflow/example_dags/example_trigger_controller_dag.py
[2025-03-24T20:26:15.833+0000] {processor.py:826} INFO - Processing file /home/vscode/.local/lib/python3.10/site-packages/airflow/example_dags/example_trigger_controller_dag.py for tasks to queue
[2025-03-24T20:26:15.834+0000] {logging_mixin.py:150} INFO - [2025-03-24T20:26:15.834+0000] {dagbag.py:541} INFO - Filling up the DagBag from /home/vscode/.local/lib/python3.10/site-packages/airflow/example_dags/example_trigger_controller_dag.py
[2025-03-24T20:26:15.837+0000] {processor.py:836} INFO - DAG(s) dict_keys(['example_trigger_controller_dag']) retrieved from /home/vscode/.local/lib/python3.10/site-packages/airflow/example_dags/example_trigger_controller_dag.py
[2025-03-24T20:26:15.849+0000] {logging_mixin.py:150} INFO - [2025-03-24T20:26:15.849+0000] {dag.py:2742} INFO - Sync 1 DAGs
[2025-03-24T20:26:15.862+0000] {logging_mixin.py:150} INFO - [2025-03-24T20:26:15.862+0000] {dag.py:3504} INFO - Setting next_dagrun for example_trigger_controller_dag to 2021-01-01T00:00:00+00:00, run_after=2021-01-01T00:00:00+00:00
[2025-03-24T20:26:15.880+0000] {processor.py:179} INFO - Processing /home/vscode/.local/lib/python3.10/site-packages/airflow/example_dags/example_trigger_controller_dag.py took 0.050 seconds
[2025-03-24T20:27:01.324+0000] {processor.py:157} INFO - Started process (PID=31405) to work on /home/vscode/.local/lib/python3.10/site-packages/airflow/example_dags/example_trigger_controller_dag.py
[2025-03-24T20:27:01.325+0000] {processor.py:826} INFO - Processing file /home/vscode/.local/lib/python3.10/site-packages/airflow/example_dags/example_trigger_controller_dag.py for tasks to queue
[2025-03-24T20:27:01.326+0000] {logging_mixin.py:150} INFO - [2025-03-24T20:27:01.325+0000] {dagbag.py:541} INFO - Filling up the DagBag from /home/vscode/.local/lib/python3.10/site-packages/airflow/example_dags/example_trigger_controller_dag.py
[2025-03-24T20:27:01.329+0000] {processor.py:836} INFO - DAG(s) dict_keys(['example_trigger_controller_dag']) retrieved from /home/vscode/.local/lib/python3.10/site-packages/airflow/example_dags/example_trigger_controller_dag.py
[2025-03-24T20:27:01.340+0000] {logging_mixin.py:150} INFO - [2025-03-24T20:27:01.340+0000] {dag.py:2742} INFO - Sync 1 DAGs
[2025-03-24T20:27:01.354+0000] {logging_mixin.py:150} INFO - [2025-03-24T20:27:01.354+0000] {dag.py:3504} INFO - Setting next_dagrun for example_trigger_controller_dag to 2021-01-01T00:00:00+00:00, run_after=2021-01-01T00:00:00+00:00
[2025-03-24T20:27:01.368+0000] {processor.py:179} INFO - Processing /home/vscode/.local/lib/python3.10/site-packages/airflow/example_dags/example_trigger_controller_dag.py took 0.046 seconds
[2025-03-24T20:27:44.196+0000] {processor.py:157} INFO - Started process (PID=31800) to work on /home/vscode/.local/lib/python3.10/site-packages/airflow/example_dags/example_trigger_controller_dag.py
[2025-03-24T20:27:44.196+0000] {processor.py:826} INFO - Processing file /home/vscode/.local/lib/python3.10/site-packages/airflow/example_dags/example_trigger_controller_dag.py for tasks to queue
[2025-03-24T20:27:44.197+0000] {logging_mixin.py:150} INFO - [2025-03-24T20:27:44.197+0000] {dagbag.py:541} INFO - Filling up the DagBag from /home/vscode/.local/lib/python3.10/site-packages/airflow/example_dags/example_trigger_controller_dag.py
[2025-03-24T20:27:44.200+0000] {processor.py:836} INFO - DAG(s) dict_keys(['example_trigger_controller_dag']) retrieved from /home/vscode/.local/lib/python3.10/site-packages/airflow/example_dags/example_trigger_controller_dag.py
[2025-03-24T20:27:44.211+0000] {logging_mixin.py:150} INFO - [2025-03-24T20:27:44.211+0000] {dag.py:2742} INFO - Sync 1 DAGs
[2025-03-24T20:27:44.225+0000] {logging_mixin.py:150} INFO - [2025-03-24T20:27:44.225+0000] {dag.py:3504} INFO - Setting next_dagrun for example_trigger_controller_dag to 2021-01-01T00:00:00+00:00, run_after=2021-01-01T00:00:00+00:00
[2025-03-24T20:27:44.240+0000] {processor.py:179} INFO - Processing /home/vscode/.local/lib/python3.10/site-packages/airflow/example_dags/example_trigger_controller_dag.py took 0.046 seconds
[2025-03-24T20:28:29.699+0000] {processor.py:157} INFO - Started process (PID=32112) to work on /home/vscode/.local/lib/python3.10/site-packages/airflow/example_dags/example_trigger_controller_dag.py
[2025-03-24T20:28:29.699+0000] {processor.py:826} INFO - Processing file /home/vscode/.local/lib/python3.10/site-packages/airflow/example_dags/example_trigger_controller_dag.py for tasks to queue
[2025-03-24T20:28:29.700+0000] {logging_mixin.py:150} INFO - [2025-03-24T20:28:29.700+0000] {dagbag.py:541} INFO - Filling up the DagBag from /home/vscode/.local/lib/python3.10/site-packages/airflow/example_dags/example_trigger_controller_dag.py
[2025-03-24T20:28:29.703+0000] {processor.py:836} INFO - DAG(s) dict_keys(['example_trigger_controller_dag']) retrieved from /home/vscode/.local/lib/python3.10/site-packages/airflow/example_dags/example_trigger_controller_dag.py
[2025-03-24T20:28:29.715+0000] {logging_mixin.py:150} INFO - [2025-03-24T20:28:29.715+0000] {dag.py:2742} INFO - Sync 1 DAGs
[2025-03-24T20:28:29.729+0000] {logging_mixin.py:150} INFO - [2025-03-24T20:28:29.729+0000] {dag.py:3504} INFO - Setting next_dagrun for example_trigger_controller_dag to 2021-01-01T00:00:00+00:00, run_after=2021-01-01T00:00:00+00:00
[2025-03-24T20:28:29.745+0000] {processor.py:179} INFO - Processing /home/vscode/.local/lib/python3.10/site-packages/airflow/example_dags/example_trigger_controller_dag.py took 0.049 seconds
[2025-03-24T20:29:12.710+0000] {processor.py:157} INFO - Started process (PID=32424) to work on /home/vscode/.local/lib/python3.10/site-packages/airflow/example_dags/example_trigger_controller_dag.py
[2025-03-24T20:29:12.710+0000] {processor.py:826} INFO - Processing file /home/vscode/.local/lib/python3.10/site-packages/airflow/example_dags/example_trigger_controller_dag.py for tasks to queue
[2025-03-24T20:29:12.711+0000] {logging_mixin.py:150} INFO - [2025-03-24T20:29:12.711+0000] {dagbag.py:541} INFO - Filling up the DagBag from /home/vscode/.local/lib/python3.10/site-packages/airflow/example_dags/example_trigger_controller_dag.py
[2025-03-24T20:29:12.714+0000] {processor.py:836} INFO - DAG(s) dict_keys(['example_trigger_controller_dag']) retrieved from /home/vscode/.local/lib/python3.10/site-packages/airflow/example_dags/example_trigger_controller_dag.py
[2025-03-24T20:29:12.726+0000] {logging_mixin.py:150} INFO - [2025-03-24T20:29:12.725+0000] {dag.py:2742} INFO - Sync 1 DAGs
[2025-03-24T20:29:12.739+0000] {logging_mixin.py:150} INFO - [2025-03-24T20:29:12.739+0000] {dag.py:3504} INFO - Setting next_dagrun for example_trigger_controller_dag to 2021-01-01T00:00:00+00:00, run_after=2021-01-01T00:00:00+00:00
[2025-03-24T20:29:12.756+0000] {processor.py:179} INFO - Processing /home/vscode/.local/lib/python3.10/site-packages/airflow/example_dags/example_trigger_controller_dag.py took 0.048 seconds
[2025-03-24T20:29:57.735+0000] {processor.py:157} INFO - Started process (PID=32740) to work on /home/vscode/.local/lib/python3.10/site-packages/airflow/example_dags/example_trigger_controller_dag.py
[2025-03-24T20:29:57.736+0000] {processor.py:826} INFO - Processing file /home/vscode/.local/lib/python3.10/site-packages/airflow/example_dags/example_trigger_controller_dag.py for tasks to queue
[2025-03-24T20:29:57.736+0000] {logging_mixin.py:150} INFO - [2025-03-24T20:29:57.736+0000] {dagbag.py:541} INFO - Filling up the DagBag from /home/vscode/.local/lib/python3.10/site-packages/airflow/example_dags/example_trigger_controller_dag.py
[2025-03-24T20:29:57.739+0000] {processor.py:836} INFO - DAG(s) dict_keys(['example_trigger_controller_dag']) retrieved from /home/vscode/.local/lib/python3.10/site-packages/airflow/example_dags/example_trigger_controller_dag.py
[2025-03-24T20:29:57.751+0000] {logging_mixin.py:150} INFO - [2025-03-24T20:29:57.751+0000] {dag.py:2742} INFO - Sync 1 DAGs
[2025-03-24T20:29:57.765+0000] {logging_mixin.py:150} INFO - [2025-03-24T20:29:57.765+0000] {dag.py:3504} INFO - Setting next_dagrun for example_trigger_controller_dag to 2021-01-01T00:00:00+00:00, run_after=2021-01-01T00:00:00+00:00
[2025-03-24T20:29:57.780+0000] {processor.py:179} INFO - Processing /home/vscode/.local/lib/python3.10/site-packages/airflow/example_dags/example_trigger_controller_dag.py took 0.047 seconds
[2025-03-24T20:30:38.881+0000] {processor.py:157} INFO - Started process (PID=33021) to work on /home/vscode/.local/lib/python3.10/site-packages/airflow/example_dags/example_trigger_controller_dag.py
[2025-03-24T20:30:38.881+0000] {processor.py:826} INFO - Processing file /home/vscode/.local/lib/python3.10/site-packages/airflow/example_dags/example_trigger_controller_dag.py for tasks to queue
[2025-03-24T20:30:38.882+0000] {logging_mixin.py:150} INFO - [2025-03-24T20:30:38.882+0000] {dagbag.py:541} INFO - Filling up the DagBag from /home/vscode/.local/lib/python3.10/site-packages/airflow/example_dags/example_trigger_controller_dag.py
[2025-03-24T20:30:38.885+0000] {processor.py:836} INFO - DAG(s) dict_keys(['example_trigger_controller_dag']) retrieved from /home/vscode/.local/lib/python3.10/site-packages/airflow/example_dags/example_trigger_controller_dag.py
[2025-03-24T20:30:38.897+0000] {logging_mixin.py:150} INFO - [2025-03-24T20:30:38.897+0000] {dag.py:2742} INFO - Sync 1 DAGs
[2025-03-24T20:30:38.912+0000] {logging_mixin.py:150} INFO - [2025-03-24T20:30:38.911+0000] {dag.py:3504} INFO - Setting next_dagrun for example_trigger_controller_dag to 2021-01-01T00:00:00+00:00, run_after=2021-01-01T00:00:00+00:00
[2025-03-24T20:30:38.927+0000] {processor.py:179} INFO - Processing /home/vscode/.local/lib/python3.10/site-packages/airflow/example_dags/example_trigger_controller_dag.py took 0.049 seconds
[2025-03-24T20:31:23.192+0000] {processor.py:157} INFO - Started process (PID=33314) to work on /home/vscode/.local/lib/python3.10/site-packages/airflow/example_dags/example_trigger_controller_dag.py
[2025-03-24T20:31:23.193+0000] {processor.py:826} INFO - Processing file /home/vscode/.local/lib/python3.10/site-packages/airflow/example_dags/example_trigger_controller_dag.py for tasks to queue
[2025-03-24T20:31:23.194+0000] {logging_mixin.py:150} INFO - [2025-03-24T20:31:23.194+0000] {dagbag.py:541} INFO - Filling up the DagBag from /home/vscode/.local/lib/python3.10/site-packages/airflow/example_dags/example_trigger_controller_dag.py
[2025-03-24T20:31:23.197+0000] {processor.py:836} INFO - DAG(s) dict_keys(['example_trigger_controller_dag']) retrieved from /home/vscode/.local/lib/python3.10/site-packages/airflow/example_dags/example_trigger_controller_dag.py
[2025-03-24T20:31:23.208+0000] {logging_mixin.py:150} INFO - [2025-03-24T20:31:23.208+0000] {dag.py:2742} INFO - Sync 1 DAGs
[2025-03-24T20:31:23.222+0000] {logging_mixin.py:150} INFO - [2025-03-24T20:31:23.222+0000] {dag.py:3504} INFO - Setting next_dagrun for example_trigger_controller_dag to 2021-01-01T00:00:00+00:00, run_after=2021-01-01T00:00:00+00:00
[2025-03-24T20:31:23.237+0000] {processor.py:179} INFO - Processing /home/vscode/.local/lib/python3.10/site-packages/airflow/example_dags/example_trigger_controller_dag.py took 0.047 seconds
[2025-03-24T20:32:04.389+0000] {processor.py:157} INFO - Started process (PID=33583) to work on /home/vscode/.local/lib/python3.10/site-packages/airflow/example_dags/example_trigger_controller_dag.py
[2025-03-24T20:32:04.390+0000] {processor.py:826} INFO - Processing file /home/vscode/.local/lib/python3.10/site-packages/airflow/example_dags/example_trigger_controller_dag.py for tasks to queue
[2025-03-24T20:32:04.390+0000] {logging_mixin.py:150} INFO - [2025-03-24T20:32:04.390+0000] {dagbag.py:541} INFO - Filling up the DagBag from /home/vscode/.local/lib/python3.10/site-packages/airflow/example_dags/example_trigger_controller_dag.py
[2025-03-24T20:32:04.393+0000] {processor.py:836} INFO - DAG(s) dict_keys(['example_trigger_controller_dag']) retrieved from /home/vscode/.local/lib/python3.10/site-packages/airflow/example_dags/example_trigger_controller_dag.py
[2025-03-24T20:32:04.405+0000] {logging_mixin.py:150} INFO - [2025-03-24T20:32:04.405+0000] {dag.py:2742} INFO - Sync 1 DAGs
[2025-03-24T20:32:04.419+0000] {logging_mixin.py:150} INFO - [2025-03-24T20:32:04.418+0000] {dag.py:3504} INFO - Setting next_dagrun for example_trigger_controller_dag to 2021-01-01T00:00:00+00:00, run_after=2021-01-01T00:00:00+00:00
[2025-03-24T20:32:04.434+0000] {processor.py:179} INFO - Processing /home/vscode/.local/lib/python3.10/site-packages/airflow/example_dags/example_trigger_controller_dag.py took 0.047 seconds
[2025-03-24T20:32:48.420+0000] {processor.py:157} INFO - Started process (PID=33882) to work on /home/vscode/.local/lib/python3.10/site-packages/airflow/example_dags/example_trigger_controller_dag.py
[2025-03-24T20:32:48.420+0000] {processor.py:826} INFO - Processing file /home/vscode/.local/lib/python3.10/site-packages/airflow/example_dags/example_trigger_controller_dag.py for tasks to queue
[2025-03-24T20:32:48.421+0000] {logging_mixin.py:150} INFO - [2025-03-24T20:32:48.421+0000] {dagbag.py:541} INFO - Filling up the DagBag from /home/vscode/.local/lib/python3.10/site-packages/airflow/example_dags/example_trigger_controller_dag.py
[2025-03-24T20:32:48.424+0000] {processor.py:836} INFO - DAG(s) dict_keys(['example_trigger_controller_dag']) retrieved from /home/vscode/.local/lib/python3.10/site-packages/airflow/example_dags/example_trigger_controller_dag.py
[2025-03-24T20:32:48.436+0000] {logging_mixin.py:150} INFO - [2025-03-24T20:32:48.436+0000] {dag.py:2742} INFO - Sync 1 DAGs
[2025-03-24T20:32:48.450+0000] {logging_mixin.py:150} INFO - [2025-03-24T20:32:48.450+0000] {dag.py:3504} INFO - Setting next_dagrun for example_trigger_controller_dag to 2021-01-01T00:00:00+00:00, run_after=2021-01-01T00:00:00+00:00
[2025-03-24T20:32:48.468+0000] {processor.py:179} INFO - Processing /home/vscode/.local/lib/python3.10/site-packages/airflow/example_dags/example_trigger_controller_dag.py took 0.051 seconds
[2025-03-24T20:33:36.063+0000] {processor.py:157} INFO - Started process (PID=34305) to work on /home/vscode/.local/lib/python3.10/site-packages/airflow/example_dags/example_trigger_controller_dag.py
[2025-03-24T20:33:36.063+0000] {processor.py:826} INFO - Processing file /home/vscode/.local/lib/python3.10/site-packages/airflow/example_dags/example_trigger_controller_dag.py for tasks to queue
[2025-03-24T20:33:36.064+0000] {logging_mixin.py:150} INFO - [2025-03-24T20:33:36.064+0000] {dagbag.py:541} INFO - Filling up the DagBag from /home/vscode/.local/lib/python3.10/site-packages/airflow/example_dags/example_trigger_controller_dag.py
[2025-03-24T20:33:36.067+0000] {processor.py:836} INFO - DAG(s) dict_keys(['example_trigger_controller_dag']) retrieved from /home/vscode/.local/lib/python3.10/site-packages/airflow/example_dags/example_trigger_controller_dag.py
[2025-03-24T20:33:36.079+0000] {logging_mixin.py:150} INFO - [2025-03-24T20:33:36.078+0000] {dag.py:2742} INFO - Sync 1 DAGs
[2025-03-24T20:33:36.092+0000] {logging_mixin.py:150} INFO - [2025-03-24T20:33:36.092+0000] {dag.py:3504} INFO - Setting next_dagrun for example_trigger_controller_dag to 2021-01-01T00:00:00+00:00, run_after=2021-01-01T00:00:00+00:00
[2025-03-24T20:33:36.107+0000] {processor.py:179} INFO - Processing /home/vscode/.local/lib/python3.10/site-packages/airflow/example_dags/example_trigger_controller_dag.py took 0.047 seconds
[2025-03-24T20:34:23.599+0000] {processor.py:157} INFO - Started process (PID=34621) to work on /home/vscode/.local/lib/python3.10/site-packages/airflow/example_dags/example_trigger_controller_dag.py
[2025-03-24T20:34:23.600+0000] {processor.py:826} INFO - Processing file /home/vscode/.local/lib/python3.10/site-packages/airflow/example_dags/example_trigger_controller_dag.py for tasks to queue
[2025-03-24T20:34:23.601+0000] {logging_mixin.py:150} INFO - [2025-03-24T20:34:23.600+0000] {dagbag.py:541} INFO - Filling up the DagBag from /home/vscode/.local/lib/python3.10/site-packages/airflow/example_dags/example_trigger_controller_dag.py
[2025-03-24T20:34:23.604+0000] {processor.py:836} INFO - DAG(s) dict_keys(['example_trigger_controller_dag']) retrieved from /home/vscode/.local/lib/python3.10/site-packages/airflow/example_dags/example_trigger_controller_dag.py
[2025-03-24T20:34:23.615+0000] {logging_mixin.py:150} INFO - [2025-03-24T20:34:23.615+0000] {dag.py:2742} INFO - Sync 1 DAGs
[2025-03-24T20:34:23.629+0000] {logging_mixin.py:150} INFO - [2025-03-24T20:34:23.629+0000] {dag.py:3504} INFO - Setting next_dagrun for example_trigger_controller_dag to 2021-01-01T00:00:00+00:00, run_after=2021-01-01T00:00:00+00:00
[2025-03-24T20:34:23.645+0000] {processor.py:179} INFO - Processing /home/vscode/.local/lib/python3.10/site-packages/airflow/example_dags/example_trigger_controller_dag.py took 0.047 seconds
[2025-03-24T20:35:07.495+0000] {processor.py:157} INFO - Started process (PID=34914) to work on /home/vscode/.local/lib/python3.10/site-packages/airflow/example_dags/example_trigger_controller_dag.py
[2025-03-24T20:35:07.495+0000] {processor.py:826} INFO - Processing file /home/vscode/.local/lib/python3.10/site-packages/airflow/example_dags/example_trigger_controller_dag.py for tasks to queue
[2025-03-24T20:35:07.496+0000] {logging_mixin.py:150} INFO - [2025-03-24T20:35:07.496+0000] {dagbag.py:541} INFO - Filling up the DagBag from /home/vscode/.local/lib/python3.10/site-packages/airflow/example_dags/example_trigger_controller_dag.py
[2025-03-24T20:35:07.499+0000] {processor.py:836} INFO - DAG(s) dict_keys(['example_trigger_controller_dag']) retrieved from /home/vscode/.local/lib/python3.10/site-packages/airflow/example_dags/example_trigger_controller_dag.py
[2025-03-24T20:35:07.510+0000] {logging_mixin.py:150} INFO - [2025-03-24T20:35:07.510+0000] {dag.py:2742} INFO - Sync 1 DAGs
[2025-03-24T20:35:07.524+0000] {logging_mixin.py:150} INFO - [2025-03-24T20:35:07.524+0000] {dag.py:3504} INFO - Setting next_dagrun for example_trigger_controller_dag to 2021-01-01T00:00:00+00:00, run_after=2021-01-01T00:00:00+00:00
[2025-03-24T20:35:07.539+0000] {processor.py:179} INFO - Processing /home/vscode/.local/lib/python3.10/site-packages/airflow/example_dags/example_trigger_controller_dag.py took 0.046 seconds
[2025-03-24T20:35:52.183+0000] {processor.py:157} INFO - Started process (PID=35214) to work on /home/vscode/.local/lib/python3.10/site-packages/airflow/example_dags/example_trigger_controller_dag.py
[2025-03-24T20:35:52.183+0000] {processor.py:826} INFO - Processing file /home/vscode/.local/lib/python3.10/site-packages/airflow/example_dags/example_trigger_controller_dag.py for tasks to queue
[2025-03-24T20:35:52.184+0000] {logging_mixin.py:150} INFO - [2025-03-24T20:35:52.184+0000] {dagbag.py:541} INFO - Filling up the DagBag from /home/vscode/.local/lib/python3.10/site-packages/airflow/example_dags/example_trigger_controller_dag.py
[2025-03-24T20:35:52.187+0000] {processor.py:836} INFO - DAG(s) dict_keys(['example_trigger_controller_dag']) retrieved from /home/vscode/.local/lib/python3.10/site-packages/airflow/example_dags/example_trigger_controller_dag.py
[2025-03-24T20:35:52.202+0000] {logging_mixin.py:150} INFO - [2025-03-24T20:35:52.201+0000] {dag.py:2742} INFO - Sync 1 DAGs
[2025-03-24T20:35:52.216+0000] {logging_mixin.py:150} INFO - [2025-03-24T20:35:52.216+0000] {dag.py:3504} INFO - Setting next_dagrun for example_trigger_controller_dag to 2021-01-01T00:00:00+00:00, run_after=2021-01-01T00:00:00+00:00
[2025-03-24T20:35:52.231+0000] {processor.py:179} INFO - Processing /home/vscode/.local/lib/python3.10/site-packages/airflow/example_dags/example_trigger_controller_dag.py took 0.051 seconds
[2025-03-24T20:36:35.797+0000] {processor.py:157} INFO - Started process (PID=35514) to work on /home/vscode/.local/lib/python3.10/site-packages/airflow/example_dags/example_trigger_controller_dag.py
[2025-03-24T20:36:35.798+0000] {processor.py:826} INFO - Processing file /home/vscode/.local/lib/python3.10/site-packages/airflow/example_dags/example_trigger_controller_dag.py for tasks to queue
[2025-03-24T20:36:35.798+0000] {logging_mixin.py:150} INFO - [2025-03-24T20:36:35.798+0000] {dagbag.py:541} INFO - Filling up the DagBag from /home/vscode/.local/lib/python3.10/site-packages/airflow/example_dags/example_trigger_controller_dag.py
[2025-03-24T20:36:35.801+0000] {processor.py:836} INFO - DAG(s) dict_keys(['example_trigger_controller_dag']) retrieved from /home/vscode/.local/lib/python3.10/site-packages/airflow/example_dags/example_trigger_controller_dag.py
[2025-03-24T20:36:35.813+0000] {logging_mixin.py:150} INFO - [2025-03-24T20:36:35.813+0000] {dag.py:2742} INFO - Sync 1 DAGs
[2025-03-24T20:36:35.827+0000] {logging_mixin.py:150} INFO - [2025-03-24T20:36:35.827+0000] {dag.py:3504} INFO - Setting next_dagrun for example_trigger_controller_dag to 2021-01-01T00:00:00+00:00, run_after=2021-01-01T00:00:00+00:00
[2025-03-24T20:36:35.842+0000] {processor.py:179} INFO - Processing /home/vscode/.local/lib/python3.10/site-packages/airflow/example_dags/example_trigger_controller_dag.py took 0.047 seconds
[2025-03-24T20:37:11.056+0000] {processor.py:157} INFO - Started process (PID=35788) to work on /home/vscode/.local/lib/python3.10/site-packages/airflow/example_dags/example_trigger_controller_dag.py
[2025-03-24T20:37:11.057+0000] {processor.py:826} INFO - Processing file /home/vscode/.local/lib/python3.10/site-packages/airflow/example_dags/example_trigger_controller_dag.py for tasks to queue
[2025-03-24T20:37:11.058+0000] {logging_mixin.py:150} INFO - [2025-03-24T20:37:11.057+0000] {dagbag.py:541} INFO - Filling up the DagBag from /home/vscode/.local/lib/python3.10/site-packages/airflow/example_dags/example_trigger_controller_dag.py
[2025-03-24T20:37:11.062+0000] {processor.py:836} INFO - DAG(s) dict_keys(['example_trigger_controller_dag']) retrieved from /home/vscode/.local/lib/python3.10/site-packages/airflow/example_dags/example_trigger_controller_dag.py
[2025-03-24T20:37:11.079+0000] {logging_mixin.py:150} INFO - [2025-03-24T20:37:11.079+0000] {dag.py:2742} INFO - Sync 1 DAGs
[2025-03-24T20:37:11.100+0000] {logging_mixin.py:150} INFO - [2025-03-24T20:37:11.100+0000] {dag.py:3504} INFO - Setting next_dagrun for example_trigger_controller_dag to 2021-01-01T00:00:00+00:00, run_after=2021-01-01T00:00:00+00:00
[2025-03-24T20:37:11.116+0000] {processor.py:179} INFO - Processing /home/vscode/.local/lib/python3.10/site-packages/airflow/example_dags/example_trigger_controller_dag.py took 0.062 seconds
[2025-03-24T20:37:55.308+0000] {processor.py:157} INFO - Started process (PID=36091) to work on /home/vscode/.local/lib/python3.10/site-packages/airflow/example_dags/example_trigger_controller_dag.py
[2025-03-24T20:37:55.309+0000] {processor.py:826} INFO - Processing file /home/vscode/.local/lib/python3.10/site-packages/airflow/example_dags/example_trigger_controller_dag.py for tasks to queue
[2025-03-24T20:37:55.310+0000] {logging_mixin.py:150} INFO - [2025-03-24T20:37:55.309+0000] {dagbag.py:541} INFO - Filling up the DagBag from /home/vscode/.local/lib/python3.10/site-packages/airflow/example_dags/example_trigger_controller_dag.py
[2025-03-24T20:37:55.313+0000] {processor.py:836} INFO - DAG(s) dict_keys(['example_trigger_controller_dag']) retrieved from /home/vscode/.local/lib/python3.10/site-packages/airflow/example_dags/example_trigger_controller_dag.py
[2025-03-24T20:37:55.324+0000] {logging_mixin.py:150} INFO - [2025-03-24T20:37:55.324+0000] {dag.py:2742} INFO - Sync 1 DAGs
[2025-03-24T20:37:55.338+0000] {logging_mixin.py:150} INFO - [2025-03-24T20:37:55.338+0000] {dag.py:3504} INFO - Setting next_dagrun for example_trigger_controller_dag to 2021-01-01T00:00:00+00:00, run_after=2021-01-01T00:00:00+00:00
[2025-03-24T20:37:55.352+0000] {processor.py:179} INFO - Processing /home/vscode/.local/lib/python3.10/site-packages/airflow/example_dags/example_trigger_controller_dag.py took 0.046 seconds
