[2025-03-24T20:12:56.708+0000] {processor.py:157} INFO - Started process (PID=25273) to work on /home/vscode/.local/lib/python3.10/site-packages/airflow/example_dags/example_kubernetes_executor.py
[2025-03-24T20:12:56.708+0000] {processor.py:826} INFO - Processing file /home/vscode/.local/lib/python3.10/site-packages/airflow/example_dags/example_kubernetes_executor.py for tasks to queue
[2025-03-24T20:12:56.709+0000] {logging_mixin.py:150} INFO - [2025-03-24T20:12:56.708+0000] {dagbag.py:541} INFO - Filling up the DagBag from /home/vscode/.local/lib/python3.10/site-packages/airflow/example_dags/example_kubernetes_executor.py
[2025-03-24T20:12:56.711+0000] {logging_mixin.py:150} INFO - [2025-03-24T20:12:56.711+0000] {example_kubernetes_executor.py:41} WARNING - The example_kubernetes_executor example DAG requires the kubernetes provider. Please install it with: pip install apache-airflow[cncf.kubernetes]
[2025-03-24T20:12:56.711+0000] {processor.py:838} WARNING - No viable dags retrieved from /home/vscode/.local/lib/python3.10/site-packages/airflow/example_dags/example_kubernetes_executor.py
[2025-03-24T20:12:56.717+0000] {processor.py:179} INFO - Processing /home/vscode/.local/lib/python3.10/site-packages/airflow/example_dags/example_kubernetes_executor.py took 0.012 seconds
[2025-03-24T20:13:41.913+0000] {processor.py:157} INFO - Started process (PID=25567) to work on /home/vscode/.local/lib/python3.10/site-packages/airflow/example_dags/example_kubernetes_executor.py
[2025-03-24T20:13:41.914+0000] {processor.py:826} INFO - Processing file /home/vscode/.local/lib/python3.10/site-packages/airflow/example_dags/example_kubernetes_executor.py for tasks to queue
[2025-03-24T20:13:41.914+0000] {logging_mixin.py:150} INFO - [2025-03-24T20:13:41.914+0000] {dagbag.py:541} INFO - Filling up the DagBag from /home/vscode/.local/lib/python3.10/site-packages/airflow/example_dags/example_kubernetes_executor.py
[2025-03-24T20:13:41.917+0000] {logging_mixin.py:150} INFO - [2025-03-24T20:13:41.917+0000] {example_kubernetes_executor.py:41} WARNING - The example_kubernetes_executor example DAG requires the kubernetes provider. Please install it with: pip install apache-airflow[cncf.kubernetes]
[2025-03-24T20:13:41.917+0000] {processor.py:838} WARNING - No viable dags retrieved from /home/vscode/.local/lib/python3.10/site-packages/airflow/example_dags/example_kubernetes_executor.py
[2025-03-24T20:13:41.928+0000] {processor.py:179} INFO - Processing /home/vscode/.local/lib/python3.10/site-packages/airflow/example_dags/example_kubernetes_executor.py took 0.017 seconds
[2025-03-24T20:14:24.182+0000] {processor.py:157} INFO - Started process (PID=25853) to work on /home/vscode/.local/lib/python3.10/site-packages/airflow/example_dags/example_kubernetes_executor.py
[2025-03-24T20:14:24.182+0000] {processor.py:826} INFO - Processing file /home/vscode/.local/lib/python3.10/site-packages/airflow/example_dags/example_kubernetes_executor.py for tasks to queue
[2025-03-24T20:14:24.183+0000] {logging_mixin.py:150} INFO - [2025-03-24T20:14:24.183+0000] {dagbag.py:541} INFO - Filling up the DagBag from /home/vscode/.local/lib/python3.10/site-packages/airflow/example_dags/example_kubernetes_executor.py
[2025-03-24T20:14:24.185+0000] {logging_mixin.py:150} INFO - [2025-03-24T20:14:24.185+0000] {example_kubernetes_executor.py:41} WARNING - The example_kubernetes_executor example DAG requires the kubernetes provider. Please install it with: pip install apache-airflow[cncf.kubernetes]
[2025-03-24T20:14:24.186+0000] {processor.py:838} WARNING - No viable dags retrieved from /home/vscode/.local/lib/python3.10/site-packages/airflow/example_dags/example_kubernetes_executor.py
[2025-03-24T20:14:24.192+0000] {processor.py:179} INFO - Processing /home/vscode/.local/lib/python3.10/site-packages/airflow/example_dags/example_kubernetes_executor.py took 0.012 seconds
[2025-03-24T20:15:11.572+0000] {processor.py:157} INFO - Started process (PID=26189) to work on /home/vscode/.local/lib/python3.10/site-packages/airflow/example_dags/example_kubernetes_executor.py
[2025-03-24T20:15:11.573+0000] {processor.py:826} INFO - Processing file /home/vscode/.local/lib/python3.10/site-packages/airflow/example_dags/example_kubernetes_executor.py for tasks to queue
[2025-03-24T20:15:11.574+0000] {logging_mixin.py:150} INFO - [2025-03-24T20:15:11.574+0000] {dagbag.py:541} INFO - Filling up the DagBag from /home/vscode/.local/lib/python3.10/site-packages/airflow/example_dags/example_kubernetes_executor.py
[2025-03-24T20:15:11.577+0000] {logging_mixin.py:150} INFO - [2025-03-24T20:15:11.577+0000] {example_kubernetes_executor.py:41} WARNING - The example_kubernetes_executor example DAG requires the kubernetes provider. Please install it with: pip install apache-airflow[cncf.kubernetes]
[2025-03-24T20:15:11.577+0000] {processor.py:838} WARNING - No viable dags retrieved from /home/vscode/.local/lib/python3.10/site-packages/airflow/example_dags/example_kubernetes_executor.py
[2025-03-24T20:15:11.587+0000] {processor.py:179} INFO - Processing /home/vscode/.local/lib/python3.10/site-packages/airflow/example_dags/example_kubernetes_executor.py took 0.017 seconds
[2025-03-24T20:16:01.755+0000] {processor.py:157} INFO - Started process (PID=26522) to work on /home/vscode/.local/lib/python3.10/site-packages/airflow/example_dags/example_kubernetes_executor.py
[2025-03-24T20:16:01.756+0000] {processor.py:826} INFO - Processing file /home/vscode/.local/lib/python3.10/site-packages/airflow/example_dags/example_kubernetes_executor.py for tasks to queue
[2025-03-24T20:16:01.757+0000] {logging_mixin.py:150} INFO - [2025-03-24T20:16:01.756+0000] {dagbag.py:541} INFO - Filling up the DagBag from /home/vscode/.local/lib/python3.10/site-packages/airflow/example_dags/example_kubernetes_executor.py
[2025-03-24T20:16:01.759+0000] {logging_mixin.py:150} INFO - [2025-03-24T20:16:01.759+0000] {example_kubernetes_executor.py:41} WARNING - The example_kubernetes_executor example DAG requires the kubernetes provider. Please install it with: pip install apache-airflow[cncf.kubernetes]
[2025-03-24T20:16:01.759+0000] {processor.py:838} WARNING - No viable dags retrieved from /home/vscode/.local/lib/python3.10/site-packages/airflow/example_dags/example_kubernetes_executor.py
[2025-03-24T20:16:01.765+0000] {processor.py:179} INFO - Processing /home/vscode/.local/lib/python3.10/site-packages/airflow/example_dags/example_kubernetes_executor.py took 0.012 seconds
[2025-03-24T20:16:46.853+0000] {processor.py:157} INFO - Started process (PID=26817) to work on /home/vscode/.local/lib/python3.10/site-packages/airflow/example_dags/example_kubernetes_executor.py
[2025-03-24T20:16:46.854+0000] {processor.py:826} INFO - Processing file /home/vscode/.local/lib/python3.10/site-packages/airflow/example_dags/example_kubernetes_executor.py for tasks to queue
[2025-03-24T20:16:46.854+0000] {logging_mixin.py:150} INFO - [2025-03-24T20:16:46.854+0000] {dagbag.py:541} INFO - Filling up the DagBag from /home/vscode/.local/lib/python3.10/site-packages/airflow/example_dags/example_kubernetes_executor.py
[2025-03-24T20:16:46.857+0000] {logging_mixin.py:150} INFO - [2025-03-24T20:16:46.856+0000] {example_kubernetes_executor.py:41} WARNING - The example_kubernetes_executor example DAG requires the kubernetes provider. Please install it with: pip install apache-airflow[cncf.kubernetes]
[2025-03-24T20:16:46.857+0000] {processor.py:838} WARNING - No viable dags retrieved from /home/vscode/.local/lib/python3.10/site-packages/airflow/example_dags/example_kubernetes_executor.py
[2025-03-24T20:16:46.863+0000] {processor.py:179} INFO - Processing /home/vscode/.local/lib/python3.10/site-packages/airflow/example_dags/example_kubernetes_executor.py took 0.013 seconds
[2025-03-24T20:17:34.042+0000] {processor.py:157} INFO - Started process (PID=27134) to work on /home/vscode/.local/lib/python3.10/site-packages/airflow/example_dags/example_kubernetes_executor.py
[2025-03-24T20:17:34.043+0000] {processor.py:826} INFO - Processing file /home/vscode/.local/lib/python3.10/site-packages/airflow/example_dags/example_kubernetes_executor.py for tasks to queue
[2025-03-24T20:17:34.043+0000] {logging_mixin.py:150} INFO - [2025-03-24T20:17:34.043+0000] {dagbag.py:541} INFO - Filling up the DagBag from /home/vscode/.local/lib/python3.10/site-packages/airflow/example_dags/example_kubernetes_executor.py
[2025-03-24T20:17:34.046+0000] {logging_mixin.py:150} INFO - [2025-03-24T20:17:34.046+0000] {example_kubernetes_executor.py:41} WARNING - The example_kubernetes_executor example DAG requires the kubernetes provider. Please install it with: pip install apache-airflow[cncf.kubernetes]
[2025-03-24T20:17:34.046+0000] {processor.py:838} WARNING - No viable dags retrieved from /home/vscode/.local/lib/python3.10/site-packages/airflow/example_dags/example_kubernetes_executor.py
[2025-03-24T20:17:34.053+0000] {processor.py:179} INFO - Processing /home/vscode/.local/lib/python3.10/site-packages/airflow/example_dags/example_kubernetes_executor.py took 0.013 seconds
[2025-03-24T20:18:19.233+0000] {processor.py:157} INFO - Started process (PID=27434) to work on /home/vscode/.local/lib/python3.10/site-packages/airflow/example_dags/example_kubernetes_executor.py
[2025-03-24T20:18:19.234+0000] {processor.py:826} INFO - Processing file /home/vscode/.local/lib/python3.10/site-packages/airflow/example_dags/example_kubernetes_executor.py for tasks to queue
[2025-03-24T20:18:19.235+0000] {logging_mixin.py:150} INFO - [2025-03-24T20:18:19.235+0000] {dagbag.py:541} INFO - Filling up the DagBag from /home/vscode/.local/lib/python3.10/site-packages/airflow/example_dags/example_kubernetes_executor.py
[2025-03-24T20:18:19.237+0000] {logging_mixin.py:150} INFO - [2025-03-24T20:18:19.237+0000] {example_kubernetes_executor.py:41} WARNING - The example_kubernetes_executor example DAG requires the kubernetes provider. Please install it with: pip install apache-airflow[cncf.kubernetes]
[2025-03-24T20:18:19.237+0000] {processor.py:838} WARNING - No viable dags retrieved from /home/vscode/.local/lib/python3.10/site-packages/airflow/example_dags/example_kubernetes_executor.py
[2025-03-24T20:18:19.244+0000] {processor.py:179} INFO - Processing /home/vscode/.local/lib/python3.10/site-packages/airflow/example_dags/example_kubernetes_executor.py took 0.013 seconds
[2025-03-24T20:19:00.329+0000] {processor.py:157} INFO - Started process (PID=27712) to work on /home/vscode/.local/lib/python3.10/site-packages/airflow/example_dags/example_kubernetes_executor.py
[2025-03-24T20:19:00.331+0000] {processor.py:826} INFO - Processing file /home/vscode/.local/lib/python3.10/site-packages/airflow/example_dags/example_kubernetes_executor.py for tasks to queue
[2025-03-24T20:19:00.332+0000] {logging_mixin.py:150} INFO - [2025-03-24T20:19:00.332+0000] {dagbag.py:541} INFO - Filling up the DagBag from /home/vscode/.local/lib/python3.10/site-packages/airflow/example_dags/example_kubernetes_executor.py
[2025-03-24T20:19:00.335+0000] {logging_mixin.py:150} INFO - [2025-03-24T20:19:00.335+0000] {example_kubernetes_executor.py:41} WARNING - The example_kubernetes_executor example DAG requires the kubernetes provider. Please install it with: pip install apache-airflow[cncf.kubernetes]
[2025-03-24T20:19:00.335+0000] {processor.py:838} WARNING - No viable dags retrieved from /home/vscode/.local/lib/python3.10/site-packages/airflow/example_dags/example_kubernetes_executor.py
[2025-03-24T20:19:00.345+0000] {processor.py:179} INFO - Processing /home/vscode/.local/lib/python3.10/site-packages/airflow/example_dags/example_kubernetes_executor.py took 0.019 seconds
[2025-03-24T20:19:46.424+0000] {processor.py:157} INFO - Started process (PID=28031) to work on /home/vscode/.local/lib/python3.10/site-packages/airflow/example_dags/example_kubernetes_executor.py
[2025-03-24T20:19:46.424+0000] {processor.py:826} INFO - Processing file /home/vscode/.local/lib/python3.10/site-packages/airflow/example_dags/example_kubernetes_executor.py for tasks to queue
[2025-03-24T20:19:46.425+0000] {logging_mixin.py:150} INFO - [2025-03-24T20:19:46.425+0000] {dagbag.py:541} INFO - Filling up the DagBag from /home/vscode/.local/lib/python3.10/site-packages/airflow/example_dags/example_kubernetes_executor.py
[2025-03-24T20:19:46.427+0000] {logging_mixin.py:150} INFO - [2025-03-24T20:19:46.427+0000] {example_kubernetes_executor.py:41} WARNING - The example_kubernetes_executor example DAG requires the kubernetes provider. Please install it with: pip install apache-airflow[cncf.kubernetes]
[2025-03-24T20:19:46.427+0000] {processor.py:838} WARNING - No viable dags retrieved from /home/vscode/.local/lib/python3.10/site-packages/airflow/example_dags/example_kubernetes_executor.py
[2025-03-24T20:19:46.435+0000] {processor.py:179} INFO - Processing /home/vscode/.local/lib/python3.10/site-packages/airflow/example_dags/example_kubernetes_executor.py took 0.013 seconds
[2025-03-24T20:20:33.886+0000] {processor.py:157} INFO - Started process (PID=28376) to work on /home/vscode/.local/lib/python3.10/site-packages/airflow/example_dags/example_kubernetes_executor.py
[2025-03-24T20:20:33.887+0000] {processor.py:826} INFO - Processing file /home/vscode/.local/lib/python3.10/site-packages/airflow/example_dags/example_kubernetes_executor.py for tasks to queue
[2025-03-24T20:20:33.887+0000] {logging_mixin.py:150} INFO - [2025-03-24T20:20:33.887+0000] {dagbag.py:541} INFO - Filling up the DagBag from /home/vscode/.local/lib/python3.10/site-packages/airflow/example_dags/example_kubernetes_executor.py
[2025-03-24T20:20:33.889+0000] {logging_mixin.py:150} INFO - [2025-03-24T20:20:33.889+0000] {example_kubernetes_executor.py:41} WARNING - The example_kubernetes_executor example DAG requires the kubernetes provider. Please install it with: pip install apache-airflow[cncf.kubernetes]
[2025-03-24T20:20:33.890+0000] {processor.py:838} WARNING - No viable dags retrieved from /home/vscode/.local/lib/python3.10/site-packages/airflow/example_dags/example_kubernetes_executor.py
[2025-03-24T20:20:33.896+0000] {processor.py:179} INFO - Processing /home/vscode/.local/lib/python3.10/site-packages/airflow/example_dags/example_kubernetes_executor.py took 0.013 seconds
[2025-03-24T20:21:21.556+0000] {processor.py:157} INFO - Started process (PID=28749) to work on /home/vscode/.local/lib/python3.10/site-packages/airflow/example_dags/example_kubernetes_executor.py
[2025-03-24T20:21:21.557+0000] {processor.py:826} INFO - Processing file /home/vscode/.local/lib/python3.10/site-packages/airflow/example_dags/example_kubernetes_executor.py for tasks to queue
[2025-03-24T20:21:21.558+0000] {logging_mixin.py:150} INFO - [2025-03-24T20:21:21.557+0000] {dagbag.py:541} INFO - Filling up the DagBag from /home/vscode/.local/lib/python3.10/site-packages/airflow/example_dags/example_kubernetes_executor.py
[2025-03-24T20:21:21.560+0000] {logging_mixin.py:150} INFO - [2025-03-24T20:21:21.560+0000] {example_kubernetes_executor.py:41} WARNING - The example_kubernetes_executor example DAG requires the kubernetes provider. Please install it with: pip install apache-airflow[cncf.kubernetes]
[2025-03-24T20:21:21.560+0000] {processor.py:838} WARNING - No viable dags retrieved from /home/vscode/.local/lib/python3.10/site-packages/airflow/example_dags/example_kubernetes_executor.py
[2025-03-24T20:21:21.567+0000] {processor.py:179} INFO - Processing /home/vscode/.local/lib/python3.10/site-packages/airflow/example_dags/example_kubernetes_executor.py took 0.013 seconds
[2025-03-24T20:22:08.984+0000] {processor.py:157} INFO - Started process (PID=29092) to work on /home/vscode/.local/lib/python3.10/site-packages/airflow/example_dags/example_kubernetes_executor.py
[2025-03-24T20:22:08.985+0000] {processor.py:826} INFO - Processing file /home/vscode/.local/lib/python3.10/site-packages/airflow/example_dags/example_kubernetes_executor.py for tasks to queue
[2025-03-24T20:22:08.986+0000] {logging_mixin.py:150} INFO - [2025-03-24T20:22:08.985+0000] {dagbag.py:541} INFO - Filling up the DagBag from /home/vscode/.local/lib/python3.10/site-packages/airflow/example_dags/example_kubernetes_executor.py
[2025-03-24T20:22:08.988+0000] {logging_mixin.py:150} INFO - [2025-03-24T20:22:08.988+0000] {example_kubernetes_executor.py:41} WARNING - The example_kubernetes_executor example DAG requires the kubernetes provider. Please install it with: pip install apache-airflow[cncf.kubernetes]
[2025-03-24T20:22:08.988+0000] {processor.py:838} WARNING - No viable dags retrieved from /home/vscode/.local/lib/python3.10/site-packages/airflow/example_dags/example_kubernetes_executor.py
[2025-03-24T20:22:08.995+0000] {processor.py:179} INFO - Processing /home/vscode/.local/lib/python3.10/site-packages/airflow/example_dags/example_kubernetes_executor.py took 0.013 seconds
[2025-03-24T20:22:51.402+0000] {processor.py:157} INFO - Started process (PID=29416) to work on /home/vscode/.local/lib/python3.10/site-packages/airflow/example_dags/example_kubernetes_executor.py
[2025-03-24T20:22:51.402+0000] {processor.py:826} INFO - Processing file /home/vscode/.local/lib/python3.10/site-packages/airflow/example_dags/example_kubernetes_executor.py for tasks to queue
[2025-03-24T20:22:51.403+0000] {logging_mixin.py:150} INFO - [2025-03-24T20:22:51.403+0000] {dagbag.py:541} INFO - Filling up the DagBag from /home/vscode/.local/lib/python3.10/site-packages/airflow/example_dags/example_kubernetes_executor.py
[2025-03-24T20:22:51.405+0000] {logging_mixin.py:150} INFO - [2025-03-24T20:22:51.405+0000] {example_kubernetes_executor.py:41} WARNING - The example_kubernetes_executor example DAG requires the kubernetes provider. Please install it with: pip install apache-airflow[cncf.kubernetes]
[2025-03-24T20:22:51.406+0000] {processor.py:838} WARNING - No viable dags retrieved from /home/vscode/.local/lib/python3.10/site-packages/airflow/example_dags/example_kubernetes_executor.py
[2025-03-24T20:22:51.412+0000] {processor.py:179} INFO - Processing /home/vscode/.local/lib/python3.10/site-packages/airflow/example_dags/example_kubernetes_executor.py took 0.012 seconds
[2025-03-24T20:23:38.742+0000] {processor.py:157} INFO - Started process (PID=29812) to work on /home/vscode/.local/lib/python3.10/site-packages/airflow/example_dags/example_kubernetes_executor.py
[2025-03-24T20:23:38.742+0000] {processor.py:826} INFO - Processing file /home/vscode/.local/lib/python3.10/site-packages/airflow/example_dags/example_kubernetes_executor.py for tasks to queue
[2025-03-24T20:23:38.743+0000] {logging_mixin.py:150} INFO - [2025-03-24T20:23:38.743+0000] {dagbag.py:541} INFO - Filling up the DagBag from /home/vscode/.local/lib/python3.10/site-packages/airflow/example_dags/example_kubernetes_executor.py
[2025-03-24T20:23:38.745+0000] {logging_mixin.py:150} INFO - [2025-03-24T20:23:38.745+0000] {example_kubernetes_executor.py:41} WARNING - The example_kubernetes_executor example DAG requires the kubernetes provider. Please install it with: pip install apache-airflow[cncf.kubernetes]
[2025-03-24T20:23:38.745+0000] {processor.py:838} WARNING - No viable dags retrieved from /home/vscode/.local/lib/python3.10/site-packages/airflow/example_dags/example_kubernetes_executor.py
[2025-03-24T20:23:38.752+0000] {processor.py:179} INFO - Processing /home/vscode/.local/lib/python3.10/site-packages/airflow/example_dags/example_kubernetes_executor.py took 0.013 seconds
[2025-03-24T20:24:22.007+0000] {processor.py:157} INFO - Started process (PID=30145) to work on /home/vscode/.local/lib/python3.10/site-packages/airflow/example_dags/example_kubernetes_executor.py
[2025-03-24T20:24:22.008+0000] {processor.py:826} INFO - Processing file /home/vscode/.local/lib/python3.10/site-packages/airflow/example_dags/example_kubernetes_executor.py for tasks to queue
[2025-03-24T20:24:22.009+0000] {logging_mixin.py:150} INFO - [2025-03-24T20:24:22.008+0000] {dagbag.py:541} INFO - Filling up the DagBag from /home/vscode/.local/lib/python3.10/site-packages/airflow/example_dags/example_kubernetes_executor.py
[2025-03-24T20:24:22.012+0000] {logging_mixin.py:150} INFO - [2025-03-24T20:24:22.012+0000] {example_kubernetes_executor.py:41} WARNING - The example_kubernetes_executor example DAG requires the kubernetes provider. Please install it with: pip install apache-airflow[cncf.kubernetes]
[2025-03-24T20:24:22.012+0000] {processor.py:838} WARNING - No viable dags retrieved from /home/vscode/.local/lib/python3.10/site-packages/airflow/example_dags/example_kubernetes_executor.py
[2025-03-24T20:24:22.019+0000] {processor.py:179} INFO - Processing /home/vscode/.local/lib/python3.10/site-packages/airflow/example_dags/example_kubernetes_executor.py took 0.014 seconds
[2025-03-24T20:25:04.991+0000] {processor.py:157} INFO - Started process (PID=30461) to work on /home/vscode/.local/lib/python3.10/site-packages/airflow/example_dags/example_kubernetes_executor.py
[2025-03-24T20:25:04.992+0000] {processor.py:826} INFO - Processing file /home/vscode/.local/lib/python3.10/site-packages/airflow/example_dags/example_kubernetes_executor.py for tasks to queue
[2025-03-24T20:25:04.993+0000] {logging_mixin.py:150} INFO - [2025-03-24T20:25:04.992+0000] {dagbag.py:541} INFO - Filling up the DagBag from /home/vscode/.local/lib/python3.10/site-packages/airflow/example_dags/example_kubernetes_executor.py
[2025-03-24T20:25:04.995+0000] {logging_mixin.py:150} INFO - [2025-03-24T20:25:04.995+0000] {example_kubernetes_executor.py:41} WARNING - The example_kubernetes_executor example DAG requires the kubernetes provider. Please install it with: pip install apache-airflow[cncf.kubernetes]
[2025-03-24T20:25:04.995+0000] {processor.py:838} WARNING - No viable dags retrieved from /home/vscode/.local/lib/python3.10/site-packages/airflow/example_dags/example_kubernetes_executor.py
[2025-03-24T20:25:05.002+0000] {processor.py:179} INFO - Processing /home/vscode/.local/lib/python3.10/site-packages/airflow/example_dags/example_kubernetes_executor.py took 0.013 seconds
[2025-03-24T20:25:48.417+0000] {processor.py:157} INFO - Started process (PID=30787) to work on /home/vscode/.local/lib/python3.10/site-packages/airflow/example_dags/example_kubernetes_executor.py
[2025-03-24T20:25:48.418+0000] {processor.py:826} INFO - Processing file /home/vscode/.local/lib/python3.10/site-packages/airflow/example_dags/example_kubernetes_executor.py for tasks to queue
[2025-03-24T20:25:48.419+0000] {logging_mixin.py:150} INFO - [2025-03-24T20:25:48.418+0000] {dagbag.py:541} INFO - Filling up the DagBag from /home/vscode/.local/lib/python3.10/site-packages/airflow/example_dags/example_kubernetes_executor.py
[2025-03-24T20:25:48.421+0000] {logging_mixin.py:150} INFO - [2025-03-24T20:25:48.421+0000] {example_kubernetes_executor.py:41} WARNING - The example_kubernetes_executor example DAG requires the kubernetes provider. Please install it with: pip install apache-airflow[cncf.kubernetes]
[2025-03-24T20:25:48.421+0000] {processor.py:838} WARNING - No viable dags retrieved from /home/vscode/.local/lib/python3.10/site-packages/airflow/example_dags/example_kubernetes_executor.py
[2025-03-24T20:25:48.428+0000] {processor.py:179} INFO - Processing /home/vscode/.local/lib/python3.10/site-packages/airflow/example_dags/example_kubernetes_executor.py took 0.013 seconds
[2025-03-24T20:26:34.687+0000] {processor.py:157} INFO - Started process (PID=31151) to work on /home/vscode/.local/lib/python3.10/site-packages/airflow/example_dags/example_kubernetes_executor.py
[2025-03-24T20:26:34.687+0000] {processor.py:826} INFO - Processing file /home/vscode/.local/lib/python3.10/site-packages/airflow/example_dags/example_kubernetes_executor.py for tasks to queue
[2025-03-24T20:26:34.688+0000] {logging_mixin.py:150} INFO - [2025-03-24T20:26:34.688+0000] {dagbag.py:541} INFO - Filling up the DagBag from /home/vscode/.local/lib/python3.10/site-packages/airflow/example_dags/example_kubernetes_executor.py
[2025-03-24T20:26:34.690+0000] {logging_mixin.py:150} INFO - [2025-03-24T20:26:34.690+0000] {example_kubernetes_executor.py:41} WARNING - The example_kubernetes_executor example DAG requires the kubernetes provider. Please install it with: pip install apache-airflow[cncf.kubernetes]
[2025-03-24T20:26:34.691+0000] {processor.py:838} WARNING - No viable dags retrieved from /home/vscode/.local/lib/python3.10/site-packages/airflow/example_dags/example_kubernetes_executor.py
[2025-03-24T20:26:34.697+0000] {processor.py:179} INFO - Processing /home/vscode/.local/lib/python3.10/site-packages/airflow/example_dags/example_kubernetes_executor.py took 0.013 seconds
[2025-03-24T20:27:19.564+0000] {processor.py:157} INFO - Started process (PID=31561) to work on /home/vscode/.local/lib/python3.10/site-packages/airflow/example_dags/example_kubernetes_executor.py
[2025-03-24T20:27:19.564+0000] {processor.py:826} INFO - Processing file /home/vscode/.local/lib/python3.10/site-packages/airflow/example_dags/example_kubernetes_executor.py for tasks to queue
[2025-03-24T20:27:19.565+0000] {logging_mixin.py:150} INFO - [2025-03-24T20:27:19.565+0000] {dagbag.py:541} INFO - Filling up the DagBag from /home/vscode/.local/lib/python3.10/site-packages/airflow/example_dags/example_kubernetes_executor.py
[2025-03-24T20:27:19.567+0000] {logging_mixin.py:150} INFO - [2025-03-24T20:27:19.567+0000] {example_kubernetes_executor.py:41} WARNING - The example_kubernetes_executor example DAG requires the kubernetes provider. Please install it with: pip install apache-airflow[cncf.kubernetes]
[2025-03-24T20:27:19.567+0000] {processor.py:838} WARNING - No viable dags retrieved from /home/vscode/.local/lib/python3.10/site-packages/airflow/example_dags/example_kubernetes_executor.py
[2025-03-24T20:27:19.574+0000] {processor.py:179} INFO - Processing /home/vscode/.local/lib/python3.10/site-packages/airflow/example_dags/example_kubernetes_executor.py took 0.013 seconds
[2025-03-24T20:28:03.585+0000] {processor.py:157} INFO - Started process (PID=31929) to work on /home/vscode/.local/lib/python3.10/site-packages/airflow/example_dags/example_kubernetes_executor.py
[2025-03-24T20:28:03.586+0000] {processor.py:826} INFO - Processing file /home/vscode/.local/lib/python3.10/site-packages/airflow/example_dags/example_kubernetes_executor.py for tasks to queue
[2025-03-24T20:28:03.587+0000] {logging_mixin.py:150} INFO - [2025-03-24T20:28:03.586+0000] {dagbag.py:541} INFO - Filling up the DagBag from /home/vscode/.local/lib/python3.10/site-packages/airflow/example_dags/example_kubernetes_executor.py
[2025-03-24T20:28:03.589+0000] {logging_mixin.py:150} INFO - [2025-03-24T20:28:03.589+0000] {example_kubernetes_executor.py:41} WARNING - The example_kubernetes_executor example DAG requires the kubernetes provider. Please install it with: pip install apache-airflow[cncf.kubernetes]
[2025-03-24T20:28:03.589+0000] {processor.py:838} WARNING - No viable dags retrieved from /home/vscode/.local/lib/python3.10/site-packages/airflow/example_dags/example_kubernetes_executor.py
[2025-03-24T20:28:03.596+0000] {processor.py:179} INFO - Processing /home/vscode/.local/lib/python3.10/site-packages/airflow/example_dags/example_kubernetes_executor.py took 0.013 seconds
[2025-03-24T20:28:48.162+0000] {processor.py:157} INFO - Started process (PID=32250) to work on /home/vscode/.local/lib/python3.10/site-packages/airflow/example_dags/example_kubernetes_executor.py
[2025-03-24T20:28:48.163+0000] {processor.py:826} INFO - Processing file /home/vscode/.local/lib/python3.10/site-packages/airflow/example_dags/example_kubernetes_executor.py for tasks to queue
[2025-03-24T20:28:48.163+0000] {logging_mixin.py:150} INFO - [2025-03-24T20:28:48.163+0000] {dagbag.py:541} INFO - Filling up the DagBag from /home/vscode/.local/lib/python3.10/site-packages/airflow/example_dags/example_kubernetes_executor.py
[2025-03-24T20:28:48.166+0000] {logging_mixin.py:150} INFO - [2025-03-24T20:28:48.166+0000] {example_kubernetes_executor.py:41} WARNING - The example_kubernetes_executor example DAG requires the kubernetes provider. Please install it with: pip install apache-airflow[cncf.kubernetes]
[2025-03-24T20:28:48.166+0000] {processor.py:838} WARNING - No viable dags retrieved from /home/vscode/.local/lib/python3.10/site-packages/airflow/example_dags/example_kubernetes_executor.py
[2025-03-24T20:28:48.172+0000] {processor.py:179} INFO - Processing /home/vscode/.local/lib/python3.10/site-packages/airflow/example_dags/example_kubernetes_executor.py took 0.012 seconds
[2025-03-24T20:29:33.785+0000] {processor.py:157} INFO - Started process (PID=32569) to work on /home/vscode/.local/lib/python3.10/site-packages/airflow/example_dags/example_kubernetes_executor.py
[2025-03-24T20:29:33.785+0000] {processor.py:826} INFO - Processing file /home/vscode/.local/lib/python3.10/site-packages/airflow/example_dags/example_kubernetes_executor.py for tasks to queue
[2025-03-24T20:29:33.786+0000] {logging_mixin.py:150} INFO - [2025-03-24T20:29:33.786+0000] {dagbag.py:541} INFO - Filling up the DagBag from /home/vscode/.local/lib/python3.10/site-packages/airflow/example_dags/example_kubernetes_executor.py
[2025-03-24T20:29:33.788+0000] {logging_mixin.py:150} INFO - [2025-03-24T20:29:33.788+0000] {example_kubernetes_executor.py:41} WARNING - The example_kubernetes_executor example DAG requires the kubernetes provider. Please install it with: pip install apache-airflow[cncf.kubernetes]
[2025-03-24T20:29:33.788+0000] {processor.py:838} WARNING - No viable dags retrieved from /home/vscode/.local/lib/python3.10/site-packages/airflow/example_dags/example_kubernetes_executor.py
[2025-03-24T20:29:33.795+0000] {processor.py:179} INFO - Processing /home/vscode/.local/lib/python3.10/site-packages/airflow/example_dags/example_kubernetes_executor.py took 0.013 seconds
[2025-03-24T20:30:17.930+0000] {processor.py:157} INFO - Started process (PID=32877) to work on /home/vscode/.local/lib/python3.10/site-packages/airflow/example_dags/example_kubernetes_executor.py
[2025-03-24T20:30:17.931+0000] {processor.py:826} INFO - Processing file /home/vscode/.local/lib/python3.10/site-packages/airflow/example_dags/example_kubernetes_executor.py for tasks to queue
[2025-03-24T20:30:17.931+0000] {logging_mixin.py:150} INFO - [2025-03-24T20:30:17.931+0000] {dagbag.py:541} INFO - Filling up the DagBag from /home/vscode/.local/lib/python3.10/site-packages/airflow/example_dags/example_kubernetes_executor.py
[2025-03-24T20:30:17.934+0000] {logging_mixin.py:150} INFO - [2025-03-24T20:30:17.934+0000] {example_kubernetes_executor.py:41} WARNING - The example_kubernetes_executor example DAG requires the kubernetes provider. Please install it with: pip install apache-airflow[cncf.kubernetes]
[2025-03-24T20:30:17.934+0000] {processor.py:838} WARNING - No viable dags retrieved from /home/vscode/.local/lib/python3.10/site-packages/airflow/example_dags/example_kubernetes_executor.py
[2025-03-24T20:30:17.940+0000] {processor.py:179} INFO - Processing /home/vscode/.local/lib/python3.10/site-packages/airflow/example_dags/example_kubernetes_executor.py took 0.012 seconds
[2025-03-24T20:30:59.832+0000] {processor.py:157} INFO - Started process (PID=33152) to work on /home/vscode/.local/lib/python3.10/site-packages/airflow/example_dags/example_kubernetes_executor.py
[2025-03-24T20:30:59.833+0000] {processor.py:826} INFO - Processing file /home/vscode/.local/lib/python3.10/site-packages/airflow/example_dags/example_kubernetes_executor.py for tasks to queue
[2025-03-24T20:30:59.834+0000] {logging_mixin.py:150} INFO - [2025-03-24T20:30:59.833+0000] {dagbag.py:541} INFO - Filling up the DagBag from /home/vscode/.local/lib/python3.10/site-packages/airflow/example_dags/example_kubernetes_executor.py
[2025-03-24T20:30:59.836+0000] {logging_mixin.py:150} INFO - [2025-03-24T20:30:59.836+0000] {example_kubernetes_executor.py:41} WARNING - The example_kubernetes_executor example DAG requires the kubernetes provider. Please install it with: pip install apache-airflow[cncf.kubernetes]
[2025-03-24T20:30:59.836+0000] {processor.py:838} WARNING - No viable dags retrieved from /home/vscode/.local/lib/python3.10/site-packages/airflow/example_dags/example_kubernetes_executor.py
[2025-03-24T20:30:59.843+0000] {processor.py:179} INFO - Processing /home/vscode/.local/lib/python3.10/site-packages/airflow/example_dags/example_kubernetes_executor.py took 0.013 seconds
[2025-03-24T20:31:43.849+0000] {processor.py:157} INFO - Started process (PID=33451) to work on /home/vscode/.local/lib/python3.10/site-packages/airflow/example_dags/example_kubernetes_executor.py
[2025-03-24T20:31:43.850+0000] {processor.py:826} INFO - Processing file /home/vscode/.local/lib/python3.10/site-packages/airflow/example_dags/example_kubernetes_executor.py for tasks to queue
[2025-03-24T20:31:43.850+0000] {logging_mixin.py:150} INFO - [2025-03-24T20:31:43.850+0000] {dagbag.py:541} INFO - Filling up the DagBag from /home/vscode/.local/lib/python3.10/site-packages/airflow/example_dags/example_kubernetes_executor.py
[2025-03-24T20:31:43.853+0000] {logging_mixin.py:150} INFO - [2025-03-24T20:31:43.853+0000] {example_kubernetes_executor.py:41} WARNING - The example_kubernetes_executor example DAG requires the kubernetes provider. Please install it with: pip install apache-airflow[cncf.kubernetes]
[2025-03-24T20:31:43.853+0000] {processor.py:838} WARNING - No viable dags retrieved from /home/vscode/.local/lib/python3.10/site-packages/airflow/example_dags/example_kubernetes_executor.py
[2025-03-24T20:31:43.859+0000] {processor.py:179} INFO - Processing /home/vscode/.local/lib/python3.10/site-packages/airflow/example_dags/example_kubernetes_executor.py took 0.013 seconds
[2025-03-24T20:32:25.625+0000] {processor.py:157} INFO - Started process (PID=33734) to work on /home/vscode/.local/lib/python3.10/site-packages/airflow/example_dags/example_kubernetes_executor.py
[2025-03-24T20:32:25.626+0000] {processor.py:826} INFO - Processing file /home/vscode/.local/lib/python3.10/site-packages/airflow/example_dags/example_kubernetes_executor.py for tasks to queue
[2025-03-24T20:32:25.626+0000] {logging_mixin.py:150} INFO - [2025-03-24T20:32:25.626+0000] {dagbag.py:541} INFO - Filling up the DagBag from /home/vscode/.local/lib/python3.10/site-packages/airflow/example_dags/example_kubernetes_executor.py
[2025-03-24T20:32:25.628+0000] {logging_mixin.py:150} INFO - [2025-03-24T20:32:25.628+0000] {example_kubernetes_executor.py:41} WARNING - The example_kubernetes_executor example DAG requires the kubernetes provider. Please install it with: pip install apache-airflow[cncf.kubernetes]
[2025-03-24T20:32:25.629+0000] {processor.py:838} WARNING - No viable dags retrieved from /home/vscode/.local/lib/python3.10/site-packages/airflow/example_dags/example_kubernetes_executor.py
[2025-03-24T20:32:25.635+0000] {processor.py:179} INFO - Processing /home/vscode/.local/lib/python3.10/site-packages/airflow/example_dags/example_kubernetes_executor.py took 0.013 seconds
[2025-03-24T20:33:12.660+0000] {processor.py:157} INFO - Started process (PID=34131) to work on /home/vscode/.local/lib/python3.10/site-packages/airflow/example_dags/example_kubernetes_executor.py
[2025-03-24T20:33:12.660+0000] {processor.py:826} INFO - Processing file /home/vscode/.local/lib/python3.10/site-packages/airflow/example_dags/example_kubernetes_executor.py for tasks to queue
[2025-03-24T20:33:12.661+0000] {logging_mixin.py:150} INFO - [2025-03-24T20:33:12.660+0000] {dagbag.py:541} INFO - Filling up the DagBag from /home/vscode/.local/lib/python3.10/site-packages/airflow/example_dags/example_kubernetes_executor.py
[2025-03-24T20:33:12.663+0000] {logging_mixin.py:150} INFO - [2025-03-24T20:33:12.663+0000] {example_kubernetes_executor.py:41} WARNING - The example_kubernetes_executor example DAG requires the kubernetes provider. Please install it with: pip install apache-airflow[cncf.kubernetes]
[2025-03-24T20:33:12.663+0000] {processor.py:838} WARNING - No viable dags retrieved from /home/vscode/.local/lib/python3.10/site-packages/airflow/example_dags/example_kubernetes_executor.py
[2025-03-24T20:33:12.671+0000] {processor.py:179} INFO - Processing /home/vscode/.local/lib/python3.10/site-packages/airflow/example_dags/example_kubernetes_executor.py took 0.013 seconds
[2025-03-24T20:33:59.487+0000] {processor.py:157} INFO - Started process (PID=34465) to work on /home/vscode/.local/lib/python3.10/site-packages/airflow/example_dags/example_kubernetes_executor.py
[2025-03-24T20:33:59.488+0000] {processor.py:826} INFO - Processing file /home/vscode/.local/lib/python3.10/site-packages/airflow/example_dags/example_kubernetes_executor.py for tasks to queue
[2025-03-24T20:33:59.488+0000] {logging_mixin.py:150} INFO - [2025-03-24T20:33:59.488+0000] {dagbag.py:541} INFO - Filling up the DagBag from /home/vscode/.local/lib/python3.10/site-packages/airflow/example_dags/example_kubernetes_executor.py
[2025-03-24T20:33:59.491+0000] {logging_mixin.py:150} INFO - [2025-03-24T20:33:59.490+0000] {example_kubernetes_executor.py:41} WARNING - The example_kubernetes_executor example DAG requires the kubernetes provider. Please install it with: pip install apache-airflow[cncf.kubernetes]
[2025-03-24T20:33:59.491+0000] {processor.py:838} WARNING - No viable dags retrieved from /home/vscode/.local/lib/python3.10/site-packages/airflow/example_dags/example_kubernetes_executor.py
[2025-03-24T20:33:59.498+0000] {processor.py:179} INFO - Processing /home/vscode/.local/lib/python3.10/site-packages/airflow/example_dags/example_kubernetes_executor.py took 0.013 seconds
[2025-03-24T20:34:45.210+0000] {processor.py:157} INFO - Started process (PID=34761) to work on /home/vscode/.local/lib/python3.10/site-packages/airflow/example_dags/example_kubernetes_executor.py
[2025-03-24T20:34:45.211+0000] {processor.py:826} INFO - Processing file /home/vscode/.local/lib/python3.10/site-packages/airflow/example_dags/example_kubernetes_executor.py for tasks to queue
[2025-03-24T20:34:45.211+0000] {logging_mixin.py:150} INFO - [2025-03-24T20:34:45.211+0000] {dagbag.py:541} INFO - Filling up the DagBag from /home/vscode/.local/lib/python3.10/site-packages/airflow/example_dags/example_kubernetes_executor.py
[2025-03-24T20:34:45.214+0000] {logging_mixin.py:150} INFO - [2025-03-24T20:34:45.214+0000] {example_kubernetes_executor.py:41} WARNING - The example_kubernetes_executor example DAG requires the kubernetes provider. Please install it with: pip install apache-airflow[cncf.kubernetes]
[2025-03-24T20:34:45.214+0000] {processor.py:838} WARNING - No viable dags retrieved from /home/vscode/.local/lib/python3.10/site-packages/airflow/example_dags/example_kubernetes_executor.py
[2025-03-24T20:34:45.221+0000] {processor.py:179} INFO - Processing /home/vscode/.local/lib/python3.10/site-packages/airflow/example_dags/example_kubernetes_executor.py took 0.013 seconds
[2025-03-24T20:35:29.621+0000] {processor.py:157} INFO - Started process (PID=35061) to work on /home/vscode/.local/lib/python3.10/site-packages/airflow/example_dags/example_kubernetes_executor.py
[2025-03-24T20:35:29.622+0000] {processor.py:826} INFO - Processing file /home/vscode/.local/lib/python3.10/site-packages/airflow/example_dags/example_kubernetes_executor.py for tasks to queue
[2025-03-24T20:35:29.623+0000] {logging_mixin.py:150} INFO - [2025-03-24T20:35:29.622+0000] {dagbag.py:541} INFO - Filling up the DagBag from /home/vscode/.local/lib/python3.10/site-packages/airflow/example_dags/example_kubernetes_executor.py
[2025-03-24T20:35:29.625+0000] {logging_mixin.py:150} INFO - [2025-03-24T20:35:29.625+0000] {example_kubernetes_executor.py:41} WARNING - The example_kubernetes_executor example DAG requires the kubernetes provider. Please install it with: pip install apache-airflow[cncf.kubernetes]
[2025-03-24T20:35:29.625+0000] {processor.py:838} WARNING - No viable dags retrieved from /home/vscode/.local/lib/python3.10/site-packages/airflow/example_dags/example_kubernetes_executor.py
[2025-03-24T20:35:29.632+0000] {processor.py:179} INFO - Processing /home/vscode/.local/lib/python3.10/site-packages/airflow/example_dags/example_kubernetes_executor.py took 0.013 seconds
[2025-03-24T20:36:12.953+0000] {processor.py:157} INFO - Started process (PID=35353) to work on /home/vscode/.local/lib/python3.10/site-packages/airflow/example_dags/example_kubernetes_executor.py
[2025-03-24T20:36:12.953+0000] {processor.py:826} INFO - Processing file /home/vscode/.local/lib/python3.10/site-packages/airflow/example_dags/example_kubernetes_executor.py for tasks to queue
[2025-03-24T20:36:12.954+0000] {logging_mixin.py:150} INFO - [2025-03-24T20:36:12.954+0000] {dagbag.py:541} INFO - Filling up the DagBag from /home/vscode/.local/lib/python3.10/site-packages/airflow/example_dags/example_kubernetes_executor.py
[2025-03-24T20:36:12.956+0000] {logging_mixin.py:150} INFO - [2025-03-24T20:36:12.956+0000] {example_kubernetes_executor.py:41} WARNING - The example_kubernetes_executor example DAG requires the kubernetes provider. Please install it with: pip install apache-airflow[cncf.kubernetes]
[2025-03-24T20:36:12.956+0000] {processor.py:838} WARNING - No viable dags retrieved from /home/vscode/.local/lib/python3.10/site-packages/airflow/example_dags/example_kubernetes_executor.py
[2025-03-24T20:36:12.963+0000] {processor.py:179} INFO - Processing /home/vscode/.local/lib/python3.10/site-packages/airflow/example_dags/example_kubernetes_executor.py took 0.012 seconds
[2025-03-24T20:37:00.919+0000] {processor.py:157} INFO - Started process (PID=35714) to work on /home/vscode/.local/lib/python3.10/site-packages/airflow/example_dags/example_kubernetes_executor.py
[2025-03-24T20:37:00.919+0000] {processor.py:826} INFO - Processing file /home/vscode/.local/lib/python3.10/site-packages/airflow/example_dags/example_kubernetes_executor.py for tasks to queue
[2025-03-24T20:37:00.920+0000] {logging_mixin.py:150} INFO - [2025-03-24T20:37:00.920+0000] {dagbag.py:541} INFO - Filling up the DagBag from /home/vscode/.local/lib/python3.10/site-packages/airflow/example_dags/example_kubernetes_executor.py
[2025-03-24T20:37:00.922+0000] {logging_mixin.py:150} INFO - [2025-03-24T20:37:00.922+0000] {example_kubernetes_executor.py:41} WARNING - The example_kubernetes_executor example DAG requires the kubernetes provider. Please install it with: pip install apache-airflow[cncf.kubernetes]
[2025-03-24T20:37:00.922+0000] {processor.py:838} WARNING - No viable dags retrieved from /home/vscode/.local/lib/python3.10/site-packages/airflow/example_dags/example_kubernetes_executor.py
[2025-03-24T20:37:00.929+0000] {processor.py:179} INFO - Processing /home/vscode/.local/lib/python3.10/site-packages/airflow/example_dags/example_kubernetes_executor.py took 0.012 seconds
[2025-03-24T20:37:45.010+0000] {processor.py:157} INFO - Started process (PID=36017) to work on /home/vscode/.local/lib/python3.10/site-packages/airflow/example_dags/example_kubernetes_executor.py
[2025-03-24T20:37:45.011+0000] {processor.py:826} INFO - Processing file /home/vscode/.local/lib/python3.10/site-packages/airflow/example_dags/example_kubernetes_executor.py for tasks to queue
[2025-03-24T20:37:45.011+0000] {logging_mixin.py:150} INFO - [2025-03-24T20:37:45.011+0000] {dagbag.py:541} INFO - Filling up the DagBag from /home/vscode/.local/lib/python3.10/site-packages/airflow/example_dags/example_kubernetes_executor.py
[2025-03-24T20:37:45.013+0000] {logging_mixin.py:150} INFO - [2025-03-24T20:37:45.013+0000] {example_kubernetes_executor.py:41} WARNING - The example_kubernetes_executor example DAG requires the kubernetes provider. Please install it with: pip install apache-airflow[cncf.kubernetes]
[2025-03-24T20:37:45.014+0000] {processor.py:838} WARNING - No viable dags retrieved from /home/vscode/.local/lib/python3.10/site-packages/airflow/example_dags/example_kubernetes_executor.py
[2025-03-24T20:37:45.020+0000] {processor.py:179} INFO - Processing /home/vscode/.local/lib/python3.10/site-packages/airflow/example_dags/example_kubernetes_executor.py took 0.013 seconds
