[2025-03-24T20:13:08.329+0000] {processor.py:157} INFO - Started process (PID=25350) to work on /home/vscode/.local/lib/python3.10/site-packages/airflow/example_dags/example_branch_day_of_week_operator.py
[2025-03-24T20:13:08.329+0000] {processor.py:826} INFO - Processing file /home/vscode/.local/lib/python3.10/site-packages/airflow/example_dags/example_branch_day_of_week_operator.py for tasks to queue
[2025-03-24T20:13:08.330+0000] {logging_mixin.py:150} INFO - [2025-03-24T20:13:08.330+0000] {dagbag.py:541} INFO - Filling up the DagBag from /home/vscode/.local/lib/python3.10/site-packages/airflow/example_dags/example_branch_day_of_week_operator.py
[2025-03-24T20:13:08.335+0000] {processor.py:836} INFO - DAG(s) dict_keys(['example_weekday_branch_operator']) retrieved from /home/vscode/.local/lib/python3.10/site-packages/airflow/example_dags/example_branch_day_of_week_operator.py
[2025-03-24T20:13:08.408+0000] {logging_mixin.py:150} INFO - [2025-03-24T20:13:08.407+0000] {manager.py:504} INFO - Created Permission View: can delete on DAG:example_weekday_branch_operator
[2025-03-24T20:13:08.415+0000] {logging_mixin.py:150} INFO - [2025-03-24T20:13:08.415+0000] {manager.py:504} INFO - Created Permission View: can edit on DAG:example_weekday_branch_operator
[2025-03-24T20:13:08.421+0000] {logging_mixin.py:150} INFO - [2025-03-24T20:13:08.421+0000] {manager.py:504} INFO - Created Permission View: can read on DAG:example_weekday_branch_operator
[2025-03-24T20:13:08.430+0000] {logging_mixin.py:150} INFO - [2025-03-24T20:13:08.429+0000] {dag.py:2742} INFO - Sync 1 DAGs
[2025-03-24T20:13:08.436+0000] {logging_mixin.py:150} INFO - [2025-03-24T20:13:08.436+0000] {dag.py:2763} INFO - Creating ORM DAG for example_weekday_branch_operator
[2025-03-24T20:13:08.443+0000] {logging_mixin.py:150} INFO - [2025-03-24T20:13:08.443+0000] {dag.py:3504} INFO - Setting next_dagrun for example_weekday_branch_operator to 2025-03-23T00:00:00+00:00, run_after=2025-03-24T00:00:00+00:00
[2025-03-24T20:13:08.459+0000] {processor.py:179} INFO - Processing /home/vscode/.local/lib/python3.10/site-packages/airflow/example_dags/example_branch_day_of_week_operator.py took 0.132 seconds
[2025-03-24T20:13:56.772+0000] {processor.py:157} INFO - Started process (PID=25668) to work on /home/vscode/.local/lib/python3.10/site-packages/airflow/example_dags/example_branch_day_of_week_operator.py
[2025-03-24T20:13:56.772+0000] {processor.py:826} INFO - Processing file /home/vscode/.local/lib/python3.10/site-packages/airflow/example_dags/example_branch_day_of_week_operator.py for tasks to queue
[2025-03-24T20:13:56.773+0000] {logging_mixin.py:150} INFO - [2025-03-24T20:13:56.773+0000] {dagbag.py:541} INFO - Filling up the DagBag from /home/vscode/.local/lib/python3.10/site-packages/airflow/example_dags/example_branch_day_of_week_operator.py
[2025-03-24T20:13:56.779+0000] {processor.py:836} INFO - DAG(s) dict_keys(['example_weekday_branch_operator']) retrieved from /home/vscode/.local/lib/python3.10/site-packages/airflow/example_dags/example_branch_day_of_week_operator.py
[2025-03-24T20:13:56.791+0000] {logging_mixin.py:150} INFO - [2025-03-24T20:13:56.791+0000] {dag.py:2742} INFO - Sync 1 DAGs
[2025-03-24T20:13:56.806+0000] {logging_mixin.py:150} INFO - [2025-03-24T20:13:56.806+0000] {dag.py:3504} INFO - Setting next_dagrun for example_weekday_branch_operator to 2025-03-23T00:00:00+00:00, run_after=2025-03-24T00:00:00+00:00
[2025-03-24T20:13:56.822+0000] {processor.py:179} INFO - Processing /home/vscode/.local/lib/python3.10/site-packages/airflow/example_dags/example_branch_day_of_week_operator.py took 0.052 seconds
[2025-03-24T20:14:48.715+0000] {processor.py:157} INFO - Started process (PID=26029) to work on /home/vscode/.local/lib/python3.10/site-packages/airflow/example_dags/example_branch_day_of_week_operator.py
[2025-03-24T20:14:48.716+0000] {processor.py:826} INFO - Processing file /home/vscode/.local/lib/python3.10/site-packages/airflow/example_dags/example_branch_day_of_week_operator.py for tasks to queue
[2025-03-24T20:14:48.717+0000] {logging_mixin.py:150} INFO - [2025-03-24T20:14:48.716+0000] {dagbag.py:541} INFO - Filling up the DagBag from /home/vscode/.local/lib/python3.10/site-packages/airflow/example_dags/example_branch_day_of_week_operator.py
[2025-03-24T20:14:48.722+0000] {processor.py:836} INFO - DAG(s) dict_keys(['example_weekday_branch_operator']) retrieved from /home/vscode/.local/lib/python3.10/site-packages/airflow/example_dags/example_branch_day_of_week_operator.py
[2025-03-24T20:14:48.735+0000] {logging_mixin.py:150} INFO - [2025-03-24T20:14:48.735+0000] {dag.py:2742} INFO - Sync 1 DAGs
[2025-03-24T20:14:48.751+0000] {logging_mixin.py:150} INFO - [2025-03-24T20:14:48.751+0000] {dag.py:3504} INFO - Setting next_dagrun for example_weekday_branch_operator to 2025-03-23T00:00:00+00:00, run_after=2025-03-24T00:00:00+00:00
[2025-03-24T20:14:48.766+0000] {processor.py:179} INFO - Processing /home/vscode/.local/lib/python3.10/site-packages/airflow/example_dags/example_branch_day_of_week_operator.py took 0.053 seconds
[2025-03-24T20:15:34.041+0000] {processor.py:157} INFO - Started process (PID=26336) to work on /home/vscode/.local/lib/python3.10/site-packages/airflow/example_dags/example_branch_day_of_week_operator.py
[2025-03-24T20:15:34.041+0000] {processor.py:826} INFO - Processing file /home/vscode/.local/lib/python3.10/site-packages/airflow/example_dags/example_branch_day_of_week_operator.py for tasks to queue
[2025-03-24T20:15:34.042+0000] {logging_mixin.py:150} INFO - [2025-03-24T20:15:34.042+0000] {dagbag.py:541} INFO - Filling up the DagBag from /home/vscode/.local/lib/python3.10/site-packages/airflow/example_dags/example_branch_day_of_week_operator.py
[2025-03-24T20:15:34.047+0000] {processor.py:836} INFO - DAG(s) dict_keys(['example_weekday_branch_operator']) retrieved from /home/vscode/.local/lib/python3.10/site-packages/airflow/example_dags/example_branch_day_of_week_operator.py
[2025-03-24T20:15:34.061+0000] {logging_mixin.py:150} INFO - [2025-03-24T20:15:34.061+0000] {dag.py:2742} INFO - Sync 1 DAGs
[2025-03-24T20:15:34.076+0000] {logging_mixin.py:150} INFO - [2025-03-24T20:15:34.076+0000] {dag.py:3504} INFO - Setting next_dagrun for example_weekday_branch_operator to 2025-03-23T00:00:00+00:00, run_after=2025-03-24T00:00:00+00:00
[2025-03-24T20:15:34.091+0000] {processor.py:179} INFO - Processing /home/vscode/.local/lib/python3.10/site-packages/airflow/example_dags/example_branch_day_of_week_operator.py took 0.053 seconds
[2025-03-24T20:16:22.293+0000] {processor.py:157} INFO - Started process (PID=26661) to work on /home/vscode/.local/lib/python3.10/site-packages/airflow/example_dags/example_branch_day_of_week_operator.py
[2025-03-24T20:16:22.293+0000] {processor.py:826} INFO - Processing file /home/vscode/.local/lib/python3.10/site-packages/airflow/example_dags/example_branch_day_of_week_operator.py for tasks to queue
[2025-03-24T20:16:22.294+0000] {logging_mixin.py:150} INFO - [2025-03-24T20:16:22.293+0000] {dagbag.py:541} INFO - Filling up the DagBag from /home/vscode/.local/lib/python3.10/site-packages/airflow/example_dags/example_branch_day_of_week_operator.py
[2025-03-24T20:16:22.299+0000] {processor.py:836} INFO - DAG(s) dict_keys(['example_weekday_branch_operator']) retrieved from /home/vscode/.local/lib/python3.10/site-packages/airflow/example_dags/example_branch_day_of_week_operator.py
[2025-03-24T20:16:22.311+0000] {logging_mixin.py:150} INFO - [2025-03-24T20:16:22.311+0000] {dag.py:2742} INFO - Sync 1 DAGs
[2025-03-24T20:16:22.326+0000] {logging_mixin.py:150} INFO - [2025-03-24T20:16:22.326+0000] {dag.py:3504} INFO - Setting next_dagrun for example_weekday_branch_operator to 2025-03-23T00:00:00+00:00, run_after=2025-03-24T00:00:00+00:00
[2025-03-24T20:16:22.342+0000] {processor.py:179} INFO - Processing /home/vscode/.local/lib/python3.10/site-packages/airflow/example_dags/example_branch_day_of_week_operator.py took 0.051 seconds
[2025-03-24T20:17:10.032+0000] {processor.py:157} INFO - Started process (PID=26970) to work on /home/vscode/.local/lib/python3.10/site-packages/airflow/example_dags/example_branch_day_of_week_operator.py
[2025-03-24T20:17:10.033+0000] {processor.py:826} INFO - Processing file /home/vscode/.local/lib/python3.10/site-packages/airflow/example_dags/example_branch_day_of_week_operator.py for tasks to queue
[2025-03-24T20:17:10.034+0000] {logging_mixin.py:150} INFO - [2025-03-24T20:17:10.033+0000] {dagbag.py:541} INFO - Filling up the DagBag from /home/vscode/.local/lib/python3.10/site-packages/airflow/example_dags/example_branch_day_of_week_operator.py
[2025-03-24T20:17:10.039+0000] {processor.py:836} INFO - DAG(s) dict_keys(['example_weekday_branch_operator']) retrieved from /home/vscode/.local/lib/python3.10/site-packages/airflow/example_dags/example_branch_day_of_week_operator.py
[2025-03-24T20:17:10.051+0000] {logging_mixin.py:150} INFO - [2025-03-24T20:17:10.051+0000] {dag.py:2742} INFO - Sync 1 DAGs
[2025-03-24T20:17:10.066+0000] {logging_mixin.py:150} INFO - [2025-03-24T20:17:10.066+0000] {dag.py:3504} INFO - Setting next_dagrun for example_weekday_branch_operator to 2025-03-23T00:00:00+00:00, run_after=2025-03-24T00:00:00+00:00
[2025-03-24T20:17:10.081+0000] {processor.py:179} INFO - Processing /home/vscode/.local/lib/python3.10/site-packages/airflow/example_dags/example_branch_day_of_week_operator.py took 0.051 seconds
[2025-03-24T20:17:54.354+0000] {processor.py:157} INFO - Started process (PID=27271) to work on /home/vscode/.local/lib/python3.10/site-packages/airflow/example_dags/example_branch_day_of_week_operator.py
[2025-03-24T20:17:54.355+0000] {processor.py:826} INFO - Processing file /home/vscode/.local/lib/python3.10/site-packages/airflow/example_dags/example_branch_day_of_week_operator.py for tasks to queue
[2025-03-24T20:17:54.356+0000] {logging_mixin.py:150} INFO - [2025-03-24T20:17:54.355+0000] {dagbag.py:541} INFO - Filling up the DagBag from /home/vscode/.local/lib/python3.10/site-packages/airflow/example_dags/example_branch_day_of_week_operator.py
[2025-03-24T20:17:54.361+0000] {processor.py:836} INFO - DAG(s) dict_keys(['example_weekday_branch_operator']) retrieved from /home/vscode/.local/lib/python3.10/site-packages/airflow/example_dags/example_branch_day_of_week_operator.py
[2025-03-24T20:17:54.373+0000] {logging_mixin.py:150} INFO - [2025-03-24T20:17:54.373+0000] {dag.py:2742} INFO - Sync 1 DAGs
[2025-03-24T20:17:54.388+0000] {logging_mixin.py:150} INFO - [2025-03-24T20:17:54.388+0000] {dag.py:3504} INFO - Setting next_dagrun for example_weekday_branch_operator to 2025-03-23T00:00:00+00:00, run_after=2025-03-24T00:00:00+00:00
[2025-03-24T20:17:54.403+0000] {processor.py:179} INFO - Processing /home/vscode/.local/lib/python3.10/site-packages/airflow/example_dags/example_branch_day_of_week_operator.py took 0.051 seconds
[2025-03-24T20:18:38.354+0000] {processor.py:157} INFO - Started process (PID=27558) to work on /home/vscode/.local/lib/python3.10/site-packages/airflow/example_dags/example_branch_day_of_week_operator.py
[2025-03-24T20:18:38.355+0000] {processor.py:826} INFO - Processing file /home/vscode/.local/lib/python3.10/site-packages/airflow/example_dags/example_branch_day_of_week_operator.py for tasks to queue
[2025-03-24T20:18:38.356+0000] {logging_mixin.py:150} INFO - [2025-03-24T20:18:38.355+0000] {dagbag.py:541} INFO - Filling up the DagBag from /home/vscode/.local/lib/python3.10/site-packages/airflow/example_dags/example_branch_day_of_week_operator.py
[2025-03-24T20:18:38.361+0000] {processor.py:836} INFO - DAG(s) dict_keys(['example_weekday_branch_operator']) retrieved from /home/vscode/.local/lib/python3.10/site-packages/airflow/example_dags/example_branch_day_of_week_operator.py
[2025-03-24T20:18:38.373+0000] {logging_mixin.py:150} INFO - [2025-03-24T20:18:38.373+0000] {dag.py:2742} INFO - Sync 1 DAGs
[2025-03-24T20:18:38.387+0000] {logging_mixin.py:150} INFO - [2025-03-24T20:18:38.387+0000] {dag.py:3504} INFO - Setting next_dagrun for example_weekday_branch_operator to 2025-03-23T00:00:00+00:00, run_after=2025-03-24T00:00:00+00:00
[2025-03-24T20:18:38.402+0000] {processor.py:179} INFO - Processing /home/vscode/.local/lib/python3.10/site-packages/airflow/example_dags/example_branch_day_of_week_operator.py took 0.050 seconds
[2025-03-24T20:19:35.598+0000] {processor.py:157} INFO - Started process (PID=27948) to work on /home/vscode/.local/lib/python3.10/site-packages/airflow/example_dags/example_branch_day_of_week_operator.py
[2025-03-24T20:19:35.599+0000] {processor.py:826} INFO - Processing file /home/vscode/.local/lib/python3.10/site-packages/airflow/example_dags/example_branch_day_of_week_operator.py for tasks to queue
[2025-03-24T20:19:35.600+0000] {logging_mixin.py:150} INFO - [2025-03-24T20:19:35.599+0000] {dagbag.py:541} INFO - Filling up the DagBag from /home/vscode/.local/lib/python3.10/site-packages/airflow/example_dags/example_branch_day_of_week_operator.py
[2025-03-24T20:19:35.605+0000] {processor.py:836} INFO - DAG(s) dict_keys(['example_weekday_branch_operator']) retrieved from /home/vscode/.local/lib/python3.10/site-packages/airflow/example_dags/example_branch_day_of_week_operator.py
[2025-03-24T20:19:35.618+0000] {logging_mixin.py:150} INFO - [2025-03-24T20:19:35.618+0000] {dag.py:2742} INFO - Sync 1 DAGs
[2025-03-24T20:19:35.633+0000] {logging_mixin.py:150} INFO - [2025-03-24T20:19:35.633+0000] {dag.py:3504} INFO - Setting next_dagrun for example_weekday_branch_operator to 2025-03-23T00:00:00+00:00, run_after=2025-03-24T00:00:00+00:00
[2025-03-24T20:19:35.648+0000] {processor.py:179} INFO - Processing /home/vscode/.local/lib/python3.10/site-packages/airflow/example_dags/example_branch_day_of_week_operator.py took 0.052 seconds
[2025-03-24T20:20:21.379+0000] {processor.py:157} INFO - Started process (PID=28274) to work on /home/vscode/.local/lib/python3.10/site-packages/airflow/example_dags/example_branch_day_of_week_operator.py
[2025-03-24T20:20:21.379+0000] {processor.py:826} INFO - Processing file /home/vscode/.local/lib/python3.10/site-packages/airflow/example_dags/example_branch_day_of_week_operator.py for tasks to queue
[2025-03-24T20:20:21.380+0000] {logging_mixin.py:150} INFO - [2025-03-24T20:20:21.380+0000] {dagbag.py:541} INFO - Filling up the DagBag from /home/vscode/.local/lib/python3.10/site-packages/airflow/example_dags/example_branch_day_of_week_operator.py
[2025-03-24T20:20:21.387+0000] {processor.py:836} INFO - DAG(s) dict_keys(['example_weekday_branch_operator']) retrieved from /home/vscode/.local/lib/python3.10/site-packages/airflow/example_dags/example_branch_day_of_week_operator.py
[2025-03-24T20:20:21.399+0000] {logging_mixin.py:150} INFO - [2025-03-24T20:20:21.399+0000] {dag.py:2742} INFO - Sync 1 DAGs
[2025-03-24T20:20:21.413+0000] {logging_mixin.py:150} INFO - [2025-03-24T20:20:21.413+0000] {dag.py:3504} INFO - Setting next_dagrun for example_weekday_branch_operator to 2025-03-23T00:00:00+00:00, run_after=2025-03-24T00:00:00+00:00
[2025-03-24T20:20:21.428+0000] {processor.py:179} INFO - Processing /home/vscode/.local/lib/python3.10/site-packages/airflow/example_dags/example_branch_day_of_week_operator.py took 0.052 seconds
[2025-03-24T20:21:09.758+0000] {processor.py:157} INFO - Started process (PID=28656) to work on /home/vscode/.local/lib/python3.10/site-packages/airflow/example_dags/example_branch_day_of_week_operator.py
[2025-03-24T20:21:09.759+0000] {processor.py:826} INFO - Processing file /home/vscode/.local/lib/python3.10/site-packages/airflow/example_dags/example_branch_day_of_week_operator.py for tasks to queue
[2025-03-24T20:21:09.759+0000] {logging_mixin.py:150} INFO - [2025-03-24T20:21:09.759+0000] {dagbag.py:541} INFO - Filling up the DagBag from /home/vscode/.local/lib/python3.10/site-packages/airflow/example_dags/example_branch_day_of_week_operator.py
[2025-03-24T20:21:09.766+0000] {processor.py:836} INFO - DAG(s) dict_keys(['example_weekday_branch_operator']) retrieved from /home/vscode/.local/lib/python3.10/site-packages/airflow/example_dags/example_branch_day_of_week_operator.py
[2025-03-24T20:21:09.780+0000] {logging_mixin.py:150} INFO - [2025-03-24T20:21:09.780+0000] {dag.py:2742} INFO - Sync 1 DAGs
[2025-03-24T20:21:09.796+0000] {logging_mixin.py:150} INFO - [2025-03-24T20:21:09.795+0000] {dag.py:3504} INFO - Setting next_dagrun for example_weekday_branch_operator to 2025-03-23T00:00:00+00:00, run_after=2025-03-24T00:00:00+00:00
[2025-03-24T20:21:09.812+0000] {processor.py:179} INFO - Processing /home/vscode/.local/lib/python3.10/site-packages/airflow/example_dags/example_branch_day_of_week_operator.py took 0.056 seconds
[2025-03-24T20:21:57.499+0000] {processor.py:157} INFO - Started process (PID=29008) to work on /home/vscode/.local/lib/python3.10/site-packages/airflow/example_dags/example_branch_day_of_week_operator.py
[2025-03-24T20:21:57.500+0000] {processor.py:826} INFO - Processing file /home/vscode/.local/lib/python3.10/site-packages/airflow/example_dags/example_branch_day_of_week_operator.py for tasks to queue
[2025-03-24T20:21:57.500+0000] {logging_mixin.py:150} INFO - [2025-03-24T20:21:57.500+0000] {dagbag.py:541} INFO - Filling up the DagBag from /home/vscode/.local/lib/python3.10/site-packages/airflow/example_dags/example_branch_day_of_week_operator.py
[2025-03-24T20:21:57.506+0000] {processor.py:836} INFO - DAG(s) dict_keys(['example_weekday_branch_operator']) retrieved from /home/vscode/.local/lib/python3.10/site-packages/airflow/example_dags/example_branch_day_of_week_operator.py
[2025-03-24T20:21:57.518+0000] {logging_mixin.py:150} INFO - [2025-03-24T20:21:57.518+0000] {dag.py:2742} INFO - Sync 1 DAGs
[2025-03-24T20:21:57.533+0000] {logging_mixin.py:150} INFO - [2025-03-24T20:21:57.533+0000] {dag.py:3504} INFO - Setting next_dagrun for example_weekday_branch_operator to 2025-03-23T00:00:00+00:00, run_after=2025-03-24T00:00:00+00:00
[2025-03-24T20:21:57.549+0000] {processor.py:179} INFO - Processing /home/vscode/.local/lib/python3.10/site-packages/airflow/example_dags/example_branch_day_of_week_operator.py took 0.052 seconds
[2025-03-24T20:22:54.833+0000] {processor.py:157} INFO - Started process (PID=29440) to work on /home/vscode/.local/lib/python3.10/site-packages/airflow/example_dags/example_branch_day_of_week_operator.py
[2025-03-24T20:22:54.834+0000] {processor.py:826} INFO - Processing file /home/vscode/.local/lib/python3.10/site-packages/airflow/example_dags/example_branch_day_of_week_operator.py for tasks to queue
[2025-03-24T20:22:54.834+0000] {logging_mixin.py:150} INFO - [2025-03-24T20:22:54.834+0000] {dagbag.py:541} INFO - Filling up the DagBag from /home/vscode/.local/lib/python3.10/site-packages/airflow/example_dags/example_branch_day_of_week_operator.py
[2025-03-24T20:22:54.840+0000] {processor.py:836} INFO - DAG(s) dict_keys(['example_weekday_branch_operator']) retrieved from /home/vscode/.local/lib/python3.10/site-packages/airflow/example_dags/example_branch_day_of_week_operator.py
[2025-03-24T20:22:54.852+0000] {logging_mixin.py:150} INFO - [2025-03-24T20:22:54.852+0000] {dag.py:2742} INFO - Sync 1 DAGs
[2025-03-24T20:22:54.867+0000] {logging_mixin.py:150} INFO - [2025-03-24T20:22:54.867+0000] {dag.py:3504} INFO - Setting next_dagrun for example_weekday_branch_operator to 2025-03-23T00:00:00+00:00, run_after=2025-03-24T00:00:00+00:00
[2025-03-24T20:22:54.882+0000] {processor.py:179} INFO - Processing /home/vscode/.local/lib/python3.10/site-packages/airflow/example_dags/example_branch_day_of_week_operator.py took 0.051 seconds
[2025-03-24T20:23:41.043+0000] {processor.py:157} INFO - Started process (PID=29834) to work on /home/vscode/.local/lib/python3.10/site-packages/airflow/example_dags/example_branch_day_of_week_operator.py
[2025-03-24T20:23:41.043+0000] {processor.py:826} INFO - Processing file /home/vscode/.local/lib/python3.10/site-packages/airflow/example_dags/example_branch_day_of_week_operator.py for tasks to queue
[2025-03-24T20:23:41.044+0000] {logging_mixin.py:150} INFO - [2025-03-24T20:23:41.044+0000] {dagbag.py:541} INFO - Filling up the DagBag from /home/vscode/.local/lib/python3.10/site-packages/airflow/example_dags/example_branch_day_of_week_operator.py
[2025-03-24T20:23:41.050+0000] {processor.py:836} INFO - DAG(s) dict_keys(['example_weekday_branch_operator']) retrieved from /home/vscode/.local/lib/python3.10/site-packages/airflow/example_dags/example_branch_day_of_week_operator.py
[2025-03-24T20:23:41.062+0000] {logging_mixin.py:150} INFO - [2025-03-24T20:23:41.062+0000] {dag.py:2742} INFO - Sync 1 DAGs
[2025-03-24T20:23:41.084+0000] {logging_mixin.py:150} INFO - [2025-03-24T20:23:41.084+0000] {dag.py:3504} INFO - Setting next_dagrun for example_weekday_branch_operator to 2025-03-23T00:00:00+00:00, run_after=2025-03-24T00:00:00+00:00
[2025-03-24T20:23:41.107+0000] {processor.py:179} INFO - Processing /home/vscode/.local/lib/python3.10/site-packages/airflow/example_dags/example_branch_day_of_week_operator.py took 0.066 seconds
[2025-03-24T20:24:26.521+0000] {processor.py:157} INFO - Started process (PID=30172) to work on /home/vscode/.local/lib/python3.10/site-packages/airflow/example_dags/example_branch_day_of_week_operator.py
[2025-03-24T20:24:26.522+0000] {processor.py:826} INFO - Processing file /home/vscode/.local/lib/python3.10/site-packages/airflow/example_dags/example_branch_day_of_week_operator.py for tasks to queue
[2025-03-24T20:24:26.523+0000] {logging_mixin.py:150} INFO - [2025-03-24T20:24:26.522+0000] {dagbag.py:541} INFO - Filling up the DagBag from /home/vscode/.local/lib/python3.10/site-packages/airflow/example_dags/example_branch_day_of_week_operator.py
[2025-03-24T20:24:26.528+0000] {processor.py:836} INFO - DAG(s) dict_keys(['example_weekday_branch_operator']) retrieved from /home/vscode/.local/lib/python3.10/site-packages/airflow/example_dags/example_branch_day_of_week_operator.py
[2025-03-24T20:24:26.541+0000] {logging_mixin.py:150} INFO - [2025-03-24T20:24:26.541+0000] {dag.py:2742} INFO - Sync 1 DAGs
[2025-03-24T20:24:26.556+0000] {logging_mixin.py:150} INFO - [2025-03-24T20:24:26.556+0000] {dag.py:3504} INFO - Setting next_dagrun for example_weekday_branch_operator to 2025-03-23T00:00:00+00:00, run_after=2025-03-24T00:00:00+00:00
[2025-03-24T20:24:26.571+0000] {processor.py:179} INFO - Processing /home/vscode/.local/lib/python3.10/site-packages/airflow/example_dags/example_branch_day_of_week_operator.py took 0.051 seconds
[2025-03-24T20:25:10.130+0000] {processor.py:157} INFO - Started process (PID=30494) to work on /home/vscode/.local/lib/python3.10/site-packages/airflow/example_dags/example_branch_day_of_week_operator.py
[2025-03-24T20:25:10.131+0000] {processor.py:826} INFO - Processing file /home/vscode/.local/lib/python3.10/site-packages/airflow/example_dags/example_branch_day_of_week_operator.py for tasks to queue
[2025-03-24T20:25:10.131+0000] {logging_mixin.py:150} INFO - [2025-03-24T20:25:10.131+0000] {dagbag.py:541} INFO - Filling up the DagBag from /home/vscode/.local/lib/python3.10/site-packages/airflow/example_dags/example_branch_day_of_week_operator.py
[2025-03-24T20:25:10.136+0000] {processor.py:836} INFO - DAG(s) dict_keys(['example_weekday_branch_operator']) retrieved from /home/vscode/.local/lib/python3.10/site-packages/airflow/example_dags/example_branch_day_of_week_operator.py
[2025-03-24T20:25:10.149+0000] {logging_mixin.py:150} INFO - [2025-03-24T20:25:10.149+0000] {dag.py:2742} INFO - Sync 1 DAGs
[2025-03-24T20:25:10.164+0000] {logging_mixin.py:150} INFO - [2025-03-24T20:25:10.164+0000] {dag.py:3504} INFO - Setting next_dagrun for example_weekday_branch_operator to 2025-03-23T00:00:00+00:00, run_after=2025-03-24T00:00:00+00:00
[2025-03-24T20:25:10.178+0000] {processor.py:179} INFO - Processing /home/vscode/.local/lib/python3.10/site-packages/airflow/example_dags/example_branch_day_of_week_operator.py took 0.050 seconds
[2025-03-24T20:25:54.696+0000] {processor.py:157} INFO - Started process (PID=30839) to work on /home/vscode/.local/lib/python3.10/site-packages/airflow/example_dags/example_branch_day_of_week_operator.py
[2025-03-24T20:25:54.697+0000] {processor.py:826} INFO - Processing file /home/vscode/.local/lib/python3.10/site-packages/airflow/example_dags/example_branch_day_of_week_operator.py for tasks to queue
[2025-03-24T20:25:54.697+0000] {logging_mixin.py:150} INFO - [2025-03-24T20:25:54.697+0000] {dagbag.py:541} INFO - Filling up the DagBag from /home/vscode/.local/lib/python3.10/site-packages/airflow/example_dags/example_branch_day_of_week_operator.py
[2025-03-24T20:25:54.703+0000] {processor.py:836} INFO - DAG(s) dict_keys(['example_weekday_branch_operator']) retrieved from /home/vscode/.local/lib/python3.10/site-packages/airflow/example_dags/example_branch_day_of_week_operator.py
[2025-03-24T20:25:54.715+0000] {logging_mixin.py:150} INFO - [2025-03-24T20:25:54.714+0000] {dag.py:2742} INFO - Sync 1 DAGs
[2025-03-24T20:25:54.730+0000] {logging_mixin.py:150} INFO - [2025-03-24T20:25:54.730+0000] {dag.py:3504} INFO - Setting next_dagrun for example_weekday_branch_operator to 2025-03-23T00:00:00+00:00, run_after=2025-03-24T00:00:00+00:00
[2025-03-24T20:25:54.746+0000] {processor.py:179} INFO - Processing /home/vscode/.local/lib/python3.10/site-packages/airflow/example_dags/example_branch_day_of_week_operator.py took 0.052 seconds
[2025-03-24T20:26:40.958+0000] {processor.py:157} INFO - Started process (PID=31229) to work on /home/vscode/.local/lib/python3.10/site-packages/airflow/example_dags/example_branch_day_of_week_operator.py
[2025-03-24T20:26:40.958+0000] {processor.py:826} INFO - Processing file /home/vscode/.local/lib/python3.10/site-packages/airflow/example_dags/example_branch_day_of_week_operator.py for tasks to queue
[2025-03-24T20:26:40.959+0000] {logging_mixin.py:150} INFO - [2025-03-24T20:26:40.959+0000] {dagbag.py:541} INFO - Filling up the DagBag from /home/vscode/.local/lib/python3.10/site-packages/airflow/example_dags/example_branch_day_of_week_operator.py
[2025-03-24T20:26:40.964+0000] {processor.py:836} INFO - DAG(s) dict_keys(['example_weekday_branch_operator']) retrieved from /home/vscode/.local/lib/python3.10/site-packages/airflow/example_dags/example_branch_day_of_week_operator.py
[2025-03-24T20:26:40.976+0000] {logging_mixin.py:150} INFO - [2025-03-24T20:26:40.976+0000] {dag.py:2742} INFO - Sync 1 DAGs
[2025-03-24T20:26:40.992+0000] {logging_mixin.py:150} INFO - [2025-03-24T20:26:40.992+0000] {dag.py:3504} INFO - Setting next_dagrun for example_weekday_branch_operator to 2025-03-23T00:00:00+00:00, run_after=2025-03-24T00:00:00+00:00
[2025-03-24T20:26:41.007+0000] {processor.py:179} INFO - Processing /home/vscode/.local/lib/python3.10/site-packages/airflow/example_dags/example_branch_day_of_week_operator.py took 0.051 seconds
[2025-03-24T20:27:24.757+0000] {processor.py:157} INFO - Started process (PID=31601) to work on /home/vscode/.local/lib/python3.10/site-packages/airflow/example_dags/example_branch_day_of_week_operator.py
[2025-03-24T20:27:24.758+0000] {processor.py:826} INFO - Processing file /home/vscode/.local/lib/python3.10/site-packages/airflow/example_dags/example_branch_day_of_week_operator.py for tasks to queue
[2025-03-24T20:27:24.758+0000] {logging_mixin.py:150} INFO - [2025-03-24T20:27:24.758+0000] {dagbag.py:541} INFO - Filling up the DagBag from /home/vscode/.local/lib/python3.10/site-packages/airflow/example_dags/example_branch_day_of_week_operator.py
[2025-03-24T20:27:24.764+0000] {processor.py:836} INFO - DAG(s) dict_keys(['example_weekday_branch_operator']) retrieved from /home/vscode/.local/lib/python3.10/site-packages/airflow/example_dags/example_branch_day_of_week_operator.py
[2025-03-24T20:27:24.776+0000] {logging_mixin.py:150} INFO - [2025-03-24T20:27:24.776+0000] {dag.py:2742} INFO - Sync 1 DAGs
[2025-03-24T20:27:24.791+0000] {logging_mixin.py:150} INFO - [2025-03-24T20:27:24.791+0000] {dag.py:3504} INFO - Setting next_dagrun for example_weekday_branch_operator to 2025-03-23T00:00:00+00:00, run_after=2025-03-24T00:00:00+00:00
[2025-03-24T20:27:24.806+0000] {processor.py:179} INFO - Processing /home/vscode/.local/lib/python3.10/site-packages/airflow/example_dags/example_branch_day_of_week_operator.py took 0.051 seconds
[2025-03-24T20:28:25.130+0000] {processor.py:157} INFO - Started process (PID=32079) to work on /home/vscode/.local/lib/python3.10/site-packages/airflow/example_dags/example_branch_day_of_week_operator.py
[2025-03-24T20:28:25.131+0000] {processor.py:826} INFO - Processing file /home/vscode/.local/lib/python3.10/site-packages/airflow/example_dags/example_branch_day_of_week_operator.py for tasks to queue
[2025-03-24T20:28:25.132+0000] {logging_mixin.py:150} INFO - [2025-03-24T20:28:25.131+0000] {dagbag.py:541} INFO - Filling up the DagBag from /home/vscode/.local/lib/python3.10/site-packages/airflow/example_dags/example_branch_day_of_week_operator.py
[2025-03-24T20:28:25.137+0000] {processor.py:836} INFO - DAG(s) dict_keys(['example_weekday_branch_operator']) retrieved from /home/vscode/.local/lib/python3.10/site-packages/airflow/example_dags/example_branch_day_of_week_operator.py
[2025-03-24T20:28:25.150+0000] {logging_mixin.py:150} INFO - [2025-03-24T20:28:25.150+0000] {dag.py:2742} INFO - Sync 1 DAGs
[2025-03-24T20:28:25.168+0000] {logging_mixin.py:150} INFO - [2025-03-24T20:28:25.167+0000] {dag.py:3504} INFO - Setting next_dagrun for example_weekday_branch_operator to 2025-03-23T00:00:00+00:00, run_after=2025-03-24T00:00:00+00:00
[2025-03-24T20:28:25.184+0000] {processor.py:179} INFO - Processing /home/vscode/.local/lib/python3.10/site-packages/airflow/example_dags/example_branch_day_of_week_operator.py took 0.056 seconds
[2025-03-24T20:29:22.902+0000] {processor.py:157} INFO - Started process (PID=32493) to work on /home/vscode/.local/lib/python3.10/site-packages/airflow/example_dags/example_branch_day_of_week_operator.py
[2025-03-24T20:29:22.903+0000] {processor.py:826} INFO - Processing file /home/vscode/.local/lib/python3.10/site-packages/airflow/example_dags/example_branch_day_of_week_operator.py for tasks to queue
[2025-03-24T20:29:22.903+0000] {logging_mixin.py:150} INFO - [2025-03-24T20:29:22.903+0000] {dagbag.py:541} INFO - Filling up the DagBag from /home/vscode/.local/lib/python3.10/site-packages/airflow/example_dags/example_branch_day_of_week_operator.py
[2025-03-24T20:29:22.909+0000] {processor.py:836} INFO - DAG(s) dict_keys(['example_weekday_branch_operator']) retrieved from /home/vscode/.local/lib/python3.10/site-packages/airflow/example_dags/example_branch_day_of_week_operator.py
[2025-03-24T20:29:22.921+0000] {logging_mixin.py:150} INFO - [2025-03-24T20:29:22.921+0000] {dag.py:2742} INFO - Sync 1 DAGs
[2025-03-24T20:29:22.936+0000] {logging_mixin.py:150} INFO - [2025-03-24T20:29:22.935+0000] {dag.py:3504} INFO - Setting next_dagrun for example_weekday_branch_operator to 2025-03-23T00:00:00+00:00, run_after=2025-03-24T00:00:00+00:00
[2025-03-24T20:29:22.950+0000] {processor.py:179} INFO - Processing /home/vscode/.local/lib/python3.10/site-packages/airflow/example_dags/example_branch_day_of_week_operator.py took 0.051 seconds
[2025-03-24T20:30:07.930+0000] {processor.py:157} INFO - Started process (PID=32809) to work on /home/vscode/.local/lib/python3.10/site-packages/airflow/example_dags/example_branch_day_of_week_operator.py
[2025-03-24T20:30:07.931+0000] {processor.py:826} INFO - Processing file /home/vscode/.local/lib/python3.10/site-packages/airflow/example_dags/example_branch_day_of_week_operator.py for tasks to queue
[2025-03-24T20:30:07.931+0000] {logging_mixin.py:150} INFO - [2025-03-24T20:30:07.931+0000] {dagbag.py:541} INFO - Filling up the DagBag from /home/vscode/.local/lib/python3.10/site-packages/airflow/example_dags/example_branch_day_of_week_operator.py
[2025-03-24T20:30:07.937+0000] {processor.py:836} INFO - DAG(s) dict_keys(['example_weekday_branch_operator']) retrieved from /home/vscode/.local/lib/python3.10/site-packages/airflow/example_dags/example_branch_day_of_week_operator.py
[2025-03-24T20:30:07.949+0000] {logging_mixin.py:150} INFO - [2025-03-24T20:30:07.949+0000] {dag.py:2742} INFO - Sync 1 DAGs
[2025-03-24T20:30:07.964+0000] {logging_mixin.py:150} INFO - [2025-03-24T20:30:07.964+0000] {dag.py:3504} INFO - Setting next_dagrun for example_weekday_branch_operator to 2025-03-23T00:00:00+00:00, run_after=2025-03-24T00:00:00+00:00
[2025-03-24T20:30:07.979+0000] {processor.py:179} INFO - Processing /home/vscode/.local/lib/python3.10/site-packages/airflow/example_dags/example_branch_day_of_week_operator.py took 0.051 seconds
[2025-03-24T20:31:04.579+0000] {processor.py:157} INFO - Started process (PID=33192) to work on /home/vscode/.local/lib/python3.10/site-packages/airflow/example_dags/example_branch_day_of_week_operator.py
[2025-03-24T20:31:04.580+0000] {processor.py:826} INFO - Processing file /home/vscode/.local/lib/python3.10/site-packages/airflow/example_dags/example_branch_day_of_week_operator.py for tasks to queue
[2025-03-24T20:31:04.581+0000] {logging_mixin.py:150} INFO - [2025-03-24T20:31:04.580+0000] {dagbag.py:541} INFO - Filling up the DagBag from /home/vscode/.local/lib/python3.10/site-packages/airflow/example_dags/example_branch_day_of_week_operator.py
[2025-03-24T20:31:04.587+0000] {processor.py:836} INFO - DAG(s) dict_keys(['example_weekday_branch_operator']) retrieved from /home/vscode/.local/lib/python3.10/site-packages/airflow/example_dags/example_branch_day_of_week_operator.py
[2025-03-24T20:31:04.599+0000] {logging_mixin.py:150} INFO - [2025-03-24T20:31:04.599+0000] {dag.py:2742} INFO - Sync 1 DAGs
[2025-03-24T20:31:04.614+0000] {logging_mixin.py:150} INFO - [2025-03-24T20:31:04.614+0000] {dag.py:3504} INFO - Setting next_dagrun for example_weekday_branch_operator to 2025-03-23T00:00:00+00:00, run_after=2025-03-24T00:00:00+00:00
[2025-03-24T20:31:04.629+0000] {processor.py:179} INFO - Processing /home/vscode/.local/lib/python3.10/site-packages/airflow/example_dags/example_branch_day_of_week_operator.py took 0.052 seconds
[2025-03-24T20:32:00.171+0000] {processor.py:157} INFO - Started process (PID=33563) to work on /home/vscode/.local/lib/python3.10/site-packages/airflow/example_dags/example_branch_day_of_week_operator.py
[2025-03-24T20:32:00.172+0000] {processor.py:826} INFO - Processing file /home/vscode/.local/lib/python3.10/site-packages/airflow/example_dags/example_branch_day_of_week_operator.py for tasks to queue
[2025-03-24T20:32:00.173+0000] {logging_mixin.py:150} INFO - [2025-03-24T20:32:00.172+0000] {dagbag.py:541} INFO - Filling up the DagBag from /home/vscode/.local/lib/python3.10/site-packages/airflow/example_dags/example_branch_day_of_week_operator.py
[2025-03-24T20:32:00.178+0000] {processor.py:836} INFO - DAG(s) dict_keys(['example_weekday_branch_operator']) retrieved from /home/vscode/.local/lib/python3.10/site-packages/airflow/example_dags/example_branch_day_of_week_operator.py
[2025-03-24T20:32:00.191+0000] {logging_mixin.py:150} INFO - [2025-03-24T20:32:00.191+0000] {dag.py:2742} INFO - Sync 1 DAGs
[2025-03-24T20:32:00.206+0000] {logging_mixin.py:150} INFO - [2025-03-24T20:32:00.205+0000] {dag.py:3504} INFO - Setting next_dagrun for example_weekday_branch_operator to 2025-03-23T00:00:00+00:00, run_after=2025-03-24T00:00:00+00:00
[2025-03-24T20:32:00.221+0000] {processor.py:179} INFO - Processing /home/vscode/.local/lib/python3.10/site-packages/airflow/example_dags/example_branch_day_of_week_operator.py took 0.051 seconds
[2025-03-24T20:32:44.447+0000] {processor.py:157} INFO - Started process (PID=33856) to work on /home/vscode/.local/lib/python3.10/site-packages/airflow/example_dags/example_branch_day_of_week_operator.py
[2025-03-24T20:32:44.448+0000] {processor.py:826} INFO - Processing file /home/vscode/.local/lib/python3.10/site-packages/airflow/example_dags/example_branch_day_of_week_operator.py for tasks to queue
[2025-03-24T20:32:44.448+0000] {logging_mixin.py:150} INFO - [2025-03-24T20:32:44.448+0000] {dagbag.py:541} INFO - Filling up the DagBag from /home/vscode/.local/lib/python3.10/site-packages/airflow/example_dags/example_branch_day_of_week_operator.py
[2025-03-24T20:32:44.454+0000] {processor.py:836} INFO - DAG(s) dict_keys(['example_weekday_branch_operator']) retrieved from /home/vscode/.local/lib/python3.10/site-packages/airflow/example_dags/example_branch_day_of_week_operator.py
[2025-03-24T20:32:44.466+0000] {logging_mixin.py:150} INFO - [2025-03-24T20:32:44.466+0000] {dag.py:2742} INFO - Sync 1 DAGs
[2025-03-24T20:32:44.482+0000] {logging_mixin.py:150} INFO - [2025-03-24T20:32:44.482+0000] {dag.py:3504} INFO - Setting next_dagrun for example_weekday_branch_operator to 2025-03-23T00:00:00+00:00, run_after=2025-03-24T00:00:00+00:00
[2025-03-24T20:32:44.497+0000] {processor.py:179} INFO - Processing /home/vscode/.local/lib/python3.10/site-packages/airflow/example_dags/example_branch_day_of_week_operator.py took 0.052 seconds
[2025-03-24T20:33:33.220+0000] {processor.py:157} INFO - Started process (PID=34287) to work on /home/vscode/.local/lib/python3.10/site-packages/airflow/example_dags/example_branch_day_of_week_operator.py
[2025-03-24T20:33:33.221+0000] {processor.py:826} INFO - Processing file /home/vscode/.local/lib/python3.10/site-packages/airflow/example_dags/example_branch_day_of_week_operator.py for tasks to queue
[2025-03-24T20:33:33.222+0000] {logging_mixin.py:150} INFO - [2025-03-24T20:33:33.221+0000] {dagbag.py:541} INFO - Filling up the DagBag from /home/vscode/.local/lib/python3.10/site-packages/airflow/example_dags/example_branch_day_of_week_operator.py
[2025-03-24T20:33:33.227+0000] {processor.py:836} INFO - DAG(s) dict_keys(['example_weekday_branch_operator']) retrieved from /home/vscode/.local/lib/python3.10/site-packages/airflow/example_dags/example_branch_day_of_week_operator.py
[2025-03-24T20:33:33.239+0000] {logging_mixin.py:150} INFO - [2025-03-24T20:33:33.239+0000] {dag.py:2742} INFO - Sync 1 DAGs
[2025-03-24T20:33:33.255+0000] {logging_mixin.py:150} INFO - [2025-03-24T20:33:33.255+0000] {dag.py:3504} INFO - Setting next_dagrun for example_weekday_branch_operator to 2025-03-23T00:00:00+00:00, run_after=2025-03-24T00:00:00+00:00
[2025-03-24T20:33:33.270+0000] {processor.py:179} INFO - Processing /home/vscode/.local/lib/python3.10/site-packages/airflow/example_dags/example_branch_day_of_week_operator.py took 0.052 seconds
[2025-03-24T20:34:20.560+0000] {processor.py:157} INFO - Started process (PID=34597) to work on /home/vscode/.local/lib/python3.10/site-packages/airflow/example_dags/example_branch_day_of_week_operator.py
[2025-03-24T20:34:20.561+0000] {processor.py:826} INFO - Processing file /home/vscode/.local/lib/python3.10/site-packages/airflow/example_dags/example_branch_day_of_week_operator.py for tasks to queue
[2025-03-24T20:34:20.562+0000] {logging_mixin.py:150} INFO - [2025-03-24T20:34:20.562+0000] {dagbag.py:541} INFO - Filling up the DagBag from /home/vscode/.local/lib/python3.10/site-packages/airflow/example_dags/example_branch_day_of_week_operator.py
[2025-03-24T20:34:20.567+0000] {processor.py:836} INFO - DAG(s) dict_keys(['example_weekday_branch_operator']) retrieved from /home/vscode/.local/lib/python3.10/site-packages/airflow/example_dags/example_branch_day_of_week_operator.py
[2025-03-24T20:34:20.580+0000] {logging_mixin.py:150} INFO - [2025-03-24T20:34:20.580+0000] {dag.py:2742} INFO - Sync 1 DAGs
[2025-03-24T20:34:20.595+0000] {logging_mixin.py:150} INFO - [2025-03-24T20:34:20.594+0000] {dag.py:3504} INFO - Setting next_dagrun for example_weekday_branch_operator to 2025-03-23T00:00:00+00:00, run_after=2025-03-24T00:00:00+00:00
[2025-03-24T20:34:20.609+0000] {processor.py:179} INFO - Processing /home/vscode/.local/lib/python3.10/site-packages/airflow/example_dags/example_branch_day_of_week_operator.py took 0.051 seconds
[2025-03-24T20:35:19.487+0000] {processor.py:157} INFO - Started process (PID=34993) to work on /home/vscode/.local/lib/python3.10/site-packages/airflow/example_dags/example_branch_day_of_week_operator.py
[2025-03-24T20:35:19.488+0000] {processor.py:826} INFO - Processing file /home/vscode/.local/lib/python3.10/site-packages/airflow/example_dags/example_branch_day_of_week_operator.py for tasks to queue
[2025-03-24T20:35:19.488+0000] {logging_mixin.py:150} INFO - [2025-03-24T20:35:19.488+0000] {dagbag.py:541} INFO - Filling up the DagBag from /home/vscode/.local/lib/python3.10/site-packages/airflow/example_dags/example_branch_day_of_week_operator.py
[2025-03-24T20:35:19.494+0000] {processor.py:836} INFO - DAG(s) dict_keys(['example_weekday_branch_operator']) retrieved from /home/vscode/.local/lib/python3.10/site-packages/airflow/example_dags/example_branch_day_of_week_operator.py
[2025-03-24T20:35:19.506+0000] {logging_mixin.py:150} INFO - [2025-03-24T20:35:19.506+0000] {dag.py:2742} INFO - Sync 1 DAGs
[2025-03-24T20:35:19.521+0000] {logging_mixin.py:150} INFO - [2025-03-24T20:35:19.521+0000] {dag.py:3504} INFO - Setting next_dagrun for example_weekday_branch_operator to 2025-03-23T00:00:00+00:00, run_after=2025-03-24T00:00:00+00:00
[2025-03-24T20:35:19.536+0000] {processor.py:179} INFO - Processing /home/vscode/.local/lib/python3.10/site-packages/airflow/example_dags/example_branch_day_of_week_operator.py took 0.052 seconds
[2025-03-24T20:36:03.847+0000] {processor.py:157} INFO - Started process (PID=35298) to work on /home/vscode/.local/lib/python3.10/site-packages/airflow/example_dags/example_branch_day_of_week_operator.py
[2025-03-24T20:36:03.848+0000] {processor.py:826} INFO - Processing file /home/vscode/.local/lib/python3.10/site-packages/airflow/example_dags/example_branch_day_of_week_operator.py for tasks to queue
[2025-03-24T20:36:03.848+0000] {logging_mixin.py:150} INFO - [2025-03-24T20:36:03.848+0000] {dagbag.py:541} INFO - Filling up the DagBag from /home/vscode/.local/lib/python3.10/site-packages/airflow/example_dags/example_branch_day_of_week_operator.py
[2025-03-24T20:36:03.854+0000] {processor.py:836} INFO - DAG(s) dict_keys(['example_weekday_branch_operator']) retrieved from /home/vscode/.local/lib/python3.10/site-packages/airflow/example_dags/example_branch_day_of_week_operator.py
[2025-03-24T20:36:03.867+0000] {logging_mixin.py:150} INFO - [2025-03-24T20:36:03.867+0000] {dag.py:2742} INFO - Sync 1 DAGs
[2025-03-24T20:36:03.884+0000] {logging_mixin.py:150} INFO - [2025-03-24T20:36:03.883+0000] {dag.py:3504} INFO - Setting next_dagrun for example_weekday_branch_operator to 2025-03-23T00:00:00+00:00, run_after=2025-03-24T00:00:00+00:00
[2025-03-24T20:36:03.899+0000] {processor.py:179} INFO - Processing /home/vscode/.local/lib/python3.10/site-packages/airflow/example_dags/example_branch_day_of_week_operator.py took 0.054 seconds
[2025-03-24T20:36:49.629+0000] {processor.py:157} INFO - Started process (PID=35628) to work on /home/vscode/.local/lib/python3.10/site-packages/airflow/example_dags/example_branch_day_of_week_operator.py
[2025-03-24T20:36:49.629+0000] {processor.py:826} INFO - Processing file /home/vscode/.local/lib/python3.10/site-packages/airflow/example_dags/example_branch_day_of_week_operator.py for tasks to queue
[2025-03-24T20:36:49.630+0000] {logging_mixin.py:150} INFO - [2025-03-24T20:36:49.630+0000] {dagbag.py:541} INFO - Filling up the DagBag from /home/vscode/.local/lib/python3.10/site-packages/airflow/example_dags/example_branch_day_of_week_operator.py
[2025-03-24T20:36:49.635+0000] {processor.py:836} INFO - DAG(s) dict_keys(['example_weekday_branch_operator']) retrieved from /home/vscode/.local/lib/python3.10/site-packages/airflow/example_dags/example_branch_day_of_week_operator.py
[2025-03-24T20:36:49.648+0000] {logging_mixin.py:150} INFO - [2025-03-24T20:36:49.648+0000] {dag.py:2742} INFO - Sync 1 DAGs
[2025-03-24T20:36:49.663+0000] {logging_mixin.py:150} INFO - [2025-03-24T20:36:49.662+0000] {dag.py:3504} INFO - Setting next_dagrun for example_weekday_branch_operator to 2025-03-23T00:00:00+00:00, run_after=2025-03-24T00:00:00+00:00
[2025-03-24T20:36:49.677+0000] {processor.py:179} INFO - Processing /home/vscode/.local/lib/python3.10/site-packages/airflow/example_dags/example_branch_day_of_week_operator.py took 0.051 seconds
[2025-03-24T20:37:35.292+0000] {processor.py:157} INFO - Started process (PID=35950) to work on /home/vscode/.local/lib/python3.10/site-packages/airflow/example_dags/example_branch_day_of_week_operator.py
[2025-03-24T20:37:35.293+0000] {processor.py:826} INFO - Processing file /home/vscode/.local/lib/python3.10/site-packages/airflow/example_dags/example_branch_day_of_week_operator.py for tasks to queue
[2025-03-24T20:37:35.294+0000] {logging_mixin.py:150} INFO - [2025-03-24T20:37:35.293+0000] {dagbag.py:541} INFO - Filling up the DagBag from /home/vscode/.local/lib/python3.10/site-packages/airflow/example_dags/example_branch_day_of_week_operator.py
[2025-03-24T20:37:35.299+0000] {processor.py:836} INFO - DAG(s) dict_keys(['example_weekday_branch_operator']) retrieved from /home/vscode/.local/lib/python3.10/site-packages/airflow/example_dags/example_branch_day_of_week_operator.py
[2025-03-24T20:37:35.312+0000] {logging_mixin.py:150} INFO - [2025-03-24T20:37:35.312+0000] {dag.py:2742} INFO - Sync 1 DAGs
[2025-03-24T20:37:35.327+0000] {logging_mixin.py:150} INFO - [2025-03-24T20:37:35.327+0000] {dag.py:3504} INFO - Setting next_dagrun for example_weekday_branch_operator to 2025-03-23T00:00:00+00:00, run_after=2025-03-24T00:00:00+00:00
[2025-03-24T20:37:35.342+0000] {processor.py:179} INFO - Processing /home/vscode/.local/lib/python3.10/site-packages/airflow/example_dags/example_branch_day_of_week_operator.py took 0.052 seconds
