[2025-03-24T20:12:59.097+0000] {processor.py:157} INFO - Started process (PID=25284) to work on /home/vscode/.local/lib/python3.10/site-packages/airflow/example_dags/example_dynamic_task_mapping.py
[2025-03-24T20:12:59.097+0000] {processor.py:826} INFO - Processing file /home/vscode/.local/lib/python3.10/site-packages/airflow/example_dags/example_dynamic_task_mapping.py for tasks to queue
[2025-03-24T20:12:59.098+0000] {logging_mixin.py:150} INFO - [2025-03-24T20:12:59.098+0000] {dagbag.py:541} INFO - Filling up the DagBag from /home/vscode/.local/lib/python3.10/site-packages/airflow/example_dags/example_dynamic_task_mapping.py
[2025-03-24T20:12:59.105+0000] {processor.py:836} INFO - DAG(s) dict_keys(['example_dynamic_task_mapping']) retrieved from /home/vscode/.local/lib/python3.10/site-packages/airflow/example_dags/example_dynamic_task_mapping.py
[2025-03-24T20:12:59.179+0000] {logging_mixin.py:150} INFO - [2025-03-24T20:12:59.179+0000] {manager.py:504} INFO - Created Permission View: can delete on DAG:example_dynamic_task_mapping
[2025-03-24T20:12:59.187+0000] {logging_mixin.py:150} INFO - [2025-03-24T20:12:59.187+0000] {manager.py:504} INFO - Created Permission View: can edit on DAG:example_dynamic_task_mapping
[2025-03-24T20:12:59.193+0000] {logging_mixin.py:150} INFO - [2025-03-24T20:12:59.193+0000] {manager.py:504} INFO - Created Permission View: can read on DAG:example_dynamic_task_mapping
[2025-03-24T20:12:59.201+0000] {logging_mixin.py:150} INFO - [2025-03-24T20:12:59.200+0000] {dag.py:2742} INFO - Sync 1 DAGs
[2025-03-24T20:12:59.208+0000] {logging_mixin.py:150} INFO - [2025-03-24T20:12:59.208+0000] {dag.py:2763} INFO - Creating ORM DAG for example_dynamic_task_mapping
[2025-03-24T20:12:59.214+0000] {logging_mixin.py:150} INFO - [2025-03-24T20:12:59.214+0000] {dag.py:3504} INFO - Setting next_dagrun for example_dynamic_task_mapping to 2022-03-04T00:00:00+00:00, run_after=2022-03-05T00:00:00+00:00
[2025-03-24T20:12:59.229+0000] {processor.py:179} INFO - Processing /home/vscode/.local/lib/python3.10/site-packages/airflow/example_dags/example_dynamic_task_mapping.py took 0.134 seconds
[2025-03-24T20:13:48.213+0000] {processor.py:157} INFO - Started process (PID=25609) to work on /home/vscode/.local/lib/python3.10/site-packages/airflow/example_dags/example_dynamic_task_mapping.py
[2025-03-24T20:13:48.214+0000] {processor.py:826} INFO - Processing file /home/vscode/.local/lib/python3.10/site-packages/airflow/example_dags/example_dynamic_task_mapping.py for tasks to queue
[2025-03-24T20:13:48.214+0000] {logging_mixin.py:150} INFO - [2025-03-24T20:13:48.214+0000] {dagbag.py:541} INFO - Filling up the DagBag from /home/vscode/.local/lib/python3.10/site-packages/airflow/example_dags/example_dynamic_task_mapping.py
[2025-03-24T20:13:48.219+0000] {processor.py:836} INFO - DAG(s) dict_keys(['example_dynamic_task_mapping']) retrieved from /home/vscode/.local/lib/python3.10/site-packages/airflow/example_dags/example_dynamic_task_mapping.py
[2025-03-24T20:13:48.229+0000] {logging_mixin.py:150} INFO - [2025-03-24T20:13:48.229+0000] {dag.py:2742} INFO - Sync 1 DAGs
[2025-03-24T20:13:48.243+0000] {logging_mixin.py:150} INFO - [2025-03-24T20:13:48.243+0000] {dag.py:3504} INFO - Setting next_dagrun for example_dynamic_task_mapping to 2022-03-04T00:00:00+00:00, run_after=2022-03-05T00:00:00+00:00
[2025-03-24T20:13:48.257+0000] {processor.py:179} INFO - Processing /home/vscode/.local/lib/python3.10/site-packages/airflow/example_dags/example_dynamic_task_mapping.py took 0.046 seconds
[2025-03-24T20:14:30.460+0000] {processor.py:157} INFO - Started process (PID=25895) to work on /home/vscode/.local/lib/python3.10/site-packages/airflow/example_dags/example_dynamic_task_mapping.py
[2025-03-24T20:14:30.461+0000] {processor.py:826} INFO - Processing file /home/vscode/.local/lib/python3.10/site-packages/airflow/example_dags/example_dynamic_task_mapping.py for tasks to queue
[2025-03-24T20:14:30.462+0000] {logging_mixin.py:150} INFO - [2025-03-24T20:14:30.461+0000] {dagbag.py:541} INFO - Filling up the DagBag from /home/vscode/.local/lib/python3.10/site-packages/airflow/example_dags/example_dynamic_task_mapping.py
[2025-03-24T20:14:30.467+0000] {processor.py:836} INFO - DAG(s) dict_keys(['example_dynamic_task_mapping']) retrieved from /home/vscode/.local/lib/python3.10/site-packages/airflow/example_dags/example_dynamic_task_mapping.py
[2025-03-24T20:14:30.477+0000] {logging_mixin.py:150} INFO - [2025-03-24T20:14:30.477+0000] {dag.py:2742} INFO - Sync 1 DAGs
[2025-03-24T20:14:30.491+0000] {logging_mixin.py:150} INFO - [2025-03-24T20:14:30.491+0000] {dag.py:3504} INFO - Setting next_dagrun for example_dynamic_task_mapping to 2022-03-04T00:00:00+00:00, run_after=2022-03-05T00:00:00+00:00
[2025-03-24T20:14:30.506+0000] {processor.py:179} INFO - Processing /home/vscode/.local/lib/python3.10/site-packages/airflow/example_dags/example_dynamic_task_mapping.py took 0.048 seconds
[2025-03-24T20:15:13.724+0000] {processor.py:157} INFO - Started process (PID=26199) to work on /home/vscode/.local/lib/python3.10/site-packages/airflow/example_dags/example_dynamic_task_mapping.py
[2025-03-24T20:15:13.724+0000] {processor.py:826} INFO - Processing file /home/vscode/.local/lib/python3.10/site-packages/airflow/example_dags/example_dynamic_task_mapping.py for tasks to queue
[2025-03-24T20:15:13.725+0000] {logging_mixin.py:150} INFO - [2025-03-24T20:15:13.725+0000] {dagbag.py:541} INFO - Filling up the DagBag from /home/vscode/.local/lib/python3.10/site-packages/airflow/example_dags/example_dynamic_task_mapping.py
[2025-03-24T20:15:13.730+0000] {processor.py:836} INFO - DAG(s) dict_keys(['example_dynamic_task_mapping']) retrieved from /home/vscode/.local/lib/python3.10/site-packages/airflow/example_dags/example_dynamic_task_mapping.py
[2025-03-24T20:15:13.740+0000] {logging_mixin.py:150} INFO - [2025-03-24T20:15:13.740+0000] {dag.py:2742} INFO - Sync 1 DAGs
[2025-03-24T20:15:13.754+0000] {logging_mixin.py:150} INFO - [2025-03-24T20:15:13.754+0000] {dag.py:3504} INFO - Setting next_dagrun for example_dynamic_task_mapping to 2022-03-04T00:00:00+00:00, run_after=2022-03-05T00:00:00+00:00
[2025-03-24T20:15:13.768+0000] {processor.py:179} INFO - Processing /home/vscode/.local/lib/python3.10/site-packages/airflow/example_dags/example_dynamic_task_mapping.py took 0.047 seconds
[2025-03-24T20:16:03.284+0000] {processor.py:157} INFO - Started process (PID=26526) to work on /home/vscode/.local/lib/python3.10/site-packages/airflow/example_dags/example_dynamic_task_mapping.py
[2025-03-24T20:16:03.285+0000] {processor.py:826} INFO - Processing file /home/vscode/.local/lib/python3.10/site-packages/airflow/example_dags/example_dynamic_task_mapping.py for tasks to queue
[2025-03-24T20:16:03.286+0000] {logging_mixin.py:150} INFO - [2025-03-24T20:16:03.285+0000] {dagbag.py:541} INFO - Filling up the DagBag from /home/vscode/.local/lib/python3.10/site-packages/airflow/example_dags/example_dynamic_task_mapping.py
[2025-03-24T20:16:03.291+0000] {processor.py:836} INFO - DAG(s) dict_keys(['example_dynamic_task_mapping']) retrieved from /home/vscode/.local/lib/python3.10/site-packages/airflow/example_dags/example_dynamic_task_mapping.py
[2025-03-24T20:16:03.301+0000] {logging_mixin.py:150} INFO - [2025-03-24T20:16:03.301+0000] {dag.py:2742} INFO - Sync 1 DAGs
[2025-03-24T20:16:03.315+0000] {logging_mixin.py:150} INFO - [2025-03-24T20:16:03.315+0000] {dag.py:3504} INFO - Setting next_dagrun for example_dynamic_task_mapping to 2022-03-04T00:00:00+00:00, run_after=2022-03-05T00:00:00+00:00
[2025-03-24T20:16:03.329+0000] {processor.py:179} INFO - Processing /home/vscode/.local/lib/python3.10/site-packages/airflow/example_dags/example_dynamic_task_mapping.py took 0.046 seconds
[2025-03-24T20:16:49.150+0000] {processor.py:157} INFO - Started process (PID=26840) to work on /home/vscode/.local/lib/python3.10/site-packages/airflow/example_dags/example_dynamic_task_mapping.py
[2025-03-24T20:16:49.150+0000] {processor.py:826} INFO - Processing file /home/vscode/.local/lib/python3.10/site-packages/airflow/example_dags/example_dynamic_task_mapping.py for tasks to queue
[2025-03-24T20:16:49.151+0000] {logging_mixin.py:150} INFO - [2025-03-24T20:16:49.151+0000] {dagbag.py:541} INFO - Filling up the DagBag from /home/vscode/.local/lib/python3.10/site-packages/airflow/example_dags/example_dynamic_task_mapping.py
[2025-03-24T20:16:49.156+0000] {processor.py:836} INFO - DAG(s) dict_keys(['example_dynamic_task_mapping']) retrieved from /home/vscode/.local/lib/python3.10/site-packages/airflow/example_dags/example_dynamic_task_mapping.py
[2025-03-24T20:16:49.170+0000] {logging_mixin.py:150} INFO - [2025-03-24T20:16:49.170+0000] {dag.py:2742} INFO - Sync 1 DAGs
[2025-03-24T20:16:49.191+0000] {logging_mixin.py:150} INFO - [2025-03-24T20:16:49.191+0000] {dag.py:3504} INFO - Setting next_dagrun for example_dynamic_task_mapping to 2022-03-04T00:00:00+00:00, run_after=2022-03-05T00:00:00+00:00
[2025-03-24T20:16:49.214+0000] {processor.py:179} INFO - Processing /home/vscode/.local/lib/python3.10/site-packages/airflow/example_dags/example_dynamic_task_mapping.py took 0.067 seconds
[2025-03-24T20:17:36.331+0000] {processor.py:157} INFO - Started process (PID=27145) to work on /home/vscode/.local/lib/python3.10/site-packages/airflow/example_dags/example_dynamic_task_mapping.py
[2025-03-24T20:17:36.332+0000] {processor.py:826} INFO - Processing file /home/vscode/.local/lib/python3.10/site-packages/airflow/example_dags/example_dynamic_task_mapping.py for tasks to queue
[2025-03-24T20:17:36.332+0000] {logging_mixin.py:150} INFO - [2025-03-24T20:17:36.332+0000] {dagbag.py:541} INFO - Filling up the DagBag from /home/vscode/.local/lib/python3.10/site-packages/airflow/example_dags/example_dynamic_task_mapping.py
[2025-03-24T20:17:36.339+0000] {processor.py:836} INFO - DAG(s) dict_keys(['example_dynamic_task_mapping']) retrieved from /home/vscode/.local/lib/python3.10/site-packages/airflow/example_dags/example_dynamic_task_mapping.py
[2025-03-24T20:17:36.351+0000] {logging_mixin.py:150} INFO - [2025-03-24T20:17:36.351+0000] {dag.py:2742} INFO - Sync 1 DAGs
[2025-03-24T20:17:36.366+0000] {logging_mixin.py:150} INFO - [2025-03-24T20:17:36.365+0000] {dag.py:3504} INFO - Setting next_dagrun for example_dynamic_task_mapping to 2022-03-04T00:00:00+00:00, run_after=2022-03-05T00:00:00+00:00
[2025-03-24T20:17:36.380+0000] {processor.py:179} INFO - Processing /home/vscode/.local/lib/python3.10/site-packages/airflow/example_dags/example_dynamic_task_mapping.py took 0.052 seconds
[2025-03-24T20:18:19.953+0000] {processor.py:157} INFO - Started process (PID=27437) to work on /home/vscode/.local/lib/python3.10/site-packages/airflow/example_dags/example_dynamic_task_mapping.py
[2025-03-24T20:18:19.954+0000] {processor.py:826} INFO - Processing file /home/vscode/.local/lib/python3.10/site-packages/airflow/example_dags/example_dynamic_task_mapping.py for tasks to queue
[2025-03-24T20:18:19.954+0000] {logging_mixin.py:150} INFO - [2025-03-24T20:18:19.954+0000] {dagbag.py:541} INFO - Filling up the DagBag from /home/vscode/.local/lib/python3.10/site-packages/airflow/example_dags/example_dynamic_task_mapping.py
[2025-03-24T20:18:19.959+0000] {processor.py:836} INFO - DAG(s) dict_keys(['example_dynamic_task_mapping']) retrieved from /home/vscode/.local/lib/python3.10/site-packages/airflow/example_dags/example_dynamic_task_mapping.py
[2025-03-24T20:18:19.970+0000] {logging_mixin.py:150} INFO - [2025-03-24T20:18:19.970+0000] {dag.py:2742} INFO - Sync 1 DAGs
[2025-03-24T20:18:19.984+0000] {logging_mixin.py:150} INFO - [2025-03-24T20:18:19.984+0000] {dag.py:3504} INFO - Setting next_dagrun for example_dynamic_task_mapping to 2022-03-04T00:00:00+00:00, run_after=2022-03-05T00:00:00+00:00
[2025-03-24T20:18:19.998+0000] {processor.py:179} INFO - Processing /home/vscode/.local/lib/python3.10/site-packages/airflow/example_dags/example_dynamic_task_mapping.py took 0.047 seconds
[2025-03-24T20:19:02.626+0000] {processor.py:157} INFO - Started process (PID=27722) to work on /home/vscode/.local/lib/python3.10/site-packages/airflow/example_dags/example_dynamic_task_mapping.py
[2025-03-24T20:19:02.627+0000] {processor.py:826} INFO - Processing file /home/vscode/.local/lib/python3.10/site-packages/airflow/example_dags/example_dynamic_task_mapping.py for tasks to queue
[2025-03-24T20:19:02.628+0000] {logging_mixin.py:150} INFO - [2025-03-24T20:19:02.627+0000] {dagbag.py:541} INFO - Filling up the DagBag from /home/vscode/.local/lib/python3.10/site-packages/airflow/example_dags/example_dynamic_task_mapping.py
[2025-03-24T20:19:02.633+0000] {processor.py:836} INFO - DAG(s) dict_keys(['example_dynamic_task_mapping']) retrieved from /home/vscode/.local/lib/python3.10/site-packages/airflow/example_dags/example_dynamic_task_mapping.py
[2025-03-24T20:19:02.643+0000] {logging_mixin.py:150} INFO - [2025-03-24T20:19:02.643+0000] {dag.py:2742} INFO - Sync 1 DAGs
[2025-03-24T20:19:02.656+0000] {logging_mixin.py:150} INFO - [2025-03-24T20:19:02.656+0000] {dag.py:3504} INFO - Setting next_dagrun for example_dynamic_task_mapping to 2022-03-04T00:00:00+00:00, run_after=2022-03-05T00:00:00+00:00
[2025-03-24T20:19:02.671+0000] {processor.py:179} INFO - Processing /home/vscode/.local/lib/python3.10/site-packages/airflow/example_dags/example_dynamic_task_mapping.py took 0.046 seconds
[2025-03-24T20:19:48.730+0000] {processor.py:157} INFO - Started process (PID=28050) to work on /home/vscode/.local/lib/python3.10/site-packages/airflow/example_dags/example_dynamic_task_mapping.py
[2025-03-24T20:19:48.731+0000] {processor.py:826} INFO - Processing file /home/vscode/.local/lib/python3.10/site-packages/airflow/example_dags/example_dynamic_task_mapping.py for tasks to queue
[2025-03-24T20:19:48.732+0000] {logging_mixin.py:150} INFO - [2025-03-24T20:19:48.731+0000] {dagbag.py:541} INFO - Filling up the DagBag from /home/vscode/.local/lib/python3.10/site-packages/airflow/example_dags/example_dynamic_task_mapping.py
[2025-03-24T20:19:48.740+0000] {processor.py:836} INFO - DAG(s) dict_keys(['example_dynamic_task_mapping']) retrieved from /home/vscode/.local/lib/python3.10/site-packages/airflow/example_dags/example_dynamic_task_mapping.py
[2025-03-24T20:19:48.755+0000] {logging_mixin.py:150} INFO - [2025-03-24T20:19:48.755+0000] {dag.py:2742} INFO - Sync 1 DAGs
[2025-03-24T20:19:48.770+0000] {logging_mixin.py:150} INFO - [2025-03-24T20:19:48.770+0000] {dag.py:3504} INFO - Setting next_dagrun for example_dynamic_task_mapping to 2022-03-04T00:00:00+00:00, run_after=2022-03-05T00:00:00+00:00
[2025-03-24T20:19:48.784+0000] {processor.py:179} INFO - Processing /home/vscode/.local/lib/python3.10/site-packages/airflow/example_dags/example_dynamic_task_mapping.py took 0.057 seconds
[2025-03-24T20:20:36.181+0000] {processor.py:157} INFO - Started process (PID=28391) to work on /home/vscode/.local/lib/python3.10/site-packages/airflow/example_dags/example_dynamic_task_mapping.py
[2025-03-24T20:20:36.182+0000] {processor.py:826} INFO - Processing file /home/vscode/.local/lib/python3.10/site-packages/airflow/example_dags/example_dynamic_task_mapping.py for tasks to queue
[2025-03-24T20:20:36.182+0000] {logging_mixin.py:150} INFO - [2025-03-24T20:20:36.182+0000] {dagbag.py:541} INFO - Filling up the DagBag from /home/vscode/.local/lib/python3.10/site-packages/airflow/example_dags/example_dynamic_task_mapping.py
[2025-03-24T20:20:36.188+0000] {processor.py:836} INFO - DAG(s) dict_keys(['example_dynamic_task_mapping']) retrieved from /home/vscode/.local/lib/python3.10/site-packages/airflow/example_dags/example_dynamic_task_mapping.py
[2025-03-24T20:20:36.198+0000] {logging_mixin.py:150} INFO - [2025-03-24T20:20:36.198+0000] {dag.py:2742} INFO - Sync 1 DAGs
[2025-03-24T20:20:36.212+0000] {logging_mixin.py:150} INFO - [2025-03-24T20:20:36.212+0000] {dag.py:3504} INFO - Setting next_dagrun for example_dynamic_task_mapping to 2022-03-04T00:00:00+00:00, run_after=2022-03-05T00:00:00+00:00
[2025-03-24T20:20:36.227+0000] {processor.py:179} INFO - Processing /home/vscode/.local/lib/python3.10/site-packages/airflow/example_dags/example_dynamic_task_mapping.py took 0.048 seconds
[2025-03-24T20:21:23.846+0000] {processor.py:157} INFO - Started process (PID=28766) to work on /home/vscode/.local/lib/python3.10/site-packages/airflow/example_dags/example_dynamic_task_mapping.py
[2025-03-24T20:21:23.847+0000] {processor.py:826} INFO - Processing file /home/vscode/.local/lib/python3.10/site-packages/airflow/example_dags/example_dynamic_task_mapping.py for tasks to queue
[2025-03-24T20:21:23.848+0000] {logging_mixin.py:150} INFO - [2025-03-24T20:21:23.847+0000] {dagbag.py:541} INFO - Filling up the DagBag from /home/vscode/.local/lib/python3.10/site-packages/airflow/example_dags/example_dynamic_task_mapping.py
[2025-03-24T20:21:23.853+0000] {processor.py:836} INFO - DAG(s) dict_keys(['example_dynamic_task_mapping']) retrieved from /home/vscode/.local/lib/python3.10/site-packages/airflow/example_dags/example_dynamic_task_mapping.py
[2025-03-24T20:21:23.863+0000] {logging_mixin.py:150} INFO - [2025-03-24T20:21:23.863+0000] {dag.py:2742} INFO - Sync 1 DAGs
[2025-03-24T20:21:23.877+0000] {logging_mixin.py:150} INFO - [2025-03-24T20:21:23.877+0000] {dag.py:3504} INFO - Setting next_dagrun for example_dynamic_task_mapping to 2022-03-04T00:00:00+00:00, run_after=2022-03-05T00:00:00+00:00
[2025-03-24T20:21:23.893+0000] {processor.py:179} INFO - Processing /home/vscode/.local/lib/python3.10/site-packages/airflow/example_dags/example_dynamic_task_mapping.py took 0.048 seconds
[2025-03-24T20:22:10.297+0000] {processor.py:157} INFO - Started process (PID=29095) to work on /home/vscode/.local/lib/python3.10/site-packages/airflow/example_dags/example_dynamic_task_mapping.py
[2025-03-24T20:22:10.298+0000] {processor.py:826} INFO - Processing file /home/vscode/.local/lib/python3.10/site-packages/airflow/example_dags/example_dynamic_task_mapping.py for tasks to queue
[2025-03-24T20:22:10.299+0000] {logging_mixin.py:150} INFO - [2025-03-24T20:22:10.299+0000] {dagbag.py:541} INFO - Filling up the DagBag from /home/vscode/.local/lib/python3.10/site-packages/airflow/example_dags/example_dynamic_task_mapping.py
[2025-03-24T20:22:10.306+0000] {processor.py:836} INFO - DAG(s) dict_keys(['example_dynamic_task_mapping']) retrieved from /home/vscode/.local/lib/python3.10/site-packages/airflow/example_dags/example_dynamic_task_mapping.py
[2025-03-24T20:22:10.322+0000] {logging_mixin.py:150} INFO - [2025-03-24T20:22:10.321+0000] {dag.py:2742} INFO - Sync 1 DAGs
[2025-03-24T20:22:10.350+0000] {logging_mixin.py:150} INFO - [2025-03-24T20:22:10.350+0000] {dag.py:3504} INFO - Setting next_dagrun for example_dynamic_task_mapping to 2022-03-04T00:00:00+00:00, run_after=2022-03-05T00:00:00+00:00
[2025-03-24T20:22:10.380+0000] {processor.py:179} INFO - Processing /home/vscode/.local/lib/python3.10/site-packages/airflow/example_dags/example_dynamic_task_mapping.py took 0.086 seconds
[2025-03-24T20:22:53.701+0000] {processor.py:157} INFO - Started process (PID=29433) to work on /home/vscode/.local/lib/python3.10/site-packages/airflow/example_dags/example_dynamic_task_mapping.py
[2025-03-24T20:22:53.702+0000] {processor.py:826} INFO - Processing file /home/vscode/.local/lib/python3.10/site-packages/airflow/example_dags/example_dynamic_task_mapping.py for tasks to queue
[2025-03-24T20:22:53.702+0000] {logging_mixin.py:150} INFO - [2025-03-24T20:22:53.702+0000] {dagbag.py:541} INFO - Filling up the DagBag from /home/vscode/.local/lib/python3.10/site-packages/airflow/example_dags/example_dynamic_task_mapping.py
[2025-03-24T20:22:53.707+0000] {processor.py:836} INFO - DAG(s) dict_keys(['example_dynamic_task_mapping']) retrieved from /home/vscode/.local/lib/python3.10/site-packages/airflow/example_dags/example_dynamic_task_mapping.py
[2025-03-24T20:22:53.719+0000] {logging_mixin.py:150} INFO - [2025-03-24T20:22:53.719+0000] {dag.py:2742} INFO - Sync 1 DAGs
[2025-03-24T20:22:53.739+0000] {logging_mixin.py:150} INFO - [2025-03-24T20:22:53.739+0000] {dag.py:3504} INFO - Setting next_dagrun for example_dynamic_task_mapping to 2022-03-04T00:00:00+00:00, run_after=2022-03-05T00:00:00+00:00
[2025-03-24T20:22:53.760+0000] {processor.py:179} INFO - Processing /home/vscode/.local/lib/python3.10/site-packages/airflow/example_dags/example_dynamic_task_mapping.py took 0.061 seconds
[2025-03-24T20:23:40.132+0000] {processor.py:157} INFO - Started process (PID=29818) to work on /home/vscode/.local/lib/python3.10/site-packages/airflow/example_dags/example_dynamic_task_mapping.py
[2025-03-24T20:23:40.133+0000] {processor.py:826} INFO - Processing file /home/vscode/.local/lib/python3.10/site-packages/airflow/example_dags/example_dynamic_task_mapping.py for tasks to queue
[2025-03-24T20:23:40.134+0000] {logging_mixin.py:150} INFO - [2025-03-24T20:23:40.133+0000] {dagbag.py:541} INFO - Filling up the DagBag from /home/vscode/.local/lib/python3.10/site-packages/airflow/example_dags/example_dynamic_task_mapping.py
[2025-03-24T20:23:40.141+0000] {processor.py:836} INFO - DAG(s) dict_keys(['example_dynamic_task_mapping']) retrieved from /home/vscode/.local/lib/python3.10/site-packages/airflow/example_dags/example_dynamic_task_mapping.py
[2025-03-24T20:23:40.154+0000] {logging_mixin.py:150} INFO - [2025-03-24T20:23:40.154+0000] {dag.py:2742} INFO - Sync 1 DAGs
[2025-03-24T20:23:40.168+0000] {logging_mixin.py:150} INFO - [2025-03-24T20:23:40.167+0000] {dag.py:3504} INFO - Setting next_dagrun for example_dynamic_task_mapping to 2022-03-04T00:00:00+00:00, run_after=2022-03-05T00:00:00+00:00
[2025-03-24T20:23:40.183+0000] {processor.py:179} INFO - Processing /home/vscode/.local/lib/python3.10/site-packages/airflow/example_dags/example_dynamic_task_mapping.py took 0.054 seconds
[2025-03-24T20:24:23.863+0000] {processor.py:157} INFO - Started process (PID=30155) to work on /home/vscode/.local/lib/python3.10/site-packages/airflow/example_dags/example_dynamic_task_mapping.py
[2025-03-24T20:24:23.863+0000] {processor.py:826} INFO - Processing file /home/vscode/.local/lib/python3.10/site-packages/airflow/example_dags/example_dynamic_task_mapping.py for tasks to queue
[2025-03-24T20:24:23.864+0000] {logging_mixin.py:150} INFO - [2025-03-24T20:24:23.864+0000] {dagbag.py:541} INFO - Filling up the DagBag from /home/vscode/.local/lib/python3.10/site-packages/airflow/example_dags/example_dynamic_task_mapping.py
[2025-03-24T20:24:23.869+0000] {processor.py:836} INFO - DAG(s) dict_keys(['example_dynamic_task_mapping']) retrieved from /home/vscode/.local/lib/python3.10/site-packages/airflow/example_dags/example_dynamic_task_mapping.py
[2025-03-24T20:24:23.880+0000] {logging_mixin.py:150} INFO - [2025-03-24T20:24:23.880+0000] {dag.py:2742} INFO - Sync 1 DAGs
[2025-03-24T20:24:23.894+0000] {logging_mixin.py:150} INFO - [2025-03-24T20:24:23.894+0000] {dag.py:3504} INFO - Setting next_dagrun for example_dynamic_task_mapping to 2022-03-04T00:00:00+00:00, run_after=2022-03-05T00:00:00+00:00
[2025-03-24T20:24:23.909+0000] {processor.py:179} INFO - Processing /home/vscode/.local/lib/python3.10/site-packages/airflow/example_dags/example_dynamic_task_mapping.py took 0.048 seconds
[2025-03-24T20:25:07.285+0000] {processor.py:157} INFO - Started process (PID=30471) to work on /home/vscode/.local/lib/python3.10/site-packages/airflow/example_dags/example_dynamic_task_mapping.py
[2025-03-24T20:25:07.285+0000] {processor.py:826} INFO - Processing file /home/vscode/.local/lib/python3.10/site-packages/airflow/example_dags/example_dynamic_task_mapping.py for tasks to queue
[2025-03-24T20:25:07.286+0000] {logging_mixin.py:150} INFO - [2025-03-24T20:25:07.286+0000] {dagbag.py:541} INFO - Filling up the DagBag from /home/vscode/.local/lib/python3.10/site-packages/airflow/example_dags/example_dynamic_task_mapping.py
[2025-03-24T20:25:07.291+0000] {processor.py:836} INFO - DAG(s) dict_keys(['example_dynamic_task_mapping']) retrieved from /home/vscode/.local/lib/python3.10/site-packages/airflow/example_dags/example_dynamic_task_mapping.py
[2025-03-24T20:25:07.302+0000] {logging_mixin.py:150} INFO - [2025-03-24T20:25:07.302+0000] {dag.py:2742} INFO - Sync 1 DAGs
[2025-03-24T20:25:07.316+0000] {logging_mixin.py:150} INFO - [2025-03-24T20:25:07.316+0000] {dag.py:3504} INFO - Setting next_dagrun for example_dynamic_task_mapping to 2022-03-04T00:00:00+00:00, run_after=2022-03-05T00:00:00+00:00
[2025-03-24T20:25:07.331+0000] {processor.py:179} INFO - Processing /home/vscode/.local/lib/python3.10/site-packages/airflow/example_dags/example_dynamic_task_mapping.py took 0.049 seconds
[2025-03-24T20:25:50.703+0000] {processor.py:157} INFO - Started process (PID=30802) to work on /home/vscode/.local/lib/python3.10/site-packages/airflow/example_dags/example_dynamic_task_mapping.py
[2025-03-24T20:25:50.704+0000] {processor.py:826} INFO - Processing file /home/vscode/.local/lib/python3.10/site-packages/airflow/example_dags/example_dynamic_task_mapping.py for tasks to queue
[2025-03-24T20:25:50.704+0000] {logging_mixin.py:150} INFO - [2025-03-24T20:25:50.704+0000] {dagbag.py:541} INFO - Filling up the DagBag from /home/vscode/.local/lib/python3.10/site-packages/airflow/example_dags/example_dynamic_task_mapping.py
[2025-03-24T20:25:50.709+0000] {processor.py:836} INFO - DAG(s) dict_keys(['example_dynamic_task_mapping']) retrieved from /home/vscode/.local/lib/python3.10/site-packages/airflow/example_dags/example_dynamic_task_mapping.py
[2025-03-24T20:25:50.720+0000] {logging_mixin.py:150} INFO - [2025-03-24T20:25:50.720+0000] {dag.py:2742} INFO - Sync 1 DAGs
[2025-03-24T20:25:50.734+0000] {logging_mixin.py:150} INFO - [2025-03-24T20:25:50.734+0000] {dag.py:3504} INFO - Setting next_dagrun for example_dynamic_task_mapping to 2022-03-04T00:00:00+00:00, run_after=2022-03-05T00:00:00+00:00
[2025-03-24T20:25:50.749+0000] {processor.py:179} INFO - Processing /home/vscode/.local/lib/python3.10/site-packages/airflow/example_dags/example_dynamic_task_mapping.py took 0.048 seconds
[2025-03-24T20:26:36.973+0000] {processor.py:157} INFO - Started process (PID=31186) to work on /home/vscode/.local/lib/python3.10/site-packages/airflow/example_dags/example_dynamic_task_mapping.py
[2025-03-24T20:26:36.974+0000] {processor.py:826} INFO - Processing file /home/vscode/.local/lib/python3.10/site-packages/airflow/example_dags/example_dynamic_task_mapping.py for tasks to queue
[2025-03-24T20:26:36.974+0000] {logging_mixin.py:150} INFO - [2025-03-24T20:26:36.974+0000] {dagbag.py:541} INFO - Filling up the DagBag from /home/vscode/.local/lib/python3.10/site-packages/airflow/example_dags/example_dynamic_task_mapping.py
[2025-03-24T20:26:36.979+0000] {processor.py:836} INFO - DAG(s) dict_keys(['example_dynamic_task_mapping']) retrieved from /home/vscode/.local/lib/python3.10/site-packages/airflow/example_dags/example_dynamic_task_mapping.py
[2025-03-24T20:26:36.991+0000] {logging_mixin.py:150} INFO - [2025-03-24T20:26:36.990+0000] {dag.py:2742} INFO - Sync 1 DAGs
[2025-03-24T20:26:37.005+0000] {logging_mixin.py:150} INFO - [2025-03-24T20:26:37.005+0000] {dag.py:3504} INFO - Setting next_dagrun for example_dynamic_task_mapping to 2022-03-04T00:00:00+00:00, run_after=2022-03-05T00:00:00+00:00
[2025-03-24T20:26:37.020+0000] {processor.py:179} INFO - Processing /home/vscode/.local/lib/python3.10/site-packages/airflow/example_dags/example_dynamic_task_mapping.py took 0.049 seconds
[2025-03-24T20:27:21.393+0000] {processor.py:157} INFO - Started process (PID=31565) to work on /home/vscode/.local/lib/python3.10/site-packages/airflow/example_dags/example_dynamic_task_mapping.py
[2025-03-24T20:27:21.393+0000] {processor.py:826} INFO - Processing file /home/vscode/.local/lib/python3.10/site-packages/airflow/example_dags/example_dynamic_task_mapping.py for tasks to queue
[2025-03-24T20:27:21.394+0000] {logging_mixin.py:150} INFO - [2025-03-24T20:27:21.394+0000] {dagbag.py:541} INFO - Filling up the DagBag from /home/vscode/.local/lib/python3.10/site-packages/airflow/example_dags/example_dynamic_task_mapping.py
[2025-03-24T20:27:21.401+0000] {processor.py:836} INFO - DAG(s) dict_keys(['example_dynamic_task_mapping']) retrieved from /home/vscode/.local/lib/python3.10/site-packages/airflow/example_dags/example_dynamic_task_mapping.py
[2025-03-24T20:27:21.429+0000] {logging_mixin.py:150} INFO - [2025-03-24T20:27:21.429+0000] {dag.py:2742} INFO - Sync 1 DAGs
[2025-03-24T20:27:21.449+0000] {logging_mixin.py:150} INFO - [2025-03-24T20:27:21.449+0000] {dag.py:3504} INFO - Setting next_dagrun for example_dynamic_task_mapping to 2022-03-04T00:00:00+00:00, run_after=2022-03-05T00:00:00+00:00
[2025-03-24T20:27:21.466+0000] {processor.py:179} INFO - Processing /home/vscode/.local/lib/python3.10/site-packages/airflow/example_dags/example_dynamic_task_mapping.py took 0.076 seconds
[2025-03-24T20:28:05.877+0000] {processor.py:157} INFO - Started process (PID=31939) to work on /home/vscode/.local/lib/python3.10/site-packages/airflow/example_dags/example_dynamic_task_mapping.py
[2025-03-24T20:28:05.878+0000] {processor.py:826} INFO - Processing file /home/vscode/.local/lib/python3.10/site-packages/airflow/example_dags/example_dynamic_task_mapping.py for tasks to queue
[2025-03-24T20:28:05.878+0000] {logging_mixin.py:150} INFO - [2025-03-24T20:28:05.878+0000] {dagbag.py:541} INFO - Filling up the DagBag from /home/vscode/.local/lib/python3.10/site-packages/airflow/example_dags/example_dynamic_task_mapping.py
[2025-03-24T20:28:05.884+0000] {processor.py:836} INFO - DAG(s) dict_keys(['example_dynamic_task_mapping']) retrieved from /home/vscode/.local/lib/python3.10/site-packages/airflow/example_dags/example_dynamic_task_mapping.py
[2025-03-24T20:28:05.894+0000] {logging_mixin.py:150} INFO - [2025-03-24T20:28:05.894+0000] {dag.py:2742} INFO - Sync 1 DAGs
[2025-03-24T20:28:05.908+0000] {logging_mixin.py:150} INFO - [2025-03-24T20:28:05.908+0000] {dag.py:3504} INFO - Setting next_dagrun for example_dynamic_task_mapping to 2022-03-04T00:00:00+00:00, run_after=2022-03-05T00:00:00+00:00
[2025-03-24T20:28:05.922+0000] {processor.py:179} INFO - Processing /home/vscode/.local/lib/python3.10/site-packages/airflow/example_dags/example_dynamic_task_mapping.py took 0.047 seconds
[2025-03-24T20:28:50.449+0000] {processor.py:157} INFO - Started process (PID=32272) to work on /home/vscode/.local/lib/python3.10/site-packages/airflow/example_dags/example_dynamic_task_mapping.py
[2025-03-24T20:28:50.449+0000] {processor.py:826} INFO - Processing file /home/vscode/.local/lib/python3.10/site-packages/airflow/example_dags/example_dynamic_task_mapping.py for tasks to queue
[2025-03-24T20:28:50.450+0000] {logging_mixin.py:150} INFO - [2025-03-24T20:28:50.450+0000] {dagbag.py:541} INFO - Filling up the DagBag from /home/vscode/.local/lib/python3.10/site-packages/airflow/example_dags/example_dynamic_task_mapping.py
[2025-03-24T20:28:50.455+0000] {processor.py:836} INFO - DAG(s) dict_keys(['example_dynamic_task_mapping']) retrieved from /home/vscode/.local/lib/python3.10/site-packages/airflow/example_dags/example_dynamic_task_mapping.py
[2025-03-24T20:28:50.465+0000] {logging_mixin.py:150} INFO - [2025-03-24T20:28:50.465+0000] {dag.py:2742} INFO - Sync 1 DAGs
[2025-03-24T20:28:50.479+0000] {logging_mixin.py:150} INFO - [2025-03-24T20:28:50.479+0000] {dag.py:3504} INFO - Setting next_dagrun for example_dynamic_task_mapping to 2022-03-04T00:00:00+00:00, run_after=2022-03-05T00:00:00+00:00
[2025-03-24T20:28:50.494+0000] {processor.py:179} INFO - Processing /home/vscode/.local/lib/python3.10/site-packages/airflow/example_dags/example_dynamic_task_mapping.py took 0.048 seconds
[2025-03-24T20:29:36.072+0000] {processor.py:157} INFO - Started process (PID=32579) to work on /home/vscode/.local/lib/python3.10/site-packages/airflow/example_dags/example_dynamic_task_mapping.py
[2025-03-24T20:29:36.073+0000] {processor.py:826} INFO - Processing file /home/vscode/.local/lib/python3.10/site-packages/airflow/example_dags/example_dynamic_task_mapping.py for tasks to queue
[2025-03-24T20:29:36.074+0000] {logging_mixin.py:150} INFO - [2025-03-24T20:29:36.073+0000] {dagbag.py:541} INFO - Filling up the DagBag from /home/vscode/.local/lib/python3.10/site-packages/airflow/example_dags/example_dynamic_task_mapping.py
[2025-03-24T20:29:36.079+0000] {processor.py:836} INFO - DAG(s) dict_keys(['example_dynamic_task_mapping']) retrieved from /home/vscode/.local/lib/python3.10/site-packages/airflow/example_dags/example_dynamic_task_mapping.py
[2025-03-24T20:29:36.089+0000] {logging_mixin.py:150} INFO - [2025-03-24T20:29:36.089+0000] {dag.py:2742} INFO - Sync 1 DAGs
[2025-03-24T20:29:36.103+0000] {logging_mixin.py:150} INFO - [2025-03-24T20:29:36.103+0000] {dag.py:3504} INFO - Setting next_dagrun for example_dynamic_task_mapping to 2022-03-04T00:00:00+00:00, run_after=2022-03-05T00:00:00+00:00
[2025-03-24T20:29:36.118+0000] {processor.py:179} INFO - Processing /home/vscode/.local/lib/python3.10/site-packages/airflow/example_dags/example_dynamic_task_mapping.py took 0.048 seconds
[2025-03-24T20:30:19.365+0000] {processor.py:157} INFO - Started process (PID=32881) to work on /home/vscode/.local/lib/python3.10/site-packages/airflow/example_dags/example_dynamic_task_mapping.py
[2025-03-24T20:30:19.365+0000] {processor.py:826} INFO - Processing file /home/vscode/.local/lib/python3.10/site-packages/airflow/example_dags/example_dynamic_task_mapping.py for tasks to queue
[2025-03-24T20:30:19.366+0000] {logging_mixin.py:150} INFO - [2025-03-24T20:30:19.366+0000] {dagbag.py:541} INFO - Filling up the DagBag from /home/vscode/.local/lib/python3.10/site-packages/airflow/example_dags/example_dynamic_task_mapping.py
[2025-03-24T20:30:19.371+0000] {processor.py:836} INFO - DAG(s) dict_keys(['example_dynamic_task_mapping']) retrieved from /home/vscode/.local/lib/python3.10/site-packages/airflow/example_dags/example_dynamic_task_mapping.py
[2025-03-24T20:30:19.381+0000] {logging_mixin.py:150} INFO - [2025-03-24T20:30:19.381+0000] {dag.py:2742} INFO - Sync 1 DAGs
[2025-03-24T20:30:19.395+0000] {logging_mixin.py:150} INFO - [2025-03-24T20:30:19.395+0000] {dag.py:3504} INFO - Setting next_dagrun for example_dynamic_task_mapping to 2022-03-04T00:00:00+00:00, run_after=2022-03-05T00:00:00+00:00
[2025-03-24T20:30:19.408+0000] {processor.py:179} INFO - Processing /home/vscode/.local/lib/python3.10/site-packages/airflow/example_dags/example_dynamic_task_mapping.py took 0.046 seconds
[2025-03-24T20:31:02.124+0000] {processor.py:157} INFO - Started process (PID=33168) to work on /home/vscode/.local/lib/python3.10/site-packages/airflow/example_dags/example_dynamic_task_mapping.py
[2025-03-24T20:31:02.125+0000] {processor.py:826} INFO - Processing file /home/vscode/.local/lib/python3.10/site-packages/airflow/example_dags/example_dynamic_task_mapping.py for tasks to queue
[2025-03-24T20:31:02.125+0000] {logging_mixin.py:150} INFO - [2025-03-24T20:31:02.125+0000] {dagbag.py:541} INFO - Filling up the DagBag from /home/vscode/.local/lib/python3.10/site-packages/airflow/example_dags/example_dynamic_task_mapping.py
[2025-03-24T20:31:02.131+0000] {processor.py:836} INFO - DAG(s) dict_keys(['example_dynamic_task_mapping']) retrieved from /home/vscode/.local/lib/python3.10/site-packages/airflow/example_dags/example_dynamic_task_mapping.py
[2025-03-24T20:31:02.142+0000] {logging_mixin.py:150} INFO - [2025-03-24T20:31:02.142+0000] {dag.py:2742} INFO - Sync 1 DAGs
[2025-03-24T20:31:02.156+0000] {logging_mixin.py:150} INFO - [2025-03-24T20:31:02.156+0000] {dag.py:3504} INFO - Setting next_dagrun for example_dynamic_task_mapping to 2022-03-04T00:00:00+00:00, run_after=2022-03-05T00:00:00+00:00
[2025-03-24T20:31:02.171+0000] {processor.py:179} INFO - Processing /home/vscode/.local/lib/python3.10/site-packages/airflow/example_dags/example_dynamic_task_mapping.py took 0.049 seconds
[2025-03-24T20:31:45.410+0000] {processor.py:157} INFO - Started process (PID=33466) to work on /home/vscode/.local/lib/python3.10/site-packages/airflow/example_dags/example_dynamic_task_mapping.py
[2025-03-24T20:31:45.410+0000] {processor.py:826} INFO - Processing file /home/vscode/.local/lib/python3.10/site-packages/airflow/example_dags/example_dynamic_task_mapping.py for tasks to queue
[2025-03-24T20:31:45.411+0000] {logging_mixin.py:150} INFO - [2025-03-24T20:31:45.411+0000] {dagbag.py:541} INFO - Filling up the DagBag from /home/vscode/.local/lib/python3.10/site-packages/airflow/example_dags/example_dynamic_task_mapping.py
[2025-03-24T20:31:45.416+0000] {processor.py:836} INFO - DAG(s) dict_keys(['example_dynamic_task_mapping']) retrieved from /home/vscode/.local/lib/python3.10/site-packages/airflow/example_dags/example_dynamic_task_mapping.py
[2025-03-24T20:31:45.427+0000] {logging_mixin.py:150} INFO - [2025-03-24T20:31:45.427+0000] {dag.py:2742} INFO - Sync 1 DAGs
[2025-03-24T20:31:45.440+0000] {logging_mixin.py:150} INFO - [2025-03-24T20:31:45.440+0000] {dag.py:3504} INFO - Setting next_dagrun for example_dynamic_task_mapping to 2022-03-04T00:00:00+00:00, run_after=2022-03-05T00:00:00+00:00
[2025-03-24T20:31:45.455+0000] {processor.py:179} INFO - Processing /home/vscode/.local/lib/python3.10/site-packages/airflow/example_dags/example_dynamic_task_mapping.py took 0.048 seconds
[2025-03-24T20:32:26.707+0000] {processor.py:157} INFO - Started process (PID=33743) to work on /home/vscode/.local/lib/python3.10/site-packages/airflow/example_dags/example_dynamic_task_mapping.py
[2025-03-24T20:32:26.707+0000] {processor.py:826} INFO - Processing file /home/vscode/.local/lib/python3.10/site-packages/airflow/example_dags/example_dynamic_task_mapping.py for tasks to queue
[2025-03-24T20:32:26.708+0000] {logging_mixin.py:150} INFO - [2025-03-24T20:32:26.708+0000] {dagbag.py:541} INFO - Filling up the DagBag from /home/vscode/.local/lib/python3.10/site-packages/airflow/example_dags/example_dynamic_task_mapping.py
[2025-03-24T20:32:26.715+0000] {processor.py:836} INFO - DAG(s) dict_keys(['example_dynamic_task_mapping']) retrieved from /home/vscode/.local/lib/python3.10/site-packages/airflow/example_dags/example_dynamic_task_mapping.py
[2025-03-24T20:32:26.730+0000] {logging_mixin.py:150} INFO - [2025-03-24T20:32:26.729+0000] {dag.py:2742} INFO - Sync 1 DAGs
[2025-03-24T20:32:26.750+0000] {logging_mixin.py:150} INFO - [2025-03-24T20:32:26.750+0000] {dag.py:3504} INFO - Setting next_dagrun for example_dynamic_task_mapping to 2022-03-04T00:00:00+00:00, run_after=2022-03-05T00:00:00+00:00
[2025-03-24T20:32:26.790+0000] {processor.py:179} INFO - Processing /home/vscode/.local/lib/python3.10/site-packages/airflow/example_dags/example_dynamic_task_mapping.py took 0.086 seconds
[2025-03-24T20:33:14.340+0000] {processor.py:157} INFO - Started process (PID=34143) to work on /home/vscode/.local/lib/python3.10/site-packages/airflow/example_dags/example_dynamic_task_mapping.py
[2025-03-24T20:33:14.341+0000] {processor.py:826} INFO - Processing file /home/vscode/.local/lib/python3.10/site-packages/airflow/example_dags/example_dynamic_task_mapping.py for tasks to queue
[2025-03-24T20:33:14.341+0000] {logging_mixin.py:150} INFO - [2025-03-24T20:33:14.341+0000] {dagbag.py:541} INFO - Filling up the DagBag from /home/vscode/.local/lib/python3.10/site-packages/airflow/example_dags/example_dynamic_task_mapping.py
[2025-03-24T20:33:14.346+0000] {processor.py:836} INFO - DAG(s) dict_keys(['example_dynamic_task_mapping']) retrieved from /home/vscode/.local/lib/python3.10/site-packages/airflow/example_dags/example_dynamic_task_mapping.py
[2025-03-24T20:33:14.357+0000] {logging_mixin.py:150} INFO - [2025-03-24T20:33:14.357+0000] {dag.py:2742} INFO - Sync 1 DAGs
[2025-03-24T20:33:14.371+0000] {logging_mixin.py:150} INFO - [2025-03-24T20:33:14.371+0000] {dag.py:3504} INFO - Setting next_dagrun for example_dynamic_task_mapping to 2022-03-04T00:00:00+00:00, run_after=2022-03-05T00:00:00+00:00
[2025-03-24T20:33:14.388+0000] {processor.py:179} INFO - Processing /home/vscode/.local/lib/python3.10/site-packages/airflow/example_dags/example_dynamic_task_mapping.py took 0.050 seconds
[2025-03-24T20:34:01.222+0000] {processor.py:157} INFO - Started process (PID=34475) to work on /home/vscode/.local/lib/python3.10/site-packages/airflow/example_dags/example_dynamic_task_mapping.py
[2025-03-24T20:34:01.223+0000] {processor.py:826} INFO - Processing file /home/vscode/.local/lib/python3.10/site-packages/airflow/example_dags/example_dynamic_task_mapping.py for tasks to queue
[2025-03-24T20:34:01.224+0000] {logging_mixin.py:150} INFO - [2025-03-24T20:34:01.223+0000] {dagbag.py:541} INFO - Filling up the DagBag from /home/vscode/.local/lib/python3.10/site-packages/airflow/example_dags/example_dynamic_task_mapping.py
[2025-03-24T20:34:01.229+0000] {processor.py:836} INFO - DAG(s) dict_keys(['example_dynamic_task_mapping']) retrieved from /home/vscode/.local/lib/python3.10/site-packages/airflow/example_dags/example_dynamic_task_mapping.py
[2025-03-24T20:34:01.240+0000] {logging_mixin.py:150} INFO - [2025-03-24T20:34:01.240+0000] {dag.py:2742} INFO - Sync 1 DAGs
[2025-03-24T20:34:01.254+0000] {logging_mixin.py:150} INFO - [2025-03-24T20:34:01.254+0000] {dag.py:3504} INFO - Setting next_dagrun for example_dynamic_task_mapping to 2022-03-04T00:00:00+00:00, run_after=2022-03-05T00:00:00+00:00
[2025-03-24T20:34:01.269+0000] {processor.py:179} INFO - Processing /home/vscode/.local/lib/python3.10/site-packages/airflow/example_dags/example_dynamic_task_mapping.py took 0.049 seconds
[2025-03-24T20:34:46.619+0000] {processor.py:157} INFO - Started process (PID=34776) to work on /home/vscode/.local/lib/python3.10/site-packages/airflow/example_dags/example_dynamic_task_mapping.py
[2025-03-24T20:34:46.619+0000] {processor.py:826} INFO - Processing file /home/vscode/.local/lib/python3.10/site-packages/airflow/example_dags/example_dynamic_task_mapping.py for tasks to queue
[2025-03-24T20:34:46.620+0000] {logging_mixin.py:150} INFO - [2025-03-24T20:34:46.620+0000] {dagbag.py:541} INFO - Filling up the DagBag from /home/vscode/.local/lib/python3.10/site-packages/airflow/example_dags/example_dynamic_task_mapping.py
[2025-03-24T20:34:46.625+0000] {processor.py:836} INFO - DAG(s) dict_keys(['example_dynamic_task_mapping']) retrieved from /home/vscode/.local/lib/python3.10/site-packages/airflow/example_dags/example_dynamic_task_mapping.py
[2025-03-24T20:34:46.635+0000] {logging_mixin.py:150} INFO - [2025-03-24T20:34:46.635+0000] {dag.py:2742} INFO - Sync 1 DAGs
[2025-03-24T20:34:46.650+0000] {logging_mixin.py:150} INFO - [2025-03-24T20:34:46.650+0000] {dag.py:3504} INFO - Setting next_dagrun for example_dynamic_task_mapping to 2022-03-04T00:00:00+00:00, run_after=2022-03-05T00:00:00+00:00
[2025-03-24T20:34:46.665+0000] {processor.py:179} INFO - Processing /home/vscode/.local/lib/python3.10/site-packages/airflow/example_dags/example_dynamic_task_mapping.py took 0.048 seconds
[2025-03-24T20:35:31.909+0000] {processor.py:157} INFO - Started process (PID=35083) to work on /home/vscode/.local/lib/python3.10/site-packages/airflow/example_dags/example_dynamic_task_mapping.py
[2025-03-24T20:35:31.910+0000] {processor.py:826} INFO - Processing file /home/vscode/.local/lib/python3.10/site-packages/airflow/example_dags/example_dynamic_task_mapping.py for tasks to queue
[2025-03-24T20:35:31.910+0000] {logging_mixin.py:150} INFO - [2025-03-24T20:35:31.910+0000] {dagbag.py:541} INFO - Filling up the DagBag from /home/vscode/.local/lib/python3.10/site-packages/airflow/example_dags/example_dynamic_task_mapping.py
[2025-03-24T20:35:31.916+0000] {processor.py:836} INFO - DAG(s) dict_keys(['example_dynamic_task_mapping']) retrieved from /home/vscode/.local/lib/python3.10/site-packages/airflow/example_dags/example_dynamic_task_mapping.py
[2025-03-24T20:35:31.926+0000] {logging_mixin.py:150} INFO - [2025-03-24T20:35:31.926+0000] {dag.py:2742} INFO - Sync 1 DAGs
[2025-03-24T20:35:31.940+0000] {logging_mixin.py:150} INFO - [2025-03-24T20:35:31.940+0000] {dag.py:3504} INFO - Setting next_dagrun for example_dynamic_task_mapping to 2022-03-04T00:00:00+00:00, run_after=2022-03-05T00:00:00+00:00
[2025-03-24T20:35:31.954+0000] {processor.py:179} INFO - Processing /home/vscode/.local/lib/python3.10/site-packages/airflow/example_dags/example_dynamic_task_mapping.py took 0.047 seconds
[2025-03-24T20:36:15.245+0000] {processor.py:157} INFO - Started process (PID=35369) to work on /home/vscode/.local/lib/python3.10/site-packages/airflow/example_dags/example_dynamic_task_mapping.py
[2025-03-24T20:36:15.245+0000] {processor.py:826} INFO - Processing file /home/vscode/.local/lib/python3.10/site-packages/airflow/example_dags/example_dynamic_task_mapping.py for tasks to queue
[2025-03-24T20:36:15.246+0000] {logging_mixin.py:150} INFO - [2025-03-24T20:36:15.246+0000] {dagbag.py:541} INFO - Filling up the DagBag from /home/vscode/.local/lib/python3.10/site-packages/airflow/example_dags/example_dynamic_task_mapping.py
[2025-03-24T20:36:15.252+0000] {processor.py:836} INFO - DAG(s) dict_keys(['example_dynamic_task_mapping']) retrieved from /home/vscode/.local/lib/python3.10/site-packages/airflow/example_dags/example_dynamic_task_mapping.py
[2025-03-24T20:36:15.262+0000] {logging_mixin.py:150} INFO - [2025-03-24T20:36:15.262+0000] {dag.py:2742} INFO - Sync 1 DAGs
[2025-03-24T20:36:15.276+0000] {logging_mixin.py:150} INFO - [2025-03-24T20:36:15.276+0000] {dag.py:3504} INFO - Setting next_dagrun for example_dynamic_task_mapping to 2022-03-04T00:00:00+00:00, run_after=2022-03-05T00:00:00+00:00
[2025-03-24T20:36:15.291+0000] {processor.py:179} INFO - Processing /home/vscode/.local/lib/python3.10/site-packages/airflow/example_dags/example_dynamic_task_mapping.py took 0.049 seconds
[2025-03-24T20:37:02.960+0000] {processor.py:157} INFO - Started process (PID=35730) to work on /home/vscode/.local/lib/python3.10/site-packages/airflow/example_dags/example_dynamic_task_mapping.py
[2025-03-24T20:37:02.960+0000] {processor.py:826} INFO - Processing file /home/vscode/.local/lib/python3.10/site-packages/airflow/example_dags/example_dynamic_task_mapping.py for tasks to queue
[2025-03-24T20:37:02.961+0000] {logging_mixin.py:150} INFO - [2025-03-24T20:37:02.961+0000] {dagbag.py:541} INFO - Filling up the DagBag from /home/vscode/.local/lib/python3.10/site-packages/airflow/example_dags/example_dynamic_task_mapping.py
[2025-03-24T20:37:02.966+0000] {processor.py:836} INFO - DAG(s) dict_keys(['example_dynamic_task_mapping']) retrieved from /home/vscode/.local/lib/python3.10/site-packages/airflow/example_dags/example_dynamic_task_mapping.py
[2025-03-24T20:37:02.977+0000] {logging_mixin.py:150} INFO - [2025-03-24T20:37:02.977+0000] {dag.py:2742} INFO - Sync 1 DAGs
[2025-03-24T20:37:02.991+0000] {logging_mixin.py:150} INFO - [2025-03-24T20:37:02.991+0000] {dag.py:3504} INFO - Setting next_dagrun for example_dynamic_task_mapping to 2022-03-04T00:00:00+00:00, run_after=2022-03-05T00:00:00+00:00
[2025-03-24T20:37:03.005+0000] {processor.py:179} INFO - Processing /home/vscode/.local/lib/python3.10/site-packages/airflow/example_dags/example_dynamic_task_mapping.py took 0.048 seconds
[2025-03-24T20:37:46.707+0000] {processor.py:157} INFO - Started process (PID=36033) to work on /home/vscode/.local/lib/python3.10/site-packages/airflow/example_dags/example_dynamic_task_mapping.py
[2025-03-24T20:37:46.708+0000] {processor.py:826} INFO - Processing file /home/vscode/.local/lib/python3.10/site-packages/airflow/example_dags/example_dynamic_task_mapping.py for tasks to queue
[2025-03-24T20:37:46.709+0000] {logging_mixin.py:150} INFO - [2025-03-24T20:37:46.708+0000] {dagbag.py:541} INFO - Filling up the DagBag from /home/vscode/.local/lib/python3.10/site-packages/airflow/example_dags/example_dynamic_task_mapping.py
[2025-03-24T20:37:46.714+0000] {processor.py:836} INFO - DAG(s) dict_keys(['example_dynamic_task_mapping']) retrieved from /home/vscode/.local/lib/python3.10/site-packages/airflow/example_dags/example_dynamic_task_mapping.py
[2025-03-24T20:37:46.724+0000] {logging_mixin.py:150} INFO - [2025-03-24T20:37:46.724+0000] {dag.py:2742} INFO - Sync 1 DAGs
[2025-03-24T20:37:46.739+0000] {logging_mixin.py:150} INFO - [2025-03-24T20:37:46.739+0000] {dag.py:3504} INFO - Setting next_dagrun for example_dynamic_task_mapping to 2022-03-04T00:00:00+00:00, run_after=2022-03-05T00:00:00+00:00
[2025-03-24T20:37:46.760+0000] {processor.py:179} INFO - Processing /home/vscode/.local/lib/python3.10/site-packages/airflow/example_dags/example_dynamic_task_mapping.py took 0.054 seconds
