[2025-03-24T20:12:47.674+0000] {processor.py:157} INFO - Started process (PID=25167) to work on /home/vscode/.local/lib/python3.10/site-packages/airflow/example_dags/example_latest_only_with_trigger.py
[2025-03-24T20:12:47.674+0000] {processor.py:826} INFO - Processing file /home/vscode/.local/lib/python3.10/site-packages/airflow/example_dags/example_latest_only_with_trigger.py for tasks to queue
[2025-03-24T20:12:47.675+0000] {logging_mixin.py:150} INFO - [2025-03-24T20:12:47.675+0000] {dagbag.py:541} INFO - Filling up the DagBag from /home/vscode/.local/lib/python3.10/site-packages/airflow/example_dags/example_latest_only_with_trigger.py
[2025-03-24T20:12:47.680+0000] {processor.py:836} INFO - DAG(s) dict_keys(['latest_only_with_trigger']) retrieved from /home/vscode/.local/lib/python3.10/site-packages/airflow/example_dags/example_latest_only_with_trigger.py
[2025-03-24T20:12:47.755+0000] {logging_mixin.py:150} INFO - [2025-03-24T20:12:47.755+0000] {manager.py:504} INFO - Created Permission View: can delete on DAG:latest_only_with_trigger
[2025-03-24T20:12:47.763+0000] {logging_mixin.py:150} INFO - [2025-03-24T20:12:47.763+0000] {manager.py:504} INFO - Created Permission View: can edit on DAG:latest_only_with_trigger
[2025-03-24T20:12:47.769+0000] {logging_mixin.py:150} INFO - [2025-03-24T20:12:47.769+0000] {manager.py:504} INFO - Created Permission View: can read on DAG:latest_only_with_trigger
[2025-03-24T20:12:47.777+0000] {logging_mixin.py:150} INFO - [2025-03-24T20:12:47.777+0000] {dag.py:2742} INFO - Sync 1 DAGs
[2025-03-24T20:12:47.783+0000] {logging_mixin.py:150} INFO - [2025-03-24T20:12:47.783+0000] {dag.py:2763} INFO - Creating ORM DAG for latest_only_with_trigger
[2025-03-24T20:12:47.789+0000] {logging_mixin.py:150} INFO - [2025-03-24T20:12:47.789+0000] {dag.py:3504} INFO - Setting next_dagrun for latest_only_with_trigger to 2025-03-24T16:12:47.789703+00:00, run_after=2025-03-24T20:12:47.789703+00:00
[2025-03-24T20:12:47.805+0000] {processor.py:179} INFO - Processing /home/vscode/.local/lib/python3.10/site-packages/airflow/example_dags/example_latest_only_with_trigger.py took 0.133 seconds
[2025-03-24T20:13:35.081+0000] {processor.py:157} INFO - Started process (PID=25524) to work on /home/vscode/.local/lib/python3.10/site-packages/airflow/example_dags/example_latest_only_with_trigger.py
[2025-03-24T20:13:35.081+0000] {processor.py:826} INFO - Processing file /home/vscode/.local/lib/python3.10/site-packages/airflow/example_dags/example_latest_only_with_trigger.py for tasks to queue
[2025-03-24T20:13:35.082+0000] {logging_mixin.py:150} INFO - [2025-03-24T20:13:35.081+0000] {dagbag.py:541} INFO - Filling up the DagBag from /home/vscode/.local/lib/python3.10/site-packages/airflow/example_dags/example_latest_only_with_trigger.py
[2025-03-24T20:13:35.086+0000] {processor.py:836} INFO - DAG(s) dict_keys(['latest_only_with_trigger']) retrieved from /home/vscode/.local/lib/python3.10/site-packages/airflow/example_dags/example_latest_only_with_trigger.py
[2025-03-24T20:13:35.097+0000] {logging_mixin.py:150} INFO - [2025-03-24T20:13:35.097+0000] {dag.py:2742} INFO - Sync 1 DAGs
[2025-03-24T20:13:35.112+0000] {logging_mixin.py:150} INFO - [2025-03-24T20:13:35.111+0000] {dag.py:3504} INFO - Setting next_dagrun for latest_only_with_trigger to 2025-03-24T16:13:35.111758+00:00, run_after=2025-03-24T20:13:35.111758+00:00
[2025-03-24T20:13:35.126+0000] {processor.py:179} INFO - Processing /home/vscode/.local/lib/python3.10/site-packages/airflow/example_dags/example_latest_only_with_trigger.py took 0.048 seconds
[2025-03-24T20:14:19.293+0000] {processor.py:157} INFO - Started process (PID=25823) to work on /home/vscode/.local/lib/python3.10/site-packages/airflow/example_dags/example_latest_only_with_trigger.py
[2025-03-24T20:14:19.293+0000] {processor.py:826} INFO - Processing file /home/vscode/.local/lib/python3.10/site-packages/airflow/example_dags/example_latest_only_with_trigger.py for tasks to queue
[2025-03-24T20:14:19.294+0000] {logging_mixin.py:150} INFO - [2025-03-24T20:14:19.294+0000] {dagbag.py:541} INFO - Filling up the DagBag from /home/vscode/.local/lib/python3.10/site-packages/airflow/example_dags/example_latest_only_with_trigger.py
[2025-03-24T20:14:19.299+0000] {processor.py:836} INFO - DAG(s) dict_keys(['latest_only_with_trigger']) retrieved from /home/vscode/.local/lib/python3.10/site-packages/airflow/example_dags/example_latest_only_with_trigger.py
[2025-03-24T20:14:19.310+0000] {logging_mixin.py:150} INFO - [2025-03-24T20:14:19.310+0000] {dag.py:2742} INFO - Sync 1 DAGs
[2025-03-24T20:14:19.324+0000] {logging_mixin.py:150} INFO - [2025-03-24T20:14:19.324+0000] {dag.py:3504} INFO - Setting next_dagrun for latest_only_with_trigger to 2025-03-24T16:14:19.324125+00:00, run_after=2025-03-24T20:14:19.324125+00:00
[2025-03-24T20:14:19.339+0000] {processor.py:179} INFO - Processing /home/vscode/.local/lib/python3.10/site-packages/airflow/example_dags/example_latest_only_with_trigger.py took 0.048 seconds
[2025-03-24T20:15:01.292+0000] {processor.py:157} INFO - Started process (PID=26121) to work on /home/vscode/.local/lib/python3.10/site-packages/airflow/example_dags/example_latest_only_with_trigger.py
[2025-03-24T20:15:01.293+0000] {processor.py:826} INFO - Processing file /home/vscode/.local/lib/python3.10/site-packages/airflow/example_dags/example_latest_only_with_trigger.py for tasks to queue
[2025-03-24T20:15:01.293+0000] {logging_mixin.py:150} INFO - [2025-03-24T20:15:01.293+0000] {dagbag.py:541} INFO - Filling up the DagBag from /home/vscode/.local/lib/python3.10/site-packages/airflow/example_dags/example_latest_only_with_trigger.py
[2025-03-24T20:15:01.299+0000] {processor.py:836} INFO - DAG(s) dict_keys(['latest_only_with_trigger']) retrieved from /home/vscode/.local/lib/python3.10/site-packages/airflow/example_dags/example_latest_only_with_trigger.py
[2025-03-24T20:15:01.312+0000] {logging_mixin.py:150} INFO - [2025-03-24T20:15:01.312+0000] {dag.py:2742} INFO - Sync 1 DAGs
[2025-03-24T20:15:01.326+0000] {logging_mixin.py:150} INFO - [2025-03-24T20:15:01.326+0000] {dag.py:3504} INFO - Setting next_dagrun for latest_only_with_trigger to 2025-03-24T16:15:01.326188+00:00, run_after=2025-03-24T20:15:01.326188+00:00
[2025-03-24T20:15:01.341+0000] {processor.py:179} INFO - Processing /home/vscode/.local/lib/python3.10/site-packages/airflow/example_dags/example_latest_only_with_trigger.py took 0.051 seconds
[2025-03-24T20:15:47.547+0000] {processor.py:157} INFO - Started process (PID=26422) to work on /home/vscode/.local/lib/python3.10/site-packages/airflow/example_dags/example_latest_only_with_trigger.py
[2025-03-24T20:15:47.547+0000] {processor.py:826} INFO - Processing file /home/vscode/.local/lib/python3.10/site-packages/airflow/example_dags/example_latest_only_with_trigger.py for tasks to queue
[2025-03-24T20:15:47.548+0000] {logging_mixin.py:150} INFO - [2025-03-24T20:15:47.548+0000] {dagbag.py:541} INFO - Filling up the DagBag from /home/vscode/.local/lib/python3.10/site-packages/airflow/example_dags/example_latest_only_with_trigger.py
[2025-03-24T20:15:47.553+0000] {processor.py:836} INFO - DAG(s) dict_keys(['latest_only_with_trigger']) retrieved from /home/vscode/.local/lib/python3.10/site-packages/airflow/example_dags/example_latest_only_with_trigger.py
[2025-03-24T20:15:47.564+0000] {logging_mixin.py:150} INFO - [2025-03-24T20:15:47.564+0000] {dag.py:2742} INFO - Sync 1 DAGs
[2025-03-24T20:15:47.578+0000] {logging_mixin.py:150} INFO - [2025-03-24T20:15:47.577+0000] {dag.py:3504} INFO - Setting next_dagrun for latest_only_with_trigger to 2025-03-24T16:15:47.577811+00:00, run_after=2025-03-24T20:15:47.577811+00:00
[2025-03-24T20:15:47.592+0000] {processor.py:179} INFO - Processing /home/vscode/.local/lib/python3.10/site-packages/airflow/example_dags/example_latest_only_with_trigger.py took 0.048 seconds
[2025-03-24T20:16:34.719+0000] {processor.py:157} INFO - Started process (PID=26739) to work on /home/vscode/.local/lib/python3.10/site-packages/airflow/example_dags/example_latest_only_with_trigger.py
[2025-03-24T20:16:34.720+0000] {processor.py:826} INFO - Processing file /home/vscode/.local/lib/python3.10/site-packages/airflow/example_dags/example_latest_only_with_trigger.py for tasks to queue
[2025-03-24T20:16:34.720+0000] {logging_mixin.py:150} INFO - [2025-03-24T20:16:34.720+0000] {dagbag.py:541} INFO - Filling up the DagBag from /home/vscode/.local/lib/python3.10/site-packages/airflow/example_dags/example_latest_only_with_trigger.py
[2025-03-24T20:16:34.725+0000] {processor.py:836} INFO - DAG(s) dict_keys(['latest_only_with_trigger']) retrieved from /home/vscode/.local/lib/python3.10/site-packages/airflow/example_dags/example_latest_only_with_trigger.py
[2025-03-24T20:16:34.736+0000] {logging_mixin.py:150} INFO - [2025-03-24T20:16:34.736+0000] {dag.py:2742} INFO - Sync 1 DAGs
[2025-03-24T20:16:34.749+0000] {logging_mixin.py:150} INFO - [2025-03-24T20:16:34.749+0000] {dag.py:3504} INFO - Setting next_dagrun for latest_only_with_trigger to 2025-03-24T16:16:34.749672+00:00, run_after=2025-03-24T20:16:34.749672+00:00
[2025-03-24T20:16:34.764+0000] {processor.py:179} INFO - Processing /home/vscode/.local/lib/python3.10/site-packages/airflow/example_dags/example_latest_only_with_trigger.py took 0.047 seconds
[2025-03-24T20:17:22.604+0000] {processor.py:157} INFO - Started process (PID=27057) to work on /home/vscode/.local/lib/python3.10/site-packages/airflow/example_dags/example_latest_only_with_trigger.py
[2025-03-24T20:17:22.605+0000] {processor.py:826} INFO - Processing file /home/vscode/.local/lib/python3.10/site-packages/airflow/example_dags/example_latest_only_with_trigger.py for tasks to queue
[2025-03-24T20:17:22.606+0000] {logging_mixin.py:150} INFO - [2025-03-24T20:17:22.605+0000] {dagbag.py:541} INFO - Filling up the DagBag from /home/vscode/.local/lib/python3.10/site-packages/airflow/example_dags/example_latest_only_with_trigger.py
[2025-03-24T20:17:22.610+0000] {processor.py:836} INFO - DAG(s) dict_keys(['latest_only_with_trigger']) retrieved from /home/vscode/.local/lib/python3.10/site-packages/airflow/example_dags/example_latest_only_with_trigger.py
[2025-03-24T20:17:22.622+0000] {logging_mixin.py:150} INFO - [2025-03-24T20:17:22.622+0000] {dag.py:2742} INFO - Sync 1 DAGs
[2025-03-24T20:17:22.636+0000] {logging_mixin.py:150} INFO - [2025-03-24T20:17:22.635+0000] {dag.py:3504} INFO - Setting next_dagrun for latest_only_with_trigger to 2025-03-24T16:17:22.635731+00:00, run_after=2025-03-24T20:17:22.635731+00:00
[2025-03-24T20:17:22.650+0000] {processor.py:179} INFO - Processing /home/vscode/.local/lib/python3.10/site-packages/airflow/example_dags/example_latest_only_with_trigger.py took 0.048 seconds
[2025-03-24T20:18:07.936+0000] {processor.py:157} INFO - Started process (PID=27351) to work on /home/vscode/.local/lib/python3.10/site-packages/airflow/example_dags/example_latest_only_with_trigger.py
[2025-03-24T20:18:07.937+0000] {processor.py:826} INFO - Processing file /home/vscode/.local/lib/python3.10/site-packages/airflow/example_dags/example_latest_only_with_trigger.py for tasks to queue
[2025-03-24T20:18:07.937+0000] {logging_mixin.py:150} INFO - [2025-03-24T20:18:07.937+0000] {dagbag.py:541} INFO - Filling up the DagBag from /home/vscode/.local/lib/python3.10/site-packages/airflow/example_dags/example_latest_only_with_trigger.py
[2025-03-24T20:18:07.942+0000] {processor.py:836} INFO - DAG(s) dict_keys(['latest_only_with_trigger']) retrieved from /home/vscode/.local/lib/python3.10/site-packages/airflow/example_dags/example_latest_only_with_trigger.py
[2025-03-24T20:18:07.954+0000] {logging_mixin.py:150} INFO - [2025-03-24T20:18:07.954+0000] {dag.py:2742} INFO - Sync 1 DAGs
[2025-03-24T20:18:07.968+0000] {logging_mixin.py:150} INFO - [2025-03-24T20:18:07.968+0000] {dag.py:3504} INFO - Setting next_dagrun for latest_only_with_trigger to 2025-03-24T16:18:07.968057+00:00, run_after=2025-03-24T20:18:07.968057+00:00
[2025-03-24T20:18:07.983+0000] {processor.py:179} INFO - Processing /home/vscode/.local/lib/python3.10/site-packages/airflow/example_dags/example_latest_only_with_trigger.py took 0.049 seconds
[2025-03-24T20:18:50.045+0000] {processor.py:157} INFO - Started process (PID=27642) to work on /home/vscode/.local/lib/python3.10/site-packages/airflow/example_dags/example_latest_only_with_trigger.py
[2025-03-24T20:18:50.045+0000] {processor.py:826} INFO - Processing file /home/vscode/.local/lib/python3.10/site-packages/airflow/example_dags/example_latest_only_with_trigger.py for tasks to queue
[2025-03-24T20:18:50.046+0000] {logging_mixin.py:150} INFO - [2025-03-24T20:18:50.046+0000] {dagbag.py:541} INFO - Filling up the DagBag from /home/vscode/.local/lib/python3.10/site-packages/airflow/example_dags/example_latest_only_with_trigger.py
[2025-03-24T20:18:50.051+0000] {processor.py:836} INFO - DAG(s) dict_keys(['latest_only_with_trigger']) retrieved from /home/vscode/.local/lib/python3.10/site-packages/airflow/example_dags/example_latest_only_with_trigger.py
[2025-03-24T20:18:50.062+0000] {logging_mixin.py:150} INFO - [2025-03-24T20:18:50.062+0000] {dag.py:2742} INFO - Sync 1 DAGs
[2025-03-24T20:18:50.076+0000] {logging_mixin.py:150} INFO - [2025-03-24T20:18:50.076+0000] {dag.py:3504} INFO - Setting next_dagrun for latest_only_with_trigger to 2025-03-24T16:18:50.075873+00:00, run_after=2025-03-24T20:18:50.075873+00:00
[2025-03-24T20:18:50.090+0000] {processor.py:179} INFO - Processing /home/vscode/.local/lib/python3.10/site-packages/airflow/example_dags/example_latest_only_with_trigger.py took 0.048 seconds
[2025-03-24T20:19:32.125+0000] {processor.py:157} INFO - Started process (PID=27924) to work on /home/vscode/.local/lib/python3.10/site-packages/airflow/example_dags/example_latest_only_with_trigger.py
[2025-03-24T20:19:32.126+0000] {processor.py:826} INFO - Processing file /home/vscode/.local/lib/python3.10/site-packages/airflow/example_dags/example_latest_only_with_trigger.py for tasks to queue
[2025-03-24T20:19:32.126+0000] {logging_mixin.py:150} INFO - [2025-03-24T20:19:32.126+0000] {dagbag.py:541} INFO - Filling up the DagBag from /home/vscode/.local/lib/python3.10/site-packages/airflow/example_dags/example_latest_only_with_trigger.py
[2025-03-24T20:19:32.131+0000] {processor.py:836} INFO - DAG(s) dict_keys(['latest_only_with_trigger']) retrieved from /home/vscode/.local/lib/python3.10/site-packages/airflow/example_dags/example_latest_only_with_trigger.py
[2025-03-24T20:19:32.142+0000] {logging_mixin.py:150} INFO - [2025-03-24T20:19:32.142+0000] {dag.py:2742} INFO - Sync 1 DAGs
[2025-03-24T20:19:32.156+0000] {logging_mixin.py:150} INFO - [2025-03-24T20:19:32.155+0000] {dag.py:3504} INFO - Setting next_dagrun for latest_only_with_trigger to 2025-03-24T16:19:32.155750+00:00, run_after=2025-03-24T20:19:32.155750+00:00
[2025-03-24T20:19:32.171+0000] {processor.py:179} INFO - Processing /home/vscode/.local/lib/python3.10/site-packages/airflow/example_dags/example_latest_only_with_trigger.py took 0.048 seconds
[2025-03-24T20:20:18.413+0000] {processor.py:157} INFO - Started process (PID=28250) to work on /home/vscode/.local/lib/python3.10/site-packages/airflow/example_dags/example_latest_only_with_trigger.py
[2025-03-24T20:20:18.414+0000] {processor.py:826} INFO - Processing file /home/vscode/.local/lib/python3.10/site-packages/airflow/example_dags/example_latest_only_with_trigger.py for tasks to queue
[2025-03-24T20:20:18.415+0000] {logging_mixin.py:150} INFO - [2025-03-24T20:20:18.414+0000] {dagbag.py:541} INFO - Filling up the DagBag from /home/vscode/.local/lib/python3.10/site-packages/airflow/example_dags/example_latest_only_with_trigger.py
[2025-03-24T20:20:18.419+0000] {processor.py:836} INFO - DAG(s) dict_keys(['latest_only_with_trigger']) retrieved from /home/vscode/.local/lib/python3.10/site-packages/airflow/example_dags/example_latest_only_with_trigger.py
[2025-03-24T20:20:18.431+0000] {logging_mixin.py:150} INFO - [2025-03-24T20:20:18.431+0000] {dag.py:2742} INFO - Sync 1 DAGs
[2025-03-24T20:20:18.445+0000] {logging_mixin.py:150} INFO - [2025-03-24T20:20:18.445+0000] {dag.py:3504} INFO - Setting next_dagrun for latest_only_with_trigger to 2025-03-24T16:20:18.445007+00:00, run_after=2025-03-24T20:20:18.445007+00:00
[2025-03-24T20:20:18.460+0000] {processor.py:179} INFO - Processing /home/vscode/.local/lib/python3.10/site-packages/airflow/example_dags/example_latest_only_with_trigger.py took 0.049 seconds
[2025-03-24T20:21:06.905+0000] {processor.py:157} INFO - Started process (PID=28632) to work on /home/vscode/.local/lib/python3.10/site-packages/airflow/example_dags/example_latest_only_with_trigger.py
[2025-03-24T20:21:06.906+0000] {processor.py:826} INFO - Processing file /home/vscode/.local/lib/python3.10/site-packages/airflow/example_dags/example_latest_only_with_trigger.py for tasks to queue
[2025-03-24T20:21:06.906+0000] {logging_mixin.py:150} INFO - [2025-03-24T20:21:06.906+0000] {dagbag.py:541} INFO - Filling up the DagBag from /home/vscode/.local/lib/python3.10/site-packages/airflow/example_dags/example_latest_only_with_trigger.py
[2025-03-24T20:21:06.911+0000] {processor.py:836} INFO - DAG(s) dict_keys(['latest_only_with_trigger']) retrieved from /home/vscode/.local/lib/python3.10/site-packages/airflow/example_dags/example_latest_only_with_trigger.py
[2025-03-24T20:21:06.922+0000] {logging_mixin.py:150} INFO - [2025-03-24T20:21:06.922+0000] {dag.py:2742} INFO - Sync 1 DAGs
[2025-03-24T20:21:06.936+0000] {logging_mixin.py:150} INFO - [2025-03-24T20:21:06.936+0000] {dag.py:3504} INFO - Setting next_dagrun for latest_only_with_trigger to 2025-03-24T16:21:06.936264+00:00, run_after=2025-03-24T20:21:06.936264+00:00
[2025-03-24T20:21:06.952+0000] {processor.py:179} INFO - Processing /home/vscode/.local/lib/python3.10/site-packages/airflow/example_dags/example_latest_only_with_trigger.py took 0.049 seconds
[2025-03-24T20:21:54.875+0000] {processor.py:157} INFO - Started process (PID=28997) to work on /home/vscode/.local/lib/python3.10/site-packages/airflow/example_dags/example_latest_only_with_trigger.py
[2025-03-24T20:21:54.876+0000] {processor.py:826} INFO - Processing file /home/vscode/.local/lib/python3.10/site-packages/airflow/example_dags/example_latest_only_with_trigger.py for tasks to queue
[2025-03-24T20:21:54.877+0000] {logging_mixin.py:150} INFO - [2025-03-24T20:21:54.876+0000] {dagbag.py:541} INFO - Filling up the DagBag from /home/vscode/.local/lib/python3.10/site-packages/airflow/example_dags/example_latest_only_with_trigger.py
[2025-03-24T20:21:54.881+0000] {processor.py:836} INFO - DAG(s) dict_keys(['latest_only_with_trigger']) retrieved from /home/vscode/.local/lib/python3.10/site-packages/airflow/example_dags/example_latest_only_with_trigger.py
[2025-03-24T20:21:54.892+0000] {logging_mixin.py:150} INFO - [2025-03-24T20:21:54.892+0000] {dag.py:2742} INFO - Sync 1 DAGs
[2025-03-24T20:21:54.906+0000] {logging_mixin.py:150} INFO - [2025-03-24T20:21:54.906+0000] {dag.py:3504} INFO - Setting next_dagrun for latest_only_with_trigger to 2025-03-24T16:21:54.906045+00:00, run_after=2025-03-24T20:21:54.906045+00:00
[2025-03-24T20:21:54.920+0000] {processor.py:179} INFO - Processing /home/vscode/.local/lib/python3.10/site-packages/airflow/example_dags/example_latest_only_with_trigger.py took 0.047 seconds
[2025-03-24T20:22:37.124+0000] {processor.py:157} INFO - Started process (PID=29307) to work on /home/vscode/.local/lib/python3.10/site-packages/airflow/example_dags/example_latest_only_with_trigger.py
[2025-03-24T20:22:37.124+0000] {processor.py:826} INFO - Processing file /home/vscode/.local/lib/python3.10/site-packages/airflow/example_dags/example_latest_only_with_trigger.py for tasks to queue
[2025-03-24T20:22:37.125+0000] {logging_mixin.py:150} INFO - [2025-03-24T20:22:37.125+0000] {dagbag.py:541} INFO - Filling up the DagBag from /home/vscode/.local/lib/python3.10/site-packages/airflow/example_dags/example_latest_only_with_trigger.py
[2025-03-24T20:22:37.129+0000] {processor.py:836} INFO - DAG(s) dict_keys(['latest_only_with_trigger']) retrieved from /home/vscode/.local/lib/python3.10/site-packages/airflow/example_dags/example_latest_only_with_trigger.py
[2025-03-24T20:22:37.141+0000] {logging_mixin.py:150} INFO - [2025-03-24T20:22:37.141+0000] {dag.py:2742} INFO - Sync 1 DAGs
[2025-03-24T20:22:37.155+0000] {logging_mixin.py:150} INFO - [2025-03-24T20:22:37.155+0000] {dag.py:3504} INFO - Setting next_dagrun for latest_only_with_trigger to 2025-03-24T16:22:37.155098+00:00, run_after=2025-03-24T20:22:37.155098+00:00
[2025-03-24T20:22:37.170+0000] {processor.py:179} INFO - Processing /home/vscode/.local/lib/python3.10/site-packages/airflow/example_dags/example_latest_only_with_trigger.py took 0.048 seconds
[2025-03-24T20:23:25.615+0000] {processor.py:157} INFO - Started process (PID=29676) to work on /home/vscode/.local/lib/python3.10/site-packages/airflow/example_dags/example_latest_only_with_trigger.py
[2025-03-24T20:23:25.616+0000] {processor.py:826} INFO - Processing file /home/vscode/.local/lib/python3.10/site-packages/airflow/example_dags/example_latest_only_with_trigger.py for tasks to queue
[2025-03-24T20:23:25.616+0000] {logging_mixin.py:150} INFO - [2025-03-24T20:23:25.616+0000] {dagbag.py:541} INFO - Filling up the DagBag from /home/vscode/.local/lib/python3.10/site-packages/airflow/example_dags/example_latest_only_with_trigger.py
[2025-03-24T20:23:25.621+0000] {processor.py:836} INFO - DAG(s) dict_keys(['latest_only_with_trigger']) retrieved from /home/vscode/.local/lib/python3.10/site-packages/airflow/example_dags/example_latest_only_with_trigger.py
[2025-03-24T20:23:25.632+0000] {logging_mixin.py:150} INFO - [2025-03-24T20:23:25.632+0000] {dag.py:2742} INFO - Sync 1 DAGs
[2025-03-24T20:23:25.646+0000] {logging_mixin.py:150} INFO - [2025-03-24T20:23:25.646+0000] {dag.py:3504} INFO - Setting next_dagrun for latest_only_with_trigger to 2025-03-24T16:23:25.646294+00:00, run_after=2025-03-24T20:23:25.646294+00:00
[2025-03-24T20:23:25.661+0000] {processor.py:179} INFO - Processing /home/vscode/.local/lib/python3.10/site-packages/airflow/example_dags/example_latest_only_with_trigger.py took 0.048 seconds
[2025-03-24T20:24:09.344+0000] {processor.py:157} INFO - Started process (PID=30059) to work on /home/vscode/.local/lib/python3.10/site-packages/airflow/example_dags/example_latest_only_with_trigger.py
[2025-03-24T20:24:09.345+0000] {processor.py:826} INFO - Processing file /home/vscode/.local/lib/python3.10/site-packages/airflow/example_dags/example_latest_only_with_trigger.py for tasks to queue
[2025-03-24T20:24:09.345+0000] {logging_mixin.py:150} INFO - [2025-03-24T20:24:09.345+0000] {dagbag.py:541} INFO - Filling up the DagBag from /home/vscode/.local/lib/python3.10/site-packages/airflow/example_dags/example_latest_only_with_trigger.py
[2025-03-24T20:24:09.350+0000] {processor.py:836} INFO - DAG(s) dict_keys(['latest_only_with_trigger']) retrieved from /home/vscode/.local/lib/python3.10/site-packages/airflow/example_dags/example_latest_only_with_trigger.py
[2025-03-24T20:24:09.362+0000] {logging_mixin.py:150} INFO - [2025-03-24T20:24:09.362+0000] {dag.py:2742} INFO - Sync 1 DAGs
[2025-03-24T20:24:09.376+0000] {logging_mixin.py:150} INFO - [2025-03-24T20:24:09.376+0000] {dag.py:3504} INFO - Setting next_dagrun for latest_only_with_trigger to 2025-03-24T16:24:09.375855+00:00, run_after=2025-03-24T20:24:09.375855+00:00
[2025-03-24T20:24:09.391+0000] {processor.py:179} INFO - Processing /home/vscode/.local/lib/python3.10/site-packages/airflow/example_dags/example_latest_only_with_trigger.py took 0.049 seconds
[2025-03-24T20:24:54.713+0000] {processor.py:157} INFO - Started process (PID=30377) to work on /home/vscode/.local/lib/python3.10/site-packages/airflow/example_dags/example_latest_only_with_trigger.py
[2025-03-24T20:24:54.714+0000] {processor.py:826} INFO - Processing file /home/vscode/.local/lib/python3.10/site-packages/airflow/example_dags/example_latest_only_with_trigger.py for tasks to queue
[2025-03-24T20:24:54.714+0000] {logging_mixin.py:150} INFO - [2025-03-24T20:24:54.714+0000] {dagbag.py:541} INFO - Filling up the DagBag from /home/vscode/.local/lib/python3.10/site-packages/airflow/example_dags/example_latest_only_with_trigger.py
[2025-03-24T20:24:54.719+0000] {processor.py:836} INFO - DAG(s) dict_keys(['latest_only_with_trigger']) retrieved from /home/vscode/.local/lib/python3.10/site-packages/airflow/example_dags/example_latest_only_with_trigger.py
[2025-03-24T20:24:54.730+0000] {logging_mixin.py:150} INFO - [2025-03-24T20:24:54.730+0000] {dag.py:2742} INFO - Sync 1 DAGs
[2025-03-24T20:24:54.744+0000] {logging_mixin.py:150} INFO - [2025-03-24T20:24:54.744+0000] {dag.py:3504} INFO - Setting next_dagrun for latest_only_with_trigger to 2025-03-24T16:24:54.744325+00:00, run_after=2025-03-24T20:24:54.744325+00:00
[2025-03-24T20:24:54.759+0000] {processor.py:179} INFO - Processing /home/vscode/.local/lib/python3.10/site-packages/airflow/example_dags/example_latest_only_with_trigger.py took 0.048 seconds
[2025-03-24T20:25:38.136+0000] {processor.py:157} INFO - Started process (PID=30708) to work on /home/vscode/.local/lib/python3.10/site-packages/airflow/example_dags/example_latest_only_with_trigger.py
[2025-03-24T20:25:38.137+0000] {processor.py:826} INFO - Processing file /home/vscode/.local/lib/python3.10/site-packages/airflow/example_dags/example_latest_only_with_trigger.py for tasks to queue
[2025-03-24T20:25:38.138+0000] {logging_mixin.py:150} INFO - [2025-03-24T20:25:38.137+0000] {dagbag.py:541} INFO - Filling up the DagBag from /home/vscode/.local/lib/python3.10/site-packages/airflow/example_dags/example_latest_only_with_trigger.py
[2025-03-24T20:25:38.142+0000] {processor.py:836} INFO - DAG(s) dict_keys(['latest_only_with_trigger']) retrieved from /home/vscode/.local/lib/python3.10/site-packages/airflow/example_dags/example_latest_only_with_trigger.py
[2025-03-24T20:25:38.154+0000] {logging_mixin.py:150} INFO - [2025-03-24T20:25:38.154+0000] {dag.py:2742} INFO - Sync 1 DAGs
[2025-03-24T20:25:38.168+0000] {logging_mixin.py:150} INFO - [2025-03-24T20:25:38.168+0000] {dag.py:3504} INFO - Setting next_dagrun for latest_only_with_trigger to 2025-03-24T16:25:38.168076+00:00, run_after=2025-03-24T20:25:38.168076+00:00
[2025-03-24T20:25:38.183+0000] {processor.py:179} INFO - Processing /home/vscode/.local/lib/python3.10/site-packages/airflow/example_dags/example_latest_only_with_trigger.py took 0.049 seconds
[2025-03-24T20:26:24.443+0000] {processor.py:157} INFO - Started process (PID=31060) to work on /home/vscode/.local/lib/python3.10/site-packages/airflow/example_dags/example_latest_only_with_trigger.py
[2025-03-24T20:26:24.444+0000] {processor.py:826} INFO - Processing file /home/vscode/.local/lib/python3.10/site-packages/airflow/example_dags/example_latest_only_with_trigger.py for tasks to queue
[2025-03-24T20:26:24.444+0000] {logging_mixin.py:150} INFO - [2025-03-24T20:26:24.444+0000] {dagbag.py:541} INFO - Filling up the DagBag from /home/vscode/.local/lib/python3.10/site-packages/airflow/example_dags/example_latest_only_with_trigger.py
[2025-03-24T20:26:24.449+0000] {processor.py:836} INFO - DAG(s) dict_keys(['latest_only_with_trigger']) retrieved from /home/vscode/.local/lib/python3.10/site-packages/airflow/example_dags/example_latest_only_with_trigger.py
[2025-03-24T20:26:24.461+0000] {logging_mixin.py:150} INFO - [2025-03-24T20:26:24.461+0000] {dag.py:2742} INFO - Sync 1 DAGs
[2025-03-24T20:26:24.474+0000] {logging_mixin.py:150} INFO - [2025-03-24T20:26:24.474+0000] {dag.py:3504} INFO - Setting next_dagrun for latest_only_with_trigger to 2025-03-24T16:26:24.474582+00:00, run_after=2025-03-24T20:26:24.474582+00:00
[2025-03-24T20:26:24.489+0000] {processor.py:179} INFO - Processing /home/vscode/.local/lib/python3.10/site-packages/airflow/example_dags/example_latest_only_with_trigger.py took 0.048 seconds
[2025-03-24T20:27:09.329+0000] {processor.py:157} INFO - Started process (PID=31486) to work on /home/vscode/.local/lib/python3.10/site-packages/airflow/example_dags/example_latest_only_with_trigger.py
[2025-03-24T20:27:09.330+0000] {processor.py:826} INFO - Processing file /home/vscode/.local/lib/python3.10/site-packages/airflow/example_dags/example_latest_only_with_trigger.py for tasks to queue
[2025-03-24T20:27:09.331+0000] {logging_mixin.py:150} INFO - [2025-03-24T20:27:09.330+0000] {dagbag.py:541} INFO - Filling up the DagBag from /home/vscode/.local/lib/python3.10/site-packages/airflow/example_dags/example_latest_only_with_trigger.py
[2025-03-24T20:27:09.335+0000] {processor.py:836} INFO - DAG(s) dict_keys(['latest_only_with_trigger']) retrieved from /home/vscode/.local/lib/python3.10/site-packages/airflow/example_dags/example_latest_only_with_trigger.py
[2025-03-24T20:27:09.347+0000] {logging_mixin.py:150} INFO - [2025-03-24T20:27:09.347+0000] {dag.py:2742} INFO - Sync 1 DAGs
[2025-03-24T20:27:09.361+0000] {logging_mixin.py:150} INFO - [2025-03-24T20:27:09.361+0000] {dag.py:3504} INFO - Setting next_dagrun for latest_only_with_trigger to 2025-03-24T16:27:09.361267+00:00, run_after=2025-03-24T20:27:09.361267+00:00
[2025-03-24T20:27:09.376+0000] {processor.py:179} INFO - Processing /home/vscode/.local/lib/python3.10/site-packages/airflow/example_dags/example_latest_only_with_trigger.py took 0.049 seconds
[2025-03-24T20:27:57.926+0000] {processor.py:157} INFO - Started process (PID=31886) to work on /home/vscode/.local/lib/python3.10/site-packages/airflow/example_dags/example_latest_only_with_trigger.py
[2025-03-24T20:27:57.927+0000] {processor.py:826} INFO - Processing file /home/vscode/.local/lib/python3.10/site-packages/airflow/example_dags/example_latest_only_with_trigger.py for tasks to queue
[2025-03-24T20:27:57.927+0000] {logging_mixin.py:150} INFO - [2025-03-24T20:27:57.927+0000] {dagbag.py:541} INFO - Filling up the DagBag from /home/vscode/.local/lib/python3.10/site-packages/airflow/example_dags/example_latest_only_with_trigger.py
[2025-03-24T20:27:57.932+0000] {processor.py:836} INFO - DAG(s) dict_keys(['latest_only_with_trigger']) retrieved from /home/vscode/.local/lib/python3.10/site-packages/airflow/example_dags/example_latest_only_with_trigger.py
[2025-03-24T20:27:57.944+0000] {logging_mixin.py:150} INFO - [2025-03-24T20:27:57.944+0000] {dag.py:2742} INFO - Sync 1 DAGs
[2025-03-24T20:27:57.958+0000] {logging_mixin.py:150} INFO - [2025-03-24T20:27:57.958+0000] {dag.py:3504} INFO - Setting next_dagrun for latest_only_with_trigger to 2025-03-24T16:27:57.957854+00:00, run_after=2025-03-24T20:27:57.957854+00:00
[2025-03-24T20:27:57.973+0000] {processor.py:179} INFO - Processing /home/vscode/.local/lib/python3.10/site-packages/airflow/example_dags/example_latest_only_with_trigger.py took 0.049 seconds
[2025-03-24T20:28:40.706+0000] {processor.py:157} INFO - Started process (PID=32195) to work on /home/vscode/.local/lib/python3.10/site-packages/airflow/example_dags/example_latest_only_with_trigger.py
[2025-03-24T20:28:40.707+0000] {processor.py:826} INFO - Processing file /home/vscode/.local/lib/python3.10/site-packages/airflow/example_dags/example_latest_only_with_trigger.py for tasks to queue
[2025-03-24T20:28:40.708+0000] {logging_mixin.py:150} INFO - [2025-03-24T20:28:40.707+0000] {dagbag.py:541} INFO - Filling up the DagBag from /home/vscode/.local/lib/python3.10/site-packages/airflow/example_dags/example_latest_only_with_trigger.py
[2025-03-24T20:28:40.712+0000] {processor.py:836} INFO - DAG(s) dict_keys(['latest_only_with_trigger']) retrieved from /home/vscode/.local/lib/python3.10/site-packages/airflow/example_dags/example_latest_only_with_trigger.py
[2025-03-24T20:28:40.724+0000] {logging_mixin.py:150} INFO - [2025-03-24T20:28:40.724+0000] {dag.py:2742} INFO - Sync 1 DAGs
[2025-03-24T20:28:40.738+0000] {logging_mixin.py:150} INFO - [2025-03-24T20:28:40.738+0000] {dag.py:3504} INFO - Setting next_dagrun for latest_only_with_trigger to 2025-03-24T16:28:40.738157+00:00, run_after=2025-03-24T20:28:40.738157+00:00
[2025-03-24T20:28:40.754+0000] {processor.py:179} INFO - Processing /home/vscode/.local/lib/python3.10/site-packages/airflow/example_dags/example_latest_only_with_trigger.py took 0.050 seconds
[2025-03-24T20:29:26.903+0000] {processor.py:157} INFO - Started process (PID=32519) to work on /home/vscode/.local/lib/python3.10/site-packages/airflow/example_dags/example_latest_only_with_trigger.py
[2025-03-24T20:29:26.904+0000] {processor.py:826} INFO - Processing file /home/vscode/.local/lib/python3.10/site-packages/airflow/example_dags/example_latest_only_with_trigger.py for tasks to queue
[2025-03-24T20:29:26.905+0000] {logging_mixin.py:150} INFO - [2025-03-24T20:29:26.904+0000] {dagbag.py:541} INFO - Filling up the DagBag from /home/vscode/.local/lib/python3.10/site-packages/airflow/example_dags/example_latest_only_with_trigger.py
[2025-03-24T20:29:26.909+0000] {processor.py:836} INFO - DAG(s) dict_keys(['latest_only_with_trigger']) retrieved from /home/vscode/.local/lib/python3.10/site-packages/airflow/example_dags/example_latest_only_with_trigger.py
[2025-03-24T20:29:26.920+0000] {logging_mixin.py:150} INFO - [2025-03-24T20:29:26.920+0000] {dag.py:2742} INFO - Sync 1 DAGs
[2025-03-24T20:29:26.934+0000] {logging_mixin.py:150} INFO - [2025-03-24T20:29:26.934+0000] {dag.py:3504} INFO - Setting next_dagrun for latest_only_with_trigger to 2025-03-24T16:29:26.934590+00:00, run_after=2025-03-24T20:29:26.934590+00:00
[2025-03-24T20:29:26.949+0000] {processor.py:179} INFO - Processing /home/vscode/.local/lib/python3.10/site-packages/airflow/example_dags/example_latest_only_with_trigger.py took 0.048 seconds
[2025-03-24T20:30:11.390+0000] {processor.py:157} INFO - Started process (PID=32834) to work on /home/vscode/.local/lib/python3.10/site-packages/airflow/example_dags/example_latest_only_with_trigger.py
[2025-03-24T20:30:11.391+0000] {processor.py:826} INFO - Processing file /home/vscode/.local/lib/python3.10/site-packages/airflow/example_dags/example_latest_only_with_trigger.py for tasks to queue
[2025-03-24T20:30:11.392+0000] {logging_mixin.py:150} INFO - [2025-03-24T20:30:11.391+0000] {dagbag.py:541} INFO - Filling up the DagBag from /home/vscode/.local/lib/python3.10/site-packages/airflow/example_dags/example_latest_only_with_trigger.py
[2025-03-24T20:30:11.397+0000] {processor.py:836} INFO - DAG(s) dict_keys(['latest_only_with_trigger']) retrieved from /home/vscode/.local/lib/python3.10/site-packages/airflow/example_dags/example_latest_only_with_trigger.py
[2025-03-24T20:30:11.408+0000] {logging_mixin.py:150} INFO - [2025-03-24T20:30:11.408+0000] {dag.py:2742} INFO - Sync 1 DAGs
[2025-03-24T20:30:11.422+0000] {logging_mixin.py:150} INFO - [2025-03-24T20:30:11.422+0000] {dag.py:3504} INFO - Setting next_dagrun for latest_only_with_trigger to 2025-03-24T16:30:11.422351+00:00, run_after=2025-03-24T20:30:11.422351+00:00
[2025-03-24T20:30:11.437+0000] {processor.py:179} INFO - Processing /home/vscode/.local/lib/python3.10/site-packages/airflow/example_dags/example_latest_only_with_trigger.py took 0.049 seconds
[2025-03-24T20:30:53.769+0000] {processor.py:157} INFO - Started process (PID=33109) to work on /home/vscode/.local/lib/python3.10/site-packages/airflow/example_dags/example_latest_only_with_trigger.py
[2025-03-24T20:30:53.769+0000] {processor.py:826} INFO - Processing file /home/vscode/.local/lib/python3.10/site-packages/airflow/example_dags/example_latest_only_with_trigger.py for tasks to queue
[2025-03-24T20:30:53.770+0000] {logging_mixin.py:150} INFO - [2025-03-24T20:30:53.770+0000] {dagbag.py:541} INFO - Filling up the DagBag from /home/vscode/.local/lib/python3.10/site-packages/airflow/example_dags/example_latest_only_with_trigger.py
[2025-03-24T20:30:53.775+0000] {processor.py:836} INFO - DAG(s) dict_keys(['latest_only_with_trigger']) retrieved from /home/vscode/.local/lib/python3.10/site-packages/airflow/example_dags/example_latest_only_with_trigger.py
[2025-03-24T20:30:53.787+0000] {logging_mixin.py:150} INFO - [2025-03-24T20:30:53.787+0000] {dag.py:2742} INFO - Sync 1 DAGs
[2025-03-24T20:30:53.800+0000] {logging_mixin.py:150} INFO - [2025-03-24T20:30:53.800+0000] {dag.py:3504} INFO - Setting next_dagrun for latest_only_with_trigger to 2025-03-24T16:30:53.800373+00:00, run_after=2025-03-24T20:30:53.800373+00:00
[2025-03-24T20:30:53.815+0000] {processor.py:179} INFO - Processing /home/vscode/.local/lib/python3.10/site-packages/airflow/example_dags/example_latest_only_with_trigger.py took 0.049 seconds
[2025-03-24T20:31:36.412+0000] {processor.py:157} INFO - Started process (PID=33401) to work on /home/vscode/.local/lib/python3.10/site-packages/airflow/example_dags/example_latest_only_with_trigger.py
[2025-03-24T20:31:36.413+0000] {processor.py:826} INFO - Processing file /home/vscode/.local/lib/python3.10/site-packages/airflow/example_dags/example_latest_only_with_trigger.py for tasks to queue
[2025-03-24T20:31:36.413+0000] {logging_mixin.py:150} INFO - [2025-03-24T20:31:36.413+0000] {dagbag.py:541} INFO - Filling up the DagBag from /home/vscode/.local/lib/python3.10/site-packages/airflow/example_dags/example_latest_only_with_trigger.py
[2025-03-24T20:31:36.418+0000] {processor.py:836} INFO - DAG(s) dict_keys(['latest_only_with_trigger']) retrieved from /home/vscode/.local/lib/python3.10/site-packages/airflow/example_dags/example_latest_only_with_trigger.py
[2025-03-24T20:31:36.430+0000] {logging_mixin.py:150} INFO - [2025-03-24T20:31:36.430+0000] {dag.py:2742} INFO - Sync 1 DAGs
[2025-03-24T20:31:36.444+0000] {logging_mixin.py:150} INFO - [2025-03-24T20:31:36.444+0000] {dag.py:3504} INFO - Setting next_dagrun for latest_only_with_trigger to 2025-03-24T16:31:36.444450+00:00, run_after=2025-03-24T20:31:36.444450+00:00
[2025-03-24T20:31:36.459+0000] {processor.py:179} INFO - Processing /home/vscode/.local/lib/python3.10/site-packages/airflow/example_dags/example_latest_only_with_trigger.py took 0.049 seconds
[2025-03-24T20:32:18.670+0000] {processor.py:157} INFO - Started process (PID=33685) to work on /home/vscode/.local/lib/python3.10/site-packages/airflow/example_dags/example_latest_only_with_trigger.py
[2025-03-24T20:32:18.671+0000] {processor.py:826} INFO - Processing file /home/vscode/.local/lib/python3.10/site-packages/airflow/example_dags/example_latest_only_with_trigger.py for tasks to queue
[2025-03-24T20:32:18.671+0000] {logging_mixin.py:150} INFO - [2025-03-24T20:32:18.671+0000] {dagbag.py:541} INFO - Filling up the DagBag from /home/vscode/.local/lib/python3.10/site-packages/airflow/example_dags/example_latest_only_with_trigger.py
[2025-03-24T20:32:18.676+0000] {processor.py:836} INFO - DAG(s) dict_keys(['latest_only_with_trigger']) retrieved from /home/vscode/.local/lib/python3.10/site-packages/airflow/example_dags/example_latest_only_with_trigger.py
[2025-03-24T20:32:18.688+0000] {logging_mixin.py:150} INFO - [2025-03-24T20:32:18.688+0000] {dag.py:2742} INFO - Sync 1 DAGs
[2025-03-24T20:32:18.702+0000] {logging_mixin.py:150} INFO - [2025-03-24T20:32:18.702+0000] {dag.py:3504} INFO - Setting next_dagrun for latest_only_with_trigger to 2025-03-24T16:32:18.701999+00:00, run_after=2025-03-24T20:32:18.701999+00:00
[2025-03-24T20:32:18.717+0000] {processor.py:179} INFO - Processing /home/vscode/.local/lib/python3.10/site-packages/airflow/example_dags/example_latest_only_with_trigger.py took 0.049 seconds
[2025-03-24T20:33:05.077+0000] {processor.py:157} INFO - Started process (PID=34021) to work on /home/vscode/.local/lib/python3.10/site-packages/airflow/example_dags/example_latest_only_with_trigger.py
[2025-03-24T20:33:05.078+0000] {processor.py:826} INFO - Processing file /home/vscode/.local/lib/python3.10/site-packages/airflow/example_dags/example_latest_only_with_trigger.py for tasks to queue
[2025-03-24T20:33:05.079+0000] {logging_mixin.py:150} INFO - [2025-03-24T20:33:05.079+0000] {dagbag.py:541} INFO - Filling up the DagBag from /home/vscode/.local/lib/python3.10/site-packages/airflow/example_dags/example_latest_only_with_trigger.py
[2025-03-24T20:33:05.086+0000] {processor.py:836} INFO - DAG(s) dict_keys(['latest_only_with_trigger']) retrieved from /home/vscode/.local/lib/python3.10/site-packages/airflow/example_dags/example_latest_only_with_trigger.py
[2025-03-24T20:33:05.110+0000] {logging_mixin.py:150} INFO - [2025-03-24T20:33:05.109+0000] {dag.py:2742} INFO - Sync 1 DAGs
[2025-03-24T20:33:05.131+0000] {logging_mixin.py:150} INFO - [2025-03-24T20:33:05.131+0000] {dag.py:3504} INFO - Setting next_dagrun for latest_only_with_trigger to 2025-03-24T16:33:05.130987+00:00, run_after=2025-03-24T20:33:05.130987+00:00
[2025-03-24T20:33:05.170+0000] {processor.py:179} INFO - Processing /home/vscode/.local/lib/python3.10/site-packages/airflow/example_dags/example_latest_only_with_trigger.py took 0.096 seconds
[2025-03-24T20:33:52.613+0000] {processor.py:157} INFO - Started process (PID=34409) to work on /home/vscode/.local/lib/python3.10/site-packages/airflow/example_dags/example_latest_only_with_trigger.py
[2025-03-24T20:33:52.614+0000] {processor.py:826} INFO - Processing file /home/vscode/.local/lib/python3.10/site-packages/airflow/example_dags/example_latest_only_with_trigger.py for tasks to queue
[2025-03-24T20:33:52.614+0000] {logging_mixin.py:150} INFO - [2025-03-24T20:33:52.614+0000] {dagbag.py:541} INFO - Filling up the DagBag from /home/vscode/.local/lib/python3.10/site-packages/airflow/example_dags/example_latest_only_with_trigger.py
[2025-03-24T20:33:52.619+0000] {processor.py:836} INFO - DAG(s) dict_keys(['latest_only_with_trigger']) retrieved from /home/vscode/.local/lib/python3.10/site-packages/airflow/example_dags/example_latest_only_with_trigger.py
[2025-03-24T20:33:52.630+0000] {logging_mixin.py:150} INFO - [2025-03-24T20:33:52.630+0000] {dag.py:2742} INFO - Sync 1 DAGs
[2025-03-24T20:33:52.644+0000] {logging_mixin.py:150} INFO - [2025-03-24T20:33:52.644+0000] {dag.py:3504} INFO - Setting next_dagrun for latest_only_with_trigger to 2025-03-24T16:33:52.644096+00:00, run_after=2025-03-24T20:33:52.644096+00:00
[2025-03-24T20:33:52.659+0000] {processor.py:179} INFO - Processing /home/vscode/.local/lib/python3.10/site-packages/airflow/example_dags/example_latest_only_with_trigger.py took 0.048 seconds
[2025-03-24T20:34:37.795+0000] {processor.py:157} INFO - Started process (PID=34721) to work on /home/vscode/.local/lib/python3.10/site-packages/airflow/example_dags/example_latest_only_with_trigger.py
[2025-03-24T20:34:37.795+0000] {processor.py:826} INFO - Processing file /home/vscode/.local/lib/python3.10/site-packages/airflow/example_dags/example_latest_only_with_trigger.py for tasks to queue
[2025-03-24T20:34:37.796+0000] {logging_mixin.py:150} INFO - [2025-03-24T20:34:37.796+0000] {dagbag.py:541} INFO - Filling up the DagBag from /home/vscode/.local/lib/python3.10/site-packages/airflow/example_dags/example_latest_only_with_trigger.py
[2025-03-24T20:34:37.802+0000] {processor.py:836} INFO - DAG(s) dict_keys(['latest_only_with_trigger']) retrieved from /home/vscode/.local/lib/python3.10/site-packages/airflow/example_dags/example_latest_only_with_trigger.py
[2025-03-24T20:34:37.814+0000] {logging_mixin.py:150} INFO - [2025-03-24T20:34:37.814+0000] {dag.py:2742} INFO - Sync 1 DAGs
[2025-03-24T20:34:37.828+0000] {logging_mixin.py:150} INFO - [2025-03-24T20:34:37.828+0000] {dag.py:3504} INFO - Setting next_dagrun for latest_only_with_trigger to 2025-03-24T16:34:37.828499+00:00, run_after=2025-03-24T20:34:37.828499+00:00
[2025-03-24T20:34:37.843+0000] {processor.py:179} INFO - Processing /home/vscode/.local/lib/python3.10/site-packages/airflow/example_dags/example_latest_only_with_trigger.py took 0.052 seconds
[2025-03-24T20:35:22.598+0000] {processor.py:157} INFO - Started process (PID=35011) to work on /home/vscode/.local/lib/python3.10/site-packages/airflow/example_dags/example_latest_only_with_trigger.py
[2025-03-24T20:35:22.598+0000] {processor.py:826} INFO - Processing file /home/vscode/.local/lib/python3.10/site-packages/airflow/example_dags/example_latest_only_with_trigger.py for tasks to queue
[2025-03-24T20:35:22.599+0000] {logging_mixin.py:150} INFO - [2025-03-24T20:35:22.599+0000] {dagbag.py:541} INFO - Filling up the DagBag from /home/vscode/.local/lib/python3.10/site-packages/airflow/example_dags/example_latest_only_with_trigger.py
[2025-03-24T20:35:22.603+0000] {processor.py:836} INFO - DAG(s) dict_keys(['latest_only_with_trigger']) retrieved from /home/vscode/.local/lib/python3.10/site-packages/airflow/example_dags/example_latest_only_with_trigger.py
[2025-03-24T20:35:22.615+0000] {logging_mixin.py:150} INFO - [2025-03-24T20:35:22.615+0000] {dag.py:2742} INFO - Sync 1 DAGs
[2025-03-24T20:35:22.629+0000] {logging_mixin.py:150} INFO - [2025-03-24T20:35:22.629+0000] {dag.py:3504} INFO - Setting next_dagrun for latest_only_with_trigger to 2025-03-24T16:35:22.628916+00:00, run_after=2025-03-24T20:35:22.628916+00:00
[2025-03-24T20:35:22.643+0000] {processor.py:179} INFO - Processing /home/vscode/.local/lib/python3.10/site-packages/airflow/example_dags/example_latest_only_with_trigger.py took 0.048 seconds
[2025-03-24T20:36:06.146+0000] {processor.py:157} INFO - Started process (PID=35315) to work on /home/vscode/.local/lib/python3.10/site-packages/airflow/example_dags/example_latest_only_with_trigger.py
[2025-03-24T20:36:06.147+0000] {processor.py:826} INFO - Processing file /home/vscode/.local/lib/python3.10/site-packages/airflow/example_dags/example_latest_only_with_trigger.py for tasks to queue
[2025-03-24T20:36:06.148+0000] {logging_mixin.py:150} INFO - [2025-03-24T20:36:06.147+0000] {dagbag.py:541} INFO - Filling up the DagBag from /home/vscode/.local/lib/python3.10/site-packages/airflow/example_dags/example_latest_only_with_trigger.py
[2025-03-24T20:36:06.152+0000] {processor.py:836} INFO - DAG(s) dict_keys(['latest_only_with_trigger']) retrieved from /home/vscode/.local/lib/python3.10/site-packages/airflow/example_dags/example_latest_only_with_trigger.py
[2025-03-24T20:36:06.163+0000] {logging_mixin.py:150} INFO - [2025-03-24T20:36:06.163+0000] {dag.py:2742} INFO - Sync 1 DAGs
[2025-03-24T20:36:06.177+0000] {logging_mixin.py:150} INFO - [2025-03-24T20:36:06.177+0000] {dag.py:3504} INFO - Setting next_dagrun for latest_only_with_trigger to 2025-03-24T16:36:06.177572+00:00, run_after=2025-03-24T20:36:06.177572+00:00
[2025-03-24T20:36:06.193+0000] {processor.py:179} INFO - Processing /home/vscode/.local/lib/python3.10/site-packages/airflow/example_dags/example_latest_only_with_trigger.py took 0.048 seconds
[2025-03-24T20:36:54.119+0000] {processor.py:157} INFO - Started process (PID=35660) to work on /home/vscode/.local/lib/python3.10/site-packages/airflow/example_dags/example_latest_only_with_trigger.py
[2025-03-24T20:36:54.119+0000] {processor.py:826} INFO - Processing file /home/vscode/.local/lib/python3.10/site-packages/airflow/example_dags/example_latest_only_with_trigger.py for tasks to queue
[2025-03-24T20:36:54.120+0000] {logging_mixin.py:150} INFO - [2025-03-24T20:36:54.120+0000] {dagbag.py:541} INFO - Filling up the DagBag from /home/vscode/.local/lib/python3.10/site-packages/airflow/example_dags/example_latest_only_with_trigger.py
[2025-03-24T20:36:54.124+0000] {processor.py:836} INFO - DAG(s) dict_keys(['latest_only_with_trigger']) retrieved from /home/vscode/.local/lib/python3.10/site-packages/airflow/example_dags/example_latest_only_with_trigger.py
[2025-03-24T20:36:54.136+0000] {logging_mixin.py:150} INFO - [2025-03-24T20:36:54.136+0000] {dag.py:2742} INFO - Sync 1 DAGs
[2025-03-24T20:36:54.150+0000] {logging_mixin.py:150} INFO - [2025-03-24T20:36:54.150+0000] {dag.py:3504} INFO - Setting next_dagrun for latest_only_with_trigger to 2025-03-24T16:36:54.149843+00:00, run_after=2025-03-24T20:36:54.149843+00:00
[2025-03-24T20:36:54.165+0000] {processor.py:179} INFO - Processing /home/vscode/.local/lib/python3.10/site-packages/airflow/example_dags/example_latest_only_with_trigger.py took 0.048 seconds
[2025-03-24T20:37:38.719+0000] {processor.py:157} INFO - Started process (PID=35980) to work on /home/vscode/.local/lib/python3.10/site-packages/airflow/example_dags/example_latest_only_with_trigger.py
[2025-03-24T20:37:38.720+0000] {processor.py:826} INFO - Processing file /home/vscode/.local/lib/python3.10/site-packages/airflow/example_dags/example_latest_only_with_trigger.py for tasks to queue
[2025-03-24T20:37:38.721+0000] {logging_mixin.py:150} INFO - [2025-03-24T20:37:38.720+0000] {dagbag.py:541} INFO - Filling up the DagBag from /home/vscode/.local/lib/python3.10/site-packages/airflow/example_dags/example_latest_only_with_trigger.py
[2025-03-24T20:37:38.725+0000] {processor.py:836} INFO - DAG(s) dict_keys(['latest_only_with_trigger']) retrieved from /home/vscode/.local/lib/python3.10/site-packages/airflow/example_dags/example_latest_only_with_trigger.py
[2025-03-24T20:37:38.737+0000] {logging_mixin.py:150} INFO - [2025-03-24T20:37:38.736+0000] {dag.py:2742} INFO - Sync 1 DAGs
[2025-03-24T20:37:38.750+0000] {logging_mixin.py:150} INFO - [2025-03-24T20:37:38.750+0000] {dag.py:3504} INFO - Setting next_dagrun for latest_only_with_trigger to 2025-03-24T16:37:38.750385+00:00, run_after=2025-03-24T20:37:38.750385+00:00
[2025-03-24T20:37:38.766+0000] {processor.py:179} INFO - Processing /home/vscode/.local/lib/python3.10/site-packages/airflow/example_dags/example_latest_only_with_trigger.py took 0.049 seconds
