[2025-03-24T20:12:29.458+0000] {processor.py:157} INFO - Started process (PID=25048) to work on /home/vscode/.local/lib/python3.10/site-packages/airflow/example_dags/example_xcomargs.py
[2025-03-24T20:12:29.459+0000] {processor.py:826} INFO - Processing file /home/vscode/.local/lib/python3.10/site-packages/airflow/example_dags/example_xcomargs.py for tasks to queue
[2025-03-24T20:12:29.459+0000] {logging_mixin.py:150} INFO - [2025-03-24T20:12:29.459+0000] {dagbag.py:541} INFO - Filling up the DagBag from /home/vscode/.local/lib/python3.10/site-packages/airflow/example_dags/example_xcomargs.py
[2025-03-24T20:12:29.467+0000] {processor.py:836} INFO - DAG(s) dict_keys(['example_xcom_args', 'example_xcom_args_with_operators']) retrieved from /home/vscode/.local/lib/python3.10/site-packages/airflow/example_dags/example_xcomargs.py
[2025-03-24T20:12:29.540+0000] {logging_mixin.py:150} INFO - [2025-03-24T20:12:29.539+0000] {manager.py:504} INFO - Created Permission View: can delete on DAG:example_xcom_args
[2025-03-24T20:12:29.548+0000] {logging_mixin.py:150} INFO - [2025-03-24T20:12:29.547+0000] {manager.py:504} INFO - Created Permission View: can edit on DAG:example_xcom_args
[2025-03-24T20:12:29.553+0000] {logging_mixin.py:150} INFO - [2025-03-24T20:12:29.553+0000] {manager.py:504} INFO - Created Permission View: can read on DAG:example_xcom_args
[2025-03-24T20:12:29.575+0000] {logging_mixin.py:150} INFO - [2025-03-24T20:12:29.574+0000] {manager.py:504} INFO - Created Permission View: can delete on DAG:example_xcom_args_with_operators
[2025-03-24T20:12:29.581+0000] {logging_mixin.py:150} INFO - [2025-03-24T20:12:29.581+0000] {manager.py:504} INFO - Created Permission View: can edit on DAG:example_xcom_args_with_operators
[2025-03-24T20:12:29.587+0000] {logging_mixin.py:150} INFO - [2025-03-24T20:12:29.587+0000] {manager.py:504} INFO - Created Permission View: can read on DAG:example_xcom_args_with_operators
[2025-03-24T20:12:29.590+0000] {logging_mixin.py:150} INFO - [2025-03-24T20:12:29.590+0000] {dag.py:2742} INFO - Sync 2 DAGs
[2025-03-24T20:12:29.597+0000] {logging_mixin.py:150} INFO - [2025-03-24T20:12:29.597+0000] {dag.py:2763} INFO - Creating ORM DAG for example_xcom_args
[2025-03-24T20:12:29.597+0000] {logging_mixin.py:150} INFO - [2025-03-24T20:12:29.597+0000] {dag.py:2763} INFO - Creating ORM DAG for example_xcom_args_with_operators
[2025-03-24T20:12:29.603+0000] {logging_mixin.py:150} INFO - [2025-03-24T20:12:29.603+0000] {dag.py:3504} INFO - Setting next_dagrun for example_xcom_args to None, run_after=None
[2025-03-24T20:12:29.604+0000] {logging_mixin.py:150} INFO - [2025-03-24T20:12:29.604+0000] {dag.py:3504} INFO - Setting next_dagrun for example_xcom_args_with_operators to None, run_after=None
[2025-03-24T20:12:29.619+0000] {processor.py:179} INFO - Processing /home/vscode/.local/lib/python3.10/site-packages/airflow/example_dags/example_xcomargs.py took 0.163 seconds
[2025-03-24T20:13:19.294+0000] {processor.py:157} INFO - Started process (PID=25420) to work on /home/vscode/.local/lib/python3.10/site-packages/airflow/example_dags/example_xcomargs.py
[2025-03-24T20:13:19.295+0000] {processor.py:826} INFO - Processing file /home/vscode/.local/lib/python3.10/site-packages/airflow/example_dags/example_xcomargs.py for tasks to queue
[2025-03-24T20:13:19.295+0000] {logging_mixin.py:150} INFO - [2025-03-24T20:13:19.295+0000] {dagbag.py:541} INFO - Filling up the DagBag from /home/vscode/.local/lib/python3.10/site-packages/airflow/example_dags/example_xcomargs.py
[2025-03-24T20:13:19.302+0000] {processor.py:836} INFO - DAG(s) dict_keys(['example_xcom_args', 'example_xcom_args_with_operators']) retrieved from /home/vscode/.local/lib/python3.10/site-packages/airflow/example_dags/example_xcomargs.py
[2025-03-24T20:13:19.316+0000] {logging_mixin.py:150} INFO - [2025-03-24T20:13:19.316+0000] {dag.py:2742} INFO - Sync 2 DAGs
[2025-03-24T20:13:19.330+0000] {logging_mixin.py:150} INFO - [2025-03-24T20:13:19.330+0000] {dag.py:3504} INFO - Setting next_dagrun for example_xcom_args to None, run_after=None
[2025-03-24T20:13:19.332+0000] {logging_mixin.py:150} INFO - [2025-03-24T20:13:19.332+0000] {dag.py:3504} INFO - Setting next_dagrun for example_xcom_args_with_operators to None, run_after=None
[2025-03-24T20:13:19.346+0000] {processor.py:179} INFO - Processing /home/vscode/.local/lib/python3.10/site-packages/airflow/example_dags/example_xcomargs.py took 0.054 seconds
[2025-03-24T20:14:03.638+0000] {processor.py:157} INFO - Started process (PID=25712) to work on /home/vscode/.local/lib/python3.10/site-packages/airflow/example_dags/example_xcomargs.py
[2025-03-24T20:14:03.638+0000] {processor.py:826} INFO - Processing file /home/vscode/.local/lib/python3.10/site-packages/airflow/example_dags/example_xcomargs.py for tasks to queue
[2025-03-24T20:14:03.639+0000] {logging_mixin.py:150} INFO - [2025-03-24T20:14:03.639+0000] {dagbag.py:541} INFO - Filling up the DagBag from /home/vscode/.local/lib/python3.10/site-packages/airflow/example_dags/example_xcomargs.py
[2025-03-24T20:14:03.645+0000] {processor.py:836} INFO - DAG(s) dict_keys(['example_xcom_args_with_operators', 'example_xcom_args']) retrieved from /home/vscode/.local/lib/python3.10/site-packages/airflow/example_dags/example_xcomargs.py
[2025-03-24T20:14:03.659+0000] {logging_mixin.py:150} INFO - [2025-03-24T20:14:03.659+0000] {dag.py:2742} INFO - Sync 2 DAGs
[2025-03-24T20:14:03.673+0000] {logging_mixin.py:150} INFO - [2025-03-24T20:14:03.673+0000] {dag.py:3504} INFO - Setting next_dagrun for example_xcom_args to None, run_after=None
[2025-03-24T20:14:03.675+0000] {logging_mixin.py:150} INFO - [2025-03-24T20:14:03.675+0000] {dag.py:3504} INFO - Setting next_dagrun for example_xcom_args_with_operators to None, run_after=None
[2025-03-24T20:14:03.689+0000] {processor.py:179} INFO - Processing /home/vscode/.local/lib/python3.10/site-packages/airflow/example_dags/example_xcomargs.py took 0.053 seconds
[2025-03-24T20:14:43.255+0000] {processor.py:157} INFO - Started process (PID=25976) to work on /home/vscode/.local/lib/python3.10/site-packages/airflow/example_dags/example_xcomargs.py
[2025-03-24T20:14:43.256+0000] {processor.py:826} INFO - Processing file /home/vscode/.local/lib/python3.10/site-packages/airflow/example_dags/example_xcomargs.py for tasks to queue
[2025-03-24T20:14:43.256+0000] {logging_mixin.py:150} INFO - [2025-03-24T20:14:43.256+0000] {dagbag.py:541} INFO - Filling up the DagBag from /home/vscode/.local/lib/python3.10/site-packages/airflow/example_dags/example_xcomargs.py
[2025-03-24T20:14:43.262+0000] {processor.py:836} INFO - DAG(s) dict_keys(['example_xcom_args_with_operators', 'example_xcom_args']) retrieved from /home/vscode/.local/lib/python3.10/site-packages/airflow/example_dags/example_xcomargs.py
[2025-03-24T20:14:43.275+0000] {logging_mixin.py:150} INFO - [2025-03-24T20:14:43.275+0000] {dag.py:2742} INFO - Sync 2 DAGs
[2025-03-24T20:14:43.289+0000] {logging_mixin.py:150} INFO - [2025-03-24T20:14:43.289+0000] {dag.py:3504} INFO - Setting next_dagrun for example_xcom_args to None, run_after=None
[2025-03-24T20:14:43.291+0000] {logging_mixin.py:150} INFO - [2025-03-24T20:14:43.291+0000] {dag.py:3504} INFO - Setting next_dagrun for example_xcom_args_with_operators to None, run_after=None
[2025-03-24T20:14:43.305+0000] {processor.py:179} INFO - Processing /home/vscode/.local/lib/python3.10/site-packages/airflow/example_dags/example_xcomargs.py took 0.052 seconds
[2025-03-24T20:15:23.880+0000] {processor.py:157} INFO - Started process (PID=26267) to work on /home/vscode/.local/lib/python3.10/site-packages/airflow/example_dags/example_xcomargs.py
[2025-03-24T20:15:23.881+0000] {processor.py:826} INFO - Processing file /home/vscode/.local/lib/python3.10/site-packages/airflow/example_dags/example_xcomargs.py for tasks to queue
[2025-03-24T20:15:23.881+0000] {logging_mixin.py:150} INFO - [2025-03-24T20:15:23.881+0000] {dagbag.py:541} INFO - Filling up the DagBag from /home/vscode/.local/lib/python3.10/site-packages/airflow/example_dags/example_xcomargs.py
[2025-03-24T20:15:23.887+0000] {processor.py:836} INFO - DAG(s) dict_keys(['example_xcom_args_with_operators', 'example_xcom_args']) retrieved from /home/vscode/.local/lib/python3.10/site-packages/airflow/example_dags/example_xcomargs.py
[2025-03-24T20:15:23.900+0000] {logging_mixin.py:150} INFO - [2025-03-24T20:15:23.900+0000] {dag.py:2742} INFO - Sync 2 DAGs
[2025-03-24T20:15:23.914+0000] {logging_mixin.py:150} INFO - [2025-03-24T20:15:23.914+0000] {dag.py:3504} INFO - Setting next_dagrun for example_xcom_args to None, run_after=None
[2025-03-24T20:15:23.916+0000] {logging_mixin.py:150} INFO - [2025-03-24T20:15:23.916+0000] {dag.py:3504} INFO - Setting next_dagrun for example_xcom_args_with_operators to None, run_after=None
[2025-03-24T20:15:23.928+0000] {processor.py:179} INFO - Processing /home/vscode/.local/lib/python3.10/site-packages/airflow/example_dags/example_xcomargs.py took 0.051 seconds
[2025-03-24T20:16:10.859+0000] {processor.py:157} INFO - Started process (PID=26577) to work on /home/vscode/.local/lib/python3.10/site-packages/airflow/example_dags/example_xcomargs.py
[2025-03-24T20:16:10.860+0000] {processor.py:826} INFO - Processing file /home/vscode/.local/lib/python3.10/site-packages/airflow/example_dags/example_xcomargs.py for tasks to queue
[2025-03-24T20:16:10.861+0000] {logging_mixin.py:150} INFO - [2025-03-24T20:16:10.860+0000] {dagbag.py:541} INFO - Filling up the DagBag from /home/vscode/.local/lib/python3.10/site-packages/airflow/example_dags/example_xcomargs.py
[2025-03-24T20:16:10.869+0000] {processor.py:836} INFO - DAG(s) dict_keys(['example_xcom_args', 'example_xcom_args_with_operators']) retrieved from /home/vscode/.local/lib/python3.10/site-packages/airflow/example_dags/example_xcomargs.py
[2025-03-24T20:16:10.888+0000] {logging_mixin.py:150} INFO - [2025-03-24T20:16:10.888+0000] {dag.py:2742} INFO - Sync 2 DAGs
[2025-03-24T20:16:10.909+0000] {logging_mixin.py:150} INFO - [2025-03-24T20:16:10.908+0000] {dag.py:3504} INFO - Setting next_dagrun for example_xcom_args to None, run_after=None
[2025-03-24T20:16:10.911+0000] {logging_mixin.py:150} INFO - [2025-03-24T20:16:10.911+0000] {dag.py:3504} INFO - Setting next_dagrun for example_xcom_args_with_operators to None, run_after=None
[2025-03-24T20:16:10.927+0000] {processor.py:179} INFO - Processing /home/vscode/.local/lib/python3.10/site-packages/airflow/example_dags/example_xcomargs.py took 0.071 seconds
[2025-03-24T20:16:57.153+0000] {processor.py:157} INFO - Started process (PID=26886) to work on /home/vscode/.local/lib/python3.10/site-packages/airflow/example_dags/example_xcomargs.py
[2025-03-24T20:16:57.154+0000] {processor.py:826} INFO - Processing file /home/vscode/.local/lib/python3.10/site-packages/airflow/example_dags/example_xcomargs.py for tasks to queue
[2025-03-24T20:16:57.155+0000] {logging_mixin.py:150} INFO - [2025-03-24T20:16:57.154+0000] {dagbag.py:541} INFO - Filling up the DagBag from /home/vscode/.local/lib/python3.10/site-packages/airflow/example_dags/example_xcomargs.py
[2025-03-24T20:16:57.161+0000] {processor.py:836} INFO - DAG(s) dict_keys(['example_xcom_args', 'example_xcom_args_with_operators']) retrieved from /home/vscode/.local/lib/python3.10/site-packages/airflow/example_dags/example_xcomargs.py
[2025-03-24T20:16:57.174+0000] {logging_mixin.py:150} INFO - [2025-03-24T20:16:57.174+0000] {dag.py:2742} INFO - Sync 2 DAGs
[2025-03-24T20:16:57.189+0000] {logging_mixin.py:150} INFO - [2025-03-24T20:16:57.189+0000] {dag.py:3504} INFO - Setting next_dagrun for example_xcom_args to None, run_after=None
[2025-03-24T20:16:57.191+0000] {logging_mixin.py:150} INFO - [2025-03-24T20:16:57.191+0000] {dag.py:3504} INFO - Setting next_dagrun for example_xcom_args_with_operators to None, run_after=None
[2025-03-24T20:16:57.204+0000] {processor.py:179} INFO - Processing /home/vscode/.local/lib/python3.10/site-packages/airflow/example_dags/example_xcomargs.py took 0.054 seconds
[2025-03-24T20:17:42.696+0000] {processor.py:157} INFO - Started process (PID=27187) to work on /home/vscode/.local/lib/python3.10/site-packages/airflow/example_dags/example_xcomargs.py
[2025-03-24T20:17:42.697+0000] {processor.py:826} INFO - Processing file /home/vscode/.local/lib/python3.10/site-packages/airflow/example_dags/example_xcomargs.py for tasks to queue
[2025-03-24T20:17:42.697+0000] {logging_mixin.py:150} INFO - [2025-03-24T20:17:42.697+0000] {dagbag.py:541} INFO - Filling up the DagBag from /home/vscode/.local/lib/python3.10/site-packages/airflow/example_dags/example_xcomargs.py
[2025-03-24T20:17:42.703+0000] {processor.py:836} INFO - DAG(s) dict_keys(['example_xcom_args_with_operators', 'example_xcom_args']) retrieved from /home/vscode/.local/lib/python3.10/site-packages/airflow/example_dags/example_xcomargs.py
[2025-03-24T20:17:42.717+0000] {logging_mixin.py:150} INFO - [2025-03-24T20:17:42.717+0000] {dag.py:2742} INFO - Sync 2 DAGs
[2025-03-24T20:17:42.730+0000] {logging_mixin.py:150} INFO - [2025-03-24T20:17:42.730+0000] {dag.py:3504} INFO - Setting next_dagrun for example_xcom_args to None, run_after=None
[2025-03-24T20:17:42.732+0000] {logging_mixin.py:150} INFO - [2025-03-24T20:17:42.732+0000] {dag.py:3504} INFO - Setting next_dagrun for example_xcom_args_with_operators to None, run_after=None
[2025-03-24T20:17:42.746+0000] {processor.py:179} INFO - Processing /home/vscode/.local/lib/python3.10/site-packages/airflow/example_dags/example_xcomargs.py took 0.052 seconds
[2025-03-24T20:18:25.928+0000] {processor.py:157} INFO - Started process (PID=27473) to work on /home/vscode/.local/lib/python3.10/site-packages/airflow/example_dags/example_xcomargs.py
[2025-03-24T20:18:25.929+0000] {processor.py:826} INFO - Processing file /home/vscode/.local/lib/python3.10/site-packages/airflow/example_dags/example_xcomargs.py for tasks to queue
[2025-03-24T20:18:25.929+0000] {logging_mixin.py:150} INFO - [2025-03-24T20:18:25.929+0000] {dagbag.py:541} INFO - Filling up the DagBag from /home/vscode/.local/lib/python3.10/site-packages/airflow/example_dags/example_xcomargs.py
[2025-03-24T20:18:25.935+0000] {processor.py:836} INFO - DAG(s) dict_keys(['example_xcom_args', 'example_xcom_args_with_operators']) retrieved from /home/vscode/.local/lib/python3.10/site-packages/airflow/example_dags/example_xcomargs.py
[2025-03-24T20:18:25.948+0000] {logging_mixin.py:150} INFO - [2025-03-24T20:18:25.948+0000] {dag.py:2742} INFO - Sync 2 DAGs
[2025-03-24T20:18:25.962+0000] {logging_mixin.py:150} INFO - [2025-03-24T20:18:25.962+0000] {dag.py:3504} INFO - Setting next_dagrun for example_xcom_args to None, run_after=None
[2025-03-24T20:18:25.964+0000] {logging_mixin.py:150} INFO - [2025-03-24T20:18:25.964+0000] {dag.py:3504} INFO - Setting next_dagrun for example_xcom_args_with_operators to None, run_after=None
[2025-03-24T20:18:25.978+0000] {processor.py:179} INFO - Processing /home/vscode/.local/lib/python3.10/site-packages/airflow/example_dags/example_xcomargs.py took 0.052 seconds
[2025-03-24T20:19:06.471+0000] {processor.py:157} INFO - Started process (PID=27748) to work on /home/vscode/.local/lib/python3.10/site-packages/airflow/example_dags/example_xcomargs.py
[2025-03-24T20:19:06.472+0000] {processor.py:826} INFO - Processing file /home/vscode/.local/lib/python3.10/site-packages/airflow/example_dags/example_xcomargs.py for tasks to queue
[2025-03-24T20:19:06.473+0000] {logging_mixin.py:150} INFO - [2025-03-24T20:19:06.472+0000] {dagbag.py:541} INFO - Filling up the DagBag from /home/vscode/.local/lib/python3.10/site-packages/airflow/example_dags/example_xcomargs.py
[2025-03-24T20:19:06.478+0000] {processor.py:836} INFO - DAG(s) dict_keys(['example_xcom_args_with_operators', 'example_xcom_args']) retrieved from /home/vscode/.local/lib/python3.10/site-packages/airflow/example_dags/example_xcomargs.py
[2025-03-24T20:19:06.491+0000] {logging_mixin.py:150} INFO - [2025-03-24T20:19:06.491+0000] {dag.py:2742} INFO - Sync 2 DAGs
[2025-03-24T20:19:06.505+0000] {logging_mixin.py:150} INFO - [2025-03-24T20:19:06.505+0000] {dag.py:3504} INFO - Setting next_dagrun for example_xcom_args to None, run_after=None
[2025-03-24T20:19:06.507+0000] {logging_mixin.py:150} INFO - [2025-03-24T20:19:06.507+0000] {dag.py:3504} INFO - Setting next_dagrun for example_xcom_args_with_operators to None, run_after=None
[2025-03-24T20:19:06.521+0000] {processor.py:179} INFO - Processing /home/vscode/.local/lib/python3.10/site-packages/airflow/example_dags/example_xcomargs.py took 0.051 seconds
[2025-03-24T20:19:52.709+0000] {processor.py:157} INFO - Started process (PID=28079) to work on /home/vscode/.local/lib/python3.10/site-packages/airflow/example_dags/example_xcomargs.py
[2025-03-24T20:19:52.710+0000] {processor.py:826} INFO - Processing file /home/vscode/.local/lib/python3.10/site-packages/airflow/example_dags/example_xcomargs.py for tasks to queue
[2025-03-24T20:19:52.711+0000] {logging_mixin.py:150} INFO - [2025-03-24T20:19:52.710+0000] {dagbag.py:541} INFO - Filling up the DagBag from /home/vscode/.local/lib/python3.10/site-packages/airflow/example_dags/example_xcomargs.py
[2025-03-24T20:19:52.718+0000] {processor.py:836} INFO - DAG(s) dict_keys(['example_xcom_args_with_operators', 'example_xcom_args']) retrieved from /home/vscode/.local/lib/python3.10/site-packages/airflow/example_dags/example_xcomargs.py
[2025-03-24T20:19:52.731+0000] {logging_mixin.py:150} INFO - [2025-03-24T20:19:52.731+0000] {dag.py:2742} INFO - Sync 2 DAGs
[2025-03-24T20:19:52.745+0000] {logging_mixin.py:150} INFO - [2025-03-24T20:19:52.745+0000] {dag.py:3504} INFO - Setting next_dagrun for example_xcom_args to None, run_after=None
[2025-03-24T20:19:52.747+0000] {logging_mixin.py:150} INFO - [2025-03-24T20:19:52.747+0000] {dag.py:3504} INFO - Setting next_dagrun for example_xcom_args_with_operators to None, run_after=None
[2025-03-24T20:19:52.760+0000] {processor.py:179} INFO - Processing /home/vscode/.local/lib/python3.10/site-packages/airflow/example_dags/example_xcomargs.py took 0.054 seconds
[2025-03-24T20:20:41.830+0000] {processor.py:157} INFO - Started process (PID=28433) to work on /home/vscode/.local/lib/python3.10/site-packages/airflow/example_dags/example_xcomargs.py
[2025-03-24T20:20:41.830+0000] {processor.py:826} INFO - Processing file /home/vscode/.local/lib/python3.10/site-packages/airflow/example_dags/example_xcomargs.py for tasks to queue
[2025-03-24T20:20:41.831+0000] {logging_mixin.py:150} INFO - [2025-03-24T20:20:41.831+0000] {dagbag.py:541} INFO - Filling up the DagBag from /home/vscode/.local/lib/python3.10/site-packages/airflow/example_dags/example_xcomargs.py
[2025-03-24T20:20:41.837+0000] {processor.py:836} INFO - DAG(s) dict_keys(['example_xcom_args', 'example_xcom_args_with_operators']) retrieved from /home/vscode/.local/lib/python3.10/site-packages/airflow/example_dags/example_xcomargs.py
[2025-03-24T20:20:41.850+0000] {logging_mixin.py:150} INFO - [2025-03-24T20:20:41.850+0000] {dag.py:2742} INFO - Sync 2 DAGs
[2025-03-24T20:20:41.864+0000] {logging_mixin.py:150} INFO - [2025-03-24T20:20:41.864+0000] {dag.py:3504} INFO - Setting next_dagrun for example_xcom_args to None, run_after=None
[2025-03-24T20:20:41.866+0000] {logging_mixin.py:150} INFO - [2025-03-24T20:20:41.866+0000] {dag.py:3504} INFO - Setting next_dagrun for example_xcom_args_with_operators to None, run_after=None
[2025-03-24T20:20:41.878+0000] {processor.py:179} INFO - Processing /home/vscode/.local/lib/python3.10/site-packages/airflow/example_dags/example_xcomargs.py took 0.051 seconds
[2025-03-24T20:21:28.340+0000] {processor.py:157} INFO - Started process (PID=28798) to work on /home/vscode/.local/lib/python3.10/site-packages/airflow/example_dags/example_xcomargs.py
[2025-03-24T20:21:28.341+0000] {processor.py:826} INFO - Processing file /home/vscode/.local/lib/python3.10/site-packages/airflow/example_dags/example_xcomargs.py for tasks to queue
[2025-03-24T20:21:28.341+0000] {logging_mixin.py:150} INFO - [2025-03-24T20:21:28.341+0000] {dagbag.py:541} INFO - Filling up the DagBag from /home/vscode/.local/lib/python3.10/site-packages/airflow/example_dags/example_xcomargs.py
[2025-03-24T20:21:28.347+0000] {processor.py:836} INFO - DAG(s) dict_keys(['example_xcom_args_with_operators', 'example_xcom_args']) retrieved from /home/vscode/.local/lib/python3.10/site-packages/airflow/example_dags/example_xcomargs.py
[2025-03-24T20:21:28.360+0000] {logging_mixin.py:150} INFO - [2025-03-24T20:21:28.360+0000] {dag.py:2742} INFO - Sync 2 DAGs
[2025-03-24T20:21:28.374+0000] {logging_mixin.py:150} INFO - [2025-03-24T20:21:28.374+0000] {dag.py:3504} INFO - Setting next_dagrun for example_xcom_args to None, run_after=None
[2025-03-24T20:21:28.376+0000] {logging_mixin.py:150} INFO - [2025-03-24T20:21:28.376+0000] {dag.py:3504} INFO - Setting next_dagrun for example_xcom_args_with_operators to None, run_after=None
[2025-03-24T20:21:28.389+0000] {processor.py:179} INFO - Processing /home/vscode/.local/lib/python3.10/site-packages/airflow/example_dags/example_xcomargs.py took 0.051 seconds
[2025-03-24T20:22:15.434+0000] {processor.py:157} INFO - Started process (PID=29140) to work on /home/vscode/.local/lib/python3.10/site-packages/airflow/example_dags/example_xcomargs.py
[2025-03-24T20:22:15.434+0000] {processor.py:826} INFO - Processing file /home/vscode/.local/lib/python3.10/site-packages/airflow/example_dags/example_xcomargs.py for tasks to queue
[2025-03-24T20:22:15.435+0000] {logging_mixin.py:150} INFO - [2025-03-24T20:22:15.435+0000] {dagbag.py:541} INFO - Filling up the DagBag from /home/vscode/.local/lib/python3.10/site-packages/airflow/example_dags/example_xcomargs.py
[2025-03-24T20:22:15.441+0000] {processor.py:836} INFO - DAG(s) dict_keys(['example_xcom_args', 'example_xcom_args_with_operators']) retrieved from /home/vscode/.local/lib/python3.10/site-packages/airflow/example_dags/example_xcomargs.py
[2025-03-24T20:22:15.454+0000] {logging_mixin.py:150} INFO - [2025-03-24T20:22:15.454+0000] {dag.py:2742} INFO - Sync 2 DAGs
[2025-03-24T20:22:15.468+0000] {logging_mixin.py:150} INFO - [2025-03-24T20:22:15.468+0000] {dag.py:3504} INFO - Setting next_dagrun for example_xcom_args to None, run_after=None
[2025-03-24T20:22:15.470+0000] {logging_mixin.py:150} INFO - [2025-03-24T20:22:15.470+0000] {dag.py:3504} INFO - Setting next_dagrun for example_xcom_args_with_operators to None, run_after=None
[2025-03-24T20:22:15.483+0000] {processor.py:179} INFO - Processing /home/vscode/.local/lib/python3.10/site-packages/airflow/example_dags/example_xcomargs.py took 0.052 seconds
[2025-03-24T20:22:57.701+0000] {processor.py:157} INFO - Started process (PID=29464) to work on /home/vscode/.local/lib/python3.10/site-packages/airflow/example_dags/example_xcomargs.py
[2025-03-24T20:22:57.702+0000] {processor.py:826} INFO - Processing file /home/vscode/.local/lib/python3.10/site-packages/airflow/example_dags/example_xcomargs.py for tasks to queue
[2025-03-24T20:22:57.703+0000] {logging_mixin.py:150} INFO - [2025-03-24T20:22:57.702+0000] {dagbag.py:541} INFO - Filling up the DagBag from /home/vscode/.local/lib/python3.10/site-packages/airflow/example_dags/example_xcomargs.py
[2025-03-24T20:22:57.711+0000] {processor.py:836} INFO - DAG(s) dict_keys(['example_xcom_args', 'example_xcom_args_with_operators']) retrieved from /home/vscode/.local/lib/python3.10/site-packages/airflow/example_dags/example_xcomargs.py
[2025-03-24T20:22:57.724+0000] {logging_mixin.py:150} INFO - [2025-03-24T20:22:57.724+0000] {dag.py:2742} INFO - Sync 2 DAGs
[2025-03-24T20:22:57.738+0000] {logging_mixin.py:150} INFO - [2025-03-24T20:22:57.738+0000] {dag.py:3504} INFO - Setting next_dagrun for example_xcom_args to None, run_after=None
[2025-03-24T20:22:57.740+0000] {logging_mixin.py:150} INFO - [2025-03-24T20:22:57.740+0000] {dag.py:3504} INFO - Setting next_dagrun for example_xcom_args_with_operators to None, run_after=None
[2025-03-24T20:22:57.753+0000] {processor.py:179} INFO - Processing /home/vscode/.local/lib/python3.10/site-packages/airflow/example_dags/example_xcomargs.py took 0.054 seconds
[2025-03-24T20:23:32.304+0000] {processor.py:157} INFO - Started process (PID=29758) to work on /home/vscode/.local/lib/python3.10/site-packages/airflow/example_dags/example_xcomargs.py
[2025-03-24T20:23:32.305+0000] {processor.py:826} INFO - Processing file /home/vscode/.local/lib/python3.10/site-packages/airflow/example_dags/example_xcomargs.py for tasks to queue
[2025-03-24T20:23:32.306+0000] {logging_mixin.py:150} INFO - [2025-03-24T20:23:32.305+0000] {dagbag.py:541} INFO - Filling up the DagBag from /home/vscode/.local/lib/python3.10/site-packages/airflow/example_dags/example_xcomargs.py
[2025-03-24T20:23:32.311+0000] {processor.py:836} INFO - DAG(s) dict_keys(['example_xcom_args', 'example_xcom_args_with_operators']) retrieved from /home/vscode/.local/lib/python3.10/site-packages/airflow/example_dags/example_xcomargs.py
[2025-03-24T20:23:32.325+0000] {logging_mixin.py:150} INFO - [2025-03-24T20:23:32.325+0000] {dag.py:2742} INFO - Sync 2 DAGs
[2025-03-24T20:23:32.338+0000] {logging_mixin.py:150} INFO - [2025-03-24T20:23:32.338+0000] {dag.py:3504} INFO - Setting next_dagrun for example_xcom_args to None, run_after=None
[2025-03-24T20:23:32.340+0000] {logging_mixin.py:150} INFO - [2025-03-24T20:23:32.340+0000] {dag.py:3504} INFO - Setting next_dagrun for example_xcom_args_with_operators to None, run_after=None
[2025-03-24T20:23:32.357+0000] {processor.py:179} INFO - Processing /home/vscode/.local/lib/python3.10/site-packages/airflow/example_dags/example_xcomargs.py took 0.054 seconds
[2025-03-24T20:24:15.876+0000] {processor.py:157} INFO - Started process (PID=30102) to work on /home/vscode/.local/lib/python3.10/site-packages/airflow/example_dags/example_xcomargs.py
[2025-03-24T20:24:15.877+0000] {processor.py:826} INFO - Processing file /home/vscode/.local/lib/python3.10/site-packages/airflow/example_dags/example_xcomargs.py for tasks to queue
[2025-03-24T20:24:15.878+0000] {logging_mixin.py:150} INFO - [2025-03-24T20:24:15.877+0000] {dagbag.py:541} INFO - Filling up the DagBag from /home/vscode/.local/lib/python3.10/site-packages/airflow/example_dags/example_xcomargs.py
[2025-03-24T20:24:15.883+0000] {processor.py:836} INFO - DAG(s) dict_keys(['example_xcom_args_with_operators', 'example_xcom_args']) retrieved from /home/vscode/.local/lib/python3.10/site-packages/airflow/example_dags/example_xcomargs.py
[2025-03-24T20:24:15.897+0000] {logging_mixin.py:150} INFO - [2025-03-24T20:24:15.897+0000] {dag.py:2742} INFO - Sync 2 DAGs
[2025-03-24T20:24:15.911+0000] {logging_mixin.py:150} INFO - [2025-03-24T20:24:15.911+0000] {dag.py:3504} INFO - Setting next_dagrun for example_xcom_args to None, run_after=None
[2025-03-24T20:24:15.913+0000] {logging_mixin.py:150} INFO - [2025-03-24T20:24:15.913+0000] {dag.py:3504} INFO - Setting next_dagrun for example_xcom_args_with_operators to None, run_after=None
[2025-03-24T20:24:15.927+0000] {processor.py:179} INFO - Processing /home/vscode/.local/lib/python3.10/site-packages/airflow/example_dags/example_xcomargs.py took 0.053 seconds
[2025-03-24T20:24:59.085+0000] {processor.py:157} INFO - Started process (PID=30413) to work on /home/vscode/.local/lib/python3.10/site-packages/airflow/example_dags/example_xcomargs.py
[2025-03-24T20:24:59.086+0000] {processor.py:826} INFO - Processing file /home/vscode/.local/lib/python3.10/site-packages/airflow/example_dags/example_xcomargs.py for tasks to queue
[2025-03-24T20:24:59.086+0000] {logging_mixin.py:150} INFO - [2025-03-24T20:24:59.086+0000] {dagbag.py:541} INFO - Filling up the DagBag from /home/vscode/.local/lib/python3.10/site-packages/airflow/example_dags/example_xcomargs.py
[2025-03-24T20:24:59.092+0000] {processor.py:836} INFO - DAG(s) dict_keys(['example_xcom_args_with_operators', 'example_xcom_args']) retrieved from /home/vscode/.local/lib/python3.10/site-packages/airflow/example_dags/example_xcomargs.py
[2025-03-24T20:24:59.105+0000] {logging_mixin.py:150} INFO - [2025-03-24T20:24:59.105+0000] {dag.py:2742} INFO - Sync 2 DAGs
[2025-03-24T20:24:59.120+0000] {logging_mixin.py:150} INFO - [2025-03-24T20:24:59.119+0000] {dag.py:3504} INFO - Setting next_dagrun for example_xcom_args to None, run_after=None
[2025-03-24T20:24:59.123+0000] {logging_mixin.py:150} INFO - [2025-03-24T20:24:59.123+0000] {dag.py:3504} INFO - Setting next_dagrun for example_xcom_args_with_operators to None, run_after=None
[2025-03-24T20:24:59.138+0000] {processor.py:179} INFO - Processing /home/vscode/.local/lib/python3.10/site-packages/airflow/example_dags/example_xcomargs.py took 0.055 seconds
[2025-03-24T20:25:40.981+0000] {processor.py:157} INFO - Started process (PID=30732) to work on /home/vscode/.local/lib/python3.10/site-packages/airflow/example_dags/example_xcomargs.py
[2025-03-24T20:25:40.982+0000] {processor.py:826} INFO - Processing file /home/vscode/.local/lib/python3.10/site-packages/airflow/example_dags/example_xcomargs.py for tasks to queue
[2025-03-24T20:25:40.982+0000] {logging_mixin.py:150} INFO - [2025-03-24T20:25:40.982+0000] {dagbag.py:541} INFO - Filling up the DagBag from /home/vscode/.local/lib/python3.10/site-packages/airflow/example_dags/example_xcomargs.py
[2025-03-24T20:25:40.988+0000] {processor.py:836} INFO - DAG(s) dict_keys(['example_xcom_args', 'example_xcom_args_with_operators']) retrieved from /home/vscode/.local/lib/python3.10/site-packages/airflow/example_dags/example_xcomargs.py
[2025-03-24T20:25:41.001+0000] {logging_mixin.py:150} INFO - [2025-03-24T20:25:41.001+0000] {dag.py:2742} INFO - Sync 2 DAGs
[2025-03-24T20:25:41.015+0000] {logging_mixin.py:150} INFO - [2025-03-24T20:25:41.015+0000] {dag.py:3504} INFO - Setting next_dagrun for example_xcom_args to None, run_after=None
[2025-03-24T20:25:41.017+0000] {logging_mixin.py:150} INFO - [2025-03-24T20:25:41.017+0000] {dag.py:3504} INFO - Setting next_dagrun for example_xcom_args_with_operators to None, run_after=None
[2025-03-24T20:25:41.030+0000] {processor.py:179} INFO - Processing /home/vscode/.local/lib/python3.10/site-packages/airflow/example_dags/example_xcomargs.py took 0.051 seconds
[2025-03-24T20:26:27.546+0000] {processor.py:157} INFO - Started process (PID=31073) to work on /home/vscode/.local/lib/python3.10/site-packages/airflow/example_dags/example_xcomargs.py
[2025-03-24T20:26:27.547+0000] {processor.py:826} INFO - Processing file /home/vscode/.local/lib/python3.10/site-packages/airflow/example_dags/example_xcomargs.py for tasks to queue
[2025-03-24T20:26:27.547+0000] {logging_mixin.py:150} INFO - [2025-03-24T20:26:27.547+0000] {dagbag.py:541} INFO - Filling up the DagBag from /home/vscode/.local/lib/python3.10/site-packages/airflow/example_dags/example_xcomargs.py
[2025-03-24T20:26:27.553+0000] {processor.py:836} INFO - DAG(s) dict_keys(['example_xcom_args', 'example_xcom_args_with_operators']) retrieved from /home/vscode/.local/lib/python3.10/site-packages/airflow/example_dags/example_xcomargs.py
[2025-03-24T20:26:27.567+0000] {logging_mixin.py:150} INFO - [2025-03-24T20:26:27.567+0000] {dag.py:2742} INFO - Sync 2 DAGs
[2025-03-24T20:26:27.581+0000] {logging_mixin.py:150} INFO - [2025-03-24T20:26:27.581+0000] {dag.py:3504} INFO - Setting next_dagrun for example_xcom_args to None, run_after=None
[2025-03-24T20:26:27.583+0000] {logging_mixin.py:150} INFO - [2025-03-24T20:26:27.583+0000] {dag.py:3504} INFO - Setting next_dagrun for example_xcom_args_with_operators to None, run_after=None
[2025-03-24T20:26:27.596+0000] {processor.py:179} INFO - Processing /home/vscode/.local/lib/python3.10/site-packages/airflow/example_dags/example_xcomargs.py took 0.052 seconds
[2025-03-24T20:27:12.835+0000] {processor.py:157} INFO - Started process (PID=31511) to work on /home/vscode/.local/lib/python3.10/site-packages/airflow/example_dags/example_xcomargs.py
[2025-03-24T20:27:12.836+0000] {processor.py:826} INFO - Processing file /home/vscode/.local/lib/python3.10/site-packages/airflow/example_dags/example_xcomargs.py for tasks to queue
[2025-03-24T20:27:12.836+0000] {logging_mixin.py:150} INFO - [2025-03-24T20:27:12.836+0000] {dagbag.py:541} INFO - Filling up the DagBag from /home/vscode/.local/lib/python3.10/site-packages/airflow/example_dags/example_xcomargs.py
[2025-03-24T20:27:12.842+0000] {processor.py:836} INFO - DAG(s) dict_keys(['example_xcom_args_with_operators', 'example_xcom_args']) retrieved from /home/vscode/.local/lib/python3.10/site-packages/airflow/example_dags/example_xcomargs.py
[2025-03-24T20:27:12.855+0000] {logging_mixin.py:150} INFO - [2025-03-24T20:27:12.855+0000] {dag.py:2742} INFO - Sync 2 DAGs
[2025-03-24T20:27:12.869+0000] {logging_mixin.py:150} INFO - [2025-03-24T20:27:12.869+0000] {dag.py:3504} INFO - Setting next_dagrun for example_xcom_args to None, run_after=None
[2025-03-24T20:27:12.871+0000] {logging_mixin.py:150} INFO - [2025-03-24T20:27:12.871+0000] {dag.py:3504} INFO - Setting next_dagrun for example_xcom_args_with_operators to None, run_after=None
[2025-03-24T20:27:12.886+0000] {processor.py:179} INFO - Processing /home/vscode/.local/lib/python3.10/site-packages/airflow/example_dags/example_xcomargs.py took 0.054 seconds
[2025-03-24T20:27:56.794+0000] {processor.py:157} INFO - Started process (PID=31884) to work on /home/vscode/.local/lib/python3.10/site-packages/airflow/example_dags/example_xcomargs.py
[2025-03-24T20:27:56.794+0000] {processor.py:826} INFO - Processing file /home/vscode/.local/lib/python3.10/site-packages/airflow/example_dags/example_xcomargs.py for tasks to queue
[2025-03-24T20:27:56.795+0000] {logging_mixin.py:150} INFO - [2025-03-24T20:27:56.795+0000] {dagbag.py:541} INFO - Filling up the DagBag from /home/vscode/.local/lib/python3.10/site-packages/airflow/example_dags/example_xcomargs.py
[2025-03-24T20:27:56.801+0000] {processor.py:836} INFO - DAG(s) dict_keys(['example_xcom_args_with_operators', 'example_xcom_args']) retrieved from /home/vscode/.local/lib/python3.10/site-packages/airflow/example_dags/example_xcomargs.py
[2025-03-24T20:27:56.814+0000] {logging_mixin.py:150} INFO - [2025-03-24T20:27:56.814+0000] {dag.py:2742} INFO - Sync 2 DAGs
[2025-03-24T20:27:56.827+0000] {logging_mixin.py:150} INFO - [2025-03-24T20:27:56.827+0000] {dag.py:3504} INFO - Setting next_dagrun for example_xcom_args to None, run_after=None
[2025-03-24T20:27:56.830+0000] {logging_mixin.py:150} INFO - [2025-03-24T20:27:56.830+0000] {dag.py:3504} INFO - Setting next_dagrun for example_xcom_args_with_operators to None, run_after=None
[2025-03-24T20:27:56.843+0000] {processor.py:179} INFO - Processing /home/vscode/.local/lib/python3.10/site-packages/airflow/example_dags/example_xcomargs.py took 0.052 seconds
[2025-03-24T20:28:40.150+0000] {processor.py:157} INFO - Started process (PID=32193) to work on /home/vscode/.local/lib/python3.10/site-packages/airflow/example_dags/example_xcomargs.py
[2025-03-24T20:28:40.151+0000] {processor.py:826} INFO - Processing file /home/vscode/.local/lib/python3.10/site-packages/airflow/example_dags/example_xcomargs.py for tasks to queue
[2025-03-24T20:28:40.152+0000] {logging_mixin.py:150} INFO - [2025-03-24T20:28:40.151+0000] {dagbag.py:541} INFO - Filling up the DagBag from /home/vscode/.local/lib/python3.10/site-packages/airflow/example_dags/example_xcomargs.py
[2025-03-24T20:28:40.157+0000] {processor.py:836} INFO - DAG(s) dict_keys(['example_xcom_args', 'example_xcom_args_with_operators']) retrieved from /home/vscode/.local/lib/python3.10/site-packages/airflow/example_dags/example_xcomargs.py
[2025-03-24T20:28:40.171+0000] {logging_mixin.py:150} INFO - [2025-03-24T20:28:40.171+0000] {dag.py:2742} INFO - Sync 2 DAGs
[2025-03-24T20:28:40.186+0000] {logging_mixin.py:150} INFO - [2025-03-24T20:28:40.186+0000] {dag.py:3504} INFO - Setting next_dagrun for example_xcom_args to None, run_after=None
[2025-03-24T20:28:40.188+0000] {logging_mixin.py:150} INFO - [2025-03-24T20:28:40.188+0000] {dag.py:3504} INFO - Setting next_dagrun for example_xcom_args_with_operators to None, run_after=None
[2025-03-24T20:28:40.202+0000] {processor.py:179} INFO - Processing /home/vscode/.local/lib/python3.10/site-packages/airflow/example_dags/example_xcomargs.py took 0.054 seconds
[2025-03-24T20:29:25.938+0000] {processor.py:157} INFO - Started process (PID=32511) to work on /home/vscode/.local/lib/python3.10/site-packages/airflow/example_dags/example_xcomargs.py
[2025-03-24T20:29:25.939+0000] {processor.py:826} INFO - Processing file /home/vscode/.local/lib/python3.10/site-packages/airflow/example_dags/example_xcomargs.py for tasks to queue
[2025-03-24T20:29:25.939+0000] {logging_mixin.py:150} INFO - [2025-03-24T20:29:25.939+0000] {dagbag.py:541} INFO - Filling up the DagBag from /home/vscode/.local/lib/python3.10/site-packages/airflow/example_dags/example_xcomargs.py
[2025-03-24T20:29:25.945+0000] {processor.py:836} INFO - DAG(s) dict_keys(['example_xcom_args', 'example_xcom_args_with_operators']) retrieved from /home/vscode/.local/lib/python3.10/site-packages/airflow/example_dags/example_xcomargs.py
[2025-03-24T20:29:25.959+0000] {logging_mixin.py:150} INFO - [2025-03-24T20:29:25.959+0000] {dag.py:2742} INFO - Sync 2 DAGs
[2025-03-24T20:29:25.973+0000] {logging_mixin.py:150} INFO - [2025-03-24T20:29:25.972+0000] {dag.py:3504} INFO - Setting next_dagrun for example_xcom_args to None, run_after=None
[2025-03-24T20:29:25.975+0000] {logging_mixin.py:150} INFO - [2025-03-24T20:29:25.974+0000] {dag.py:3504} INFO - Setting next_dagrun for example_xcom_args_with_operators to None, run_after=None
[2025-03-24T20:29:25.989+0000] {processor.py:179} INFO - Processing /home/vscode/.local/lib/python3.10/site-packages/airflow/example_dags/example_xcomargs.py took 0.053 seconds
[2025-03-24T20:30:10.225+0000] {processor.py:157} INFO - Started process (PID=32819) to work on /home/vscode/.local/lib/python3.10/site-packages/airflow/example_dags/example_xcomargs.py
[2025-03-24T20:30:10.226+0000] {processor.py:826} INFO - Processing file /home/vscode/.local/lib/python3.10/site-packages/airflow/example_dags/example_xcomargs.py for tasks to queue
[2025-03-24T20:30:10.226+0000] {logging_mixin.py:150} INFO - [2025-03-24T20:30:10.226+0000] {dagbag.py:541} INFO - Filling up the DagBag from /home/vscode/.local/lib/python3.10/site-packages/airflow/example_dags/example_xcomargs.py
[2025-03-24T20:30:10.232+0000] {processor.py:836} INFO - DAG(s) dict_keys(['example_xcom_args_with_operators', 'example_xcom_args']) retrieved from /home/vscode/.local/lib/python3.10/site-packages/airflow/example_dags/example_xcomargs.py
[2025-03-24T20:30:10.245+0000] {logging_mixin.py:150} INFO - [2025-03-24T20:30:10.245+0000] {dag.py:2742} INFO - Sync 2 DAGs
[2025-03-24T20:30:10.259+0000] {logging_mixin.py:150} INFO - [2025-03-24T20:30:10.259+0000] {dag.py:3504} INFO - Setting next_dagrun for example_xcom_args to None, run_after=None
[2025-03-24T20:30:10.261+0000] {logging_mixin.py:150} INFO - [2025-03-24T20:30:10.261+0000] {dag.py:3504} INFO - Setting next_dagrun for example_xcom_args_with_operators to None, run_after=None
[2025-03-24T20:30:10.274+0000] {processor.py:179} INFO - Processing /home/vscode/.local/lib/python3.10/site-packages/airflow/example_dags/example_xcomargs.py took 0.051 seconds
[2025-03-24T20:30:51.483+0000] {processor.py:157} INFO - Started process (PID=33099) to work on /home/vscode/.local/lib/python3.10/site-packages/airflow/example_dags/example_xcomargs.py
[2025-03-24T20:30:51.483+0000] {processor.py:826} INFO - Processing file /home/vscode/.local/lib/python3.10/site-packages/airflow/example_dags/example_xcomargs.py for tasks to queue
[2025-03-24T20:30:51.484+0000] {logging_mixin.py:150} INFO - [2025-03-24T20:30:51.484+0000] {dagbag.py:541} INFO - Filling up the DagBag from /home/vscode/.local/lib/python3.10/site-packages/airflow/example_dags/example_xcomargs.py
[2025-03-24T20:30:51.490+0000] {processor.py:836} INFO - DAG(s) dict_keys(['example_xcom_args', 'example_xcom_args_with_operators']) retrieved from /home/vscode/.local/lib/python3.10/site-packages/airflow/example_dags/example_xcomargs.py
[2025-03-24T20:30:51.503+0000] {logging_mixin.py:150} INFO - [2025-03-24T20:30:51.503+0000] {dag.py:2742} INFO - Sync 2 DAGs
[2025-03-24T20:30:51.517+0000] {logging_mixin.py:150} INFO - [2025-03-24T20:30:51.517+0000] {dag.py:3504} INFO - Setting next_dagrun for example_xcom_args to None, run_after=None
[2025-03-24T20:30:51.519+0000] {logging_mixin.py:150} INFO - [2025-03-24T20:30:51.519+0000] {dag.py:3504} INFO - Setting next_dagrun for example_xcom_args_with_operators to None, run_after=None
[2025-03-24T20:30:51.532+0000] {processor.py:179} INFO - Processing /home/vscode/.local/lib/python3.10/site-packages/airflow/example_dags/example_xcomargs.py took 0.052 seconds
[2025-03-24T20:31:34.852+0000] {processor.py:157} INFO - Started process (PID=33392) to work on /home/vscode/.local/lib/python3.10/site-packages/airflow/example_dags/example_xcomargs.py
[2025-03-24T20:31:34.852+0000] {processor.py:826} INFO - Processing file /home/vscode/.local/lib/python3.10/site-packages/airflow/example_dags/example_xcomargs.py for tasks to queue
[2025-03-24T20:31:34.853+0000] {logging_mixin.py:150} INFO - [2025-03-24T20:31:34.853+0000] {dagbag.py:541} INFO - Filling up the DagBag from /home/vscode/.local/lib/python3.10/site-packages/airflow/example_dags/example_xcomargs.py
[2025-03-24T20:31:34.859+0000] {processor.py:836} INFO - DAG(s) dict_keys(['example_xcom_args', 'example_xcom_args_with_operators']) retrieved from /home/vscode/.local/lib/python3.10/site-packages/airflow/example_dags/example_xcomargs.py
[2025-03-24T20:31:34.872+0000] {logging_mixin.py:150} INFO - [2025-03-24T20:31:34.872+0000] {dag.py:2742} INFO - Sync 2 DAGs
[2025-03-24T20:31:34.886+0000] {logging_mixin.py:150} INFO - [2025-03-24T20:31:34.886+0000] {dag.py:3504} INFO - Setting next_dagrun for example_xcom_args to None, run_after=None
[2025-03-24T20:31:34.888+0000] {logging_mixin.py:150} INFO - [2025-03-24T20:31:34.888+0000] {dag.py:3504} INFO - Setting next_dagrun for example_xcom_args_with_operators to None, run_after=None
[2025-03-24T20:31:34.902+0000] {processor.py:179} INFO - Processing /home/vscode/.local/lib/python3.10/site-packages/airflow/example_dags/example_xcomargs.py took 0.053 seconds
[2025-03-24T20:32:16.378+0000] {processor.py:157} INFO - Started process (PID=33674) to work on /home/vscode/.local/lib/python3.10/site-packages/airflow/example_dags/example_xcomargs.py
[2025-03-24T20:32:16.379+0000] {processor.py:826} INFO - Processing file /home/vscode/.local/lib/python3.10/site-packages/airflow/example_dags/example_xcomargs.py for tasks to queue
[2025-03-24T20:32:16.380+0000] {logging_mixin.py:150} INFO - [2025-03-24T20:32:16.379+0000] {dagbag.py:541} INFO - Filling up the DagBag from /home/vscode/.local/lib/python3.10/site-packages/airflow/example_dags/example_xcomargs.py
[2025-03-24T20:32:16.386+0000] {processor.py:836} INFO - DAG(s) dict_keys(['example_xcom_args', 'example_xcom_args_with_operators']) retrieved from /home/vscode/.local/lib/python3.10/site-packages/airflow/example_dags/example_xcomargs.py
[2025-03-24T20:32:16.399+0000] {logging_mixin.py:150} INFO - [2025-03-24T20:32:16.399+0000] {dag.py:2742} INFO - Sync 2 DAGs
[2025-03-24T20:32:16.413+0000] {logging_mixin.py:150} INFO - [2025-03-24T20:32:16.413+0000] {dag.py:3504} INFO - Setting next_dagrun for example_xcom_args to None, run_after=None
[2025-03-24T20:32:16.415+0000] {logging_mixin.py:150} INFO - [2025-03-24T20:32:16.415+0000] {dag.py:3504} INFO - Setting next_dagrun for example_xcom_args_with_operators to None, run_after=None
[2025-03-24T20:32:16.428+0000] {processor.py:179} INFO - Processing /home/vscode/.local/lib/python3.10/site-packages/airflow/example_dags/example_xcomargs.py took 0.052 seconds
[2025-03-24T20:33:02.660+0000] {processor.py:157} INFO - Started process (PID=33999) to work on /home/vscode/.local/lib/python3.10/site-packages/airflow/example_dags/example_xcomargs.py
[2025-03-24T20:33:02.660+0000] {processor.py:826} INFO - Processing file /home/vscode/.local/lib/python3.10/site-packages/airflow/example_dags/example_xcomargs.py for tasks to queue
[2025-03-24T20:33:02.661+0000] {logging_mixin.py:150} INFO - [2025-03-24T20:33:02.661+0000] {dagbag.py:541} INFO - Filling up the DagBag from /home/vscode/.local/lib/python3.10/site-packages/airflow/example_dags/example_xcomargs.py
[2025-03-24T20:33:02.667+0000] {processor.py:836} INFO - DAG(s) dict_keys(['example_xcom_args', 'example_xcom_args_with_operators']) retrieved from /home/vscode/.local/lib/python3.10/site-packages/airflow/example_dags/example_xcomargs.py
[2025-03-24T20:33:02.680+0000] {logging_mixin.py:150} INFO - [2025-03-24T20:33:02.680+0000] {dag.py:2742} INFO - Sync 2 DAGs
[2025-03-24T20:33:02.695+0000] {logging_mixin.py:150} INFO - [2025-03-24T20:33:02.695+0000] {dag.py:3504} INFO - Setting next_dagrun for example_xcom_args to None, run_after=None
[2025-03-24T20:33:02.698+0000] {logging_mixin.py:150} INFO - [2025-03-24T20:33:02.698+0000] {dag.py:3504} INFO - Setting next_dagrun for example_xcom_args_with_operators to None, run_after=None
[2025-03-24T20:33:02.712+0000] {processor.py:179} INFO - Processing /home/vscode/.local/lib/python3.10/site-packages/airflow/example_dags/example_xcomargs.py took 0.055 seconds
[2025-03-24T20:33:37.195+0000] {processor.py:157} INFO - Started process (PID=34313) to work on /home/vscode/.local/lib/python3.10/site-packages/airflow/example_dags/example_xcomargs.py
[2025-03-24T20:33:37.196+0000] {processor.py:826} INFO - Processing file /home/vscode/.local/lib/python3.10/site-packages/airflow/example_dags/example_xcomargs.py for tasks to queue
[2025-03-24T20:33:37.197+0000] {logging_mixin.py:150} INFO - [2025-03-24T20:33:37.196+0000] {dagbag.py:541} INFO - Filling up the DagBag from /home/vscode/.local/lib/python3.10/site-packages/airflow/example_dags/example_xcomargs.py
[2025-03-24T20:33:37.203+0000] {processor.py:836} INFO - DAG(s) dict_keys(['example_xcom_args', 'example_xcom_args_with_operators']) retrieved from /home/vscode/.local/lib/python3.10/site-packages/airflow/example_dags/example_xcomargs.py
[2025-03-24T20:33:37.216+0000] {logging_mixin.py:150} INFO - [2025-03-24T20:33:37.216+0000] {dag.py:2742} INFO - Sync 2 DAGs
[2025-03-24T20:33:37.230+0000] {logging_mixin.py:150} INFO - [2025-03-24T20:33:37.230+0000] {dag.py:3504} INFO - Setting next_dagrun for example_xcom_args to None, run_after=None
[2025-03-24T20:33:37.232+0000] {logging_mixin.py:150} INFO - [2025-03-24T20:33:37.232+0000] {dag.py:3504} INFO - Setting next_dagrun for example_xcom_args_with_operators to None, run_after=None
[2025-03-24T20:33:37.246+0000] {processor.py:179} INFO - Processing /home/vscode/.local/lib/python3.10/site-packages/airflow/example_dags/example_xcomargs.py took 0.052 seconds
[2025-03-24T20:34:24.755+0000] {processor.py:157} INFO - Started process (PID=34624) to work on /home/vscode/.local/lib/python3.10/site-packages/airflow/example_dags/example_xcomargs.py
[2025-03-24T20:34:24.755+0000] {processor.py:826} INFO - Processing file /home/vscode/.local/lib/python3.10/site-packages/airflow/example_dags/example_xcomargs.py for tasks to queue
[2025-03-24T20:34:24.756+0000] {logging_mixin.py:150} INFO - [2025-03-24T20:34:24.756+0000] {dagbag.py:541} INFO - Filling up the DagBag from /home/vscode/.local/lib/python3.10/site-packages/airflow/example_dags/example_xcomargs.py
[2025-03-24T20:34:24.762+0000] {processor.py:836} INFO - DAG(s) dict_keys(['example_xcom_args_with_operators', 'example_xcom_args']) retrieved from /home/vscode/.local/lib/python3.10/site-packages/airflow/example_dags/example_xcomargs.py
[2025-03-24T20:34:24.776+0000] {logging_mixin.py:150} INFO - [2025-03-24T20:34:24.776+0000] {dag.py:2742} INFO - Sync 2 DAGs
[2025-03-24T20:34:24.790+0000] {logging_mixin.py:150} INFO - [2025-03-24T20:34:24.790+0000] {dag.py:3504} INFO - Setting next_dagrun for example_xcom_args to None, run_after=None
[2025-03-24T20:34:24.792+0000] {logging_mixin.py:150} INFO - [2025-03-24T20:34:24.792+0000] {dag.py:3504} INFO - Setting next_dagrun for example_xcom_args_with_operators to None, run_after=None
[2025-03-24T20:34:24.806+0000] {processor.py:179} INFO - Processing /home/vscode/.local/lib/python3.10/site-packages/airflow/example_dags/example_xcomargs.py took 0.053 seconds
[2025-03-24T20:35:08.220+0000] {processor.py:157} INFO - Started process (PID=34916) to work on /home/vscode/.local/lib/python3.10/site-packages/airflow/example_dags/example_xcomargs.py
[2025-03-24T20:35:08.221+0000] {processor.py:826} INFO - Processing file /home/vscode/.local/lib/python3.10/site-packages/airflow/example_dags/example_xcomargs.py for tasks to queue
[2025-03-24T20:35:08.221+0000] {logging_mixin.py:150} INFO - [2025-03-24T20:35:08.221+0000] {dagbag.py:541} INFO - Filling up the DagBag from /home/vscode/.local/lib/python3.10/site-packages/airflow/example_dags/example_xcomargs.py
[2025-03-24T20:35:08.227+0000] {processor.py:836} INFO - DAG(s) dict_keys(['example_xcom_args', 'example_xcom_args_with_operators']) retrieved from /home/vscode/.local/lib/python3.10/site-packages/airflow/example_dags/example_xcomargs.py
[2025-03-24T20:35:08.241+0000] {logging_mixin.py:150} INFO - [2025-03-24T20:35:08.241+0000] {dag.py:2742} INFO - Sync 2 DAGs
[2025-03-24T20:35:08.255+0000] {logging_mixin.py:150} INFO - [2025-03-24T20:35:08.255+0000] {dag.py:3504} INFO - Setting next_dagrun for example_xcom_args to None, run_after=None
[2025-03-24T20:35:08.257+0000] {logging_mixin.py:150} INFO - [2025-03-24T20:35:08.257+0000] {dag.py:3504} INFO - Setting next_dagrun for example_xcom_args_with_operators to None, run_after=None
[2025-03-24T20:35:08.271+0000] {processor.py:179} INFO - Processing /home/vscode/.local/lib/python3.10/site-packages/airflow/example_dags/example_xcomargs.py took 0.053 seconds
[2025-03-24T20:35:52.399+0000] {processor.py:157} INFO - Started process (PID=35215) to work on /home/vscode/.local/lib/python3.10/site-packages/airflow/example_dags/example_xcomargs.py
[2025-03-24T20:35:52.400+0000] {processor.py:826} INFO - Processing file /home/vscode/.local/lib/python3.10/site-packages/airflow/example_dags/example_xcomargs.py for tasks to queue
[2025-03-24T20:35:52.400+0000] {logging_mixin.py:150} INFO - [2025-03-24T20:35:52.400+0000] {dagbag.py:541} INFO - Filling up the DagBag from /home/vscode/.local/lib/python3.10/site-packages/airflow/example_dags/example_xcomargs.py
[2025-03-24T20:35:52.406+0000] {processor.py:836} INFO - DAG(s) dict_keys(['example_xcom_args_with_operators', 'example_xcom_args']) retrieved from /home/vscode/.local/lib/python3.10/site-packages/airflow/example_dags/example_xcomargs.py
[2025-03-24T20:35:52.419+0000] {logging_mixin.py:150} INFO - [2025-03-24T20:35:52.419+0000] {dag.py:2742} INFO - Sync 2 DAGs
[2025-03-24T20:35:52.433+0000] {logging_mixin.py:150} INFO - [2025-03-24T20:35:52.433+0000] {dag.py:3504} INFO - Setting next_dagrun for example_xcom_args to None, run_after=None
[2025-03-24T20:35:52.435+0000] {logging_mixin.py:150} INFO - [2025-03-24T20:35:52.435+0000] {dag.py:3504} INFO - Setting next_dagrun for example_xcom_args_with_operators to None, run_after=None
[2025-03-24T20:35:52.448+0000] {processor.py:179} INFO - Processing /home/vscode/.local/lib/python3.10/site-packages/airflow/example_dags/example_xcomargs.py took 0.052 seconds
[2025-03-24T20:36:36.953+0000] {processor.py:157} INFO - Started process (PID=35539) to work on /home/vscode/.local/lib/python3.10/site-packages/airflow/example_dags/example_xcomargs.py
[2025-03-24T20:36:36.953+0000] {processor.py:826} INFO - Processing file /home/vscode/.local/lib/python3.10/site-packages/airflow/example_dags/example_xcomargs.py for tasks to queue
[2025-03-24T20:36:36.954+0000] {logging_mixin.py:150} INFO - [2025-03-24T20:36:36.954+0000] {dagbag.py:541} INFO - Filling up the DagBag from /home/vscode/.local/lib/python3.10/site-packages/airflow/example_dags/example_xcomargs.py
[2025-03-24T20:36:36.960+0000] {processor.py:836} INFO - DAG(s) dict_keys(['example_xcom_args_with_operators', 'example_xcom_args']) retrieved from /home/vscode/.local/lib/python3.10/site-packages/airflow/example_dags/example_xcomargs.py
[2025-03-24T20:36:36.973+0000] {logging_mixin.py:150} INFO - [2025-03-24T20:36:36.973+0000] {dag.py:2742} INFO - Sync 2 DAGs
[2025-03-24T20:36:36.988+0000] {logging_mixin.py:150} INFO - [2025-03-24T20:36:36.988+0000] {dag.py:3504} INFO - Setting next_dagrun for example_xcom_args to None, run_after=None
[2025-03-24T20:36:36.990+0000] {logging_mixin.py:150} INFO - [2025-03-24T20:36:36.990+0000] {dag.py:3504} INFO - Setting next_dagrun for example_xcom_args_with_operators to None, run_after=None
[2025-03-24T20:36:37.004+0000] {processor.py:179} INFO - Processing /home/vscode/.local/lib/python3.10/site-packages/airflow/example_dags/example_xcomargs.py took 0.053 seconds
[2025-03-24T20:37:22.344+0000] {processor.py:157} INFO - Started process (PID=35870) to work on /home/vscode/.local/lib/python3.10/site-packages/airflow/example_dags/example_xcomargs.py
[2025-03-24T20:37:22.344+0000] {processor.py:826} INFO - Processing file /home/vscode/.local/lib/python3.10/site-packages/airflow/example_dags/example_xcomargs.py for tasks to queue
[2025-03-24T20:37:22.345+0000] {logging_mixin.py:150} INFO - [2025-03-24T20:37:22.345+0000] {dagbag.py:541} INFO - Filling up the DagBag from /home/vscode/.local/lib/python3.10/site-packages/airflow/example_dags/example_xcomargs.py
[2025-03-24T20:37:22.351+0000] {processor.py:836} INFO - DAG(s) dict_keys(['example_xcom_args_with_operators', 'example_xcom_args']) retrieved from /home/vscode/.local/lib/python3.10/site-packages/airflow/example_dags/example_xcomargs.py
[2025-03-24T20:37:22.364+0000] {logging_mixin.py:150} INFO - [2025-03-24T20:37:22.364+0000] {dag.py:2742} INFO - Sync 2 DAGs
[2025-03-24T20:37:22.378+0000] {logging_mixin.py:150} INFO - [2025-03-24T20:37:22.378+0000] {dag.py:3504} INFO - Setting next_dagrun for example_xcom_args to None, run_after=None
[2025-03-24T20:37:22.380+0000] {logging_mixin.py:150} INFO - [2025-03-24T20:37:22.380+0000] {dag.py:3504} INFO - Setting next_dagrun for example_xcom_args_with_operators to None, run_after=None
[2025-03-24T20:37:22.395+0000] {processor.py:179} INFO - Processing /home/vscode/.local/lib/python3.10/site-packages/airflow/example_dags/example_xcomargs.py took 0.053 seconds
