[2025-03-24T20:12:51.618+0000] {processor.py:157} INFO - Started process (PID=25216) to work on /home/vscode/.local/lib/python3.10/site-packages/airflow/example_dags/example_nested_branch_dag.py
[2025-03-24T20:12:51.619+0000] {processor.py:826} INFO - Processing file /home/vscode/.local/lib/python3.10/site-packages/airflow/example_dags/example_nested_branch_dag.py for tasks to queue
[2025-03-24T20:12:51.619+0000] {logging_mixin.py:150} INFO - [2025-03-24T20:12:51.619+0000] {dagbag.py:541} INFO - Filling up the DagBag from /home/vscode/.local/lib/python3.10/site-packages/airflow/example_dags/example_nested_branch_dag.py
[2025-03-24T20:12:51.627+0000] {processor.py:836} INFO - DAG(s) dict_keys(['example_nested_branch_dag']) retrieved from /home/vscode/.local/lib/python3.10/site-packages/airflow/example_dags/example_nested_branch_dag.py
[2025-03-24T20:12:51.704+0000] {logging_mixin.py:150} INFO - [2025-03-24T20:12:51.704+0000] {manager.py:504} INFO - Created Permission View: can delete on DAG:example_nested_branch_dag
[2025-03-24T20:12:51.712+0000] {logging_mixin.py:150} INFO - [2025-03-24T20:12:51.712+0000] {manager.py:504} INFO - Created Permission View: can edit on DAG:example_nested_branch_dag
[2025-03-24T20:12:51.718+0000] {logging_mixin.py:150} INFO - [2025-03-24T20:12:51.718+0000] {manager.py:504} INFO - Created Permission View: can read on DAG:example_nested_branch_dag
[2025-03-24T20:12:51.726+0000] {logging_mixin.py:150} INFO - [2025-03-24T20:12:51.726+0000] {dag.py:2742} INFO - Sync 1 DAGs
[2025-03-24T20:12:51.733+0000] {logging_mixin.py:150} INFO - [2025-03-24T20:12:51.733+0000] {dag.py:2763} INFO - Creating ORM DAG for example_nested_branch_dag
[2025-03-24T20:12:51.741+0000] {logging_mixin.py:150} INFO - [2025-03-24T20:12:51.741+0000] {dag.py:3504} INFO - Setting next_dagrun for example_nested_branch_dag to 2025-03-23T00:00:00+00:00, run_after=2025-03-24T00:00:00+00:00
[2025-03-24T20:12:51.758+0000] {processor.py:179} INFO - Processing /home/vscode/.local/lib/python3.10/site-packages/airflow/example_dags/example_nested_branch_dag.py took 0.143 seconds
[2025-03-24T20:13:37.934+0000] {processor.py:157} INFO - Started process (PID=25542) to work on /home/vscode/.local/lib/python3.10/site-packages/airflow/example_dags/example_nested_branch_dag.py
[2025-03-24T20:13:37.934+0000] {processor.py:826} INFO - Processing file /home/vscode/.local/lib/python3.10/site-packages/airflow/example_dags/example_nested_branch_dag.py for tasks to queue
[2025-03-24T20:13:37.935+0000] {logging_mixin.py:150} INFO - [2025-03-24T20:13:37.935+0000] {dagbag.py:541} INFO - Filling up the DagBag from /home/vscode/.local/lib/python3.10/site-packages/airflow/example_dags/example_nested_branch_dag.py
[2025-03-24T20:13:37.942+0000] {processor.py:836} INFO - DAG(s) dict_keys(['example_nested_branch_dag']) retrieved from /home/vscode/.local/lib/python3.10/site-packages/airflow/example_dags/example_nested_branch_dag.py
[2025-03-24T20:13:37.954+0000] {logging_mixin.py:150} INFO - [2025-03-24T20:13:37.954+0000] {dag.py:2742} INFO - Sync 1 DAGs
[2025-03-24T20:13:37.969+0000] {logging_mixin.py:150} INFO - [2025-03-24T20:13:37.969+0000] {dag.py:3504} INFO - Setting next_dagrun for example_nested_branch_dag to 2025-03-23T00:00:00+00:00, run_after=2025-03-24T00:00:00+00:00
[2025-03-24T20:13:37.984+0000] {processor.py:179} INFO - Processing /home/vscode/.local/lib/python3.10/site-packages/airflow/example_dags/example_nested_branch_dag.py took 0.052 seconds
[2025-03-24T20:14:21.384+0000] {processor.py:157} INFO - Started process (PID=25834) to work on /home/vscode/.local/lib/python3.10/site-packages/airflow/example_dags/example_nested_branch_dag.py
[2025-03-24T20:14:21.385+0000] {processor.py:826} INFO - Processing file /home/vscode/.local/lib/python3.10/site-packages/airflow/example_dags/example_nested_branch_dag.py for tasks to queue
[2025-03-24T20:14:21.386+0000] {logging_mixin.py:150} INFO - [2025-03-24T20:14:21.385+0000] {dagbag.py:541} INFO - Filling up the DagBag from /home/vscode/.local/lib/python3.10/site-packages/airflow/example_dags/example_nested_branch_dag.py
[2025-03-24T20:14:21.393+0000] {processor.py:836} INFO - DAG(s) dict_keys(['example_nested_branch_dag']) retrieved from /home/vscode/.local/lib/python3.10/site-packages/airflow/example_dags/example_nested_branch_dag.py
[2025-03-24T20:14:21.407+0000] {logging_mixin.py:150} INFO - [2025-03-24T20:14:21.406+0000] {dag.py:2742} INFO - Sync 1 DAGs
[2025-03-24T20:14:21.422+0000] {logging_mixin.py:150} INFO - [2025-03-24T20:14:21.421+0000] {dag.py:3504} INFO - Setting next_dagrun for example_nested_branch_dag to 2025-03-23T00:00:00+00:00, run_after=2025-03-24T00:00:00+00:00
[2025-03-24T20:14:21.437+0000] {processor.py:179} INFO - Processing /home/vscode/.local/lib/python3.10/site-packages/airflow/example_dags/example_nested_branch_dag.py took 0.055 seconds
[2025-03-24T20:15:07.967+0000] {processor.py:157} INFO - Started process (PID=26164) to work on /home/vscode/.local/lib/python3.10/site-packages/airflow/example_dags/example_nested_branch_dag.py
[2025-03-24T20:15:07.968+0000] {processor.py:826} INFO - Processing file /home/vscode/.local/lib/python3.10/site-packages/airflow/example_dags/example_nested_branch_dag.py for tasks to queue
[2025-03-24T20:15:07.968+0000] {logging_mixin.py:150} INFO - [2025-03-24T20:15:07.968+0000] {dagbag.py:541} INFO - Filling up the DagBag from /home/vscode/.local/lib/python3.10/site-packages/airflow/example_dags/example_nested_branch_dag.py
[2025-03-24T20:15:07.976+0000] {processor.py:836} INFO - DAG(s) dict_keys(['example_nested_branch_dag']) retrieved from /home/vscode/.local/lib/python3.10/site-packages/airflow/example_dags/example_nested_branch_dag.py
[2025-03-24T20:15:07.988+0000] {logging_mixin.py:150} INFO - [2025-03-24T20:15:07.988+0000] {dag.py:2742} INFO - Sync 1 DAGs
[2025-03-24T20:15:08.002+0000] {logging_mixin.py:150} INFO - [2025-03-24T20:15:08.002+0000] {dag.py:3504} INFO - Setting next_dagrun for example_nested_branch_dag to 2025-03-23T00:00:00+00:00, run_after=2025-03-24T00:00:00+00:00
[2025-03-24T20:15:08.018+0000] {processor.py:179} INFO - Processing /home/vscode/.local/lib/python3.10/site-packages/airflow/example_dags/example_nested_branch_dag.py took 0.053 seconds
[2025-03-24T20:15:57.755+0000] {processor.py:157} INFO - Started process (PID=26490) to work on /home/vscode/.local/lib/python3.10/site-packages/airflow/example_dags/example_nested_branch_dag.py
[2025-03-24T20:15:57.756+0000] {processor.py:826} INFO - Processing file /home/vscode/.local/lib/python3.10/site-packages/airflow/example_dags/example_nested_branch_dag.py for tasks to queue
[2025-03-24T20:15:57.757+0000] {logging_mixin.py:150} INFO - [2025-03-24T20:15:57.756+0000] {dagbag.py:541} INFO - Filling up the DagBag from /home/vscode/.local/lib/python3.10/site-packages/airflow/example_dags/example_nested_branch_dag.py
[2025-03-24T20:15:57.767+0000] {processor.py:836} INFO - DAG(s) dict_keys(['example_nested_branch_dag']) retrieved from /home/vscode/.local/lib/python3.10/site-packages/airflow/example_dags/example_nested_branch_dag.py
[2025-03-24T20:15:57.786+0000] {logging_mixin.py:150} INFO - [2025-03-24T20:15:57.786+0000] {dag.py:2742} INFO - Sync 1 DAGs
[2025-03-24T20:15:57.808+0000] {logging_mixin.py:150} INFO - [2025-03-24T20:15:57.808+0000] {dag.py:3504} INFO - Setting next_dagrun for example_nested_branch_dag to 2025-03-23T00:00:00+00:00, run_after=2025-03-24T00:00:00+00:00
[2025-03-24T20:15:57.828+0000] {processor.py:179} INFO - Processing /home/vscode/.local/lib/python3.10/site-packages/airflow/example_dags/example_nested_branch_dag.py took 0.077 seconds
[2025-03-24T20:16:42.860+0000] {processor.py:157} INFO - Started process (PID=26791) to work on /home/vscode/.local/lib/python3.10/site-packages/airflow/example_dags/example_nested_branch_dag.py
[2025-03-24T20:16:42.861+0000] {processor.py:826} INFO - Processing file /home/vscode/.local/lib/python3.10/site-packages/airflow/example_dags/example_nested_branch_dag.py for tasks to queue
[2025-03-24T20:16:42.861+0000] {logging_mixin.py:150} INFO - [2025-03-24T20:16:42.861+0000] {dagbag.py:541} INFO - Filling up the DagBag from /home/vscode/.local/lib/python3.10/site-packages/airflow/example_dags/example_nested_branch_dag.py
[2025-03-24T20:16:42.868+0000] {processor.py:836} INFO - DAG(s) dict_keys(['example_nested_branch_dag']) retrieved from /home/vscode/.local/lib/python3.10/site-packages/airflow/example_dags/example_nested_branch_dag.py
[2025-03-24T20:16:42.881+0000] {logging_mixin.py:150} INFO - [2025-03-24T20:16:42.881+0000] {dag.py:2742} INFO - Sync 1 DAGs
[2025-03-24T20:16:42.896+0000] {logging_mixin.py:150} INFO - [2025-03-24T20:16:42.896+0000] {dag.py:3504} INFO - Setting next_dagrun for example_nested_branch_dag to 2025-03-23T00:00:00+00:00, run_after=2025-03-24T00:00:00+00:00
[2025-03-24T20:16:42.915+0000] {processor.py:179} INFO - Processing /home/vscode/.local/lib/python3.10/site-packages/airflow/example_dags/example_nested_branch_dag.py took 0.057 seconds
[2025-03-24T20:17:30.036+0000] {processor.py:157} INFO - Started process (PID=27108) to work on /home/vscode/.local/lib/python3.10/site-packages/airflow/example_dags/example_nested_branch_dag.py
[2025-03-24T20:17:30.036+0000] {processor.py:826} INFO - Processing file /home/vscode/.local/lib/python3.10/site-packages/airflow/example_dags/example_nested_branch_dag.py for tasks to queue
[2025-03-24T20:17:30.037+0000] {logging_mixin.py:150} INFO - [2025-03-24T20:17:30.037+0000] {dagbag.py:541} INFO - Filling up the DagBag from /home/vscode/.local/lib/python3.10/site-packages/airflow/example_dags/example_nested_branch_dag.py
[2025-03-24T20:17:30.044+0000] {processor.py:836} INFO - DAG(s) dict_keys(['example_nested_branch_dag']) retrieved from /home/vscode/.local/lib/python3.10/site-packages/airflow/example_dags/example_nested_branch_dag.py
[2025-03-24T20:17:30.058+0000] {logging_mixin.py:150} INFO - [2025-03-24T20:17:30.058+0000] {dag.py:2742} INFO - Sync 1 DAGs
[2025-03-24T20:17:30.073+0000] {logging_mixin.py:150} INFO - [2025-03-24T20:17:30.073+0000] {dag.py:3504} INFO - Setting next_dagrun for example_nested_branch_dag to 2025-03-23T00:00:00+00:00, run_after=2025-03-24T00:00:00+00:00
[2025-03-24T20:17:30.088+0000] {processor.py:179} INFO - Processing /home/vscode/.local/lib/python3.10/site-packages/airflow/example_dags/example_nested_branch_dag.py took 0.054 seconds
[2025-03-24T20:18:14.655+0000] {processor.py:157} INFO - Started process (PID=27399) to work on /home/vscode/.local/lib/python3.10/site-packages/airflow/example_dags/example_nested_branch_dag.py
[2025-03-24T20:18:14.656+0000] {processor.py:826} INFO - Processing file /home/vscode/.local/lib/python3.10/site-packages/airflow/example_dags/example_nested_branch_dag.py for tasks to queue
[2025-03-24T20:18:14.657+0000] {logging_mixin.py:150} INFO - [2025-03-24T20:18:14.657+0000] {dagbag.py:541} INFO - Filling up the DagBag from /home/vscode/.local/lib/python3.10/site-packages/airflow/example_dags/example_nested_branch_dag.py
[2025-03-24T20:18:14.668+0000] {processor.py:836} INFO - DAG(s) dict_keys(['example_nested_branch_dag']) retrieved from /home/vscode/.local/lib/python3.10/site-packages/airflow/example_dags/example_nested_branch_dag.py
[2025-03-24T20:18:14.686+0000] {logging_mixin.py:150} INFO - [2025-03-24T20:18:14.686+0000] {dag.py:2742} INFO - Sync 1 DAGs
[2025-03-24T20:18:14.701+0000] {logging_mixin.py:150} INFO - [2025-03-24T20:18:14.701+0000] {dag.py:3504} INFO - Setting next_dagrun for example_nested_branch_dag to 2025-03-23T00:00:00+00:00, run_after=2025-03-24T00:00:00+00:00
[2025-03-24T20:18:14.719+0000] {processor.py:179} INFO - Processing /home/vscode/.local/lib/python3.10/site-packages/airflow/example_dags/example_nested_branch_dag.py took 0.067 seconds
[2025-03-24T20:18:56.330+0000] {processor.py:157} INFO - Started process (PID=27680) to work on /home/vscode/.local/lib/python3.10/site-packages/airflow/example_dags/example_nested_branch_dag.py
[2025-03-24T20:18:56.331+0000] {processor.py:826} INFO - Processing file /home/vscode/.local/lib/python3.10/site-packages/airflow/example_dags/example_nested_branch_dag.py for tasks to queue
[2025-03-24T20:18:56.332+0000] {logging_mixin.py:150} INFO - [2025-03-24T20:18:56.331+0000] {dagbag.py:541} INFO - Filling up the DagBag from /home/vscode/.local/lib/python3.10/site-packages/airflow/example_dags/example_nested_branch_dag.py
[2025-03-24T20:18:56.338+0000] {processor.py:836} INFO - DAG(s) dict_keys(['example_nested_branch_dag']) retrieved from /home/vscode/.local/lib/python3.10/site-packages/airflow/example_dags/example_nested_branch_dag.py
[2025-03-24T20:18:56.350+0000] {logging_mixin.py:150} INFO - [2025-03-24T20:18:56.350+0000] {dag.py:2742} INFO - Sync 1 DAGs
[2025-03-24T20:18:56.365+0000] {logging_mixin.py:150} INFO - [2025-03-24T20:18:56.365+0000] {dag.py:3504} INFO - Setting next_dagrun for example_nested_branch_dag to 2025-03-23T00:00:00+00:00, run_after=2025-03-24T00:00:00+00:00
[2025-03-24T20:18:56.380+0000] {processor.py:179} INFO - Processing /home/vscode/.local/lib/python3.10/site-packages/airflow/example_dags/example_nested_branch_dag.py took 0.051 seconds
[2025-03-24T20:19:42.425+0000] {processor.py:157} INFO - Started process (PID=28006) to work on /home/vscode/.local/lib/python3.10/site-packages/airflow/example_dags/example_nested_branch_dag.py
[2025-03-24T20:19:42.425+0000] {processor.py:826} INFO - Processing file /home/vscode/.local/lib/python3.10/site-packages/airflow/example_dags/example_nested_branch_dag.py for tasks to queue
[2025-03-24T20:19:42.426+0000] {logging_mixin.py:150} INFO - [2025-03-24T20:19:42.425+0000] {dagbag.py:541} INFO - Filling up the DagBag from /home/vscode/.local/lib/python3.10/site-packages/airflow/example_dags/example_nested_branch_dag.py
[2025-03-24T20:19:42.433+0000] {processor.py:836} INFO - DAG(s) dict_keys(['example_nested_branch_dag']) retrieved from /home/vscode/.local/lib/python3.10/site-packages/airflow/example_dags/example_nested_branch_dag.py
[2025-03-24T20:19:42.445+0000] {logging_mixin.py:150} INFO - [2025-03-24T20:19:42.445+0000] {dag.py:2742} INFO - Sync 1 DAGs
[2025-03-24T20:19:42.462+0000] {logging_mixin.py:150} INFO - [2025-03-24T20:19:42.462+0000] {dag.py:3504} INFO - Setting next_dagrun for example_nested_branch_dag to 2025-03-23T00:00:00+00:00, run_after=2025-03-24T00:00:00+00:00
[2025-03-24T20:19:42.478+0000] {processor.py:179} INFO - Processing /home/vscode/.local/lib/python3.10/site-packages/airflow/example_dags/example_nested_branch_dag.py took 0.056 seconds
[2025-03-24T20:20:29.898+0000] {processor.py:157} INFO - Started process (PID=28350) to work on /home/vscode/.local/lib/python3.10/site-packages/airflow/example_dags/example_nested_branch_dag.py
[2025-03-24T20:20:29.899+0000] {processor.py:826} INFO - Processing file /home/vscode/.local/lib/python3.10/site-packages/airflow/example_dags/example_nested_branch_dag.py for tasks to queue
[2025-03-24T20:20:29.899+0000] {logging_mixin.py:150} INFO - [2025-03-24T20:20:29.899+0000] {dagbag.py:541} INFO - Filling up the DagBag from /home/vscode/.local/lib/python3.10/site-packages/airflow/example_dags/example_nested_branch_dag.py
[2025-03-24T20:20:29.906+0000] {processor.py:836} INFO - DAG(s) dict_keys(['example_nested_branch_dag']) retrieved from /home/vscode/.local/lib/python3.10/site-packages/airflow/example_dags/example_nested_branch_dag.py
[2025-03-24T20:20:29.918+0000] {logging_mixin.py:150} INFO - [2025-03-24T20:20:29.918+0000] {dag.py:2742} INFO - Sync 1 DAGs
[2025-03-24T20:20:29.933+0000] {logging_mixin.py:150} INFO - [2025-03-24T20:20:29.933+0000] {dag.py:3504} INFO - Setting next_dagrun for example_nested_branch_dag to 2025-03-23T00:00:00+00:00, run_after=2025-03-24T00:00:00+00:00
[2025-03-24T20:20:29.948+0000] {processor.py:179} INFO - Processing /home/vscode/.local/lib/python3.10/site-packages/airflow/example_dags/example_nested_branch_dag.py took 0.052 seconds
[2025-03-24T20:21:18.201+0000] {processor.py:157} INFO - Started process (PID=28713) to work on /home/vscode/.local/lib/python3.10/site-packages/airflow/example_dags/example_nested_branch_dag.py
[2025-03-24T20:21:18.202+0000] {processor.py:826} INFO - Processing file /home/vscode/.local/lib/python3.10/site-packages/airflow/example_dags/example_nested_branch_dag.py for tasks to queue
[2025-03-24T20:21:18.202+0000] {logging_mixin.py:150} INFO - [2025-03-24T20:21:18.202+0000] {dagbag.py:541} INFO - Filling up the DagBag from /home/vscode/.local/lib/python3.10/site-packages/airflow/example_dags/example_nested_branch_dag.py
[2025-03-24T20:21:18.209+0000] {processor.py:836} INFO - DAG(s) dict_keys(['example_nested_branch_dag']) retrieved from /home/vscode/.local/lib/python3.10/site-packages/airflow/example_dags/example_nested_branch_dag.py
[2025-03-24T20:21:18.222+0000] {logging_mixin.py:150} INFO - [2025-03-24T20:21:18.222+0000] {dag.py:2742} INFO - Sync 1 DAGs
[2025-03-24T20:21:18.239+0000] {logging_mixin.py:150} INFO - [2025-03-24T20:21:18.238+0000] {dag.py:3504} INFO - Setting next_dagrun for example_nested_branch_dag to 2025-03-23T00:00:00+00:00, run_after=2025-03-24T00:00:00+00:00
[2025-03-24T20:21:18.256+0000] {processor.py:179} INFO - Processing /home/vscode/.local/lib/python3.10/site-packages/airflow/example_dags/example_nested_branch_dag.py took 0.058 seconds
[2025-03-24T20:22:05.152+0000] {processor.py:157} INFO - Started process (PID=29066) to work on /home/vscode/.local/lib/python3.10/site-packages/airflow/example_dags/example_nested_branch_dag.py
[2025-03-24T20:22:05.153+0000] {processor.py:826} INFO - Processing file /home/vscode/.local/lib/python3.10/site-packages/airflow/example_dags/example_nested_branch_dag.py for tasks to queue
[2025-03-24T20:22:05.154+0000] {logging_mixin.py:150} INFO - [2025-03-24T20:22:05.153+0000] {dagbag.py:541} INFO - Filling up the DagBag from /home/vscode/.local/lib/python3.10/site-packages/airflow/example_dags/example_nested_branch_dag.py
[2025-03-24T20:22:05.160+0000] {processor.py:836} INFO - DAG(s) dict_keys(['example_nested_branch_dag']) retrieved from /home/vscode/.local/lib/python3.10/site-packages/airflow/example_dags/example_nested_branch_dag.py
[2025-03-24T20:22:05.173+0000] {logging_mixin.py:150} INFO - [2025-03-24T20:22:05.173+0000] {dag.py:2742} INFO - Sync 1 DAGs
[2025-03-24T20:22:05.188+0000] {logging_mixin.py:150} INFO - [2025-03-24T20:22:05.188+0000] {dag.py:3504} INFO - Setting next_dagrun for example_nested_branch_dag to 2025-03-23T00:00:00+00:00, run_after=2025-03-24T00:00:00+00:00
[2025-03-24T20:22:05.202+0000] {processor.py:179} INFO - Processing /home/vscode/.local/lib/python3.10/site-packages/airflow/example_dags/example_nested_branch_dag.py took 0.052 seconds
[2025-03-24T20:22:47.401+0000] {processor.py:157} INFO - Started process (PID=29385) to work on /home/vscode/.local/lib/python3.10/site-packages/airflow/example_dags/example_nested_branch_dag.py
[2025-03-24T20:22:47.402+0000] {processor.py:826} INFO - Processing file /home/vscode/.local/lib/python3.10/site-packages/airflow/example_dags/example_nested_branch_dag.py for tasks to queue
[2025-03-24T20:22:47.402+0000] {logging_mixin.py:150} INFO - [2025-03-24T20:22:47.402+0000] {dagbag.py:541} INFO - Filling up the DagBag from /home/vscode/.local/lib/python3.10/site-packages/airflow/example_dags/example_nested_branch_dag.py
[2025-03-24T20:22:47.409+0000] {processor.py:836} INFO - DAG(s) dict_keys(['example_nested_branch_dag']) retrieved from /home/vscode/.local/lib/python3.10/site-packages/airflow/example_dags/example_nested_branch_dag.py
[2025-03-24T20:22:47.422+0000] {logging_mixin.py:150} INFO - [2025-03-24T20:22:47.421+0000] {dag.py:2742} INFO - Sync 1 DAGs
[2025-03-24T20:22:47.436+0000] {logging_mixin.py:150} INFO - [2025-03-24T20:22:47.436+0000] {dag.py:3504} INFO - Setting next_dagrun for example_nested_branch_dag to 2025-03-23T00:00:00+00:00, run_after=2025-03-24T00:00:00+00:00
[2025-03-24T20:22:47.451+0000] {processor.py:179} INFO - Processing /home/vscode/.local/lib/python3.10/site-packages/airflow/example_dags/example_nested_branch_dag.py took 0.052 seconds
[2025-03-24T20:23:34.735+0000] {processor.py:157} INFO - Started process (PID=29781) to work on /home/vscode/.local/lib/python3.10/site-packages/airflow/example_dags/example_nested_branch_dag.py
[2025-03-24T20:23:34.735+0000] {processor.py:826} INFO - Processing file /home/vscode/.local/lib/python3.10/site-packages/airflow/example_dags/example_nested_branch_dag.py for tasks to queue
[2025-03-24T20:23:34.736+0000] {logging_mixin.py:150} INFO - [2025-03-24T20:23:34.736+0000] {dagbag.py:541} INFO - Filling up the DagBag from /home/vscode/.local/lib/python3.10/site-packages/airflow/example_dags/example_nested_branch_dag.py
[2025-03-24T20:23:34.743+0000] {processor.py:836} INFO - DAG(s) dict_keys(['example_nested_branch_dag']) retrieved from /home/vscode/.local/lib/python3.10/site-packages/airflow/example_dags/example_nested_branch_dag.py
[2025-03-24T20:23:34.755+0000] {logging_mixin.py:150} INFO - [2025-03-24T20:23:34.755+0000] {dag.py:2742} INFO - Sync 1 DAGs
[2025-03-24T20:23:34.770+0000] {logging_mixin.py:150} INFO - [2025-03-24T20:23:34.770+0000] {dag.py:3504} INFO - Setting next_dagrun for example_nested_branch_dag to 2025-03-23T00:00:00+00:00, run_after=2025-03-24T00:00:00+00:00
[2025-03-24T20:23:34.784+0000] {processor.py:179} INFO - Processing /home/vscode/.local/lib/python3.10/site-packages/airflow/example_dags/example_nested_branch_dag.py took 0.052 seconds
[2025-03-24T20:24:18.723+0000] {processor.py:157} INFO - Started process (PID=30113) to work on /home/vscode/.local/lib/python3.10/site-packages/airflow/example_dags/example_nested_branch_dag.py
[2025-03-24T20:24:18.724+0000] {processor.py:826} INFO - Processing file /home/vscode/.local/lib/python3.10/site-packages/airflow/example_dags/example_nested_branch_dag.py for tasks to queue
[2025-03-24T20:24:18.724+0000] {logging_mixin.py:150} INFO - [2025-03-24T20:24:18.724+0000] {dagbag.py:541} INFO - Filling up the DagBag from /home/vscode/.local/lib/python3.10/site-packages/airflow/example_dags/example_nested_branch_dag.py
[2025-03-24T20:24:18.732+0000] {processor.py:836} INFO - DAG(s) dict_keys(['example_nested_branch_dag']) retrieved from /home/vscode/.local/lib/python3.10/site-packages/airflow/example_dags/example_nested_branch_dag.py
[2025-03-24T20:24:18.744+0000] {logging_mixin.py:150} INFO - [2025-03-24T20:24:18.744+0000] {dag.py:2742} INFO - Sync 1 DAGs
[2025-03-24T20:24:18.763+0000] {logging_mixin.py:150} INFO - [2025-03-24T20:24:18.763+0000] {dag.py:3504} INFO - Setting next_dagrun for example_nested_branch_dag to 2025-03-23T00:00:00+00:00, run_after=2025-03-24T00:00:00+00:00
[2025-03-24T20:24:18.779+0000] {processor.py:179} INFO - Processing /home/vscode/.local/lib/python3.10/site-packages/airflow/example_dags/example_nested_branch_dag.py took 0.058 seconds
[2025-03-24T20:25:01.176+0000] {processor.py:157} INFO - Started process (PID=30424) to work on /home/vscode/.local/lib/python3.10/site-packages/airflow/example_dags/example_nested_branch_dag.py
[2025-03-24T20:25:01.177+0000] {processor.py:826} INFO - Processing file /home/vscode/.local/lib/python3.10/site-packages/airflow/example_dags/example_nested_branch_dag.py for tasks to queue
[2025-03-24T20:25:01.177+0000] {logging_mixin.py:150} INFO - [2025-03-24T20:25:01.177+0000] {dagbag.py:541} INFO - Filling up the DagBag from /home/vscode/.local/lib/python3.10/site-packages/airflow/example_dags/example_nested_branch_dag.py
[2025-03-24T20:25:01.185+0000] {processor.py:836} INFO - DAG(s) dict_keys(['example_nested_branch_dag']) retrieved from /home/vscode/.local/lib/python3.10/site-packages/airflow/example_dags/example_nested_branch_dag.py
[2025-03-24T20:25:01.197+0000] {logging_mixin.py:150} INFO - [2025-03-24T20:25:01.197+0000] {dag.py:2742} INFO - Sync 1 DAGs
[2025-03-24T20:25:01.212+0000] {logging_mixin.py:150} INFO - [2025-03-24T20:25:01.212+0000] {dag.py:3504} INFO - Setting next_dagrun for example_nested_branch_dag to 2025-03-23T00:00:00+00:00, run_after=2025-03-24T00:00:00+00:00
[2025-03-24T20:25:01.227+0000] {processor.py:179} INFO - Processing /home/vscode/.local/lib/python3.10/site-packages/airflow/example_dags/example_nested_branch_dag.py took 0.053 seconds
[2025-03-24T20:25:44.410+0000] {processor.py:157} INFO - Started process (PID=30761) to work on /home/vscode/.local/lib/python3.10/site-packages/airflow/example_dags/example_nested_branch_dag.py
[2025-03-24T20:25:44.411+0000] {processor.py:826} INFO - Processing file /home/vscode/.local/lib/python3.10/site-packages/airflow/example_dags/example_nested_branch_dag.py for tasks to queue
[2025-03-24T20:25:44.412+0000] {logging_mixin.py:150} INFO - [2025-03-24T20:25:44.411+0000] {dagbag.py:541} INFO - Filling up the DagBag from /home/vscode/.local/lib/python3.10/site-packages/airflow/example_dags/example_nested_branch_dag.py
[2025-03-24T20:25:44.419+0000] {processor.py:836} INFO - DAG(s) dict_keys(['example_nested_branch_dag']) retrieved from /home/vscode/.local/lib/python3.10/site-packages/airflow/example_dags/example_nested_branch_dag.py
[2025-03-24T20:25:44.431+0000] {logging_mixin.py:150} INFO - [2025-03-24T20:25:44.431+0000] {dag.py:2742} INFO - Sync 1 DAGs
[2025-03-24T20:25:44.447+0000] {logging_mixin.py:150} INFO - [2025-03-24T20:25:44.446+0000] {dag.py:3504} INFO - Setting next_dagrun for example_nested_branch_dag to 2025-03-23T00:00:00+00:00, run_after=2025-03-24T00:00:00+00:00
[2025-03-24T20:25:44.461+0000] {processor.py:179} INFO - Processing /home/vscode/.local/lib/python3.10/site-packages/airflow/example_dags/example_nested_branch_dag.py took 0.053 seconds
[2025-03-24T20:26:30.966+0000] {processor.py:157} INFO - Started process (PID=31102) to work on /home/vscode/.local/lib/python3.10/site-packages/airflow/example_dags/example_nested_branch_dag.py
[2025-03-24T20:26:30.966+0000] {processor.py:826} INFO - Processing file /home/vscode/.local/lib/python3.10/site-packages/airflow/example_dags/example_nested_branch_dag.py for tasks to queue
[2025-03-24T20:26:30.967+0000] {logging_mixin.py:150} INFO - [2025-03-24T20:26:30.967+0000] {dagbag.py:541} INFO - Filling up the DagBag from /home/vscode/.local/lib/python3.10/site-packages/airflow/example_dags/example_nested_branch_dag.py
[2025-03-24T20:26:30.974+0000] {processor.py:836} INFO - DAG(s) dict_keys(['example_nested_branch_dag']) retrieved from /home/vscode/.local/lib/python3.10/site-packages/airflow/example_dags/example_nested_branch_dag.py
[2025-03-24T20:26:30.987+0000] {logging_mixin.py:150} INFO - [2025-03-24T20:26:30.987+0000] {dag.py:2742} INFO - Sync 1 DAGs
[2025-03-24T20:26:31.006+0000] {logging_mixin.py:150} INFO - [2025-03-24T20:26:31.006+0000] {dag.py:3504} INFO - Setting next_dagrun for example_nested_branch_dag to 2025-03-23T00:00:00+00:00, run_after=2025-03-24T00:00:00+00:00
[2025-03-24T20:26:31.021+0000] {processor.py:179} INFO - Processing /home/vscode/.local/lib/python3.10/site-packages/airflow/example_dags/example_nested_branch_dag.py took 0.057 seconds
[2025-03-24T20:27:15.620+0000] {processor.py:157} INFO - Started process (PID=31529) to work on /home/vscode/.local/lib/python3.10/site-packages/airflow/example_dags/example_nested_branch_dag.py
[2025-03-24T20:27:15.621+0000] {processor.py:826} INFO - Processing file /home/vscode/.local/lib/python3.10/site-packages/airflow/example_dags/example_nested_branch_dag.py for tasks to queue
[2025-03-24T20:27:15.621+0000] {logging_mixin.py:150} INFO - [2025-03-24T20:27:15.621+0000] {dagbag.py:541} INFO - Filling up the DagBag from /home/vscode/.local/lib/python3.10/site-packages/airflow/example_dags/example_nested_branch_dag.py
[2025-03-24T20:27:15.628+0000] {processor.py:836} INFO - DAG(s) dict_keys(['example_nested_branch_dag']) retrieved from /home/vscode/.local/lib/python3.10/site-packages/airflow/example_dags/example_nested_branch_dag.py
[2025-03-24T20:27:15.641+0000] {logging_mixin.py:150} INFO - [2025-03-24T20:27:15.641+0000] {dag.py:2742} INFO - Sync 1 DAGs
[2025-03-24T20:27:15.656+0000] {logging_mixin.py:150} INFO - [2025-03-24T20:27:15.656+0000] {dag.py:3504} INFO - Setting next_dagrun for example_nested_branch_dag to 2025-03-23T00:00:00+00:00, run_after=2025-03-24T00:00:00+00:00
[2025-03-24T20:27:15.671+0000] {processor.py:179} INFO - Processing /home/vscode/.local/lib/python3.10/site-packages/airflow/example_dags/example_nested_branch_dag.py took 0.053 seconds
[2025-03-24T20:27:59.633+0000] {processor.py:157} INFO - Started process (PID=31897) to work on /home/vscode/.local/lib/python3.10/site-packages/airflow/example_dags/example_nested_branch_dag.py
[2025-03-24T20:27:59.634+0000] {processor.py:826} INFO - Processing file /home/vscode/.local/lib/python3.10/site-packages/airflow/example_dags/example_nested_branch_dag.py for tasks to queue
[2025-03-24T20:27:59.634+0000] {logging_mixin.py:150} INFO - [2025-03-24T20:27:59.634+0000] {dagbag.py:541} INFO - Filling up the DagBag from /home/vscode/.local/lib/python3.10/site-packages/airflow/example_dags/example_nested_branch_dag.py
[2025-03-24T20:27:59.642+0000] {processor.py:836} INFO - DAG(s) dict_keys(['example_nested_branch_dag']) retrieved from /home/vscode/.local/lib/python3.10/site-packages/airflow/example_dags/example_nested_branch_dag.py
[2025-03-24T20:27:59.654+0000] {logging_mixin.py:150} INFO - [2025-03-24T20:27:59.654+0000] {dag.py:2742} INFO - Sync 1 DAGs
[2025-03-24T20:27:59.669+0000] {logging_mixin.py:150} INFO - [2025-03-24T20:27:59.669+0000] {dag.py:3504} INFO - Setting next_dagrun for example_nested_branch_dag to 2025-03-23T00:00:00+00:00, run_after=2025-03-24T00:00:00+00:00
[2025-03-24T20:27:59.683+0000] {processor.py:179} INFO - Processing /home/vscode/.local/lib/python3.10/site-packages/airflow/example_dags/example_nested_branch_dag.py took 0.052 seconds
[2025-03-24T20:28:43.677+0000] {processor.py:157} INFO - Started process (PID=32224) to work on /home/vscode/.local/lib/python3.10/site-packages/airflow/example_dags/example_nested_branch_dag.py
[2025-03-24T20:28:43.678+0000] {processor.py:826} INFO - Processing file /home/vscode/.local/lib/python3.10/site-packages/airflow/example_dags/example_nested_branch_dag.py for tasks to queue
[2025-03-24T20:28:43.679+0000] {logging_mixin.py:150} INFO - [2025-03-24T20:28:43.678+0000] {dagbag.py:541} INFO - Filling up the DagBag from /home/vscode/.local/lib/python3.10/site-packages/airflow/example_dags/example_nested_branch_dag.py
[2025-03-24T20:28:43.685+0000] {processor.py:836} INFO - DAG(s) dict_keys(['example_nested_branch_dag']) retrieved from /home/vscode/.local/lib/python3.10/site-packages/airflow/example_dags/example_nested_branch_dag.py
[2025-03-24T20:28:43.697+0000] {logging_mixin.py:150} INFO - [2025-03-24T20:28:43.697+0000] {dag.py:2742} INFO - Sync 1 DAGs
[2025-03-24T20:28:43.712+0000] {logging_mixin.py:150} INFO - [2025-03-24T20:28:43.712+0000] {dag.py:3504} INFO - Setting next_dagrun for example_nested_branch_dag to 2025-03-23T00:00:00+00:00, run_after=2025-03-24T00:00:00+00:00
[2025-03-24T20:28:43.730+0000] {processor.py:179} INFO - Processing /home/vscode/.local/lib/python3.10/site-packages/airflow/example_dags/example_nested_branch_dag.py took 0.054 seconds
[2025-03-24T20:29:30.246+0000] {processor.py:157} INFO - Started process (PID=32537) to work on /home/vscode/.local/lib/python3.10/site-packages/airflow/example_dags/example_nested_branch_dag.py
[2025-03-24T20:29:30.247+0000] {processor.py:826} INFO - Processing file /home/vscode/.local/lib/python3.10/site-packages/airflow/example_dags/example_nested_branch_dag.py for tasks to queue
[2025-03-24T20:29:30.248+0000] {logging_mixin.py:150} INFO - [2025-03-24T20:29:30.247+0000] {dagbag.py:541} INFO - Filling up the DagBag from /home/vscode/.local/lib/python3.10/site-packages/airflow/example_dags/example_nested_branch_dag.py
[2025-03-24T20:29:30.255+0000] {processor.py:836} INFO - DAG(s) dict_keys(['example_nested_branch_dag']) retrieved from /home/vscode/.local/lib/python3.10/site-packages/airflow/example_dags/example_nested_branch_dag.py
[2025-03-24T20:29:30.268+0000] {logging_mixin.py:150} INFO - [2025-03-24T20:29:30.268+0000] {dag.py:2742} INFO - Sync 1 DAGs
[2025-03-24T20:29:30.284+0000] {logging_mixin.py:150} INFO - [2025-03-24T20:29:30.284+0000] {dag.py:3504} INFO - Setting next_dagrun for example_nested_branch_dag to 2025-03-23T00:00:00+00:00, run_after=2025-03-24T00:00:00+00:00
[2025-03-24T20:29:30.299+0000] {processor.py:179} INFO - Processing /home/vscode/.local/lib/python3.10/site-packages/airflow/example_dags/example_nested_branch_dag.py took 0.055 seconds
[2025-03-24T20:30:14.229+0000] {processor.py:157} INFO - Started process (PID=32851) to work on /home/vscode/.local/lib/python3.10/site-packages/airflow/example_dags/example_nested_branch_dag.py
[2025-03-24T20:30:14.230+0000] {processor.py:826} INFO - Processing file /home/vscode/.local/lib/python3.10/site-packages/airflow/example_dags/example_nested_branch_dag.py for tasks to queue
[2025-03-24T20:30:14.230+0000] {logging_mixin.py:150} INFO - [2025-03-24T20:30:14.230+0000] {dagbag.py:541} INFO - Filling up the DagBag from /home/vscode/.local/lib/python3.10/site-packages/airflow/example_dags/example_nested_branch_dag.py
[2025-03-24T20:30:14.237+0000] {processor.py:836} INFO - DAG(s) dict_keys(['example_nested_branch_dag']) retrieved from /home/vscode/.local/lib/python3.10/site-packages/airflow/example_dags/example_nested_branch_dag.py
[2025-03-24T20:30:14.250+0000] {logging_mixin.py:150} INFO - [2025-03-24T20:30:14.250+0000] {dag.py:2742} INFO - Sync 1 DAGs
[2025-03-24T20:30:14.265+0000] {logging_mixin.py:150} INFO - [2025-03-24T20:30:14.265+0000] {dag.py:3504} INFO - Setting next_dagrun for example_nested_branch_dag to 2025-03-23T00:00:00+00:00, run_after=2025-03-24T00:00:00+00:00
[2025-03-24T20:30:14.281+0000] {processor.py:179} INFO - Processing /home/vscode/.local/lib/python3.10/site-packages/airflow/example_dags/example_nested_branch_dag.py took 0.054 seconds
[2025-03-24T20:30:56.000+0000] {processor.py:157} INFO - Started process (PID=33132) to work on /home/vscode/.local/lib/python3.10/site-packages/airflow/example_dags/example_nested_branch_dag.py
[2025-03-24T20:30:56.001+0000] {processor.py:826} INFO - Processing file /home/vscode/.local/lib/python3.10/site-packages/airflow/example_dags/example_nested_branch_dag.py for tasks to queue
[2025-03-24T20:30:56.002+0000] {logging_mixin.py:150} INFO - [2025-03-24T20:30:56.001+0000] {dagbag.py:541} INFO - Filling up the DagBag from /home/vscode/.local/lib/python3.10/site-packages/airflow/example_dags/example_nested_branch_dag.py
[2025-03-24T20:30:56.008+0000] {processor.py:836} INFO - DAG(s) dict_keys(['example_nested_branch_dag']) retrieved from /home/vscode/.local/lib/python3.10/site-packages/airflow/example_dags/example_nested_branch_dag.py
[2025-03-24T20:30:56.021+0000] {logging_mixin.py:150} INFO - [2025-03-24T20:30:56.020+0000] {dag.py:2742} INFO - Sync 1 DAGs
[2025-03-24T20:30:56.035+0000] {logging_mixin.py:150} INFO - [2025-03-24T20:30:56.035+0000] {dag.py:3504} INFO - Setting next_dagrun for example_nested_branch_dag to 2025-03-23T00:00:00+00:00, run_after=2025-03-24T00:00:00+00:00
[2025-03-24T20:30:56.050+0000] {processor.py:179} INFO - Processing /home/vscode/.local/lib/python3.10/site-packages/airflow/example_dags/example_nested_branch_dag.py took 0.051 seconds
[2025-03-24T20:31:39.858+0000] {processor.py:157} INFO - Started process (PID=33425) to work on /home/vscode/.local/lib/python3.10/site-packages/airflow/example_dags/example_nested_branch_dag.py
[2025-03-24T20:31:39.859+0000] {processor.py:826} INFO - Processing file /home/vscode/.local/lib/python3.10/site-packages/airflow/example_dags/example_nested_branch_dag.py for tasks to queue
[2025-03-24T20:31:39.859+0000] {logging_mixin.py:150} INFO - [2025-03-24T20:31:39.859+0000] {dagbag.py:541} INFO - Filling up the DagBag from /home/vscode/.local/lib/python3.10/site-packages/airflow/example_dags/example_nested_branch_dag.py
[2025-03-24T20:31:39.866+0000] {processor.py:836} INFO - DAG(s) dict_keys(['example_nested_branch_dag']) retrieved from /home/vscode/.local/lib/python3.10/site-packages/airflow/example_dags/example_nested_branch_dag.py
[2025-03-24T20:31:39.879+0000] {logging_mixin.py:150} INFO - [2025-03-24T20:31:39.879+0000] {dag.py:2742} INFO - Sync 1 DAGs
[2025-03-24T20:31:39.894+0000] {logging_mixin.py:150} INFO - [2025-03-24T20:31:39.894+0000] {dag.py:3504} INFO - Setting next_dagrun for example_nested_branch_dag to 2025-03-23T00:00:00+00:00, run_after=2025-03-24T00:00:00+00:00
[2025-03-24T20:31:39.909+0000] {processor.py:179} INFO - Processing /home/vscode/.local/lib/python3.10/site-packages/airflow/example_dags/example_nested_branch_dag.py took 0.053 seconds
[2025-03-24T20:32:21.539+0000] {processor.py:157} INFO - Started process (PID=33703) to work on /home/vscode/.local/lib/python3.10/site-packages/airflow/example_dags/example_nested_branch_dag.py
[2025-03-24T20:32:21.540+0000] {processor.py:826} INFO - Processing file /home/vscode/.local/lib/python3.10/site-packages/airflow/example_dags/example_nested_branch_dag.py for tasks to queue
[2025-03-24T20:32:21.541+0000] {logging_mixin.py:150} INFO - [2025-03-24T20:32:21.540+0000] {dagbag.py:541} INFO - Filling up the DagBag from /home/vscode/.local/lib/python3.10/site-packages/airflow/example_dags/example_nested_branch_dag.py
[2025-03-24T20:32:21.548+0000] {processor.py:836} INFO - DAG(s) dict_keys(['example_nested_branch_dag']) retrieved from /home/vscode/.local/lib/python3.10/site-packages/airflow/example_dags/example_nested_branch_dag.py
[2025-03-24T20:32:21.560+0000] {logging_mixin.py:150} INFO - [2025-03-24T20:32:21.560+0000] {dag.py:2742} INFO - Sync 1 DAGs
[2025-03-24T20:32:21.576+0000] {logging_mixin.py:150} INFO - [2025-03-24T20:32:21.576+0000] {dag.py:3504} INFO - Setting next_dagrun for example_nested_branch_dag to 2025-03-23T00:00:00+00:00, run_after=2025-03-24T00:00:00+00:00
[2025-03-24T20:32:21.604+0000] {processor.py:179} INFO - Processing /home/vscode/.local/lib/python3.10/site-packages/airflow/example_dags/example_nested_branch_dag.py took 0.067 seconds
[2025-03-24T20:33:07.942+0000] {processor.py:157} INFO - Started process (PID=34057) to work on /home/vscode/.local/lib/python3.10/site-packages/airflow/example_dags/example_nested_branch_dag.py
[2025-03-24T20:33:07.944+0000] {processor.py:826} INFO - Processing file /home/vscode/.local/lib/python3.10/site-packages/airflow/example_dags/example_nested_branch_dag.py for tasks to queue
[2025-03-24T20:33:07.947+0000] {logging_mixin.py:150} INFO - [2025-03-24T20:33:07.945+0000] {dagbag.py:541} INFO - Filling up the DagBag from /home/vscode/.local/lib/python3.10/site-packages/airflow/example_dags/example_nested_branch_dag.py
[2025-03-24T20:33:07.971+0000] {processor.py:836} INFO - DAG(s) dict_keys(['example_nested_branch_dag']) retrieved from /home/vscode/.local/lib/python3.10/site-packages/airflow/example_dags/example_nested_branch_dag.py
[2025-03-24T20:33:08.010+0000] {logging_mixin.py:150} INFO - [2025-03-24T20:33:08.009+0000] {dag.py:2742} INFO - Sync 1 DAGs
[2025-03-24T20:33:08.052+0000] {logging_mixin.py:150} INFO - [2025-03-24T20:33:08.051+0000] {dag.py:3504} INFO - Setting next_dagrun for example_nested_branch_dag to 2025-03-23T00:00:00+00:00, run_after=2025-03-24T00:00:00+00:00
[2025-03-24T20:33:08.083+0000] {processor.py:179} INFO - Processing /home/vscode/.local/lib/python3.10/site-packages/airflow/example_dags/example_nested_branch_dag.py took 0.155 seconds
[2025-03-24T20:33:55.465+0000] {processor.py:157} INFO - Started process (PID=34439) to work on /home/vscode/.local/lib/python3.10/site-packages/airflow/example_dags/example_nested_branch_dag.py
[2025-03-24T20:33:55.465+0000] {processor.py:826} INFO - Processing file /home/vscode/.local/lib/python3.10/site-packages/airflow/example_dags/example_nested_branch_dag.py for tasks to queue
[2025-03-24T20:33:55.466+0000] {logging_mixin.py:150} INFO - [2025-03-24T20:33:55.466+0000] {dagbag.py:541} INFO - Filling up the DagBag from /home/vscode/.local/lib/python3.10/site-packages/airflow/example_dags/example_nested_branch_dag.py
[2025-03-24T20:33:55.473+0000] {processor.py:836} INFO - DAG(s) dict_keys(['example_nested_branch_dag']) retrieved from /home/vscode/.local/lib/python3.10/site-packages/airflow/example_dags/example_nested_branch_dag.py
[2025-03-24T20:33:55.485+0000] {logging_mixin.py:150} INFO - [2025-03-24T20:33:55.485+0000] {dag.py:2742} INFO - Sync 1 DAGs
[2025-03-24T20:33:55.500+0000] {logging_mixin.py:150} INFO - [2025-03-24T20:33:55.500+0000] {dag.py:3504} INFO - Setting next_dagrun for example_nested_branch_dag to 2025-03-23T00:00:00+00:00, run_after=2025-03-24T00:00:00+00:00
[2025-03-24T20:33:55.515+0000] {processor.py:179} INFO - Processing /home/vscode/.local/lib/python3.10/site-packages/airflow/example_dags/example_nested_branch_dag.py took 0.052 seconds
[2025-03-24T20:34:40.623+0000] {processor.py:157} INFO - Started process (PID=34734) to work on /home/vscode/.local/lib/python3.10/site-packages/airflow/example_dags/example_nested_branch_dag.py
[2025-03-24T20:34:40.623+0000] {processor.py:826} INFO - Processing file /home/vscode/.local/lib/python3.10/site-packages/airflow/example_dags/example_nested_branch_dag.py for tasks to queue
[2025-03-24T20:34:40.624+0000] {logging_mixin.py:150} INFO - [2025-03-24T20:34:40.624+0000] {dagbag.py:541} INFO - Filling up the DagBag from /home/vscode/.local/lib/python3.10/site-packages/airflow/example_dags/example_nested_branch_dag.py
[2025-03-24T20:34:40.631+0000] {processor.py:836} INFO - DAG(s) dict_keys(['example_nested_branch_dag']) retrieved from /home/vscode/.local/lib/python3.10/site-packages/airflow/example_dags/example_nested_branch_dag.py
[2025-03-24T20:34:40.644+0000] {logging_mixin.py:150} INFO - [2025-03-24T20:34:40.644+0000] {dag.py:2742} INFO - Sync 1 DAGs
[2025-03-24T20:34:40.659+0000] {logging_mixin.py:150} INFO - [2025-03-24T20:34:40.659+0000] {dag.py:3504} INFO - Setting next_dagrun for example_nested_branch_dag to 2025-03-23T00:00:00+00:00, run_after=2025-03-24T00:00:00+00:00
[2025-03-24T20:34:40.673+0000] {processor.py:179} INFO - Processing /home/vscode/.local/lib/python3.10/site-packages/airflow/example_dags/example_nested_branch_dag.py took 0.053 seconds
[2025-03-24T20:35:26.042+0000] {processor.py:157} INFO - Started process (PID=35042) to work on /home/vscode/.local/lib/python3.10/site-packages/airflow/example_dags/example_nested_branch_dag.py
[2025-03-24T20:35:26.043+0000] {processor.py:826} INFO - Processing file /home/vscode/.local/lib/python3.10/site-packages/airflow/example_dags/example_nested_branch_dag.py for tasks to queue
[2025-03-24T20:35:26.043+0000] {logging_mixin.py:150} INFO - [2025-03-24T20:35:26.043+0000] {dagbag.py:541} INFO - Filling up the DagBag from /home/vscode/.local/lib/python3.10/site-packages/airflow/example_dags/example_nested_branch_dag.py
[2025-03-24T20:35:26.050+0000] {processor.py:836} INFO - DAG(s) dict_keys(['example_nested_branch_dag']) retrieved from /home/vscode/.local/lib/python3.10/site-packages/airflow/example_dags/example_nested_branch_dag.py
[2025-03-24T20:35:26.063+0000] {logging_mixin.py:150} INFO - [2025-03-24T20:35:26.063+0000] {dag.py:2742} INFO - Sync 1 DAGs
[2025-03-24T20:35:26.078+0000] {logging_mixin.py:150} INFO - [2025-03-24T20:35:26.078+0000] {dag.py:3504} INFO - Setting next_dagrun for example_nested_branch_dag to 2025-03-23T00:00:00+00:00, run_after=2025-03-24T00:00:00+00:00
[2025-03-24T20:35:26.093+0000] {processor.py:179} INFO - Processing /home/vscode/.local/lib/python3.10/site-packages/airflow/example_dags/example_nested_branch_dag.py took 0.053 seconds
[2025-03-24T20:36:08.974+0000] {processor.py:157} INFO - Started process (PID=35327) to work on /home/vscode/.local/lib/python3.10/site-packages/airflow/example_dags/example_nested_branch_dag.py
[2025-03-24T20:36:08.975+0000] {processor.py:826} INFO - Processing file /home/vscode/.local/lib/python3.10/site-packages/airflow/example_dags/example_nested_branch_dag.py for tasks to queue
[2025-03-24T20:36:08.976+0000] {logging_mixin.py:150} INFO - [2025-03-24T20:36:08.975+0000] {dagbag.py:541} INFO - Filling up the DagBag from /home/vscode/.local/lib/python3.10/site-packages/airflow/example_dags/example_nested_branch_dag.py
[2025-03-24T20:36:08.982+0000] {processor.py:836} INFO - DAG(s) dict_keys(['example_nested_branch_dag']) retrieved from /home/vscode/.local/lib/python3.10/site-packages/airflow/example_dags/example_nested_branch_dag.py
[2025-03-24T20:36:08.995+0000] {logging_mixin.py:150} INFO - [2025-03-24T20:36:08.994+0000] {dag.py:2742} INFO - Sync 1 DAGs
[2025-03-24T20:36:09.010+0000] {logging_mixin.py:150} INFO - [2025-03-24T20:36:09.010+0000] {dag.py:3504} INFO - Setting next_dagrun for example_nested_branch_dag to 2025-03-23T00:00:00+00:00, run_after=2025-03-24T00:00:00+00:00
[2025-03-24T20:36:09.025+0000] {processor.py:179} INFO - Processing /home/vscode/.local/lib/python3.10/site-packages/airflow/example_dags/example_nested_branch_dag.py took 0.052 seconds
[2025-03-24T20:36:57.646+0000] {processor.py:157} INFO - Started process (PID=35689) to work on /home/vscode/.local/lib/python3.10/site-packages/airflow/example_dags/example_nested_branch_dag.py
[2025-03-24T20:36:57.647+0000] {processor.py:826} INFO - Processing file /home/vscode/.local/lib/python3.10/site-packages/airflow/example_dags/example_nested_branch_dag.py for tasks to queue
[2025-03-24T20:36:57.648+0000] {logging_mixin.py:150} INFO - [2025-03-24T20:36:57.647+0000] {dagbag.py:541} INFO - Filling up the DagBag from /home/vscode/.local/lib/python3.10/site-packages/airflow/example_dags/example_nested_branch_dag.py
[2025-03-24T20:36:57.654+0000] {processor.py:836} INFO - DAG(s) dict_keys(['example_nested_branch_dag']) retrieved from /home/vscode/.local/lib/python3.10/site-packages/airflow/example_dags/example_nested_branch_dag.py
[2025-03-24T20:36:57.667+0000] {logging_mixin.py:150} INFO - [2025-03-24T20:36:57.667+0000] {dag.py:2742} INFO - Sync 1 DAGs
[2025-03-24T20:36:57.682+0000] {logging_mixin.py:150} INFO - [2025-03-24T20:36:57.682+0000] {dag.py:3504} INFO - Setting next_dagrun for example_nested_branch_dag to 2025-03-23T00:00:00+00:00, run_after=2025-03-24T00:00:00+00:00
[2025-03-24T20:36:57.697+0000] {processor.py:179} INFO - Processing /home/vscode/.local/lib/python3.10/site-packages/airflow/example_dags/example_nested_branch_dag.py took 0.053 seconds
[2025-03-24T20:37:40.430+0000] {processor.py:157} INFO - Started process (PID=35991) to work on /home/vscode/.local/lib/python3.10/site-packages/airflow/example_dags/example_nested_branch_dag.py
[2025-03-24T20:37:40.431+0000] {processor.py:826} INFO - Processing file /home/vscode/.local/lib/python3.10/site-packages/airflow/example_dags/example_nested_branch_dag.py for tasks to queue
[2025-03-24T20:37:40.431+0000] {logging_mixin.py:150} INFO - [2025-03-24T20:37:40.431+0000] {dagbag.py:541} INFO - Filling up the DagBag from /home/vscode/.local/lib/python3.10/site-packages/airflow/example_dags/example_nested_branch_dag.py
[2025-03-24T20:37:40.438+0000] {processor.py:836} INFO - DAG(s) dict_keys(['example_nested_branch_dag']) retrieved from /home/vscode/.local/lib/python3.10/site-packages/airflow/example_dags/example_nested_branch_dag.py
[2025-03-24T20:37:40.451+0000] {logging_mixin.py:150} INFO - [2025-03-24T20:37:40.451+0000] {dag.py:2742} INFO - Sync 1 DAGs
[2025-03-24T20:37:40.466+0000] {logging_mixin.py:150} INFO - [2025-03-24T20:37:40.466+0000] {dag.py:3504} INFO - Setting next_dagrun for example_nested_branch_dag to 2025-03-23T00:00:00+00:00, run_after=2025-03-24T00:00:00+00:00
[2025-03-24T20:37:40.480+0000] {processor.py:179} INFO - Processing /home/vscode/.local/lib/python3.10/site-packages/airflow/example_dags/example_nested_branch_dag.py took 0.052 seconds
