[2025-03-24T20:12:37.194+0000] {processor.py:157} INFO - Started process (PID=25099) to work on /home/vscode/.local/lib/python3.10/site-packages/airflow/example_dags/example_sla_dag.py
[2025-03-24T20:12:37.194+0000] {processor.py:826} INFO - Processing file /home/vscode/.local/lib/python3.10/site-packages/airflow/example_dags/example_sla_dag.py for tasks to queue
[2025-03-24T20:12:37.195+0000] {logging_mixin.py:150} INFO - [2025-03-24T20:12:37.195+0000] {dagbag.py:541} INFO - Filling up the DagBag from /home/vscode/.local/lib/python3.10/site-packages/airflow/example_dags/example_sla_dag.py
[2025-03-24T20:12:37.201+0000] {processor.py:836} INFO - DAG(s) dict_keys(['example_sla_dag']) retrieved from /home/vscode/.local/lib/python3.10/site-packages/airflow/example_dags/example_sla_dag.py
[2025-03-24T20:12:37.274+0000] {logging_mixin.py:150} INFO - [2025-03-24T20:12:37.274+0000] {manager.py:504} INFO - Created Permission View: can delete on DAG:example_sla_dag
[2025-03-24T20:12:37.282+0000] {logging_mixin.py:150} INFO - [2025-03-24T20:12:37.282+0000] {manager.py:504} INFO - Created Permission View: can edit on DAG:example_sla_dag
[2025-03-24T20:12:37.288+0000] {logging_mixin.py:150} INFO - [2025-03-24T20:12:37.288+0000] {manager.py:504} INFO - Created Permission View: can read on DAG:example_sla_dag
[2025-03-24T20:12:37.296+0000] {logging_mixin.py:150} INFO - [2025-03-24T20:12:37.296+0000] {dag.py:2742} INFO - Sync 1 DAGs
[2025-03-24T20:12:37.303+0000] {logging_mixin.py:150} INFO - [2025-03-24T20:12:37.303+0000] {dag.py:2763} INFO - Creating ORM DAG for example_sla_dag
[2025-03-24T20:12:37.312+0000] {logging_mixin.py:150} INFO - [2025-03-24T20:12:37.312+0000] {dag.py:3504} INFO - Setting next_dagrun for example_sla_dag to 2025-03-24T20:10:00+00:00, run_after=2025-03-24T20:12:00+00:00
[2025-03-24T20:12:37.325+0000] {processor.py:179} INFO - Processing /home/vscode/.local/lib/python3.10/site-packages/airflow/example_dags/example_sla_dag.py took 0.133 seconds
[2025-03-24T20:13:24.804+0000] {processor.py:157} INFO - Started process (PID=25457) to work on /home/vscode/.local/lib/python3.10/site-packages/airflow/example_dags/example_sla_dag.py
[2025-03-24T20:13:24.805+0000] {processor.py:826} INFO - Processing file /home/vscode/.local/lib/python3.10/site-packages/airflow/example_dags/example_sla_dag.py for tasks to queue
[2025-03-24T20:13:24.805+0000] {logging_mixin.py:150} INFO - [2025-03-24T20:13:24.805+0000] {dagbag.py:541} INFO - Filling up the DagBag from /home/vscode/.local/lib/python3.10/site-packages/airflow/example_dags/example_sla_dag.py
[2025-03-24T20:13:24.811+0000] {processor.py:836} INFO - DAG(s) dict_keys(['example_sla_dag']) retrieved from /home/vscode/.local/lib/python3.10/site-packages/airflow/example_dags/example_sla_dag.py
[2025-03-24T20:13:24.822+0000] {logging_mixin.py:150} INFO - [2025-03-24T20:13:24.822+0000] {dag.py:2742} INFO - Sync 1 DAGs
[2025-03-24T20:13:24.839+0000] {logging_mixin.py:150} INFO - [2025-03-24T20:13:24.839+0000] {dag.py:3504} INFO - Setting next_dagrun for example_sla_dag to 2025-03-24T20:10:00+00:00, run_after=2025-03-24T20:12:00+00:00
[2025-03-24T20:13:24.854+0000] {processor.py:179} INFO - Processing /home/vscode/.local/lib/python3.10/site-packages/airflow/example_dags/example_sla_dag.py took 0.052 seconds
[2025-03-24T20:14:09.904+0000] {processor.py:157} INFO - Started process (PID=25756) to work on /home/vscode/.local/lib/python3.10/site-packages/airflow/example_dags/example_sla_dag.py
[2025-03-24T20:14:09.904+0000] {processor.py:826} INFO - Processing file /home/vscode/.local/lib/python3.10/site-packages/airflow/example_dags/example_sla_dag.py for tasks to queue
[2025-03-24T20:14:09.905+0000] {logging_mixin.py:150} INFO - [2025-03-24T20:14:09.905+0000] {dagbag.py:541} INFO - Filling up the DagBag from /home/vscode/.local/lib/python3.10/site-packages/airflow/example_dags/example_sla_dag.py
[2025-03-24T20:14:09.911+0000] {processor.py:836} INFO - DAG(s) dict_keys(['example_sla_dag']) retrieved from /home/vscode/.local/lib/python3.10/site-packages/airflow/example_dags/example_sla_dag.py
[2025-03-24T20:14:09.922+0000] {logging_mixin.py:150} INFO - [2025-03-24T20:14:09.922+0000] {dag.py:2742} INFO - Sync 1 DAGs
[2025-03-24T20:14:09.938+0000] {logging_mixin.py:150} INFO - [2025-03-24T20:14:09.938+0000] {dag.py:3504} INFO - Setting next_dagrun for example_sla_dag to 2025-03-24T20:12:00+00:00, run_after=2025-03-24T20:14:00+00:00
[2025-03-24T20:14:09.953+0000] {processor.py:179} INFO - Processing /home/vscode/.local/lib/python3.10/site-packages/airflow/example_dags/example_sla_dag.py took 0.051 seconds
[2025-03-24T20:14:51.676+0000] {processor.py:157} INFO - Started process (PID=26052) to work on /home/vscode/.local/lib/python3.10/site-packages/airflow/example_dags/example_sla_dag.py
[2025-03-24T20:14:51.676+0000] {processor.py:826} INFO - Processing file /home/vscode/.local/lib/python3.10/site-packages/airflow/example_dags/example_sla_dag.py for tasks to queue
[2025-03-24T20:14:51.677+0000] {logging_mixin.py:150} INFO - [2025-03-24T20:14:51.676+0000] {dagbag.py:541} INFO - Filling up the DagBag from /home/vscode/.local/lib/python3.10/site-packages/airflow/example_dags/example_sla_dag.py
[2025-03-24T20:14:51.683+0000] {processor.py:836} INFO - DAG(s) dict_keys(['example_sla_dag']) retrieved from /home/vscode/.local/lib/python3.10/site-packages/airflow/example_dags/example_sla_dag.py
[2025-03-24T20:14:51.694+0000] {logging_mixin.py:150} INFO - [2025-03-24T20:14:51.694+0000] {dag.py:2742} INFO - Sync 1 DAGs
[2025-03-24T20:14:51.710+0000] {logging_mixin.py:150} INFO - [2025-03-24T20:14:51.710+0000] {dag.py:3504} INFO - Setting next_dagrun for example_sla_dag to 2025-03-24T20:12:00+00:00, run_after=2025-03-24T20:14:00+00:00
[2025-03-24T20:14:51.725+0000] {processor.py:179} INFO - Processing /home/vscode/.local/lib/python3.10/site-packages/airflow/example_dags/example_sla_dag.py took 0.052 seconds
[2025-03-24T20:15:36.985+0000] {processor.py:157} INFO - Started process (PID=26347) to work on /home/vscode/.local/lib/python3.10/site-packages/airflow/example_dags/example_sla_dag.py
[2025-03-24T20:15:36.985+0000] {processor.py:826} INFO - Processing file /home/vscode/.local/lib/python3.10/site-packages/airflow/example_dags/example_sla_dag.py for tasks to queue
[2025-03-24T20:15:36.986+0000] {logging_mixin.py:150} INFO - [2025-03-24T20:15:36.986+0000] {dagbag.py:541} INFO - Filling up the DagBag from /home/vscode/.local/lib/python3.10/site-packages/airflow/example_dags/example_sla_dag.py
[2025-03-24T20:15:36.992+0000] {processor.py:836} INFO - DAG(s) dict_keys(['example_sla_dag']) retrieved from /home/vscode/.local/lib/python3.10/site-packages/airflow/example_dags/example_sla_dag.py
[2025-03-24T20:15:37.004+0000] {logging_mixin.py:150} INFO - [2025-03-24T20:15:37.004+0000] {dag.py:2742} INFO - Sync 1 DAGs
[2025-03-24T20:15:37.020+0000] {logging_mixin.py:150} INFO - [2025-03-24T20:15:37.020+0000] {dag.py:3504} INFO - Setting next_dagrun for example_sla_dag to 2025-03-24T20:12:00+00:00, run_after=2025-03-24T20:14:00+00:00
[2025-03-24T20:15:37.034+0000] {processor.py:179} INFO - Processing /home/vscode/.local/lib/python3.10/site-packages/airflow/example_dags/example_sla_dag.py took 0.051 seconds
[2025-03-24T20:16:17.155+0000] {processor.py:157} INFO - Started process (PID=26620) to work on /home/vscode/.local/lib/python3.10/site-packages/airflow/example_dags/example_sla_dag.py
[2025-03-24T20:16:17.155+0000] {processor.py:826} INFO - Processing file /home/vscode/.local/lib/python3.10/site-packages/airflow/example_dags/example_sla_dag.py for tasks to queue
[2025-03-24T20:16:17.156+0000] {logging_mixin.py:150} INFO - [2025-03-24T20:16:17.156+0000] {dagbag.py:541} INFO - Filling up the DagBag from /home/vscode/.local/lib/python3.10/site-packages/airflow/example_dags/example_sla_dag.py
[2025-03-24T20:16:17.162+0000] {processor.py:836} INFO - DAG(s) dict_keys(['example_sla_dag']) retrieved from /home/vscode/.local/lib/python3.10/site-packages/airflow/example_dags/example_sla_dag.py
[2025-03-24T20:16:17.173+0000] {logging_mixin.py:150} INFO - [2025-03-24T20:16:17.173+0000] {dag.py:2742} INFO - Sync 1 DAGs
[2025-03-24T20:16:17.190+0000] {logging_mixin.py:150} INFO - [2025-03-24T20:16:17.190+0000] {dag.py:3504} INFO - Setting next_dagrun for example_sla_dag to 2025-03-24T20:14:00+00:00, run_after=2025-03-24T20:16:00+00:00
[2025-03-24T20:16:17.205+0000] {processor.py:179} INFO - Processing /home/vscode/.local/lib/python3.10/site-packages/airflow/example_dags/example_sla_dag.py took 0.053 seconds
[2025-03-24T20:17:03.897+0000] {processor.py:157} INFO - Started process (PID=26929) to work on /home/vscode/.local/lib/python3.10/site-packages/airflow/example_dags/example_sla_dag.py
[2025-03-24T20:17:03.897+0000] {processor.py:826} INFO - Processing file /home/vscode/.local/lib/python3.10/site-packages/airflow/example_dags/example_sla_dag.py for tasks to queue
[2025-03-24T20:17:03.898+0000] {logging_mixin.py:150} INFO - [2025-03-24T20:17:03.898+0000] {dagbag.py:541} INFO - Filling up the DagBag from /home/vscode/.local/lib/python3.10/site-packages/airflow/example_dags/example_sla_dag.py
[2025-03-24T20:17:03.904+0000] {processor.py:836} INFO - DAG(s) dict_keys(['example_sla_dag']) retrieved from /home/vscode/.local/lib/python3.10/site-packages/airflow/example_dags/example_sla_dag.py
[2025-03-24T20:17:03.915+0000] {logging_mixin.py:150} INFO - [2025-03-24T20:17:03.915+0000] {dag.py:2742} INFO - Sync 1 DAGs
[2025-03-24T20:17:03.932+0000] {logging_mixin.py:150} INFO - [2025-03-24T20:17:03.932+0000] {dag.py:3504} INFO - Setting next_dagrun for example_sla_dag to 2025-03-24T20:14:00+00:00, run_after=2025-03-24T20:16:00+00:00
[2025-03-24T20:17:03.946+0000] {processor.py:179} INFO - Processing /home/vscode/.local/lib/python3.10/site-packages/airflow/example_dags/example_sla_dag.py took 0.051 seconds
[2025-03-24T20:17:49.570+0000] {processor.py:157} INFO - Started process (PID=27236) to work on /home/vscode/.local/lib/python3.10/site-packages/airflow/example_dags/example_sla_dag.py
[2025-03-24T20:17:49.570+0000] {processor.py:826} INFO - Processing file /home/vscode/.local/lib/python3.10/site-packages/airflow/example_dags/example_sla_dag.py for tasks to queue
[2025-03-24T20:17:49.571+0000] {logging_mixin.py:150} INFO - [2025-03-24T20:17:49.571+0000] {dagbag.py:541} INFO - Filling up the DagBag from /home/vscode/.local/lib/python3.10/site-packages/airflow/example_dags/example_sla_dag.py
[2025-03-24T20:17:49.577+0000] {processor.py:836} INFO - DAG(s) dict_keys(['example_sla_dag']) retrieved from /home/vscode/.local/lib/python3.10/site-packages/airflow/example_dags/example_sla_dag.py
[2025-03-24T20:17:49.588+0000] {logging_mixin.py:150} INFO - [2025-03-24T20:17:49.588+0000] {dag.py:2742} INFO - Sync 1 DAGs
[2025-03-24T20:17:49.604+0000] {logging_mixin.py:150} INFO - [2025-03-24T20:17:49.604+0000] {dag.py:3504} INFO - Setting next_dagrun for example_sla_dag to 2025-03-24T20:14:00+00:00, run_after=2025-03-24T20:16:00+00:00
[2025-03-24T20:17:49.619+0000] {processor.py:179} INFO - Processing /home/vscode/.local/lib/python3.10/site-packages/airflow/example_dags/example_sla_dag.py took 0.051 seconds
[2025-03-24T20:18:32.975+0000] {processor.py:157} INFO - Started process (PID=27523) to work on /home/vscode/.local/lib/python3.10/site-packages/airflow/example_dags/example_sla_dag.py
[2025-03-24T20:18:32.976+0000] {processor.py:826} INFO - Processing file /home/vscode/.local/lib/python3.10/site-packages/airflow/example_dags/example_sla_dag.py for tasks to queue
[2025-03-24T20:18:32.976+0000] {logging_mixin.py:150} INFO - [2025-03-24T20:18:32.976+0000] {dagbag.py:541} INFO - Filling up the DagBag from /home/vscode/.local/lib/python3.10/site-packages/airflow/example_dags/example_sla_dag.py
[2025-03-24T20:18:32.982+0000] {processor.py:836} INFO - DAG(s) dict_keys(['example_sla_dag']) retrieved from /home/vscode/.local/lib/python3.10/site-packages/airflow/example_dags/example_sla_dag.py
[2025-03-24T20:18:32.994+0000] {logging_mixin.py:150} INFO - [2025-03-24T20:18:32.994+0000] {dag.py:2742} INFO - Sync 1 DAGs
[2025-03-24T20:18:33.010+0000] {logging_mixin.py:150} INFO - [2025-03-24T20:18:33.010+0000] {dag.py:3504} INFO - Setting next_dagrun for example_sla_dag to 2025-03-24T20:16:00+00:00, run_after=2025-03-24T20:18:00+00:00
[2025-03-24T20:18:33.025+0000] {processor.py:179} INFO - Processing /home/vscode/.local/lib/python3.10/site-packages/airflow/example_dags/example_sla_dag.py took 0.052 seconds
[2025-03-24T20:19:13.895+0000] {processor.py:157} INFO - Started process (PID=27792) to work on /home/vscode/.local/lib/python3.10/site-packages/airflow/example_dags/example_sla_dag.py
[2025-03-24T20:19:13.896+0000] {processor.py:826} INFO - Processing file /home/vscode/.local/lib/python3.10/site-packages/airflow/example_dags/example_sla_dag.py for tasks to queue
[2025-03-24T20:19:13.896+0000] {logging_mixin.py:150} INFO - [2025-03-24T20:19:13.896+0000] {dagbag.py:541} INFO - Filling up the DagBag from /home/vscode/.local/lib/python3.10/site-packages/airflow/example_dags/example_sla_dag.py
[2025-03-24T20:19:13.902+0000] {processor.py:836} INFO - DAG(s) dict_keys(['example_sla_dag']) retrieved from /home/vscode/.local/lib/python3.10/site-packages/airflow/example_dags/example_sla_dag.py
[2025-03-24T20:19:13.913+0000] {logging_mixin.py:150} INFO - [2025-03-24T20:19:13.913+0000] {dag.py:2742} INFO - Sync 1 DAGs
[2025-03-24T20:19:13.929+0000] {logging_mixin.py:150} INFO - [2025-03-24T20:19:13.928+0000] {dag.py:3504} INFO - Setting next_dagrun for example_sla_dag to 2025-03-24T20:16:00+00:00, run_after=2025-03-24T20:18:00+00:00
[2025-03-24T20:19:13.943+0000] {processor.py:179} INFO - Processing /home/vscode/.local/lib/python3.10/site-packages/airflow/example_dags/example_sla_dag.py took 0.050 seconds
[2025-03-24T20:19:59.012+0000] {processor.py:157} INFO - Started process (PID=28122) to work on /home/vscode/.local/lib/python3.10/site-packages/airflow/example_dags/example_sla_dag.py
[2025-03-24T20:19:59.012+0000] {processor.py:826} INFO - Processing file /home/vscode/.local/lib/python3.10/site-packages/airflow/example_dags/example_sla_dag.py for tasks to queue
[2025-03-24T20:19:59.013+0000] {logging_mixin.py:150} INFO - [2025-03-24T20:19:59.013+0000] {dagbag.py:541} INFO - Filling up the DagBag from /home/vscode/.local/lib/python3.10/site-packages/airflow/example_dags/example_sla_dag.py
[2025-03-24T20:19:59.019+0000] {processor.py:836} INFO - DAG(s) dict_keys(['example_sla_dag']) retrieved from /home/vscode/.local/lib/python3.10/site-packages/airflow/example_dags/example_sla_dag.py
[2025-03-24T20:19:59.033+0000] {logging_mixin.py:150} INFO - [2025-03-24T20:19:59.033+0000] {dag.py:2742} INFO - Sync 1 DAGs
[2025-03-24T20:19:59.061+0000] {logging_mixin.py:150} INFO - [2025-03-24T20:19:59.061+0000] {dag.py:3504} INFO - Setting next_dagrun for example_sla_dag to 2025-03-24T20:16:00+00:00, run_after=2025-03-24T20:18:00+00:00
[2025-03-24T20:19:59.081+0000] {processor.py:179} INFO - Processing /home/vscode/.local/lib/python3.10/site-packages/airflow/example_dags/example_sla_dag.py took 0.072 seconds
[2025-03-24T20:20:48.064+0000] {processor.py:157} INFO - Started process (PID=28481) to work on /home/vscode/.local/lib/python3.10/site-packages/airflow/example_dags/example_sla_dag.py
[2025-03-24T20:20:48.065+0000] {processor.py:826} INFO - Processing file /home/vscode/.local/lib/python3.10/site-packages/airflow/example_dags/example_sla_dag.py for tasks to queue
[2025-03-24T20:20:48.065+0000] {logging_mixin.py:150} INFO - [2025-03-24T20:20:48.065+0000] {dagbag.py:541} INFO - Filling up the DagBag from /home/vscode/.local/lib/python3.10/site-packages/airflow/example_dags/example_sla_dag.py
[2025-03-24T20:20:48.071+0000] {processor.py:836} INFO - DAG(s) dict_keys(['example_sla_dag']) retrieved from /home/vscode/.local/lib/python3.10/site-packages/airflow/example_dags/example_sla_dag.py
[2025-03-24T20:20:48.083+0000] {logging_mixin.py:150} INFO - [2025-03-24T20:20:48.082+0000] {dag.py:2742} INFO - Sync 1 DAGs
[2025-03-24T20:20:48.099+0000] {logging_mixin.py:150} INFO - [2025-03-24T20:20:48.099+0000] {dag.py:3504} INFO - Setting next_dagrun for example_sla_dag to 2025-03-24T20:18:00+00:00, run_after=2025-03-24T20:20:00+00:00
[2025-03-24T20:20:48.113+0000] {processor.py:179} INFO - Processing /home/vscode/.local/lib/python3.10/site-packages/airflow/example_dags/example_sla_dag.py took 0.051 seconds
[2025-03-24T20:21:35.474+0000] {processor.py:157} INFO - Started process (PID=28852) to work on /home/vscode/.local/lib/python3.10/site-packages/airflow/example_dags/example_sla_dag.py
[2025-03-24T20:21:35.475+0000] {processor.py:826} INFO - Processing file /home/vscode/.local/lib/python3.10/site-packages/airflow/example_dags/example_sla_dag.py for tasks to queue
[2025-03-24T20:21:35.475+0000] {logging_mixin.py:150} INFO - [2025-03-24T20:21:35.475+0000] {dagbag.py:541} INFO - Filling up the DagBag from /home/vscode/.local/lib/python3.10/site-packages/airflow/example_dags/example_sla_dag.py
[2025-03-24T20:21:35.481+0000] {processor.py:836} INFO - DAG(s) dict_keys(['example_sla_dag']) retrieved from /home/vscode/.local/lib/python3.10/site-packages/airflow/example_dags/example_sla_dag.py
[2025-03-24T20:21:35.492+0000] {logging_mixin.py:150} INFO - [2025-03-24T20:21:35.492+0000] {dag.py:2742} INFO - Sync 1 DAGs
[2025-03-24T20:21:35.509+0000] {logging_mixin.py:150} INFO - [2025-03-24T20:21:35.509+0000] {dag.py:3504} INFO - Setting next_dagrun for example_sla_dag to 2025-03-24T20:18:00+00:00, run_after=2025-03-24T20:20:00+00:00
[2025-03-24T20:21:35.529+0000] {processor.py:179} INFO - Processing /home/vscode/.local/lib/python3.10/site-packages/airflow/example_dags/example_sla_dag.py took 0.057 seconds
[2025-03-24T20:22:20.554+0000] {processor.py:157} INFO - Started process (PID=29185) to work on /home/vscode/.local/lib/python3.10/site-packages/airflow/example_dags/example_sla_dag.py
[2025-03-24T20:22:20.554+0000] {processor.py:826} INFO - Processing file /home/vscode/.local/lib/python3.10/site-packages/airflow/example_dags/example_sla_dag.py for tasks to queue
[2025-03-24T20:22:20.555+0000] {logging_mixin.py:150} INFO - [2025-03-24T20:22:20.555+0000] {dagbag.py:541} INFO - Filling up the DagBag from /home/vscode/.local/lib/python3.10/site-packages/airflow/example_dags/example_sla_dag.py
[2025-03-24T20:22:20.561+0000] {processor.py:836} INFO - DAG(s) dict_keys(['example_sla_dag']) retrieved from /home/vscode/.local/lib/python3.10/site-packages/airflow/example_dags/example_sla_dag.py
[2025-03-24T20:22:20.572+0000] {logging_mixin.py:150} INFO - [2025-03-24T20:22:20.572+0000] {dag.py:2742} INFO - Sync 1 DAGs
[2025-03-24T20:22:20.589+0000] {logging_mixin.py:150} INFO - [2025-03-24T20:22:20.589+0000] {dag.py:3504} INFO - Setting next_dagrun for example_sla_dag to 2025-03-24T20:20:00+00:00, run_after=2025-03-24T20:22:00+00:00
[2025-03-24T20:22:20.611+0000] {processor.py:179} INFO - Processing /home/vscode/.local/lib/python3.10/site-packages/airflow/example_dags/example_sla_dag.py took 0.059 seconds
[2025-03-24T20:23:05.153+0000] {processor.py:157} INFO - Started process (PID=29513) to work on /home/vscode/.local/lib/python3.10/site-packages/airflow/example_dags/example_sla_dag.py
[2025-03-24T20:23:05.154+0000] {processor.py:826} INFO - Processing file /home/vscode/.local/lib/python3.10/site-packages/airflow/example_dags/example_sla_dag.py for tasks to queue
[2025-03-24T20:23:05.154+0000] {logging_mixin.py:150} INFO - [2025-03-24T20:23:05.154+0000] {dagbag.py:541} INFO - Filling up the DagBag from /home/vscode/.local/lib/python3.10/site-packages/airflow/example_dags/example_sla_dag.py
[2025-03-24T20:23:05.161+0000] {processor.py:836} INFO - DAG(s) dict_keys(['example_sla_dag']) retrieved from /home/vscode/.local/lib/python3.10/site-packages/airflow/example_dags/example_sla_dag.py
[2025-03-24T20:23:05.172+0000] {logging_mixin.py:150} INFO - [2025-03-24T20:23:05.171+0000] {dag.py:2742} INFO - Sync 1 DAGs
[2025-03-24T20:23:05.187+0000] {logging_mixin.py:150} INFO - [2025-03-24T20:23:05.187+0000] {dag.py:3504} INFO - Setting next_dagrun for example_sla_dag to 2025-03-24T20:20:00+00:00, run_after=2025-03-24T20:22:00+00:00
[2025-03-24T20:23:05.202+0000] {processor.py:179} INFO - Processing /home/vscode/.local/lib/python3.10/site-packages/airflow/example_dags/example_sla_dag.py took 0.051 seconds
[2025-03-24T20:23:47.856+0000] {processor.py:157} INFO - Started process (PID=29892) to work on /home/vscode/.local/lib/python3.10/site-packages/airflow/example_dags/example_sla_dag.py
[2025-03-24T20:23:47.856+0000] {processor.py:826} INFO - Processing file /home/vscode/.local/lib/python3.10/site-packages/airflow/example_dags/example_sla_dag.py for tasks to queue
[2025-03-24T20:23:47.857+0000] {logging_mixin.py:150} INFO - [2025-03-24T20:23:47.857+0000] {dagbag.py:541} INFO - Filling up the DagBag from /home/vscode/.local/lib/python3.10/site-packages/airflow/example_dags/example_sla_dag.py
[2025-03-24T20:23:47.863+0000] {processor.py:836} INFO - DAG(s) dict_keys(['example_sla_dag']) retrieved from /home/vscode/.local/lib/python3.10/site-packages/airflow/example_dags/example_sla_dag.py
[2025-03-24T20:23:47.874+0000] {logging_mixin.py:150} INFO - [2025-03-24T20:23:47.874+0000] {dag.py:2742} INFO - Sync 1 DAGs
[2025-03-24T20:23:47.890+0000] {logging_mixin.py:150} INFO - [2025-03-24T20:23:47.890+0000] {dag.py:3504} INFO - Setting next_dagrun for example_sla_dag to 2025-03-24T20:20:00+00:00, run_after=2025-03-24T20:22:00+00:00
[2025-03-24T20:23:47.905+0000] {processor.py:179} INFO - Processing /home/vscode/.local/lib/python3.10/site-packages/airflow/example_dags/example_sla_dag.py took 0.052 seconds
[2025-03-24T20:24:35.299+0000] {processor.py:157} INFO - Started process (PID=30232) to work on /home/vscode/.local/lib/python3.10/site-packages/airflow/example_dags/example_sla_dag.py
[2025-03-24T20:24:35.300+0000] {processor.py:826} INFO - Processing file /home/vscode/.local/lib/python3.10/site-packages/airflow/example_dags/example_sla_dag.py for tasks to queue
[2025-03-24T20:24:35.301+0000] {logging_mixin.py:150} INFO - [2025-03-24T20:24:35.300+0000] {dagbag.py:541} INFO - Filling up the DagBag from /home/vscode/.local/lib/python3.10/site-packages/airflow/example_dags/example_sla_dag.py
[2025-03-24T20:24:35.306+0000] {processor.py:836} INFO - DAG(s) dict_keys(['example_sla_dag']) retrieved from /home/vscode/.local/lib/python3.10/site-packages/airflow/example_dags/example_sla_dag.py
[2025-03-24T20:24:35.317+0000] {logging_mixin.py:150} INFO - [2025-03-24T20:24:35.317+0000] {dag.py:2742} INFO - Sync 1 DAGs
[2025-03-24T20:24:35.333+0000] {logging_mixin.py:150} INFO - [2025-03-24T20:24:35.333+0000] {dag.py:3504} INFO - Setting next_dagrun for example_sla_dag to 2025-03-24T20:22:00+00:00, run_after=2025-03-24T20:24:00+00:00
[2025-03-24T20:24:35.356+0000] {processor.py:179} INFO - Processing /home/vscode/.local/lib/python3.10/site-packages/airflow/example_dags/example_sla_dag.py took 0.059 seconds
[2025-03-24T20:25:19.849+0000] {processor.py:157} INFO - Started process (PID=30570) to work on /home/vscode/.local/lib/python3.10/site-packages/airflow/example_dags/example_sla_dag.py
[2025-03-24T20:25:19.849+0000] {processor.py:826} INFO - Processing file /home/vscode/.local/lib/python3.10/site-packages/airflow/example_dags/example_sla_dag.py for tasks to queue
[2025-03-24T20:25:19.850+0000] {logging_mixin.py:150} INFO - [2025-03-24T20:25:19.850+0000] {dagbag.py:541} INFO - Filling up the DagBag from /home/vscode/.local/lib/python3.10/site-packages/airflow/example_dags/example_sla_dag.py
[2025-03-24T20:25:19.856+0000] {processor.py:836} INFO - DAG(s) dict_keys(['example_sla_dag']) retrieved from /home/vscode/.local/lib/python3.10/site-packages/airflow/example_dags/example_sla_dag.py
[2025-03-24T20:25:19.869+0000] {logging_mixin.py:150} INFO - [2025-03-24T20:25:19.869+0000] {dag.py:2742} INFO - Sync 1 DAGs
[2025-03-24T20:25:19.885+0000] {logging_mixin.py:150} INFO - [2025-03-24T20:25:19.885+0000] {dag.py:3504} INFO - Setting next_dagrun for example_sla_dag to 2025-03-24T20:22:00+00:00, run_after=2025-03-24T20:24:00+00:00
[2025-03-24T20:25:19.900+0000] {processor.py:179} INFO - Processing /home/vscode/.local/lib/python3.10/site-packages/airflow/example_dags/example_sla_dag.py took 0.054 seconds
[2025-03-24T20:26:03.863+0000] {processor.py:157} INFO - Started process (PID=30923) to work on /home/vscode/.local/lib/python3.10/site-packages/airflow/example_dags/example_sla_dag.py
[2025-03-24T20:26:03.864+0000] {processor.py:826} INFO - Processing file /home/vscode/.local/lib/python3.10/site-packages/airflow/example_dags/example_sla_dag.py for tasks to queue
[2025-03-24T20:26:03.864+0000] {logging_mixin.py:150} INFO - [2025-03-24T20:26:03.864+0000] {dagbag.py:541} INFO - Filling up the DagBag from /home/vscode/.local/lib/python3.10/site-packages/airflow/example_dags/example_sla_dag.py
[2025-03-24T20:26:03.870+0000] {processor.py:836} INFO - DAG(s) dict_keys(['example_sla_dag']) retrieved from /home/vscode/.local/lib/python3.10/site-packages/airflow/example_dags/example_sla_dag.py
[2025-03-24T20:26:03.881+0000] {logging_mixin.py:150} INFO - [2025-03-24T20:26:03.881+0000] {dag.py:2742} INFO - Sync 1 DAGs
[2025-03-24T20:26:03.897+0000] {logging_mixin.py:150} INFO - [2025-03-24T20:26:03.897+0000] {dag.py:3504} INFO - Setting next_dagrun for example_sla_dag to 2025-03-24T20:24:00+00:00, run_after=2025-03-24T20:26:00+00:00
[2025-03-24T20:26:03.912+0000] {processor.py:179} INFO - Processing /home/vscode/.local/lib/python3.10/site-packages/airflow/example_dags/example_sla_dag.py took 0.051 seconds
[2025-03-24T20:26:49.971+0000] {processor.py:157} INFO - Started process (PID=31305) to work on /home/vscode/.local/lib/python3.10/site-packages/airflow/example_dags/example_sla_dag.py
[2025-03-24T20:26:49.971+0000] {processor.py:826} INFO - Processing file /home/vscode/.local/lib/python3.10/site-packages/airflow/example_dags/example_sla_dag.py for tasks to queue
[2025-03-24T20:26:49.972+0000] {logging_mixin.py:150} INFO - [2025-03-24T20:26:49.972+0000] {dagbag.py:541} INFO - Filling up the DagBag from /home/vscode/.local/lib/python3.10/site-packages/airflow/example_dags/example_sla_dag.py
[2025-03-24T20:26:49.978+0000] {processor.py:836} INFO - DAG(s) dict_keys(['example_sla_dag']) retrieved from /home/vscode/.local/lib/python3.10/site-packages/airflow/example_dags/example_sla_dag.py
[2025-03-24T20:26:49.989+0000] {logging_mixin.py:150} INFO - [2025-03-24T20:26:49.989+0000] {dag.py:2742} INFO - Sync 1 DAGs
[2025-03-24T20:26:50.007+0000] {logging_mixin.py:150} INFO - [2025-03-24T20:26:50.007+0000] {dag.py:3504} INFO - Setting next_dagrun for example_sla_dag to 2025-03-24T20:24:00+00:00, run_after=2025-03-24T20:26:00+00:00
[2025-03-24T20:26:50.022+0000] {processor.py:179} INFO - Processing /home/vscode/.local/lib/python3.10/site-packages/airflow/example_dags/example_sla_dag.py took 0.054 seconds
[2025-03-24T20:27:33.200+0000] {processor.py:157} INFO - Started process (PID=31699) to work on /home/vscode/.local/lib/python3.10/site-packages/airflow/example_dags/example_sla_dag.py
[2025-03-24T20:27:33.201+0000] {processor.py:826} INFO - Processing file /home/vscode/.local/lib/python3.10/site-packages/airflow/example_dags/example_sla_dag.py for tasks to queue
[2025-03-24T20:27:33.201+0000] {logging_mixin.py:150} INFO - [2025-03-24T20:27:33.201+0000] {dagbag.py:541} INFO - Filling up the DagBag from /home/vscode/.local/lib/python3.10/site-packages/airflow/example_dags/example_sla_dag.py
[2025-03-24T20:27:33.207+0000] {processor.py:836} INFO - DAG(s) dict_keys(['example_sla_dag']) retrieved from /home/vscode/.local/lib/python3.10/site-packages/airflow/example_dags/example_sla_dag.py
[2025-03-24T20:27:33.218+0000] {logging_mixin.py:150} INFO - [2025-03-24T20:27:33.218+0000] {dag.py:2742} INFO - Sync 1 DAGs
[2025-03-24T20:27:33.235+0000] {logging_mixin.py:150} INFO - [2025-03-24T20:27:33.235+0000] {dag.py:3504} INFO - Setting next_dagrun for example_sla_dag to 2025-03-24T20:24:00+00:00, run_after=2025-03-24T20:26:00+00:00
[2025-03-24T20:27:33.251+0000] {processor.py:179} INFO - Processing /home/vscode/.local/lib/python3.10/site-packages/airflow/example_dags/example_sla_dag.py took 0.054 seconds
[2025-03-24T20:28:19.598+0000] {processor.py:157} INFO - Started process (PID=32033) to work on /home/vscode/.local/lib/python3.10/site-packages/airflow/example_dags/example_sla_dag.py
[2025-03-24T20:28:19.599+0000] {processor.py:826} INFO - Processing file /home/vscode/.local/lib/python3.10/site-packages/airflow/example_dags/example_sla_dag.py for tasks to queue
[2025-03-24T20:28:19.600+0000] {logging_mixin.py:150} INFO - [2025-03-24T20:28:19.599+0000] {dagbag.py:541} INFO - Filling up the DagBag from /home/vscode/.local/lib/python3.10/site-packages/airflow/example_dags/example_sla_dag.py
[2025-03-24T20:28:19.606+0000] {processor.py:836} INFO - DAG(s) dict_keys(['example_sla_dag']) retrieved from /home/vscode/.local/lib/python3.10/site-packages/airflow/example_dags/example_sla_dag.py
[2025-03-24T20:28:19.616+0000] {logging_mixin.py:150} INFO - [2025-03-24T20:28:19.616+0000] {dag.py:2742} INFO - Sync 1 DAGs
[2025-03-24T20:28:19.632+0000] {logging_mixin.py:150} INFO - [2025-03-24T20:28:19.632+0000] {dag.py:3504} INFO - Setting next_dagrun for example_sla_dag to 2025-03-24T20:26:00+00:00, run_after=2025-03-24T20:28:00+00:00
[2025-03-24T20:28:19.649+0000] {processor.py:179} INFO - Processing /home/vscode/.local/lib/python3.10/site-packages/airflow/example_dags/example_sla_dag.py took 0.053 seconds
[2025-03-24T20:29:01.282+0000] {processor.py:157} INFO - Started process (PID=32348) to work on /home/vscode/.local/lib/python3.10/site-packages/airflow/example_dags/example_sla_dag.py
[2025-03-24T20:29:01.283+0000] {processor.py:826} INFO - Processing file /home/vscode/.local/lib/python3.10/site-packages/airflow/example_dags/example_sla_dag.py for tasks to queue
[2025-03-24T20:29:01.283+0000] {logging_mixin.py:150} INFO - [2025-03-24T20:29:01.283+0000] {dagbag.py:541} INFO - Filling up the DagBag from /home/vscode/.local/lib/python3.10/site-packages/airflow/example_dags/example_sla_dag.py
[2025-03-24T20:29:01.290+0000] {processor.py:836} INFO - DAG(s) dict_keys(['example_sla_dag']) retrieved from /home/vscode/.local/lib/python3.10/site-packages/airflow/example_dags/example_sla_dag.py
[2025-03-24T20:29:01.301+0000] {logging_mixin.py:150} INFO - [2025-03-24T20:29:01.301+0000] {dag.py:2742} INFO - Sync 1 DAGs
[2025-03-24T20:29:01.317+0000] {logging_mixin.py:150} INFO - [2025-03-24T20:29:01.316+0000] {dag.py:3504} INFO - Setting next_dagrun for example_sla_dag to 2025-03-24T20:26:00+00:00, run_after=2025-03-24T20:28:00+00:00
[2025-03-24T20:29:01.331+0000] {processor.py:179} INFO - Processing /home/vscode/.local/lib/python3.10/site-packages/airflow/example_dags/example_sla_dag.py took 0.051 seconds
[2025-03-24T20:29:47.456+0000] {processor.py:157} INFO - Started process (PID=32661) to work on /home/vscode/.local/lib/python3.10/site-packages/airflow/example_dags/example_sla_dag.py
[2025-03-24T20:29:47.457+0000] {processor.py:826} INFO - Processing file /home/vscode/.local/lib/python3.10/site-packages/airflow/example_dags/example_sla_dag.py for tasks to queue
[2025-03-24T20:29:47.457+0000] {logging_mixin.py:150} INFO - [2025-03-24T20:29:47.457+0000] {dagbag.py:541} INFO - Filling up the DagBag from /home/vscode/.local/lib/python3.10/site-packages/airflow/example_dags/example_sla_dag.py
[2025-03-24T20:29:47.463+0000] {processor.py:836} INFO - DAG(s) dict_keys(['example_sla_dag']) retrieved from /home/vscode/.local/lib/python3.10/site-packages/airflow/example_dags/example_sla_dag.py
[2025-03-24T20:29:47.474+0000] {logging_mixin.py:150} INFO - [2025-03-24T20:29:47.474+0000] {dag.py:2742} INFO - Sync 1 DAGs
[2025-03-24T20:29:47.490+0000] {logging_mixin.py:150} INFO - [2025-03-24T20:29:47.490+0000] {dag.py:3504} INFO - Setting next_dagrun for example_sla_dag to 2025-03-24T20:26:00+00:00, run_after=2025-03-24T20:28:00+00:00
[2025-03-24T20:29:47.504+0000] {processor.py:179} INFO - Processing /home/vscode/.local/lib/python3.10/site-packages/airflow/example_dags/example_sla_dag.py took 0.050 seconds
[2025-03-24T20:30:30.778+0000] {processor.py:157} INFO - Started process (PID=32958) to work on /home/vscode/.local/lib/python3.10/site-packages/airflow/example_dags/example_sla_dag.py
[2025-03-24T20:30:30.779+0000] {processor.py:826} INFO - Processing file /home/vscode/.local/lib/python3.10/site-packages/airflow/example_dags/example_sla_dag.py for tasks to queue
[2025-03-24T20:30:30.780+0000] {logging_mixin.py:150} INFO - [2025-03-24T20:30:30.779+0000] {dagbag.py:541} INFO - Filling up the DagBag from /home/vscode/.local/lib/python3.10/site-packages/airflow/example_dags/example_sla_dag.py
[2025-03-24T20:30:30.786+0000] {processor.py:836} INFO - DAG(s) dict_keys(['example_sla_dag']) retrieved from /home/vscode/.local/lib/python3.10/site-packages/airflow/example_dags/example_sla_dag.py
[2025-03-24T20:30:30.796+0000] {logging_mixin.py:150} INFO - [2025-03-24T20:30:30.796+0000] {dag.py:2742} INFO - Sync 1 DAGs
[2025-03-24T20:30:30.812+0000] {logging_mixin.py:150} INFO - [2025-03-24T20:30:30.812+0000] {dag.py:3504} INFO - Setting next_dagrun for example_sla_dag to 2025-03-24T20:28:00+00:00, run_after=2025-03-24T20:30:00+00:00
[2025-03-24T20:30:30.827+0000] {processor.py:179} INFO - Processing /home/vscode/.local/lib/python3.10/site-packages/airflow/example_dags/example_sla_dag.py took 0.051 seconds
[2025-03-24T20:31:14.855+0000] {processor.py:157} INFO - Started process (PID=33261) to work on /home/vscode/.local/lib/python3.10/site-packages/airflow/example_dags/example_sla_dag.py
[2025-03-24T20:31:14.856+0000] {processor.py:826} INFO - Processing file /home/vscode/.local/lib/python3.10/site-packages/airflow/example_dags/example_sla_dag.py for tasks to queue
[2025-03-24T20:31:14.857+0000] {logging_mixin.py:150} INFO - [2025-03-24T20:31:14.856+0000] {dagbag.py:541} INFO - Filling up the DagBag from /home/vscode/.local/lib/python3.10/site-packages/airflow/example_dags/example_sla_dag.py
[2025-03-24T20:31:14.863+0000] {processor.py:836} INFO - DAG(s) dict_keys(['example_sla_dag']) retrieved from /home/vscode/.local/lib/python3.10/site-packages/airflow/example_dags/example_sla_dag.py
[2025-03-24T20:31:14.874+0000] {logging_mixin.py:150} INFO - [2025-03-24T20:31:14.874+0000] {dag.py:2742} INFO - Sync 1 DAGs
[2025-03-24T20:31:14.891+0000] {logging_mixin.py:150} INFO - [2025-03-24T20:31:14.891+0000] {dag.py:3504} INFO - Setting next_dagrun for example_sla_dag to 2025-03-24T20:28:00+00:00, run_after=2025-03-24T20:30:00+00:00
[2025-03-24T20:31:14.905+0000] {processor.py:179} INFO - Processing /home/vscode/.local/lib/python3.10/site-packages/airflow/example_dags/example_sla_dag.py took 0.052 seconds
[2025-03-24T20:31:55.826+0000] {processor.py:157} INFO - Started process (PID=33537) to work on /home/vscode/.local/lib/python3.10/site-packages/airflow/example_dags/example_sla_dag.py
[2025-03-24T20:31:55.827+0000] {processor.py:826} INFO - Processing file /home/vscode/.local/lib/python3.10/site-packages/airflow/example_dags/example_sla_dag.py for tasks to queue
[2025-03-24T20:31:55.827+0000] {logging_mixin.py:150} INFO - [2025-03-24T20:31:55.827+0000] {dagbag.py:541} INFO - Filling up the DagBag from /home/vscode/.local/lib/python3.10/site-packages/airflow/example_dags/example_sla_dag.py
[2025-03-24T20:31:55.834+0000] {processor.py:836} INFO - DAG(s) dict_keys(['example_sla_dag']) retrieved from /home/vscode/.local/lib/python3.10/site-packages/airflow/example_dags/example_sla_dag.py
[2025-03-24T20:31:55.845+0000] {logging_mixin.py:150} INFO - [2025-03-24T20:31:55.845+0000] {dag.py:2742} INFO - Sync 1 DAGs
[2025-03-24T20:31:55.861+0000] {logging_mixin.py:150} INFO - [2025-03-24T20:31:55.861+0000] {dag.py:3504} INFO - Setting next_dagrun for example_sla_dag to 2025-03-24T20:28:00+00:00, run_after=2025-03-24T20:30:00+00:00
[2025-03-24T20:31:55.875+0000] {processor.py:179} INFO - Processing /home/vscode/.local/lib/python3.10/site-packages/airflow/example_dags/example_sla_dag.py took 0.051 seconds
[2025-03-24T20:32:40.441+0000] {processor.py:157} INFO - Started process (PID=33830) to work on /home/vscode/.local/lib/python3.10/site-packages/airflow/example_dags/example_sla_dag.py
[2025-03-24T20:32:40.442+0000] {processor.py:826} INFO - Processing file /home/vscode/.local/lib/python3.10/site-packages/airflow/example_dags/example_sla_dag.py for tasks to queue
[2025-03-24T20:32:40.443+0000] {logging_mixin.py:150} INFO - [2025-03-24T20:32:40.442+0000] {dagbag.py:541} INFO - Filling up the DagBag from /home/vscode/.local/lib/python3.10/site-packages/airflow/example_dags/example_sla_dag.py
[2025-03-24T20:32:40.449+0000] {processor.py:836} INFO - DAG(s) dict_keys(['example_sla_dag']) retrieved from /home/vscode/.local/lib/python3.10/site-packages/airflow/example_dags/example_sla_dag.py
[2025-03-24T20:32:40.461+0000] {logging_mixin.py:150} INFO - [2025-03-24T20:32:40.461+0000] {dag.py:2742} INFO - Sync 1 DAGs
[2025-03-24T20:32:40.478+0000] {logging_mixin.py:150} INFO - [2025-03-24T20:32:40.478+0000] {dag.py:3504} INFO - Setting next_dagrun for example_sla_dag to 2025-03-24T20:30:00+00:00, run_after=2025-03-24T20:32:00+00:00
[2025-03-24T20:32:40.494+0000] {processor.py:179} INFO - Processing /home/vscode/.local/lib/python3.10/site-packages/airflow/example_dags/example_sla_dag.py took 0.054 seconds
[2025-03-24T20:33:28.631+0000] {processor.py:157} INFO - Started process (PID=34261) to work on /home/vscode/.local/lib/python3.10/site-packages/airflow/example_dags/example_sla_dag.py
[2025-03-24T20:33:28.631+0000] {processor.py:826} INFO - Processing file /home/vscode/.local/lib/python3.10/site-packages/airflow/example_dags/example_sla_dag.py for tasks to queue
[2025-03-24T20:33:28.632+0000] {logging_mixin.py:150} INFO - [2025-03-24T20:33:28.632+0000] {dagbag.py:541} INFO - Filling up the DagBag from /home/vscode/.local/lib/python3.10/site-packages/airflow/example_dags/example_sla_dag.py
[2025-03-24T20:33:28.638+0000] {processor.py:836} INFO - DAG(s) dict_keys(['example_sla_dag']) retrieved from /home/vscode/.local/lib/python3.10/site-packages/airflow/example_dags/example_sla_dag.py
[2025-03-24T20:33:28.649+0000] {logging_mixin.py:150} INFO - [2025-03-24T20:33:28.649+0000] {dag.py:2742} INFO - Sync 1 DAGs
[2025-03-24T20:33:28.665+0000] {logging_mixin.py:150} INFO - [2025-03-24T20:33:28.665+0000] {dag.py:3504} INFO - Setting next_dagrun for example_sla_dag to 2025-03-24T20:30:00+00:00, run_after=2025-03-24T20:32:00+00:00
[2025-03-24T20:33:28.680+0000] {processor.py:179} INFO - Processing /home/vscode/.local/lib/python3.10/site-packages/airflow/example_dags/example_sla_dag.py took 0.052 seconds
[2025-03-24T20:34:17.513+0000] {processor.py:157} INFO - Started process (PID=34584) to work on /home/vscode/.local/lib/python3.10/site-packages/airflow/example_dags/example_sla_dag.py
[2025-03-24T20:34:17.514+0000] {processor.py:826} INFO - Processing file /home/vscode/.local/lib/python3.10/site-packages/airflow/example_dags/example_sla_dag.py for tasks to queue
[2025-03-24T20:34:17.515+0000] {logging_mixin.py:150} INFO - [2025-03-24T20:34:17.514+0000] {dagbag.py:541} INFO - Filling up the DagBag from /home/vscode/.local/lib/python3.10/site-packages/airflow/example_dags/example_sla_dag.py
[2025-03-24T20:34:17.521+0000] {processor.py:836} INFO - DAG(s) dict_keys(['example_sla_dag']) retrieved from /home/vscode/.local/lib/python3.10/site-packages/airflow/example_dags/example_sla_dag.py
[2025-03-24T20:34:17.531+0000] {logging_mixin.py:150} INFO - [2025-03-24T20:34:17.531+0000] {dag.py:2742} INFO - Sync 1 DAGs
[2025-03-24T20:34:17.547+0000] {logging_mixin.py:150} INFO - [2025-03-24T20:34:17.547+0000] {dag.py:3504} INFO - Setting next_dagrun for example_sla_dag to 2025-03-24T20:32:00+00:00, run_after=2025-03-24T20:34:00+00:00
[2025-03-24T20:34:17.563+0000] {processor.py:179} INFO - Processing /home/vscode/.local/lib/python3.10/site-packages/airflow/example_dags/example_sla_dag.py took 0.052 seconds
[2025-03-24T20:35:01.206+0000] {processor.py:157} INFO - Started process (PID=34872) to work on /home/vscode/.local/lib/python3.10/site-packages/airflow/example_dags/example_sla_dag.py
[2025-03-24T20:35:01.207+0000] {processor.py:826} INFO - Processing file /home/vscode/.local/lib/python3.10/site-packages/airflow/example_dags/example_sla_dag.py for tasks to queue
[2025-03-24T20:35:01.208+0000] {logging_mixin.py:150} INFO - [2025-03-24T20:35:01.207+0000] {dagbag.py:541} INFO - Filling up the DagBag from /home/vscode/.local/lib/python3.10/site-packages/airflow/example_dags/example_sla_dag.py
[2025-03-24T20:35:01.220+0000] {processor.py:836} INFO - DAG(s) dict_keys(['example_sla_dag']) retrieved from /home/vscode/.local/lib/python3.10/site-packages/airflow/example_dags/example_sla_dag.py
[2025-03-24T20:35:01.231+0000] {logging_mixin.py:150} INFO - [2025-03-24T20:35:01.231+0000] {dag.py:2742} INFO - Sync 1 DAGs
[2025-03-24T20:35:01.247+0000] {logging_mixin.py:150} INFO - [2025-03-24T20:35:01.247+0000] {dag.py:3504} INFO - Setting next_dagrun for example_sla_dag to 2025-03-24T20:32:00+00:00, run_after=2025-03-24T20:34:00+00:00
[2025-03-24T20:35:01.261+0000] {processor.py:179} INFO - Processing /home/vscode/.local/lib/python3.10/site-packages/airflow/example_dags/example_sla_dag.py took 0.058 seconds
[2025-03-24T20:35:47.256+0000] {processor.py:157} INFO - Started process (PID=35180) to work on /home/vscode/.local/lib/python3.10/site-packages/airflow/example_dags/example_sla_dag.py
[2025-03-24T20:35:47.256+0000] {processor.py:826} INFO - Processing file /home/vscode/.local/lib/python3.10/site-packages/airflow/example_dags/example_sla_dag.py for tasks to queue
[2025-03-24T20:35:47.257+0000] {logging_mixin.py:150} INFO - [2025-03-24T20:35:47.257+0000] {dagbag.py:541} INFO - Filling up the DagBag from /home/vscode/.local/lib/python3.10/site-packages/airflow/example_dags/example_sla_dag.py
[2025-03-24T20:35:47.263+0000] {processor.py:836} INFO - DAG(s) dict_keys(['example_sla_dag']) retrieved from /home/vscode/.local/lib/python3.10/site-packages/airflow/example_dags/example_sla_dag.py
[2025-03-24T20:35:47.277+0000] {logging_mixin.py:150} INFO - [2025-03-24T20:35:47.277+0000] {dag.py:2742} INFO - Sync 1 DAGs
[2025-03-24T20:35:47.302+0000] {logging_mixin.py:150} INFO - [2025-03-24T20:35:47.301+0000] {dag.py:3504} INFO - Setting next_dagrun for example_sla_dag to 2025-03-24T20:32:00+00:00, run_after=2025-03-24T20:34:00+00:00
[2025-03-24T20:35:47.322+0000] {processor.py:179} INFO - Processing /home/vscode/.local/lib/python3.10/site-packages/airflow/example_dags/example_sla_dag.py took 0.068 seconds
[2025-03-24T20:36:30.459+0000] {processor.py:157} INFO - Started process (PID=35477) to work on /home/vscode/.local/lib/python3.10/site-packages/airflow/example_dags/example_sla_dag.py
[2025-03-24T20:36:30.459+0000] {processor.py:826} INFO - Processing file /home/vscode/.local/lib/python3.10/site-packages/airflow/example_dags/example_sla_dag.py for tasks to queue
[2025-03-24T20:36:30.460+0000] {logging_mixin.py:150} INFO - [2025-03-24T20:36:30.460+0000] {dagbag.py:541} INFO - Filling up the DagBag from /home/vscode/.local/lib/python3.10/site-packages/airflow/example_dags/example_sla_dag.py
[2025-03-24T20:36:30.466+0000] {processor.py:836} INFO - DAG(s) dict_keys(['example_sla_dag']) retrieved from /home/vscode/.local/lib/python3.10/site-packages/airflow/example_dags/example_sla_dag.py
[2025-03-24T20:36:30.478+0000] {logging_mixin.py:150} INFO - [2025-03-24T20:36:30.478+0000] {dag.py:2742} INFO - Sync 1 DAGs
[2025-03-24T20:36:30.494+0000] {logging_mixin.py:150} INFO - [2025-03-24T20:36:30.494+0000] {dag.py:3504} INFO - Setting next_dagrun for example_sla_dag to 2025-03-24T20:34:00+00:00, run_after=2025-03-24T20:36:00+00:00
[2025-03-24T20:36:30.511+0000] {processor.py:179} INFO - Processing /home/vscode/.local/lib/python3.10/site-packages/airflow/example_dags/example_sla_dag.py took 0.055 seconds
[2025-03-24T20:37:18.096+0000] {processor.py:157} INFO - Started process (PID=35843) to work on /home/vscode/.local/lib/python3.10/site-packages/airflow/example_dags/example_sla_dag.py
[2025-03-24T20:37:18.097+0000] {processor.py:826} INFO - Processing file /home/vscode/.local/lib/python3.10/site-packages/airflow/example_dags/example_sla_dag.py for tasks to queue
[2025-03-24T20:37:18.098+0000] {logging_mixin.py:150} INFO - [2025-03-24T20:37:18.097+0000] {dagbag.py:541} INFO - Filling up the DagBag from /home/vscode/.local/lib/python3.10/site-packages/airflow/example_dags/example_sla_dag.py
[2025-03-24T20:37:18.104+0000] {processor.py:836} INFO - DAG(s) dict_keys(['example_sla_dag']) retrieved from /home/vscode/.local/lib/python3.10/site-packages/airflow/example_dags/example_sla_dag.py
[2025-03-24T20:37:18.115+0000] {logging_mixin.py:150} INFO - [2025-03-24T20:37:18.115+0000] {dag.py:2742} INFO - Sync 1 DAGs
[2025-03-24T20:37:18.131+0000] {logging_mixin.py:150} INFO - [2025-03-24T20:37:18.131+0000] {dag.py:3504} INFO - Setting next_dagrun for example_sla_dag to 2025-03-24T20:34:00+00:00, run_after=2025-03-24T20:36:00+00:00
[2025-03-24T20:37:18.146+0000] {processor.py:179} INFO - Processing /home/vscode/.local/lib/python3.10/site-packages/airflow/example_dags/example_sla_dag.py took 0.052 seconds
[2025-03-24T20:38:02.122+0000] {processor.py:157} INFO - Started process (PID=36148) to work on /home/vscode/.local/lib/python3.10/site-packages/airflow/example_dags/example_sla_dag.py
[2025-03-24T20:38:02.122+0000] {processor.py:826} INFO - Processing file /home/vscode/.local/lib/python3.10/site-packages/airflow/example_dags/example_sla_dag.py for tasks to queue
[2025-03-24T20:38:02.123+0000] {logging_mixin.py:150} INFO - [2025-03-24T20:38:02.123+0000] {dagbag.py:541} INFO - Filling up the DagBag from /home/vscode/.local/lib/python3.10/site-packages/airflow/example_dags/example_sla_dag.py
[2025-03-24T20:38:02.129+0000] {processor.py:836} INFO - DAG(s) dict_keys(['example_sla_dag']) retrieved from /home/vscode/.local/lib/python3.10/site-packages/airflow/example_dags/example_sla_dag.py
[2025-03-24T20:38:02.141+0000] {logging_mixin.py:150} INFO - [2025-03-24T20:38:02.140+0000] {dag.py:2742} INFO - Sync 1 DAGs
[2025-03-24T20:38:02.157+0000] {logging_mixin.py:150} INFO - [2025-03-24T20:38:02.157+0000] {dag.py:3504} INFO - Setting next_dagrun for example_sla_dag to 2025-03-24T20:36:00+00:00, run_after=2025-03-24T20:38:00+00:00
[2025-03-24T20:38:02.172+0000] {processor.py:179} INFO - Processing /home/vscode/.local/lib/python3.10/site-packages/airflow/example_dags/example_sla_dag.py took 0.052 seconds
