[2025-03-24T20:12:34.316+0000] {processor.py:157} INFO - Started process (PID=25075) to work on /home/vscode/.local/lib/python3.10/site-packages/airflow/example_dags/example_time_delta_sensor_async.py
[2025-03-24T20:12:34.317+0000] {processor.py:826} INFO - Processing file /home/vscode/.local/lib/python3.10/site-packages/airflow/example_dags/example_time_delta_sensor_async.py for tasks to queue
[2025-03-24T20:12:34.317+0000] {logging_mixin.py:150} INFO - [2025-03-24T20:12:34.317+0000] {dagbag.py:541} INFO - Filling up the DagBag from /home/vscode/.local/lib/python3.10/site-packages/airflow/example_dags/example_time_delta_sensor_async.py
[2025-03-24T20:12:34.322+0000] {processor.py:836} INFO - DAG(s) dict_keys(['example_time_delta_sensor_async']) retrieved from /home/vscode/.local/lib/python3.10/site-packages/airflow/example_dags/example_time_delta_sensor_async.py
[2025-03-24T20:12:34.396+0000] {logging_mixin.py:150} INFO - [2025-03-24T20:12:34.396+0000] {manager.py:504} INFO - Created Permission View: can delete on DAG:example_time_delta_sensor_async
[2025-03-24T20:12:34.405+0000] {logging_mixin.py:150} INFO - [2025-03-24T20:12:34.404+0000] {manager.py:504} INFO - Created Permission View: can edit on DAG:example_time_delta_sensor_async
[2025-03-24T20:12:34.410+0000] {logging_mixin.py:150} INFO - [2025-03-24T20:12:34.410+0000] {manager.py:504} INFO - Created Permission View: can read on DAG:example_time_delta_sensor_async
[2025-03-24T20:12:34.419+0000] {logging_mixin.py:150} INFO - [2025-03-24T20:12:34.419+0000] {dag.py:2742} INFO - Sync 1 DAGs
[2025-03-24T20:12:34.425+0000] {logging_mixin.py:150} INFO - [2025-03-24T20:12:34.425+0000] {dag.py:2763} INFO - Creating ORM DAG for example_time_delta_sensor_async
[2025-03-24T20:12:34.432+0000] {logging_mixin.py:150} INFO - [2025-03-24T20:12:34.431+0000] {dag.py:3504} INFO - Setting next_dagrun for example_time_delta_sensor_async to None, run_after=None
[2025-03-24T20:12:34.446+0000] {processor.py:179} INFO - Processing /home/vscode/.local/lib/python3.10/site-packages/airflow/example_dags/example_time_delta_sensor_async.py took 0.132 seconds
[2025-03-24T20:13:21.348+0000] {processor.py:157} INFO - Started process (PID=25432) to work on /home/vscode/.local/lib/python3.10/site-packages/airflow/example_dags/example_time_delta_sensor_async.py
[2025-03-24T20:13:21.349+0000] {processor.py:826} INFO - Processing file /home/vscode/.local/lib/python3.10/site-packages/airflow/example_dags/example_time_delta_sensor_async.py for tasks to queue
[2025-03-24T20:13:21.349+0000] {logging_mixin.py:150} INFO - [2025-03-24T20:13:21.349+0000] {dagbag.py:541} INFO - Filling up the DagBag from /home/vscode/.local/lib/python3.10/site-packages/airflow/example_dags/example_time_delta_sensor_async.py
[2025-03-24T20:13:21.353+0000] {processor.py:836} INFO - DAG(s) dict_keys(['example_time_delta_sensor_async']) retrieved from /home/vscode/.local/lib/python3.10/site-packages/airflow/example_dags/example_time_delta_sensor_async.py
[2025-03-24T20:13:21.364+0000] {logging_mixin.py:150} INFO - [2025-03-24T20:13:21.364+0000] {dag.py:2742} INFO - Sync 1 DAGs
[2025-03-24T20:13:21.378+0000] {logging_mixin.py:150} INFO - [2025-03-24T20:13:21.378+0000] {dag.py:3504} INFO - Setting next_dagrun for example_time_delta_sensor_async to None, run_after=None
[2025-03-24T20:13:21.392+0000] {processor.py:179} INFO - Processing /home/vscode/.local/lib/python3.10/site-packages/airflow/example_dags/example_time_delta_sensor_async.py took 0.046 seconds
[2025-03-24T20:14:07.363+0000] {processor.py:157} INFO - Started process (PID=25744) to work on /home/vscode/.local/lib/python3.10/site-packages/airflow/example_dags/example_time_delta_sensor_async.py
[2025-03-24T20:14:07.363+0000] {processor.py:826} INFO - Processing file /home/vscode/.local/lib/python3.10/site-packages/airflow/example_dags/example_time_delta_sensor_async.py for tasks to queue
[2025-03-24T20:14:07.364+0000] {logging_mixin.py:150} INFO - [2025-03-24T20:14:07.364+0000] {dagbag.py:541} INFO - Filling up the DagBag from /home/vscode/.local/lib/python3.10/site-packages/airflow/example_dags/example_time_delta_sensor_async.py
[2025-03-24T20:14:07.367+0000] {processor.py:836} INFO - DAG(s) dict_keys(['example_time_delta_sensor_async']) retrieved from /home/vscode/.local/lib/python3.10/site-packages/airflow/example_dags/example_time_delta_sensor_async.py
[2025-03-24T20:14:07.378+0000] {logging_mixin.py:150} INFO - [2025-03-24T20:14:07.378+0000] {dag.py:2742} INFO - Sync 1 DAGs
[2025-03-24T20:14:07.392+0000] {logging_mixin.py:150} INFO - [2025-03-24T20:14:07.392+0000] {dag.py:3504} INFO - Setting next_dagrun for example_time_delta_sensor_async to None, run_after=None
[2025-03-24T20:14:07.407+0000] {processor.py:179} INFO - Processing /home/vscode/.local/lib/python3.10/site-packages/airflow/example_dags/example_time_delta_sensor_async.py took 0.046 seconds
[2025-03-24T20:14:47.025+0000] {processor.py:157} INFO - Started process (PID=26007) to work on /home/vscode/.local/lib/python3.10/site-packages/airflow/example_dags/example_time_delta_sensor_async.py
[2025-03-24T20:14:47.026+0000] {processor.py:826} INFO - Processing file /home/vscode/.local/lib/python3.10/site-packages/airflow/example_dags/example_time_delta_sensor_async.py for tasks to queue
[2025-03-24T20:14:47.027+0000] {logging_mixin.py:150} INFO - [2025-03-24T20:14:47.026+0000] {dagbag.py:541} INFO - Filling up the DagBag from /home/vscode/.local/lib/python3.10/site-packages/airflow/example_dags/example_time_delta_sensor_async.py
[2025-03-24T20:14:47.030+0000] {processor.py:836} INFO - DAG(s) dict_keys(['example_time_delta_sensor_async']) retrieved from /home/vscode/.local/lib/python3.10/site-packages/airflow/example_dags/example_time_delta_sensor_async.py
[2025-03-24T20:14:47.041+0000] {logging_mixin.py:150} INFO - [2025-03-24T20:14:47.041+0000] {dag.py:2742} INFO - Sync 1 DAGs
[2025-03-24T20:14:47.055+0000] {logging_mixin.py:150} INFO - [2025-03-24T20:14:47.055+0000] {dag.py:3504} INFO - Setting next_dagrun for example_time_delta_sensor_async to None, run_after=None
[2025-03-24T20:14:47.069+0000] {processor.py:179} INFO - Processing /home/vscode/.local/lib/python3.10/site-packages/airflow/example_dags/example_time_delta_sensor_async.py took 0.046 seconds
[2025-03-24T20:15:28.131+0000] {processor.py:157} INFO - Started process (PID=26300) to work on /home/vscode/.local/lib/python3.10/site-packages/airflow/example_dags/example_time_delta_sensor_async.py
[2025-03-24T20:15:28.132+0000] {processor.py:826} INFO - Processing file /home/vscode/.local/lib/python3.10/site-packages/airflow/example_dags/example_time_delta_sensor_async.py for tasks to queue
[2025-03-24T20:15:28.133+0000] {logging_mixin.py:150} INFO - [2025-03-24T20:15:28.132+0000] {dagbag.py:541} INFO - Filling up the DagBag from /home/vscode/.local/lib/python3.10/site-packages/airflow/example_dags/example_time_delta_sensor_async.py
[2025-03-24T20:15:28.136+0000] {processor.py:836} INFO - DAG(s) dict_keys(['example_time_delta_sensor_async']) retrieved from /home/vscode/.local/lib/python3.10/site-packages/airflow/example_dags/example_time_delta_sensor_async.py
[2025-03-24T20:15:28.147+0000] {logging_mixin.py:150} INFO - [2025-03-24T20:15:28.147+0000] {dag.py:2742} INFO - Sync 1 DAGs
[2025-03-24T20:15:28.162+0000] {logging_mixin.py:150} INFO - [2025-03-24T20:15:28.161+0000] {dag.py:3504} INFO - Setting next_dagrun for example_time_delta_sensor_async to None, run_after=None
[2025-03-24T20:15:28.176+0000] {processor.py:179} INFO - Processing /home/vscode/.local/lib/python3.10/site-packages/airflow/example_dags/example_time_delta_sensor_async.py took 0.047 seconds
[2025-03-24T20:16:14.572+0000] {processor.py:157} INFO - Started process (PID=26602) to work on /home/vscode/.local/lib/python3.10/site-packages/airflow/example_dags/example_time_delta_sensor_async.py
[2025-03-24T20:16:14.573+0000] {processor.py:826} INFO - Processing file /home/vscode/.local/lib/python3.10/site-packages/airflow/example_dags/example_time_delta_sensor_async.py for tasks to queue
[2025-03-24T20:16:14.574+0000] {logging_mixin.py:150} INFO - [2025-03-24T20:16:14.573+0000] {dagbag.py:541} INFO - Filling up the DagBag from /home/vscode/.local/lib/python3.10/site-packages/airflow/example_dags/example_time_delta_sensor_async.py
[2025-03-24T20:16:14.577+0000] {processor.py:836} INFO - DAG(s) dict_keys(['example_time_delta_sensor_async']) retrieved from /home/vscode/.local/lib/python3.10/site-packages/airflow/example_dags/example_time_delta_sensor_async.py
[2025-03-24T20:16:14.588+0000] {logging_mixin.py:150} INFO - [2025-03-24T20:16:14.588+0000] {dag.py:2742} INFO - Sync 1 DAGs
[2025-03-24T20:16:14.603+0000] {logging_mixin.py:150} INFO - [2025-03-24T20:16:14.603+0000] {dag.py:3504} INFO - Setting next_dagrun for example_time_delta_sensor_async to None, run_after=None
[2025-03-24T20:16:14.621+0000] {processor.py:179} INFO - Processing /home/vscode/.local/lib/python3.10/site-packages/airflow/example_dags/example_time_delta_sensor_async.py took 0.050 seconds
[2025-03-24T20:17:01.732+0000] {processor.py:157} INFO - Started process (PID=26918) to work on /home/vscode/.local/lib/python3.10/site-packages/airflow/example_dags/example_time_delta_sensor_async.py
[2025-03-24T20:17:01.732+0000] {processor.py:826} INFO - Processing file /home/vscode/.local/lib/python3.10/site-packages/airflow/example_dags/example_time_delta_sensor_async.py for tasks to queue
[2025-03-24T20:17:01.733+0000] {logging_mixin.py:150} INFO - [2025-03-24T20:17:01.733+0000] {dagbag.py:541} INFO - Filling up the DagBag from /home/vscode/.local/lib/python3.10/site-packages/airflow/example_dags/example_time_delta_sensor_async.py
[2025-03-24T20:17:01.736+0000] {processor.py:836} INFO - DAG(s) dict_keys(['example_time_delta_sensor_async']) retrieved from /home/vscode/.local/lib/python3.10/site-packages/airflow/example_dags/example_time_delta_sensor_async.py
[2025-03-24T20:17:01.748+0000] {logging_mixin.py:150} INFO - [2025-03-24T20:17:01.748+0000] {dag.py:2742} INFO - Sync 1 DAGs
[2025-03-24T20:17:01.762+0000] {logging_mixin.py:150} INFO - [2025-03-24T20:17:01.762+0000] {dag.py:3504} INFO - Setting next_dagrun for example_time_delta_sensor_async to None, run_after=None
[2025-03-24T20:17:01.777+0000] {processor.py:179} INFO - Processing /home/vscode/.local/lib/python3.10/site-packages/airflow/example_dags/example_time_delta_sensor_async.py took 0.047 seconds
[2025-03-24T20:17:46.486+0000] {processor.py:157} INFO - Started process (PID=27213) to work on /home/vscode/.local/lib/python3.10/site-packages/airflow/example_dags/example_time_delta_sensor_async.py
[2025-03-24T20:17:46.487+0000] {processor.py:826} INFO - Processing file /home/vscode/.local/lib/python3.10/site-packages/airflow/example_dags/example_time_delta_sensor_async.py for tasks to queue
[2025-03-24T20:17:46.488+0000] {logging_mixin.py:150} INFO - [2025-03-24T20:17:46.487+0000] {dagbag.py:541} INFO - Filling up the DagBag from /home/vscode/.local/lib/python3.10/site-packages/airflow/example_dags/example_time_delta_sensor_async.py
[2025-03-24T20:17:46.491+0000] {processor.py:836} INFO - DAG(s) dict_keys(['example_time_delta_sensor_async']) retrieved from /home/vscode/.local/lib/python3.10/site-packages/airflow/example_dags/example_time_delta_sensor_async.py
[2025-03-24T20:17:46.502+0000] {logging_mixin.py:150} INFO - [2025-03-24T20:17:46.501+0000] {dag.py:2742} INFO - Sync 1 DAGs
[2025-03-24T20:17:46.515+0000] {logging_mixin.py:150} INFO - [2025-03-24T20:17:46.515+0000] {dag.py:3504} INFO - Setting next_dagrun for example_time_delta_sensor_async to None, run_after=None
[2025-03-24T20:17:46.529+0000] {processor.py:179} INFO - Processing /home/vscode/.local/lib/python3.10/site-packages/airflow/example_dags/example_time_delta_sensor_async.py took 0.044 seconds
[2025-03-24T20:18:29.530+0000] {processor.py:157} INFO - Started process (PID=27505) to work on /home/vscode/.local/lib/python3.10/site-packages/airflow/example_dags/example_time_delta_sensor_async.py
[2025-03-24T20:18:29.531+0000] {processor.py:826} INFO - Processing file /home/vscode/.local/lib/python3.10/site-packages/airflow/example_dags/example_time_delta_sensor_async.py for tasks to queue
[2025-03-24T20:18:29.531+0000] {logging_mixin.py:150} INFO - [2025-03-24T20:18:29.531+0000] {dagbag.py:541} INFO - Filling up the DagBag from /home/vscode/.local/lib/python3.10/site-packages/airflow/example_dags/example_time_delta_sensor_async.py
[2025-03-24T20:18:29.535+0000] {processor.py:836} INFO - DAG(s) dict_keys(['example_time_delta_sensor_async']) retrieved from /home/vscode/.local/lib/python3.10/site-packages/airflow/example_dags/example_time_delta_sensor_async.py
[2025-03-24T20:18:29.547+0000] {logging_mixin.py:150} INFO - [2025-03-24T20:18:29.546+0000] {dag.py:2742} INFO - Sync 1 DAGs
[2025-03-24T20:18:29.560+0000] {logging_mixin.py:150} INFO - [2025-03-24T20:18:29.560+0000] {dag.py:3504} INFO - Setting next_dagrun for example_time_delta_sensor_async to None, run_after=None
[2025-03-24T20:18:29.575+0000] {processor.py:179} INFO - Processing /home/vscode/.local/lib/python3.10/site-packages/airflow/example_dags/example_time_delta_sensor_async.py took 0.046 seconds
[2025-03-24T20:19:10.471+0000] {processor.py:157} INFO - Started process (PID=27780) to work on /home/vscode/.local/lib/python3.10/site-packages/airflow/example_dags/example_time_delta_sensor_async.py
[2025-03-24T20:19:10.471+0000] {processor.py:826} INFO - Processing file /home/vscode/.local/lib/python3.10/site-packages/airflow/example_dags/example_time_delta_sensor_async.py for tasks to queue
[2025-03-24T20:19:10.472+0000] {logging_mixin.py:150} INFO - [2025-03-24T20:19:10.472+0000] {dagbag.py:541} INFO - Filling up the DagBag from /home/vscode/.local/lib/python3.10/site-packages/airflow/example_dags/example_time_delta_sensor_async.py
[2025-03-24T20:19:10.475+0000] {processor.py:836} INFO - DAG(s) dict_keys(['example_time_delta_sensor_async']) retrieved from /home/vscode/.local/lib/python3.10/site-packages/airflow/example_dags/example_time_delta_sensor_async.py
[2025-03-24T20:19:10.486+0000] {logging_mixin.py:150} INFO - [2025-03-24T20:19:10.486+0000] {dag.py:2742} INFO - Sync 1 DAGs
[2025-03-24T20:19:10.500+0000] {logging_mixin.py:150} INFO - [2025-03-24T20:19:10.500+0000] {dag.py:3504} INFO - Setting next_dagrun for example_time_delta_sensor_async to None, run_after=None
[2025-03-24T20:19:10.514+0000] {processor.py:179} INFO - Processing /home/vscode/.local/lib/python3.10/site-packages/airflow/example_dags/example_time_delta_sensor_async.py took 0.046 seconds
[2025-03-24T20:19:56.055+0000] {processor.py:157} INFO - Started process (PID=28104) to work on /home/vscode/.local/lib/python3.10/site-packages/airflow/example_dags/example_time_delta_sensor_async.py
[2025-03-24T20:19:56.055+0000] {processor.py:826} INFO - Processing file /home/vscode/.local/lib/python3.10/site-packages/airflow/example_dags/example_time_delta_sensor_async.py for tasks to queue
[2025-03-24T20:19:56.056+0000] {logging_mixin.py:150} INFO - [2025-03-24T20:19:56.056+0000] {dagbag.py:541} INFO - Filling up the DagBag from /home/vscode/.local/lib/python3.10/site-packages/airflow/example_dags/example_time_delta_sensor_async.py
[2025-03-24T20:19:56.059+0000] {processor.py:836} INFO - DAG(s) dict_keys(['example_time_delta_sensor_async']) retrieved from /home/vscode/.local/lib/python3.10/site-packages/airflow/example_dags/example_time_delta_sensor_async.py
[2025-03-24T20:19:56.071+0000] {logging_mixin.py:150} INFO - [2025-03-24T20:19:56.071+0000] {dag.py:2742} INFO - Sync 1 DAGs
[2025-03-24T20:19:56.084+0000] {logging_mixin.py:150} INFO - [2025-03-24T20:19:56.084+0000] {dag.py:3504} INFO - Setting next_dagrun for example_time_delta_sensor_async to None, run_after=None
[2025-03-24T20:19:56.099+0000] {processor.py:179} INFO - Processing /home/vscode/.local/lib/python3.10/site-packages/airflow/example_dags/example_time_delta_sensor_async.py took 0.046 seconds
[2025-03-24T20:20:46.406+0000] {processor.py:157} INFO - Started process (PID=28467) to work on /home/vscode/.local/lib/python3.10/site-packages/airflow/example_dags/example_time_delta_sensor_async.py
[2025-03-24T20:20:46.407+0000] {processor.py:826} INFO - Processing file /home/vscode/.local/lib/python3.10/site-packages/airflow/example_dags/example_time_delta_sensor_async.py for tasks to queue
[2025-03-24T20:20:46.407+0000] {logging_mixin.py:150} INFO - [2025-03-24T20:20:46.407+0000] {dagbag.py:541} INFO - Filling up the DagBag from /home/vscode/.local/lib/python3.10/site-packages/airflow/example_dags/example_time_delta_sensor_async.py
[2025-03-24T20:20:46.411+0000] {processor.py:836} INFO - DAG(s) dict_keys(['example_time_delta_sensor_async']) retrieved from /home/vscode/.local/lib/python3.10/site-packages/airflow/example_dags/example_time_delta_sensor_async.py
[2025-03-24T20:20:46.427+0000] {logging_mixin.py:150} INFO - [2025-03-24T20:20:46.427+0000] {dag.py:2742} INFO - Sync 1 DAGs
[2025-03-24T20:20:46.441+0000] {logging_mixin.py:150} INFO - [2025-03-24T20:20:46.441+0000] {dag.py:3504} INFO - Setting next_dagrun for example_time_delta_sensor_async to None, run_after=None
[2025-03-24T20:20:46.456+0000] {processor.py:179} INFO - Processing /home/vscode/.local/lib/python3.10/site-packages/airflow/example_dags/example_time_delta_sensor_async.py took 0.053 seconds
[2025-03-24T20:21:32.620+0000] {processor.py:157} INFO - Started process (PID=28836) to work on /home/vscode/.local/lib/python3.10/site-packages/airflow/example_dags/example_time_delta_sensor_async.py
[2025-03-24T20:21:32.621+0000] {processor.py:826} INFO - Processing file /home/vscode/.local/lib/python3.10/site-packages/airflow/example_dags/example_time_delta_sensor_async.py for tasks to queue
[2025-03-24T20:21:32.621+0000] {logging_mixin.py:150} INFO - [2025-03-24T20:21:32.621+0000] {dagbag.py:541} INFO - Filling up the DagBag from /home/vscode/.local/lib/python3.10/site-packages/airflow/example_dags/example_time_delta_sensor_async.py
[2025-03-24T20:21:32.624+0000] {processor.py:836} INFO - DAG(s) dict_keys(['example_time_delta_sensor_async']) retrieved from /home/vscode/.local/lib/python3.10/site-packages/airflow/example_dags/example_time_delta_sensor_async.py
[2025-03-24T20:21:32.636+0000] {logging_mixin.py:150} INFO - [2025-03-24T20:21:32.636+0000] {dag.py:2742} INFO - Sync 1 DAGs
[2025-03-24T20:21:32.649+0000] {logging_mixin.py:150} INFO - [2025-03-24T20:21:32.649+0000] {dag.py:3504} INFO - Setting next_dagrun for example_time_delta_sensor_async to None, run_after=None
[2025-03-24T20:21:32.665+0000] {processor.py:179} INFO - Processing /home/vscode/.local/lib/python3.10/site-packages/airflow/example_dags/example_time_delta_sensor_async.py took 0.047 seconds
[2025-03-24T20:22:19.112+0000] {processor.py:157} INFO - Started process (PID=29169) to work on /home/vscode/.local/lib/python3.10/site-packages/airflow/example_dags/example_time_delta_sensor_async.py
[2025-03-24T20:22:19.113+0000] {processor.py:826} INFO - Processing file /home/vscode/.local/lib/python3.10/site-packages/airflow/example_dags/example_time_delta_sensor_async.py for tasks to queue
[2025-03-24T20:22:19.114+0000] {logging_mixin.py:150} INFO - [2025-03-24T20:22:19.113+0000] {dagbag.py:541} INFO - Filling up the DagBag from /home/vscode/.local/lib/python3.10/site-packages/airflow/example_dags/example_time_delta_sensor_async.py
[2025-03-24T20:22:19.117+0000] {processor.py:836} INFO - DAG(s) dict_keys(['example_time_delta_sensor_async']) retrieved from /home/vscode/.local/lib/python3.10/site-packages/airflow/example_dags/example_time_delta_sensor_async.py
[2025-03-24T20:22:19.129+0000] {logging_mixin.py:150} INFO - [2025-03-24T20:22:19.128+0000] {dag.py:2742} INFO - Sync 1 DAGs
[2025-03-24T20:22:19.142+0000] {logging_mixin.py:150} INFO - [2025-03-24T20:22:19.142+0000] {dag.py:3504} INFO - Setting next_dagrun for example_time_delta_sensor_async to None, run_after=None
[2025-03-24T20:22:19.157+0000] {processor.py:179} INFO - Processing /home/vscode/.local/lib/python3.10/site-packages/airflow/example_dags/example_time_delta_sensor_async.py took 0.047 seconds
[2025-03-24T20:23:01.723+0000] {processor.py:157} INFO - Started process (PID=29495) to work on /home/vscode/.local/lib/python3.10/site-packages/airflow/example_dags/example_time_delta_sensor_async.py
[2025-03-24T20:23:01.723+0000] {processor.py:826} INFO - Processing file /home/vscode/.local/lib/python3.10/site-packages/airflow/example_dags/example_time_delta_sensor_async.py for tasks to queue
[2025-03-24T20:23:01.724+0000] {logging_mixin.py:150} INFO - [2025-03-24T20:23:01.724+0000] {dagbag.py:541} INFO - Filling up the DagBag from /home/vscode/.local/lib/python3.10/site-packages/airflow/example_dags/example_time_delta_sensor_async.py
[2025-03-24T20:23:01.727+0000] {processor.py:836} INFO - DAG(s) dict_keys(['example_time_delta_sensor_async']) retrieved from /home/vscode/.local/lib/python3.10/site-packages/airflow/example_dags/example_time_delta_sensor_async.py
[2025-03-24T20:23:01.738+0000] {logging_mixin.py:150} INFO - [2025-03-24T20:23:01.738+0000] {dag.py:2742} INFO - Sync 1 DAGs
[2025-03-24T20:23:01.754+0000] {logging_mixin.py:150} INFO - [2025-03-24T20:23:01.754+0000] {dag.py:3504} INFO - Setting next_dagrun for example_time_delta_sensor_async to None, run_after=None
[2025-03-24T20:23:01.779+0000] {processor.py:179} INFO - Processing /home/vscode/.local/lib/python3.10/site-packages/airflow/example_dags/example_time_delta_sensor_async.py took 0.058 seconds
[2025-03-24T20:23:45.018+0000] {processor.py:157} INFO - Started process (PID=29860) to work on /home/vscode/.local/lib/python3.10/site-packages/airflow/example_dags/example_time_delta_sensor_async.py
[2025-03-24T20:23:45.019+0000] {processor.py:826} INFO - Processing file /home/vscode/.local/lib/python3.10/site-packages/airflow/example_dags/example_time_delta_sensor_async.py for tasks to queue
[2025-03-24T20:23:45.019+0000] {logging_mixin.py:150} INFO - [2025-03-24T20:23:45.019+0000] {dagbag.py:541} INFO - Filling up the DagBag from /home/vscode/.local/lib/python3.10/site-packages/airflow/example_dags/example_time_delta_sensor_async.py
[2025-03-24T20:23:45.022+0000] {processor.py:836} INFO - DAG(s) dict_keys(['example_time_delta_sensor_async']) retrieved from /home/vscode/.local/lib/python3.10/site-packages/airflow/example_dags/example_time_delta_sensor_async.py
[2025-03-24T20:23:45.034+0000] {logging_mixin.py:150} INFO - [2025-03-24T20:23:45.034+0000] {dag.py:2742} INFO - Sync 1 DAGs
[2025-03-24T20:23:45.048+0000] {logging_mixin.py:150} INFO - [2025-03-24T20:23:45.048+0000] {dag.py:3504} INFO - Setting next_dagrun for example_time_delta_sensor_async to None, run_after=None
[2025-03-24T20:23:45.062+0000] {processor.py:179} INFO - Processing /home/vscode/.local/lib/python3.10/site-packages/airflow/example_dags/example_time_delta_sensor_async.py took 0.047 seconds
[2025-03-24T20:24:31.903+0000] {processor.py:157} INFO - Started process (PID=30214) to work on /home/vscode/.local/lib/python3.10/site-packages/airflow/example_dags/example_time_delta_sensor_async.py
[2025-03-24T20:24:31.903+0000] {processor.py:826} INFO - Processing file /home/vscode/.local/lib/python3.10/site-packages/airflow/example_dags/example_time_delta_sensor_async.py for tasks to queue
[2025-03-24T20:24:31.904+0000] {logging_mixin.py:150} INFO - [2025-03-24T20:24:31.904+0000] {dagbag.py:541} INFO - Filling up the DagBag from /home/vscode/.local/lib/python3.10/site-packages/airflow/example_dags/example_time_delta_sensor_async.py
[2025-03-24T20:24:31.907+0000] {processor.py:836} INFO - DAG(s) dict_keys(['example_time_delta_sensor_async']) retrieved from /home/vscode/.local/lib/python3.10/site-packages/airflow/example_dags/example_time_delta_sensor_async.py
[2025-03-24T20:24:31.919+0000] {logging_mixin.py:150} INFO - [2025-03-24T20:24:31.919+0000] {dag.py:2742} INFO - Sync 1 DAGs
[2025-03-24T20:24:31.933+0000] {logging_mixin.py:150} INFO - [2025-03-24T20:24:31.933+0000] {dag.py:3504} INFO - Setting next_dagrun for example_time_delta_sensor_async to None, run_after=None
[2025-03-24T20:24:31.947+0000] {processor.py:179} INFO - Processing /home/vscode/.local/lib/python3.10/site-packages/airflow/example_dags/example_time_delta_sensor_async.py took 0.047 seconds
[2025-03-24T20:25:16.429+0000] {processor.py:157} INFO - Started process (PID=30541) to work on /home/vscode/.local/lib/python3.10/site-packages/airflow/example_dags/example_time_delta_sensor_async.py
[2025-03-24T20:25:16.430+0000] {processor.py:826} INFO - Processing file /home/vscode/.local/lib/python3.10/site-packages/airflow/example_dags/example_time_delta_sensor_async.py for tasks to queue
[2025-03-24T20:25:16.431+0000] {logging_mixin.py:150} INFO - [2025-03-24T20:25:16.430+0000] {dagbag.py:541} INFO - Filling up the DagBag from /home/vscode/.local/lib/python3.10/site-packages/airflow/example_dags/example_time_delta_sensor_async.py
[2025-03-24T20:25:16.434+0000] {processor.py:836} INFO - DAG(s) dict_keys(['example_time_delta_sensor_async']) retrieved from /home/vscode/.local/lib/python3.10/site-packages/airflow/example_dags/example_time_delta_sensor_async.py
[2025-03-24T20:25:16.446+0000] {logging_mixin.py:150} INFO - [2025-03-24T20:25:16.446+0000] {dag.py:2742} INFO - Sync 1 DAGs
[2025-03-24T20:25:16.460+0000] {logging_mixin.py:150} INFO - [2025-03-24T20:25:16.460+0000] {dag.py:3504} INFO - Setting next_dagrun for example_time_delta_sensor_async to None, run_after=None
[2025-03-24T20:25:16.474+0000] {processor.py:179} INFO - Processing /home/vscode/.local/lib/python3.10/site-packages/airflow/example_dags/example_time_delta_sensor_async.py took 0.047 seconds
[2025-03-24T20:26:00.836+0000] {processor.py:157} INFO - Started process (PID=30888) to work on /home/vscode/.local/lib/python3.10/site-packages/airflow/example_dags/example_time_delta_sensor_async.py
[2025-03-24T20:26:00.836+0000] {processor.py:826} INFO - Processing file /home/vscode/.local/lib/python3.10/site-packages/airflow/example_dags/example_time_delta_sensor_async.py for tasks to queue
[2025-03-24T20:26:00.837+0000] {logging_mixin.py:150} INFO - [2025-03-24T20:26:00.836+0000] {dagbag.py:541} INFO - Filling up the DagBag from /home/vscode/.local/lib/python3.10/site-packages/airflow/example_dags/example_time_delta_sensor_async.py
[2025-03-24T20:26:00.840+0000] {processor.py:836} INFO - DAG(s) dict_keys(['example_time_delta_sensor_async']) retrieved from /home/vscode/.local/lib/python3.10/site-packages/airflow/example_dags/example_time_delta_sensor_async.py
[2025-03-24T20:26:00.852+0000] {logging_mixin.py:150} INFO - [2025-03-24T20:26:00.852+0000] {dag.py:2742} INFO - Sync 1 DAGs
[2025-03-24T20:26:00.866+0000] {logging_mixin.py:150} INFO - [2025-03-24T20:26:00.865+0000] {dag.py:3504} INFO - Setting next_dagrun for example_time_delta_sensor_async to None, run_after=None
[2025-03-24T20:26:00.880+0000] {processor.py:179} INFO - Processing /home/vscode/.local/lib/python3.10/site-packages/airflow/example_dags/example_time_delta_sensor_async.py took 0.046 seconds
[2025-03-24T20:26:47.124+0000] {processor.py:157} INFO - Started process (PID=31289) to work on /home/vscode/.local/lib/python3.10/site-packages/airflow/example_dags/example_time_delta_sensor_async.py
[2025-03-24T20:26:47.124+0000] {processor.py:826} INFO - Processing file /home/vscode/.local/lib/python3.10/site-packages/airflow/example_dags/example_time_delta_sensor_async.py for tasks to queue
[2025-03-24T20:26:47.125+0000] {logging_mixin.py:150} INFO - [2025-03-24T20:26:47.125+0000] {dagbag.py:541} INFO - Filling up the DagBag from /home/vscode/.local/lib/python3.10/site-packages/airflow/example_dags/example_time_delta_sensor_async.py
[2025-03-24T20:26:47.128+0000] {processor.py:836} INFO - DAG(s) dict_keys(['example_time_delta_sensor_async']) retrieved from /home/vscode/.local/lib/python3.10/site-packages/airflow/example_dags/example_time_delta_sensor_async.py
[2025-03-24T20:26:47.141+0000] {logging_mixin.py:150} INFO - [2025-03-24T20:26:47.141+0000] {dag.py:2742} INFO - Sync 1 DAGs
[2025-03-24T20:26:47.159+0000] {logging_mixin.py:150} INFO - [2025-03-24T20:26:47.158+0000] {dag.py:3504} INFO - Setting next_dagrun for example_time_delta_sensor_async to None, run_after=None
[2025-03-24T20:26:47.174+0000] {processor.py:179} INFO - Processing /home/vscode/.local/lib/python3.10/site-packages/airflow/example_dags/example_time_delta_sensor_async.py took 0.053 seconds
[2025-03-24T20:27:29.897+0000] {processor.py:157} INFO - Started process (PID=31640) to work on /home/vscode/.local/lib/python3.10/site-packages/airflow/example_dags/example_time_delta_sensor_async.py
[2025-03-24T20:27:29.898+0000] {processor.py:826} INFO - Processing file /home/vscode/.local/lib/python3.10/site-packages/airflow/example_dags/example_time_delta_sensor_async.py for tasks to queue
[2025-03-24T20:27:29.898+0000] {logging_mixin.py:150} INFO - [2025-03-24T20:27:29.898+0000] {dagbag.py:541} INFO - Filling up the DagBag from /home/vscode/.local/lib/python3.10/site-packages/airflow/example_dags/example_time_delta_sensor_async.py
[2025-03-24T20:27:29.902+0000] {processor.py:836} INFO - DAG(s) dict_keys(['example_time_delta_sensor_async']) retrieved from /home/vscode/.local/lib/python3.10/site-packages/airflow/example_dags/example_time_delta_sensor_async.py
[2025-03-24T20:27:29.913+0000] {logging_mixin.py:150} INFO - [2025-03-24T20:27:29.913+0000] {dag.py:2742} INFO - Sync 1 DAGs
[2025-03-24T20:27:29.928+0000] {logging_mixin.py:150} INFO - [2025-03-24T20:27:29.928+0000] {dag.py:3504} INFO - Setting next_dagrun for example_time_delta_sensor_async to None, run_after=None
[2025-03-24T20:27:29.944+0000] {processor.py:179} INFO - Processing /home/vscode/.local/lib/python3.10/site-packages/airflow/example_dags/example_time_delta_sensor_async.py took 0.049 seconds
[2025-03-24T20:28:16.154+0000] {processor.py:157} INFO - Started process (PID=32009) to work on /home/vscode/.local/lib/python3.10/site-packages/airflow/example_dags/example_time_delta_sensor_async.py
[2025-03-24T20:28:16.154+0000] {processor.py:826} INFO - Processing file /home/vscode/.local/lib/python3.10/site-packages/airflow/example_dags/example_time_delta_sensor_async.py for tasks to queue
[2025-03-24T20:28:16.155+0000] {logging_mixin.py:150} INFO - [2025-03-24T20:28:16.155+0000] {dagbag.py:541} INFO - Filling up the DagBag from /home/vscode/.local/lib/python3.10/site-packages/airflow/example_dags/example_time_delta_sensor_async.py
[2025-03-24T20:28:16.158+0000] {processor.py:836} INFO - DAG(s) dict_keys(['example_time_delta_sensor_async']) retrieved from /home/vscode/.local/lib/python3.10/site-packages/airflow/example_dags/example_time_delta_sensor_async.py
[2025-03-24T20:28:16.170+0000] {logging_mixin.py:150} INFO - [2025-03-24T20:28:16.170+0000] {dag.py:2742} INFO - Sync 1 DAGs
[2025-03-24T20:28:16.183+0000] {logging_mixin.py:150} INFO - [2025-03-24T20:28:16.183+0000] {dag.py:3504} INFO - Setting next_dagrun for example_time_delta_sensor_async to None, run_after=None
[2025-03-24T20:28:16.198+0000] {processor.py:179} INFO - Processing /home/vscode/.local/lib/python3.10/site-packages/airflow/example_dags/example_time_delta_sensor_async.py took 0.046 seconds
[2025-03-24T20:28:58.811+0000] {processor.py:157} INFO - Started process (PID=32330) to work on /home/vscode/.local/lib/python3.10/site-packages/airflow/example_dags/example_time_delta_sensor_async.py
[2025-03-24T20:28:58.812+0000] {processor.py:826} INFO - Processing file /home/vscode/.local/lib/python3.10/site-packages/airflow/example_dags/example_time_delta_sensor_async.py for tasks to queue
[2025-03-24T20:28:58.813+0000] {logging_mixin.py:150} INFO - [2025-03-24T20:28:58.812+0000] {dagbag.py:541} INFO - Filling up the DagBag from /home/vscode/.local/lib/python3.10/site-packages/airflow/example_dags/example_time_delta_sensor_async.py
[2025-03-24T20:28:58.816+0000] {processor.py:836} INFO - DAG(s) dict_keys(['example_time_delta_sensor_async']) retrieved from /home/vscode/.local/lib/python3.10/site-packages/airflow/example_dags/example_time_delta_sensor_async.py
[2025-03-24T20:28:58.827+0000] {logging_mixin.py:150} INFO - [2025-03-24T20:28:58.827+0000] {dag.py:2742} INFO - Sync 1 DAGs
[2025-03-24T20:28:58.841+0000] {logging_mixin.py:150} INFO - [2025-03-24T20:28:58.840+0000] {dag.py:3504} INFO - Setting next_dagrun for example_time_delta_sensor_async to None, run_after=None
[2025-03-24T20:28:58.855+0000] {processor.py:179} INFO - Processing /home/vscode/.local/lib/python3.10/site-packages/airflow/example_dags/example_time_delta_sensor_async.py took 0.046 seconds
[2025-03-24T20:29:44.231+0000] {processor.py:157} INFO - Started process (PID=32642) to work on /home/vscode/.local/lib/python3.10/site-packages/airflow/example_dags/example_time_delta_sensor_async.py
[2025-03-24T20:29:44.233+0000] {processor.py:826} INFO - Processing file /home/vscode/.local/lib/python3.10/site-packages/airflow/example_dags/example_time_delta_sensor_async.py for tasks to queue
[2025-03-24T20:29:44.235+0000] {logging_mixin.py:150} INFO - [2025-03-24T20:29:44.234+0000] {dagbag.py:541} INFO - Filling up the DagBag from /home/vscode/.local/lib/python3.10/site-packages/airflow/example_dags/example_time_delta_sensor_async.py
[2025-03-24T20:29:44.241+0000] {processor.py:836} INFO - DAG(s) dict_keys(['example_time_delta_sensor_async']) retrieved from /home/vscode/.local/lib/python3.10/site-packages/airflow/example_dags/example_time_delta_sensor_async.py
[2025-03-24T20:29:44.255+0000] {logging_mixin.py:150} INFO - [2025-03-24T20:29:44.255+0000] {dag.py:2742} INFO - Sync 1 DAGs
[2025-03-24T20:29:44.269+0000] {logging_mixin.py:150} INFO - [2025-03-24T20:29:44.269+0000] {dag.py:3504} INFO - Setting next_dagrun for example_time_delta_sensor_async to None, run_after=None
[2025-03-24T20:29:44.284+0000] {processor.py:179} INFO - Processing /home/vscode/.local/lib/python3.10/site-packages/airflow/example_dags/example_time_delta_sensor_async.py took 0.056 seconds
[2025-03-24T20:30:27.812+0000] {processor.py:157} INFO - Started process (PID=32946) to work on /home/vscode/.local/lib/python3.10/site-packages/airflow/example_dags/example_time_delta_sensor_async.py
[2025-03-24T20:30:27.813+0000] {processor.py:826} INFO - Processing file /home/vscode/.local/lib/python3.10/site-packages/airflow/example_dags/example_time_delta_sensor_async.py for tasks to queue
[2025-03-24T20:30:27.814+0000] {logging_mixin.py:150} INFO - [2025-03-24T20:30:27.813+0000] {dagbag.py:541} INFO - Filling up the DagBag from /home/vscode/.local/lib/python3.10/site-packages/airflow/example_dags/example_time_delta_sensor_async.py
[2025-03-24T20:30:27.817+0000] {processor.py:836} INFO - DAG(s) dict_keys(['example_time_delta_sensor_async']) retrieved from /home/vscode/.local/lib/python3.10/site-packages/airflow/example_dags/example_time_delta_sensor_async.py
[2025-03-24T20:30:27.828+0000] {logging_mixin.py:150} INFO - [2025-03-24T20:30:27.828+0000] {dag.py:2742} INFO - Sync 1 DAGs
[2025-03-24T20:30:27.842+0000] {logging_mixin.py:150} INFO - [2025-03-24T20:30:27.842+0000] {dag.py:3504} INFO - Setting next_dagrun for example_time_delta_sensor_async to None, run_after=None
[2025-03-24T20:30:27.858+0000] {processor.py:179} INFO - Processing /home/vscode/.local/lib/python3.10/site-packages/airflow/example_dags/example_time_delta_sensor_async.py took 0.048 seconds
[2025-03-24T20:31:12.110+0000] {processor.py:157} INFO - Started process (PID=33237) to work on /home/vscode/.local/lib/python3.10/site-packages/airflow/example_dags/example_time_delta_sensor_async.py
[2025-03-24T20:31:12.111+0000] {processor.py:826} INFO - Processing file /home/vscode/.local/lib/python3.10/site-packages/airflow/example_dags/example_time_delta_sensor_async.py for tasks to queue
[2025-03-24T20:31:12.112+0000] {logging_mixin.py:150} INFO - [2025-03-24T20:31:12.111+0000] {dagbag.py:541} INFO - Filling up the DagBag from /home/vscode/.local/lib/python3.10/site-packages/airflow/example_dags/example_time_delta_sensor_async.py
[2025-03-24T20:31:12.115+0000] {processor.py:836} INFO - DAG(s) dict_keys(['example_time_delta_sensor_async']) retrieved from /home/vscode/.local/lib/python3.10/site-packages/airflow/example_dags/example_time_delta_sensor_async.py
[2025-03-24T20:31:12.126+0000] {logging_mixin.py:150} INFO - [2025-03-24T20:31:12.126+0000] {dag.py:2742} INFO - Sync 1 DAGs
[2025-03-24T20:31:12.140+0000] {logging_mixin.py:150} INFO - [2025-03-24T20:31:12.140+0000] {dag.py:3504} INFO - Setting next_dagrun for example_time_delta_sensor_async to None, run_after=None
[2025-03-24T20:31:12.155+0000] {processor.py:179} INFO - Processing /home/vscode/.local/lib/python3.10/site-packages/airflow/example_dags/example_time_delta_sensor_async.py took 0.046 seconds
[2025-03-24T20:31:54.111+0000] {processor.py:157} INFO - Started process (PID=33514) to work on /home/vscode/.local/lib/python3.10/site-packages/airflow/example_dags/example_time_delta_sensor_async.py
[2025-03-24T20:31:54.112+0000] {processor.py:826} INFO - Processing file /home/vscode/.local/lib/python3.10/site-packages/airflow/example_dags/example_time_delta_sensor_async.py for tasks to queue
[2025-03-24T20:31:54.113+0000] {logging_mixin.py:150} INFO - [2025-03-24T20:31:54.112+0000] {dagbag.py:541} INFO - Filling up the DagBag from /home/vscode/.local/lib/python3.10/site-packages/airflow/example_dags/example_time_delta_sensor_async.py
[2025-03-24T20:31:54.116+0000] {processor.py:836} INFO - DAG(s) dict_keys(['example_time_delta_sensor_async']) retrieved from /home/vscode/.local/lib/python3.10/site-packages/airflow/example_dags/example_time_delta_sensor_async.py
[2025-03-24T20:31:54.131+0000] {logging_mixin.py:150} INFO - [2025-03-24T20:31:54.131+0000] {dag.py:2742} INFO - Sync 1 DAGs
[2025-03-24T20:31:54.151+0000] {logging_mixin.py:150} INFO - [2025-03-24T20:31:54.151+0000] {dag.py:3504} INFO - Setting next_dagrun for example_time_delta_sensor_async to None, run_after=None
[2025-03-24T20:31:54.167+0000] {processor.py:179} INFO - Processing /home/vscode/.local/lib/python3.10/site-packages/airflow/example_dags/example_time_delta_sensor_async.py took 0.058 seconds
[2025-03-24T20:32:37.016+0000] {processor.py:157} INFO - Started process (PID=33812) to work on /home/vscode/.local/lib/python3.10/site-packages/airflow/example_dags/example_time_delta_sensor_async.py
[2025-03-24T20:32:37.016+0000] {processor.py:826} INFO - Processing file /home/vscode/.local/lib/python3.10/site-packages/airflow/example_dags/example_time_delta_sensor_async.py for tasks to queue
[2025-03-24T20:32:37.017+0000] {logging_mixin.py:150} INFO - [2025-03-24T20:32:37.017+0000] {dagbag.py:541} INFO - Filling up the DagBag from /home/vscode/.local/lib/python3.10/site-packages/airflow/example_dags/example_time_delta_sensor_async.py
[2025-03-24T20:32:37.020+0000] {processor.py:836} INFO - DAG(s) dict_keys(['example_time_delta_sensor_async']) retrieved from /home/vscode/.local/lib/python3.10/site-packages/airflow/example_dags/example_time_delta_sensor_async.py
[2025-03-24T20:32:37.032+0000] {logging_mixin.py:150} INFO - [2025-03-24T20:32:37.032+0000] {dag.py:2742} INFO - Sync 1 DAGs
[2025-03-24T20:32:37.046+0000] {logging_mixin.py:150} INFO - [2025-03-24T20:32:37.046+0000] {dag.py:3504} INFO - Setting next_dagrun for example_time_delta_sensor_async to None, run_after=None
[2025-03-24T20:32:37.066+0000] {processor.py:179} INFO - Processing /home/vscode/.local/lib/python3.10/site-packages/airflow/example_dags/example_time_delta_sensor_async.py took 0.053 seconds
[2025-03-24T20:33:26.930+0000] {processor.py:157} INFO - Started process (PID=34250) to work on /home/vscode/.local/lib/python3.10/site-packages/airflow/example_dags/example_time_delta_sensor_async.py
[2025-03-24T20:33:26.931+0000] {processor.py:826} INFO - Processing file /home/vscode/.local/lib/python3.10/site-packages/airflow/example_dags/example_time_delta_sensor_async.py for tasks to queue
[2025-03-24T20:33:26.931+0000] {logging_mixin.py:150} INFO - [2025-03-24T20:33:26.931+0000] {dagbag.py:541} INFO - Filling up the DagBag from /home/vscode/.local/lib/python3.10/site-packages/airflow/example_dags/example_time_delta_sensor_async.py
[2025-03-24T20:33:26.934+0000] {processor.py:836} INFO - DAG(s) dict_keys(['example_time_delta_sensor_async']) retrieved from /home/vscode/.local/lib/python3.10/site-packages/airflow/example_dags/example_time_delta_sensor_async.py
[2025-03-24T20:33:26.946+0000] {logging_mixin.py:150} INFO - [2025-03-24T20:33:26.946+0000] {dag.py:2742} INFO - Sync 1 DAGs
[2025-03-24T20:33:26.961+0000] {logging_mixin.py:150} INFO - [2025-03-24T20:33:26.961+0000] {dag.py:3504} INFO - Setting next_dagrun for example_time_delta_sensor_async to None, run_after=None
[2025-03-24T20:33:26.977+0000] {processor.py:179} INFO - Processing /home/vscode/.local/lib/python3.10/site-packages/airflow/example_dags/example_time_delta_sensor_async.py took 0.049 seconds
[2025-03-24T20:34:14.924+0000] {processor.py:157} INFO - Started process (PID=34555) to work on /home/vscode/.local/lib/python3.10/site-packages/airflow/example_dags/example_time_delta_sensor_async.py
[2025-03-24T20:34:14.925+0000] {processor.py:826} INFO - Processing file /home/vscode/.local/lib/python3.10/site-packages/airflow/example_dags/example_time_delta_sensor_async.py for tasks to queue
[2025-03-24T20:34:14.926+0000] {logging_mixin.py:150} INFO - [2025-03-24T20:34:14.925+0000] {dagbag.py:541} INFO - Filling up the DagBag from /home/vscode/.local/lib/python3.10/site-packages/airflow/example_dags/example_time_delta_sensor_async.py
[2025-03-24T20:34:14.929+0000] {processor.py:836} INFO - DAG(s) dict_keys(['example_time_delta_sensor_async']) retrieved from /home/vscode/.local/lib/python3.10/site-packages/airflow/example_dags/example_time_delta_sensor_async.py
[2025-03-24T20:34:14.941+0000] {logging_mixin.py:150} INFO - [2025-03-24T20:34:14.941+0000] {dag.py:2742} INFO - Sync 1 DAGs
[2025-03-24T20:34:14.954+0000] {logging_mixin.py:150} INFO - [2025-03-24T20:34:14.954+0000] {dag.py:3504} INFO - Setting next_dagrun for example_time_delta_sensor_async to None, run_after=None
[2025-03-24T20:34:14.969+0000] {processor.py:179} INFO - Processing /home/vscode/.local/lib/python3.10/site-packages/airflow/example_dags/example_time_delta_sensor_async.py took 0.047 seconds
[2025-03-24T20:34:58.086+0000] {processor.py:157} INFO - Started process (PID=34848) to work on /home/vscode/.local/lib/python3.10/site-packages/airflow/example_dags/example_time_delta_sensor_async.py
[2025-03-24T20:34:58.086+0000] {processor.py:826} INFO - Processing file /home/vscode/.local/lib/python3.10/site-packages/airflow/example_dags/example_time_delta_sensor_async.py for tasks to queue
[2025-03-24T20:34:58.087+0000] {logging_mixin.py:150} INFO - [2025-03-24T20:34:58.087+0000] {dagbag.py:541} INFO - Filling up the DagBag from /home/vscode/.local/lib/python3.10/site-packages/airflow/example_dags/example_time_delta_sensor_async.py
[2025-03-24T20:34:58.090+0000] {processor.py:836} INFO - DAG(s) dict_keys(['example_time_delta_sensor_async']) retrieved from /home/vscode/.local/lib/python3.10/site-packages/airflow/example_dags/example_time_delta_sensor_async.py
[2025-03-24T20:34:58.102+0000] {logging_mixin.py:150} INFO - [2025-03-24T20:34:58.102+0000] {dag.py:2742} INFO - Sync 1 DAGs
[2025-03-24T20:34:58.116+0000] {logging_mixin.py:150} INFO - [2025-03-24T20:34:58.116+0000] {dag.py:3504} INFO - Setting next_dagrun for example_time_delta_sensor_async to None, run_after=None
[2025-03-24T20:34:58.131+0000] {processor.py:179} INFO - Processing /home/vscode/.local/lib/python3.10/site-packages/airflow/example_dags/example_time_delta_sensor_async.py took 0.047 seconds
[2025-03-24T20:35:44.483+0000] {processor.py:157} INFO - Started process (PID=35162) to work on /home/vscode/.local/lib/python3.10/site-packages/airflow/example_dags/example_time_delta_sensor_async.py
[2025-03-24T20:35:44.484+0000] {processor.py:826} INFO - Processing file /home/vscode/.local/lib/python3.10/site-packages/airflow/example_dags/example_time_delta_sensor_async.py for tasks to queue
[2025-03-24T20:35:44.484+0000] {logging_mixin.py:150} INFO - [2025-03-24T20:35:44.484+0000] {dagbag.py:541} INFO - Filling up the DagBag from /home/vscode/.local/lib/python3.10/site-packages/airflow/example_dags/example_time_delta_sensor_async.py
[2025-03-24T20:35:44.488+0000] {processor.py:836} INFO - DAG(s) dict_keys(['example_time_delta_sensor_async']) retrieved from /home/vscode/.local/lib/python3.10/site-packages/airflow/example_dags/example_time_delta_sensor_async.py
[2025-03-24T20:35:44.499+0000] {logging_mixin.py:150} INFO - [2025-03-24T20:35:44.499+0000] {dag.py:2742} INFO - Sync 1 DAGs
[2025-03-24T20:35:44.514+0000] {logging_mixin.py:150} INFO - [2025-03-24T20:35:44.514+0000] {dag.py:3504} INFO - Setting next_dagrun for example_time_delta_sensor_async to None, run_after=None
[2025-03-24T20:35:44.530+0000] {processor.py:179} INFO - Processing /home/vscode/.local/lib/python3.10/site-packages/airflow/example_dags/example_time_delta_sensor_async.py took 0.049 seconds
[2025-03-24T20:36:27.823+0000] {processor.py:157} INFO - Started process (PID=35459) to work on /home/vscode/.local/lib/python3.10/site-packages/airflow/example_dags/example_time_delta_sensor_async.py
[2025-03-24T20:36:27.824+0000] {processor.py:826} INFO - Processing file /home/vscode/.local/lib/python3.10/site-packages/airflow/example_dags/example_time_delta_sensor_async.py for tasks to queue
[2025-03-24T20:36:27.824+0000] {logging_mixin.py:150} INFO - [2025-03-24T20:36:27.824+0000] {dagbag.py:541} INFO - Filling up the DagBag from /home/vscode/.local/lib/python3.10/site-packages/airflow/example_dags/example_time_delta_sensor_async.py
[2025-03-24T20:36:27.827+0000] {processor.py:836} INFO - DAG(s) dict_keys(['example_time_delta_sensor_async']) retrieved from /home/vscode/.local/lib/python3.10/site-packages/airflow/example_dags/example_time_delta_sensor_async.py
[2025-03-24T20:36:27.839+0000] {logging_mixin.py:150} INFO - [2025-03-24T20:36:27.839+0000] {dag.py:2742} INFO - Sync 1 DAGs
[2025-03-24T20:36:27.852+0000] {logging_mixin.py:150} INFO - [2025-03-24T20:36:27.852+0000] {dag.py:3504} INFO - Setting next_dagrun for example_time_delta_sensor_async to None, run_after=None
[2025-03-24T20:36:27.867+0000] {processor.py:179} INFO - Processing /home/vscode/.local/lib/python3.10/site-packages/airflow/example_dags/example_time_delta_sensor_async.py took 0.046 seconds
[2025-03-24T20:37:14.671+0000] {processor.py:157} INFO - Started process (PID=35818) to work on /home/vscode/.local/lib/python3.10/site-packages/airflow/example_dags/example_time_delta_sensor_async.py
[2025-03-24T20:37:14.671+0000] {processor.py:826} INFO - Processing file /home/vscode/.local/lib/python3.10/site-packages/airflow/example_dags/example_time_delta_sensor_async.py for tasks to queue
[2025-03-24T20:37:14.672+0000] {logging_mixin.py:150} INFO - [2025-03-24T20:37:14.672+0000] {dagbag.py:541} INFO - Filling up the DagBag from /home/vscode/.local/lib/python3.10/site-packages/airflow/example_dags/example_time_delta_sensor_async.py
[2025-03-24T20:37:14.675+0000] {processor.py:836} INFO - DAG(s) dict_keys(['example_time_delta_sensor_async']) retrieved from /home/vscode/.local/lib/python3.10/site-packages/airflow/example_dags/example_time_delta_sensor_async.py
[2025-03-24T20:37:14.687+0000] {logging_mixin.py:150} INFO - [2025-03-24T20:37:14.687+0000] {dag.py:2742} INFO - Sync 1 DAGs
[2025-03-24T20:37:14.701+0000] {logging_mixin.py:150} INFO - [2025-03-24T20:37:14.700+0000] {dag.py:3504} INFO - Setting next_dagrun for example_time_delta_sensor_async to None, run_after=None
[2025-03-24T20:37:14.715+0000] {processor.py:179} INFO - Processing /home/vscode/.local/lib/python3.10/site-packages/airflow/example_dags/example_time_delta_sensor_async.py took 0.047 seconds
[2025-03-24T20:37:59.284+0000] {processor.py:157} INFO - Started process (PID=36130) to work on /home/vscode/.local/lib/python3.10/site-packages/airflow/example_dags/example_time_delta_sensor_async.py
[2025-03-24T20:37:59.284+0000] {processor.py:826} INFO - Processing file /home/vscode/.local/lib/python3.10/site-packages/airflow/example_dags/example_time_delta_sensor_async.py for tasks to queue
[2025-03-24T20:37:59.285+0000] {logging_mixin.py:150} INFO - [2025-03-24T20:37:59.285+0000] {dagbag.py:541} INFO - Filling up the DagBag from /home/vscode/.local/lib/python3.10/site-packages/airflow/example_dags/example_time_delta_sensor_async.py
[2025-03-24T20:37:59.288+0000] {processor.py:836} INFO - DAG(s) dict_keys(['example_time_delta_sensor_async']) retrieved from /home/vscode/.local/lib/python3.10/site-packages/airflow/example_dags/example_time_delta_sensor_async.py
[2025-03-24T20:37:59.300+0000] {logging_mixin.py:150} INFO - [2025-03-24T20:37:59.300+0000] {dag.py:2742} INFO - Sync 1 DAGs
[2025-03-24T20:37:59.313+0000] {logging_mixin.py:150} INFO - [2025-03-24T20:37:59.313+0000] {dag.py:3504} INFO - Setting next_dagrun for example_time_delta_sensor_async to None, run_after=None
[2025-03-24T20:37:59.328+0000] {processor.py:179} INFO - Processing /home/vscode/.local/lib/python3.10/site-packages/airflow/example_dags/example_time_delta_sensor_async.py took 0.046 seconds
