[2025-03-24T20:12:33.188+0000] {processor.py:157} INFO - Started process (PID=25067) to work on /home/vscode/.local/lib/python3.10/site-packages/airflow/example_dags/example_task_group_decorator.py
[2025-03-24T20:12:33.188+0000] {processor.py:826} INFO - Processing file /home/vscode/.local/lib/python3.10/site-packages/airflow/example_dags/example_task_group_decorator.py for tasks to queue
[2025-03-24T20:12:33.189+0000] {logging_mixin.py:150} INFO - [2025-03-24T20:12:33.189+0000] {dagbag.py:541} INFO - Filling up the DagBag from /home/vscode/.local/lib/python3.10/site-packages/airflow/example_dags/example_task_group_decorator.py
[2025-03-24T20:12:33.201+0000] {processor.py:836} INFO - DAG(s) dict_keys(['example_task_group_decorator']) retrieved from /home/vscode/.local/lib/python3.10/site-packages/airflow/example_dags/example_task_group_decorator.py
[2025-03-24T20:12:33.277+0000] {logging_mixin.py:150} INFO - [2025-03-24T20:12:33.276+0000] {manager.py:504} INFO - Created Permission View: can delete on DAG:example_task_group_decorator
[2025-03-24T20:12:33.284+0000] {logging_mixin.py:150} INFO - [2025-03-24T20:12:33.284+0000] {manager.py:504} INFO - Created Permission View: can edit on DAG:example_task_group_decorator
[2025-03-24T20:12:33.291+0000] {logging_mixin.py:150} INFO - [2025-03-24T20:12:33.290+0000] {manager.py:504} INFO - Created Permission View: can read on DAG:example_task_group_decorator
[2025-03-24T20:12:33.299+0000] {logging_mixin.py:150} INFO - [2025-03-24T20:12:33.299+0000] {dag.py:2742} INFO - Sync 1 DAGs
[2025-03-24T20:12:33.305+0000] {logging_mixin.py:150} INFO - [2025-03-24T20:12:33.305+0000] {dag.py:2763} INFO - Creating ORM DAG for example_task_group_decorator
[2025-03-24T20:12:33.311+0000] {logging_mixin.py:150} INFO - [2025-03-24T20:12:33.311+0000] {dag.py:3504} INFO - Setting next_dagrun for example_task_group_decorator to 2025-03-23T20:12:33.311621+00:00, run_after=2025-03-24T20:12:33.311621+00:00
[2025-03-24T20:12:33.327+0000] {processor.py:179} INFO - Processing /home/vscode/.local/lib/python3.10/site-packages/airflow/example_dags/example_task_group_decorator.py took 0.141 seconds
[2025-03-24T20:13:20.966+0000] {processor.py:157} INFO - Started process (PID=25431) to work on /home/vscode/.local/lib/python3.10/site-packages/airflow/example_dags/example_task_group_decorator.py
[2025-03-24T20:13:20.966+0000] {processor.py:826} INFO - Processing file /home/vscode/.local/lib/python3.10/site-packages/airflow/example_dags/example_task_group_decorator.py for tasks to queue
[2025-03-24T20:13:20.967+0000] {logging_mixin.py:150} INFO - [2025-03-24T20:13:20.967+0000] {dagbag.py:541} INFO - Filling up the DagBag from /home/vscode/.local/lib/python3.10/site-packages/airflow/example_dags/example_task_group_decorator.py
[2025-03-24T20:13:20.978+0000] {processor.py:836} INFO - DAG(s) dict_keys(['example_task_group_decorator']) retrieved from /home/vscode/.local/lib/python3.10/site-packages/airflow/example_dags/example_task_group_decorator.py
[2025-03-24T20:13:20.992+0000] {logging_mixin.py:150} INFO - [2025-03-24T20:13:20.992+0000] {dag.py:2742} INFO - Sync 1 DAGs
[2025-03-24T20:13:21.007+0000] {logging_mixin.py:150} INFO - [2025-03-24T20:13:21.007+0000] {dag.py:3504} INFO - Setting next_dagrun for example_task_group_decorator to 2025-03-23T20:13:21.007136+00:00, run_after=2025-03-24T20:13:21.007136+00:00
[2025-03-24T20:13:21.022+0000] {processor.py:179} INFO - Processing /home/vscode/.local/lib/python3.10/site-packages/airflow/example_dags/example_task_group_decorator.py took 0.058 seconds
[2025-03-24T20:14:06.228+0000] {processor.py:157} INFO - Started process (PID=25730) to work on /home/vscode/.local/lib/python3.10/site-packages/airflow/example_dags/example_task_group_decorator.py
[2025-03-24T20:14:06.228+0000] {processor.py:826} INFO - Processing file /home/vscode/.local/lib/python3.10/site-packages/airflow/example_dags/example_task_group_decorator.py for tasks to queue
[2025-03-24T20:14:06.229+0000] {logging_mixin.py:150} INFO - [2025-03-24T20:14:06.229+0000] {dagbag.py:541} INFO - Filling up the DagBag from /home/vscode/.local/lib/python3.10/site-packages/airflow/example_dags/example_task_group_decorator.py
[2025-03-24T20:14:06.240+0000] {processor.py:836} INFO - DAG(s) dict_keys(['example_task_group_decorator']) retrieved from /home/vscode/.local/lib/python3.10/site-packages/airflow/example_dags/example_task_group_decorator.py
[2025-03-24T20:14:06.254+0000] {logging_mixin.py:150} INFO - [2025-03-24T20:14:06.254+0000] {dag.py:2742} INFO - Sync 1 DAGs
[2025-03-24T20:14:06.268+0000] {logging_mixin.py:150} INFO - [2025-03-24T20:14:06.268+0000] {dag.py:3504} INFO - Setting next_dagrun for example_task_group_decorator to 2025-03-23T20:14:06.267930+00:00, run_after=2025-03-24T20:14:06.267930+00:00
[2025-03-24T20:14:06.282+0000] {processor.py:179} INFO - Processing /home/vscode/.local/lib/python3.10/site-packages/airflow/example_dags/example_task_group_decorator.py took 0.057 seconds
[2025-03-24T20:14:45.871+0000] {processor.py:157} INFO - Started process (PID=25998) to work on /home/vscode/.local/lib/python3.10/site-packages/airflow/example_dags/example_task_group_decorator.py
[2025-03-24T20:14:45.872+0000] {processor.py:826} INFO - Processing file /home/vscode/.local/lib/python3.10/site-packages/airflow/example_dags/example_task_group_decorator.py for tasks to queue
[2025-03-24T20:14:45.872+0000] {logging_mixin.py:150} INFO - [2025-03-24T20:14:45.872+0000] {dagbag.py:541} INFO - Filling up the DagBag from /home/vscode/.local/lib/python3.10/site-packages/airflow/example_dags/example_task_group_decorator.py
[2025-03-24T20:14:45.888+0000] {processor.py:836} INFO - DAG(s) dict_keys(['example_task_group_decorator']) retrieved from /home/vscode/.local/lib/python3.10/site-packages/airflow/example_dags/example_task_group_decorator.py
[2025-03-24T20:14:45.912+0000] {logging_mixin.py:150} INFO - [2025-03-24T20:14:45.912+0000] {dag.py:2742} INFO - Sync 1 DAGs
[2025-03-24T20:14:45.936+0000] {logging_mixin.py:150} INFO - [2025-03-24T20:14:45.936+0000] {dag.py:3504} INFO - Setting next_dagrun for example_task_group_decorator to 2025-03-23T20:14:45.935776+00:00, run_after=2025-03-24T20:14:45.935776+00:00
[2025-03-24T20:14:45.955+0000] {processor.py:179} INFO - Processing /home/vscode/.local/lib/python3.10/site-packages/airflow/example_dags/example_task_group_decorator.py took 0.087 seconds
[2025-03-24T20:15:26.978+0000] {processor.py:157} INFO - Started process (PID=26286) to work on /home/vscode/.local/lib/python3.10/site-packages/airflow/example_dags/example_task_group_decorator.py
[2025-03-24T20:15:26.979+0000] {processor.py:826} INFO - Processing file /home/vscode/.local/lib/python3.10/site-packages/airflow/example_dags/example_task_group_decorator.py for tasks to queue
[2025-03-24T20:15:26.979+0000] {logging_mixin.py:150} INFO - [2025-03-24T20:15:26.979+0000] {dagbag.py:541} INFO - Filling up the DagBag from /home/vscode/.local/lib/python3.10/site-packages/airflow/example_dags/example_task_group_decorator.py
[2025-03-24T20:15:26.990+0000] {processor.py:836} INFO - DAG(s) dict_keys(['example_task_group_decorator']) retrieved from /home/vscode/.local/lib/python3.10/site-packages/airflow/example_dags/example_task_group_decorator.py
[2025-03-24T20:15:27.004+0000] {logging_mixin.py:150} INFO - [2025-03-24T20:15:27.004+0000] {dag.py:2742} INFO - Sync 1 DAGs
[2025-03-24T20:15:27.019+0000] {logging_mixin.py:150} INFO - [2025-03-24T20:15:27.018+0000] {dag.py:3504} INFO - Setting next_dagrun for example_task_group_decorator to 2025-03-23T20:15:27.018786+00:00, run_after=2025-03-24T20:15:27.018786+00:00
[2025-03-24T20:15:27.034+0000] {processor.py:179} INFO - Processing /home/vscode/.local/lib/python3.10/site-packages/airflow/example_dags/example_task_group_decorator.py took 0.058 seconds
[2025-03-24T20:16:13.417+0000] {processor.py:157} INFO - Started process (PID=26594) to work on /home/vscode/.local/lib/python3.10/site-packages/airflow/example_dags/example_task_group_decorator.py
[2025-03-24T20:16:13.418+0000] {processor.py:826} INFO - Processing file /home/vscode/.local/lib/python3.10/site-packages/airflow/example_dags/example_task_group_decorator.py for tasks to queue
[2025-03-24T20:16:13.418+0000] {logging_mixin.py:150} INFO - [2025-03-24T20:16:13.418+0000] {dagbag.py:541} INFO - Filling up the DagBag from /home/vscode/.local/lib/python3.10/site-packages/airflow/example_dags/example_task_group_decorator.py
[2025-03-24T20:16:13.429+0000] {processor.py:836} INFO - DAG(s) dict_keys(['example_task_group_decorator']) retrieved from /home/vscode/.local/lib/python3.10/site-packages/airflow/example_dags/example_task_group_decorator.py
[2025-03-24T20:16:13.443+0000] {logging_mixin.py:150} INFO - [2025-03-24T20:16:13.443+0000] {dag.py:2742} INFO - Sync 1 DAGs
[2025-03-24T20:16:13.457+0000] {logging_mixin.py:150} INFO - [2025-03-24T20:16:13.457+0000] {dag.py:3504} INFO - Setting next_dagrun for example_task_group_decorator to 2025-03-23T20:16:13.457571+00:00, run_after=2025-03-24T20:16:13.457571+00:00
[2025-03-24T20:16:13.472+0000] {processor.py:179} INFO - Processing /home/vscode/.local/lib/python3.10/site-packages/airflow/example_dags/example_task_group_decorator.py took 0.058 seconds
[2025-03-24T20:17:00.578+0000] {processor.py:157} INFO - Started process (PID=26910) to work on /home/vscode/.local/lib/python3.10/site-packages/airflow/example_dags/example_task_group_decorator.py
[2025-03-24T20:17:00.579+0000] {processor.py:826} INFO - Processing file /home/vscode/.local/lib/python3.10/site-packages/airflow/example_dags/example_task_group_decorator.py for tasks to queue
[2025-03-24T20:17:00.579+0000] {logging_mixin.py:150} INFO - [2025-03-24T20:17:00.579+0000] {dagbag.py:541} INFO - Filling up the DagBag from /home/vscode/.local/lib/python3.10/site-packages/airflow/example_dags/example_task_group_decorator.py
[2025-03-24T20:17:00.590+0000] {processor.py:836} INFO - DAG(s) dict_keys(['example_task_group_decorator']) retrieved from /home/vscode/.local/lib/python3.10/site-packages/airflow/example_dags/example_task_group_decorator.py
[2025-03-24T20:17:00.604+0000] {logging_mixin.py:150} INFO - [2025-03-24T20:17:00.604+0000] {dag.py:2742} INFO - Sync 1 DAGs
[2025-03-24T20:17:00.618+0000] {logging_mixin.py:150} INFO - [2025-03-24T20:17:00.618+0000] {dag.py:3504} INFO - Setting next_dagrun for example_task_group_decorator to 2025-03-23T20:17:00.618301+00:00, run_after=2025-03-24T20:17:00.618301+00:00
[2025-03-24T20:17:00.633+0000] {processor.py:179} INFO - Processing /home/vscode/.local/lib/python3.10/site-packages/airflow/example_dags/example_task_group_decorator.py took 0.057 seconds
[2025-03-24T20:17:45.333+0000] {processor.py:157} INFO - Started process (PID=27205) to work on /home/vscode/.local/lib/python3.10/site-packages/airflow/example_dags/example_task_group_decorator.py
[2025-03-24T20:17:45.334+0000] {processor.py:826} INFO - Processing file /home/vscode/.local/lib/python3.10/site-packages/airflow/example_dags/example_task_group_decorator.py for tasks to queue
[2025-03-24T20:17:45.334+0000] {logging_mixin.py:150} INFO - [2025-03-24T20:17:45.334+0000] {dagbag.py:541} INFO - Filling up the DagBag from /home/vscode/.local/lib/python3.10/site-packages/airflow/example_dags/example_task_group_decorator.py
[2025-03-24T20:17:45.346+0000] {processor.py:836} INFO - DAG(s) dict_keys(['example_task_group_decorator']) retrieved from /home/vscode/.local/lib/python3.10/site-packages/airflow/example_dags/example_task_group_decorator.py
[2025-03-24T20:17:45.359+0000] {logging_mixin.py:150} INFO - [2025-03-24T20:17:45.359+0000] {dag.py:2742} INFO - Sync 1 DAGs
[2025-03-24T20:17:45.373+0000] {logging_mixin.py:150} INFO - [2025-03-24T20:17:45.373+0000] {dag.py:3504} INFO - Setting next_dagrun for example_task_group_decorator to 2025-03-23T20:17:45.373604+00:00, run_after=2025-03-24T20:17:45.373604+00:00
[2025-03-24T20:17:45.388+0000] {processor.py:179} INFO - Processing /home/vscode/.local/lib/python3.10/site-packages/airflow/example_dags/example_task_group_decorator.py took 0.057 seconds
[2025-03-24T20:18:29.370+0000] {processor.py:157} INFO - Started process (PID=27504) to work on /home/vscode/.local/lib/python3.10/site-packages/airflow/example_dags/example_task_group_decorator.py
[2025-03-24T20:18:29.371+0000] {processor.py:826} INFO - Processing file /home/vscode/.local/lib/python3.10/site-packages/airflow/example_dags/example_task_group_decorator.py for tasks to queue
[2025-03-24T20:18:29.372+0000] {logging_mixin.py:150} INFO - [2025-03-24T20:18:29.371+0000] {dagbag.py:541} INFO - Filling up the DagBag from /home/vscode/.local/lib/python3.10/site-packages/airflow/example_dags/example_task_group_decorator.py
[2025-03-24T20:18:29.383+0000] {processor.py:836} INFO - DAG(s) dict_keys(['example_task_group_decorator']) retrieved from /home/vscode/.local/lib/python3.10/site-packages/airflow/example_dags/example_task_group_decorator.py
[2025-03-24T20:18:29.397+0000] {logging_mixin.py:150} INFO - [2025-03-24T20:18:29.397+0000] {dag.py:2742} INFO - Sync 1 DAGs
[2025-03-24T20:18:29.411+0000] {logging_mixin.py:150} INFO - [2025-03-24T20:18:29.410+0000] {dag.py:3504} INFO - Setting next_dagrun for example_task_group_decorator to 2025-03-23T20:18:29.410774+00:00, run_after=2025-03-24T20:18:29.410774+00:00
[2025-03-24T20:18:29.425+0000] {processor.py:179} INFO - Processing /home/vscode/.local/lib/python3.10/site-packages/airflow/example_dags/example_task_group_decorator.py took 0.057 seconds
[2025-03-24T20:19:09.913+0000] {processor.py:157} INFO - Started process (PID=27772) to work on /home/vscode/.local/lib/python3.10/site-packages/airflow/example_dags/example_task_group_decorator.py
[2025-03-24T20:19:09.914+0000] {processor.py:826} INFO - Processing file /home/vscode/.local/lib/python3.10/site-packages/airflow/example_dags/example_task_group_decorator.py for tasks to queue
[2025-03-24T20:19:09.914+0000] {logging_mixin.py:150} INFO - [2025-03-24T20:19:09.914+0000] {dagbag.py:541} INFO - Filling up the DagBag from /home/vscode/.local/lib/python3.10/site-packages/airflow/example_dags/example_task_group_decorator.py
[2025-03-24T20:19:09.928+0000] {processor.py:836} INFO - DAG(s) dict_keys(['example_task_group_decorator']) retrieved from /home/vscode/.local/lib/python3.10/site-packages/airflow/example_dags/example_task_group_decorator.py
[2025-03-24T20:19:09.950+0000] {logging_mixin.py:150} INFO - [2025-03-24T20:19:09.950+0000] {dag.py:2742} INFO - Sync 1 DAGs
[2025-03-24T20:19:09.972+0000] {logging_mixin.py:150} INFO - [2025-03-24T20:19:09.971+0000] {dag.py:3504} INFO - Setting next_dagrun for example_task_group_decorator to 2025-03-23T20:19:09.971697+00:00, run_after=2025-03-24T20:19:09.971697+00:00
[2025-03-24T20:19:09.991+0000] {processor.py:179} INFO - Processing /home/vscode/.local/lib/python3.10/site-packages/airflow/example_dags/example_task_group_decorator.py took 0.080 seconds
[2025-03-24T20:19:55.296+0000] {processor.py:157} INFO - Started process (PID=28102) to work on /home/vscode/.local/lib/python3.10/site-packages/airflow/example_dags/example_task_group_decorator.py
[2025-03-24T20:19:55.297+0000] {processor.py:826} INFO - Processing file /home/vscode/.local/lib/python3.10/site-packages/airflow/example_dags/example_task_group_decorator.py for tasks to queue
[2025-03-24T20:19:55.298+0000] {logging_mixin.py:150} INFO - [2025-03-24T20:19:55.297+0000] {dagbag.py:541} INFO - Filling up the DagBag from /home/vscode/.local/lib/python3.10/site-packages/airflow/example_dags/example_task_group_decorator.py
[2025-03-24T20:19:55.308+0000] {processor.py:836} INFO - DAG(s) dict_keys(['example_task_group_decorator']) retrieved from /home/vscode/.local/lib/python3.10/site-packages/airflow/example_dags/example_task_group_decorator.py
[2025-03-24T20:19:55.322+0000] {logging_mixin.py:150} INFO - [2025-03-24T20:19:55.322+0000] {dag.py:2742} INFO - Sync 1 DAGs
[2025-03-24T20:19:55.336+0000] {logging_mixin.py:150} INFO - [2025-03-24T20:19:55.335+0000] {dag.py:3504} INFO - Setting next_dagrun for example_task_group_decorator to 2025-03-23T20:19:55.335800+00:00, run_after=2025-03-24T20:19:55.335800+00:00
[2025-03-24T20:19:55.351+0000] {processor.py:179} INFO - Processing /home/vscode/.local/lib/python3.10/site-packages/airflow/example_dags/example_task_group_decorator.py took 0.056 seconds
[2025-03-24T20:20:45.268+0000] {processor.py:157} INFO - Started process (PID=28462) to work on /home/vscode/.local/lib/python3.10/site-packages/airflow/example_dags/example_task_group_decorator.py
[2025-03-24T20:20:45.269+0000] {processor.py:826} INFO - Processing file /home/vscode/.local/lib/python3.10/site-packages/airflow/example_dags/example_task_group_decorator.py for tasks to queue
[2025-03-24T20:20:45.269+0000] {logging_mixin.py:150} INFO - [2025-03-24T20:20:45.269+0000] {dagbag.py:541} INFO - Filling up the DagBag from /home/vscode/.local/lib/python3.10/site-packages/airflow/example_dags/example_task_group_decorator.py
[2025-03-24T20:20:45.280+0000] {processor.py:836} INFO - DAG(s) dict_keys(['example_task_group_decorator']) retrieved from /home/vscode/.local/lib/python3.10/site-packages/airflow/example_dags/example_task_group_decorator.py
[2025-03-24T20:20:45.294+0000] {logging_mixin.py:150} INFO - [2025-03-24T20:20:45.294+0000] {dag.py:2742} INFO - Sync 1 DAGs
[2025-03-24T20:20:45.308+0000] {logging_mixin.py:150} INFO - [2025-03-24T20:20:45.308+0000] {dag.py:3504} INFO - Setting next_dagrun for example_task_group_decorator to 2025-03-23T20:20:45.308285+00:00, run_after=2025-03-24T20:20:45.308285+00:00
[2025-03-24T20:20:45.323+0000] {processor.py:179} INFO - Processing /home/vscode/.local/lib/python3.10/site-packages/airflow/example_dags/example_task_group_decorator.py took 0.057 seconds
[2025-03-24T20:21:31.468+0000] {processor.py:157} INFO - Started process (PID=28833) to work on /home/vscode/.local/lib/python3.10/site-packages/airflow/example_dags/example_task_group_decorator.py
[2025-03-24T20:21:31.468+0000] {processor.py:826} INFO - Processing file /home/vscode/.local/lib/python3.10/site-packages/airflow/example_dags/example_task_group_decorator.py for tasks to queue
[2025-03-24T20:21:31.469+0000] {logging_mixin.py:150} INFO - [2025-03-24T20:21:31.469+0000] {dagbag.py:541} INFO - Filling up the DagBag from /home/vscode/.local/lib/python3.10/site-packages/airflow/example_dags/example_task_group_decorator.py
[2025-03-24T20:21:31.481+0000] {processor.py:836} INFO - DAG(s) dict_keys(['example_task_group_decorator']) retrieved from /home/vscode/.local/lib/python3.10/site-packages/airflow/example_dags/example_task_group_decorator.py
[2025-03-24T20:21:31.494+0000] {logging_mixin.py:150} INFO - [2025-03-24T20:21:31.494+0000] {dag.py:2742} INFO - Sync 1 DAGs
[2025-03-24T20:21:31.508+0000] {logging_mixin.py:150} INFO - [2025-03-24T20:21:31.508+0000] {dag.py:3504} INFO - Setting next_dagrun for example_task_group_decorator to 2025-03-23T20:21:31.508328+00:00, run_after=2025-03-24T20:21:31.508328+00:00
[2025-03-24T20:21:31.524+0000] {processor.py:179} INFO - Processing /home/vscode/.local/lib/python3.10/site-packages/airflow/example_dags/example_task_group_decorator.py took 0.058 seconds
[2025-03-24T20:22:17.979+0000] {processor.py:157} INFO - Started process (PID=29156) to work on /home/vscode/.local/lib/python3.10/site-packages/airflow/example_dags/example_task_group_decorator.py
[2025-03-24T20:22:17.979+0000] {processor.py:826} INFO - Processing file /home/vscode/.local/lib/python3.10/site-packages/airflow/example_dags/example_task_group_decorator.py for tasks to queue
[2025-03-24T20:22:17.980+0000] {logging_mixin.py:150} INFO - [2025-03-24T20:22:17.980+0000] {dagbag.py:541} INFO - Filling up the DagBag from /home/vscode/.local/lib/python3.10/site-packages/airflow/example_dags/example_task_group_decorator.py
[2025-03-24T20:22:17.992+0000] {processor.py:836} INFO - DAG(s) dict_keys(['example_task_group_decorator']) retrieved from /home/vscode/.local/lib/python3.10/site-packages/airflow/example_dags/example_task_group_decorator.py
[2025-03-24T20:22:18.005+0000] {logging_mixin.py:150} INFO - [2025-03-24T20:22:18.005+0000] {dag.py:2742} INFO - Sync 1 DAGs
[2025-03-24T20:22:18.019+0000] {logging_mixin.py:150} INFO - [2025-03-24T20:22:18.019+0000] {dag.py:3504} INFO - Setting next_dagrun for example_task_group_decorator to 2025-03-23T20:22:18.019451+00:00, run_after=2025-03-24T20:22:18.019451+00:00
[2025-03-24T20:22:18.034+0000] {processor.py:179} INFO - Processing /home/vscode/.local/lib/python3.10/site-packages/airflow/example_dags/example_task_group_decorator.py took 0.057 seconds
[2025-03-24T20:23:00.724+0000] {processor.py:157} INFO - Started process (PID=29481) to work on /home/vscode/.local/lib/python3.10/site-packages/airflow/example_dags/example_task_group_decorator.py
[2025-03-24T20:23:00.725+0000] {processor.py:826} INFO - Processing file /home/vscode/.local/lib/python3.10/site-packages/airflow/example_dags/example_task_group_decorator.py for tasks to queue
[2025-03-24T20:23:00.725+0000] {logging_mixin.py:150} INFO - [2025-03-24T20:23:00.725+0000] {dagbag.py:541} INFO - Filling up the DagBag from /home/vscode/.local/lib/python3.10/site-packages/airflow/example_dags/example_task_group_decorator.py
[2025-03-24T20:23:00.736+0000] {processor.py:836} INFO - DAG(s) dict_keys(['example_task_group_decorator']) retrieved from /home/vscode/.local/lib/python3.10/site-packages/airflow/example_dags/example_task_group_decorator.py
[2025-03-24T20:23:00.750+0000] {logging_mixin.py:150} INFO - [2025-03-24T20:23:00.750+0000] {dag.py:2742} INFO - Sync 1 DAGs
[2025-03-24T20:23:00.769+0000] {logging_mixin.py:150} INFO - [2025-03-24T20:23:00.768+0000] {dag.py:3504} INFO - Setting next_dagrun for example_task_group_decorator to 2025-03-23T20:23:00.768742+00:00, run_after=2025-03-24T20:23:00.768742+00:00
[2025-03-24T20:23:00.790+0000] {processor.py:179} INFO - Processing /home/vscode/.local/lib/python3.10/site-packages/airflow/example_dags/example_task_group_decorator.py took 0.068 seconds
[2025-03-24T20:23:43.885+0000] {processor.py:157} INFO - Started process (PID=29852) to work on /home/vscode/.local/lib/python3.10/site-packages/airflow/example_dags/example_task_group_decorator.py
[2025-03-24T20:23:43.886+0000] {processor.py:826} INFO - Processing file /home/vscode/.local/lib/python3.10/site-packages/airflow/example_dags/example_task_group_decorator.py for tasks to queue
[2025-03-24T20:23:43.886+0000] {logging_mixin.py:150} INFO - [2025-03-24T20:23:43.886+0000] {dagbag.py:541} INFO - Filling up the DagBag from /home/vscode/.local/lib/python3.10/site-packages/airflow/example_dags/example_task_group_decorator.py
[2025-03-24T20:23:43.898+0000] {processor.py:836} INFO - DAG(s) dict_keys(['example_task_group_decorator']) retrieved from /home/vscode/.local/lib/python3.10/site-packages/airflow/example_dags/example_task_group_decorator.py
[2025-03-24T20:23:43.912+0000] {logging_mixin.py:150} INFO - [2025-03-24T20:23:43.912+0000] {dag.py:2742} INFO - Sync 1 DAGs
[2025-03-24T20:23:43.928+0000] {logging_mixin.py:150} INFO - [2025-03-24T20:23:43.927+0000] {dag.py:3504} INFO - Setting next_dagrun for example_task_group_decorator to 2025-03-23T20:23:43.927752+00:00, run_after=2025-03-24T20:23:43.927752+00:00
[2025-03-24T20:23:43.942+0000] {processor.py:179} INFO - Processing /home/vscode/.local/lib/python3.10/site-packages/airflow/example_dags/example_task_group_decorator.py took 0.060 seconds
[2025-03-24T20:24:30.746+0000] {processor.py:157} INFO - Started process (PID=30199) to work on /home/vscode/.local/lib/python3.10/site-packages/airflow/example_dags/example_task_group_decorator.py
[2025-03-24T20:24:30.746+0000] {processor.py:826} INFO - Processing file /home/vscode/.local/lib/python3.10/site-packages/airflow/example_dags/example_task_group_decorator.py for tasks to queue
[2025-03-24T20:24:30.747+0000] {logging_mixin.py:150} INFO - [2025-03-24T20:24:30.747+0000] {dagbag.py:541} INFO - Filling up the DagBag from /home/vscode/.local/lib/python3.10/site-packages/airflow/example_dags/example_task_group_decorator.py
[2025-03-24T20:24:30.757+0000] {processor.py:836} INFO - DAG(s) dict_keys(['example_task_group_decorator']) retrieved from /home/vscode/.local/lib/python3.10/site-packages/airflow/example_dags/example_task_group_decorator.py
[2025-03-24T20:24:30.771+0000] {logging_mixin.py:150} INFO - [2025-03-24T20:24:30.771+0000] {dag.py:2742} INFO - Sync 1 DAGs
[2025-03-24T20:24:30.785+0000] {logging_mixin.py:150} INFO - [2025-03-24T20:24:30.785+0000] {dag.py:3504} INFO - Setting next_dagrun for example_task_group_decorator to 2025-03-23T20:24:30.785393+00:00, run_after=2025-03-24T20:24:30.785393+00:00
[2025-03-24T20:24:30.800+0000] {processor.py:179} INFO - Processing /home/vscode/.local/lib/python3.10/site-packages/airflow/example_dags/example_task_group_decorator.py took 0.056 seconds
[2025-03-24T20:25:15.269+0000] {processor.py:157} INFO - Started process (PID=30539) to work on /home/vscode/.local/lib/python3.10/site-packages/airflow/example_dags/example_task_group_decorator.py
[2025-03-24T20:25:15.270+0000] {processor.py:826} INFO - Processing file /home/vscode/.local/lib/python3.10/site-packages/airflow/example_dags/example_task_group_decorator.py for tasks to queue
[2025-03-24T20:25:15.271+0000] {logging_mixin.py:150} INFO - [2025-03-24T20:25:15.270+0000] {dagbag.py:541} INFO - Filling up the DagBag from /home/vscode/.local/lib/python3.10/site-packages/airflow/example_dags/example_task_group_decorator.py
[2025-03-24T20:25:15.287+0000] {processor.py:836} INFO - DAG(s) dict_keys(['example_task_group_decorator']) retrieved from /home/vscode/.local/lib/python3.10/site-packages/airflow/example_dags/example_task_group_decorator.py
[2025-03-24T20:25:15.301+0000] {logging_mixin.py:150} INFO - [2025-03-24T20:25:15.301+0000] {dag.py:2742} INFO - Sync 1 DAGs
[2025-03-24T20:25:15.314+0000] {logging_mixin.py:150} INFO - [2025-03-24T20:25:15.314+0000] {dag.py:3504} INFO - Setting next_dagrun for example_task_group_decorator to 2025-03-23T20:25:15.314691+00:00, run_after=2025-03-24T20:25:15.314691+00:00
[2025-03-24T20:25:15.330+0000] {processor.py:179} INFO - Processing /home/vscode/.local/lib/python3.10/site-packages/airflow/example_dags/example_task_group_decorator.py took 0.063 seconds
[2025-03-24T20:26:00.702+0000] {processor.py:157} INFO - Started process (PID=30887) to work on /home/vscode/.local/lib/python3.10/site-packages/airflow/example_dags/example_task_group_decorator.py
[2025-03-24T20:26:00.703+0000] {processor.py:826} INFO - Processing file /home/vscode/.local/lib/python3.10/site-packages/airflow/example_dags/example_task_group_decorator.py for tasks to queue
[2025-03-24T20:26:00.703+0000] {logging_mixin.py:150} INFO - [2025-03-24T20:26:00.703+0000] {dagbag.py:541} INFO - Filling up the DagBag from /home/vscode/.local/lib/python3.10/site-packages/airflow/example_dags/example_task_group_decorator.py
[2025-03-24T20:26:00.715+0000] {processor.py:836} INFO - DAG(s) dict_keys(['example_task_group_decorator']) retrieved from /home/vscode/.local/lib/python3.10/site-packages/airflow/example_dags/example_task_group_decorator.py
[2025-03-24T20:26:00.729+0000] {logging_mixin.py:150} INFO - [2025-03-24T20:26:00.729+0000] {dag.py:2742} INFO - Sync 1 DAGs
[2025-03-24T20:26:00.748+0000] {logging_mixin.py:150} INFO - [2025-03-24T20:26:00.748+0000] {dag.py:3504} INFO - Setting next_dagrun for example_task_group_decorator to 2025-03-23T20:26:00.747919+00:00, run_after=2025-03-24T20:26:00.747919+00:00
[2025-03-24T20:26:00.765+0000] {processor.py:179} INFO - Processing /home/vscode/.local/lib/python3.10/site-packages/airflow/example_dags/example_task_group_decorator.py took 0.065 seconds
[2025-03-24T20:26:45.969+0000] {processor.py:157} INFO - Started process (PID=31280) to work on /home/vscode/.local/lib/python3.10/site-packages/airflow/example_dags/example_task_group_decorator.py
[2025-03-24T20:26:45.970+0000] {processor.py:826} INFO - Processing file /home/vscode/.local/lib/python3.10/site-packages/airflow/example_dags/example_task_group_decorator.py for tasks to queue
[2025-03-24T20:26:45.971+0000] {logging_mixin.py:150} INFO - [2025-03-24T20:26:45.970+0000] {dagbag.py:541} INFO - Filling up the DagBag from /home/vscode/.local/lib/python3.10/site-packages/airflow/example_dags/example_task_group_decorator.py
[2025-03-24T20:26:45.982+0000] {processor.py:836} INFO - DAG(s) dict_keys(['example_task_group_decorator']) retrieved from /home/vscode/.local/lib/python3.10/site-packages/airflow/example_dags/example_task_group_decorator.py
[2025-03-24T20:26:45.996+0000] {logging_mixin.py:150} INFO - [2025-03-24T20:26:45.996+0000] {dag.py:2742} INFO - Sync 1 DAGs
[2025-03-24T20:26:46.010+0000] {logging_mixin.py:150} INFO - [2025-03-24T20:26:46.010+0000] {dag.py:3504} INFO - Setting next_dagrun for example_task_group_decorator to 2025-03-23T20:26:46.010480+00:00, run_after=2025-03-24T20:26:46.010480+00:00
[2025-03-24T20:26:46.025+0000] {processor.py:179} INFO - Processing /home/vscode/.local/lib/python3.10/site-packages/airflow/example_dags/example_task_group_decorator.py took 0.057 seconds
[2025-03-24T20:27:28.758+0000] {processor.py:157} INFO - Started process (PID=31632) to work on /home/vscode/.local/lib/python3.10/site-packages/airflow/example_dags/example_task_group_decorator.py
[2025-03-24T20:27:28.759+0000] {processor.py:826} INFO - Processing file /home/vscode/.local/lib/python3.10/site-packages/airflow/example_dags/example_task_group_decorator.py for tasks to queue
[2025-03-24T20:27:28.760+0000] {logging_mixin.py:150} INFO - [2025-03-24T20:27:28.759+0000] {dagbag.py:541} INFO - Filling up the DagBag from /home/vscode/.local/lib/python3.10/site-packages/airflow/example_dags/example_task_group_decorator.py
[2025-03-24T20:27:28.771+0000] {processor.py:836} INFO - DAG(s) dict_keys(['example_task_group_decorator']) retrieved from /home/vscode/.local/lib/python3.10/site-packages/airflow/example_dags/example_task_group_decorator.py
[2025-03-24T20:27:28.786+0000] {logging_mixin.py:150} INFO - [2025-03-24T20:27:28.786+0000] {dag.py:2742} INFO - Sync 1 DAGs
[2025-03-24T20:27:28.801+0000] {logging_mixin.py:150} INFO - [2025-03-24T20:27:28.801+0000] {dag.py:3504} INFO - Setting next_dagrun for example_task_group_decorator to 2025-03-23T20:27:28.801433+00:00, run_after=2025-03-24T20:27:28.801433+00:00
[2025-03-24T20:27:28.817+0000] {processor.py:179} INFO - Processing /home/vscode/.local/lib/python3.10/site-packages/airflow/example_dags/example_task_group_decorator.py took 0.061 seconds
[2025-03-24T20:28:15.015+0000] {processor.py:157} INFO - Started process (PID=32006) to work on /home/vscode/.local/lib/python3.10/site-packages/airflow/example_dags/example_task_group_decorator.py
[2025-03-24T20:28:15.016+0000] {processor.py:826} INFO - Processing file /home/vscode/.local/lib/python3.10/site-packages/airflow/example_dags/example_task_group_decorator.py for tasks to queue
[2025-03-24T20:28:15.017+0000] {logging_mixin.py:150} INFO - [2025-03-24T20:28:15.016+0000] {dagbag.py:541} INFO - Filling up the DagBag from /home/vscode/.local/lib/python3.10/site-packages/airflow/example_dags/example_task_group_decorator.py
[2025-03-24T20:28:15.028+0000] {processor.py:836} INFO - DAG(s) dict_keys(['example_task_group_decorator']) retrieved from /home/vscode/.local/lib/python3.10/site-packages/airflow/example_dags/example_task_group_decorator.py
[2025-03-24T20:28:15.041+0000] {logging_mixin.py:150} INFO - [2025-03-24T20:28:15.041+0000] {dag.py:2742} INFO - Sync 1 DAGs
[2025-03-24T20:28:15.055+0000] {logging_mixin.py:150} INFO - [2025-03-24T20:28:15.055+0000] {dag.py:3504} INFO - Setting next_dagrun for example_task_group_decorator to 2025-03-23T20:28:15.055217+00:00, run_after=2025-03-24T20:28:15.055217+00:00
[2025-03-24T20:28:15.070+0000] {processor.py:179} INFO - Processing /home/vscode/.local/lib/python3.10/site-packages/airflow/example_dags/example_task_group_decorator.py took 0.057 seconds
[2025-03-24T20:28:58.435+0000] {processor.py:157} INFO - Started process (PID=32329) to work on /home/vscode/.local/lib/python3.10/site-packages/airflow/example_dags/example_task_group_decorator.py
[2025-03-24T20:28:58.435+0000] {processor.py:826} INFO - Processing file /home/vscode/.local/lib/python3.10/site-packages/airflow/example_dags/example_task_group_decorator.py for tasks to queue
[2025-03-24T20:28:58.436+0000] {logging_mixin.py:150} INFO - [2025-03-24T20:28:58.436+0000] {dagbag.py:541} INFO - Filling up the DagBag from /home/vscode/.local/lib/python3.10/site-packages/airflow/example_dags/example_task_group_decorator.py
[2025-03-24T20:28:58.447+0000] {processor.py:836} INFO - DAG(s) dict_keys(['example_task_group_decorator']) retrieved from /home/vscode/.local/lib/python3.10/site-packages/airflow/example_dags/example_task_group_decorator.py
[2025-03-24T20:28:58.461+0000] {logging_mixin.py:150} INFO - [2025-03-24T20:28:58.461+0000] {dag.py:2742} INFO - Sync 1 DAGs
[2025-03-24T20:28:58.475+0000] {logging_mixin.py:150} INFO - [2025-03-24T20:28:58.475+0000] {dag.py:3504} INFO - Setting next_dagrun for example_task_group_decorator to 2025-03-23T20:28:58.475407+00:00, run_after=2025-03-24T20:28:58.475407+00:00
[2025-03-24T20:28:58.491+0000] {processor.py:179} INFO - Processing /home/vscode/.local/lib/python3.10/site-packages/airflow/example_dags/example_task_group_decorator.py took 0.058 seconds
[2025-03-24T20:29:43.918+0000] {processor.py:157} INFO - Started process (PID=32635) to work on /home/vscode/.local/lib/python3.10/site-packages/airflow/example_dags/example_task_group_decorator.py
[2025-03-24T20:29:43.919+0000] {processor.py:826} INFO - Processing file /home/vscode/.local/lib/python3.10/site-packages/airflow/example_dags/example_task_group_decorator.py for tasks to queue
[2025-03-24T20:29:43.919+0000] {logging_mixin.py:150} INFO - [2025-03-24T20:29:43.919+0000] {dagbag.py:541} INFO - Filling up the DagBag from /home/vscode/.local/lib/python3.10/site-packages/airflow/example_dags/example_task_group_decorator.py
[2025-03-24T20:29:43.931+0000] {processor.py:836} INFO - DAG(s) dict_keys(['example_task_group_decorator']) retrieved from /home/vscode/.local/lib/python3.10/site-packages/airflow/example_dags/example_task_group_decorator.py
[2025-03-24T20:29:43.945+0000] {logging_mixin.py:150} INFO - [2025-03-24T20:29:43.945+0000] {dag.py:2742} INFO - Sync 1 DAGs
[2025-03-24T20:29:43.959+0000] {logging_mixin.py:150} INFO - [2025-03-24T20:29:43.959+0000] {dag.py:3504} INFO - Setting next_dagrun for example_task_group_decorator to 2025-03-23T20:29:43.959379+00:00, run_after=2025-03-24T20:29:43.959379+00:00
[2025-03-24T20:29:43.974+0000] {processor.py:179} INFO - Processing /home/vscode/.local/lib/python3.10/site-packages/airflow/example_dags/example_task_group_decorator.py took 0.058 seconds
[2025-03-24T20:30:26.678+0000] {processor.py:157} INFO - Started process (PID=32932) to work on /home/vscode/.local/lib/python3.10/site-packages/airflow/example_dags/example_task_group_decorator.py
[2025-03-24T20:30:26.679+0000] {processor.py:826} INFO - Processing file /home/vscode/.local/lib/python3.10/site-packages/airflow/example_dags/example_task_group_decorator.py for tasks to queue
[2025-03-24T20:30:26.680+0000] {logging_mixin.py:150} INFO - [2025-03-24T20:30:26.679+0000] {dagbag.py:541} INFO - Filling up the DagBag from /home/vscode/.local/lib/python3.10/site-packages/airflow/example_dags/example_task_group_decorator.py
[2025-03-24T20:30:26.691+0000] {processor.py:836} INFO - DAG(s) dict_keys(['example_task_group_decorator']) retrieved from /home/vscode/.local/lib/python3.10/site-packages/airflow/example_dags/example_task_group_decorator.py
[2025-03-24T20:30:26.704+0000] {logging_mixin.py:150} INFO - [2025-03-24T20:30:26.704+0000] {dag.py:2742} INFO - Sync 1 DAGs
[2025-03-24T20:30:26.718+0000] {logging_mixin.py:150} INFO - [2025-03-24T20:30:26.718+0000] {dag.py:3504} INFO - Setting next_dagrun for example_task_group_decorator to 2025-03-23T20:30:26.718674+00:00, run_after=2025-03-24T20:30:26.718674+00:00
[2025-03-24T20:30:26.734+0000] {processor.py:179} INFO - Processing /home/vscode/.local/lib/python3.10/site-packages/airflow/example_dags/example_task_group_decorator.py took 0.058 seconds
[2025-03-24T20:31:10.856+0000] {processor.py:157} INFO - Started process (PID=33229) to work on /home/vscode/.local/lib/python3.10/site-packages/airflow/example_dags/example_task_group_decorator.py
[2025-03-24T20:31:10.857+0000] {processor.py:826} INFO - Processing file /home/vscode/.local/lib/python3.10/site-packages/airflow/example_dags/example_task_group_decorator.py for tasks to queue
[2025-03-24T20:31:10.857+0000] {logging_mixin.py:150} INFO - [2025-03-24T20:31:10.857+0000] {dagbag.py:541} INFO - Filling up the DagBag from /home/vscode/.local/lib/python3.10/site-packages/airflow/example_dags/example_task_group_decorator.py
[2025-03-24T20:31:10.872+0000] {processor.py:836} INFO - DAG(s) dict_keys(['example_task_group_decorator']) retrieved from /home/vscode/.local/lib/python3.10/site-packages/airflow/example_dags/example_task_group_decorator.py
[2025-03-24T20:31:10.895+0000] {logging_mixin.py:150} INFO - [2025-03-24T20:31:10.895+0000] {dag.py:2742} INFO - Sync 1 DAGs
[2025-03-24T20:31:10.916+0000] {logging_mixin.py:150} INFO - [2025-03-24T20:31:10.916+0000] {dag.py:3504} INFO - Setting next_dagrun for example_task_group_decorator to 2025-03-23T20:31:10.916007+00:00, run_after=2025-03-24T20:31:10.916007+00:00
[2025-03-24T20:31:10.965+0000] {processor.py:179} INFO - Processing /home/vscode/.local/lib/python3.10/site-packages/airflow/example_dags/example_task_group_decorator.py took 0.111 seconds
[2025-03-24T20:31:52.979+0000] {processor.py:157} INFO - Started process (PID=33506) to work on /home/vscode/.local/lib/python3.10/site-packages/airflow/example_dags/example_task_group_decorator.py
[2025-03-24T20:31:52.979+0000] {processor.py:826} INFO - Processing file /home/vscode/.local/lib/python3.10/site-packages/airflow/example_dags/example_task_group_decorator.py for tasks to queue
[2025-03-24T20:31:52.980+0000] {logging_mixin.py:150} INFO - [2025-03-24T20:31:52.980+0000] {dagbag.py:541} INFO - Filling up the DagBag from /home/vscode/.local/lib/python3.10/site-packages/airflow/example_dags/example_task_group_decorator.py
[2025-03-24T20:31:52.991+0000] {processor.py:836} INFO - DAG(s) dict_keys(['example_task_group_decorator']) retrieved from /home/vscode/.local/lib/python3.10/site-packages/airflow/example_dags/example_task_group_decorator.py
[2025-03-24T20:31:53.005+0000] {logging_mixin.py:150} INFO - [2025-03-24T20:31:53.005+0000] {dag.py:2742} INFO - Sync 1 DAGs
[2025-03-24T20:31:53.020+0000] {logging_mixin.py:150} INFO - [2025-03-24T20:31:53.020+0000] {dag.py:3504} INFO - Setting next_dagrun for example_task_group_decorator to 2025-03-23T20:31:53.020028+00:00, run_after=2025-03-24T20:31:53.020028+00:00
[2025-03-24T20:31:53.035+0000] {processor.py:179} INFO - Processing /home/vscode/.local/lib/python3.10/site-packages/airflow/example_dags/example_task_group_decorator.py took 0.058 seconds
[2025-03-24T20:32:35.991+0000] {processor.py:157} INFO - Started process (PID=33804) to work on /home/vscode/.local/lib/python3.10/site-packages/airflow/example_dags/example_task_group_decorator.py
[2025-03-24T20:32:35.992+0000] {processor.py:826} INFO - Processing file /home/vscode/.local/lib/python3.10/site-packages/airflow/example_dags/example_task_group_decorator.py for tasks to queue
[2025-03-24T20:32:35.992+0000] {logging_mixin.py:150} INFO - [2025-03-24T20:32:35.992+0000] {dagbag.py:541} INFO - Filling up the DagBag from /home/vscode/.local/lib/python3.10/site-packages/airflow/example_dags/example_task_group_decorator.py
[2025-03-24T20:32:36.003+0000] {processor.py:836} INFO - DAG(s) dict_keys(['example_task_group_decorator']) retrieved from /home/vscode/.local/lib/python3.10/site-packages/airflow/example_dags/example_task_group_decorator.py
[2025-03-24T20:32:36.017+0000] {logging_mixin.py:150} INFO - [2025-03-24T20:32:36.017+0000] {dag.py:2742} INFO - Sync 1 DAGs
[2025-03-24T20:32:36.031+0000] {logging_mixin.py:150} INFO - [2025-03-24T20:32:36.031+0000] {dag.py:3504} INFO - Setting next_dagrun for example_task_group_decorator to 2025-03-23T20:32:36.031551+00:00, run_after=2025-03-24T20:32:36.031551+00:00
[2025-03-24T20:32:36.051+0000] {processor.py:179} INFO - Processing /home/vscode/.local/lib/python3.10/site-packages/airflow/example_dags/example_task_group_decorator.py took 0.062 seconds
[2025-03-24T20:33:25.784+0000] {processor.py:157} INFO - Started process (PID=34231) to work on /home/vscode/.local/lib/python3.10/site-packages/airflow/example_dags/example_task_group_decorator.py
[2025-03-24T20:33:25.785+0000] {processor.py:826} INFO - Processing file /home/vscode/.local/lib/python3.10/site-packages/airflow/example_dags/example_task_group_decorator.py for tasks to queue
[2025-03-24T20:33:25.786+0000] {logging_mixin.py:150} INFO - [2025-03-24T20:33:25.785+0000] {dagbag.py:541} INFO - Filling up the DagBag from /home/vscode/.local/lib/python3.10/site-packages/airflow/example_dags/example_task_group_decorator.py
[2025-03-24T20:33:25.796+0000] {processor.py:836} INFO - DAG(s) dict_keys(['example_task_group_decorator']) retrieved from /home/vscode/.local/lib/python3.10/site-packages/airflow/example_dags/example_task_group_decorator.py
[2025-03-24T20:33:25.810+0000] {logging_mixin.py:150} INFO - [2025-03-24T20:33:25.810+0000] {dag.py:2742} INFO - Sync 1 DAGs
[2025-03-24T20:33:25.824+0000] {logging_mixin.py:150} INFO - [2025-03-24T20:33:25.824+0000] {dag.py:3504} INFO - Setting next_dagrun for example_task_group_decorator to 2025-03-23T20:33:25.824040+00:00, run_after=2025-03-24T20:33:25.824040+00:00
[2025-03-24T20:33:25.839+0000] {processor.py:179} INFO - Processing /home/vscode/.local/lib/python3.10/site-packages/airflow/example_dags/example_task_group_decorator.py took 0.057 seconds
[2025-03-24T20:34:14.370+0000] {processor.py:157} INFO - Started process (PID=34553) to work on /home/vscode/.local/lib/python3.10/site-packages/airflow/example_dags/example_task_group_decorator.py
[2025-03-24T20:34:14.371+0000] {processor.py:826} INFO - Processing file /home/vscode/.local/lib/python3.10/site-packages/airflow/example_dags/example_task_group_decorator.py for tasks to queue
[2025-03-24T20:34:14.372+0000] {logging_mixin.py:150} INFO - [2025-03-24T20:34:14.371+0000] {dagbag.py:541} INFO - Filling up the DagBag from /home/vscode/.local/lib/python3.10/site-packages/airflow/example_dags/example_task_group_decorator.py
[2025-03-24T20:34:14.383+0000] {processor.py:836} INFO - DAG(s) dict_keys(['example_task_group_decorator']) retrieved from /home/vscode/.local/lib/python3.10/site-packages/airflow/example_dags/example_task_group_decorator.py
[2025-03-24T20:34:14.397+0000] {logging_mixin.py:150} INFO - [2025-03-24T20:34:14.397+0000] {dag.py:2742} INFO - Sync 1 DAGs
[2025-03-24T20:34:14.412+0000] {logging_mixin.py:150} INFO - [2025-03-24T20:34:14.412+0000] {dag.py:3504} INFO - Setting next_dagrun for example_task_group_decorator to 2025-03-23T20:34:14.412540+00:00, run_after=2025-03-24T20:34:14.412540+00:00
[2025-03-24T20:34:14.433+0000] {processor.py:179} INFO - Processing /home/vscode/.local/lib/python3.10/site-packages/airflow/example_dags/example_task_group_decorator.py took 0.065 seconds
[2025-03-24T20:34:57.198+0000] {processor.py:157} INFO - Started process (PID=34846) to work on /home/vscode/.local/lib/python3.10/site-packages/airflow/example_dags/example_task_group_decorator.py
[2025-03-24T20:34:57.199+0000] {processor.py:826} INFO - Processing file /home/vscode/.local/lib/python3.10/site-packages/airflow/example_dags/example_task_group_decorator.py for tasks to queue
[2025-03-24T20:34:57.199+0000] {logging_mixin.py:150} INFO - [2025-03-24T20:34:57.199+0000] {dagbag.py:541} INFO - Filling up the DagBag from /home/vscode/.local/lib/python3.10/site-packages/airflow/example_dags/example_task_group_decorator.py
[2025-03-24T20:34:57.210+0000] {processor.py:836} INFO - DAG(s) dict_keys(['example_task_group_decorator']) retrieved from /home/vscode/.local/lib/python3.10/site-packages/airflow/example_dags/example_task_group_decorator.py
[2025-03-24T20:34:57.224+0000] {logging_mixin.py:150} INFO - [2025-03-24T20:34:57.224+0000] {dag.py:2742} INFO - Sync 1 DAGs
[2025-03-24T20:34:57.238+0000] {logging_mixin.py:150} INFO - [2025-03-24T20:34:57.238+0000] {dag.py:3504} INFO - Setting next_dagrun for example_task_group_decorator to 2025-03-23T20:34:57.238111+00:00, run_after=2025-03-24T20:34:57.238111+00:00
[2025-03-24T20:34:57.253+0000] {processor.py:179} INFO - Processing /home/vscode/.local/lib/python3.10/site-packages/airflow/example_dags/example_task_group_decorator.py took 0.057 seconds
[2025-03-24T20:35:43.351+0000] {processor.py:157} INFO - Started process (PID=35160) to work on /home/vscode/.local/lib/python3.10/site-packages/airflow/example_dags/example_task_group_decorator.py
[2025-03-24T20:35:43.351+0000] {processor.py:826} INFO - Processing file /home/vscode/.local/lib/python3.10/site-packages/airflow/example_dags/example_task_group_decorator.py for tasks to queue
[2025-03-24T20:35:43.352+0000] {logging_mixin.py:150} INFO - [2025-03-24T20:35:43.352+0000] {dagbag.py:541} INFO - Filling up the DagBag from /home/vscode/.local/lib/python3.10/site-packages/airflow/example_dags/example_task_group_decorator.py
[2025-03-24T20:35:43.363+0000] {processor.py:836} INFO - DAG(s) dict_keys(['example_task_group_decorator']) retrieved from /home/vscode/.local/lib/python3.10/site-packages/airflow/example_dags/example_task_group_decorator.py
[2025-03-24T20:35:43.376+0000] {logging_mixin.py:150} INFO - [2025-03-24T20:35:43.376+0000] {dag.py:2742} INFO - Sync 1 DAGs
[2025-03-24T20:35:43.391+0000] {logging_mixin.py:150} INFO - [2025-03-24T20:35:43.390+0000] {dag.py:3504} INFO - Setting next_dagrun for example_task_group_decorator to 2025-03-23T20:35:43.390781+00:00, run_after=2025-03-24T20:35:43.390781+00:00
[2025-03-24T20:35:43.405+0000] {processor.py:179} INFO - Processing /home/vscode/.local/lib/python3.10/site-packages/airflow/example_dags/example_task_group_decorator.py took 0.057 seconds
[2025-03-24T20:36:26.691+0000] {processor.py:157} INFO - Started process (PID=35457) to work on /home/vscode/.local/lib/python3.10/site-packages/airflow/example_dags/example_task_group_decorator.py
[2025-03-24T20:36:26.692+0000] {processor.py:826} INFO - Processing file /home/vscode/.local/lib/python3.10/site-packages/airflow/example_dags/example_task_group_decorator.py for tasks to queue
[2025-03-24T20:36:26.693+0000] {logging_mixin.py:150} INFO - [2025-03-24T20:36:26.692+0000] {dagbag.py:541} INFO - Filling up the DagBag from /home/vscode/.local/lib/python3.10/site-packages/airflow/example_dags/example_task_group_decorator.py
[2025-03-24T20:36:26.704+0000] {processor.py:836} INFO - DAG(s) dict_keys(['example_task_group_decorator']) retrieved from /home/vscode/.local/lib/python3.10/site-packages/airflow/example_dags/example_task_group_decorator.py
[2025-03-24T20:36:26.718+0000] {logging_mixin.py:150} INFO - [2025-03-24T20:36:26.718+0000] {dag.py:2742} INFO - Sync 1 DAGs
[2025-03-24T20:36:26.733+0000] {logging_mixin.py:150} INFO - [2025-03-24T20:36:26.732+0000] {dag.py:3504} INFO - Setting next_dagrun for example_task_group_decorator to 2025-03-23T20:36:26.732798+00:00, run_after=2025-03-24T20:36:26.732798+00:00
[2025-03-24T20:36:26.748+0000] {processor.py:179} INFO - Processing /home/vscode/.local/lib/python3.10/site-packages/airflow/example_dags/example_task_group_decorator.py took 0.059 seconds
[2025-03-24T20:37:14.496+0000] {processor.py:157} INFO - Started process (PID=35817) to work on /home/vscode/.local/lib/python3.10/site-packages/airflow/example_dags/example_task_group_decorator.py
[2025-03-24T20:37:14.497+0000] {processor.py:826} INFO - Processing file /home/vscode/.local/lib/python3.10/site-packages/airflow/example_dags/example_task_group_decorator.py for tasks to queue
[2025-03-24T20:37:14.497+0000] {logging_mixin.py:150} INFO - [2025-03-24T20:37:14.497+0000] {dagbag.py:541} INFO - Filling up the DagBag from /home/vscode/.local/lib/python3.10/site-packages/airflow/example_dags/example_task_group_decorator.py
[2025-03-24T20:37:14.509+0000] {processor.py:836} INFO - DAG(s) dict_keys(['example_task_group_decorator']) retrieved from /home/vscode/.local/lib/python3.10/site-packages/airflow/example_dags/example_task_group_decorator.py
[2025-03-24T20:37:14.523+0000] {logging_mixin.py:150} INFO - [2025-03-24T20:37:14.523+0000] {dag.py:2742} INFO - Sync 1 DAGs
[2025-03-24T20:37:14.537+0000] {logging_mixin.py:150} INFO - [2025-03-24T20:37:14.537+0000] {dag.py:3504} INFO - Setting next_dagrun for example_task_group_decorator to 2025-03-23T20:37:14.537118+00:00, run_after=2025-03-24T20:37:14.537118+00:00
[2025-03-24T20:37:14.553+0000] {processor.py:179} INFO - Processing /home/vscode/.local/lib/python3.10/site-packages/airflow/example_dags/example_task_group_decorator.py took 0.059 seconds
[2025-03-24T20:37:58.154+0000] {processor.py:157} INFO - Started process (PID=36126) to work on /home/vscode/.local/lib/python3.10/site-packages/airflow/example_dags/example_task_group_decorator.py
[2025-03-24T20:37:58.155+0000] {processor.py:826} INFO - Processing file /home/vscode/.local/lib/python3.10/site-packages/airflow/example_dags/example_task_group_decorator.py for tasks to queue
[2025-03-24T20:37:58.156+0000] {logging_mixin.py:150} INFO - [2025-03-24T20:37:58.156+0000] {dagbag.py:541} INFO - Filling up the DagBag from /home/vscode/.local/lib/python3.10/site-packages/airflow/example_dags/example_task_group_decorator.py
[2025-03-24T20:37:58.169+0000] {processor.py:836} INFO - DAG(s) dict_keys(['example_task_group_decorator']) retrieved from /home/vscode/.local/lib/python3.10/site-packages/airflow/example_dags/example_task_group_decorator.py
[2025-03-24T20:37:58.183+0000] {logging_mixin.py:150} INFO - [2025-03-24T20:37:58.183+0000] {dag.py:2742} INFO - Sync 1 DAGs
[2025-03-24T20:37:58.197+0000] {logging_mixin.py:150} INFO - [2025-03-24T20:37:58.197+0000] {dag.py:3504} INFO - Setting next_dagrun for example_task_group_decorator to 2025-03-23T20:37:58.197684+00:00, run_after=2025-03-24T20:37:58.197684+00:00
[2025-03-24T20:37:58.214+0000] {processor.py:179} INFO - Processing /home/vscode/.local/lib/python3.10/site-packages/airflow/example_dags/example_task_group_decorator.py took 0.063 seconds
