[2025-03-24T20:12:57.842+0000] {processor.py:157} INFO - Started process (PID=25282) to work on /home/vscode/.local/lib/python3.10/site-packages/airflow/example_dags/example_external_task_marker_dag.py
[2025-03-24T20:12:57.842+0000] {processor.py:826} INFO - Processing file /home/vscode/.local/lib/python3.10/site-packages/airflow/example_dags/example_external_task_marker_dag.py for tasks to queue
[2025-03-24T20:12:57.843+0000] {logging_mixin.py:150} INFO - [2025-03-24T20:12:57.843+0000] {dagbag.py:541} INFO - Filling up the DagBag from /home/vscode/.local/lib/python3.10/site-packages/airflow/example_dags/example_external_task_marker_dag.py
[2025-03-24T20:12:57.847+0000] {processor.py:836} INFO - DAG(s) dict_keys(['example_external_task_marker_parent', 'example_external_task_marker_child']) retrieved from /home/vscode/.local/lib/python3.10/site-packages/airflow/example_dags/example_external_task_marker_dag.py
[2025-03-24T20:12:57.919+0000] {logging_mixin.py:150} INFO - [2025-03-24T20:12:57.919+0000] {manager.py:504} INFO - Created Permission View: can delete on DAG:example_external_task_marker_parent
[2025-03-24T20:12:57.927+0000] {logging_mixin.py:150} INFO - [2025-03-24T20:12:57.927+0000] {manager.py:504} INFO - Created Permission View: can edit on DAG:example_external_task_marker_parent
[2025-03-24T20:12:57.933+0000] {logging_mixin.py:150} INFO - [2025-03-24T20:12:57.933+0000] {manager.py:504} INFO - Created Permission View: can read on DAG:example_external_task_marker_parent
[2025-03-24T20:12:57.953+0000] {logging_mixin.py:150} INFO - [2025-03-24T20:12:57.953+0000] {manager.py:504} INFO - Created Permission View: can delete on DAG:example_external_task_marker_child
[2025-03-24T20:12:57.959+0000] {logging_mixin.py:150} INFO - [2025-03-24T20:12:57.959+0000] {manager.py:504} INFO - Created Permission View: can edit on DAG:example_external_task_marker_child
[2025-03-24T20:12:57.965+0000] {logging_mixin.py:150} INFO - [2025-03-24T20:12:57.965+0000] {manager.py:504} INFO - Created Permission View: can read on DAG:example_external_task_marker_child
[2025-03-24T20:12:57.969+0000] {logging_mixin.py:150} INFO - [2025-03-24T20:12:57.969+0000] {dag.py:2742} INFO - Sync 2 DAGs
[2025-03-24T20:12:57.975+0000] {logging_mixin.py:150} INFO - [2025-03-24T20:12:57.975+0000] {dag.py:2763} INFO - Creating ORM DAG for example_external_task_marker_child
[2025-03-24T20:12:57.976+0000] {logging_mixin.py:150} INFO - [2025-03-24T20:12:57.976+0000] {dag.py:2763} INFO - Creating ORM DAG for example_external_task_marker_parent
[2025-03-24T20:12:57.982+0000] {logging_mixin.py:150} INFO - [2025-03-24T20:12:57.982+0000] {dag.py:3504} INFO - Setting next_dagrun for example_external_task_marker_child to None, run_after=None
[2025-03-24T20:12:57.983+0000] {logging_mixin.py:150} INFO - [2025-03-24T20:12:57.983+0000] {dag.py:3504} INFO - Setting next_dagrun for example_external_task_marker_parent to None, run_after=None
[2025-03-24T20:12:57.998+0000] {processor.py:179} INFO - Processing /home/vscode/.local/lib/python3.10/site-packages/airflow/example_dags/example_external_task_marker_dag.py took 0.158 seconds
[2025-03-24T20:13:43.074+0000] {processor.py:157} INFO - Started process (PID=25575) to work on /home/vscode/.local/lib/python3.10/site-packages/airflow/example_dags/example_external_task_marker_dag.py
[2025-03-24T20:13:43.074+0000] {processor.py:826} INFO - Processing file /home/vscode/.local/lib/python3.10/site-packages/airflow/example_dags/example_external_task_marker_dag.py for tasks to queue
[2025-03-24T20:13:43.075+0000] {logging_mixin.py:150} INFO - [2025-03-24T20:13:43.074+0000] {dagbag.py:541} INFO - Filling up the DagBag from /home/vscode/.local/lib/python3.10/site-packages/airflow/example_dags/example_external_task_marker_dag.py
[2025-03-24T20:13:43.079+0000] {processor.py:836} INFO - DAG(s) dict_keys(['example_external_task_marker_parent', 'example_external_task_marker_child']) retrieved from /home/vscode/.local/lib/python3.10/site-packages/airflow/example_dags/example_external_task_marker_dag.py
[2025-03-24T20:13:43.092+0000] {logging_mixin.py:150} INFO - [2025-03-24T20:13:43.092+0000] {dag.py:2742} INFO - Sync 2 DAGs
[2025-03-24T20:13:43.106+0000] {logging_mixin.py:150} INFO - [2025-03-24T20:13:43.106+0000] {dag.py:3504} INFO - Setting next_dagrun for example_external_task_marker_child to None, run_after=None
[2025-03-24T20:13:43.108+0000] {logging_mixin.py:150} INFO - [2025-03-24T20:13:43.108+0000] {dag.py:3504} INFO - Setting next_dagrun for example_external_task_marker_parent to None, run_after=None
[2025-03-24T20:13:43.122+0000] {processor.py:179} INFO - Processing /home/vscode/.local/lib/python3.10/site-packages/airflow/example_dags/example_external_task_marker_dag.py took 0.050 seconds
[2025-03-24T20:14:25.314+0000] {processor.py:157} INFO - Started process (PID=25855) to work on /home/vscode/.local/lib/python3.10/site-packages/airflow/example_dags/example_external_task_marker_dag.py
[2025-03-24T20:14:25.315+0000] {processor.py:826} INFO - Processing file /home/vscode/.local/lib/python3.10/site-packages/airflow/example_dags/example_external_task_marker_dag.py for tasks to queue
[2025-03-24T20:14:25.315+0000] {logging_mixin.py:150} INFO - [2025-03-24T20:14:25.315+0000] {dagbag.py:541} INFO - Filling up the DagBag from /home/vscode/.local/lib/python3.10/site-packages/airflow/example_dags/example_external_task_marker_dag.py
[2025-03-24T20:14:25.320+0000] {processor.py:836} INFO - DAG(s) dict_keys(['example_external_task_marker_child', 'example_external_task_marker_parent']) retrieved from /home/vscode/.local/lib/python3.10/site-packages/airflow/example_dags/example_external_task_marker_dag.py
[2025-03-24T20:14:25.339+0000] {logging_mixin.py:150} INFO - [2025-03-24T20:14:25.339+0000] {dag.py:2742} INFO - Sync 2 DAGs
[2025-03-24T20:14:25.363+0000] {logging_mixin.py:150} INFO - [2025-03-24T20:14:25.363+0000] {dag.py:3504} INFO - Setting next_dagrun for example_external_task_marker_child to None, run_after=None
[2025-03-24T20:14:25.369+0000] {logging_mixin.py:150} INFO - [2025-03-24T20:14:25.369+0000] {dag.py:3504} INFO - Setting next_dagrun for example_external_task_marker_parent to None, run_after=None
[2025-03-24T20:14:25.413+0000] {processor.py:179} INFO - Processing /home/vscode/.local/lib/python3.10/site-packages/airflow/example_dags/example_external_task_marker_dag.py took 0.101 seconds
[2025-03-24T20:15:12.590+0000] {processor.py:157} INFO - Started process (PID=26197) to work on /home/vscode/.local/lib/python3.10/site-packages/airflow/example_dags/example_external_task_marker_dag.py
[2025-03-24T20:15:12.590+0000] {processor.py:826} INFO - Processing file /home/vscode/.local/lib/python3.10/site-packages/airflow/example_dags/example_external_task_marker_dag.py for tasks to queue
[2025-03-24T20:15:12.591+0000] {logging_mixin.py:150} INFO - [2025-03-24T20:15:12.591+0000] {dagbag.py:541} INFO - Filling up the DagBag from /home/vscode/.local/lib/python3.10/site-packages/airflow/example_dags/example_external_task_marker_dag.py
[2025-03-24T20:15:12.595+0000] {processor.py:836} INFO - DAG(s) dict_keys(['example_external_task_marker_parent', 'example_external_task_marker_child']) retrieved from /home/vscode/.local/lib/python3.10/site-packages/airflow/example_dags/example_external_task_marker_dag.py
[2025-03-24T20:15:12.609+0000] {logging_mixin.py:150} INFO - [2025-03-24T20:15:12.609+0000] {dag.py:2742} INFO - Sync 2 DAGs
[2025-03-24T20:15:12.623+0000] {logging_mixin.py:150} INFO - [2025-03-24T20:15:12.623+0000] {dag.py:3504} INFO - Setting next_dagrun for example_external_task_marker_child to None, run_after=None
[2025-03-24T20:15:12.625+0000] {logging_mixin.py:150} INFO - [2025-03-24T20:15:12.625+0000] {dag.py:3504} INFO - Setting next_dagrun for example_external_task_marker_parent to None, run_after=None
[2025-03-24T20:15:12.639+0000] {processor.py:179} INFO - Processing /home/vscode/.local/lib/python3.10/site-packages/airflow/example_dags/example_external_task_marker_dag.py took 0.051 seconds
[2025-03-24T20:16:02.888+0000] {processor.py:157} INFO - Started process (PID=26524) to work on /home/vscode/.local/lib/python3.10/site-packages/airflow/example_dags/example_external_task_marker_dag.py
[2025-03-24T20:16:02.888+0000] {processor.py:826} INFO - Processing file /home/vscode/.local/lib/python3.10/site-packages/airflow/example_dags/example_external_task_marker_dag.py for tasks to queue
[2025-03-24T20:16:02.889+0000] {logging_mixin.py:150} INFO - [2025-03-24T20:16:02.889+0000] {dagbag.py:541} INFO - Filling up the DagBag from /home/vscode/.local/lib/python3.10/site-packages/airflow/example_dags/example_external_task_marker_dag.py
[2025-03-24T20:16:02.893+0000] {processor.py:836} INFO - DAG(s) dict_keys(['example_external_task_marker_child', 'example_external_task_marker_parent']) retrieved from /home/vscode/.local/lib/python3.10/site-packages/airflow/example_dags/example_external_task_marker_dag.py
[2025-03-24T20:16:02.907+0000] {logging_mixin.py:150} INFO - [2025-03-24T20:16:02.907+0000] {dag.py:2742} INFO - Sync 2 DAGs
[2025-03-24T20:16:02.921+0000] {logging_mixin.py:150} INFO - [2025-03-24T20:16:02.921+0000] {dag.py:3504} INFO - Setting next_dagrun for example_external_task_marker_child to None, run_after=None
[2025-03-24T20:16:02.923+0000] {logging_mixin.py:150} INFO - [2025-03-24T20:16:02.923+0000] {dag.py:3504} INFO - Setting next_dagrun for example_external_task_marker_parent to None, run_after=None
[2025-03-24T20:16:02.936+0000] {processor.py:179} INFO - Processing /home/vscode/.local/lib/python3.10/site-packages/airflow/example_dags/example_external_task_marker_dag.py took 0.051 seconds
[2025-03-24T20:16:48.012+0000] {processor.py:157} INFO - Started process (PID=26819) to work on /home/vscode/.local/lib/python3.10/site-packages/airflow/example_dags/example_external_task_marker_dag.py
[2025-03-24T20:16:48.012+0000] {processor.py:826} INFO - Processing file /home/vscode/.local/lib/python3.10/site-packages/airflow/example_dags/example_external_task_marker_dag.py for tasks to queue
[2025-03-24T20:16:48.013+0000] {logging_mixin.py:150} INFO - [2025-03-24T20:16:48.013+0000] {dagbag.py:541} INFO - Filling up the DagBag from /home/vscode/.local/lib/python3.10/site-packages/airflow/example_dags/example_external_task_marker_dag.py
[2025-03-24T20:16:48.017+0000] {processor.py:836} INFO - DAG(s) dict_keys(['example_external_task_marker_child', 'example_external_task_marker_parent']) retrieved from /home/vscode/.local/lib/python3.10/site-packages/airflow/example_dags/example_external_task_marker_dag.py
[2025-03-24T20:16:48.031+0000] {logging_mixin.py:150} INFO - [2025-03-24T20:16:48.031+0000] {dag.py:2742} INFO - Sync 2 DAGs
[2025-03-24T20:16:48.045+0000] {logging_mixin.py:150} INFO - [2025-03-24T20:16:48.045+0000] {dag.py:3504} INFO - Setting next_dagrun for example_external_task_marker_child to None, run_after=None
[2025-03-24T20:16:48.047+0000] {logging_mixin.py:150} INFO - [2025-03-24T20:16:48.047+0000] {dag.py:3504} INFO - Setting next_dagrun for example_external_task_marker_parent to None, run_after=None
[2025-03-24T20:16:48.061+0000] {processor.py:179} INFO - Processing /home/vscode/.local/lib/python3.10/site-packages/airflow/example_dags/example_external_task_marker_dag.py took 0.052 seconds
[2025-03-24T20:17:35.177+0000] {processor.py:157} INFO - Started process (PID=27137) to work on /home/vscode/.local/lib/python3.10/site-packages/airflow/example_dags/example_external_task_marker_dag.py
[2025-03-24T20:17:35.178+0000] {processor.py:826} INFO - Processing file /home/vscode/.local/lib/python3.10/site-packages/airflow/example_dags/example_external_task_marker_dag.py for tasks to queue
[2025-03-24T20:17:35.178+0000] {logging_mixin.py:150} INFO - [2025-03-24T20:17:35.178+0000] {dagbag.py:541} INFO - Filling up the DagBag from /home/vscode/.local/lib/python3.10/site-packages/airflow/example_dags/example_external_task_marker_dag.py
[2025-03-24T20:17:35.183+0000] {processor.py:836} INFO - DAG(s) dict_keys(['example_external_task_marker_child', 'example_external_task_marker_parent']) retrieved from /home/vscode/.local/lib/python3.10/site-packages/airflow/example_dags/example_external_task_marker_dag.py
[2025-03-24T20:17:35.198+0000] {logging_mixin.py:150} INFO - [2025-03-24T20:17:35.198+0000] {dag.py:2742} INFO - Sync 2 DAGs
[2025-03-24T20:17:35.212+0000] {logging_mixin.py:150} INFO - [2025-03-24T20:17:35.212+0000] {dag.py:3504} INFO - Setting next_dagrun for example_external_task_marker_child to None, run_after=None
[2025-03-24T20:17:35.214+0000] {logging_mixin.py:150} INFO - [2025-03-24T20:17:35.214+0000] {dag.py:3504} INFO - Setting next_dagrun for example_external_task_marker_parent to None, run_after=None
[2025-03-24T20:17:35.228+0000] {processor.py:179} INFO - Processing /home/vscode/.local/lib/python3.10/site-packages/airflow/example_dags/example_external_task_marker_dag.py took 0.053 seconds
[2025-03-24T20:18:19.588+0000] {processor.py:157} INFO - Started process (PID=27436) to work on /home/vscode/.local/lib/python3.10/site-packages/airflow/example_dags/example_external_task_marker_dag.py
[2025-03-24T20:18:19.589+0000] {processor.py:826} INFO - Processing file /home/vscode/.local/lib/python3.10/site-packages/airflow/example_dags/example_external_task_marker_dag.py for tasks to queue
[2025-03-24T20:18:19.589+0000] {logging_mixin.py:150} INFO - [2025-03-24T20:18:19.589+0000] {dagbag.py:541} INFO - Filling up the DagBag from /home/vscode/.local/lib/python3.10/site-packages/airflow/example_dags/example_external_task_marker_dag.py
[2025-03-24T20:18:19.594+0000] {processor.py:836} INFO - DAG(s) dict_keys(['example_external_task_marker_child', 'example_external_task_marker_parent']) retrieved from /home/vscode/.local/lib/python3.10/site-packages/airflow/example_dags/example_external_task_marker_dag.py
[2025-03-24T20:18:19.607+0000] {logging_mixin.py:150} INFO - [2025-03-24T20:18:19.607+0000] {dag.py:2742} INFO - Sync 2 DAGs
[2025-03-24T20:18:19.621+0000] {logging_mixin.py:150} INFO - [2025-03-24T20:18:19.621+0000] {dag.py:3504} INFO - Setting next_dagrun for example_external_task_marker_child to None, run_after=None
[2025-03-24T20:18:19.624+0000] {logging_mixin.py:150} INFO - [2025-03-24T20:18:19.624+0000] {dag.py:3504} INFO - Setting next_dagrun for example_external_task_marker_parent to None, run_after=None
[2025-03-24T20:18:19.638+0000] {processor.py:179} INFO - Processing /home/vscode/.local/lib/python3.10/site-packages/airflow/example_dags/example_external_task_marker_dag.py took 0.052 seconds
[2025-03-24T20:19:01.466+0000] {processor.py:157} INFO - Started process (PID=27714) to work on /home/vscode/.local/lib/python3.10/site-packages/airflow/example_dags/example_external_task_marker_dag.py
[2025-03-24T20:19:01.467+0000] {processor.py:826} INFO - Processing file /home/vscode/.local/lib/python3.10/site-packages/airflow/example_dags/example_external_task_marker_dag.py for tasks to queue
[2025-03-24T20:19:01.468+0000] {logging_mixin.py:150} INFO - [2025-03-24T20:19:01.467+0000] {dagbag.py:541} INFO - Filling up the DagBag from /home/vscode/.local/lib/python3.10/site-packages/airflow/example_dags/example_external_task_marker_dag.py
[2025-03-24T20:19:01.472+0000] {processor.py:836} INFO - DAG(s) dict_keys(['example_external_task_marker_parent', 'example_external_task_marker_child']) retrieved from /home/vscode/.local/lib/python3.10/site-packages/airflow/example_dags/example_external_task_marker_dag.py
[2025-03-24T20:19:01.485+0000] {logging_mixin.py:150} INFO - [2025-03-24T20:19:01.485+0000] {dag.py:2742} INFO - Sync 2 DAGs
[2025-03-24T20:19:01.499+0000] {logging_mixin.py:150} INFO - [2025-03-24T20:19:01.498+0000] {dag.py:3504} INFO - Setting next_dagrun for example_external_task_marker_child to None, run_after=None
[2025-03-24T20:19:01.501+0000] {logging_mixin.py:150} INFO - [2025-03-24T20:19:01.501+0000] {dag.py:3504} INFO - Setting next_dagrun for example_external_task_marker_parent to None, run_after=None
[2025-03-24T20:19:01.515+0000] {processor.py:179} INFO - Processing /home/vscode/.local/lib/python3.10/site-packages/airflow/example_dags/example_external_task_marker_dag.py took 0.051 seconds
[2025-03-24T20:19:47.562+0000] {processor.py:157} INFO - Started process (PID=28039) to work on /home/vscode/.local/lib/python3.10/site-packages/airflow/example_dags/example_external_task_marker_dag.py
[2025-03-24T20:19:47.562+0000] {processor.py:826} INFO - Processing file /home/vscode/.local/lib/python3.10/site-packages/airflow/example_dags/example_external_task_marker_dag.py for tasks to queue
[2025-03-24T20:19:47.563+0000] {logging_mixin.py:150} INFO - [2025-03-24T20:19:47.563+0000] {dagbag.py:541} INFO - Filling up the DagBag from /home/vscode/.local/lib/python3.10/site-packages/airflow/example_dags/example_external_task_marker_dag.py
[2025-03-24T20:19:47.567+0000] {processor.py:836} INFO - DAG(s) dict_keys(['example_external_task_marker_parent', 'example_external_task_marker_child']) retrieved from /home/vscode/.local/lib/python3.10/site-packages/airflow/example_dags/example_external_task_marker_dag.py
[2025-03-24T20:19:47.581+0000] {logging_mixin.py:150} INFO - [2025-03-24T20:19:47.581+0000] {dag.py:2742} INFO - Sync 2 DAGs
[2025-03-24T20:19:47.594+0000] {logging_mixin.py:150} INFO - [2025-03-24T20:19:47.594+0000] {dag.py:3504} INFO - Setting next_dagrun for example_external_task_marker_child to None, run_after=None
[2025-03-24T20:19:47.597+0000] {logging_mixin.py:150} INFO - [2025-03-24T20:19:47.597+0000] {dag.py:3504} INFO - Setting next_dagrun for example_external_task_marker_parent to None, run_after=None
[2025-03-24T20:19:47.611+0000] {processor.py:179} INFO - Processing /home/vscode/.local/lib/python3.10/site-packages/airflow/example_dags/example_external_task_marker_dag.py took 0.052 seconds
[2025-03-24T20:20:35.049+0000] {processor.py:157} INFO - Started process (PID=28383) to work on /home/vscode/.local/lib/python3.10/site-packages/airflow/example_dags/example_external_task_marker_dag.py
[2025-03-24T20:20:35.049+0000] {processor.py:826} INFO - Processing file /home/vscode/.local/lib/python3.10/site-packages/airflow/example_dags/example_external_task_marker_dag.py for tasks to queue
[2025-03-24T20:20:35.050+0000] {logging_mixin.py:150} INFO - [2025-03-24T20:20:35.050+0000] {dagbag.py:541} INFO - Filling up the DagBag from /home/vscode/.local/lib/python3.10/site-packages/airflow/example_dags/example_external_task_marker_dag.py
[2025-03-24T20:20:35.054+0000] {processor.py:836} INFO - DAG(s) dict_keys(['example_external_task_marker_child', 'example_external_task_marker_parent']) retrieved from /home/vscode/.local/lib/python3.10/site-packages/airflow/example_dags/example_external_task_marker_dag.py
[2025-03-24T20:20:35.068+0000] {logging_mixin.py:150} INFO - [2025-03-24T20:20:35.068+0000] {dag.py:2742} INFO - Sync 2 DAGs
[2025-03-24T20:20:35.082+0000] {logging_mixin.py:150} INFO - [2025-03-24T20:20:35.082+0000] {dag.py:3504} INFO - Setting next_dagrun for example_external_task_marker_child to None, run_after=None
[2025-03-24T20:20:35.084+0000] {logging_mixin.py:150} INFO - [2025-03-24T20:20:35.084+0000] {dag.py:3504} INFO - Setting next_dagrun for example_external_task_marker_parent to None, run_after=None
[2025-03-24T20:20:35.100+0000] {processor.py:179} INFO - Processing /home/vscode/.local/lib/python3.10/site-packages/airflow/example_dags/example_external_task_marker_dag.py took 0.053 seconds
[2025-03-24T20:21:22.714+0000] {processor.py:157} INFO - Started process (PID=28751) to work on /home/vscode/.local/lib/python3.10/site-packages/airflow/example_dags/example_external_task_marker_dag.py
[2025-03-24T20:21:22.715+0000] {processor.py:826} INFO - Processing file /home/vscode/.local/lib/python3.10/site-packages/airflow/example_dags/example_external_task_marker_dag.py for tasks to queue
[2025-03-24T20:21:22.715+0000] {logging_mixin.py:150} INFO - [2025-03-24T20:21:22.715+0000] {dagbag.py:541} INFO - Filling up the DagBag from /home/vscode/.local/lib/python3.10/site-packages/airflow/example_dags/example_external_task_marker_dag.py
[2025-03-24T20:21:22.720+0000] {processor.py:836} INFO - DAG(s) dict_keys(['example_external_task_marker_parent', 'example_external_task_marker_child']) retrieved from /home/vscode/.local/lib/python3.10/site-packages/airflow/example_dags/example_external_task_marker_dag.py
[2025-03-24T20:21:22.735+0000] {logging_mixin.py:150} INFO - [2025-03-24T20:21:22.735+0000] {dag.py:2742} INFO - Sync 2 DAGs
[2025-03-24T20:21:22.750+0000] {logging_mixin.py:150} INFO - [2025-03-24T20:21:22.750+0000] {dag.py:3504} INFO - Setting next_dagrun for example_external_task_marker_child to None, run_after=None
[2025-03-24T20:21:22.753+0000] {logging_mixin.py:150} INFO - [2025-03-24T20:21:22.753+0000] {dag.py:3504} INFO - Setting next_dagrun for example_external_task_marker_parent to None, run_after=None
[2025-03-24T20:21:22.774+0000] {processor.py:179} INFO - Processing /home/vscode/.local/lib/python3.10/site-packages/airflow/example_dags/example_external_task_marker_dag.py took 0.063 seconds
[2025-03-24T20:22:10.139+0000] {processor.py:157} INFO - Started process (PID=29094) to work on /home/vscode/.local/lib/python3.10/site-packages/airflow/example_dags/example_external_task_marker_dag.py
[2025-03-24T20:22:10.139+0000] {processor.py:826} INFO - Processing file /home/vscode/.local/lib/python3.10/site-packages/airflow/example_dags/example_external_task_marker_dag.py for tasks to queue
[2025-03-24T20:22:10.140+0000] {logging_mixin.py:150} INFO - [2025-03-24T20:22:10.140+0000] {dagbag.py:541} INFO - Filling up the DagBag from /home/vscode/.local/lib/python3.10/site-packages/airflow/example_dags/example_external_task_marker_dag.py
[2025-03-24T20:22:10.145+0000] {processor.py:836} INFO - DAG(s) dict_keys(['example_external_task_marker_parent', 'example_external_task_marker_child']) retrieved from /home/vscode/.local/lib/python3.10/site-packages/airflow/example_dags/example_external_task_marker_dag.py
[2025-03-24T20:22:10.165+0000] {logging_mixin.py:150} INFO - [2025-03-24T20:22:10.165+0000] {dag.py:2742} INFO - Sync 2 DAGs
[2025-03-24T20:22:10.186+0000] {logging_mixin.py:150} INFO - [2025-03-24T20:22:10.186+0000] {dag.py:3504} INFO - Setting next_dagrun for example_external_task_marker_child to None, run_after=None
[2025-03-24T20:22:10.189+0000] {logging_mixin.py:150} INFO - [2025-03-24T20:22:10.189+0000] {dag.py:3504} INFO - Setting next_dagrun for example_external_task_marker_parent to None, run_after=None
[2025-03-24T20:22:10.221+0000] {processor.py:179} INFO - Processing /home/vscode/.local/lib/python3.10/site-packages/airflow/example_dags/example_external_task_marker_dag.py took 0.085 seconds
[2025-03-24T20:22:52.547+0000] {processor.py:157} INFO - Started process (PID=29424) to work on /home/vscode/.local/lib/python3.10/site-packages/airflow/example_dags/example_external_task_marker_dag.py
[2025-03-24T20:22:52.548+0000] {processor.py:826} INFO - Processing file /home/vscode/.local/lib/python3.10/site-packages/airflow/example_dags/example_external_task_marker_dag.py for tasks to queue
[2025-03-24T20:22:52.550+0000] {logging_mixin.py:150} INFO - [2025-03-24T20:22:52.550+0000] {dagbag.py:541} INFO - Filling up the DagBag from /home/vscode/.local/lib/python3.10/site-packages/airflow/example_dags/example_external_task_marker_dag.py
[2025-03-24T20:22:52.554+0000] {processor.py:836} INFO - DAG(s) dict_keys(['example_external_task_marker_parent', 'example_external_task_marker_child']) retrieved from /home/vscode/.local/lib/python3.10/site-packages/airflow/example_dags/example_external_task_marker_dag.py
[2025-03-24T20:22:52.568+0000] {logging_mixin.py:150} INFO - [2025-03-24T20:22:52.568+0000] {dag.py:2742} INFO - Sync 2 DAGs
[2025-03-24T20:22:52.582+0000] {logging_mixin.py:150} INFO - [2025-03-24T20:22:52.581+0000] {dag.py:3504} INFO - Setting next_dagrun for example_external_task_marker_child to None, run_after=None
[2025-03-24T20:22:52.584+0000] {logging_mixin.py:150} INFO - [2025-03-24T20:22:52.584+0000] {dag.py:3504} INFO - Setting next_dagrun for example_external_task_marker_parent to None, run_after=None
[2025-03-24T20:22:52.597+0000] {processor.py:179} INFO - Processing /home/vscode/.local/lib/python3.10/site-packages/airflow/example_dags/example_external_task_marker_dag.py took 0.053 seconds
[2025-03-24T20:23:38.993+0000] {processor.py:157} INFO - Started process (PID=29813) to work on /home/vscode/.local/lib/python3.10/site-packages/airflow/example_dags/example_external_task_marker_dag.py
[2025-03-24T20:23:38.994+0000] {processor.py:826} INFO - Processing file /home/vscode/.local/lib/python3.10/site-packages/airflow/example_dags/example_external_task_marker_dag.py for tasks to queue
[2025-03-24T20:23:38.995+0000] {logging_mixin.py:150} INFO - [2025-03-24T20:23:38.994+0000] {dagbag.py:541} INFO - Filling up the DagBag from /home/vscode/.local/lib/python3.10/site-packages/airflow/example_dags/example_external_task_marker_dag.py
[2025-03-24T20:23:38.999+0000] {processor.py:836} INFO - DAG(s) dict_keys(['example_external_task_marker_parent', 'example_external_task_marker_child']) retrieved from /home/vscode/.local/lib/python3.10/site-packages/airflow/example_dags/example_external_task_marker_dag.py
[2025-03-24T20:23:39.012+0000] {logging_mixin.py:150} INFO - [2025-03-24T20:23:39.012+0000] {dag.py:2742} INFO - Sync 2 DAGs
[2025-03-24T20:23:39.026+0000] {logging_mixin.py:150} INFO - [2025-03-24T20:23:39.026+0000] {dag.py:3504} INFO - Setting next_dagrun for example_external_task_marker_child to None, run_after=None
[2025-03-24T20:23:39.029+0000] {logging_mixin.py:150} INFO - [2025-03-24T20:23:39.028+0000] {dag.py:3504} INFO - Setting next_dagrun for example_external_task_marker_parent to None, run_after=None
[2025-03-24T20:23:39.042+0000] {processor.py:179} INFO - Processing /home/vscode/.local/lib/python3.10/site-packages/airflow/example_dags/example_external_task_marker_dag.py took 0.051 seconds
[2025-03-24T20:24:23.160+0000] {processor.py:157} INFO - Started process (PID=30147) to work on /home/vscode/.local/lib/python3.10/site-packages/airflow/example_dags/example_external_task_marker_dag.py
[2025-03-24T20:24:23.161+0000] {processor.py:826} INFO - Processing file /home/vscode/.local/lib/python3.10/site-packages/airflow/example_dags/example_external_task_marker_dag.py for tasks to queue
[2025-03-24T20:24:23.161+0000] {logging_mixin.py:150} INFO - [2025-03-24T20:24:23.161+0000] {dagbag.py:541} INFO - Filling up the DagBag from /home/vscode/.local/lib/python3.10/site-packages/airflow/example_dags/example_external_task_marker_dag.py
[2025-03-24T20:24:23.166+0000] {processor.py:836} INFO - DAG(s) dict_keys(['example_external_task_marker_child', 'example_external_task_marker_parent']) retrieved from /home/vscode/.local/lib/python3.10/site-packages/airflow/example_dags/example_external_task_marker_dag.py
[2025-03-24T20:24:23.179+0000] {logging_mixin.py:150} INFO - [2025-03-24T20:24:23.179+0000] {dag.py:2742} INFO - Sync 2 DAGs
[2025-03-24T20:24:23.193+0000] {logging_mixin.py:150} INFO - [2025-03-24T20:24:23.192+0000] {dag.py:3504} INFO - Setting next_dagrun for example_external_task_marker_child to None, run_after=None
[2025-03-24T20:24:23.195+0000] {logging_mixin.py:150} INFO - [2025-03-24T20:24:23.195+0000] {dag.py:3504} INFO - Setting next_dagrun for example_external_task_marker_parent to None, run_after=None
[2025-03-24T20:24:23.208+0000] {processor.py:179} INFO - Processing /home/vscode/.local/lib/python3.10/site-packages/airflow/example_dags/example_external_task_marker_dag.py took 0.050 seconds
[2025-03-24T20:25:06.130+0000] {processor.py:157} INFO - Started process (PID=30463) to work on /home/vscode/.local/lib/python3.10/site-packages/airflow/example_dags/example_external_task_marker_dag.py
[2025-03-24T20:25:06.131+0000] {processor.py:826} INFO - Processing file /home/vscode/.local/lib/python3.10/site-packages/airflow/example_dags/example_external_task_marker_dag.py for tasks to queue
[2025-03-24T20:25:06.132+0000] {logging_mixin.py:150} INFO - [2025-03-24T20:25:06.131+0000] {dagbag.py:541} INFO - Filling up the DagBag from /home/vscode/.local/lib/python3.10/site-packages/airflow/example_dags/example_external_task_marker_dag.py
[2025-03-24T20:25:06.136+0000] {processor.py:836} INFO - DAG(s) dict_keys(['example_external_task_marker_child', 'example_external_task_marker_parent']) retrieved from /home/vscode/.local/lib/python3.10/site-packages/airflow/example_dags/example_external_task_marker_dag.py
[2025-03-24T20:25:06.149+0000] {logging_mixin.py:150} INFO - [2025-03-24T20:25:06.149+0000] {dag.py:2742} INFO - Sync 2 DAGs
[2025-03-24T20:25:06.163+0000] {logging_mixin.py:150} INFO - [2025-03-24T20:25:06.163+0000] {dag.py:3504} INFO - Setting next_dagrun for example_external_task_marker_child to None, run_after=None
[2025-03-24T20:25:06.165+0000] {logging_mixin.py:150} INFO - [2025-03-24T20:25:06.165+0000] {dag.py:3504} INFO - Setting next_dagrun for example_external_task_marker_parent to None, run_after=None
[2025-03-24T20:25:06.179+0000] {processor.py:179} INFO - Processing /home/vscode/.local/lib/python3.10/site-packages/airflow/example_dags/example_external_task_marker_dag.py took 0.050 seconds
[2025-03-24T20:25:49.550+0000] {processor.py:157} INFO - Started process (PID=30800) to work on /home/vscode/.local/lib/python3.10/site-packages/airflow/example_dags/example_external_task_marker_dag.py
[2025-03-24T20:25:49.550+0000] {processor.py:826} INFO - Processing file /home/vscode/.local/lib/python3.10/site-packages/airflow/example_dags/example_external_task_marker_dag.py for tasks to queue
[2025-03-24T20:25:49.551+0000] {logging_mixin.py:150} INFO - [2025-03-24T20:25:49.551+0000] {dagbag.py:541} INFO - Filling up the DagBag from /home/vscode/.local/lib/python3.10/site-packages/airflow/example_dags/example_external_task_marker_dag.py
[2025-03-24T20:25:49.555+0000] {processor.py:836} INFO - DAG(s) dict_keys(['example_external_task_marker_parent', 'example_external_task_marker_child']) retrieved from /home/vscode/.local/lib/python3.10/site-packages/airflow/example_dags/example_external_task_marker_dag.py
[2025-03-24T20:25:49.568+0000] {logging_mixin.py:150} INFO - [2025-03-24T20:25:49.568+0000] {dag.py:2742} INFO - Sync 2 DAGs
[2025-03-24T20:25:49.583+0000] {logging_mixin.py:150} INFO - [2025-03-24T20:25:49.583+0000] {dag.py:3504} INFO - Setting next_dagrun for example_external_task_marker_child to None, run_after=None
[2025-03-24T20:25:49.585+0000] {logging_mixin.py:150} INFO - [2025-03-24T20:25:49.585+0000] {dag.py:3504} INFO - Setting next_dagrun for example_external_task_marker_parent to None, run_after=None
[2025-03-24T20:25:49.600+0000] {processor.py:179} INFO - Processing /home/vscode/.local/lib/python3.10/site-packages/airflow/example_dags/example_external_task_marker_dag.py took 0.052 seconds
[2025-03-24T20:26:35.820+0000] {processor.py:157} INFO - Started process (PID=31153) to work on /home/vscode/.local/lib/python3.10/site-packages/airflow/example_dags/example_external_task_marker_dag.py
[2025-03-24T20:26:35.820+0000] {processor.py:826} INFO - Processing file /home/vscode/.local/lib/python3.10/site-packages/airflow/example_dags/example_external_task_marker_dag.py for tasks to queue
[2025-03-24T20:26:35.821+0000] {logging_mixin.py:150} INFO - [2025-03-24T20:26:35.821+0000] {dagbag.py:541} INFO - Filling up the DagBag from /home/vscode/.local/lib/python3.10/site-packages/airflow/example_dags/example_external_task_marker_dag.py
[2025-03-24T20:26:35.825+0000] {processor.py:836} INFO - DAG(s) dict_keys(['example_external_task_marker_child', 'example_external_task_marker_parent']) retrieved from /home/vscode/.local/lib/python3.10/site-packages/airflow/example_dags/example_external_task_marker_dag.py
[2025-03-24T20:26:35.839+0000] {logging_mixin.py:150} INFO - [2025-03-24T20:26:35.838+0000] {dag.py:2742} INFO - Sync 2 DAGs
[2025-03-24T20:26:35.852+0000] {logging_mixin.py:150} INFO - [2025-03-24T20:26:35.852+0000] {dag.py:3504} INFO - Setting next_dagrun for example_external_task_marker_child to None, run_after=None
[2025-03-24T20:26:35.854+0000] {logging_mixin.py:150} INFO - [2025-03-24T20:26:35.854+0000] {dag.py:3504} INFO - Setting next_dagrun for example_external_task_marker_parent to None, run_after=None
[2025-03-24T20:26:35.868+0000] {processor.py:179} INFO - Processing /home/vscode/.local/lib/python3.10/site-packages/airflow/example_dags/example_external_task_marker_dag.py took 0.050 seconds
[2025-03-24T20:27:20.721+0000] {processor.py:157} INFO - Started process (PID=31563) to work on /home/vscode/.local/lib/python3.10/site-packages/airflow/example_dags/example_external_task_marker_dag.py
[2025-03-24T20:27:20.722+0000] {processor.py:826} INFO - Processing file /home/vscode/.local/lib/python3.10/site-packages/airflow/example_dags/example_external_task_marker_dag.py for tasks to queue
[2025-03-24T20:27:20.722+0000] {logging_mixin.py:150} INFO - [2025-03-24T20:27:20.722+0000] {dagbag.py:541} INFO - Filling up the DagBag from /home/vscode/.local/lib/python3.10/site-packages/airflow/example_dags/example_external_task_marker_dag.py
[2025-03-24T20:27:20.727+0000] {processor.py:836} INFO - DAG(s) dict_keys(['example_external_task_marker_child', 'example_external_task_marker_parent']) retrieved from /home/vscode/.local/lib/python3.10/site-packages/airflow/example_dags/example_external_task_marker_dag.py
[2025-03-24T20:27:20.741+0000] {logging_mixin.py:150} INFO - [2025-03-24T20:27:20.741+0000] {dag.py:2742} INFO - Sync 2 DAGs
[2025-03-24T20:27:20.755+0000] {logging_mixin.py:150} INFO - [2025-03-24T20:27:20.755+0000] {dag.py:3504} INFO - Setting next_dagrun for example_external_task_marker_child to None, run_after=None
[2025-03-24T20:27:20.757+0000] {logging_mixin.py:150} INFO - [2025-03-24T20:27:20.757+0000] {dag.py:3504} INFO - Setting next_dagrun for example_external_task_marker_parent to None, run_after=None
[2025-03-24T20:27:20.771+0000] {processor.py:179} INFO - Processing /home/vscode/.local/lib/python3.10/site-packages/airflow/example_dags/example_external_task_marker_dag.py took 0.052 seconds
[2025-03-24T20:28:04.739+0000] {processor.py:157} INFO - Started process (PID=31937) to work on /home/vscode/.local/lib/python3.10/site-packages/airflow/example_dags/example_external_task_marker_dag.py
[2025-03-24T20:28:04.739+0000] {processor.py:826} INFO - Processing file /home/vscode/.local/lib/python3.10/site-packages/airflow/example_dags/example_external_task_marker_dag.py for tasks to queue
[2025-03-24T20:28:04.740+0000] {logging_mixin.py:150} INFO - [2025-03-24T20:28:04.740+0000] {dagbag.py:541} INFO - Filling up the DagBag from /home/vscode/.local/lib/python3.10/site-packages/airflow/example_dags/example_external_task_marker_dag.py
[2025-03-24T20:28:04.744+0000] {processor.py:836} INFO - DAG(s) dict_keys(['example_external_task_marker_parent', 'example_external_task_marker_child']) retrieved from /home/vscode/.local/lib/python3.10/site-packages/airflow/example_dags/example_external_task_marker_dag.py
[2025-03-24T20:28:04.760+0000] {logging_mixin.py:150} INFO - [2025-03-24T20:28:04.760+0000] {dag.py:2742} INFO - Sync 2 DAGs
[2025-03-24T20:28:04.777+0000] {logging_mixin.py:150} INFO - [2025-03-24T20:28:04.776+0000] {dag.py:3504} INFO - Setting next_dagrun for example_external_task_marker_child to None, run_after=None
[2025-03-24T20:28:04.779+0000] {logging_mixin.py:150} INFO - [2025-03-24T20:28:04.779+0000] {dag.py:3504} INFO - Setting next_dagrun for example_external_task_marker_parent to None, run_after=None
[2025-03-24T20:28:04.793+0000] {processor.py:179} INFO - Processing /home/vscode/.local/lib/python3.10/site-packages/airflow/example_dags/example_external_task_marker_dag.py took 0.056 seconds
[2025-03-24T20:28:49.295+0000] {processor.py:157} INFO - Started process (PID=32258) to work on /home/vscode/.local/lib/python3.10/site-packages/airflow/example_dags/example_external_task_marker_dag.py
[2025-03-24T20:28:49.295+0000] {processor.py:826} INFO - Processing file /home/vscode/.local/lib/python3.10/site-packages/airflow/example_dags/example_external_task_marker_dag.py for tasks to queue
[2025-03-24T20:28:49.296+0000] {logging_mixin.py:150} INFO - [2025-03-24T20:28:49.295+0000] {dagbag.py:541} INFO - Filling up the DagBag from /home/vscode/.local/lib/python3.10/site-packages/airflow/example_dags/example_external_task_marker_dag.py
[2025-03-24T20:28:49.300+0000] {processor.py:836} INFO - DAG(s) dict_keys(['example_external_task_marker_parent', 'example_external_task_marker_child']) retrieved from /home/vscode/.local/lib/python3.10/site-packages/airflow/example_dags/example_external_task_marker_dag.py
[2025-03-24T20:28:49.313+0000] {logging_mixin.py:150} INFO - [2025-03-24T20:28:49.313+0000] {dag.py:2742} INFO - Sync 2 DAGs
[2025-03-24T20:28:49.327+0000] {logging_mixin.py:150} INFO - [2025-03-24T20:28:49.327+0000] {dag.py:3504} INFO - Setting next_dagrun for example_external_task_marker_child to None, run_after=None
[2025-03-24T20:28:49.329+0000] {logging_mixin.py:150} INFO - [2025-03-24T20:28:49.329+0000] {dag.py:3504} INFO - Setting next_dagrun for example_external_task_marker_parent to None, run_after=None
[2025-03-24T20:28:49.343+0000] {processor.py:179} INFO - Processing /home/vscode/.local/lib/python3.10/site-packages/airflow/example_dags/example_external_task_marker_dag.py took 0.050 seconds
[2025-03-24T20:29:34.919+0000] {processor.py:157} INFO - Started process (PID=32577) to work on /home/vscode/.local/lib/python3.10/site-packages/airflow/example_dags/example_external_task_marker_dag.py
[2025-03-24T20:29:34.919+0000] {processor.py:826} INFO - Processing file /home/vscode/.local/lib/python3.10/site-packages/airflow/example_dags/example_external_task_marker_dag.py for tasks to queue
[2025-03-24T20:29:34.920+0000] {logging_mixin.py:150} INFO - [2025-03-24T20:29:34.920+0000] {dagbag.py:541} INFO - Filling up the DagBag from /home/vscode/.local/lib/python3.10/site-packages/airflow/example_dags/example_external_task_marker_dag.py
[2025-03-24T20:29:34.924+0000] {processor.py:836} INFO - DAG(s) dict_keys(['example_external_task_marker_parent', 'example_external_task_marker_child']) retrieved from /home/vscode/.local/lib/python3.10/site-packages/airflow/example_dags/example_external_task_marker_dag.py
[2025-03-24T20:29:34.942+0000] {logging_mixin.py:150} INFO - [2025-03-24T20:29:34.942+0000] {dag.py:2742} INFO - Sync 2 DAGs
[2025-03-24T20:29:34.962+0000] {logging_mixin.py:150} INFO - [2025-03-24T20:29:34.962+0000] {dag.py:3504} INFO - Setting next_dagrun for example_external_task_marker_child to None, run_after=None
[2025-03-24T20:29:34.965+0000] {logging_mixin.py:150} INFO - [2025-03-24T20:29:34.965+0000] {dag.py:3504} INFO - Setting next_dagrun for example_external_task_marker_parent to None, run_after=None
[2025-03-24T20:29:35.003+0000] {processor.py:179} INFO - Processing /home/vscode/.local/lib/python3.10/site-packages/airflow/example_dags/example_external_task_marker_dag.py took 0.087 seconds
[2025-03-24T20:30:18.205+0000] {processor.py:157} INFO - Started process (PID=32878) to work on /home/vscode/.local/lib/python3.10/site-packages/airflow/example_dags/example_external_task_marker_dag.py
[2025-03-24T20:30:18.206+0000] {processor.py:826} INFO - Processing file /home/vscode/.local/lib/python3.10/site-packages/airflow/example_dags/example_external_task_marker_dag.py for tasks to queue
[2025-03-24T20:30:18.207+0000] {logging_mixin.py:150} INFO - [2025-03-24T20:30:18.206+0000] {dagbag.py:541} INFO - Filling up the DagBag from /home/vscode/.local/lib/python3.10/site-packages/airflow/example_dags/example_external_task_marker_dag.py
[2025-03-24T20:30:18.211+0000] {processor.py:836} INFO - DAG(s) dict_keys(['example_external_task_marker_parent', 'example_external_task_marker_child']) retrieved from /home/vscode/.local/lib/python3.10/site-packages/airflow/example_dags/example_external_task_marker_dag.py
[2025-03-24T20:30:18.224+0000] {logging_mixin.py:150} INFO - [2025-03-24T20:30:18.224+0000] {dag.py:2742} INFO - Sync 2 DAGs
[2025-03-24T20:30:18.238+0000] {logging_mixin.py:150} INFO - [2025-03-24T20:30:18.238+0000] {dag.py:3504} INFO - Setting next_dagrun for example_external_task_marker_child to None, run_after=None
[2025-03-24T20:30:18.240+0000] {logging_mixin.py:150} INFO - [2025-03-24T20:30:18.240+0000] {dag.py:3504} INFO - Setting next_dagrun for example_external_task_marker_parent to None, run_after=None
[2025-03-24T20:30:18.253+0000] {processor.py:179} INFO - Processing /home/vscode/.local/lib/python3.10/site-packages/airflow/example_dags/example_external_task_marker_dag.py took 0.050 seconds
[2025-03-24T20:31:00.969+0000] {processor.py:157} INFO - Started process (PID=33166) to work on /home/vscode/.local/lib/python3.10/site-packages/airflow/example_dags/example_external_task_marker_dag.py
[2025-03-24T20:31:00.970+0000] {processor.py:826} INFO - Processing file /home/vscode/.local/lib/python3.10/site-packages/airflow/example_dags/example_external_task_marker_dag.py for tasks to queue
[2025-03-24T20:31:00.970+0000] {logging_mixin.py:150} INFO - [2025-03-24T20:31:00.970+0000] {dagbag.py:541} INFO - Filling up the DagBag from /home/vscode/.local/lib/python3.10/site-packages/airflow/example_dags/example_external_task_marker_dag.py
[2025-03-24T20:31:00.975+0000] {processor.py:836} INFO - DAG(s) dict_keys(['example_external_task_marker_child', 'example_external_task_marker_parent']) retrieved from /home/vscode/.local/lib/python3.10/site-packages/airflow/example_dags/example_external_task_marker_dag.py
[2025-03-24T20:31:00.989+0000] {logging_mixin.py:150} INFO - [2025-03-24T20:31:00.988+0000] {dag.py:2742} INFO - Sync 2 DAGs
[2025-03-24T20:31:01.003+0000] {logging_mixin.py:150} INFO - [2025-03-24T20:31:01.002+0000] {dag.py:3504} INFO - Setting next_dagrun for example_external_task_marker_child to None, run_after=None
[2025-03-24T20:31:01.005+0000] {logging_mixin.py:150} INFO - [2025-03-24T20:31:01.005+0000] {dag.py:3504} INFO - Setting next_dagrun for example_external_task_marker_parent to None, run_after=None
[2025-03-24T20:31:01.018+0000] {processor.py:179} INFO - Processing /home/vscode/.local/lib/python3.10/site-packages/airflow/example_dags/example_external_task_marker_dag.py took 0.051 seconds
[2025-03-24T20:31:45.016+0000] {processor.py:157} INFO - Started process (PID=33459) to work on /home/vscode/.local/lib/python3.10/site-packages/airflow/example_dags/example_external_task_marker_dag.py
[2025-03-24T20:31:45.016+0000] {processor.py:826} INFO - Processing file /home/vscode/.local/lib/python3.10/site-packages/airflow/example_dags/example_external_task_marker_dag.py for tasks to queue
[2025-03-24T20:31:45.017+0000] {logging_mixin.py:150} INFO - [2025-03-24T20:31:45.017+0000] {dagbag.py:541} INFO - Filling up the DagBag from /home/vscode/.local/lib/python3.10/site-packages/airflow/example_dags/example_external_task_marker_dag.py
[2025-03-24T20:31:45.022+0000] {processor.py:836} INFO - DAG(s) dict_keys(['example_external_task_marker_parent', 'example_external_task_marker_child']) retrieved from /home/vscode/.local/lib/python3.10/site-packages/airflow/example_dags/example_external_task_marker_dag.py
[2025-03-24T20:31:45.036+0000] {logging_mixin.py:150} INFO - [2025-03-24T20:31:45.036+0000] {dag.py:2742} INFO - Sync 2 DAGs
[2025-03-24T20:31:45.050+0000] {logging_mixin.py:150} INFO - [2025-03-24T20:31:45.050+0000] {dag.py:3504} INFO - Setting next_dagrun for example_external_task_marker_child to None, run_after=None
[2025-03-24T20:31:45.052+0000] {logging_mixin.py:150} INFO - [2025-03-24T20:31:45.052+0000] {dag.py:3504} INFO - Setting next_dagrun for example_external_task_marker_parent to None, run_after=None
[2025-03-24T20:31:45.067+0000] {processor.py:179} INFO - Processing /home/vscode/.local/lib/python3.10/site-packages/airflow/example_dags/example_external_task_marker_dag.py took 0.053 seconds
[2025-03-24T20:32:25.853+0000] {processor.py:157} INFO - Started process (PID=33735) to work on /home/vscode/.local/lib/python3.10/site-packages/airflow/example_dags/example_external_task_marker_dag.py
[2025-03-24T20:32:25.854+0000] {processor.py:826} INFO - Processing file /home/vscode/.local/lib/python3.10/site-packages/airflow/example_dags/example_external_task_marker_dag.py for tasks to queue
[2025-03-24T20:32:25.855+0000] {logging_mixin.py:150} INFO - [2025-03-24T20:32:25.854+0000] {dagbag.py:541} INFO - Filling up the DagBag from /home/vscode/.local/lib/python3.10/site-packages/airflow/example_dags/example_external_task_marker_dag.py
[2025-03-24T20:32:25.859+0000] {processor.py:836} INFO - DAG(s) dict_keys(['example_external_task_marker_parent', 'example_external_task_marker_child']) retrieved from /home/vscode/.local/lib/python3.10/site-packages/airflow/example_dags/example_external_task_marker_dag.py
[2025-03-24T20:32:25.874+0000] {logging_mixin.py:150} INFO - [2025-03-24T20:32:25.873+0000] {dag.py:2742} INFO - Sync 2 DAGs
[2025-03-24T20:32:25.887+0000] {logging_mixin.py:150} INFO - [2025-03-24T20:32:25.887+0000] {dag.py:3504} INFO - Setting next_dagrun for example_external_task_marker_child to None, run_after=None
[2025-03-24T20:32:25.889+0000] {logging_mixin.py:150} INFO - [2025-03-24T20:32:25.889+0000] {dag.py:3504} INFO - Setting next_dagrun for example_external_task_marker_parent to None, run_after=None
[2025-03-24T20:32:25.903+0000] {processor.py:179} INFO - Processing /home/vscode/.local/lib/python3.10/site-packages/airflow/example_dags/example_external_task_marker_dag.py took 0.052 seconds
[2025-03-24T20:33:13.202+0000] {processor.py:157} INFO - Started process (PID=34132) to work on /home/vscode/.local/lib/python3.10/site-packages/airflow/example_dags/example_external_task_marker_dag.py
[2025-03-24T20:33:13.203+0000] {processor.py:826} INFO - Processing file /home/vscode/.local/lib/python3.10/site-packages/airflow/example_dags/example_external_task_marker_dag.py for tasks to queue
[2025-03-24T20:33:13.203+0000] {logging_mixin.py:150} INFO - [2025-03-24T20:33:13.203+0000] {dagbag.py:541} INFO - Filling up the DagBag from /home/vscode/.local/lib/python3.10/site-packages/airflow/example_dags/example_external_task_marker_dag.py
[2025-03-24T20:33:13.208+0000] {processor.py:836} INFO - DAG(s) dict_keys(['example_external_task_marker_child', 'example_external_task_marker_parent']) retrieved from /home/vscode/.local/lib/python3.10/site-packages/airflow/example_dags/example_external_task_marker_dag.py
[2025-03-24T20:33:13.221+0000] {logging_mixin.py:150} INFO - [2025-03-24T20:33:13.221+0000] {dag.py:2742} INFO - Sync 2 DAGs
[2025-03-24T20:33:13.235+0000] {logging_mixin.py:150} INFO - [2025-03-24T20:33:13.235+0000] {dag.py:3504} INFO - Setting next_dagrun for example_external_task_marker_child to None, run_after=None
[2025-03-24T20:33:13.237+0000] {logging_mixin.py:150} INFO - [2025-03-24T20:33:13.237+0000] {dag.py:3504} INFO - Setting next_dagrun for example_external_task_marker_parent to None, run_after=None
[2025-03-24T20:33:13.251+0000] {processor.py:179} INFO - Processing /home/vscode/.local/lib/python3.10/site-packages/airflow/example_dags/example_external_task_marker_dag.py took 0.051 seconds
[2025-03-24T20:34:00.626+0000] {processor.py:157} INFO - Started process (PID=34467) to work on /home/vscode/.local/lib/python3.10/site-packages/airflow/example_dags/example_external_task_marker_dag.py
[2025-03-24T20:34:00.627+0000] {processor.py:826} INFO - Processing file /home/vscode/.local/lib/python3.10/site-packages/airflow/example_dags/example_external_task_marker_dag.py for tasks to queue
[2025-03-24T20:34:00.628+0000] {logging_mixin.py:150} INFO - [2025-03-24T20:34:00.627+0000] {dagbag.py:541} INFO - Filling up the DagBag from /home/vscode/.local/lib/python3.10/site-packages/airflow/example_dags/example_external_task_marker_dag.py
[2025-03-24T20:34:00.632+0000] {processor.py:836} INFO - DAG(s) dict_keys(['example_external_task_marker_parent', 'example_external_task_marker_child']) retrieved from /home/vscode/.local/lib/python3.10/site-packages/airflow/example_dags/example_external_task_marker_dag.py
[2025-03-24T20:34:00.646+0000] {logging_mixin.py:150} INFO - [2025-03-24T20:34:00.646+0000] {dag.py:2742} INFO - Sync 2 DAGs
[2025-03-24T20:34:00.660+0000] {logging_mixin.py:150} INFO - [2025-03-24T20:34:00.660+0000] {dag.py:3504} INFO - Setting next_dagrun for example_external_task_marker_child to None, run_after=None
[2025-03-24T20:34:00.662+0000] {logging_mixin.py:150} INFO - [2025-03-24T20:34:00.662+0000] {dag.py:3504} INFO - Setting next_dagrun for example_external_task_marker_parent to None, run_after=None
[2025-03-24T20:34:00.676+0000] {processor.py:179} INFO - Processing /home/vscode/.local/lib/python3.10/site-packages/airflow/example_dags/example_external_task_marker_dag.py took 0.052 seconds
[2025-03-24T20:34:45.761+0000] {processor.py:157} INFO - Started process (PID=34769) to work on /home/vscode/.local/lib/python3.10/site-packages/airflow/example_dags/example_external_task_marker_dag.py
[2025-03-24T20:34:45.762+0000] {processor.py:826} INFO - Processing file /home/vscode/.local/lib/python3.10/site-packages/airflow/example_dags/example_external_task_marker_dag.py for tasks to queue
[2025-03-24T20:34:45.763+0000] {logging_mixin.py:150} INFO - [2025-03-24T20:34:45.762+0000] {dagbag.py:541} INFO - Filling up the DagBag from /home/vscode/.local/lib/python3.10/site-packages/airflow/example_dags/example_external_task_marker_dag.py
[2025-03-24T20:34:45.767+0000] {processor.py:836} INFO - DAG(s) dict_keys(['example_external_task_marker_parent', 'example_external_task_marker_child']) retrieved from /home/vscode/.local/lib/python3.10/site-packages/airflow/example_dags/example_external_task_marker_dag.py
[2025-03-24T20:34:45.780+0000] {logging_mixin.py:150} INFO - [2025-03-24T20:34:45.780+0000] {dag.py:2742} INFO - Sync 2 DAGs
[2025-03-24T20:34:45.794+0000] {logging_mixin.py:150} INFO - [2025-03-24T20:34:45.794+0000] {dag.py:3504} INFO - Setting next_dagrun for example_external_task_marker_child to None, run_after=None
[2025-03-24T20:34:45.797+0000] {logging_mixin.py:150} INFO - [2025-03-24T20:34:45.797+0000] {dag.py:3504} INFO - Setting next_dagrun for example_external_task_marker_parent to None, run_after=None
[2025-03-24T20:34:45.810+0000] {processor.py:179} INFO - Processing /home/vscode/.local/lib/python3.10/site-packages/airflow/example_dags/example_external_task_marker_dag.py took 0.051 seconds
[2025-03-24T20:35:30.777+0000] {processor.py:157} INFO - Started process (PID=35068) to work on /home/vscode/.local/lib/python3.10/site-packages/airflow/example_dags/example_external_task_marker_dag.py
[2025-03-24T20:35:30.778+0000] {processor.py:826} INFO - Processing file /home/vscode/.local/lib/python3.10/site-packages/airflow/example_dags/example_external_task_marker_dag.py for tasks to queue
[2025-03-24T20:35:30.778+0000] {logging_mixin.py:150} INFO - [2025-03-24T20:35:30.778+0000] {dagbag.py:541} INFO - Filling up the DagBag from /home/vscode/.local/lib/python3.10/site-packages/airflow/example_dags/example_external_task_marker_dag.py
[2025-03-24T20:35:30.783+0000] {processor.py:836} INFO - DAG(s) dict_keys(['example_external_task_marker_parent', 'example_external_task_marker_child']) retrieved from /home/vscode/.local/lib/python3.10/site-packages/airflow/example_dags/example_external_task_marker_dag.py
[2025-03-24T20:35:30.797+0000] {logging_mixin.py:150} INFO - [2025-03-24T20:35:30.797+0000] {dag.py:2742} INFO - Sync 2 DAGs
[2025-03-24T20:35:30.812+0000] {logging_mixin.py:150} INFO - [2025-03-24T20:35:30.812+0000] {dag.py:3504} INFO - Setting next_dagrun for example_external_task_marker_child to None, run_after=None
[2025-03-24T20:35:30.814+0000] {logging_mixin.py:150} INFO - [2025-03-24T20:35:30.814+0000] {dag.py:3504} INFO - Setting next_dagrun for example_external_task_marker_parent to None, run_after=None
[2025-03-24T20:35:30.829+0000] {processor.py:179} INFO - Processing /home/vscode/.local/lib/python3.10/site-packages/airflow/example_dags/example_external_task_marker_dag.py took 0.054 seconds
[2025-03-24T20:36:14.112+0000] {processor.py:157} INFO - Started process (PID=35361) to work on /home/vscode/.local/lib/python3.10/site-packages/airflow/example_dags/example_external_task_marker_dag.py
[2025-03-24T20:36:14.113+0000] {processor.py:826} INFO - Processing file /home/vscode/.local/lib/python3.10/site-packages/airflow/example_dags/example_external_task_marker_dag.py for tasks to queue
[2025-03-24T20:36:14.113+0000] {logging_mixin.py:150} INFO - [2025-03-24T20:36:14.113+0000] {dagbag.py:541} INFO - Filling up the DagBag from /home/vscode/.local/lib/python3.10/site-packages/airflow/example_dags/example_external_task_marker_dag.py
[2025-03-24T20:36:14.118+0000] {processor.py:836} INFO - DAG(s) dict_keys(['example_external_task_marker_parent', 'example_external_task_marker_child']) retrieved from /home/vscode/.local/lib/python3.10/site-packages/airflow/example_dags/example_external_task_marker_dag.py
[2025-03-24T20:36:14.132+0000] {logging_mixin.py:150} INFO - [2025-03-24T20:36:14.132+0000] {dag.py:2742} INFO - Sync 2 DAGs
[2025-03-24T20:36:14.153+0000] {logging_mixin.py:150} INFO - [2025-03-24T20:36:14.152+0000] {dag.py:3504} INFO - Setting next_dagrun for example_external_task_marker_child to None, run_after=None
[2025-03-24T20:36:14.155+0000] {logging_mixin.py:150} INFO - [2025-03-24T20:36:14.155+0000] {dag.py:3504} INFO - Setting next_dagrun for example_external_task_marker_parent to None, run_after=None
[2025-03-24T20:36:14.174+0000] {processor.py:179} INFO - Processing /home/vscode/.local/lib/python3.10/site-packages/airflow/example_dags/example_external_task_marker_dag.py took 0.064 seconds
[2025-03-24T20:37:02.052+0000] {processor.py:157} INFO - Started process (PID=35722) to work on /home/vscode/.local/lib/python3.10/site-packages/airflow/example_dags/example_external_task_marker_dag.py
[2025-03-24T20:37:02.052+0000] {processor.py:826} INFO - Processing file /home/vscode/.local/lib/python3.10/site-packages/airflow/example_dags/example_external_task_marker_dag.py for tasks to queue
[2025-03-24T20:37:02.053+0000] {logging_mixin.py:150} INFO - [2025-03-24T20:37:02.053+0000] {dagbag.py:541} INFO - Filling up the DagBag from /home/vscode/.local/lib/python3.10/site-packages/airflow/example_dags/example_external_task_marker_dag.py
[2025-03-24T20:37:02.057+0000] {processor.py:836} INFO - DAG(s) dict_keys(['example_external_task_marker_parent', 'example_external_task_marker_child']) retrieved from /home/vscode/.local/lib/python3.10/site-packages/airflow/example_dags/example_external_task_marker_dag.py
[2025-03-24T20:37:02.072+0000] {logging_mixin.py:150} INFO - [2025-03-24T20:37:02.072+0000] {dag.py:2742} INFO - Sync 2 DAGs
[2025-03-24T20:37:02.086+0000] {logging_mixin.py:150} INFO - [2025-03-24T20:37:02.086+0000] {dag.py:3504} INFO - Setting next_dagrun for example_external_task_marker_child to None, run_after=None
[2025-03-24T20:37:02.088+0000] {logging_mixin.py:150} INFO - [2025-03-24T20:37:02.088+0000] {dag.py:3504} INFO - Setting next_dagrun for example_external_task_marker_parent to None, run_after=None
[2025-03-24T20:37:02.103+0000] {processor.py:179} INFO - Processing /home/vscode/.local/lib/python3.10/site-packages/airflow/example_dags/example_external_task_marker_dag.py took 0.053 seconds
[2025-03-24T20:37:45.569+0000] {processor.py:157} INFO - Started process (PID=36019) to work on /home/vscode/.local/lib/python3.10/site-packages/airflow/example_dags/example_external_task_marker_dag.py
[2025-03-24T20:37:45.569+0000] {processor.py:826} INFO - Processing file /home/vscode/.local/lib/python3.10/site-packages/airflow/example_dags/example_external_task_marker_dag.py for tasks to queue
[2025-03-24T20:37:45.570+0000] {logging_mixin.py:150} INFO - [2025-03-24T20:37:45.570+0000] {dagbag.py:541} INFO - Filling up the DagBag from /home/vscode/.local/lib/python3.10/site-packages/airflow/example_dags/example_external_task_marker_dag.py
[2025-03-24T20:37:45.574+0000] {processor.py:836} INFO - DAG(s) dict_keys(['example_external_task_marker_parent', 'example_external_task_marker_child']) retrieved from /home/vscode/.local/lib/python3.10/site-packages/airflow/example_dags/example_external_task_marker_dag.py
[2025-03-24T20:37:45.588+0000] {logging_mixin.py:150} INFO - [2025-03-24T20:37:45.588+0000] {dag.py:2742} INFO - Sync 2 DAGs
[2025-03-24T20:37:45.602+0000] {logging_mixin.py:150} INFO - [2025-03-24T20:37:45.602+0000] {dag.py:3504} INFO - Setting next_dagrun for example_external_task_marker_child to None, run_after=None
[2025-03-24T20:37:45.604+0000] {logging_mixin.py:150} INFO - [2025-03-24T20:37:45.604+0000] {dag.py:3504} INFO - Setting next_dagrun for example_external_task_marker_parent to None, run_after=None
[2025-03-24T20:37:45.621+0000] {processor.py:179} INFO - Processing /home/vscode/.local/lib/python3.10/site-packages/airflow/example_dags/example_external_task_marker_dag.py took 0.055 seconds
