[2025-03-24T20:12:46.416+0000] {processor.py:157} INFO - Started process (PID=25153) to work on /home/vscode/.local/lib/python3.10/site-packages/airflow/example_dags/example_sensor_decorator.py
[2025-03-24T20:12:46.417+0000] {processor.py:826} INFO - Processing file /home/vscode/.local/lib/python3.10/site-packages/airflow/example_dags/example_sensor_decorator.py for tasks to queue
[2025-03-24T20:12:46.417+0000] {logging_mixin.py:150} INFO - [2025-03-24T20:12:46.417+0000] {dagbag.py:541} INFO - Filling up the DagBag from /home/vscode/.local/lib/python3.10/site-packages/airflow/example_dags/example_sensor_decorator.py
[2025-03-24T20:12:46.421+0000] {processor.py:836} INFO - DAG(s) dict_keys(['example_sensor_decorator']) retrieved from /home/vscode/.local/lib/python3.10/site-packages/airflow/example_dags/example_sensor_decorator.py
[2025-03-24T20:12:46.504+0000] {logging_mixin.py:150} INFO - [2025-03-24T20:12:46.504+0000] {manager.py:504} INFO - Created Permission View: can delete on DAG:example_sensor_decorator
[2025-03-24T20:12:46.515+0000] {logging_mixin.py:150} INFO - [2025-03-24T20:12:46.515+0000] {manager.py:504} INFO - Created Permission View: can edit on DAG:example_sensor_decorator
[2025-03-24T20:12:46.522+0000] {logging_mixin.py:150} INFO - [2025-03-24T20:12:46.521+0000] {manager.py:504} INFO - Created Permission View: can read on DAG:example_sensor_decorator
[2025-03-24T20:12:46.532+0000] {logging_mixin.py:150} INFO - [2025-03-24T20:12:46.532+0000] {dag.py:2742} INFO - Sync 1 DAGs
[2025-03-24T20:12:46.541+0000] {logging_mixin.py:150} INFO - [2025-03-24T20:12:46.541+0000] {dag.py:2763} INFO - Creating ORM DAG for example_sensor_decorator
[2025-03-24T20:12:46.550+0000] {logging_mixin.py:150} INFO - [2025-03-24T20:12:46.549+0000] {dag.py:3504} INFO - Setting next_dagrun for example_sensor_decorator to None, run_after=None
[2025-03-24T20:12:46.570+0000] {processor.py:179} INFO - Processing /home/vscode/.local/lib/python3.10/site-packages/airflow/example_dags/example_sensor_decorator.py took 0.156 seconds
[2025-03-24T20:13:33.920+0000] {processor.py:157} INFO - Started process (PID=25516) to work on /home/vscode/.local/lib/python3.10/site-packages/airflow/example_dags/example_sensor_decorator.py
[2025-03-24T20:13:33.921+0000] {processor.py:826} INFO - Processing file /home/vscode/.local/lib/python3.10/site-packages/airflow/example_dags/example_sensor_decorator.py for tasks to queue
[2025-03-24T20:13:33.921+0000] {logging_mixin.py:150} INFO - [2025-03-24T20:13:33.921+0000] {dagbag.py:541} INFO - Filling up the DagBag from /home/vscode/.local/lib/python3.10/site-packages/airflow/example_dags/example_sensor_decorator.py
[2025-03-24T20:13:33.925+0000] {processor.py:836} INFO - DAG(s) dict_keys(['example_sensor_decorator']) retrieved from /home/vscode/.local/lib/python3.10/site-packages/airflow/example_dags/example_sensor_decorator.py
[2025-03-24T20:13:33.937+0000] {logging_mixin.py:150} INFO - [2025-03-24T20:13:33.937+0000] {dag.py:2742} INFO - Sync 1 DAGs
[2025-03-24T20:13:33.951+0000] {logging_mixin.py:150} INFO - [2025-03-24T20:13:33.951+0000] {dag.py:3504} INFO - Setting next_dagrun for example_sensor_decorator to None, run_after=None
[2025-03-24T20:13:33.966+0000] {processor.py:179} INFO - Processing /home/vscode/.local/lib/python3.10/site-packages/airflow/example_dags/example_sensor_decorator.py took 0.048 seconds
[2025-03-24T20:14:19.045+0000] {processor.py:157} INFO - Started process (PID=25816) to work on /home/vscode/.local/lib/python3.10/site-packages/airflow/example_dags/example_sensor_decorator.py
[2025-03-24T20:14:19.045+0000] {processor.py:826} INFO - Processing file /home/vscode/.local/lib/python3.10/site-packages/airflow/example_dags/example_sensor_decorator.py for tasks to queue
[2025-03-24T20:14:19.046+0000] {logging_mixin.py:150} INFO - [2025-03-24T20:14:19.046+0000] {dagbag.py:541} INFO - Filling up the DagBag from /home/vscode/.local/lib/python3.10/site-packages/airflow/example_dags/example_sensor_decorator.py
[2025-03-24T20:14:19.050+0000] {processor.py:836} INFO - DAG(s) dict_keys(['example_sensor_decorator']) retrieved from /home/vscode/.local/lib/python3.10/site-packages/airflow/example_dags/example_sensor_decorator.py
[2025-03-24T20:14:19.061+0000] {logging_mixin.py:150} INFO - [2025-03-24T20:14:19.061+0000] {dag.py:2742} INFO - Sync 1 DAGs
[2025-03-24T20:14:19.074+0000] {logging_mixin.py:150} INFO - [2025-03-24T20:14:19.074+0000] {dag.py:3504} INFO - Setting next_dagrun for example_sensor_decorator to None, run_after=None
[2025-03-24T20:14:19.089+0000] {processor.py:179} INFO - Processing /home/vscode/.local/lib/python3.10/site-packages/airflow/example_dags/example_sensor_decorator.py took 0.046 seconds
[2025-03-24T20:15:00.154+0000] {processor.py:157} INFO - Started process (PID=26107) to work on /home/vscode/.local/lib/python3.10/site-packages/airflow/example_dags/example_sensor_decorator.py
[2025-03-24T20:15:00.155+0000] {processor.py:826} INFO - Processing file /home/vscode/.local/lib/python3.10/site-packages/airflow/example_dags/example_sensor_decorator.py for tasks to queue
[2025-03-24T20:15:00.155+0000] {logging_mixin.py:150} INFO - [2025-03-24T20:15:00.155+0000] {dagbag.py:541} INFO - Filling up the DagBag from /home/vscode/.local/lib/python3.10/site-packages/airflow/example_dags/example_sensor_decorator.py
[2025-03-24T20:15:00.160+0000] {processor.py:836} INFO - DAG(s) dict_keys(['example_sensor_decorator']) retrieved from /home/vscode/.local/lib/python3.10/site-packages/airflow/example_dags/example_sensor_decorator.py
[2025-03-24T20:15:00.170+0000] {logging_mixin.py:150} INFO - [2025-03-24T20:15:00.170+0000] {dag.py:2742} INFO - Sync 1 DAGs
[2025-03-24T20:15:00.184+0000] {logging_mixin.py:150} INFO - [2025-03-24T20:15:00.184+0000] {dag.py:3504} INFO - Setting next_dagrun for example_sensor_decorator to None, run_after=None
[2025-03-24T20:15:00.198+0000] {processor.py:179} INFO - Processing /home/vscode/.local/lib/python3.10/site-packages/airflow/example_dags/example_sensor_decorator.py took 0.047 seconds
[2025-03-24T20:15:46.414+0000] {processor.py:157} INFO - Started process (PID=26414) to work on /home/vscode/.local/lib/python3.10/site-packages/airflow/example_dags/example_sensor_decorator.py
[2025-03-24T20:15:46.414+0000] {processor.py:826} INFO - Processing file /home/vscode/.local/lib/python3.10/site-packages/airflow/example_dags/example_sensor_decorator.py for tasks to queue
[2025-03-24T20:15:46.415+0000] {logging_mixin.py:150} INFO - [2025-03-24T20:15:46.415+0000] {dagbag.py:541} INFO - Filling up the DagBag from /home/vscode/.local/lib/python3.10/site-packages/airflow/example_dags/example_sensor_decorator.py
[2025-03-24T20:15:46.419+0000] {processor.py:836} INFO - DAG(s) dict_keys(['example_sensor_decorator']) retrieved from /home/vscode/.local/lib/python3.10/site-packages/airflow/example_dags/example_sensor_decorator.py
[2025-03-24T20:15:46.430+0000] {logging_mixin.py:150} INFO - [2025-03-24T20:15:46.430+0000] {dag.py:2742} INFO - Sync 1 DAGs
[2025-03-24T20:15:46.448+0000] {logging_mixin.py:150} INFO - [2025-03-24T20:15:46.448+0000] {dag.py:3504} INFO - Setting next_dagrun for example_sensor_decorator to None, run_after=None
[2025-03-24T20:15:46.463+0000] {processor.py:179} INFO - Processing /home/vscode/.local/lib/python3.10/site-packages/airflow/example_dags/example_sensor_decorator.py took 0.052 seconds
[2025-03-24T20:16:33.563+0000] {processor.py:157} INFO - Started process (PID=26731) to work on /home/vscode/.local/lib/python3.10/site-packages/airflow/example_dags/example_sensor_decorator.py
[2025-03-24T20:16:33.564+0000] {processor.py:826} INFO - Processing file /home/vscode/.local/lib/python3.10/site-packages/airflow/example_dags/example_sensor_decorator.py for tasks to queue
[2025-03-24T20:16:33.565+0000] {logging_mixin.py:150} INFO - [2025-03-24T20:16:33.564+0000] {dagbag.py:541} INFO - Filling up the DagBag from /home/vscode/.local/lib/python3.10/site-packages/airflow/example_dags/example_sensor_decorator.py
[2025-03-24T20:16:33.569+0000] {processor.py:836} INFO - DAG(s) dict_keys(['example_sensor_decorator']) retrieved from /home/vscode/.local/lib/python3.10/site-packages/airflow/example_dags/example_sensor_decorator.py
[2025-03-24T20:16:33.580+0000] {logging_mixin.py:150} INFO - [2025-03-24T20:16:33.580+0000] {dag.py:2742} INFO - Sync 1 DAGs
[2025-03-24T20:16:33.593+0000] {logging_mixin.py:150} INFO - [2025-03-24T20:16:33.593+0000] {dag.py:3504} INFO - Setting next_dagrun for example_sensor_decorator to None, run_after=None
[2025-03-24T20:16:33.608+0000] {processor.py:179} INFO - Processing /home/vscode/.local/lib/python3.10/site-packages/airflow/example_dags/example_sensor_decorator.py took 0.047 seconds
[2025-03-24T20:17:22.111+0000] {processor.py:157} INFO - Started process (PID=27055) to work on /home/vscode/.local/lib/python3.10/site-packages/airflow/example_dags/example_sensor_decorator.py
[2025-03-24T20:17:22.112+0000] {processor.py:826} INFO - Processing file /home/vscode/.local/lib/python3.10/site-packages/airflow/example_dags/example_sensor_decorator.py for tasks to queue
[2025-03-24T20:17:22.112+0000] {logging_mixin.py:150} INFO - [2025-03-24T20:17:22.112+0000] {dagbag.py:541} INFO - Filling up the DagBag from /home/vscode/.local/lib/python3.10/site-packages/airflow/example_dags/example_sensor_decorator.py
[2025-03-24T20:17:22.116+0000] {processor.py:836} INFO - DAG(s) dict_keys(['example_sensor_decorator']) retrieved from /home/vscode/.local/lib/python3.10/site-packages/airflow/example_dags/example_sensor_decorator.py
[2025-03-24T20:17:22.128+0000] {logging_mixin.py:150} INFO - [2025-03-24T20:17:22.128+0000] {dag.py:2742} INFO - Sync 1 DAGs
[2025-03-24T20:17:22.141+0000] {logging_mixin.py:150} INFO - [2025-03-24T20:17:22.141+0000] {dag.py:3504} INFO - Setting next_dagrun for example_sensor_decorator to None, run_after=None
[2025-03-24T20:17:22.163+0000] {processor.py:179} INFO - Processing /home/vscode/.local/lib/python3.10/site-packages/airflow/example_dags/example_sensor_decorator.py took 0.054 seconds
[2025-03-24T20:18:06.782+0000] {processor.py:157} INFO - Started process (PID=27349) to work on /home/vscode/.local/lib/python3.10/site-packages/airflow/example_dags/example_sensor_decorator.py
[2025-03-24T20:18:06.783+0000] {processor.py:826} INFO - Processing file /home/vscode/.local/lib/python3.10/site-packages/airflow/example_dags/example_sensor_decorator.py for tasks to queue
[2025-03-24T20:18:06.783+0000] {logging_mixin.py:150} INFO - [2025-03-24T20:18:06.783+0000] {dagbag.py:541} INFO - Filling up the DagBag from /home/vscode/.local/lib/python3.10/site-packages/airflow/example_dags/example_sensor_decorator.py
[2025-03-24T20:18:06.787+0000] {processor.py:836} INFO - DAG(s) dict_keys(['example_sensor_decorator']) retrieved from /home/vscode/.local/lib/python3.10/site-packages/airflow/example_dags/example_sensor_decorator.py
[2025-03-24T20:18:06.799+0000] {logging_mixin.py:150} INFO - [2025-03-24T20:18:06.798+0000] {dag.py:2742} INFO - Sync 1 DAGs
[2025-03-24T20:18:06.813+0000] {logging_mixin.py:150} INFO - [2025-03-24T20:18:06.813+0000] {dag.py:3504} INFO - Setting next_dagrun for example_sensor_decorator to None, run_after=None
[2025-03-24T20:18:06.827+0000] {processor.py:179} INFO - Processing /home/vscode/.local/lib/python3.10/site-packages/airflow/example_dags/example_sensor_decorator.py took 0.047 seconds
[2025-03-24T20:18:49.647+0000] {processor.py:157} INFO - Started process (PID=27641) to work on /home/vscode/.local/lib/python3.10/site-packages/airflow/example_dags/example_sensor_decorator.py
[2025-03-24T20:18:49.648+0000] {processor.py:826} INFO - Processing file /home/vscode/.local/lib/python3.10/site-packages/airflow/example_dags/example_sensor_decorator.py for tasks to queue
[2025-03-24T20:18:49.648+0000] {logging_mixin.py:150} INFO - [2025-03-24T20:18:49.648+0000] {dagbag.py:541} INFO - Filling up the DagBag from /home/vscode/.local/lib/python3.10/site-packages/airflow/example_dags/example_sensor_decorator.py
[2025-03-24T20:18:49.653+0000] {processor.py:836} INFO - DAG(s) dict_keys(['example_sensor_decorator']) retrieved from /home/vscode/.local/lib/python3.10/site-packages/airflow/example_dags/example_sensor_decorator.py
[2025-03-24T20:18:49.665+0000] {logging_mixin.py:150} INFO - [2025-03-24T20:18:49.665+0000] {dag.py:2742} INFO - Sync 1 DAGs
[2025-03-24T20:18:49.679+0000] {logging_mixin.py:150} INFO - [2025-03-24T20:18:49.679+0000] {dag.py:3504} INFO - Setting next_dagrun for example_sensor_decorator to None, run_after=None
[2025-03-24T20:18:49.694+0000] {processor.py:179} INFO - Processing /home/vscode/.local/lib/python3.10/site-packages/airflow/example_dags/example_sensor_decorator.py took 0.049 seconds
[2025-03-24T20:19:30.987+0000] {processor.py:157} INFO - Started process (PID=27916) to work on /home/vscode/.local/lib/python3.10/site-packages/airflow/example_dags/example_sensor_decorator.py
[2025-03-24T20:19:30.987+0000] {processor.py:826} INFO - Processing file /home/vscode/.local/lib/python3.10/site-packages/airflow/example_dags/example_sensor_decorator.py for tasks to queue
[2025-03-24T20:19:30.988+0000] {logging_mixin.py:150} INFO - [2025-03-24T20:19:30.988+0000] {dagbag.py:541} INFO - Filling up the DagBag from /home/vscode/.local/lib/python3.10/site-packages/airflow/example_dags/example_sensor_decorator.py
[2025-03-24T20:19:30.992+0000] {processor.py:836} INFO - DAG(s) dict_keys(['example_sensor_decorator']) retrieved from /home/vscode/.local/lib/python3.10/site-packages/airflow/example_dags/example_sensor_decorator.py
[2025-03-24T20:19:31.003+0000] {logging_mixin.py:150} INFO - [2025-03-24T20:19:31.003+0000] {dag.py:2742} INFO - Sync 1 DAGs
[2025-03-24T20:19:31.017+0000] {logging_mixin.py:150} INFO - [2025-03-24T20:19:31.017+0000] {dag.py:3504} INFO - Setting next_dagrun for example_sensor_decorator to None, run_after=None
[2025-03-24T20:19:31.031+0000] {processor.py:179} INFO - Processing /home/vscode/.local/lib/python3.10/site-packages/airflow/example_dags/example_sensor_decorator.py took 0.047 seconds
[2025-03-24T20:20:17.274+0000] {processor.py:157} INFO - Started process (PID=28242) to work on /home/vscode/.local/lib/python3.10/site-packages/airflow/example_dags/example_sensor_decorator.py
[2025-03-24T20:20:17.275+0000] {processor.py:826} INFO - Processing file /home/vscode/.local/lib/python3.10/site-packages/airflow/example_dags/example_sensor_decorator.py for tasks to queue
[2025-03-24T20:20:17.276+0000] {logging_mixin.py:150} INFO - [2025-03-24T20:20:17.275+0000] {dagbag.py:541} INFO - Filling up the DagBag from /home/vscode/.local/lib/python3.10/site-packages/airflow/example_dags/example_sensor_decorator.py
[2025-03-24T20:20:17.280+0000] {processor.py:836} INFO - DAG(s) dict_keys(['example_sensor_decorator']) retrieved from /home/vscode/.local/lib/python3.10/site-packages/airflow/example_dags/example_sensor_decorator.py
[2025-03-24T20:20:17.291+0000] {logging_mixin.py:150} INFO - [2025-03-24T20:20:17.291+0000] {dag.py:2742} INFO - Sync 1 DAGs
[2025-03-24T20:20:17.305+0000] {logging_mixin.py:150} INFO - [2025-03-24T20:20:17.305+0000] {dag.py:3504} INFO - Setting next_dagrun for example_sensor_decorator to None, run_after=None
[2025-03-24T20:20:17.319+0000] {processor.py:179} INFO - Processing /home/vscode/.local/lib/python3.10/site-packages/airflow/example_dags/example_sensor_decorator.py took 0.047 seconds
[2025-03-24T20:21:05.773+0000] {processor.py:157} INFO - Started process (PID=28624) to work on /home/vscode/.local/lib/python3.10/site-packages/airflow/example_dags/example_sensor_decorator.py
[2025-03-24T20:21:05.774+0000] {processor.py:826} INFO - Processing file /home/vscode/.local/lib/python3.10/site-packages/airflow/example_dags/example_sensor_decorator.py for tasks to queue
[2025-03-24T20:21:05.774+0000] {logging_mixin.py:150} INFO - [2025-03-24T20:21:05.774+0000] {dagbag.py:541} INFO - Filling up the DagBag from /home/vscode/.local/lib/python3.10/site-packages/airflow/example_dags/example_sensor_decorator.py
[2025-03-24T20:21:05.779+0000] {processor.py:836} INFO - DAG(s) dict_keys(['example_sensor_decorator']) retrieved from /home/vscode/.local/lib/python3.10/site-packages/airflow/example_dags/example_sensor_decorator.py
[2025-03-24T20:21:05.789+0000] {logging_mixin.py:150} INFO - [2025-03-24T20:21:05.789+0000] {dag.py:2742} INFO - Sync 1 DAGs
[2025-03-24T20:21:05.803+0000] {logging_mixin.py:150} INFO - [2025-03-24T20:21:05.803+0000] {dag.py:3504} INFO - Setting next_dagrun for example_sensor_decorator to None, run_after=None
[2025-03-24T20:21:05.818+0000] {processor.py:179} INFO - Processing /home/vscode/.local/lib/python3.10/site-packages/airflow/example_dags/example_sensor_decorator.py took 0.047 seconds
[2025-03-24T20:21:54.316+0000] {processor.py:157} INFO - Started process (PID=28995) to work on /home/vscode/.local/lib/python3.10/site-packages/airflow/example_dags/example_sensor_decorator.py
[2025-03-24T20:21:54.317+0000] {processor.py:826} INFO - Processing file /home/vscode/.local/lib/python3.10/site-packages/airflow/example_dags/example_sensor_decorator.py for tasks to queue
[2025-03-24T20:21:54.317+0000] {logging_mixin.py:150} INFO - [2025-03-24T20:21:54.317+0000] {dagbag.py:541} INFO - Filling up the DagBag from /home/vscode/.local/lib/python3.10/site-packages/airflow/example_dags/example_sensor_decorator.py
[2025-03-24T20:21:54.322+0000] {processor.py:836} INFO - DAG(s) dict_keys(['example_sensor_decorator']) retrieved from /home/vscode/.local/lib/python3.10/site-packages/airflow/example_dags/example_sensor_decorator.py
[2025-03-24T20:21:54.333+0000] {logging_mixin.py:150} INFO - [2025-03-24T20:21:54.333+0000] {dag.py:2742} INFO - Sync 1 DAGs
[2025-03-24T20:21:54.346+0000] {logging_mixin.py:150} INFO - [2025-03-24T20:21:54.346+0000] {dag.py:3504} INFO - Setting next_dagrun for example_sensor_decorator to None, run_after=None
[2025-03-24T20:21:54.361+0000] {processor.py:179} INFO - Processing /home/vscode/.local/lib/python3.10/site-packages/airflow/example_dags/example_sensor_decorator.py took 0.047 seconds
[2025-03-24T20:22:35.985+0000] {processor.py:157} INFO - Started process (PID=29299) to work on /home/vscode/.local/lib/python3.10/site-packages/airflow/example_dags/example_sensor_decorator.py
[2025-03-24T20:22:35.985+0000] {processor.py:826} INFO - Processing file /home/vscode/.local/lib/python3.10/site-packages/airflow/example_dags/example_sensor_decorator.py for tasks to queue
[2025-03-24T20:22:35.986+0000] {logging_mixin.py:150} INFO - [2025-03-24T20:22:35.986+0000] {dagbag.py:541} INFO - Filling up the DagBag from /home/vscode/.local/lib/python3.10/site-packages/airflow/example_dags/example_sensor_decorator.py
[2025-03-24T20:22:35.990+0000] {processor.py:836} INFO - DAG(s) dict_keys(['example_sensor_decorator']) retrieved from /home/vscode/.local/lib/python3.10/site-packages/airflow/example_dags/example_sensor_decorator.py
[2025-03-24T20:22:36.001+0000] {logging_mixin.py:150} INFO - [2025-03-24T20:22:36.001+0000] {dag.py:2742} INFO - Sync 1 DAGs
[2025-03-24T20:22:36.015+0000] {logging_mixin.py:150} INFO - [2025-03-24T20:22:36.015+0000] {dag.py:3504} INFO - Setting next_dagrun for example_sensor_decorator to None, run_after=None
[2025-03-24T20:22:36.030+0000] {processor.py:179} INFO - Processing /home/vscode/.local/lib/python3.10/site-packages/airflow/example_dags/example_sensor_decorator.py took 0.047 seconds
[2025-03-24T20:23:24.461+0000] {processor.py:157} INFO - Started process (PID=29661) to work on /home/vscode/.local/lib/python3.10/site-packages/airflow/example_dags/example_sensor_decorator.py
[2025-03-24T20:23:24.461+0000] {processor.py:826} INFO - Processing file /home/vscode/.local/lib/python3.10/site-packages/airflow/example_dags/example_sensor_decorator.py for tasks to queue
[2025-03-24T20:23:24.462+0000] {logging_mixin.py:150} INFO - [2025-03-24T20:23:24.462+0000] {dagbag.py:541} INFO - Filling up the DagBag from /home/vscode/.local/lib/python3.10/site-packages/airflow/example_dags/example_sensor_decorator.py
[2025-03-24T20:23:24.466+0000] {processor.py:836} INFO - DAG(s) dict_keys(['example_sensor_decorator']) retrieved from /home/vscode/.local/lib/python3.10/site-packages/airflow/example_dags/example_sensor_decorator.py
[2025-03-24T20:23:24.477+0000] {logging_mixin.py:150} INFO - [2025-03-24T20:23:24.477+0000] {dag.py:2742} INFO - Sync 1 DAGs
[2025-03-24T20:23:24.491+0000] {logging_mixin.py:150} INFO - [2025-03-24T20:23:24.491+0000] {dag.py:3504} INFO - Setting next_dagrun for example_sensor_decorator to None, run_after=None
[2025-03-24T20:23:24.505+0000] {processor.py:179} INFO - Processing /home/vscode/.local/lib/python3.10/site-packages/airflow/example_dags/example_sensor_decorator.py took 0.047 seconds
[2025-03-24T20:24:08.412+0000] {processor.py:157} INFO - Started process (PID=30051) to work on /home/vscode/.local/lib/python3.10/site-packages/airflow/example_dags/example_sensor_decorator.py
[2025-03-24T20:24:08.412+0000] {processor.py:826} INFO - Processing file /home/vscode/.local/lib/python3.10/site-packages/airflow/example_dags/example_sensor_decorator.py for tasks to queue
[2025-03-24T20:24:08.413+0000] {logging_mixin.py:150} INFO - [2025-03-24T20:24:08.413+0000] {dagbag.py:541} INFO - Filling up the DagBag from /home/vscode/.local/lib/python3.10/site-packages/airflow/example_dags/example_sensor_decorator.py
[2025-03-24T20:24:08.417+0000] {processor.py:836} INFO - DAG(s) dict_keys(['example_sensor_decorator']) retrieved from /home/vscode/.local/lib/python3.10/site-packages/airflow/example_dags/example_sensor_decorator.py
[2025-03-24T20:24:08.430+0000] {logging_mixin.py:150} INFO - [2025-03-24T20:24:08.430+0000] {dag.py:2742} INFO - Sync 1 DAGs
[2025-03-24T20:24:08.450+0000] {logging_mixin.py:150} INFO - [2025-03-24T20:24:08.450+0000] {dag.py:3504} INFO - Setting next_dagrun for example_sensor_decorator to None, run_after=None
[2025-03-24T20:24:08.476+0000] {processor.py:179} INFO - Processing /home/vscode/.local/lib/python3.10/site-packages/airflow/example_dags/example_sensor_decorator.py took 0.066 seconds
[2025-03-24T20:24:54.455+0000] {processor.py:157} INFO - Started process (PID=30376) to work on /home/vscode/.local/lib/python3.10/site-packages/airflow/example_dags/example_sensor_decorator.py
[2025-03-24T20:24:54.456+0000] {processor.py:826} INFO - Processing file /home/vscode/.local/lib/python3.10/site-packages/airflow/example_dags/example_sensor_decorator.py for tasks to queue
[2025-03-24T20:24:54.456+0000] {logging_mixin.py:150} INFO - [2025-03-24T20:24:54.456+0000] {dagbag.py:541} INFO - Filling up the DagBag from /home/vscode/.local/lib/python3.10/site-packages/airflow/example_dags/example_sensor_decorator.py
[2025-03-24T20:24:54.461+0000] {processor.py:836} INFO - DAG(s) dict_keys(['example_sensor_decorator']) retrieved from /home/vscode/.local/lib/python3.10/site-packages/airflow/example_dags/example_sensor_decorator.py
[2025-03-24T20:24:54.472+0000] {logging_mixin.py:150} INFO - [2025-03-24T20:24:54.472+0000] {dag.py:2742} INFO - Sync 1 DAGs
[2025-03-24T20:24:54.485+0000] {logging_mixin.py:150} INFO - [2025-03-24T20:24:54.485+0000] {dag.py:3504} INFO - Setting next_dagrun for example_sensor_decorator to None, run_after=None
[2025-03-24T20:24:54.501+0000] {processor.py:179} INFO - Processing /home/vscode/.local/lib/python3.10/site-packages/airflow/example_dags/example_sensor_decorator.py took 0.048 seconds
[2025-03-24T20:25:36.982+0000] {processor.py:157} INFO - Started process (PID=30700) to work on /home/vscode/.local/lib/python3.10/site-packages/airflow/example_dags/example_sensor_decorator.py
[2025-03-24T20:25:36.983+0000] {processor.py:826} INFO - Processing file /home/vscode/.local/lib/python3.10/site-packages/airflow/example_dags/example_sensor_decorator.py for tasks to queue
[2025-03-24T20:25:36.983+0000] {logging_mixin.py:150} INFO - [2025-03-24T20:25:36.983+0000] {dagbag.py:541} INFO - Filling up the DagBag from /home/vscode/.local/lib/python3.10/site-packages/airflow/example_dags/example_sensor_decorator.py
[2025-03-24T20:25:36.987+0000] {processor.py:836} INFO - DAG(s) dict_keys(['example_sensor_decorator']) retrieved from /home/vscode/.local/lib/python3.10/site-packages/airflow/example_dags/example_sensor_decorator.py
[2025-03-24T20:25:37.000+0000] {logging_mixin.py:150} INFO - [2025-03-24T20:25:37.000+0000] {dag.py:2742} INFO - Sync 1 DAGs
[2025-03-24T20:25:37.019+0000] {logging_mixin.py:150} INFO - [2025-03-24T20:25:37.019+0000] {dag.py:3504} INFO - Setting next_dagrun for example_sensor_decorator to None, run_after=None
[2025-03-24T20:25:37.040+0000] {processor.py:179} INFO - Processing /home/vscode/.local/lib/python3.10/site-packages/airflow/example_dags/example_sensor_decorator.py took 0.060 seconds
[2025-03-24T20:26:23.289+0000] {processor.py:157} INFO - Started process (PID=31046) to work on /home/vscode/.local/lib/python3.10/site-packages/airflow/example_dags/example_sensor_decorator.py
[2025-03-24T20:26:23.290+0000] {processor.py:826} INFO - Processing file /home/vscode/.local/lib/python3.10/site-packages/airflow/example_dags/example_sensor_decorator.py for tasks to queue
[2025-03-24T20:26:23.291+0000] {logging_mixin.py:150} INFO - [2025-03-24T20:26:23.290+0000] {dagbag.py:541} INFO - Filling up the DagBag from /home/vscode/.local/lib/python3.10/site-packages/airflow/example_dags/example_sensor_decorator.py
[2025-03-24T20:26:23.295+0000] {processor.py:836} INFO - DAG(s) dict_keys(['example_sensor_decorator']) retrieved from /home/vscode/.local/lib/python3.10/site-packages/airflow/example_dags/example_sensor_decorator.py
[2025-03-24T20:26:23.306+0000] {logging_mixin.py:150} INFO - [2025-03-24T20:26:23.306+0000] {dag.py:2742} INFO - Sync 1 DAGs
[2025-03-24T20:26:23.320+0000] {logging_mixin.py:150} INFO - [2025-03-24T20:26:23.320+0000] {dag.py:3504} INFO - Setting next_dagrun for example_sensor_decorator to None, run_after=None
[2025-03-24T20:26:23.334+0000] {processor.py:179} INFO - Processing /home/vscode/.local/lib/python3.10/site-packages/airflow/example_dags/example_sensor_decorator.py took 0.046 seconds
[2025-03-24T20:27:08.183+0000] {processor.py:157} INFO - Started process (PID=31478) to work on /home/vscode/.local/lib/python3.10/site-packages/airflow/example_dags/example_sensor_decorator.py
[2025-03-24T20:27:08.184+0000] {processor.py:826} INFO - Processing file /home/vscode/.local/lib/python3.10/site-packages/airflow/example_dags/example_sensor_decorator.py for tasks to queue
[2025-03-24T20:27:08.185+0000] {logging_mixin.py:150} INFO - [2025-03-24T20:27:08.184+0000] {dagbag.py:541} INFO - Filling up the DagBag from /home/vscode/.local/lib/python3.10/site-packages/airflow/example_dags/example_sensor_decorator.py
[2025-03-24T20:27:08.189+0000] {processor.py:836} INFO - DAG(s) dict_keys(['example_sensor_decorator']) retrieved from /home/vscode/.local/lib/python3.10/site-packages/airflow/example_dags/example_sensor_decorator.py
[2025-03-24T20:27:08.202+0000] {logging_mixin.py:150} INFO - [2025-03-24T20:27:08.201+0000] {dag.py:2742} INFO - Sync 1 DAGs
[2025-03-24T20:27:08.216+0000] {logging_mixin.py:150} INFO - [2025-03-24T20:27:08.216+0000] {dag.py:3504} INFO - Setting next_dagrun for example_sensor_decorator to None, run_after=None
[2025-03-24T20:27:08.241+0000] {processor.py:179} INFO - Processing /home/vscode/.local/lib/python3.10/site-packages/airflow/example_dags/example_sensor_decorator.py took 0.060 seconds
[2025-03-24T20:27:52.316+0000] {processor.py:157} INFO - Started process (PID=31852) to work on /home/vscode/.local/lib/python3.10/site-packages/airflow/example_dags/example_sensor_decorator.py
[2025-03-24T20:27:52.316+0000] {processor.py:826} INFO - Processing file /home/vscode/.local/lib/python3.10/site-packages/airflow/example_dags/example_sensor_decorator.py for tasks to queue
[2025-03-24T20:27:52.317+0000] {logging_mixin.py:150} INFO - [2025-03-24T20:27:52.317+0000] {dagbag.py:541} INFO - Filling up the DagBag from /home/vscode/.local/lib/python3.10/site-packages/airflow/example_dags/example_sensor_decorator.py
[2025-03-24T20:27:52.321+0000] {processor.py:836} INFO - DAG(s) dict_keys(['example_sensor_decorator']) retrieved from /home/vscode/.local/lib/python3.10/site-packages/airflow/example_dags/example_sensor_decorator.py
[2025-03-24T20:27:52.333+0000] {logging_mixin.py:150} INFO - [2025-03-24T20:27:52.333+0000] {dag.py:2742} INFO - Sync 1 DAGs
[2025-03-24T20:27:52.346+0000] {logging_mixin.py:150} INFO - [2025-03-24T20:27:52.346+0000] {dag.py:3504} INFO - Setting next_dagrun for example_sensor_decorator to None, run_after=None
[2025-03-24T20:27:52.361+0000] {processor.py:179} INFO - Processing /home/vscode/.local/lib/python3.10/site-packages/airflow/example_dags/example_sensor_decorator.py took 0.047 seconds
[2025-03-24T20:28:36.707+0000] {processor.py:157} INFO - Started process (PID=32164) to work on /home/vscode/.local/lib/python3.10/site-packages/airflow/example_dags/example_sensor_decorator.py
[2025-03-24T20:28:36.708+0000] {processor.py:826} INFO - Processing file /home/vscode/.local/lib/python3.10/site-packages/airflow/example_dags/example_sensor_decorator.py for tasks to queue
[2025-03-24T20:28:36.708+0000] {logging_mixin.py:150} INFO - [2025-03-24T20:28:36.708+0000] {dagbag.py:541} INFO - Filling up the DagBag from /home/vscode/.local/lib/python3.10/site-packages/airflow/example_dags/example_sensor_decorator.py
[2025-03-24T20:28:36.712+0000] {processor.py:836} INFO - DAG(s) dict_keys(['example_sensor_decorator']) retrieved from /home/vscode/.local/lib/python3.10/site-packages/airflow/example_dags/example_sensor_decorator.py
[2025-03-24T20:28:36.723+0000] {logging_mixin.py:150} INFO - [2025-03-24T20:28:36.723+0000] {dag.py:2742} INFO - Sync 1 DAGs
[2025-03-24T20:28:36.737+0000] {logging_mixin.py:150} INFO - [2025-03-24T20:28:36.737+0000] {dag.py:3504} INFO - Setting next_dagrun for example_sensor_decorator to None, run_after=None
[2025-03-24T20:28:36.752+0000] {processor.py:179} INFO - Processing /home/vscode/.local/lib/python3.10/site-packages/airflow/example_dags/example_sensor_decorator.py took 0.047 seconds
[2025-03-24T20:29:20.140+0000] {processor.py:157} INFO - Started process (PID=32470) to work on /home/vscode/.local/lib/python3.10/site-packages/airflow/example_dags/example_sensor_decorator.py
[2025-03-24T20:29:20.141+0000] {processor.py:826} INFO - Processing file /home/vscode/.local/lib/python3.10/site-packages/airflow/example_dags/example_sensor_decorator.py for tasks to queue
[2025-03-24T20:29:20.142+0000] {logging_mixin.py:150} INFO - [2025-03-24T20:29:20.142+0000] {dagbag.py:541} INFO - Filling up the DagBag from /home/vscode/.local/lib/python3.10/site-packages/airflow/example_dags/example_sensor_decorator.py
[2025-03-24T20:29:20.148+0000] {processor.py:836} INFO - DAG(s) dict_keys(['example_sensor_decorator']) retrieved from /home/vscode/.local/lib/python3.10/site-packages/airflow/example_dags/example_sensor_decorator.py
[2025-03-24T20:29:20.165+0000] {logging_mixin.py:150} INFO - [2025-03-24T20:29:20.164+0000] {dag.py:2742} INFO - Sync 1 DAGs
[2025-03-24T20:29:20.185+0000] {logging_mixin.py:150} INFO - [2025-03-24T20:29:20.185+0000] {dag.py:3504} INFO - Setting next_dagrun for example_sensor_decorator to None, run_after=None
[2025-03-24T20:29:20.199+0000] {processor.py:179} INFO - Processing /home/vscode/.local/lib/python3.10/site-packages/airflow/example_dags/example_sensor_decorator.py took 0.062 seconds
[2025-03-24T20:30:05.330+0000] {processor.py:157} INFO - Started process (PID=32792) to work on /home/vscode/.local/lib/python3.10/site-packages/airflow/example_dags/example_sensor_decorator.py
[2025-03-24T20:30:05.331+0000] {processor.py:826} INFO - Processing file /home/vscode/.local/lib/python3.10/site-packages/airflow/example_dags/example_sensor_decorator.py for tasks to queue
[2025-03-24T20:30:05.332+0000] {logging_mixin.py:150} INFO - [2025-03-24T20:30:05.332+0000] {dagbag.py:541} INFO - Filling up the DagBag from /home/vscode/.local/lib/python3.10/site-packages/airflow/example_dags/example_sensor_decorator.py
[2025-03-24T20:30:05.336+0000] {processor.py:836} INFO - DAG(s) dict_keys(['example_sensor_decorator']) retrieved from /home/vscode/.local/lib/python3.10/site-packages/airflow/example_dags/example_sensor_decorator.py
[2025-03-24T20:30:05.348+0000] {logging_mixin.py:150} INFO - [2025-03-24T20:30:05.348+0000] {dag.py:2742} INFO - Sync 1 DAGs
[2025-03-24T20:30:05.362+0000] {logging_mixin.py:150} INFO - [2025-03-24T20:30:05.362+0000] {dag.py:3504} INFO - Setting next_dagrun for example_sensor_decorator to None, run_after=None
[2025-03-24T20:30:05.377+0000] {processor.py:179} INFO - Processing /home/vscode/.local/lib/python3.10/site-packages/airflow/example_dags/example_sensor_decorator.py took 0.049 seconds
[2025-03-24T20:30:52.637+0000] {processor.py:157} INFO - Started process (PID=33107) to work on /home/vscode/.local/lib/python3.10/site-packages/airflow/example_dags/example_sensor_decorator.py
[2025-03-24T20:30:52.637+0000] {processor.py:826} INFO - Processing file /home/vscode/.local/lib/python3.10/site-packages/airflow/example_dags/example_sensor_decorator.py for tasks to queue
[2025-03-24T20:30:52.638+0000] {logging_mixin.py:150} INFO - [2025-03-24T20:30:52.638+0000] {dagbag.py:541} INFO - Filling up the DagBag from /home/vscode/.local/lib/python3.10/site-packages/airflow/example_dags/example_sensor_decorator.py
[2025-03-24T20:30:52.642+0000] {processor.py:836} INFO - DAG(s) dict_keys(['example_sensor_decorator']) retrieved from /home/vscode/.local/lib/python3.10/site-packages/airflow/example_dags/example_sensor_decorator.py
[2025-03-24T20:30:52.654+0000] {logging_mixin.py:150} INFO - [2025-03-24T20:30:52.654+0000] {dag.py:2742} INFO - Sync 1 DAGs
[2025-03-24T20:30:52.667+0000] {logging_mixin.py:150} INFO - [2025-03-24T20:30:52.667+0000] {dag.py:3504} INFO - Setting next_dagrun for example_sensor_decorator to None, run_after=None
[2025-03-24T20:30:52.683+0000] {processor.py:179} INFO - Processing /home/vscode/.local/lib/python3.10/site-packages/airflow/example_dags/example_sensor_decorator.py took 0.049 seconds
[2025-03-24T20:31:35.272+0000] {processor.py:157} INFO - Started process (PID=33399) to work on /home/vscode/.local/lib/python3.10/site-packages/airflow/example_dags/example_sensor_decorator.py
[2025-03-24T20:31:35.272+0000] {processor.py:826} INFO - Processing file /home/vscode/.local/lib/python3.10/site-packages/airflow/example_dags/example_sensor_decorator.py for tasks to queue
[2025-03-24T20:31:35.273+0000] {logging_mixin.py:150} INFO - [2025-03-24T20:31:35.273+0000] {dagbag.py:541} INFO - Filling up the DagBag from /home/vscode/.local/lib/python3.10/site-packages/airflow/example_dags/example_sensor_decorator.py
[2025-03-24T20:31:35.278+0000] {processor.py:836} INFO - DAG(s) dict_keys(['example_sensor_decorator']) retrieved from /home/vscode/.local/lib/python3.10/site-packages/airflow/example_dags/example_sensor_decorator.py
[2025-03-24T20:31:35.289+0000] {logging_mixin.py:150} INFO - [2025-03-24T20:31:35.289+0000] {dag.py:2742} INFO - Sync 1 DAGs
[2025-03-24T20:31:35.303+0000] {logging_mixin.py:150} INFO - [2025-03-24T20:31:35.302+0000] {dag.py:3504} INFO - Setting next_dagrun for example_sensor_decorator to None, run_after=None
[2025-03-24T20:31:35.317+0000] {processor.py:179} INFO - Processing /home/vscode/.local/lib/python3.10/site-packages/airflow/example_dags/example_sensor_decorator.py took 0.048 seconds
[2025-03-24T20:32:17.517+0000] {processor.py:157} INFO - Started process (PID=33677) to work on /home/vscode/.local/lib/python3.10/site-packages/airflow/example_dags/example_sensor_decorator.py
[2025-03-24T20:32:17.517+0000] {processor.py:826} INFO - Processing file /home/vscode/.local/lib/python3.10/site-packages/airflow/example_dags/example_sensor_decorator.py for tasks to queue
[2025-03-24T20:32:17.518+0000] {logging_mixin.py:150} INFO - [2025-03-24T20:32:17.518+0000] {dagbag.py:541} INFO - Filling up the DagBag from /home/vscode/.local/lib/python3.10/site-packages/airflow/example_dags/example_sensor_decorator.py
[2025-03-24T20:32:17.522+0000] {processor.py:836} INFO - DAG(s) dict_keys(['example_sensor_decorator']) retrieved from /home/vscode/.local/lib/python3.10/site-packages/airflow/example_dags/example_sensor_decorator.py
[2025-03-24T20:32:17.533+0000] {logging_mixin.py:150} INFO - [2025-03-24T20:32:17.533+0000] {dag.py:2742} INFO - Sync 1 DAGs
[2025-03-24T20:32:17.547+0000] {logging_mixin.py:150} INFO - [2025-03-24T20:32:17.547+0000] {dag.py:3504} INFO - Setting next_dagrun for example_sensor_decorator to None, run_after=None
[2025-03-24T20:32:17.562+0000] {processor.py:179} INFO - Processing /home/vscode/.local/lib/python3.10/site-packages/airflow/example_dags/example_sensor_decorator.py took 0.048 seconds
[2025-03-24T20:33:03.798+0000] {processor.py:157} INFO - Started process (PID=34007) to work on /home/vscode/.local/lib/python3.10/site-packages/airflow/example_dags/example_sensor_decorator.py
[2025-03-24T20:33:03.798+0000] {processor.py:826} INFO - Processing file /home/vscode/.local/lib/python3.10/site-packages/airflow/example_dags/example_sensor_decorator.py for tasks to queue
[2025-03-24T20:33:03.799+0000] {logging_mixin.py:150} INFO - [2025-03-24T20:33:03.799+0000] {dagbag.py:541} INFO - Filling up the DagBag from /home/vscode/.local/lib/python3.10/site-packages/airflow/example_dags/example_sensor_decorator.py
[2025-03-24T20:33:03.804+0000] {processor.py:836} INFO - DAG(s) dict_keys(['example_sensor_decorator']) retrieved from /home/vscode/.local/lib/python3.10/site-packages/airflow/example_dags/example_sensor_decorator.py
[2025-03-24T20:33:03.815+0000] {logging_mixin.py:150} INFO - [2025-03-24T20:33:03.814+0000] {dag.py:2742} INFO - Sync 1 DAGs
[2025-03-24T20:33:03.829+0000] {logging_mixin.py:150} INFO - [2025-03-24T20:33:03.829+0000] {dag.py:3504} INFO - Setting next_dagrun for example_sensor_decorator to None, run_after=None
[2025-03-24T20:33:03.844+0000] {processor.py:179} INFO - Processing /home/vscode/.local/lib/python3.10/site-packages/airflow/example_dags/example_sensor_decorator.py took 0.048 seconds
[2025-03-24T20:33:51.481+0000] {processor.py:157} INFO - Started process (PID=34407) to work on /home/vscode/.local/lib/python3.10/site-packages/airflow/example_dags/example_sensor_decorator.py
[2025-03-24T20:33:51.481+0000] {processor.py:826} INFO - Processing file /home/vscode/.local/lib/python3.10/site-packages/airflow/example_dags/example_sensor_decorator.py for tasks to queue
[2025-03-24T20:33:51.482+0000] {logging_mixin.py:150} INFO - [2025-03-24T20:33:51.482+0000] {dagbag.py:541} INFO - Filling up the DagBag from /home/vscode/.local/lib/python3.10/site-packages/airflow/example_dags/example_sensor_decorator.py
[2025-03-24T20:33:51.486+0000] {processor.py:836} INFO - DAG(s) dict_keys(['example_sensor_decorator']) retrieved from /home/vscode/.local/lib/python3.10/site-packages/airflow/example_dags/example_sensor_decorator.py
[2025-03-24T20:33:51.497+0000] {logging_mixin.py:150} INFO - [2025-03-24T20:33:51.497+0000] {dag.py:2742} INFO - Sync 1 DAGs
[2025-03-24T20:33:51.511+0000] {logging_mixin.py:150} INFO - [2025-03-24T20:33:51.511+0000] {dag.py:3504} INFO - Setting next_dagrun for example_sensor_decorator to None, run_after=None
[2025-03-24T20:33:51.525+0000] {processor.py:179} INFO - Processing /home/vscode/.local/lib/python3.10/site-packages/airflow/example_dags/example_sensor_decorator.py took 0.047 seconds
[2025-03-24T20:34:31.484+0000] {processor.py:157} INFO - Started process (PID=34668) to work on /home/vscode/.local/lib/python3.10/site-packages/airflow/example_dags/example_sensor_decorator.py
[2025-03-24T20:34:31.485+0000] {processor.py:826} INFO - Processing file /home/vscode/.local/lib/python3.10/site-packages/airflow/example_dags/example_sensor_decorator.py for tasks to queue
[2025-03-24T20:34:31.486+0000] {logging_mixin.py:150} INFO - [2025-03-24T20:34:31.485+0000] {dagbag.py:541} INFO - Filling up the DagBag from /home/vscode/.local/lib/python3.10/site-packages/airflow/example_dags/example_sensor_decorator.py
[2025-03-24T20:34:31.492+0000] {processor.py:836} INFO - DAG(s) dict_keys(['example_sensor_decorator']) retrieved from /home/vscode/.local/lib/python3.10/site-packages/airflow/example_dags/example_sensor_decorator.py
[2025-03-24T20:34:31.510+0000] {logging_mixin.py:150} INFO - [2025-03-24T20:34:31.510+0000] {dag.py:2742} INFO - Sync 1 DAGs
[2025-03-24T20:34:31.531+0000] {logging_mixin.py:150} INFO - [2025-03-24T20:34:31.531+0000] {dag.py:3504} INFO - Setting next_dagrun for example_sensor_decorator to None, run_after=None
[2025-03-24T20:34:31.551+0000] {processor.py:179} INFO - Processing /home/vscode/.local/lib/python3.10/site-packages/airflow/example_dags/example_sensor_decorator.py took 0.070 seconds
[2025-03-24T20:35:16.611+0000] {processor.py:157} INFO - Started process (PID=34974) to work on /home/vscode/.local/lib/python3.10/site-packages/airflow/example_dags/example_sensor_decorator.py
[2025-03-24T20:35:16.612+0000] {processor.py:826} INFO - Processing file /home/vscode/.local/lib/python3.10/site-packages/airflow/example_dags/example_sensor_decorator.py for tasks to queue
[2025-03-24T20:35:16.612+0000] {logging_mixin.py:150} INFO - [2025-03-24T20:35:16.612+0000] {dagbag.py:541} INFO - Filling up the DagBag from /home/vscode/.local/lib/python3.10/site-packages/airflow/example_dags/example_sensor_decorator.py
[2025-03-24T20:35:16.617+0000] {processor.py:836} INFO - DAG(s) dict_keys(['example_sensor_decorator']) retrieved from /home/vscode/.local/lib/python3.10/site-packages/airflow/example_dags/example_sensor_decorator.py
[2025-03-24T20:35:16.628+0000] {logging_mixin.py:150} INFO - [2025-03-24T20:35:16.628+0000] {dag.py:2742} INFO - Sync 1 DAGs
[2025-03-24T20:35:16.645+0000] {logging_mixin.py:150} INFO - [2025-03-24T20:35:16.645+0000] {dag.py:3504} INFO - Setting next_dagrun for example_sensor_decorator to None, run_after=None
[2025-03-24T20:35:16.664+0000] {processor.py:179} INFO - Processing /home/vscode/.local/lib/python3.10/site-packages/airflow/example_dags/example_sensor_decorator.py took 0.055 seconds
[2025-03-24T20:36:00.034+0000] {processor.py:157} INFO - Started process (PID=35273) to work on /home/vscode/.local/lib/python3.10/site-packages/airflow/example_dags/example_sensor_decorator.py
[2025-03-24T20:36:00.035+0000] {processor.py:826} INFO - Processing file /home/vscode/.local/lib/python3.10/site-packages/airflow/example_dags/example_sensor_decorator.py for tasks to queue
[2025-03-24T20:36:00.035+0000] {logging_mixin.py:150} INFO - [2025-03-24T20:36:00.035+0000] {dagbag.py:541} INFO - Filling up the DagBag from /home/vscode/.local/lib/python3.10/site-packages/airflow/example_dags/example_sensor_decorator.py
[2025-03-24T20:36:00.039+0000] {processor.py:836} INFO - DAG(s) dict_keys(['example_sensor_decorator']) retrieved from /home/vscode/.local/lib/python3.10/site-packages/airflow/example_dags/example_sensor_decorator.py
[2025-03-24T20:36:00.051+0000] {logging_mixin.py:150} INFO - [2025-03-24T20:36:00.051+0000] {dag.py:2742} INFO - Sync 1 DAGs
[2025-03-24T20:36:00.064+0000] {logging_mixin.py:150} INFO - [2025-03-24T20:36:00.064+0000] {dag.py:3504} INFO - Setting next_dagrun for example_sensor_decorator to None, run_after=None
[2025-03-24T20:36:00.080+0000] {processor.py:179} INFO - Processing /home/vscode/.local/lib/python3.10/site-packages/airflow/example_dags/example_sensor_decorator.py took 0.048 seconds
[2025-03-24T20:36:44.939+0000] {processor.py:157} INFO - Started process (PID=35590) to work on /home/vscode/.local/lib/python3.10/site-packages/airflow/example_dags/example_sensor_decorator.py
[2025-03-24T20:36:44.940+0000] {processor.py:826} INFO - Processing file /home/vscode/.local/lib/python3.10/site-packages/airflow/example_dags/example_sensor_decorator.py for tasks to queue
[2025-03-24T20:36:44.941+0000] {logging_mixin.py:150} INFO - [2025-03-24T20:36:44.940+0000] {dagbag.py:541} INFO - Filling up the DagBag from /home/vscode/.local/lib/python3.10/site-packages/airflow/example_dags/example_sensor_decorator.py
[2025-03-24T20:36:44.945+0000] {processor.py:836} INFO - DAG(s) dict_keys(['example_sensor_decorator']) retrieved from /home/vscode/.local/lib/python3.10/site-packages/airflow/example_dags/example_sensor_decorator.py
[2025-03-24T20:36:44.956+0000] {logging_mixin.py:150} INFO - [2025-03-24T20:36:44.956+0000] {dag.py:2742} INFO - Sync 1 DAGs
[2025-03-24T20:36:44.969+0000] {logging_mixin.py:150} INFO - [2025-03-24T20:36:44.969+0000] {dag.py:3504} INFO - Setting next_dagrun for example_sensor_decorator to None, run_after=None
[2025-03-24T20:36:44.984+0000] {processor.py:179} INFO - Processing /home/vscode/.local/lib/python3.10/site-packages/airflow/example_dags/example_sensor_decorator.py took 0.047 seconds
[2025-03-24T20:37:30.125+0000] {processor.py:157} INFO - Started process (PID=35922) to work on /home/vscode/.local/lib/python3.10/site-packages/airflow/example_dags/example_sensor_decorator.py
[2025-03-24T20:37:30.125+0000] {processor.py:826} INFO - Processing file /home/vscode/.local/lib/python3.10/site-packages/airflow/example_dags/example_sensor_decorator.py for tasks to queue
[2025-03-24T20:37:30.126+0000] {logging_mixin.py:150} INFO - [2025-03-24T20:37:30.126+0000] {dagbag.py:541} INFO - Filling up the DagBag from /home/vscode/.local/lib/python3.10/site-packages/airflow/example_dags/example_sensor_decorator.py
[2025-03-24T20:37:30.130+0000] {processor.py:836} INFO - DAG(s) dict_keys(['example_sensor_decorator']) retrieved from /home/vscode/.local/lib/python3.10/site-packages/airflow/example_dags/example_sensor_decorator.py
[2025-03-24T20:37:30.142+0000] {logging_mixin.py:150} INFO - [2025-03-24T20:37:30.142+0000] {dag.py:2742} INFO - Sync 1 DAGs
[2025-03-24T20:37:30.156+0000] {logging_mixin.py:150} INFO - [2025-03-24T20:37:30.156+0000] {dag.py:3504} INFO - Setting next_dagrun for example_sensor_decorator to None, run_after=None
[2025-03-24T20:37:30.171+0000] {processor.py:179} INFO - Processing /home/vscode/.local/lib/python3.10/site-packages/airflow/example_dags/example_sensor_decorator.py took 0.048 seconds
