[2025-03-24T20:12:55.346+0000] {processor.py:157} INFO - Started process (PID=25248) to work on /home/vscode/.local/lib/python3.10/site-packages/airflow/example_dags/example_datasets.py
[2025-03-24T20:12:55.346+0000] {processor.py:826} INFO - Processing file /home/vscode/.local/lib/python3.10/site-packages/airflow/example_dags/example_datasets.py for tasks to queue
[2025-03-24T20:12:55.347+0000] {logging_mixin.py:150} INFO - [2025-03-24T20:12:55.346+0000] {dagbag.py:541} INFO - Filling up the DagBag from /home/vscode/.local/lib/python3.10/site-packages/airflow/example_dags/example_datasets.py
[2025-03-24T20:12:55.353+0000] {processor.py:836} INFO - DAG(s) dict_keys(['dataset_produces_1', 'dataset_consumes_unknown_never_scheduled', 'dataset_consumes_1_and_2', 'dataset_consumes_1', 'dataset_consumes_1_never_scheduled', 'dataset_produces_2']) retrieved from /home/vscode/.local/lib/python3.10/site-packages/airflow/example_dags/example_datasets.py
[2025-03-24T20:12:55.426+0000] {logging_mixin.py:150} INFO - [2025-03-24T20:12:55.426+0000] {manager.py:504} INFO - Created Permission View: can delete on DAG:dataset_produces_1
[2025-03-24T20:12:55.434+0000] {logging_mixin.py:150} INFO - [2025-03-24T20:12:55.434+0000] {manager.py:504} INFO - Created Permission View: can edit on DAG:dataset_produces_1
[2025-03-24T20:12:55.441+0000] {logging_mixin.py:150} INFO - [2025-03-24T20:12:55.440+0000] {manager.py:504} INFO - Created Permission View: can read on DAG:dataset_produces_1
[2025-03-24T20:12:55.459+0000] {logging_mixin.py:150} INFO - [2025-03-24T20:12:55.459+0000] {manager.py:504} INFO - Created Permission View: can delete on DAG:dataset_consumes_unknown_never_scheduled
[2025-03-24T20:12:55.465+0000] {logging_mixin.py:150} INFO - [2025-03-24T20:12:55.465+0000] {manager.py:504} INFO - Created Permission View: can edit on DAG:dataset_consumes_unknown_never_scheduled
[2025-03-24T20:12:55.471+0000] {logging_mixin.py:150} INFO - [2025-03-24T20:12:55.471+0000] {manager.py:504} INFO - Created Permission View: can read on DAG:dataset_consumes_unknown_never_scheduled
[2025-03-24T20:12:55.487+0000] {logging_mixin.py:150} INFO - [2025-03-24T20:12:55.487+0000] {manager.py:504} INFO - Created Permission View: can delete on DAG:dataset_consumes_1_and_2
[2025-03-24T20:12:55.492+0000] {logging_mixin.py:150} INFO - [2025-03-24T20:12:55.492+0000] {manager.py:504} INFO - Created Permission View: can edit on DAG:dataset_consumes_1_and_2
[2025-03-24T20:12:55.499+0000] {logging_mixin.py:150} INFO - [2025-03-24T20:12:55.498+0000] {manager.py:504} INFO - Created Permission View: can read on DAG:dataset_consumes_1_and_2
[2025-03-24T20:12:55.514+0000] {logging_mixin.py:150} INFO - [2025-03-24T20:12:55.514+0000] {manager.py:504} INFO - Created Permission View: can delete on DAG:dataset_consumes_1
[2025-03-24T20:12:55.520+0000] {logging_mixin.py:150} INFO - [2025-03-24T20:12:55.520+0000] {manager.py:504} INFO - Created Permission View: can edit on DAG:dataset_consumes_1
[2025-03-24T20:12:55.526+0000] {logging_mixin.py:150} INFO - [2025-03-24T20:12:55.526+0000] {manager.py:504} INFO - Created Permission View: can read on DAG:dataset_consumes_1
[2025-03-24T20:12:55.541+0000] {logging_mixin.py:150} INFO - [2025-03-24T20:12:55.541+0000] {manager.py:504} INFO - Created Permission View: can delete on DAG:dataset_consumes_1_never_scheduled
[2025-03-24T20:12:55.547+0000] {logging_mixin.py:150} INFO - [2025-03-24T20:12:55.547+0000] {manager.py:504} INFO - Created Permission View: can edit on DAG:dataset_consumes_1_never_scheduled
[2025-03-24T20:12:55.553+0000] {logging_mixin.py:150} INFO - [2025-03-24T20:12:55.553+0000] {manager.py:504} INFO - Created Permission View: can read on DAG:dataset_consumes_1_never_scheduled
[2025-03-24T20:12:55.567+0000] {logging_mixin.py:150} INFO - [2025-03-24T20:12:55.567+0000] {manager.py:504} INFO - Created Permission View: can delete on DAG:dataset_produces_2
[2025-03-24T20:12:55.573+0000] {logging_mixin.py:150} INFO - [2025-03-24T20:12:55.573+0000] {manager.py:504} INFO - Created Permission View: can edit on DAG:dataset_produces_2
[2025-03-24T20:12:55.579+0000] {logging_mixin.py:150} INFO - [2025-03-24T20:12:55.578+0000] {manager.py:504} INFO - Created Permission View: can read on DAG:dataset_produces_2
[2025-03-24T20:12:55.582+0000] {logging_mixin.py:150} INFO - [2025-03-24T20:12:55.582+0000] {dag.py:2742} INFO - Sync 6 DAGs
[2025-03-24T20:12:55.589+0000] {logging_mixin.py:150} INFO - [2025-03-24T20:12:55.588+0000] {dag.py:2763} INFO - Creating ORM DAG for dataset_produces_1
[2025-03-24T20:12:55.589+0000] {logging_mixin.py:150} INFO - [2025-03-24T20:12:55.589+0000] {dag.py:2763} INFO - Creating ORM DAG for dataset_consumes_unknown_never_scheduled
[2025-03-24T20:12:55.589+0000] {logging_mixin.py:150} INFO - [2025-03-24T20:12:55.589+0000] {dag.py:2763} INFO - Creating ORM DAG for dataset_consumes_1_never_scheduled
[2025-03-24T20:12:55.590+0000] {logging_mixin.py:150} INFO - [2025-03-24T20:12:55.590+0000] {dag.py:2763} INFO - Creating ORM DAG for dataset_produces_2
[2025-03-24T20:12:55.590+0000] {logging_mixin.py:150} INFO - [2025-03-24T20:12:55.590+0000] {dag.py:2763} INFO - Creating ORM DAG for dataset_consumes_1
[2025-03-24T20:12:55.590+0000] {logging_mixin.py:150} INFO - [2025-03-24T20:12:55.590+0000] {dag.py:2763} INFO - Creating ORM DAG for dataset_consumes_1_and_2
[2025-03-24T20:12:55.597+0000] {logging_mixin.py:150} INFO - [2025-03-24T20:12:55.597+0000] {dag.py:3504} INFO - Setting next_dagrun for dataset_consumes_1 to None, run_after=None
[2025-03-24T20:12:55.598+0000] {logging_mixin.py:150} INFO - [2025-03-24T20:12:55.597+0000] {dag.py:3504} INFO - Setting next_dagrun for dataset_consumes_1_and_2 to None, run_after=None
[2025-03-24T20:12:55.598+0000] {logging_mixin.py:150} INFO - [2025-03-24T20:12:55.598+0000] {dag.py:3504} INFO - Setting next_dagrun for dataset_consumes_1_never_scheduled to None, run_after=None
[2025-03-24T20:12:55.598+0000] {logging_mixin.py:150} INFO - [2025-03-24T20:12:55.598+0000] {dag.py:3504} INFO - Setting next_dagrun for dataset_consumes_unknown_never_scheduled to None, run_after=None
[2025-03-24T20:12:55.600+0000] {logging_mixin.py:150} INFO - [2025-03-24T20:12:55.600+0000] {dag.py:3504} INFO - Setting next_dagrun for dataset_produces_1 to 2025-03-23T00:00:00+00:00, run_after=2025-03-24T00:00:00+00:00
[2025-03-24T20:12:55.600+0000] {logging_mixin.py:150} INFO - [2025-03-24T20:12:55.600+0000] {dag.py:3504} INFO - Setting next_dagrun for dataset_produces_2 to None, run_after=None
[2025-03-24T20:12:55.625+0000] {processor.py:179} INFO - Processing /home/vscode/.local/lib/python3.10/site-packages/airflow/example_dags/example_datasets.py took 0.282 seconds
[2025-03-24T20:13:41.203+0000] {processor.py:157} INFO - Started process (PID=25565) to work on /home/vscode/.local/lib/python3.10/site-packages/airflow/example_dags/example_datasets.py
[2025-03-24T20:13:41.204+0000] {processor.py:826} INFO - Processing file /home/vscode/.local/lib/python3.10/site-packages/airflow/example_dags/example_datasets.py for tasks to queue
[2025-03-24T20:13:41.204+0000] {logging_mixin.py:150} INFO - [2025-03-24T20:13:41.204+0000] {dagbag.py:541} INFO - Filling up the DagBag from /home/vscode/.local/lib/python3.10/site-packages/airflow/example_dags/example_datasets.py
[2025-03-24T20:13:41.211+0000] {processor.py:836} INFO - DAG(s) dict_keys(['dataset_consumes_unknown_never_scheduled', 'dataset_consumes_1', 'dataset_consumes_1_and_2', 'dataset_consumes_1_never_scheduled', 'dataset_produces_1', 'dataset_produces_2']) retrieved from /home/vscode/.local/lib/python3.10/site-packages/airflow/example_dags/example_datasets.py
[2025-03-24T20:13:41.231+0000] {logging_mixin.py:150} INFO - [2025-03-24T20:13:41.231+0000] {dag.py:2742} INFO - Sync 6 DAGs
[2025-03-24T20:13:41.246+0000] {logging_mixin.py:150} INFO - [2025-03-24T20:13:41.246+0000] {dag.py:3504} INFO - Setting next_dagrun for dataset_consumes_1 to None, run_after=None
[2025-03-24T20:13:41.248+0000] {logging_mixin.py:150} INFO - [2025-03-24T20:13:41.248+0000] {dag.py:3504} INFO - Setting next_dagrun for dataset_consumes_1_and_2 to None, run_after=None
[2025-03-24T20:13:41.248+0000] {logging_mixin.py:150} INFO - [2025-03-24T20:13:41.248+0000] {dag.py:3504} INFO - Setting next_dagrun for dataset_consumes_1_never_scheduled to None, run_after=None
[2025-03-24T20:13:41.249+0000] {logging_mixin.py:150} INFO - [2025-03-24T20:13:41.249+0000] {dag.py:3504} INFO - Setting next_dagrun for dataset_consumes_unknown_never_scheduled to None, run_after=None
[2025-03-24T20:13:41.251+0000] {logging_mixin.py:150} INFO - [2025-03-24T20:13:41.251+0000] {dag.py:3504} INFO - Setting next_dagrun for dataset_produces_1 to 2025-03-23T00:00:00+00:00, run_after=2025-03-24T00:00:00+00:00
[2025-03-24T20:13:41.251+0000] {logging_mixin.py:150} INFO - [2025-03-24T20:13:41.251+0000] {dag.py:3504} INFO - Setting next_dagrun for dataset_produces_2 to None, run_after=None
[2025-03-24T20:13:41.273+0000] {processor.py:179} INFO - Processing /home/vscode/.local/lib/python3.10/site-packages/airflow/example_dags/example_datasets.py took 0.072 seconds
[2025-03-24T20:14:23.021+0000] {processor.py:157} INFO - Started process (PID=25845) to work on /home/vscode/.local/lib/python3.10/site-packages/airflow/example_dags/example_datasets.py
[2025-03-24T20:14:23.022+0000] {processor.py:826} INFO - Processing file /home/vscode/.local/lib/python3.10/site-packages/airflow/example_dags/example_datasets.py for tasks to queue
[2025-03-24T20:14:23.023+0000] {logging_mixin.py:150} INFO - [2025-03-24T20:14:23.022+0000] {dagbag.py:541} INFO - Filling up the DagBag from /home/vscode/.local/lib/python3.10/site-packages/airflow/example_dags/example_datasets.py
[2025-03-24T20:14:23.029+0000] {processor.py:836} INFO - DAG(s) dict_keys(['dataset_consumes_1_never_scheduled', 'dataset_consumes_1_and_2', 'dataset_consumes_1', 'dataset_produces_2', 'dataset_produces_1', 'dataset_consumes_unknown_never_scheduled']) retrieved from /home/vscode/.local/lib/python3.10/site-packages/airflow/example_dags/example_datasets.py
[2025-03-24T20:14:23.049+0000] {logging_mixin.py:150} INFO - [2025-03-24T20:14:23.049+0000] {dag.py:2742} INFO - Sync 6 DAGs
[2025-03-24T20:14:23.063+0000] {logging_mixin.py:150} INFO - [2025-03-24T20:14:23.063+0000] {dag.py:3504} INFO - Setting next_dagrun for dataset_consumes_1 to None, run_after=None
[2025-03-24T20:14:23.066+0000] {logging_mixin.py:150} INFO - [2025-03-24T20:14:23.066+0000] {dag.py:3504} INFO - Setting next_dagrun for dataset_consumes_1_and_2 to None, run_after=None
[2025-03-24T20:14:23.067+0000] {logging_mixin.py:150} INFO - [2025-03-24T20:14:23.066+0000] {dag.py:3504} INFO - Setting next_dagrun for dataset_consumes_1_never_scheduled to None, run_after=None
[2025-03-24T20:14:23.067+0000] {logging_mixin.py:150} INFO - [2025-03-24T20:14:23.067+0000] {dag.py:3504} INFO - Setting next_dagrun for dataset_consumes_unknown_never_scheduled to None, run_after=None
[2025-03-24T20:14:23.069+0000] {logging_mixin.py:150} INFO - [2025-03-24T20:14:23.069+0000] {dag.py:3504} INFO - Setting next_dagrun for dataset_produces_1 to 2025-03-23T00:00:00+00:00, run_after=2025-03-24T00:00:00+00:00
[2025-03-24T20:14:23.070+0000] {logging_mixin.py:150} INFO - [2025-03-24T20:14:23.069+0000] {dag.py:3504} INFO - Setting next_dagrun for dataset_produces_2 to None, run_after=None
[2025-03-24T20:14:23.091+0000] {processor.py:179} INFO - Processing /home/vscode/.local/lib/python3.10/site-packages/airflow/example_dags/example_datasets.py took 0.071 seconds
[2025-03-24T20:15:10.431+0000] {processor.py:157} INFO - Started process (PID=26175) to work on /home/vscode/.local/lib/python3.10/site-packages/airflow/example_dags/example_datasets.py
[2025-03-24T20:15:10.432+0000] {processor.py:826} INFO - Processing file /home/vscode/.local/lib/python3.10/site-packages/airflow/example_dags/example_datasets.py for tasks to queue
[2025-03-24T20:15:10.432+0000] {logging_mixin.py:150} INFO - [2025-03-24T20:15:10.432+0000] {dagbag.py:541} INFO - Filling up the DagBag from /home/vscode/.local/lib/python3.10/site-packages/airflow/example_dags/example_datasets.py
[2025-03-24T20:15:10.439+0000] {processor.py:836} INFO - DAG(s) dict_keys(['dataset_produces_1', 'dataset_consumes_unknown_never_scheduled', 'dataset_consumes_1', 'dataset_consumes_1_and_2', 'dataset_produces_2', 'dataset_consumes_1_never_scheduled']) retrieved from /home/vscode/.local/lib/python3.10/site-packages/airflow/example_dags/example_datasets.py
[2025-03-24T20:15:10.462+0000] {logging_mixin.py:150} INFO - [2025-03-24T20:15:10.462+0000] {dag.py:2742} INFO - Sync 6 DAGs
[2025-03-24T20:15:10.484+0000] {logging_mixin.py:150} INFO - [2025-03-24T20:15:10.484+0000] {dag.py:3504} INFO - Setting next_dagrun for dataset_consumes_1 to None, run_after=None
[2025-03-24T20:15:10.488+0000] {logging_mixin.py:150} INFO - [2025-03-24T20:15:10.487+0000] {dag.py:3504} INFO - Setting next_dagrun for dataset_consumes_1_and_2 to None, run_after=None
[2025-03-24T20:15:10.488+0000] {logging_mixin.py:150} INFO - [2025-03-24T20:15:10.488+0000] {dag.py:3504} INFO - Setting next_dagrun for dataset_consumes_1_never_scheduled to None, run_after=None
[2025-03-24T20:15:10.489+0000] {logging_mixin.py:150} INFO - [2025-03-24T20:15:10.489+0000] {dag.py:3504} INFO - Setting next_dagrun for dataset_consumes_unknown_never_scheduled to None, run_after=None
[2025-03-24T20:15:10.493+0000] {logging_mixin.py:150} INFO - [2025-03-24T20:15:10.493+0000] {dag.py:3504} INFO - Setting next_dagrun for dataset_produces_1 to 2025-03-23T00:00:00+00:00, run_after=2025-03-24T00:00:00+00:00
[2025-03-24T20:15:10.494+0000] {logging_mixin.py:150} INFO - [2025-03-24T20:15:10.493+0000] {dag.py:3504} INFO - Setting next_dagrun for dataset_produces_2 to None, run_after=None
[2025-03-24T20:15:10.522+0000] {processor.py:179} INFO - Processing /home/vscode/.local/lib/python3.10/site-packages/airflow/example_dags/example_datasets.py took 0.093 seconds
[2025-03-24T20:16:00.593+0000] {processor.py:157} INFO - Started process (PID=26514) to work on /home/vscode/.local/lib/python3.10/site-packages/airflow/example_dags/example_datasets.py
[2025-03-24T20:16:00.593+0000] {processor.py:826} INFO - Processing file /home/vscode/.local/lib/python3.10/site-packages/airflow/example_dags/example_datasets.py for tasks to queue
[2025-03-24T20:16:00.594+0000] {logging_mixin.py:150} INFO - [2025-03-24T20:16:00.594+0000] {dagbag.py:541} INFO - Filling up the DagBag from /home/vscode/.local/lib/python3.10/site-packages/airflow/example_dags/example_datasets.py
[2025-03-24T20:16:00.600+0000] {processor.py:836} INFO - DAG(s) dict_keys(['dataset_consumes_1_and_2', 'dataset_produces_2', 'dataset_produces_1', 'dataset_consumes_1_never_scheduled', 'dataset_consumes_unknown_never_scheduled', 'dataset_consumes_1']) retrieved from /home/vscode/.local/lib/python3.10/site-packages/airflow/example_dags/example_datasets.py
[2025-03-24T20:16:00.620+0000] {logging_mixin.py:150} INFO - [2025-03-24T20:16:00.620+0000] {dag.py:2742} INFO - Sync 6 DAGs
[2025-03-24T20:16:00.635+0000] {logging_mixin.py:150} INFO - [2025-03-24T20:16:00.634+0000] {dag.py:3504} INFO - Setting next_dagrun for dataset_consumes_1 to None, run_after=None
[2025-03-24T20:16:00.637+0000] {logging_mixin.py:150} INFO - [2025-03-24T20:16:00.636+0000] {dag.py:3504} INFO - Setting next_dagrun for dataset_consumes_1_and_2 to None, run_after=None
[2025-03-24T20:16:00.637+0000] {logging_mixin.py:150} INFO - [2025-03-24T20:16:00.637+0000] {dag.py:3504} INFO - Setting next_dagrun for dataset_consumes_1_never_scheduled to None, run_after=None
[2025-03-24T20:16:00.638+0000] {logging_mixin.py:150} INFO - [2025-03-24T20:16:00.638+0000] {dag.py:3504} INFO - Setting next_dagrun for dataset_consumes_unknown_never_scheduled to None, run_after=None
[2025-03-24T20:16:00.640+0000] {logging_mixin.py:150} INFO - [2025-03-24T20:16:00.640+0000] {dag.py:3504} INFO - Setting next_dagrun for dataset_produces_1 to 2025-03-23T00:00:00+00:00, run_after=2025-03-24T00:00:00+00:00
[2025-03-24T20:16:00.640+0000] {logging_mixin.py:150} INFO - [2025-03-24T20:16:00.640+0000] {dag.py:3504} INFO - Setting next_dagrun for dataset_produces_2 to None, run_after=None
[2025-03-24T20:16:00.661+0000] {processor.py:179} INFO - Processing /home/vscode/.local/lib/python3.10/site-packages/airflow/example_dags/example_datasets.py took 0.070 seconds
[2025-03-24T20:16:45.986+0000] {processor.py:157} INFO - Started process (PID=26809) to work on /home/vscode/.local/lib/python3.10/site-packages/airflow/example_dags/example_datasets.py
[2025-03-24T20:16:45.986+0000] {processor.py:826} INFO - Processing file /home/vscode/.local/lib/python3.10/site-packages/airflow/example_dags/example_datasets.py for tasks to queue
[2025-03-24T20:16:45.987+0000] {logging_mixin.py:150} INFO - [2025-03-24T20:16:45.987+0000] {dagbag.py:541} INFO - Filling up the DagBag from /home/vscode/.local/lib/python3.10/site-packages/airflow/example_dags/example_datasets.py
[2025-03-24T20:16:45.993+0000] {processor.py:836} INFO - DAG(s) dict_keys(['dataset_consumes_1_and_2', 'dataset_consumes_1', 'dataset_produces_1', 'dataset_consumes_unknown_never_scheduled', 'dataset_produces_2', 'dataset_consumes_1_never_scheduled']) retrieved from /home/vscode/.local/lib/python3.10/site-packages/airflow/example_dags/example_datasets.py
[2025-03-24T20:16:46.013+0000] {logging_mixin.py:150} INFO - [2025-03-24T20:16:46.013+0000] {dag.py:2742} INFO - Sync 6 DAGs
[2025-03-24T20:16:46.028+0000] {logging_mixin.py:150} INFO - [2025-03-24T20:16:46.028+0000] {dag.py:3504} INFO - Setting next_dagrun for dataset_consumes_1 to None, run_after=None
[2025-03-24T20:16:46.030+0000] {logging_mixin.py:150} INFO - [2025-03-24T20:16:46.030+0000] {dag.py:3504} INFO - Setting next_dagrun for dataset_consumes_1_and_2 to None, run_after=None
[2025-03-24T20:16:46.030+0000] {logging_mixin.py:150} INFO - [2025-03-24T20:16:46.030+0000] {dag.py:3504} INFO - Setting next_dagrun for dataset_consumes_1_never_scheduled to None, run_after=None
[2025-03-24T20:16:46.031+0000] {logging_mixin.py:150} INFO - [2025-03-24T20:16:46.031+0000] {dag.py:3504} INFO - Setting next_dagrun for dataset_consumes_unknown_never_scheduled to None, run_after=None
[2025-03-24T20:16:46.033+0000] {logging_mixin.py:150} INFO - [2025-03-24T20:16:46.033+0000] {dag.py:3504} INFO - Setting next_dagrun for dataset_produces_1 to 2025-03-23T00:00:00+00:00, run_after=2025-03-24T00:00:00+00:00
[2025-03-24T20:16:46.034+0000] {logging_mixin.py:150} INFO - [2025-03-24T20:16:46.034+0000] {dag.py:3504} INFO - Setting next_dagrun for dataset_produces_2 to None, run_after=None
[2025-03-24T20:16:46.054+0000] {processor.py:179} INFO - Processing /home/vscode/.local/lib/python3.10/site-packages/airflow/example_dags/example_datasets.py took 0.071 seconds
[2025-03-24T20:17:32.881+0000] {processor.py:157} INFO - Started process (PID=27126) to work on /home/vscode/.local/lib/python3.10/site-packages/airflow/example_dags/example_datasets.py
[2025-03-24T20:17:32.881+0000] {processor.py:826} INFO - Processing file /home/vscode/.local/lib/python3.10/site-packages/airflow/example_dags/example_datasets.py for tasks to queue
[2025-03-24T20:17:32.882+0000] {logging_mixin.py:150} INFO - [2025-03-24T20:17:32.882+0000] {dagbag.py:541} INFO - Filling up the DagBag from /home/vscode/.local/lib/python3.10/site-packages/airflow/example_dags/example_datasets.py
[2025-03-24T20:17:32.889+0000] {processor.py:836} INFO - DAG(s) dict_keys(['dataset_produces_2', 'dataset_produces_1', 'dataset_consumes_unknown_never_scheduled', 'dataset_consumes_1_and_2', 'dataset_consumes_1_never_scheduled', 'dataset_consumes_1']) retrieved from /home/vscode/.local/lib/python3.10/site-packages/airflow/example_dags/example_datasets.py
[2025-03-24T20:17:32.909+0000] {logging_mixin.py:150} INFO - [2025-03-24T20:17:32.909+0000] {dag.py:2742} INFO - Sync 6 DAGs
[2025-03-24T20:17:32.924+0000] {logging_mixin.py:150} INFO - [2025-03-24T20:17:32.924+0000] {dag.py:3504} INFO - Setting next_dagrun for dataset_consumes_1 to None, run_after=None
[2025-03-24T20:17:32.927+0000] {logging_mixin.py:150} INFO - [2025-03-24T20:17:32.927+0000] {dag.py:3504} INFO - Setting next_dagrun for dataset_consumes_1_and_2 to None, run_after=None
[2025-03-24T20:17:32.927+0000] {logging_mixin.py:150} INFO - [2025-03-24T20:17:32.927+0000] {dag.py:3504} INFO - Setting next_dagrun for dataset_consumes_1_never_scheduled to None, run_after=None
[2025-03-24T20:17:32.928+0000] {logging_mixin.py:150} INFO - [2025-03-24T20:17:32.928+0000] {dag.py:3504} INFO - Setting next_dagrun for dataset_consumes_unknown_never_scheduled to None, run_after=None
[2025-03-24T20:17:32.930+0000] {logging_mixin.py:150} INFO - [2025-03-24T20:17:32.930+0000] {dag.py:3504} INFO - Setting next_dagrun for dataset_produces_1 to 2025-03-23T00:00:00+00:00, run_after=2025-03-24T00:00:00+00:00
[2025-03-24T20:17:32.930+0000] {logging_mixin.py:150} INFO - [2025-03-24T20:17:32.930+0000] {dag.py:3504} INFO - Setting next_dagrun for dataset_produces_2 to None, run_after=None
[2025-03-24T20:17:32.951+0000] {processor.py:179} INFO - Processing /home/vscode/.local/lib/python3.10/site-packages/airflow/example_dags/example_datasets.py took 0.073 seconds
[2025-03-24T20:18:18.079+0000] {processor.py:157} INFO - Started process (PID=27420) to work on /home/vscode/.local/lib/python3.10/site-packages/airflow/example_dags/example_datasets.py
[2025-03-24T20:18:18.080+0000] {processor.py:826} INFO - Processing file /home/vscode/.local/lib/python3.10/site-packages/airflow/example_dags/example_datasets.py for tasks to queue
[2025-03-24T20:18:18.080+0000] {logging_mixin.py:150} INFO - [2025-03-24T20:18:18.080+0000] {dagbag.py:541} INFO - Filling up the DagBag from /home/vscode/.local/lib/python3.10/site-packages/airflow/example_dags/example_datasets.py
[2025-03-24T20:18:18.087+0000] {processor.py:836} INFO - DAG(s) dict_keys(['dataset_produces_2', 'dataset_consumes_1_never_scheduled', 'dataset_consumes_1', 'dataset_consumes_1_and_2', 'dataset_consumes_unknown_never_scheduled', 'dataset_produces_1']) retrieved from /home/vscode/.local/lib/python3.10/site-packages/airflow/example_dags/example_datasets.py
[2025-03-24T20:18:18.107+0000] {logging_mixin.py:150} INFO - [2025-03-24T20:18:18.107+0000] {dag.py:2742} INFO - Sync 6 DAGs
[2025-03-24T20:18:18.121+0000] {logging_mixin.py:150} INFO - [2025-03-24T20:18:18.121+0000] {dag.py:3504} INFO - Setting next_dagrun for dataset_consumes_1 to None, run_after=None
[2025-03-24T20:18:18.124+0000] {logging_mixin.py:150} INFO - [2025-03-24T20:18:18.123+0000] {dag.py:3504} INFO - Setting next_dagrun for dataset_consumes_1_and_2 to None, run_after=None
[2025-03-24T20:18:18.124+0000] {logging_mixin.py:150} INFO - [2025-03-24T20:18:18.124+0000] {dag.py:3504} INFO - Setting next_dagrun for dataset_consumes_1_never_scheduled to None, run_after=None
[2025-03-24T20:18:18.125+0000] {logging_mixin.py:150} INFO - [2025-03-24T20:18:18.125+0000] {dag.py:3504} INFO - Setting next_dagrun for dataset_consumes_unknown_never_scheduled to None, run_after=None
[2025-03-24T20:18:18.127+0000] {logging_mixin.py:150} INFO - [2025-03-24T20:18:18.126+0000] {dag.py:3504} INFO - Setting next_dagrun for dataset_produces_1 to 2025-03-23T00:00:00+00:00, run_after=2025-03-24T00:00:00+00:00
[2025-03-24T20:18:18.127+0000] {logging_mixin.py:150} INFO - [2025-03-24T20:18:18.127+0000] {dag.py:3504} INFO - Setting next_dagrun for dataset_produces_2 to None, run_after=None
[2025-03-24T20:18:18.149+0000] {processor.py:179} INFO - Processing /home/vscode/.local/lib/python3.10/site-packages/airflow/example_dags/example_datasets.py took 0.072 seconds
[2025-03-24T20:18:59.770+0000] {processor.py:157} INFO - Started process (PID=27710) to work on /home/vscode/.local/lib/python3.10/site-packages/airflow/example_dags/example_datasets.py
[2025-03-24T20:18:59.770+0000] {processor.py:826} INFO - Processing file /home/vscode/.local/lib/python3.10/site-packages/airflow/example_dags/example_datasets.py for tasks to queue
[2025-03-24T20:18:59.771+0000] {logging_mixin.py:150} INFO - [2025-03-24T20:18:59.771+0000] {dagbag.py:541} INFO - Filling up the DagBag from /home/vscode/.local/lib/python3.10/site-packages/airflow/example_dags/example_datasets.py
[2025-03-24T20:18:59.777+0000] {processor.py:836} INFO - DAG(s) dict_keys(['dataset_consumes_1', 'dataset_consumes_unknown_never_scheduled', 'dataset_consumes_1_and_2', 'dataset_produces_1', 'dataset_consumes_1_never_scheduled', 'dataset_produces_2']) retrieved from /home/vscode/.local/lib/python3.10/site-packages/airflow/example_dags/example_datasets.py
[2025-03-24T20:18:59.798+0000] {logging_mixin.py:150} INFO - [2025-03-24T20:18:59.797+0000] {dag.py:2742} INFO - Sync 6 DAGs
[2025-03-24T20:18:59.812+0000] {logging_mixin.py:150} INFO - [2025-03-24T20:18:59.812+0000] {dag.py:3504} INFO - Setting next_dagrun for dataset_consumes_1 to None, run_after=None
[2025-03-24T20:18:59.814+0000] {logging_mixin.py:150} INFO - [2025-03-24T20:18:59.814+0000] {dag.py:3504} INFO - Setting next_dagrun for dataset_consumes_1_and_2 to None, run_after=None
[2025-03-24T20:18:59.815+0000] {logging_mixin.py:150} INFO - [2025-03-24T20:18:59.815+0000] {dag.py:3504} INFO - Setting next_dagrun for dataset_consumes_1_never_scheduled to None, run_after=None
[2025-03-24T20:18:59.815+0000] {logging_mixin.py:150} INFO - [2025-03-24T20:18:59.815+0000] {dag.py:3504} INFO - Setting next_dagrun for dataset_consumes_unknown_never_scheduled to None, run_after=None
[2025-03-24T20:18:59.817+0000] {logging_mixin.py:150} INFO - [2025-03-24T20:18:59.817+0000] {dag.py:3504} INFO - Setting next_dagrun for dataset_produces_1 to 2025-03-23T00:00:00+00:00, run_after=2025-03-24T00:00:00+00:00
[2025-03-24T20:18:59.818+0000] {logging_mixin.py:150} INFO - [2025-03-24T20:18:59.818+0000] {dag.py:3504} INFO - Setting next_dagrun for dataset_produces_2 to None, run_after=None
[2025-03-24T20:18:59.839+0000] {processor.py:179} INFO - Processing /home/vscode/.local/lib/python3.10/site-packages/airflow/example_dags/example_datasets.py took 0.071 seconds
[2025-03-24T20:19:45.900+0000] {processor.py:157} INFO - Started process (PID=28029) to work on /home/vscode/.local/lib/python3.10/site-packages/airflow/example_dags/example_datasets.py
[2025-03-24T20:19:45.900+0000] {processor.py:826} INFO - Processing file /home/vscode/.local/lib/python3.10/site-packages/airflow/example_dags/example_datasets.py for tasks to queue
[2025-03-24T20:19:45.901+0000] {logging_mixin.py:150} INFO - [2025-03-24T20:19:45.901+0000] {dagbag.py:541} INFO - Filling up the DagBag from /home/vscode/.local/lib/python3.10/site-packages/airflow/example_dags/example_datasets.py
[2025-03-24T20:19:45.908+0000] {processor.py:836} INFO - DAG(s) dict_keys(['dataset_consumes_unknown_never_scheduled', 'dataset_consumes_1_and_2', 'dataset_consumes_1_never_scheduled', 'dataset_produces_2', 'dataset_produces_1', 'dataset_consumes_1']) retrieved from /home/vscode/.local/lib/python3.10/site-packages/airflow/example_dags/example_datasets.py
[2025-03-24T20:19:45.927+0000] {logging_mixin.py:150} INFO - [2025-03-24T20:19:45.927+0000] {dag.py:2742} INFO - Sync 6 DAGs
[2025-03-24T20:19:45.942+0000] {logging_mixin.py:150} INFO - [2025-03-24T20:19:45.942+0000] {dag.py:3504} INFO - Setting next_dagrun for dataset_consumes_1 to None, run_after=None
[2025-03-24T20:19:45.944+0000] {logging_mixin.py:150} INFO - [2025-03-24T20:19:45.944+0000] {dag.py:3504} INFO - Setting next_dagrun for dataset_consumes_1_and_2 to None, run_after=None
[2025-03-24T20:19:45.945+0000] {logging_mixin.py:150} INFO - [2025-03-24T20:19:45.945+0000] {dag.py:3504} INFO - Setting next_dagrun for dataset_consumes_1_never_scheduled to None, run_after=None
[2025-03-24T20:19:45.946+0000] {logging_mixin.py:150} INFO - [2025-03-24T20:19:45.946+0000] {dag.py:3504} INFO - Setting next_dagrun for dataset_consumes_unknown_never_scheduled to None, run_after=None
[2025-03-24T20:19:45.948+0000] {logging_mixin.py:150} INFO - [2025-03-24T20:19:45.948+0000] {dag.py:3504} INFO - Setting next_dagrun for dataset_produces_1 to 2025-03-23T00:00:00+00:00, run_after=2025-03-24T00:00:00+00:00
[2025-03-24T20:19:45.949+0000] {logging_mixin.py:150} INFO - [2025-03-24T20:19:45.949+0000] {dag.py:3504} INFO - Setting next_dagrun for dataset_produces_2 to None, run_after=None
[2025-03-24T20:19:45.970+0000] {processor.py:179} INFO - Processing /home/vscode/.local/lib/python3.10/site-packages/airflow/example_dags/example_datasets.py took 0.072 seconds
[2025-03-24T20:20:32.743+0000] {processor.py:157} INFO - Started process (PID=28368) to work on /home/vscode/.local/lib/python3.10/site-packages/airflow/example_dags/example_datasets.py
[2025-03-24T20:20:32.744+0000] {processor.py:826} INFO - Processing file /home/vscode/.local/lib/python3.10/site-packages/airflow/example_dags/example_datasets.py for tasks to queue
[2025-03-24T20:20:32.744+0000] {logging_mixin.py:150} INFO - [2025-03-24T20:20:32.744+0000] {dagbag.py:541} INFO - Filling up the DagBag from /home/vscode/.local/lib/python3.10/site-packages/airflow/example_dags/example_datasets.py
[2025-03-24T20:20:32.751+0000] {processor.py:836} INFO - DAG(s) dict_keys(['dataset_consumes_1_and_2', 'dataset_produces_2', 'dataset_consumes_unknown_never_scheduled', 'dataset_produces_1', 'dataset_consumes_1_never_scheduled', 'dataset_consumes_1']) retrieved from /home/vscode/.local/lib/python3.10/site-packages/airflow/example_dags/example_datasets.py
[2025-03-24T20:20:32.773+0000] {logging_mixin.py:150} INFO - [2025-03-24T20:20:32.773+0000] {dag.py:2742} INFO - Sync 6 DAGs
[2025-03-24T20:20:32.795+0000] {logging_mixin.py:150} INFO - [2025-03-24T20:20:32.795+0000] {dag.py:3504} INFO - Setting next_dagrun for dataset_consumes_1 to None, run_after=None
[2025-03-24T20:20:32.798+0000] {logging_mixin.py:150} INFO - [2025-03-24T20:20:32.798+0000] {dag.py:3504} INFO - Setting next_dagrun for dataset_consumes_1_and_2 to None, run_after=None
[2025-03-24T20:20:32.799+0000] {logging_mixin.py:150} INFO - [2025-03-24T20:20:32.799+0000] {dag.py:3504} INFO - Setting next_dagrun for dataset_consumes_1_never_scheduled to None, run_after=None
[2025-03-24T20:20:32.799+0000] {logging_mixin.py:150} INFO - [2025-03-24T20:20:32.799+0000] {dag.py:3504} INFO - Setting next_dagrun for dataset_consumes_unknown_never_scheduled to None, run_after=None
[2025-03-24T20:20:32.801+0000] {logging_mixin.py:150} INFO - [2025-03-24T20:20:32.801+0000] {dag.py:3504} INFO - Setting next_dagrun for dataset_produces_1 to 2025-03-23T00:00:00+00:00, run_after=2025-03-24T00:00:00+00:00
[2025-03-24T20:20:32.802+0000] {logging_mixin.py:150} INFO - [2025-03-24T20:20:32.802+0000] {dag.py:3504} INFO - Setting next_dagrun for dataset_produces_2 to None, run_after=None
[2025-03-24T20:20:32.824+0000] {processor.py:179} INFO - Processing /home/vscode/.local/lib/python3.10/site-packages/airflow/example_dags/example_datasets.py took 0.083 seconds
[2025-03-24T20:21:20.421+0000] {processor.py:157} INFO - Started process (PID=28740) to work on /home/vscode/.local/lib/python3.10/site-packages/airflow/example_dags/example_datasets.py
[2025-03-24T20:21:20.421+0000] {processor.py:826} INFO - Processing file /home/vscode/.local/lib/python3.10/site-packages/airflow/example_dags/example_datasets.py for tasks to queue
[2025-03-24T20:21:20.422+0000] {logging_mixin.py:150} INFO - [2025-03-24T20:21:20.422+0000] {dagbag.py:541} INFO - Filling up the DagBag from /home/vscode/.local/lib/python3.10/site-packages/airflow/example_dags/example_datasets.py
[2025-03-24T20:21:20.429+0000] {processor.py:836} INFO - DAG(s) dict_keys(['dataset_produces_2', 'dataset_consumes_unknown_never_scheduled', 'dataset_consumes_1_never_scheduled', 'dataset_consumes_1', 'dataset_consumes_1_and_2', 'dataset_produces_1']) retrieved from /home/vscode/.local/lib/python3.10/site-packages/airflow/example_dags/example_datasets.py
[2025-03-24T20:21:20.449+0000] {logging_mixin.py:150} INFO - [2025-03-24T20:21:20.449+0000] {dag.py:2742} INFO - Sync 6 DAGs
[2025-03-24T20:21:20.464+0000] {logging_mixin.py:150} INFO - [2025-03-24T20:21:20.464+0000] {dag.py:3504} INFO - Setting next_dagrun for dataset_consumes_1 to None, run_after=None
[2025-03-24T20:21:20.466+0000] {logging_mixin.py:150} INFO - [2025-03-24T20:21:20.466+0000] {dag.py:3504} INFO - Setting next_dagrun for dataset_consumes_1_and_2 to None, run_after=None
[2025-03-24T20:21:20.466+0000] {logging_mixin.py:150} INFO - [2025-03-24T20:21:20.466+0000] {dag.py:3504} INFO - Setting next_dagrun for dataset_consumes_1_never_scheduled to None, run_after=None
[2025-03-24T20:21:20.467+0000] {logging_mixin.py:150} INFO - [2025-03-24T20:21:20.467+0000] {dag.py:3504} INFO - Setting next_dagrun for dataset_consumes_unknown_never_scheduled to None, run_after=None
[2025-03-24T20:21:20.469+0000] {logging_mixin.py:150} INFO - [2025-03-24T20:21:20.469+0000] {dag.py:3504} INFO - Setting next_dagrun for dataset_produces_1 to 2025-03-23T00:00:00+00:00, run_after=2025-03-24T00:00:00+00:00
[2025-03-24T20:21:20.469+0000] {logging_mixin.py:150} INFO - [2025-03-24T20:21:20.469+0000] {dag.py:3504} INFO - Setting next_dagrun for dataset_produces_2 to None, run_after=None
[2025-03-24T20:21:20.490+0000] {processor.py:179} INFO - Processing /home/vscode/.local/lib/python3.10/site-packages/airflow/example_dags/example_datasets.py took 0.072 seconds
[2025-03-24T20:22:07.844+0000] {processor.py:157} INFO - Started process (PID=29078) to work on /home/vscode/.local/lib/python3.10/site-packages/airflow/example_dags/example_datasets.py
[2025-03-24T20:22:07.845+0000] {processor.py:826} INFO - Processing file /home/vscode/.local/lib/python3.10/site-packages/airflow/example_dags/example_datasets.py for tasks to queue
[2025-03-24T20:22:07.845+0000] {logging_mixin.py:150} INFO - [2025-03-24T20:22:07.845+0000] {dagbag.py:541} INFO - Filling up the DagBag from /home/vscode/.local/lib/python3.10/site-packages/airflow/example_dags/example_datasets.py
[2025-03-24T20:22:07.853+0000] {processor.py:836} INFO - DAG(s) dict_keys(['dataset_consumes_1', 'dataset_produces_1', 'dataset_produces_2', 'dataset_consumes_unknown_never_scheduled', 'dataset_consumes_1_never_scheduled', 'dataset_consumes_1_and_2']) retrieved from /home/vscode/.local/lib/python3.10/site-packages/airflow/example_dags/example_datasets.py
[2025-03-24T20:22:07.874+0000] {logging_mixin.py:150} INFO - [2025-03-24T20:22:07.874+0000] {dag.py:2742} INFO - Sync 6 DAGs
[2025-03-24T20:22:07.892+0000] {logging_mixin.py:150} INFO - [2025-03-24T20:22:07.892+0000] {dag.py:3504} INFO - Setting next_dagrun for dataset_consumes_1 to None, run_after=None
[2025-03-24T20:22:07.894+0000] {logging_mixin.py:150} INFO - [2025-03-24T20:22:07.894+0000] {dag.py:3504} INFO - Setting next_dagrun for dataset_consumes_1_and_2 to None, run_after=None
[2025-03-24T20:22:07.895+0000] {logging_mixin.py:150} INFO - [2025-03-24T20:22:07.895+0000] {dag.py:3504} INFO - Setting next_dagrun for dataset_consumes_1_never_scheduled to None, run_after=None
[2025-03-24T20:22:07.896+0000] {logging_mixin.py:150} INFO - [2025-03-24T20:22:07.896+0000] {dag.py:3504} INFO - Setting next_dagrun for dataset_consumes_unknown_never_scheduled to None, run_after=None
[2025-03-24T20:22:07.898+0000] {logging_mixin.py:150} INFO - [2025-03-24T20:22:07.897+0000] {dag.py:3504} INFO - Setting next_dagrun for dataset_produces_1 to 2025-03-23T00:00:00+00:00, run_after=2025-03-24T00:00:00+00:00
[2025-03-24T20:22:07.898+0000] {logging_mixin.py:150} INFO - [2025-03-24T20:22:07.898+0000] {dag.py:3504} INFO - Setting next_dagrun for dataset_produces_2 to None, run_after=None
[2025-03-24T20:22:07.921+0000] {processor.py:179} INFO - Processing /home/vscode/.local/lib/python3.10/site-packages/airflow/example_dags/example_datasets.py took 0.079 seconds
[2025-03-24T20:22:50.590+0000] {processor.py:157} INFO - Started process (PID=29402) to work on /home/vscode/.local/lib/python3.10/site-packages/airflow/example_dags/example_datasets.py
[2025-03-24T20:22:50.591+0000] {processor.py:826} INFO - Processing file /home/vscode/.local/lib/python3.10/site-packages/airflow/example_dags/example_datasets.py for tasks to queue
[2025-03-24T20:22:50.591+0000] {logging_mixin.py:150} INFO - [2025-03-24T20:22:50.591+0000] {dagbag.py:541} INFO - Filling up the DagBag from /home/vscode/.local/lib/python3.10/site-packages/airflow/example_dags/example_datasets.py
[2025-03-24T20:22:50.598+0000] {processor.py:836} INFO - DAG(s) dict_keys(['dataset_produces_2', 'dataset_produces_1', 'dataset_consumes_1', 'dataset_consumes_1_and_2', 'dataset_consumes_unknown_never_scheduled', 'dataset_consumes_1_never_scheduled']) retrieved from /home/vscode/.local/lib/python3.10/site-packages/airflow/example_dags/example_datasets.py
[2025-03-24T20:22:50.627+0000] {logging_mixin.py:150} INFO - [2025-03-24T20:22:50.627+0000] {dag.py:2742} INFO - Sync 6 DAGs
[2025-03-24T20:22:50.653+0000] {logging_mixin.py:150} INFO - [2025-03-24T20:22:50.653+0000] {dag.py:3504} INFO - Setting next_dagrun for dataset_consumes_1 to None, run_after=None
[2025-03-24T20:22:50.662+0000] {logging_mixin.py:150} INFO - [2025-03-24T20:22:50.662+0000] {dag.py:3504} INFO - Setting next_dagrun for dataset_consumes_1_and_2 to None, run_after=None
[2025-03-24T20:22:50.663+0000] {logging_mixin.py:150} INFO - [2025-03-24T20:22:50.663+0000] {dag.py:3504} INFO - Setting next_dagrun for dataset_consumes_1_never_scheduled to None, run_after=None
[2025-03-24T20:22:50.666+0000] {logging_mixin.py:150} INFO - [2025-03-24T20:22:50.665+0000] {dag.py:3504} INFO - Setting next_dagrun for dataset_consumes_unknown_never_scheduled to None, run_after=None
[2025-03-24T20:22:50.671+0000] {logging_mixin.py:150} INFO - [2025-03-24T20:22:50.671+0000] {dag.py:3504} INFO - Setting next_dagrun for dataset_produces_1 to 2025-03-23T00:00:00+00:00, run_after=2025-03-24T00:00:00+00:00
[2025-03-24T20:22:50.672+0000] {logging_mixin.py:150} INFO - [2025-03-24T20:22:50.672+0000] {dag.py:3504} INFO - Setting next_dagrun for dataset_produces_2 to None, run_after=None
[2025-03-24T20:22:50.727+0000] {processor.py:179} INFO - Processing /home/vscode/.local/lib/python3.10/site-packages/airflow/example_dags/example_datasets.py took 0.139 seconds
[2025-03-24T20:23:37.580+0000] {processor.py:157} INFO - Started process (PID=29803) to work on /home/vscode/.local/lib/python3.10/site-packages/airflow/example_dags/example_datasets.py
[2025-03-24T20:23:37.580+0000] {processor.py:826} INFO - Processing file /home/vscode/.local/lib/python3.10/site-packages/airflow/example_dags/example_datasets.py for tasks to queue
[2025-03-24T20:23:37.581+0000] {logging_mixin.py:150} INFO - [2025-03-24T20:23:37.581+0000] {dagbag.py:541} INFO - Filling up the DagBag from /home/vscode/.local/lib/python3.10/site-packages/airflow/example_dags/example_datasets.py
[2025-03-24T20:23:37.588+0000] {processor.py:836} INFO - DAG(s) dict_keys(['dataset_consumes_unknown_never_scheduled', 'dataset_consumes_1', 'dataset_produces_1', 'dataset_consumes_1_never_scheduled', 'dataset_produces_2', 'dataset_consumes_1_and_2']) retrieved from /home/vscode/.local/lib/python3.10/site-packages/airflow/example_dags/example_datasets.py
[2025-03-24T20:23:37.607+0000] {logging_mixin.py:150} INFO - [2025-03-24T20:23:37.607+0000] {dag.py:2742} INFO - Sync 6 DAGs
[2025-03-24T20:23:37.622+0000] {logging_mixin.py:150} INFO - [2025-03-24T20:23:37.622+0000] {dag.py:3504} INFO - Setting next_dagrun for dataset_consumes_1 to None, run_after=None
[2025-03-24T20:23:37.624+0000] {logging_mixin.py:150} INFO - [2025-03-24T20:23:37.624+0000] {dag.py:3504} INFO - Setting next_dagrun for dataset_consumes_1_and_2 to None, run_after=None
[2025-03-24T20:23:37.624+0000] {logging_mixin.py:150} INFO - [2025-03-24T20:23:37.624+0000] {dag.py:3504} INFO - Setting next_dagrun for dataset_consumes_1_never_scheduled to None, run_after=None
[2025-03-24T20:23:37.625+0000] {logging_mixin.py:150} INFO - [2025-03-24T20:23:37.625+0000] {dag.py:3504} INFO - Setting next_dagrun for dataset_consumes_unknown_never_scheduled to None, run_after=None
[2025-03-24T20:23:37.627+0000] {logging_mixin.py:150} INFO - [2025-03-24T20:23:37.627+0000] {dag.py:3504} INFO - Setting next_dagrun for dataset_produces_1 to 2025-03-23T00:00:00+00:00, run_after=2025-03-24T00:00:00+00:00
[2025-03-24T20:23:37.628+0000] {logging_mixin.py:150} INFO - [2025-03-24T20:23:37.628+0000] {dag.py:3504} INFO - Setting next_dagrun for dataset_produces_2 to None, run_after=None
[2025-03-24T20:23:37.649+0000] {processor.py:179} INFO - Processing /home/vscode/.local/lib/python3.10/site-packages/airflow/example_dags/example_datasets.py took 0.072 seconds
[2025-03-24T20:24:20.870+0000] {processor.py:157} INFO - Started process (PID=30131) to work on /home/vscode/.local/lib/python3.10/site-packages/airflow/example_dags/example_datasets.py
[2025-03-24T20:24:20.871+0000] {processor.py:826} INFO - Processing file /home/vscode/.local/lib/python3.10/site-packages/airflow/example_dags/example_datasets.py for tasks to queue
[2025-03-24T20:24:20.872+0000] {logging_mixin.py:150} INFO - [2025-03-24T20:24:20.871+0000] {dagbag.py:541} INFO - Filling up the DagBag from /home/vscode/.local/lib/python3.10/site-packages/airflow/example_dags/example_datasets.py
[2025-03-24T20:24:20.878+0000] {processor.py:836} INFO - DAG(s) dict_keys(['dataset_consumes_unknown_never_scheduled', 'dataset_produces_2', 'dataset_consumes_1_never_scheduled', 'dataset_produces_1', 'dataset_consumes_1_and_2', 'dataset_consumes_1']) retrieved from /home/vscode/.local/lib/python3.10/site-packages/airflow/example_dags/example_datasets.py
[2025-03-24T20:24:20.898+0000] {logging_mixin.py:150} INFO - [2025-03-24T20:24:20.898+0000] {dag.py:2742} INFO - Sync 6 DAGs
[2025-03-24T20:24:20.912+0000] {logging_mixin.py:150} INFO - [2025-03-24T20:24:20.912+0000] {dag.py:3504} INFO - Setting next_dagrun for dataset_consumes_1 to None, run_after=None
[2025-03-24T20:24:20.914+0000] {logging_mixin.py:150} INFO - [2025-03-24T20:24:20.914+0000] {dag.py:3504} INFO - Setting next_dagrun for dataset_consumes_1_and_2 to None, run_after=None
[2025-03-24T20:24:20.915+0000] {logging_mixin.py:150} INFO - [2025-03-24T20:24:20.915+0000] {dag.py:3504} INFO - Setting next_dagrun for dataset_consumes_1_never_scheduled to None, run_after=None
[2025-03-24T20:24:20.915+0000] {logging_mixin.py:150} INFO - [2025-03-24T20:24:20.915+0000] {dag.py:3504} INFO - Setting next_dagrun for dataset_consumes_unknown_never_scheduled to None, run_after=None
[2025-03-24T20:24:20.917+0000] {logging_mixin.py:150} INFO - [2025-03-24T20:24:20.917+0000] {dag.py:3504} INFO - Setting next_dagrun for dataset_produces_1 to 2025-03-23T00:00:00+00:00, run_after=2025-03-24T00:00:00+00:00
[2025-03-24T20:24:20.918+0000] {logging_mixin.py:150} INFO - [2025-03-24T20:24:20.918+0000] {dag.py:3504} INFO - Setting next_dagrun for dataset_produces_2 to None, run_after=None
[2025-03-24T20:24:20.939+0000] {processor.py:179} INFO - Processing /home/vscode/.local/lib/python3.10/site-packages/airflow/example_dags/example_datasets.py took 0.070 seconds
[2025-03-24T20:25:04.632+0000] {processor.py:157} INFO - Started process (PID=30459) to work on /home/vscode/.local/lib/python3.10/site-packages/airflow/example_dags/example_datasets.py
[2025-03-24T20:25:04.632+0000] {processor.py:826} INFO - Processing file /home/vscode/.local/lib/python3.10/site-packages/airflow/example_dags/example_datasets.py for tasks to queue
[2025-03-24T20:25:04.633+0000] {logging_mixin.py:150} INFO - [2025-03-24T20:25:04.633+0000] {dagbag.py:541} INFO - Filling up the DagBag from /home/vscode/.local/lib/python3.10/site-packages/airflow/example_dags/example_datasets.py
[2025-03-24T20:25:04.640+0000] {processor.py:836} INFO - DAG(s) dict_keys(['dataset_produces_1', 'dataset_consumes_unknown_never_scheduled', 'dataset_consumes_1_and_2', 'dataset_consumes_1', 'dataset_produces_2', 'dataset_consumes_1_never_scheduled']) retrieved from /home/vscode/.local/lib/python3.10/site-packages/airflow/example_dags/example_datasets.py
[2025-03-24T20:25:04.660+0000] {logging_mixin.py:150} INFO - [2025-03-24T20:25:04.660+0000] {dag.py:2742} INFO - Sync 6 DAGs
[2025-03-24T20:25:04.677+0000] {logging_mixin.py:150} INFO - [2025-03-24T20:25:04.677+0000] {dag.py:3504} INFO - Setting next_dagrun for dataset_consumes_1 to None, run_after=None
[2025-03-24T20:25:04.679+0000] {logging_mixin.py:150} INFO - [2025-03-24T20:25:04.679+0000] {dag.py:3504} INFO - Setting next_dagrun for dataset_consumes_1_and_2 to None, run_after=None
[2025-03-24T20:25:04.680+0000] {logging_mixin.py:150} INFO - [2025-03-24T20:25:04.680+0000] {dag.py:3504} INFO - Setting next_dagrun for dataset_consumes_1_never_scheduled to None, run_after=None
[2025-03-24T20:25:04.680+0000] {logging_mixin.py:150} INFO - [2025-03-24T20:25:04.680+0000] {dag.py:3504} INFO - Setting next_dagrun for dataset_consumes_unknown_never_scheduled to None, run_after=None
[2025-03-24T20:25:04.682+0000] {logging_mixin.py:150} INFO - [2025-03-24T20:25:04.682+0000] {dag.py:3504} INFO - Setting next_dagrun for dataset_produces_1 to 2025-03-23T00:00:00+00:00, run_after=2025-03-24T00:00:00+00:00
[2025-03-24T20:25:04.683+0000] {logging_mixin.py:150} INFO - [2025-03-24T20:25:04.683+0000] {dag.py:3504} INFO - Setting next_dagrun for dataset_produces_2 to None, run_after=None
[2025-03-24T20:25:04.705+0000] {processor.py:179} INFO - Processing /home/vscode/.local/lib/python3.10/site-packages/airflow/example_dags/example_datasets.py took 0.075 seconds
[2025-03-24T20:25:47.265+0000] {processor.py:157} INFO - Started process (PID=30782) to work on /home/vscode/.local/lib/python3.10/site-packages/airflow/example_dags/example_datasets.py
[2025-03-24T20:25:47.266+0000] {processor.py:826} INFO - Processing file /home/vscode/.local/lib/python3.10/site-packages/airflow/example_dags/example_datasets.py for tasks to queue
[2025-03-24T20:25:47.267+0000] {logging_mixin.py:150} INFO - [2025-03-24T20:25:47.266+0000] {dagbag.py:541} INFO - Filling up the DagBag from /home/vscode/.local/lib/python3.10/site-packages/airflow/example_dags/example_datasets.py
[2025-03-24T20:25:47.276+0000] {processor.py:836} INFO - DAG(s) dict_keys(['dataset_consumes_1_never_scheduled', 'dataset_consumes_1', 'dataset_consumes_unknown_never_scheduled', 'dataset_consumes_1_and_2', 'dataset_produces_2', 'dataset_produces_1']) retrieved from /home/vscode/.local/lib/python3.10/site-packages/airflow/example_dags/example_datasets.py
[2025-03-24T20:25:47.296+0000] {logging_mixin.py:150} INFO - [2025-03-24T20:25:47.296+0000] {dag.py:2742} INFO - Sync 6 DAGs
[2025-03-24T20:25:47.311+0000] {logging_mixin.py:150} INFO - [2025-03-24T20:25:47.311+0000] {dag.py:3504} INFO - Setting next_dagrun for dataset_consumes_1 to None, run_after=None
[2025-03-24T20:25:47.313+0000] {logging_mixin.py:150} INFO - [2025-03-24T20:25:47.313+0000] {dag.py:3504} INFO - Setting next_dagrun for dataset_consumes_1_and_2 to None, run_after=None
[2025-03-24T20:25:47.313+0000] {logging_mixin.py:150} INFO - [2025-03-24T20:25:47.313+0000] {dag.py:3504} INFO - Setting next_dagrun for dataset_consumes_1_never_scheduled to None, run_after=None
[2025-03-24T20:25:47.314+0000] {logging_mixin.py:150} INFO - [2025-03-24T20:25:47.314+0000] {dag.py:3504} INFO - Setting next_dagrun for dataset_consumes_unknown_never_scheduled to None, run_after=None
[2025-03-24T20:25:47.316+0000] {logging_mixin.py:150} INFO - [2025-03-24T20:25:47.316+0000] {dag.py:3504} INFO - Setting next_dagrun for dataset_produces_1 to 2025-03-23T00:00:00+00:00, run_after=2025-03-24T00:00:00+00:00
[2025-03-24T20:25:47.316+0000] {logging_mixin.py:150} INFO - [2025-03-24T20:25:47.316+0000] {dag.py:3504} INFO - Setting next_dagrun for dataset_produces_2 to None, run_after=None
[2025-03-24T20:25:47.338+0000] {processor.py:179} INFO - Processing /home/vscode/.local/lib/python3.10/site-packages/airflow/example_dags/example_datasets.py took 0.076 seconds
[2025-03-24T20:26:33.532+0000] {processor.py:157} INFO - Started process (PID=31134) to work on /home/vscode/.local/lib/python3.10/site-packages/airflow/example_dags/example_datasets.py
[2025-03-24T20:26:33.533+0000] {processor.py:826} INFO - Processing file /home/vscode/.local/lib/python3.10/site-packages/airflow/example_dags/example_datasets.py for tasks to queue
[2025-03-24T20:26:33.533+0000] {logging_mixin.py:150} INFO - [2025-03-24T20:26:33.533+0000] {dagbag.py:541} INFO - Filling up the DagBag from /home/vscode/.local/lib/python3.10/site-packages/airflow/example_dags/example_datasets.py
[2025-03-24T20:26:33.541+0000] {processor.py:836} INFO - DAG(s) dict_keys(['dataset_consumes_1', 'dataset_consumes_1_never_scheduled', 'dataset_consumes_unknown_never_scheduled', 'dataset_consumes_1_and_2', 'dataset_produces_1', 'dataset_produces_2']) retrieved from /home/vscode/.local/lib/python3.10/site-packages/airflow/example_dags/example_datasets.py
[2025-03-24T20:26:33.561+0000] {logging_mixin.py:150} INFO - [2025-03-24T20:26:33.561+0000] {dag.py:2742} INFO - Sync 6 DAGs
[2025-03-24T20:26:33.578+0000] {logging_mixin.py:150} INFO - [2025-03-24T20:26:33.578+0000] {dag.py:3504} INFO - Setting next_dagrun for dataset_consumes_1 to None, run_after=None
[2025-03-24T20:26:33.580+0000] {logging_mixin.py:150} INFO - [2025-03-24T20:26:33.580+0000] {dag.py:3504} INFO - Setting next_dagrun for dataset_consumes_1_and_2 to None, run_after=None
[2025-03-24T20:26:33.581+0000] {logging_mixin.py:150} INFO - [2025-03-24T20:26:33.581+0000] {dag.py:3504} INFO - Setting next_dagrun for dataset_consumes_1_never_scheduled to None, run_after=None
[2025-03-24T20:26:33.581+0000] {logging_mixin.py:150} INFO - [2025-03-24T20:26:33.581+0000] {dag.py:3504} INFO - Setting next_dagrun for dataset_consumes_unknown_never_scheduled to None, run_after=None
[2025-03-24T20:26:33.583+0000] {logging_mixin.py:150} INFO - [2025-03-24T20:26:33.583+0000] {dag.py:3504} INFO - Setting next_dagrun for dataset_produces_1 to 2025-03-23T00:00:00+00:00, run_after=2025-03-24T00:00:00+00:00
[2025-03-24T20:26:33.584+0000] {logging_mixin.py:150} INFO - [2025-03-24T20:26:33.584+0000] {dag.py:3504} INFO - Setting next_dagrun for dataset_produces_2 to None, run_after=None
[2025-03-24T20:26:33.605+0000] {processor.py:179} INFO - Processing /home/vscode/.local/lib/python3.10/site-packages/airflow/example_dags/example_datasets.py took 0.075 seconds
[2025-03-24T20:27:18.467+0000] {processor.py:157} INFO - Started process (PID=31552) to work on /home/vscode/.local/lib/python3.10/site-packages/airflow/example_dags/example_datasets.py
[2025-03-24T20:27:18.468+0000] {processor.py:826} INFO - Processing file /home/vscode/.local/lib/python3.10/site-packages/airflow/example_dags/example_datasets.py for tasks to queue
[2025-03-24T20:27:18.468+0000] {logging_mixin.py:150} INFO - [2025-03-24T20:27:18.468+0000] {dagbag.py:541} INFO - Filling up the DagBag from /home/vscode/.local/lib/python3.10/site-packages/airflow/example_dags/example_datasets.py
[2025-03-24T20:27:18.475+0000] {processor.py:836} INFO - DAG(s) dict_keys(['dataset_consumes_1', 'dataset_consumes_1_and_2', 'dataset_consumes_1_never_scheduled', 'dataset_produces_1', 'dataset_produces_2', 'dataset_consumes_unknown_never_scheduled']) retrieved from /home/vscode/.local/lib/python3.10/site-packages/airflow/example_dags/example_datasets.py
[2025-03-24T20:27:18.495+0000] {logging_mixin.py:150} INFO - [2025-03-24T20:27:18.495+0000] {dag.py:2742} INFO - Sync 6 DAGs
[2025-03-24T20:27:18.510+0000] {logging_mixin.py:150} INFO - [2025-03-24T20:27:18.509+0000] {dag.py:3504} INFO - Setting next_dagrun for dataset_consumes_1 to None, run_after=None
[2025-03-24T20:27:18.512+0000] {logging_mixin.py:150} INFO - [2025-03-24T20:27:18.512+0000] {dag.py:3504} INFO - Setting next_dagrun for dataset_consumes_1_and_2 to None, run_after=None
[2025-03-24T20:27:18.512+0000] {logging_mixin.py:150} INFO - [2025-03-24T20:27:18.512+0000] {dag.py:3504} INFO - Setting next_dagrun for dataset_consumes_1_never_scheduled to None, run_after=None
[2025-03-24T20:27:18.513+0000] {logging_mixin.py:150} INFO - [2025-03-24T20:27:18.513+0000] {dag.py:3504} INFO - Setting next_dagrun for dataset_consumes_unknown_never_scheduled to None, run_after=None
[2025-03-24T20:27:18.515+0000] {logging_mixin.py:150} INFO - [2025-03-24T20:27:18.515+0000] {dag.py:3504} INFO - Setting next_dagrun for dataset_produces_1 to 2025-03-23T00:00:00+00:00, run_after=2025-03-24T00:00:00+00:00
[2025-03-24T20:27:18.516+0000] {logging_mixin.py:150} INFO - [2025-03-24T20:27:18.516+0000] {dag.py:3504} INFO - Setting next_dagrun for dataset_produces_2 to None, run_after=None
[2025-03-24T20:27:18.536+0000] {processor.py:179} INFO - Processing /home/vscode/.local/lib/python3.10/site-packages/airflow/example_dags/example_datasets.py took 0.072 seconds
[2025-03-24T20:28:02.450+0000] {processor.py:157} INFO - Started process (PID=31921) to work on /home/vscode/.local/lib/python3.10/site-packages/airflow/example_dags/example_datasets.py
[2025-03-24T20:28:02.450+0000] {processor.py:826} INFO - Processing file /home/vscode/.local/lib/python3.10/site-packages/airflow/example_dags/example_datasets.py for tasks to queue
[2025-03-24T20:28:02.451+0000] {logging_mixin.py:150} INFO - [2025-03-24T20:28:02.451+0000] {dagbag.py:541} INFO - Filling up the DagBag from /home/vscode/.local/lib/python3.10/site-packages/airflow/example_dags/example_datasets.py
[2025-03-24T20:28:02.458+0000] {processor.py:836} INFO - DAG(s) dict_keys(['dataset_consumes_1_and_2', 'dataset_consumes_1_never_scheduled', 'dataset_produces_1', 'dataset_produces_2', 'dataset_consumes_unknown_never_scheduled', 'dataset_consumes_1']) retrieved from /home/vscode/.local/lib/python3.10/site-packages/airflow/example_dags/example_datasets.py
[2025-03-24T20:28:02.478+0000] {logging_mixin.py:150} INFO - [2025-03-24T20:28:02.477+0000] {dag.py:2742} INFO - Sync 6 DAGs
[2025-03-24T20:28:02.492+0000] {logging_mixin.py:150} INFO - [2025-03-24T20:28:02.492+0000] {dag.py:3504} INFO - Setting next_dagrun for dataset_consumes_1 to None, run_after=None
[2025-03-24T20:28:02.494+0000] {logging_mixin.py:150} INFO - [2025-03-24T20:28:02.494+0000] {dag.py:3504} INFO - Setting next_dagrun for dataset_consumes_1_and_2 to None, run_after=None
[2025-03-24T20:28:02.495+0000] {logging_mixin.py:150} INFO - [2025-03-24T20:28:02.495+0000] {dag.py:3504} INFO - Setting next_dagrun for dataset_consumes_1_never_scheduled to None, run_after=None
[2025-03-24T20:28:02.496+0000] {logging_mixin.py:150} INFO - [2025-03-24T20:28:02.496+0000] {dag.py:3504} INFO - Setting next_dagrun for dataset_consumes_unknown_never_scheduled to None, run_after=None
[2025-03-24T20:28:02.498+0000] {logging_mixin.py:150} INFO - [2025-03-24T20:28:02.498+0000] {dag.py:3504} INFO - Setting next_dagrun for dataset_produces_1 to 2025-03-23T00:00:00+00:00, run_after=2025-03-24T00:00:00+00:00
[2025-03-24T20:28:02.498+0000] {logging_mixin.py:150} INFO - [2025-03-24T20:28:02.498+0000] {dag.py:3504} INFO - Setting next_dagrun for dataset_produces_2 to None, run_after=None
[2025-03-24T20:28:02.519+0000] {processor.py:179} INFO - Processing /home/vscode/.local/lib/python3.10/site-packages/airflow/example_dags/example_datasets.py took 0.071 seconds
[2025-03-24T20:28:47.005+0000] {processor.py:157} INFO - Started process (PID=32242) to work on /home/vscode/.local/lib/python3.10/site-packages/airflow/example_dags/example_datasets.py
[2025-03-24T20:28:47.006+0000] {processor.py:826} INFO - Processing file /home/vscode/.local/lib/python3.10/site-packages/airflow/example_dags/example_datasets.py for tasks to queue
[2025-03-24T20:28:47.007+0000] {logging_mixin.py:150} INFO - [2025-03-24T20:28:47.006+0000] {dagbag.py:541} INFO - Filling up the DagBag from /home/vscode/.local/lib/python3.10/site-packages/airflow/example_dags/example_datasets.py
[2025-03-24T20:28:47.013+0000] {processor.py:836} INFO - DAG(s) dict_keys(['dataset_produces_2', 'dataset_produces_1', 'dataset_consumes_1', 'dataset_consumes_1_never_scheduled', 'dataset_consumes_unknown_never_scheduled', 'dataset_consumes_1_and_2']) retrieved from /home/vscode/.local/lib/python3.10/site-packages/airflow/example_dags/example_datasets.py
[2025-03-24T20:28:47.033+0000] {logging_mixin.py:150} INFO - [2025-03-24T20:28:47.032+0000] {dag.py:2742} INFO - Sync 6 DAGs
[2025-03-24T20:28:47.047+0000] {logging_mixin.py:150} INFO - [2025-03-24T20:28:47.047+0000] {dag.py:3504} INFO - Setting next_dagrun for dataset_consumes_1 to None, run_after=None
[2025-03-24T20:28:47.049+0000] {logging_mixin.py:150} INFO - [2025-03-24T20:28:47.049+0000] {dag.py:3504} INFO - Setting next_dagrun for dataset_consumes_1_and_2 to None, run_after=None
[2025-03-24T20:28:47.050+0000] {logging_mixin.py:150} INFO - [2025-03-24T20:28:47.050+0000] {dag.py:3504} INFO - Setting next_dagrun for dataset_consumes_1_never_scheduled to None, run_after=None
[2025-03-24T20:28:47.051+0000] {logging_mixin.py:150} INFO - [2025-03-24T20:28:47.051+0000] {dag.py:3504} INFO - Setting next_dagrun for dataset_consumes_unknown_never_scheduled to None, run_after=None
[2025-03-24T20:28:47.052+0000] {logging_mixin.py:150} INFO - [2025-03-24T20:28:47.052+0000] {dag.py:3504} INFO - Setting next_dagrun for dataset_produces_1 to 2025-03-23T00:00:00+00:00, run_after=2025-03-24T00:00:00+00:00
[2025-03-24T20:28:47.053+0000] {logging_mixin.py:150} INFO - [2025-03-24T20:28:47.053+0000] {dag.py:3504} INFO - Setting next_dagrun for dataset_produces_2 to None, run_after=None
[2025-03-24T20:28:47.073+0000] {processor.py:179} INFO - Processing /home/vscode/.local/lib/python3.10/site-packages/airflow/example_dags/example_datasets.py took 0.070 seconds
[2025-03-24T20:29:33.201+0000] {processor.py:157} INFO - Started process (PID=32555) to work on /home/vscode/.local/lib/python3.10/site-packages/airflow/example_dags/example_datasets.py
[2025-03-24T20:29:33.201+0000] {processor.py:826} INFO - Processing file /home/vscode/.local/lib/python3.10/site-packages/airflow/example_dags/example_datasets.py for tasks to queue
[2025-03-24T20:29:33.202+0000] {logging_mixin.py:150} INFO - [2025-03-24T20:29:33.202+0000] {dagbag.py:541} INFO - Filling up the DagBag from /home/vscode/.local/lib/python3.10/site-packages/airflow/example_dags/example_datasets.py
[2025-03-24T20:29:33.209+0000] {processor.py:836} INFO - DAG(s) dict_keys(['dataset_produces_1', 'dataset_consumes_unknown_never_scheduled', 'dataset_consumes_1_never_scheduled', 'dataset_produces_2', 'dataset_consumes_1_and_2', 'dataset_consumes_1']) retrieved from /home/vscode/.local/lib/python3.10/site-packages/airflow/example_dags/example_datasets.py
[2025-03-24T20:29:33.228+0000] {logging_mixin.py:150} INFO - [2025-03-24T20:29:33.228+0000] {dag.py:2742} INFO - Sync 6 DAGs
[2025-03-24T20:29:33.243+0000] {logging_mixin.py:150} INFO - [2025-03-24T20:29:33.243+0000] {dag.py:3504} INFO - Setting next_dagrun for dataset_consumes_1 to None, run_after=None
[2025-03-24T20:29:33.245+0000] {logging_mixin.py:150} INFO - [2025-03-24T20:29:33.245+0000] {dag.py:3504} INFO - Setting next_dagrun for dataset_consumes_1_and_2 to None, run_after=None
[2025-03-24T20:29:33.245+0000] {logging_mixin.py:150} INFO - [2025-03-24T20:29:33.245+0000] {dag.py:3504} INFO - Setting next_dagrun for dataset_consumes_1_never_scheduled to None, run_after=None
[2025-03-24T20:29:33.246+0000] {logging_mixin.py:150} INFO - [2025-03-24T20:29:33.246+0000] {dag.py:3504} INFO - Setting next_dagrun for dataset_consumes_unknown_never_scheduled to None, run_after=None
[2025-03-24T20:29:33.248+0000] {logging_mixin.py:150} INFO - [2025-03-24T20:29:33.248+0000] {dag.py:3504} INFO - Setting next_dagrun for dataset_produces_1 to 2025-03-23T00:00:00+00:00, run_after=2025-03-24T00:00:00+00:00
[2025-03-24T20:29:33.249+0000] {logging_mixin.py:150} INFO - [2025-03-24T20:29:33.249+0000] {dag.py:3504} INFO - Setting next_dagrun for dataset_produces_2 to None, run_after=None
[2025-03-24T20:29:33.271+0000] {processor.py:179} INFO - Processing /home/vscode/.local/lib/python3.10/site-packages/airflow/example_dags/example_datasets.py took 0.072 seconds
[2025-03-24T20:30:16.790+0000] {processor.py:157} INFO - Started process (PID=32869) to work on /home/vscode/.local/lib/python3.10/site-packages/airflow/example_dags/example_datasets.py
[2025-03-24T20:30:16.791+0000] {processor.py:826} INFO - Processing file /home/vscode/.local/lib/python3.10/site-packages/airflow/example_dags/example_datasets.py for tasks to queue
[2025-03-24T20:30:16.791+0000] {logging_mixin.py:150} INFO - [2025-03-24T20:30:16.791+0000] {dagbag.py:541} INFO - Filling up the DagBag from /home/vscode/.local/lib/python3.10/site-packages/airflow/example_dags/example_datasets.py
[2025-03-24T20:30:16.798+0000] {processor.py:836} INFO - DAG(s) dict_keys(['dataset_consumes_1', 'dataset_consumes_1_never_scheduled', 'dataset_consumes_1_and_2', 'dataset_consumes_unknown_never_scheduled', 'dataset_produces_1', 'dataset_produces_2']) retrieved from /home/vscode/.local/lib/python3.10/site-packages/airflow/example_dags/example_datasets.py
[2025-03-24T20:30:16.818+0000] {logging_mixin.py:150} INFO - [2025-03-24T20:30:16.818+0000] {dag.py:2742} INFO - Sync 6 DAGs
[2025-03-24T20:30:16.832+0000] {logging_mixin.py:150} INFO - [2025-03-24T20:30:16.832+0000] {dag.py:3504} INFO - Setting next_dagrun for dataset_consumes_1 to None, run_after=None
[2025-03-24T20:30:16.834+0000] {logging_mixin.py:150} INFO - [2025-03-24T20:30:16.834+0000] {dag.py:3504} INFO - Setting next_dagrun for dataset_consumes_1_and_2 to None, run_after=None
[2025-03-24T20:30:16.835+0000] {logging_mixin.py:150} INFO - [2025-03-24T20:30:16.835+0000] {dag.py:3504} INFO - Setting next_dagrun for dataset_consumes_1_never_scheduled to None, run_after=None
[2025-03-24T20:30:16.835+0000] {logging_mixin.py:150} INFO - [2025-03-24T20:30:16.835+0000] {dag.py:3504} INFO - Setting next_dagrun for dataset_consumes_unknown_never_scheduled to None, run_after=None
[2025-03-24T20:30:16.837+0000] {logging_mixin.py:150} INFO - [2025-03-24T20:30:16.837+0000] {dag.py:3504} INFO - Setting next_dagrun for dataset_produces_1 to 2025-03-23T00:00:00+00:00, run_after=2025-03-24T00:00:00+00:00
[2025-03-24T20:30:16.838+0000] {logging_mixin.py:150} INFO - [2025-03-24T20:30:16.838+0000] {dag.py:3504} INFO - Setting next_dagrun for dataset_produces_2 to None, run_after=None
[2025-03-24T20:30:16.860+0000] {processor.py:179} INFO - Processing /home/vscode/.local/lib/python3.10/site-packages/airflow/example_dags/example_datasets.py took 0.072 seconds
[2025-03-24T20:30:59.442+0000] {processor.py:157} INFO - Started process (PID=33151) to work on /home/vscode/.local/lib/python3.10/site-packages/airflow/example_dags/example_datasets.py
[2025-03-24T20:30:59.442+0000] {processor.py:826} INFO - Processing file /home/vscode/.local/lib/python3.10/site-packages/airflow/example_dags/example_datasets.py for tasks to queue
[2025-03-24T20:30:59.443+0000] {logging_mixin.py:150} INFO - [2025-03-24T20:30:59.443+0000] {dagbag.py:541} INFO - Filling up the DagBag from /home/vscode/.local/lib/python3.10/site-packages/airflow/example_dags/example_datasets.py
[2025-03-24T20:30:59.450+0000] {processor.py:836} INFO - DAG(s) dict_keys(['dataset_consumes_unknown_never_scheduled', 'dataset_consumes_1_never_scheduled', 'dataset_produces_1', 'dataset_produces_2', 'dataset_consumes_1', 'dataset_consumes_1_and_2']) retrieved from /home/vscode/.local/lib/python3.10/site-packages/airflow/example_dags/example_datasets.py
[2025-03-24T20:30:59.469+0000] {logging_mixin.py:150} INFO - [2025-03-24T20:30:59.469+0000] {dag.py:2742} INFO - Sync 6 DAGs
[2025-03-24T20:30:59.484+0000] {logging_mixin.py:150} INFO - [2025-03-24T20:30:59.484+0000] {dag.py:3504} INFO - Setting next_dagrun for dataset_consumes_1 to None, run_after=None
[2025-03-24T20:30:59.486+0000] {logging_mixin.py:150} INFO - [2025-03-24T20:30:59.486+0000] {dag.py:3504} INFO - Setting next_dagrun for dataset_consumes_1_and_2 to None, run_after=None
[2025-03-24T20:30:59.486+0000] {logging_mixin.py:150} INFO - [2025-03-24T20:30:59.486+0000] {dag.py:3504} INFO - Setting next_dagrun for dataset_consumes_1_never_scheduled to None, run_after=None
[2025-03-24T20:30:59.487+0000] {logging_mixin.py:150} INFO - [2025-03-24T20:30:59.487+0000] {dag.py:3504} INFO - Setting next_dagrun for dataset_consumes_unknown_never_scheduled to None, run_after=None
[2025-03-24T20:30:59.489+0000] {logging_mixin.py:150} INFO - [2025-03-24T20:30:59.489+0000] {dag.py:3504} INFO - Setting next_dagrun for dataset_produces_1 to 2025-03-23T00:00:00+00:00, run_after=2025-03-24T00:00:00+00:00
[2025-03-24T20:30:59.490+0000] {logging_mixin.py:150} INFO - [2025-03-24T20:30:59.490+0000] {dag.py:3504} INFO - Setting next_dagrun for dataset_produces_2 to None, run_after=None
[2025-03-24T20:30:59.510+0000] {processor.py:179} INFO - Processing /home/vscode/.local/lib/python3.10/site-packages/airflow/example_dags/example_datasets.py took 0.071 seconds
[2025-03-24T20:31:42.704+0000] {processor.py:157} INFO - Started process (PID=33437) to work on /home/vscode/.local/lib/python3.10/site-packages/airflow/example_dags/example_datasets.py
[2025-03-24T20:31:42.704+0000] {processor.py:826} INFO - Processing file /home/vscode/.local/lib/python3.10/site-packages/airflow/example_dags/example_datasets.py for tasks to queue
[2025-03-24T20:31:42.705+0000] {logging_mixin.py:150} INFO - [2025-03-24T20:31:42.705+0000] {dagbag.py:541} INFO - Filling up the DagBag from /home/vscode/.local/lib/python3.10/site-packages/airflow/example_dags/example_datasets.py
[2025-03-24T20:31:42.712+0000] {processor.py:836} INFO - DAG(s) dict_keys(['dataset_consumes_1_never_scheduled', 'dataset_produces_1', 'dataset_produces_2', 'dataset_consumes_1', 'dataset_consumes_1_and_2', 'dataset_consumes_unknown_never_scheduled']) retrieved from /home/vscode/.local/lib/python3.10/site-packages/airflow/example_dags/example_datasets.py
[2025-03-24T20:31:42.732+0000] {logging_mixin.py:150} INFO - [2025-03-24T20:31:42.732+0000] {dag.py:2742} INFO - Sync 6 DAGs
[2025-03-24T20:31:42.748+0000] {logging_mixin.py:150} INFO - [2025-03-24T20:31:42.748+0000] {dag.py:3504} INFO - Setting next_dagrun for dataset_consumes_1 to None, run_after=None
[2025-03-24T20:31:42.750+0000] {logging_mixin.py:150} INFO - [2025-03-24T20:31:42.750+0000] {dag.py:3504} INFO - Setting next_dagrun for dataset_consumes_1_and_2 to None, run_after=None
[2025-03-24T20:31:42.751+0000] {logging_mixin.py:150} INFO - [2025-03-24T20:31:42.751+0000] {dag.py:3504} INFO - Setting next_dagrun for dataset_consumes_1_never_scheduled to None, run_after=None
[2025-03-24T20:31:42.752+0000] {logging_mixin.py:150} INFO - [2025-03-24T20:31:42.752+0000] {dag.py:3504} INFO - Setting next_dagrun for dataset_consumes_unknown_never_scheduled to None, run_after=None
[2025-03-24T20:31:42.754+0000] {logging_mixin.py:150} INFO - [2025-03-24T20:31:42.753+0000] {dag.py:3504} INFO - Setting next_dagrun for dataset_produces_1 to 2025-03-23T00:00:00+00:00, run_after=2025-03-24T00:00:00+00:00
[2025-03-24T20:31:42.754+0000] {logging_mixin.py:150} INFO - [2025-03-24T20:31:42.754+0000] {dag.py:3504} INFO - Setting next_dagrun for dataset_produces_2 to None, run_after=None
[2025-03-24T20:31:42.776+0000] {processor.py:179} INFO - Processing /home/vscode/.local/lib/python3.10/site-packages/airflow/example_dags/example_datasets.py took 0.074 seconds
[2025-03-24T20:32:24.484+0000] {processor.py:157} INFO - Started process (PID=33725) to work on /home/vscode/.local/lib/python3.10/site-packages/airflow/example_dags/example_datasets.py
[2025-03-24T20:32:24.484+0000] {processor.py:826} INFO - Processing file /home/vscode/.local/lib/python3.10/site-packages/airflow/example_dags/example_datasets.py for tasks to queue
[2025-03-24T20:32:24.485+0000] {logging_mixin.py:150} INFO - [2025-03-24T20:32:24.485+0000] {dagbag.py:541} INFO - Filling up the DagBag from /home/vscode/.local/lib/python3.10/site-packages/airflow/example_dags/example_datasets.py
[2025-03-24T20:32:24.492+0000] {processor.py:836} INFO - DAG(s) dict_keys(['dataset_consumes_unknown_never_scheduled', 'dataset_produces_1', 'dataset_produces_2', 'dataset_consumes_1_and_2', 'dataset_consumes_1_never_scheduled', 'dataset_consumes_1']) retrieved from /home/vscode/.local/lib/python3.10/site-packages/airflow/example_dags/example_datasets.py
[2025-03-24T20:32:24.512+0000] {logging_mixin.py:150} INFO - [2025-03-24T20:32:24.511+0000] {dag.py:2742} INFO - Sync 6 DAGs
[2025-03-24T20:32:24.527+0000] {logging_mixin.py:150} INFO - [2025-03-24T20:32:24.527+0000] {dag.py:3504} INFO - Setting next_dagrun for dataset_consumes_1 to None, run_after=None
[2025-03-24T20:32:24.529+0000] {logging_mixin.py:150} INFO - [2025-03-24T20:32:24.529+0000] {dag.py:3504} INFO - Setting next_dagrun for dataset_consumes_1_and_2 to None, run_after=None
[2025-03-24T20:32:24.530+0000] {logging_mixin.py:150} INFO - [2025-03-24T20:32:24.529+0000] {dag.py:3504} INFO - Setting next_dagrun for dataset_consumes_1_never_scheduled to None, run_after=None
[2025-03-24T20:32:24.530+0000] {logging_mixin.py:150} INFO - [2025-03-24T20:32:24.530+0000] {dag.py:3504} INFO - Setting next_dagrun for dataset_consumes_unknown_never_scheduled to None, run_after=None
[2025-03-24T20:32:24.532+0000] {logging_mixin.py:150} INFO - [2025-03-24T20:32:24.532+0000] {dag.py:3504} INFO - Setting next_dagrun for dataset_produces_1 to 2025-03-23T00:00:00+00:00, run_after=2025-03-24T00:00:00+00:00
[2025-03-24T20:32:24.533+0000] {logging_mixin.py:150} INFO - [2025-03-24T20:32:24.533+0000] {dag.py:3504} INFO - Setting next_dagrun for dataset_produces_2 to None, run_after=None
[2025-03-24T20:32:24.554+0000] {processor.py:179} INFO - Processing /home/vscode/.local/lib/python3.10/site-packages/airflow/example_dags/example_datasets.py took 0.072 seconds
[2025-03-24T20:33:11.506+0000] {processor.py:157} INFO - Started process (PID=34108) to work on /home/vscode/.local/lib/python3.10/site-packages/airflow/example_dags/example_datasets.py
[2025-03-24T20:33:11.507+0000] {processor.py:826} INFO - Processing file /home/vscode/.local/lib/python3.10/site-packages/airflow/example_dags/example_datasets.py for tasks to queue
[2025-03-24T20:33:11.507+0000] {logging_mixin.py:150} INFO - [2025-03-24T20:33:11.507+0000] {dagbag.py:541} INFO - Filling up the DagBag from /home/vscode/.local/lib/python3.10/site-packages/airflow/example_dags/example_datasets.py
[2025-03-24T20:33:11.514+0000] {processor.py:836} INFO - DAG(s) dict_keys(['dataset_consumes_1', 'dataset_produces_1', 'dataset_consumes_1_and_2', 'dataset_consumes_1_never_scheduled', 'dataset_produces_2', 'dataset_consumes_unknown_never_scheduled']) retrieved from /home/vscode/.local/lib/python3.10/site-packages/airflow/example_dags/example_datasets.py
[2025-03-24T20:33:11.534+0000] {logging_mixin.py:150} INFO - [2025-03-24T20:33:11.534+0000] {dag.py:2742} INFO - Sync 6 DAGs
[2025-03-24T20:33:11.549+0000] {logging_mixin.py:150} INFO - [2025-03-24T20:33:11.549+0000] {dag.py:3504} INFO - Setting next_dagrun for dataset_consumes_1 to None, run_after=None
[2025-03-24T20:33:11.551+0000] {logging_mixin.py:150} INFO - [2025-03-24T20:33:11.551+0000] {dag.py:3504} INFO - Setting next_dagrun for dataset_consumes_1_and_2 to None, run_after=None
[2025-03-24T20:33:11.551+0000] {logging_mixin.py:150} INFO - [2025-03-24T20:33:11.551+0000] {dag.py:3504} INFO - Setting next_dagrun for dataset_consumes_1_never_scheduled to None, run_after=None
[2025-03-24T20:33:11.552+0000] {logging_mixin.py:150} INFO - [2025-03-24T20:33:11.552+0000] {dag.py:3504} INFO - Setting next_dagrun for dataset_consumes_unknown_never_scheduled to None, run_after=None
[2025-03-24T20:33:11.554+0000] {logging_mixin.py:150} INFO - [2025-03-24T20:33:11.554+0000] {dag.py:3504} INFO - Setting next_dagrun for dataset_produces_1 to 2025-03-23T00:00:00+00:00, run_after=2025-03-24T00:00:00+00:00
[2025-03-24T20:33:11.554+0000] {logging_mixin.py:150} INFO - [2025-03-24T20:33:11.554+0000] {dag.py:3504} INFO - Setting next_dagrun for dataset_produces_2 to None, run_after=None
[2025-03-24T20:33:11.576+0000] {processor.py:179} INFO - Processing /home/vscode/.local/lib/python3.10/site-packages/airflow/example_dags/example_datasets.py took 0.072 seconds
[2025-03-24T20:33:58.491+0000] {processor.py:157} INFO - Started process (PID=34451) to work on /home/vscode/.local/lib/python3.10/site-packages/airflow/example_dags/example_datasets.py
[2025-03-24T20:33:58.492+0000] {processor.py:826} INFO - Processing file /home/vscode/.local/lib/python3.10/site-packages/airflow/example_dags/example_datasets.py for tasks to queue
[2025-03-24T20:33:58.493+0000] {logging_mixin.py:150} INFO - [2025-03-24T20:33:58.492+0000] {dagbag.py:541} INFO - Filling up the DagBag from /home/vscode/.local/lib/python3.10/site-packages/airflow/example_dags/example_datasets.py
[2025-03-24T20:33:58.499+0000] {processor.py:836} INFO - DAG(s) dict_keys(['dataset_produces_1', 'dataset_consumes_unknown_never_scheduled', 'dataset_consumes_1_never_scheduled', 'dataset_consumes_1', 'dataset_consumes_1_and_2', 'dataset_produces_2']) retrieved from /home/vscode/.local/lib/python3.10/site-packages/airflow/example_dags/example_datasets.py
[2025-03-24T20:33:58.519+0000] {logging_mixin.py:150} INFO - [2025-03-24T20:33:58.519+0000] {dag.py:2742} INFO - Sync 6 DAGs
[2025-03-24T20:33:58.534+0000] {logging_mixin.py:150} INFO - [2025-03-24T20:33:58.534+0000] {dag.py:3504} INFO - Setting next_dagrun for dataset_consumes_1 to None, run_after=None
[2025-03-24T20:33:58.536+0000] {logging_mixin.py:150} INFO - [2025-03-24T20:33:58.536+0000] {dag.py:3504} INFO - Setting next_dagrun for dataset_consumes_1_and_2 to None, run_after=None
[2025-03-24T20:33:58.537+0000] {logging_mixin.py:150} INFO - [2025-03-24T20:33:58.537+0000] {dag.py:3504} INFO - Setting next_dagrun for dataset_consumes_1_never_scheduled to None, run_after=None
[2025-03-24T20:33:58.538+0000] {logging_mixin.py:150} INFO - [2025-03-24T20:33:58.538+0000] {dag.py:3504} INFO - Setting next_dagrun for dataset_consumes_unknown_never_scheduled to None, run_after=None
[2025-03-24T20:33:58.540+0000] {logging_mixin.py:150} INFO - [2025-03-24T20:33:58.539+0000] {dag.py:3504} INFO - Setting next_dagrun for dataset_produces_1 to 2025-03-23T00:00:00+00:00, run_after=2025-03-24T00:00:00+00:00
[2025-03-24T20:33:58.540+0000] {logging_mixin.py:150} INFO - [2025-03-24T20:33:58.540+0000] {dag.py:3504} INFO - Setting next_dagrun for dataset_produces_2 to None, run_after=None
[2025-03-24T20:33:58.561+0000] {processor.py:179} INFO - Processing /home/vscode/.local/lib/python3.10/site-packages/airflow/example_dags/example_datasets.py took 0.071 seconds
[2025-03-24T20:34:44.055+0000] {processor.py:157} INFO - Started process (PID=34759) to work on /home/vscode/.local/lib/python3.10/site-packages/airflow/example_dags/example_datasets.py
[2025-03-24T20:34:44.056+0000] {processor.py:826} INFO - Processing file /home/vscode/.local/lib/python3.10/site-packages/airflow/example_dags/example_datasets.py for tasks to queue
[2025-03-24T20:34:44.056+0000] {logging_mixin.py:150} INFO - [2025-03-24T20:34:44.056+0000] {dagbag.py:541} INFO - Filling up the DagBag from /home/vscode/.local/lib/python3.10/site-packages/airflow/example_dags/example_datasets.py
[2025-03-24T20:34:44.063+0000] {processor.py:836} INFO - DAG(s) dict_keys(['dataset_consumes_1_and_2', 'dataset_consumes_1', 'dataset_consumes_1_never_scheduled', 'dataset_produces_1', 'dataset_produces_2', 'dataset_consumes_unknown_never_scheduled']) retrieved from /home/vscode/.local/lib/python3.10/site-packages/airflow/example_dags/example_datasets.py
[2025-03-24T20:34:44.083+0000] {logging_mixin.py:150} INFO - [2025-03-24T20:34:44.083+0000] {dag.py:2742} INFO - Sync 6 DAGs
[2025-03-24T20:34:44.097+0000] {logging_mixin.py:150} INFO - [2025-03-24T20:34:44.097+0000] {dag.py:3504} INFO - Setting next_dagrun for dataset_consumes_1 to None, run_after=None
[2025-03-24T20:34:44.099+0000] {logging_mixin.py:150} INFO - [2025-03-24T20:34:44.099+0000] {dag.py:3504} INFO - Setting next_dagrun for dataset_consumes_1_and_2 to None, run_after=None
[2025-03-24T20:34:44.100+0000] {logging_mixin.py:150} INFO - [2025-03-24T20:34:44.100+0000] {dag.py:3504} INFO - Setting next_dagrun for dataset_consumes_1_never_scheduled to None, run_after=None
[2025-03-24T20:34:44.101+0000] {logging_mixin.py:150} INFO - [2025-03-24T20:34:44.100+0000] {dag.py:3504} INFO - Setting next_dagrun for dataset_consumes_unknown_never_scheduled to None, run_after=None
[2025-03-24T20:34:44.102+0000] {logging_mixin.py:150} INFO - [2025-03-24T20:34:44.102+0000] {dag.py:3504} INFO - Setting next_dagrun for dataset_produces_1 to 2025-03-23T00:00:00+00:00, run_after=2025-03-24T00:00:00+00:00
[2025-03-24T20:34:44.103+0000] {logging_mixin.py:150} INFO - [2025-03-24T20:34:44.103+0000] {dag.py:3504} INFO - Setting next_dagrun for dataset_produces_2 to None, run_after=None
[2025-03-24T20:34:44.124+0000] {processor.py:179} INFO - Processing /home/vscode/.local/lib/python3.10/site-packages/airflow/example_dags/example_datasets.py took 0.071 seconds
[2025-03-24T20:35:28.487+0000] {processor.py:157} INFO - Started process (PID=35053) to work on /home/vscode/.local/lib/python3.10/site-packages/airflow/example_dags/example_datasets.py
[2025-03-24T20:35:28.487+0000] {processor.py:826} INFO - Processing file /home/vscode/.local/lib/python3.10/site-packages/airflow/example_dags/example_datasets.py for tasks to queue
[2025-03-24T20:35:28.488+0000] {logging_mixin.py:150} INFO - [2025-03-24T20:35:28.488+0000] {dagbag.py:541} INFO - Filling up the DagBag from /home/vscode/.local/lib/python3.10/site-packages/airflow/example_dags/example_datasets.py
[2025-03-24T20:35:28.494+0000] {processor.py:836} INFO - DAG(s) dict_keys(['dataset_produces_2', 'dataset_consumes_unknown_never_scheduled', 'dataset_consumes_1', 'dataset_consumes_1_and_2', 'dataset_produces_1', 'dataset_consumes_1_never_scheduled']) retrieved from /home/vscode/.local/lib/python3.10/site-packages/airflow/example_dags/example_datasets.py
[2025-03-24T20:35:28.517+0000] {logging_mixin.py:150} INFO - [2025-03-24T20:35:28.517+0000] {dag.py:2742} INFO - Sync 6 DAGs
[2025-03-24T20:35:28.532+0000] {logging_mixin.py:150} INFO - [2025-03-24T20:35:28.532+0000] {dag.py:3504} INFO - Setting next_dagrun for dataset_consumes_1 to None, run_after=None
[2025-03-24T20:35:28.534+0000] {logging_mixin.py:150} INFO - [2025-03-24T20:35:28.534+0000] {dag.py:3504} INFO - Setting next_dagrun for dataset_consumes_1_and_2 to None, run_after=None
[2025-03-24T20:35:28.535+0000] {logging_mixin.py:150} INFO - [2025-03-24T20:35:28.535+0000] {dag.py:3504} INFO - Setting next_dagrun for dataset_consumes_1_never_scheduled to None, run_after=None
[2025-03-24T20:35:28.536+0000] {logging_mixin.py:150} INFO - [2025-03-24T20:35:28.535+0000] {dag.py:3504} INFO - Setting next_dagrun for dataset_consumes_unknown_never_scheduled to None, run_after=None
[2025-03-24T20:35:28.537+0000] {logging_mixin.py:150} INFO - [2025-03-24T20:35:28.537+0000] {dag.py:3504} INFO - Setting next_dagrun for dataset_produces_1 to 2025-03-23T00:00:00+00:00, run_after=2025-03-24T00:00:00+00:00
[2025-03-24T20:35:28.538+0000] {logging_mixin.py:150} INFO - [2025-03-24T20:35:28.538+0000] {dag.py:3504} INFO - Setting next_dagrun for dataset_produces_2 to None, run_after=None
[2025-03-24T20:35:28.558+0000] {processor.py:179} INFO - Processing /home/vscode/.local/lib/python3.10/site-packages/airflow/example_dags/example_datasets.py took 0.073 seconds
[2025-03-24T20:36:12.424+0000] {processor.py:157} INFO - Started process (PID=35351) to work on /home/vscode/.local/lib/python3.10/site-packages/airflow/example_dags/example_datasets.py
[2025-03-24T20:36:12.425+0000] {processor.py:826} INFO - Processing file /home/vscode/.local/lib/python3.10/site-packages/airflow/example_dags/example_datasets.py for tasks to queue
[2025-03-24T20:36:12.425+0000] {logging_mixin.py:150} INFO - [2025-03-24T20:36:12.425+0000] {dagbag.py:541} INFO - Filling up the DagBag from /home/vscode/.local/lib/python3.10/site-packages/airflow/example_dags/example_datasets.py
[2025-03-24T20:36:12.432+0000] {processor.py:836} INFO - DAG(s) dict_keys(['dataset_produces_1', 'dataset_produces_2', 'dataset_consumes_1_and_2', 'dataset_consumes_1_never_scheduled', 'dataset_consumes_1', 'dataset_consumes_unknown_never_scheduled']) retrieved from /home/vscode/.local/lib/python3.10/site-packages/airflow/example_dags/example_datasets.py
[2025-03-24T20:36:12.452+0000] {logging_mixin.py:150} INFO - [2025-03-24T20:36:12.452+0000] {dag.py:2742} INFO - Sync 6 DAGs
[2025-03-24T20:36:12.467+0000] {logging_mixin.py:150} INFO - [2025-03-24T20:36:12.467+0000] {dag.py:3504} INFO - Setting next_dagrun for dataset_consumes_1 to None, run_after=None
[2025-03-24T20:36:12.469+0000] {logging_mixin.py:150} INFO - [2025-03-24T20:36:12.469+0000] {dag.py:3504} INFO - Setting next_dagrun for dataset_consumes_1_and_2 to None, run_after=None
[2025-03-24T20:36:12.470+0000] {logging_mixin.py:150} INFO - [2025-03-24T20:36:12.470+0000] {dag.py:3504} INFO - Setting next_dagrun for dataset_consumes_1_never_scheduled to None, run_after=None
[2025-03-24T20:36:12.470+0000] {logging_mixin.py:150} INFO - [2025-03-24T20:36:12.470+0000] {dag.py:3504} INFO - Setting next_dagrun for dataset_consumes_unknown_never_scheduled to None, run_after=None
[2025-03-24T20:36:12.472+0000] {logging_mixin.py:150} INFO - [2025-03-24T20:36:12.472+0000] {dag.py:3504} INFO - Setting next_dagrun for dataset_produces_1 to 2025-03-23T00:00:00+00:00, run_after=2025-03-24T00:00:00+00:00
[2025-03-24T20:36:12.473+0000] {logging_mixin.py:150} INFO - [2025-03-24T20:36:12.473+0000] {dag.py:3504} INFO - Setting next_dagrun for dataset_produces_2 to None, run_after=None
[2025-03-24T20:36:12.494+0000] {processor.py:179} INFO - Processing /home/vscode/.local/lib/python3.10/site-packages/airflow/example_dags/example_datasets.py took 0.072 seconds
[2025-03-24T20:36:59.763+0000] {processor.py:157} INFO - Started process (PID=35706) to work on /home/vscode/.local/lib/python3.10/site-packages/airflow/example_dags/example_datasets.py
[2025-03-24T20:36:59.763+0000] {processor.py:826} INFO - Processing file /home/vscode/.local/lib/python3.10/site-packages/airflow/example_dags/example_datasets.py for tasks to queue
[2025-03-24T20:36:59.764+0000] {logging_mixin.py:150} INFO - [2025-03-24T20:36:59.764+0000] {dagbag.py:541} INFO - Filling up the DagBag from /home/vscode/.local/lib/python3.10/site-packages/airflow/example_dags/example_datasets.py
[2025-03-24T20:36:59.770+0000] {processor.py:836} INFO - DAG(s) dict_keys(['dataset_consumes_1_never_scheduled', 'dataset_consumes_1_and_2', 'dataset_produces_2', 'dataset_consumes_unknown_never_scheduled', 'dataset_consumes_1', 'dataset_produces_1']) retrieved from /home/vscode/.local/lib/python3.10/site-packages/airflow/example_dags/example_datasets.py
[2025-03-24T20:36:59.790+0000] {logging_mixin.py:150} INFO - [2025-03-24T20:36:59.790+0000] {dag.py:2742} INFO - Sync 6 DAGs
[2025-03-24T20:36:59.806+0000] {logging_mixin.py:150} INFO - [2025-03-24T20:36:59.805+0000] {dag.py:3504} INFO - Setting next_dagrun for dataset_consumes_1 to None, run_after=None
[2025-03-24T20:36:59.808+0000] {logging_mixin.py:150} INFO - [2025-03-24T20:36:59.808+0000] {dag.py:3504} INFO - Setting next_dagrun for dataset_consumes_1_and_2 to None, run_after=None
[2025-03-24T20:36:59.808+0000] {logging_mixin.py:150} INFO - [2025-03-24T20:36:59.808+0000] {dag.py:3504} INFO - Setting next_dagrun for dataset_consumes_1_never_scheduled to None, run_after=None
[2025-03-24T20:36:59.809+0000] {logging_mixin.py:150} INFO - [2025-03-24T20:36:59.809+0000] {dag.py:3504} INFO - Setting next_dagrun for dataset_consumes_unknown_never_scheduled to None, run_after=None
[2025-03-24T20:36:59.811+0000] {logging_mixin.py:150} INFO - [2025-03-24T20:36:59.811+0000] {dag.py:3504} INFO - Setting next_dagrun for dataset_produces_1 to 2025-03-23T00:00:00+00:00, run_after=2025-03-24T00:00:00+00:00
[2025-03-24T20:36:59.811+0000] {logging_mixin.py:150} INFO - [2025-03-24T20:36:59.811+0000] {dag.py:3504} INFO - Setting next_dagrun for dataset_produces_2 to None, run_after=None
[2025-03-24T20:36:59.832+0000] {processor.py:179} INFO - Processing /home/vscode/.local/lib/python3.10/site-packages/airflow/example_dags/example_datasets.py took 0.072 seconds
[2025-03-24T20:37:43.855+0000] {processor.py:157} INFO - Started process (PID=36015) to work on /home/vscode/.local/lib/python3.10/site-packages/airflow/example_dags/example_datasets.py
[2025-03-24T20:37:43.856+0000] {processor.py:826} INFO - Processing file /home/vscode/.local/lib/python3.10/site-packages/airflow/example_dags/example_datasets.py for tasks to queue
[2025-03-24T20:37:43.856+0000] {logging_mixin.py:150} INFO - [2025-03-24T20:37:43.856+0000] {dagbag.py:541} INFO - Filling up the DagBag from /home/vscode/.local/lib/python3.10/site-packages/airflow/example_dags/example_datasets.py
[2025-03-24T20:37:43.863+0000] {processor.py:836} INFO - DAG(s) dict_keys(['dataset_produces_1', 'dataset_consumes_unknown_never_scheduled', 'dataset_consumes_1_and_2', 'dataset_produces_2', 'dataset_consumes_1_never_scheduled', 'dataset_consumes_1']) retrieved from /home/vscode/.local/lib/python3.10/site-packages/airflow/example_dags/example_datasets.py
[2025-03-24T20:37:43.883+0000] {logging_mixin.py:150} INFO - [2025-03-24T20:37:43.883+0000] {dag.py:2742} INFO - Sync 6 DAGs
[2025-03-24T20:37:43.897+0000] {logging_mixin.py:150} INFO - [2025-03-24T20:37:43.897+0000] {dag.py:3504} INFO - Setting next_dagrun for dataset_consumes_1 to None, run_after=None
[2025-03-24T20:37:43.900+0000] {logging_mixin.py:150} INFO - [2025-03-24T20:37:43.900+0000] {dag.py:3504} INFO - Setting next_dagrun for dataset_consumes_1_and_2 to None, run_after=None
[2025-03-24T20:37:43.900+0000] {logging_mixin.py:150} INFO - [2025-03-24T20:37:43.900+0000] {dag.py:3504} INFO - Setting next_dagrun for dataset_consumes_1_never_scheduled to None, run_after=None
[2025-03-24T20:37:43.901+0000] {logging_mixin.py:150} INFO - [2025-03-24T20:37:43.901+0000] {dag.py:3504} INFO - Setting next_dagrun for dataset_consumes_unknown_never_scheduled to None, run_after=None
[2025-03-24T20:37:43.903+0000] {logging_mixin.py:150} INFO - [2025-03-24T20:37:43.903+0000] {dag.py:3504} INFO - Setting next_dagrun for dataset_produces_1 to 2025-03-23T00:00:00+00:00, run_after=2025-03-24T00:00:00+00:00
[2025-03-24T20:37:43.903+0000] {logging_mixin.py:150} INFO - [2025-03-24T20:37:43.903+0000] {dag.py:3504} INFO - Setting next_dagrun for dataset_produces_2 to None, run_after=None
[2025-03-24T20:37:43.924+0000] {processor.py:179} INFO - Processing /home/vscode/.local/lib/python3.10/site-packages/airflow/example_dags/example_datasets.py took 0.071 seconds
