[2025-03-24T20:13:00.595+0000] {processor.py:157} INFO - Started process (PID=25293) to work on /home/vscode/.local/lib/python3.10/site-packages/airflow/example_dags/example_dag_decorator.py
[2025-03-24T20:13:00.595+0000] {processor.py:826} INFO - Processing file /home/vscode/.local/lib/python3.10/site-packages/airflow/example_dags/example_dag_decorator.py for tasks to queue
[2025-03-24T20:13:00.596+0000] {logging_mixin.py:150} INFO - [2025-03-24T20:13:00.595+0000] {dagbag.py:541} INFO - Filling up the DagBag from /home/vscode/.local/lib/python3.10/site-packages/airflow/example_dags/example_dag_decorator.py
[2025-03-24T20:13:00.604+0000] {processor.py:836} INFO - DAG(s) dict_keys(['example_dag_decorator']) retrieved from /home/vscode/.local/lib/python3.10/site-packages/airflow/example_dags/example_dag_decorator.py
[2025-03-24T20:13:00.685+0000] {logging_mixin.py:150} INFO - [2025-03-24T20:13:00.684+0000] {manager.py:504} INFO - Created Permission View: can delete on DAG:example_dag_decorator
[2025-03-24T20:13:00.692+0000] {logging_mixin.py:150} INFO - [2025-03-24T20:13:00.692+0000] {manager.py:504} INFO - Created Permission View: can edit on DAG:example_dag_decorator
[2025-03-24T20:13:00.698+0000] {logging_mixin.py:150} INFO - [2025-03-24T20:13:00.698+0000] {manager.py:504} INFO - Created Permission View: can read on DAG:example_dag_decorator
[2025-03-24T20:13:00.706+0000] {logging_mixin.py:150} INFO - [2025-03-24T20:13:00.705+0000] {dag.py:2742} INFO - Sync 1 DAGs
[2025-03-24T20:13:00.715+0000] {logging_mixin.py:150} INFO - [2025-03-24T20:13:00.715+0000] {dag.py:2763} INFO - Creating ORM DAG for example_dag_decorator
[2025-03-24T20:13:00.721+0000] {logging_mixin.py:150} INFO - [2025-03-24T20:13:00.721+0000] {dag.py:3504} INFO - Setting next_dagrun for example_dag_decorator to None, run_after=None
[2025-03-24T20:13:00.737+0000] {processor.py:179} INFO - Processing /home/vscode/.local/lib/python3.10/site-packages/airflow/example_dags/example_dag_decorator.py took 0.144 seconds
[2025-03-24T20:13:50.503+0000] {processor.py:157} INFO - Started process (PID=25625) to work on /home/vscode/.local/lib/python3.10/site-packages/airflow/example_dags/example_dag_decorator.py
[2025-03-24T20:13:50.504+0000] {processor.py:826} INFO - Processing file /home/vscode/.local/lib/python3.10/site-packages/airflow/example_dags/example_dag_decorator.py for tasks to queue
[2025-03-24T20:13:50.504+0000] {logging_mixin.py:150} INFO - [2025-03-24T20:13:50.504+0000] {dagbag.py:541} INFO - Filling up the DagBag from /home/vscode/.local/lib/python3.10/site-packages/airflow/example_dags/example_dag_decorator.py
[2025-03-24T20:13:50.512+0000] {processor.py:836} INFO - DAG(s) dict_keys(['example_dag_decorator']) retrieved from /home/vscode/.local/lib/python3.10/site-packages/airflow/example_dags/example_dag_decorator.py
[2025-03-24T20:13:50.610+0000] {logging_mixin.py:150} INFO - [2025-03-24T20:13:50.609+0000] {dag.py:2742} INFO - Sync 1 DAGs
[2025-03-24T20:13:50.623+0000] {logging_mixin.py:150} INFO - [2025-03-24T20:13:50.622+0000] {dag.py:3504} INFO - Setting next_dagrun for example_dag_decorator to None, run_after=None
[2025-03-24T20:13:50.638+0000] {processor.py:179} INFO - Processing /home/vscode/.local/lib/python3.10/site-packages/airflow/example_dags/example_dag_decorator.py took 0.137 seconds
[2025-03-24T20:14:31.885+0000] {processor.py:157} INFO - Started process (PID=25904) to work on /home/vscode/.local/lib/python3.10/site-packages/airflow/example_dags/example_dag_decorator.py
[2025-03-24T20:14:31.886+0000] {processor.py:826} INFO - Processing file /home/vscode/.local/lib/python3.10/site-packages/airflow/example_dags/example_dag_decorator.py for tasks to queue
[2025-03-24T20:14:31.887+0000] {logging_mixin.py:150} INFO - [2025-03-24T20:14:31.886+0000] {dagbag.py:541} INFO - Filling up the DagBag from /home/vscode/.local/lib/python3.10/site-packages/airflow/example_dags/example_dag_decorator.py
[2025-03-24T20:14:31.896+0000] {processor.py:836} INFO - DAG(s) dict_keys(['example_dag_decorator']) retrieved from /home/vscode/.local/lib/python3.10/site-packages/airflow/example_dags/example_dag_decorator.py
[2025-03-24T20:14:31.971+0000] {logging_mixin.py:150} INFO - [2025-03-24T20:14:31.970+0000] {dag.py:2742} INFO - Sync 1 DAGs
[2025-03-24T20:14:31.983+0000] {logging_mixin.py:150} INFO - [2025-03-24T20:14:31.983+0000] {dag.py:3504} INFO - Setting next_dagrun for example_dag_decorator to None, run_after=None
[2025-03-24T20:14:31.998+0000] {processor.py:179} INFO - Processing /home/vscode/.local/lib/python3.10/site-packages/airflow/example_dags/example_dag_decorator.py took 0.115 seconds
[2025-03-24T20:15:15.569+0000] {processor.py:157} INFO - Started process (PID=26209) to work on /home/vscode/.local/lib/python3.10/site-packages/airflow/example_dags/example_dag_decorator.py
[2025-03-24T20:15:15.569+0000] {processor.py:826} INFO - Processing file /home/vscode/.local/lib/python3.10/site-packages/airflow/example_dags/example_dag_decorator.py for tasks to queue
[2025-03-24T20:15:15.570+0000] {logging_mixin.py:150} INFO - [2025-03-24T20:15:15.570+0000] {dagbag.py:541} INFO - Filling up the DagBag from /home/vscode/.local/lib/python3.10/site-packages/airflow/example_dags/example_dag_decorator.py
[2025-03-24T20:15:15.580+0000] {processor.py:836} INFO - DAG(s) dict_keys(['example_dag_decorator']) retrieved from /home/vscode/.local/lib/python3.10/site-packages/airflow/example_dags/example_dag_decorator.py
[2025-03-24T20:15:15.655+0000] {logging_mixin.py:150} INFO - [2025-03-24T20:15:15.655+0000] {dag.py:2742} INFO - Sync 1 DAGs
[2025-03-24T20:15:15.668+0000] {logging_mixin.py:150} INFO - [2025-03-24T20:15:15.667+0000] {dag.py:3504} INFO - Setting next_dagrun for example_dag_decorator to None, run_after=None
[2025-03-24T20:15:15.684+0000] {processor.py:179} INFO - Processing /home/vscode/.local/lib/python3.10/site-packages/airflow/example_dags/example_dag_decorator.py took 0.117 seconds
[2025-03-24T20:16:05.573+0000] {processor.py:157} INFO - Started process (PID=26542) to work on /home/vscode/.local/lib/python3.10/site-packages/airflow/example_dags/example_dag_decorator.py
[2025-03-24T20:16:05.574+0000] {processor.py:826} INFO - Processing file /home/vscode/.local/lib/python3.10/site-packages/airflow/example_dags/example_dag_decorator.py for tasks to queue
[2025-03-24T20:16:05.575+0000] {logging_mixin.py:150} INFO - [2025-03-24T20:16:05.574+0000] {dagbag.py:541} INFO - Filling up the DagBag from /home/vscode/.local/lib/python3.10/site-packages/airflow/example_dags/example_dag_decorator.py
[2025-03-24T20:16:05.583+0000] {processor.py:836} INFO - DAG(s) dict_keys(['example_dag_decorator']) retrieved from /home/vscode/.local/lib/python3.10/site-packages/airflow/example_dags/example_dag_decorator.py
[2025-03-24T20:16:05.674+0000] {logging_mixin.py:150} INFO - [2025-03-24T20:16:05.673+0000] {dag.py:2742} INFO - Sync 1 DAGs
[2025-03-24T20:16:05.686+0000] {logging_mixin.py:150} INFO - [2025-03-24T20:16:05.686+0000] {dag.py:3504} INFO - Setting next_dagrun for example_dag_decorator to None, run_after=None
[2025-03-24T20:16:05.701+0000] {processor.py:179} INFO - Processing /home/vscode/.local/lib/python3.10/site-packages/airflow/example_dags/example_dag_decorator.py took 0.129 seconds
[2025-03-24T20:16:51.436+0000] {processor.py:157} INFO - Started process (PID=26850) to work on /home/vscode/.local/lib/python3.10/site-packages/airflow/example_dags/example_dag_decorator.py
[2025-03-24T20:16:51.437+0000] {processor.py:826} INFO - Processing file /home/vscode/.local/lib/python3.10/site-packages/airflow/example_dags/example_dag_decorator.py for tasks to queue
[2025-03-24T20:16:51.437+0000] {logging_mixin.py:150} INFO - [2025-03-24T20:16:51.437+0000] {dagbag.py:541} INFO - Filling up the DagBag from /home/vscode/.local/lib/python3.10/site-packages/airflow/example_dags/example_dag_decorator.py
[2025-03-24T20:16:51.446+0000] {processor.py:836} INFO - DAG(s) dict_keys(['example_dag_decorator']) retrieved from /home/vscode/.local/lib/python3.10/site-packages/airflow/example_dags/example_dag_decorator.py
[2025-03-24T20:16:51.518+0000] {logging_mixin.py:150} INFO - [2025-03-24T20:16:51.518+0000] {dag.py:2742} INFO - Sync 1 DAGs
[2025-03-24T20:16:51.530+0000] {logging_mixin.py:150} INFO - [2025-03-24T20:16:51.530+0000] {dag.py:3504} INFO - Setting next_dagrun for example_dag_decorator to None, run_after=None
[2025-03-24T20:16:51.545+0000] {processor.py:179} INFO - Processing /home/vscode/.local/lib/python3.10/site-packages/airflow/example_dags/example_dag_decorator.py took 0.111 seconds
[2025-03-24T20:17:38.015+0000] {processor.py:157} INFO - Started process (PID=27160) to work on /home/vscode/.local/lib/python3.10/site-packages/airflow/example_dags/example_dag_decorator.py
[2025-03-24T20:17:38.016+0000] {processor.py:826} INFO - Processing file /home/vscode/.local/lib/python3.10/site-packages/airflow/example_dags/example_dag_decorator.py for tasks to queue
[2025-03-24T20:17:38.017+0000] {logging_mixin.py:150} INFO - [2025-03-24T20:17:38.017+0000] {dagbag.py:541} INFO - Filling up the DagBag from /home/vscode/.local/lib/python3.10/site-packages/airflow/example_dags/example_dag_decorator.py
[2025-03-24T20:17:38.028+0000] {processor.py:836} INFO - DAG(s) dict_keys(['example_dag_decorator']) retrieved from /home/vscode/.local/lib/python3.10/site-packages/airflow/example_dags/example_dag_decorator.py
[2025-03-24T20:17:38.129+0000] {logging_mixin.py:150} INFO - [2025-03-24T20:17:38.129+0000] {dag.py:2742} INFO - Sync 1 DAGs
[2025-03-24T20:17:38.143+0000] {logging_mixin.py:150} INFO - [2025-03-24T20:17:38.143+0000] {dag.py:3504} INFO - Setting next_dagrun for example_dag_decorator to None, run_after=None
[2025-03-24T20:17:38.158+0000] {processor.py:179} INFO - Processing /home/vscode/.local/lib/python3.10/site-packages/airflow/example_dags/example_dag_decorator.py took 0.145 seconds
[2025-03-24T20:18:22.244+0000] {processor.py:157} INFO - Started process (PID=27454) to work on /home/vscode/.local/lib/python3.10/site-packages/airflow/example_dags/example_dag_decorator.py
[2025-03-24T20:18:22.245+0000] {processor.py:826} INFO - Processing file /home/vscode/.local/lib/python3.10/site-packages/airflow/example_dags/example_dag_decorator.py for tasks to queue
[2025-03-24T20:18:22.246+0000] {logging_mixin.py:150} INFO - [2025-03-24T20:18:22.245+0000] {dagbag.py:541} INFO - Filling up the DagBag from /home/vscode/.local/lib/python3.10/site-packages/airflow/example_dags/example_dag_decorator.py
[2025-03-24T20:18:22.254+0000] {processor.py:836} INFO - DAG(s) dict_keys(['example_dag_decorator']) retrieved from /home/vscode/.local/lib/python3.10/site-packages/airflow/example_dags/example_dag_decorator.py
[2025-03-24T20:18:22.327+0000] {logging_mixin.py:150} INFO - [2025-03-24T20:18:22.327+0000] {dag.py:2742} INFO - Sync 1 DAGs
[2025-03-24T20:18:22.341+0000] {logging_mixin.py:150} INFO - [2025-03-24T20:18:22.340+0000] {dag.py:3504} INFO - Setting next_dagrun for example_dag_decorator to None, run_after=None
[2025-03-24T20:18:22.356+0000] {processor.py:179} INFO - Processing /home/vscode/.local/lib/python3.10/site-packages/airflow/example_dags/example_dag_decorator.py took 0.114 seconds
[2025-03-24T20:19:15.471+0000] {processor.py:157} INFO - Started process (PID=27808) to work on /home/vscode/.local/lib/python3.10/site-packages/airflow/example_dags/example_dag_decorator.py
[2025-03-24T20:19:15.471+0000] {processor.py:826} INFO - Processing file /home/vscode/.local/lib/python3.10/site-packages/airflow/example_dags/example_dag_decorator.py for tasks to queue
[2025-03-24T20:19:15.472+0000] {logging_mixin.py:150} INFO - [2025-03-24T20:19:15.472+0000] {dagbag.py:541} INFO - Filling up the DagBag from /home/vscode/.local/lib/python3.10/site-packages/airflow/example_dags/example_dag_decorator.py
[2025-03-24T20:19:15.481+0000] {processor.py:836} INFO - DAG(s) dict_keys(['example_dag_decorator']) retrieved from /home/vscode/.local/lib/python3.10/site-packages/airflow/example_dags/example_dag_decorator.py
[2025-03-24T20:19:15.555+0000] {logging_mixin.py:150} INFO - [2025-03-24T20:19:15.554+0000] {dag.py:2742} INFO - Sync 1 DAGs
[2025-03-24T20:19:15.568+0000] {logging_mixin.py:150} INFO - [2025-03-24T20:19:15.567+0000] {dag.py:3504} INFO - Setting next_dagrun for example_dag_decorator to None, run_after=None
[2025-03-24T20:19:15.582+0000] {processor.py:179} INFO - Processing /home/vscode/.local/lib/python3.10/site-packages/airflow/example_dags/example_dag_decorator.py took 0.114 seconds
[2025-03-24T20:20:01.298+0000] {processor.py:157} INFO - Started process (PID=28144) to work on /home/vscode/.local/lib/python3.10/site-packages/airflow/example_dags/example_dag_decorator.py
[2025-03-24T20:20:01.299+0000] {processor.py:826} INFO - Processing file /home/vscode/.local/lib/python3.10/site-packages/airflow/example_dags/example_dag_decorator.py for tasks to queue
[2025-03-24T20:20:01.300+0000] {logging_mixin.py:150} INFO - [2025-03-24T20:20:01.299+0000] {dagbag.py:541} INFO - Filling up the DagBag from /home/vscode/.local/lib/python3.10/site-packages/airflow/example_dags/example_dag_decorator.py
[2025-03-24T20:20:01.308+0000] {processor.py:836} INFO - DAG(s) dict_keys(['example_dag_decorator']) retrieved from /home/vscode/.local/lib/python3.10/site-packages/airflow/example_dags/example_dag_decorator.py
[2025-03-24T20:20:01.382+0000] {logging_mixin.py:150} INFO - [2025-03-24T20:20:01.382+0000] {dag.py:2742} INFO - Sync 1 DAGs
[2025-03-24T20:20:01.394+0000] {logging_mixin.py:150} INFO - [2025-03-24T20:20:01.394+0000] {dag.py:3504} INFO - Setting next_dagrun for example_dag_decorator to None, run_after=None
[2025-03-24T20:20:01.410+0000] {processor.py:179} INFO - Processing /home/vscode/.local/lib/python3.10/site-packages/airflow/example_dags/example_dag_decorator.py took 0.113 seconds
[2025-03-24T20:20:50.367+0000] {processor.py:157} INFO - Started process (PID=28502) to work on /home/vscode/.local/lib/python3.10/site-packages/airflow/example_dags/example_dag_decorator.py
[2025-03-24T20:20:50.367+0000] {processor.py:826} INFO - Processing file /home/vscode/.local/lib/python3.10/site-packages/airflow/example_dags/example_dag_decorator.py for tasks to queue
[2025-03-24T20:20:50.368+0000] {logging_mixin.py:150} INFO - [2025-03-24T20:20:50.368+0000] {dagbag.py:541} INFO - Filling up the DagBag from /home/vscode/.local/lib/python3.10/site-packages/airflow/example_dags/example_dag_decorator.py
[2025-03-24T20:20:50.376+0000] {processor.py:836} INFO - DAG(s) dict_keys(['example_dag_decorator']) retrieved from /home/vscode/.local/lib/python3.10/site-packages/airflow/example_dags/example_dag_decorator.py
[2025-03-24T20:20:50.450+0000] {logging_mixin.py:150} INFO - [2025-03-24T20:20:50.450+0000] {dag.py:2742} INFO - Sync 1 DAGs
[2025-03-24T20:20:50.463+0000] {logging_mixin.py:150} INFO - [2025-03-24T20:20:50.463+0000] {dag.py:3504} INFO - Setting next_dagrun for example_dag_decorator to None, run_after=None
[2025-03-24T20:20:50.480+0000] {processor.py:179} INFO - Processing /home/vscode/.local/lib/python3.10/site-packages/airflow/example_dags/example_dag_decorator.py took 0.116 seconds
[2025-03-24T20:21:37.340+0000] {processor.py:157} INFO - Started process (PID=28868) to work on /home/vscode/.local/lib/python3.10/site-packages/airflow/example_dags/example_dag_decorator.py
[2025-03-24T20:21:37.340+0000] {processor.py:826} INFO - Processing file /home/vscode/.local/lib/python3.10/site-packages/airflow/example_dags/example_dag_decorator.py for tasks to queue
[2025-03-24T20:21:37.341+0000] {logging_mixin.py:150} INFO - [2025-03-24T20:21:37.341+0000] {dagbag.py:541} INFO - Filling up the DagBag from /home/vscode/.local/lib/python3.10/site-packages/airflow/example_dags/example_dag_decorator.py
[2025-03-24T20:21:37.349+0000] {processor.py:836} INFO - DAG(s) dict_keys(['example_dag_decorator']) retrieved from /home/vscode/.local/lib/python3.10/site-packages/airflow/example_dags/example_dag_decorator.py
[2025-03-24T20:21:37.428+0000] {logging_mixin.py:150} INFO - [2025-03-24T20:21:37.427+0000] {dag.py:2742} INFO - Sync 1 DAGs
[2025-03-24T20:21:37.441+0000] {logging_mixin.py:150} INFO - [2025-03-24T20:21:37.441+0000] {dag.py:3504} INFO - Setting next_dagrun for example_dag_decorator to None, run_after=None
[2025-03-24T20:21:37.455+0000] {processor.py:179} INFO - Processing /home/vscode/.local/lib/python3.10/site-packages/airflow/example_dags/example_dag_decorator.py took 0.118 seconds
[2025-03-24T20:22:22.851+0000] {processor.py:157} INFO - Started process (PID=29202) to work on /home/vscode/.local/lib/python3.10/site-packages/airflow/example_dags/example_dag_decorator.py
[2025-03-24T20:22:22.851+0000] {processor.py:826} INFO - Processing file /home/vscode/.local/lib/python3.10/site-packages/airflow/example_dags/example_dag_decorator.py for tasks to queue
[2025-03-24T20:22:22.852+0000] {logging_mixin.py:150} INFO - [2025-03-24T20:22:22.851+0000] {dagbag.py:541} INFO - Filling up the DagBag from /home/vscode/.local/lib/python3.10/site-packages/airflow/example_dags/example_dag_decorator.py
[2025-03-24T20:22:22.860+0000] {processor.py:836} INFO - DAG(s) dict_keys(['example_dag_decorator']) retrieved from /home/vscode/.local/lib/python3.10/site-packages/airflow/example_dags/example_dag_decorator.py
[2025-03-24T20:22:22.935+0000] {logging_mixin.py:150} INFO - [2025-03-24T20:22:22.935+0000] {dag.py:2742} INFO - Sync 1 DAGs
[2025-03-24T20:22:22.947+0000] {logging_mixin.py:150} INFO - [2025-03-24T20:22:22.947+0000] {dag.py:3504} INFO - Setting next_dagrun for example_dag_decorator to None, run_after=None
[2025-03-24T20:22:22.963+0000] {processor.py:179} INFO - Processing /home/vscode/.local/lib/python3.10/site-packages/airflow/example_dags/example_dag_decorator.py took 0.114 seconds
[2025-03-24T20:23:08.000+0000] {processor.py:157} INFO - Started process (PID=29531) to work on /home/vscode/.local/lib/python3.10/site-packages/airflow/example_dags/example_dag_decorator.py
[2025-03-24T20:23:08.000+0000] {processor.py:826} INFO - Processing file /home/vscode/.local/lib/python3.10/site-packages/airflow/example_dags/example_dag_decorator.py for tasks to queue
[2025-03-24T20:23:08.001+0000] {logging_mixin.py:150} INFO - [2025-03-24T20:23:08.001+0000] {dagbag.py:541} INFO - Filling up the DagBag from /home/vscode/.local/lib/python3.10/site-packages/airflow/example_dags/example_dag_decorator.py
[2025-03-24T20:23:08.009+0000] {processor.py:836} INFO - DAG(s) dict_keys(['example_dag_decorator']) retrieved from /home/vscode/.local/lib/python3.10/site-packages/airflow/example_dags/example_dag_decorator.py
[2025-03-24T20:23:08.083+0000] {logging_mixin.py:150} INFO - [2025-03-24T20:23:08.083+0000] {dag.py:2742} INFO - Sync 1 DAGs
[2025-03-24T20:23:08.095+0000] {logging_mixin.py:150} INFO - [2025-03-24T20:23:08.095+0000] {dag.py:3504} INFO - Setting next_dagrun for example_dag_decorator to None, run_after=None
[2025-03-24T20:23:08.110+0000] {processor.py:179} INFO - Processing /home/vscode/.local/lib/python3.10/site-packages/airflow/example_dags/example_dag_decorator.py took 0.113 seconds
[2025-03-24T20:23:51.321+0000] {processor.py:157} INFO - Started process (PID=29924) to work on /home/vscode/.local/lib/python3.10/site-packages/airflow/example_dags/example_dag_decorator.py
[2025-03-24T20:23:51.322+0000] {processor.py:826} INFO - Processing file /home/vscode/.local/lib/python3.10/site-packages/airflow/example_dags/example_dag_decorator.py for tasks to queue
[2025-03-24T20:23:51.322+0000] {logging_mixin.py:150} INFO - [2025-03-24T20:23:51.322+0000] {dagbag.py:541} INFO - Filling up the DagBag from /home/vscode/.local/lib/python3.10/site-packages/airflow/example_dags/example_dag_decorator.py
[2025-03-24T20:23:51.331+0000] {processor.py:836} INFO - DAG(s) dict_keys(['example_dag_decorator']) retrieved from /home/vscode/.local/lib/python3.10/site-packages/airflow/example_dags/example_dag_decorator.py
[2025-03-24T20:23:51.432+0000] {logging_mixin.py:150} INFO - [2025-03-24T20:23:51.431+0000] {dag.py:2742} INFO - Sync 1 DAGs
[2025-03-24T20:23:51.447+0000] {logging_mixin.py:150} INFO - [2025-03-24T20:23:51.447+0000] {dag.py:3504} INFO - Setting next_dagrun for example_dag_decorator to None, run_after=None
[2025-03-24T20:23:51.462+0000] {processor.py:179} INFO - Processing /home/vscode/.local/lib/python3.10/site-packages/airflow/example_dags/example_dag_decorator.py took 0.144 seconds
[2025-03-24T20:24:38.740+0000] {processor.py:157} INFO - Started process (PID=30250) to work on /home/vscode/.local/lib/python3.10/site-packages/airflow/example_dags/example_dag_decorator.py
[2025-03-24T20:24:38.741+0000] {processor.py:826} INFO - Processing file /home/vscode/.local/lib/python3.10/site-packages/airflow/example_dags/example_dag_decorator.py for tasks to queue
[2025-03-24T20:24:38.741+0000] {logging_mixin.py:150} INFO - [2025-03-24T20:24:38.741+0000] {dagbag.py:541} INFO - Filling up the DagBag from /home/vscode/.local/lib/python3.10/site-packages/airflow/example_dags/example_dag_decorator.py
[2025-03-24T20:24:38.750+0000] {processor.py:836} INFO - DAG(s) dict_keys(['example_dag_decorator']) retrieved from /home/vscode/.local/lib/python3.10/site-packages/airflow/example_dags/example_dag_decorator.py
[2025-03-24T20:24:38.826+0000] {logging_mixin.py:150} INFO - [2025-03-24T20:24:38.826+0000] {dag.py:2742} INFO - Sync 1 DAGs
[2025-03-24T20:24:38.840+0000] {logging_mixin.py:150} INFO - [2025-03-24T20:24:38.840+0000] {dag.py:3504} INFO - Setting next_dagrun for example_dag_decorator to None, run_after=None
[2025-03-24T20:24:38.856+0000] {processor.py:179} INFO - Processing /home/vscode/.local/lib/python3.10/site-packages/airflow/example_dags/example_dag_decorator.py took 0.118 seconds
[2025-03-24T20:25:21.027+0000] {processor.py:157} INFO - Started process (PID=30581) to work on /home/vscode/.local/lib/python3.10/site-packages/airflow/example_dags/example_dag_decorator.py
[2025-03-24T20:25:21.027+0000] {processor.py:826} INFO - Processing file /home/vscode/.local/lib/python3.10/site-packages/airflow/example_dags/example_dag_decorator.py for tasks to queue
[2025-03-24T20:25:21.028+0000] {logging_mixin.py:150} INFO - [2025-03-24T20:25:21.028+0000] {dagbag.py:541} INFO - Filling up the DagBag from /home/vscode/.local/lib/python3.10/site-packages/airflow/example_dags/example_dag_decorator.py
[2025-03-24T20:25:21.037+0000] {processor.py:836} INFO - DAG(s) dict_keys(['example_dag_decorator']) retrieved from /home/vscode/.local/lib/python3.10/site-packages/airflow/example_dags/example_dag_decorator.py
[2025-03-24T20:25:21.111+0000] {logging_mixin.py:150} INFO - [2025-03-24T20:25:21.111+0000] {dag.py:2742} INFO - Sync 1 DAGs
[2025-03-24T20:25:21.123+0000] {logging_mixin.py:150} INFO - [2025-03-24T20:25:21.123+0000] {dag.py:3504} INFO - Setting next_dagrun for example_dag_decorator to None, run_after=None
[2025-03-24T20:25:21.138+0000] {processor.py:179} INFO - Processing /home/vscode/.local/lib/python3.10/site-packages/airflow/example_dags/example_dag_decorator.py took 0.114 seconds
[2025-03-24T20:26:06.689+0000] {processor.py:157} INFO - Started process (PID=30935) to work on /home/vscode/.local/lib/python3.10/site-packages/airflow/example_dags/example_dag_decorator.py
[2025-03-24T20:26:06.690+0000] {processor.py:826} INFO - Processing file /home/vscode/.local/lib/python3.10/site-packages/airflow/example_dags/example_dag_decorator.py for tasks to queue
[2025-03-24T20:26:06.690+0000] {logging_mixin.py:150} INFO - [2025-03-24T20:26:06.690+0000] {dagbag.py:541} INFO - Filling up the DagBag from /home/vscode/.local/lib/python3.10/site-packages/airflow/example_dags/example_dag_decorator.py
[2025-03-24T20:26:06.699+0000] {processor.py:836} INFO - DAG(s) dict_keys(['example_dag_decorator']) retrieved from /home/vscode/.local/lib/python3.10/site-packages/airflow/example_dags/example_dag_decorator.py
[2025-03-24T20:26:06.774+0000] {logging_mixin.py:150} INFO - [2025-03-24T20:26:06.774+0000] {dag.py:2742} INFO - Sync 1 DAGs
[2025-03-24T20:26:06.787+0000] {logging_mixin.py:150} INFO - [2025-03-24T20:26:06.787+0000] {dag.py:3504} INFO - Setting next_dagrun for example_dag_decorator to None, run_after=None
[2025-03-24T20:26:06.805+0000] {processor.py:179} INFO - Processing /home/vscode/.local/lib/python3.10/site-packages/airflow/example_dags/example_dag_decorator.py took 0.118 seconds
[2025-03-24T20:26:52.660+0000] {processor.py:157} INFO - Started process (PID=31329) to work on /home/vscode/.local/lib/python3.10/site-packages/airflow/example_dags/example_dag_decorator.py
[2025-03-24T20:26:52.661+0000] {processor.py:826} INFO - Processing file /home/vscode/.local/lib/python3.10/site-packages/airflow/example_dags/example_dag_decorator.py for tasks to queue
[2025-03-24T20:26:52.662+0000] {logging_mixin.py:150} INFO - [2025-03-24T20:26:52.661+0000] {dagbag.py:541} INFO - Filling up the DagBag from /home/vscode/.local/lib/python3.10/site-packages/airflow/example_dags/example_dag_decorator.py
[2025-03-24T20:26:52.670+0000] {processor.py:836} INFO - DAG(s) dict_keys(['example_dag_decorator']) retrieved from /home/vscode/.local/lib/python3.10/site-packages/airflow/example_dags/example_dag_decorator.py
[2025-03-24T20:26:52.750+0000] {logging_mixin.py:150} INFO - [2025-03-24T20:26:52.749+0000] {dag.py:2742} INFO - Sync 1 DAGs
[2025-03-24T20:26:52.770+0000] {logging_mixin.py:150} INFO - [2025-03-24T20:26:52.770+0000] {dag.py:3504} INFO - Setting next_dagrun for example_dag_decorator to None, run_after=None
[2025-03-24T20:26:52.791+0000] {processor.py:179} INFO - Processing /home/vscode/.local/lib/python3.10/site-packages/airflow/example_dags/example_dag_decorator.py took 0.133 seconds
[2025-03-24T20:27:36.189+0000] {processor.py:157} INFO - Started process (PID=31726) to work on /home/vscode/.local/lib/python3.10/site-packages/airflow/example_dags/example_dag_decorator.py
[2025-03-24T20:27:36.189+0000] {processor.py:826} INFO - Processing file /home/vscode/.local/lib/python3.10/site-packages/airflow/example_dags/example_dag_decorator.py for tasks to queue
[2025-03-24T20:27:36.190+0000] {logging_mixin.py:150} INFO - [2025-03-24T20:27:36.190+0000] {dagbag.py:541} INFO - Filling up the DagBag from /home/vscode/.local/lib/python3.10/site-packages/airflow/example_dags/example_dag_decorator.py
[2025-03-24T20:27:36.198+0000] {processor.py:836} INFO - DAG(s) dict_keys(['example_dag_decorator']) retrieved from /home/vscode/.local/lib/python3.10/site-packages/airflow/example_dags/example_dag_decorator.py
[2025-03-24T20:27:36.272+0000] {logging_mixin.py:150} INFO - [2025-03-24T20:27:36.272+0000] {dag.py:2742} INFO - Sync 1 DAGs
[2025-03-24T20:27:36.285+0000] {logging_mixin.py:150} INFO - [2025-03-24T20:27:36.285+0000] {dag.py:3504} INFO - Setting next_dagrun for example_dag_decorator to None, run_after=None
[2025-03-24T20:27:36.300+0000] {processor.py:179} INFO - Processing /home/vscode/.local/lib/python3.10/site-packages/airflow/example_dags/example_dag_decorator.py took 0.114 seconds
[2025-03-24T20:28:21.526+0000] {processor.py:157} INFO - Started process (PID=32044) to work on /home/vscode/.local/lib/python3.10/site-packages/airflow/example_dags/example_dag_decorator.py
[2025-03-24T20:28:21.527+0000] {processor.py:826} INFO - Processing file /home/vscode/.local/lib/python3.10/site-packages/airflow/example_dags/example_dag_decorator.py for tasks to queue
[2025-03-24T20:28:21.528+0000] {logging_mixin.py:150} INFO - [2025-03-24T20:28:21.527+0000] {dagbag.py:541} INFO - Filling up the DagBag from /home/vscode/.local/lib/python3.10/site-packages/airflow/example_dags/example_dag_decorator.py
[2025-03-24T20:28:21.536+0000] {processor.py:836} INFO - DAG(s) dict_keys(['example_dag_decorator']) retrieved from /home/vscode/.local/lib/python3.10/site-packages/airflow/example_dags/example_dag_decorator.py
[2025-03-24T20:28:21.612+0000] {logging_mixin.py:150} INFO - [2025-03-24T20:28:21.612+0000] {dag.py:2742} INFO - Sync 1 DAGs
[2025-03-24T20:28:21.626+0000] {logging_mixin.py:150} INFO - [2025-03-24T20:28:21.626+0000] {dag.py:3504} INFO - Setting next_dagrun for example_dag_decorator to None, run_after=None
[2025-03-24T20:28:21.641+0000] {processor.py:179} INFO - Processing /home/vscode/.local/lib/python3.10/site-packages/airflow/example_dags/example_dag_decorator.py took 0.117 seconds
[2025-03-24T20:29:04.472+0000] {processor.py:157} INFO - Started process (PID=32372) to work on /home/vscode/.local/lib/python3.10/site-packages/airflow/example_dags/example_dag_decorator.py
[2025-03-24T20:29:04.472+0000] {processor.py:826} INFO - Processing file /home/vscode/.local/lib/python3.10/site-packages/airflow/example_dags/example_dag_decorator.py for tasks to queue
[2025-03-24T20:29:04.473+0000] {logging_mixin.py:150} INFO - [2025-03-24T20:29:04.473+0000] {dagbag.py:541} INFO - Filling up the DagBag from /home/vscode/.local/lib/python3.10/site-packages/airflow/example_dags/example_dag_decorator.py
[2025-03-24T20:29:04.481+0000] {processor.py:836} INFO - DAG(s) dict_keys(['example_dag_decorator']) retrieved from /home/vscode/.local/lib/python3.10/site-packages/airflow/example_dags/example_dag_decorator.py
[2025-03-24T20:29:04.558+0000] {logging_mixin.py:150} INFO - [2025-03-24T20:29:04.558+0000] {dag.py:2742} INFO - Sync 1 DAGs
[2025-03-24T20:29:04.572+0000] {logging_mixin.py:150} INFO - [2025-03-24T20:29:04.572+0000] {dag.py:3504} INFO - Setting next_dagrun for example_dag_decorator to None, run_after=None
[2025-03-24T20:29:04.587+0000] {processor.py:179} INFO - Processing /home/vscode/.local/lib/python3.10/site-packages/airflow/example_dags/example_dag_decorator.py took 0.118 seconds
[2025-03-24T20:29:50.902+0000] {processor.py:157} INFO - Started process (PID=32685) to work on /home/vscode/.local/lib/python3.10/site-packages/airflow/example_dags/example_dag_decorator.py
[2025-03-24T20:29:50.903+0000] {processor.py:826} INFO - Processing file /home/vscode/.local/lib/python3.10/site-packages/airflow/example_dags/example_dag_decorator.py for tasks to queue
[2025-03-24T20:29:50.904+0000] {logging_mixin.py:150} INFO - [2025-03-24T20:29:50.903+0000] {dagbag.py:541} INFO - Filling up the DagBag from /home/vscode/.local/lib/python3.10/site-packages/airflow/example_dags/example_dag_decorator.py
[2025-03-24T20:29:50.912+0000] {processor.py:836} INFO - DAG(s) dict_keys(['example_dag_decorator']) retrieved from /home/vscode/.local/lib/python3.10/site-packages/airflow/example_dags/example_dag_decorator.py
[2025-03-24T20:29:50.989+0000] {logging_mixin.py:150} INFO - [2025-03-24T20:29:50.988+0000] {dag.py:2742} INFO - Sync 1 DAGs
[2025-03-24T20:29:51.001+0000] {logging_mixin.py:150} INFO - [2025-03-24T20:29:51.001+0000] {dag.py:3504} INFO - Setting next_dagrun for example_dag_decorator to None, run_after=None
[2025-03-24T20:29:51.016+0000] {processor.py:179} INFO - Processing /home/vscode/.local/lib/python3.10/site-packages/airflow/example_dags/example_dag_decorator.py took 0.116 seconds
[2025-03-24T20:30:33.620+0000] {processor.py:157} INFO - Started process (PID=32976) to work on /home/vscode/.local/lib/python3.10/site-packages/airflow/example_dags/example_dag_decorator.py
[2025-03-24T20:30:33.620+0000] {processor.py:826} INFO - Processing file /home/vscode/.local/lib/python3.10/site-packages/airflow/example_dags/example_dag_decorator.py for tasks to queue
[2025-03-24T20:30:33.621+0000] {logging_mixin.py:150} INFO - [2025-03-24T20:30:33.621+0000] {dagbag.py:541} INFO - Filling up the DagBag from /home/vscode/.local/lib/python3.10/site-packages/airflow/example_dags/example_dag_decorator.py
[2025-03-24T20:30:33.629+0000] {processor.py:836} INFO - DAG(s) dict_keys(['example_dag_decorator']) retrieved from /home/vscode/.local/lib/python3.10/site-packages/airflow/example_dags/example_dag_decorator.py
[2025-03-24T20:30:33.704+0000] {logging_mixin.py:150} INFO - [2025-03-24T20:30:33.704+0000] {dag.py:2742} INFO - Sync 1 DAGs
[2025-03-24T20:30:33.718+0000] {logging_mixin.py:150} INFO - [2025-03-24T20:30:33.717+0000] {dag.py:3504} INFO - Setting next_dagrun for example_dag_decorator to None, run_after=None
[2025-03-24T20:30:33.733+0000] {processor.py:179} INFO - Processing /home/vscode/.local/lib/python3.10/site-packages/airflow/example_dags/example_dag_decorator.py took 0.115 seconds
[2025-03-24T20:31:17.433+0000] {processor.py:157} INFO - Started process (PID=33279) to work on /home/vscode/.local/lib/python3.10/site-packages/airflow/example_dags/example_dag_decorator.py
[2025-03-24T20:31:17.433+0000] {processor.py:826} INFO - Processing file /home/vscode/.local/lib/python3.10/site-packages/airflow/example_dags/example_dag_decorator.py for tasks to queue
[2025-03-24T20:31:17.434+0000] {logging_mixin.py:150} INFO - [2025-03-24T20:31:17.434+0000] {dagbag.py:541} INFO - Filling up the DagBag from /home/vscode/.local/lib/python3.10/site-packages/airflow/example_dags/example_dag_decorator.py
[2025-03-24T20:31:17.443+0000] {processor.py:836} INFO - DAG(s) dict_keys(['example_dag_decorator']) retrieved from /home/vscode/.local/lib/python3.10/site-packages/airflow/example_dags/example_dag_decorator.py
[2025-03-24T20:31:17.517+0000] {logging_mixin.py:150} INFO - [2025-03-24T20:31:17.517+0000] {dag.py:2742} INFO - Sync 1 DAGs
[2025-03-24T20:31:17.530+0000] {logging_mixin.py:150} INFO - [2025-03-24T20:31:17.530+0000] {dag.py:3504} INFO - Setting next_dagrun for example_dag_decorator to None, run_after=None
[2025-03-24T20:31:17.546+0000] {processor.py:179} INFO - Processing /home/vscode/.local/lib/python3.10/site-packages/airflow/example_dags/example_dag_decorator.py took 0.115 seconds
[2025-03-24T20:32:12.380+0000] {processor.py:157} INFO - Started process (PID=33641) to work on /home/vscode/.local/lib/python3.10/site-packages/airflow/example_dags/example_dag_decorator.py
[2025-03-24T20:32:12.380+0000] {processor.py:826} INFO - Processing file /home/vscode/.local/lib/python3.10/site-packages/airflow/example_dags/example_dag_decorator.py for tasks to queue
[2025-03-24T20:32:12.381+0000] {logging_mixin.py:150} INFO - [2025-03-24T20:32:12.381+0000] {dagbag.py:541} INFO - Filling up the DagBag from /home/vscode/.local/lib/python3.10/site-packages/airflow/example_dags/example_dag_decorator.py
[2025-03-24T20:32:12.389+0000] {processor.py:836} INFO - DAG(s) dict_keys(['example_dag_decorator']) retrieved from /home/vscode/.local/lib/python3.10/site-packages/airflow/example_dags/example_dag_decorator.py
[2025-03-24T20:32:12.462+0000] {logging_mixin.py:150} INFO - [2025-03-24T20:32:12.462+0000] {dag.py:2742} INFO - Sync 1 DAGs
[2025-03-24T20:32:12.476+0000] {logging_mixin.py:150} INFO - [2025-03-24T20:32:12.476+0000] {dag.py:3504} INFO - Setting next_dagrun for example_dag_decorator to None, run_after=None
[2025-03-24T20:32:12.493+0000] {processor.py:179} INFO - Processing /home/vscode/.local/lib/python3.10/site-packages/airflow/example_dags/example_dag_decorator.py took 0.116 seconds
[2025-03-24T20:32:56.258+0000] {processor.py:157} INFO - Started process (PID=33945) to work on /home/vscode/.local/lib/python3.10/site-packages/airflow/example_dags/example_dag_decorator.py
[2025-03-24T20:32:56.259+0000] {processor.py:826} INFO - Processing file /home/vscode/.local/lib/python3.10/site-packages/airflow/example_dags/example_dag_decorator.py for tasks to queue
[2025-03-24T20:32:56.259+0000] {logging_mixin.py:150} INFO - [2025-03-24T20:32:56.259+0000] {dagbag.py:541} INFO - Filling up the DagBag from /home/vscode/.local/lib/python3.10/site-packages/airflow/example_dags/example_dag_decorator.py
[2025-03-24T20:32:56.268+0000] {processor.py:836} INFO - DAG(s) dict_keys(['example_dag_decorator']) retrieved from /home/vscode/.local/lib/python3.10/site-packages/airflow/example_dags/example_dag_decorator.py
[2025-03-24T20:32:56.341+0000] {logging_mixin.py:150} INFO - [2025-03-24T20:32:56.341+0000] {dag.py:2742} INFO - Sync 1 DAGs
[2025-03-24T20:32:56.353+0000] {logging_mixin.py:150} INFO - [2025-03-24T20:32:56.353+0000] {dag.py:3504} INFO - Setting next_dagrun for example_dag_decorator to None, run_after=None
[2025-03-24T20:32:56.368+0000] {processor.py:179} INFO - Processing /home/vscode/.local/lib/python3.10/site-packages/airflow/example_dags/example_dag_decorator.py took 0.112 seconds
[2025-03-24T20:33:45.193+0000] {processor.py:157} INFO - Started process (PID=34365) to work on /home/vscode/.local/lib/python3.10/site-packages/airflow/example_dags/example_dag_decorator.py
[2025-03-24T20:33:45.194+0000] {processor.py:826} INFO - Processing file /home/vscode/.local/lib/python3.10/site-packages/airflow/example_dags/example_dag_decorator.py for tasks to queue
[2025-03-24T20:33:45.194+0000] {logging_mixin.py:150} INFO - [2025-03-24T20:33:45.194+0000] {dagbag.py:541} INFO - Filling up the DagBag from /home/vscode/.local/lib/python3.10/site-packages/airflow/example_dags/example_dag_decorator.py
[2025-03-24T20:33:45.210+0000] {processor.py:836} INFO - DAG(s) dict_keys(['example_dag_decorator']) retrieved from /home/vscode/.local/lib/python3.10/site-packages/airflow/example_dags/example_dag_decorator.py
[2025-03-24T20:33:45.306+0000] {logging_mixin.py:150} INFO - [2025-03-24T20:33:45.306+0000] {dag.py:2742} INFO - Sync 1 DAGs
[2025-03-24T20:33:45.319+0000] {logging_mixin.py:150} INFO - [2025-03-24T20:33:45.319+0000] {dag.py:3504} INFO - Setting next_dagrun for example_dag_decorator to None, run_after=None
[2025-03-24T20:33:45.334+0000] {processor.py:179} INFO - Processing /home/vscode/.local/lib/python3.10/site-packages/airflow/example_dags/example_dag_decorator.py took 0.144 seconds
[2025-03-24T20:34:32.640+0000] {processor.py:157} INFO - Started process (PID=34682) to work on /home/vscode/.local/lib/python3.10/site-packages/airflow/example_dags/example_dag_decorator.py
[2025-03-24T20:34:32.641+0000] {processor.py:826} INFO - Processing file /home/vscode/.local/lib/python3.10/site-packages/airflow/example_dags/example_dag_decorator.py for tasks to queue
[2025-03-24T20:34:32.642+0000] {logging_mixin.py:150} INFO - [2025-03-24T20:34:32.641+0000] {dagbag.py:541} INFO - Filling up the DagBag from /home/vscode/.local/lib/python3.10/site-packages/airflow/example_dags/example_dag_decorator.py
[2025-03-24T20:34:32.650+0000] {processor.py:836} INFO - DAG(s) dict_keys(['example_dag_decorator']) retrieved from /home/vscode/.local/lib/python3.10/site-packages/airflow/example_dags/example_dag_decorator.py
[2025-03-24T20:34:32.727+0000] {logging_mixin.py:150} INFO - [2025-03-24T20:34:32.727+0000] {dag.py:2742} INFO - Sync 1 DAGs
[2025-03-24T20:34:32.740+0000] {logging_mixin.py:150} INFO - [2025-03-24T20:34:32.740+0000] {dag.py:3504} INFO - Setting next_dagrun for example_dag_decorator to None, run_after=None
[2025-03-24T20:34:32.757+0000] {processor.py:179} INFO - Processing /home/vscode/.local/lib/python3.10/site-packages/airflow/example_dags/example_dag_decorator.py took 0.119 seconds
[2025-03-24T20:35:16.888+0000] {processor.py:157} INFO - Started process (PID=34982) to work on /home/vscode/.local/lib/python3.10/site-packages/airflow/example_dags/example_dag_decorator.py
[2025-03-24T20:35:16.889+0000] {processor.py:826} INFO - Processing file /home/vscode/.local/lib/python3.10/site-packages/airflow/example_dags/example_dag_decorator.py for tasks to queue
[2025-03-24T20:35:16.890+0000] {logging_mixin.py:150} INFO - [2025-03-24T20:35:16.889+0000] {dagbag.py:541} INFO - Filling up the DagBag from /home/vscode/.local/lib/python3.10/site-packages/airflow/example_dags/example_dag_decorator.py
[2025-03-24T20:35:16.898+0000] {processor.py:836} INFO - DAG(s) dict_keys(['example_dag_decorator']) retrieved from /home/vscode/.local/lib/python3.10/site-packages/airflow/example_dags/example_dag_decorator.py
[2025-03-24T20:35:16.971+0000] {logging_mixin.py:150} INFO - [2025-03-24T20:35:16.970+0000] {dag.py:2742} INFO - Sync 1 DAGs
[2025-03-24T20:35:16.984+0000] {logging_mixin.py:150} INFO - [2025-03-24T20:35:16.984+0000] {dag.py:3504} INFO - Setting next_dagrun for example_dag_decorator to None, run_after=None
[2025-03-24T20:35:16.999+0000] {processor.py:179} INFO - Processing /home/vscode/.local/lib/python3.10/site-packages/airflow/example_dags/example_dag_decorator.py took 0.112 seconds
[2025-03-24T20:36:01.188+0000] {processor.py:157} INFO - Started process (PID=35275) to work on /home/vscode/.local/lib/python3.10/site-packages/airflow/example_dags/example_dag_decorator.py
[2025-03-24T20:36:01.189+0000] {processor.py:826} INFO - Processing file /home/vscode/.local/lib/python3.10/site-packages/airflow/example_dags/example_dag_decorator.py for tasks to queue
[2025-03-24T20:36:01.190+0000] {logging_mixin.py:150} INFO - [2025-03-24T20:36:01.189+0000] {dagbag.py:541} INFO - Filling up the DagBag from /home/vscode/.local/lib/python3.10/site-packages/airflow/example_dags/example_dag_decorator.py
[2025-03-24T20:36:01.198+0000] {processor.py:836} INFO - DAG(s) dict_keys(['example_dag_decorator']) retrieved from /home/vscode/.local/lib/python3.10/site-packages/airflow/example_dags/example_dag_decorator.py
[2025-03-24T20:36:01.274+0000] {logging_mixin.py:150} INFO - [2025-03-24T20:36:01.274+0000] {dag.py:2742} INFO - Sync 1 DAGs
[2025-03-24T20:36:01.287+0000] {logging_mixin.py:150} INFO - [2025-03-24T20:36:01.287+0000] {dag.py:3504} INFO - Setting next_dagrun for example_dag_decorator to None, run_after=None
[2025-03-24T20:36:01.303+0000] {processor.py:179} INFO - Processing /home/vscode/.local/lib/python3.10/site-packages/airflow/example_dags/example_dag_decorator.py took 0.117 seconds
[2025-03-24T20:36:46.093+0000] {processor.py:157} INFO - Started process (PID=35592) to work on /home/vscode/.local/lib/python3.10/site-packages/airflow/example_dags/example_dag_decorator.py
[2025-03-24T20:36:46.093+0000] {processor.py:826} INFO - Processing file /home/vscode/.local/lib/python3.10/site-packages/airflow/example_dags/example_dag_decorator.py for tasks to queue
[2025-03-24T20:36:46.094+0000] {logging_mixin.py:150} INFO - [2025-03-24T20:36:46.094+0000] {dagbag.py:541} INFO - Filling up the DagBag from /home/vscode/.local/lib/python3.10/site-packages/airflow/example_dags/example_dag_decorator.py
[2025-03-24T20:36:46.102+0000] {processor.py:836} INFO - DAG(s) dict_keys(['example_dag_decorator']) retrieved from /home/vscode/.local/lib/python3.10/site-packages/airflow/example_dags/example_dag_decorator.py
[2025-03-24T20:36:46.181+0000] {logging_mixin.py:150} INFO - [2025-03-24T20:36:46.180+0000] {dag.py:2742} INFO - Sync 1 DAGs
[2025-03-24T20:36:46.193+0000] {logging_mixin.py:150} INFO - [2025-03-24T20:36:46.193+0000] {dag.py:3504} INFO - Setting next_dagrun for example_dag_decorator to None, run_after=None
[2025-03-24T20:36:46.208+0000] {processor.py:179} INFO - Processing /home/vscode/.local/lib/python3.10/site-packages/airflow/example_dags/example_dag_decorator.py took 0.118 seconds
[2025-03-24T20:37:31.274+0000] {processor.py:157} INFO - Started process (PID=35930) to work on /home/vscode/.local/lib/python3.10/site-packages/airflow/example_dags/example_dag_decorator.py
[2025-03-24T20:37:31.275+0000] {processor.py:826} INFO - Processing file /home/vscode/.local/lib/python3.10/site-packages/airflow/example_dags/example_dag_decorator.py for tasks to queue
[2025-03-24T20:37:31.275+0000] {logging_mixin.py:150} INFO - [2025-03-24T20:37:31.275+0000] {dagbag.py:541} INFO - Filling up the DagBag from /home/vscode/.local/lib/python3.10/site-packages/airflow/example_dags/example_dag_decorator.py
[2025-03-24T20:37:31.284+0000] {processor.py:836} INFO - DAG(s) dict_keys(['example_dag_decorator']) retrieved from /home/vscode/.local/lib/python3.10/site-packages/airflow/example_dags/example_dag_decorator.py
[2025-03-24T20:37:31.357+0000] {logging_mixin.py:150} INFO - [2025-03-24T20:37:31.357+0000] {dag.py:2742} INFO - Sync 1 DAGs
[2025-03-24T20:37:31.370+0000] {logging_mixin.py:150} INFO - [2025-03-24T20:37:31.369+0000] {dag.py:3504} INFO - Setting next_dagrun for example_dag_decorator to None, run_after=None
[2025-03-24T20:37:31.384+0000] {processor.py:179} INFO - Processing /home/vscode/.local/lib/python3.10/site-packages/airflow/example_dags/example_dag_decorator.py took 0.113 seconds
