[2025-03-24T20:12:38.427+0000] {processor.py:157} INFO - Started process (PID=25101) to work on /home/vscode/.local/lib/python3.10/site-packages/airflow/example_dags/example_skip_dag.py
[2025-03-24T20:12:38.427+0000] {processor.py:826} INFO - Processing file /home/vscode/.local/lib/python3.10/site-packages/airflow/example_dags/example_skip_dag.py for tasks to queue
[2025-03-24T20:12:38.428+0000] {logging_mixin.py:150} INFO - [2025-03-24T20:12:38.428+0000] {dagbag.py:541} INFO - Filling up the DagBag from /home/vscode/.local/lib/python3.10/site-packages/airflow/example_dags/example_skip_dag.py
[2025-03-24T20:12:38.433+0000] {processor.py:836} INFO - DAG(s) dict_keys(['example_skip_dag']) retrieved from /home/vscode/.local/lib/python3.10/site-packages/airflow/example_dags/example_skip_dag.py
[2025-03-24T20:12:38.506+0000] {logging_mixin.py:150} INFO - [2025-03-24T20:12:38.506+0000] {manager.py:504} INFO - Created Permission View: can delete on DAG:example_skip_dag
[2025-03-24T20:12:38.515+0000] {logging_mixin.py:150} INFO - [2025-03-24T20:12:38.514+0000] {manager.py:504} INFO - Created Permission View: can edit on DAG:example_skip_dag
[2025-03-24T20:12:38.520+0000] {logging_mixin.py:150} INFO - [2025-03-24T20:12:38.520+0000] {manager.py:504} INFO - Created Permission View: can read on DAG:example_skip_dag
[2025-03-24T20:12:38.528+0000] {logging_mixin.py:150} INFO - [2025-03-24T20:12:38.528+0000] {dag.py:2742} INFO - Sync 1 DAGs
[2025-03-24T20:12:38.535+0000] {logging_mixin.py:150} INFO - [2025-03-24T20:12:38.535+0000] {dag.py:2763} INFO - Creating ORM DAG for example_skip_dag
[2025-03-24T20:12:38.541+0000] {logging_mixin.py:150} INFO - [2025-03-24T20:12:38.541+0000] {dag.py:3504} INFO - Setting next_dagrun for example_skip_dag to 2025-03-23T20:12:38.541353+00:00, run_after=2025-03-24T20:12:38.541353+00:00
[2025-03-24T20:12:38.556+0000] {processor.py:179} INFO - Processing /home/vscode/.local/lib/python3.10/site-packages/airflow/example_dags/example_skip_dag.py took 0.131 seconds
[2025-03-24T20:13:25.937+0000] {processor.py:157} INFO - Started process (PID=25459) to work on /home/vscode/.local/lib/python3.10/site-packages/airflow/example_dags/example_skip_dag.py
[2025-03-24T20:13:25.937+0000] {processor.py:826} INFO - Processing file /home/vscode/.local/lib/python3.10/site-packages/airflow/example_dags/example_skip_dag.py for tasks to queue
[2025-03-24T20:13:25.938+0000] {logging_mixin.py:150} INFO - [2025-03-24T20:13:25.938+0000] {dagbag.py:541} INFO - Filling up the DagBag from /home/vscode/.local/lib/python3.10/site-packages/airflow/example_dags/example_skip_dag.py
[2025-03-24T20:13:25.943+0000] {processor.py:836} INFO - DAG(s) dict_keys(['example_skip_dag']) retrieved from /home/vscode/.local/lib/python3.10/site-packages/airflow/example_dags/example_skip_dag.py
[2025-03-24T20:13:25.955+0000] {logging_mixin.py:150} INFO - [2025-03-24T20:13:25.954+0000] {dag.py:2742} INFO - Sync 1 DAGs
[2025-03-24T20:13:25.968+0000] {logging_mixin.py:150} INFO - [2025-03-24T20:13:25.968+0000] {dag.py:3504} INFO - Setting next_dagrun for example_skip_dag to 2025-03-23T20:13:25.968412+00:00, run_after=2025-03-24T20:13:25.968412+00:00
[2025-03-24T20:13:25.983+0000] {processor.py:179} INFO - Processing /home/vscode/.local/lib/python3.10/site-packages/airflow/example_dags/example_skip_dag.py took 0.049 seconds
[2025-03-24T20:14:11.075+0000] {processor.py:157} INFO - Started process (PID=25762) to work on /home/vscode/.local/lib/python3.10/site-packages/airflow/example_dags/example_skip_dag.py
[2025-03-24T20:14:11.076+0000] {processor.py:826} INFO - Processing file /home/vscode/.local/lib/python3.10/site-packages/airflow/example_dags/example_skip_dag.py for tasks to queue
[2025-03-24T20:14:11.077+0000] {logging_mixin.py:150} INFO - [2025-03-24T20:14:11.076+0000] {dagbag.py:541} INFO - Filling up the DagBag from /home/vscode/.local/lib/python3.10/site-packages/airflow/example_dags/example_skip_dag.py
[2025-03-24T20:14:11.083+0000] {processor.py:836} INFO - DAG(s) dict_keys(['example_skip_dag']) retrieved from /home/vscode/.local/lib/python3.10/site-packages/airflow/example_dags/example_skip_dag.py
[2025-03-24T20:14:11.095+0000] {logging_mixin.py:150} INFO - [2025-03-24T20:14:11.095+0000] {dag.py:2742} INFO - Sync 1 DAGs
[2025-03-24T20:14:11.110+0000] {logging_mixin.py:150} INFO - [2025-03-24T20:14:11.110+0000] {dag.py:3504} INFO - Setting next_dagrun for example_skip_dag to 2025-03-23T20:14:11.109957+00:00, run_after=2025-03-24T20:14:11.109957+00:00
[2025-03-24T20:14:11.125+0000] {processor.py:179} INFO - Processing /home/vscode/.local/lib/python3.10/site-packages/airflow/example_dags/example_skip_dag.py took 0.053 seconds
[2025-03-24T20:14:52.276+0000] {processor.py:157} INFO - Started process (PID=26060) to work on /home/vscode/.local/lib/python3.10/site-packages/airflow/example_dags/example_skip_dag.py
[2025-03-24T20:14:52.277+0000] {processor.py:826} INFO - Processing file /home/vscode/.local/lib/python3.10/site-packages/airflow/example_dags/example_skip_dag.py for tasks to queue
[2025-03-24T20:14:52.278+0000] {logging_mixin.py:150} INFO - [2025-03-24T20:14:52.277+0000] {dagbag.py:541} INFO - Filling up the DagBag from /home/vscode/.local/lib/python3.10/site-packages/airflow/example_dags/example_skip_dag.py
[2025-03-24T20:14:52.283+0000] {processor.py:836} INFO - DAG(s) dict_keys(['example_skip_dag']) retrieved from /home/vscode/.local/lib/python3.10/site-packages/airflow/example_dags/example_skip_dag.py
[2025-03-24T20:14:52.295+0000] {logging_mixin.py:150} INFO - [2025-03-24T20:14:52.295+0000] {dag.py:2742} INFO - Sync 1 DAGs
[2025-03-24T20:14:52.309+0000] {logging_mixin.py:150} INFO - [2025-03-24T20:14:52.309+0000] {dag.py:3504} INFO - Setting next_dagrun for example_skip_dag to 2025-03-23T20:14:52.309578+00:00, run_after=2025-03-24T20:14:52.309578+00:00
[2025-03-24T20:14:52.325+0000] {processor.py:179} INFO - Processing /home/vscode/.local/lib/python3.10/site-packages/airflow/example_dags/example_skip_dag.py took 0.051 seconds
[2025-03-24T20:15:38.140+0000] {processor.py:157} INFO - Started process (PID=26362) to work on /home/vscode/.local/lib/python3.10/site-packages/airflow/example_dags/example_skip_dag.py
[2025-03-24T20:15:38.141+0000] {processor.py:826} INFO - Processing file /home/vscode/.local/lib/python3.10/site-packages/airflow/example_dags/example_skip_dag.py for tasks to queue
[2025-03-24T20:15:38.141+0000] {logging_mixin.py:150} INFO - [2025-03-24T20:15:38.141+0000] {dagbag.py:541} INFO - Filling up the DagBag from /home/vscode/.local/lib/python3.10/site-packages/airflow/example_dags/example_skip_dag.py
[2025-03-24T20:15:38.147+0000] {processor.py:836} INFO - DAG(s) dict_keys(['example_skip_dag']) retrieved from /home/vscode/.local/lib/python3.10/site-packages/airflow/example_dags/example_skip_dag.py
[2025-03-24T20:15:38.158+0000] {logging_mixin.py:150} INFO - [2025-03-24T20:15:38.158+0000] {dag.py:2742} INFO - Sync 1 DAGs
[2025-03-24T20:15:38.172+0000] {logging_mixin.py:150} INFO - [2025-03-24T20:15:38.172+0000] {dag.py:3504} INFO - Setting next_dagrun for example_skip_dag to 2025-03-23T20:15:38.172529+00:00, run_after=2025-03-24T20:15:38.172529+00:00
[2025-03-24T20:15:38.187+0000] {processor.py:179} INFO - Processing /home/vscode/.local/lib/python3.10/site-packages/airflow/example_dags/example_skip_dag.py took 0.049 seconds
[2025-03-24T20:16:18.287+0000] {processor.py:157} INFO - Started process (PID=26634) to work on /home/vscode/.local/lib/python3.10/site-packages/airflow/example_dags/example_skip_dag.py
[2025-03-24T20:16:18.288+0000] {processor.py:826} INFO - Processing file /home/vscode/.local/lib/python3.10/site-packages/airflow/example_dags/example_skip_dag.py for tasks to queue
[2025-03-24T20:16:18.288+0000] {logging_mixin.py:150} INFO - [2025-03-24T20:16:18.288+0000] {dagbag.py:541} INFO - Filling up the DagBag from /home/vscode/.local/lib/python3.10/site-packages/airflow/example_dags/example_skip_dag.py
[2025-03-24T20:16:18.294+0000] {processor.py:836} INFO - DAG(s) dict_keys(['example_skip_dag']) retrieved from /home/vscode/.local/lib/python3.10/site-packages/airflow/example_dags/example_skip_dag.py
[2025-03-24T20:16:18.305+0000] {logging_mixin.py:150} INFO - [2025-03-24T20:16:18.305+0000] {dag.py:2742} INFO - Sync 1 DAGs
[2025-03-24T20:16:18.319+0000] {logging_mixin.py:150} INFO - [2025-03-24T20:16:18.319+0000] {dag.py:3504} INFO - Setting next_dagrun for example_skip_dag to 2025-03-23T20:16:18.319444+00:00, run_after=2025-03-24T20:16:18.319444+00:00
[2025-03-24T20:16:18.334+0000] {processor.py:179} INFO - Processing /home/vscode/.local/lib/python3.10/site-packages/airflow/example_dags/example_skip_dag.py took 0.049 seconds
[2025-03-24T20:17:05.031+0000] {processor.py:157} INFO - Started process (PID=26931) to work on /home/vscode/.local/lib/python3.10/site-packages/airflow/example_dags/example_skip_dag.py
[2025-03-24T20:17:05.032+0000] {processor.py:826} INFO - Processing file /home/vscode/.local/lib/python3.10/site-packages/airflow/example_dags/example_skip_dag.py for tasks to queue
[2025-03-24T20:17:05.032+0000] {logging_mixin.py:150} INFO - [2025-03-24T20:17:05.032+0000] {dagbag.py:541} INFO - Filling up the DagBag from /home/vscode/.local/lib/python3.10/site-packages/airflow/example_dags/example_skip_dag.py
[2025-03-24T20:17:05.038+0000] {processor.py:836} INFO - DAG(s) dict_keys(['example_skip_dag']) retrieved from /home/vscode/.local/lib/python3.10/site-packages/airflow/example_dags/example_skip_dag.py
[2025-03-24T20:17:05.055+0000] {logging_mixin.py:150} INFO - [2025-03-24T20:17:05.055+0000] {dag.py:2742} INFO - Sync 1 DAGs
[2025-03-24T20:17:05.077+0000] {logging_mixin.py:150} INFO - [2025-03-24T20:17:05.077+0000] {dag.py:3504} INFO - Setting next_dagrun for example_skip_dag to 2025-03-23T20:17:05.077147+00:00, run_after=2025-03-24T20:17:05.077147+00:00
[2025-03-24T20:17:05.109+0000] {processor.py:179} INFO - Processing /home/vscode/.local/lib/python3.10/site-packages/airflow/example_dags/example_skip_dag.py took 0.081 seconds
[2025-03-24T20:17:50.702+0000] {processor.py:157} INFO - Started process (PID=27244) to work on /home/vscode/.local/lib/python3.10/site-packages/airflow/example_dags/example_skip_dag.py
[2025-03-24T20:17:50.703+0000] {processor.py:826} INFO - Processing file /home/vscode/.local/lib/python3.10/site-packages/airflow/example_dags/example_skip_dag.py for tasks to queue
[2025-03-24T20:17:50.703+0000] {logging_mixin.py:150} INFO - [2025-03-24T20:17:50.703+0000] {dagbag.py:541} INFO - Filling up the DagBag from /home/vscode/.local/lib/python3.10/site-packages/airflow/example_dags/example_skip_dag.py
[2025-03-24T20:17:50.708+0000] {processor.py:836} INFO - DAG(s) dict_keys(['example_skip_dag']) retrieved from /home/vscode/.local/lib/python3.10/site-packages/airflow/example_dags/example_skip_dag.py
[2025-03-24T20:17:50.720+0000] {logging_mixin.py:150} INFO - [2025-03-24T20:17:50.720+0000] {dag.py:2742} INFO - Sync 1 DAGs
[2025-03-24T20:17:50.734+0000] {logging_mixin.py:150} INFO - [2025-03-24T20:17:50.734+0000] {dag.py:3504} INFO - Setting next_dagrun for example_skip_dag to 2025-03-23T20:17:50.733848+00:00, run_after=2025-03-24T20:17:50.733848+00:00
[2025-03-24T20:17:50.748+0000] {processor.py:179} INFO - Processing /home/vscode/.local/lib/python3.10/site-packages/airflow/example_dags/example_skip_dag.py took 0.048 seconds
[2025-03-24T20:18:34.137+0000] {processor.py:157} INFO - Started process (PID=27531) to work on /home/vscode/.local/lib/python3.10/site-packages/airflow/example_dags/example_skip_dag.py
[2025-03-24T20:18:34.137+0000] {processor.py:826} INFO - Processing file /home/vscode/.local/lib/python3.10/site-packages/airflow/example_dags/example_skip_dag.py for tasks to queue
[2025-03-24T20:18:34.138+0000] {logging_mixin.py:150} INFO - [2025-03-24T20:18:34.138+0000] {dagbag.py:541} INFO - Filling up the DagBag from /home/vscode/.local/lib/python3.10/site-packages/airflow/example_dags/example_skip_dag.py
[2025-03-24T20:18:34.143+0000] {processor.py:836} INFO - DAG(s) dict_keys(['example_skip_dag']) retrieved from /home/vscode/.local/lib/python3.10/site-packages/airflow/example_dags/example_skip_dag.py
[2025-03-24T20:18:34.155+0000] {logging_mixin.py:150} INFO - [2025-03-24T20:18:34.155+0000] {dag.py:2742} INFO - Sync 1 DAGs
[2025-03-24T20:18:34.169+0000] {logging_mixin.py:150} INFO - [2025-03-24T20:18:34.169+0000] {dag.py:3504} INFO - Setting next_dagrun for example_skip_dag to 2025-03-23T20:18:34.169449+00:00, run_after=2025-03-24T20:18:34.169449+00:00
[2025-03-24T20:18:34.184+0000] {processor.py:179} INFO - Processing /home/vscode/.local/lib/python3.10/site-packages/airflow/example_dags/example_skip_dag.py took 0.050 seconds
[2025-03-24T20:19:15.049+0000] {processor.py:157} INFO - Started process (PID=27800) to work on /home/vscode/.local/lib/python3.10/site-packages/airflow/example_dags/example_skip_dag.py
[2025-03-24T20:19:15.049+0000] {processor.py:826} INFO - Processing file /home/vscode/.local/lib/python3.10/site-packages/airflow/example_dags/example_skip_dag.py for tasks to queue
[2025-03-24T20:19:15.050+0000] {logging_mixin.py:150} INFO - [2025-03-24T20:19:15.050+0000] {dagbag.py:541} INFO - Filling up the DagBag from /home/vscode/.local/lib/python3.10/site-packages/airflow/example_dags/example_skip_dag.py
[2025-03-24T20:19:15.055+0000] {processor.py:836} INFO - DAG(s) dict_keys(['example_skip_dag']) retrieved from /home/vscode/.local/lib/python3.10/site-packages/airflow/example_dags/example_skip_dag.py
[2025-03-24T20:19:15.067+0000] {logging_mixin.py:150} INFO - [2025-03-24T20:19:15.067+0000] {dag.py:2742} INFO - Sync 1 DAGs
[2025-03-24T20:19:15.081+0000] {logging_mixin.py:150} INFO - [2025-03-24T20:19:15.081+0000] {dag.py:3504} INFO - Setting next_dagrun for example_skip_dag to 2025-03-23T20:19:15.081329+00:00, run_after=2025-03-24T20:19:15.081329+00:00
[2025-03-24T20:19:15.097+0000] {processor.py:179} INFO - Processing /home/vscode/.local/lib/python3.10/site-packages/airflow/example_dags/example_skip_dag.py took 0.050 seconds
[2025-03-24T20:20:00.144+0000] {processor.py:157} INFO - Started process (PID=28136) to work on /home/vscode/.local/lib/python3.10/site-packages/airflow/example_dags/example_skip_dag.py
[2025-03-24T20:20:00.145+0000] {processor.py:826} INFO - Processing file /home/vscode/.local/lib/python3.10/site-packages/airflow/example_dags/example_skip_dag.py for tasks to queue
[2025-03-24T20:20:00.146+0000] {logging_mixin.py:150} INFO - [2025-03-24T20:20:00.145+0000] {dagbag.py:541} INFO - Filling up the DagBag from /home/vscode/.local/lib/python3.10/site-packages/airflow/example_dags/example_skip_dag.py
[2025-03-24T20:20:00.151+0000] {processor.py:836} INFO - DAG(s) dict_keys(['example_skip_dag']) retrieved from /home/vscode/.local/lib/python3.10/site-packages/airflow/example_dags/example_skip_dag.py
[2025-03-24T20:20:00.162+0000] {logging_mixin.py:150} INFO - [2025-03-24T20:20:00.162+0000] {dag.py:2742} INFO - Sync 1 DAGs
[2025-03-24T20:20:00.177+0000] {logging_mixin.py:150} INFO - [2025-03-24T20:20:00.177+0000] {dag.py:3504} INFO - Setting next_dagrun for example_skip_dag to 2025-03-23T20:20:00.177272+00:00, run_after=2025-03-24T20:20:00.177272+00:00
[2025-03-24T20:20:00.192+0000] {processor.py:179} INFO - Processing /home/vscode/.local/lib/python3.10/site-packages/airflow/example_dags/example_skip_dag.py took 0.050 seconds
[2025-03-24T20:20:49.203+0000] {processor.py:157} INFO - Started process (PID=28494) to work on /home/vscode/.local/lib/python3.10/site-packages/airflow/example_dags/example_skip_dag.py
[2025-03-24T20:20:49.203+0000] {processor.py:826} INFO - Processing file /home/vscode/.local/lib/python3.10/site-packages/airflow/example_dags/example_skip_dag.py for tasks to queue
[2025-03-24T20:20:49.204+0000] {logging_mixin.py:150} INFO - [2025-03-24T20:20:49.204+0000] {dagbag.py:541} INFO - Filling up the DagBag from /home/vscode/.local/lib/python3.10/site-packages/airflow/example_dags/example_skip_dag.py
[2025-03-24T20:20:49.209+0000] {processor.py:836} INFO - DAG(s) dict_keys(['example_skip_dag']) retrieved from /home/vscode/.local/lib/python3.10/site-packages/airflow/example_dags/example_skip_dag.py
[2025-03-24T20:20:49.221+0000] {logging_mixin.py:150} INFO - [2025-03-24T20:20:49.220+0000] {dag.py:2742} INFO - Sync 1 DAGs
[2025-03-24T20:20:49.234+0000] {logging_mixin.py:150} INFO - [2025-03-24T20:20:49.234+0000] {dag.py:3504} INFO - Setting next_dagrun for example_skip_dag to 2025-03-23T20:20:49.234678+00:00, run_after=2025-03-24T20:20:49.234678+00:00
[2025-03-24T20:20:49.252+0000] {processor.py:179} INFO - Processing /home/vscode/.local/lib/python3.10/site-packages/airflow/example_dags/example_skip_dag.py took 0.052 seconds
[2025-03-24T20:21:36.606+0000] {processor.py:157} INFO - Started process (PID=28867) to work on /home/vscode/.local/lib/python3.10/site-packages/airflow/example_dags/example_skip_dag.py
[2025-03-24T20:21:36.607+0000] {processor.py:826} INFO - Processing file /home/vscode/.local/lib/python3.10/site-packages/airflow/example_dags/example_skip_dag.py for tasks to queue
[2025-03-24T20:21:36.608+0000] {logging_mixin.py:150} INFO - [2025-03-24T20:21:36.607+0000] {dagbag.py:541} INFO - Filling up the DagBag from /home/vscode/.local/lib/python3.10/site-packages/airflow/example_dags/example_skip_dag.py
[2025-03-24T20:21:36.613+0000] {processor.py:836} INFO - DAG(s) dict_keys(['example_skip_dag']) retrieved from /home/vscode/.local/lib/python3.10/site-packages/airflow/example_dags/example_skip_dag.py
[2025-03-24T20:21:36.628+0000] {logging_mixin.py:150} INFO - [2025-03-24T20:21:36.628+0000] {dag.py:2742} INFO - Sync 1 DAGs
[2025-03-24T20:21:36.650+0000] {logging_mixin.py:150} INFO - [2025-03-24T20:21:36.650+0000] {dag.py:3504} INFO - Setting next_dagrun for example_skip_dag to 2025-03-23T20:21:36.649894+00:00, run_after=2025-03-24T20:21:36.649894+00:00
[2025-03-24T20:21:36.671+0000] {processor.py:179} INFO - Processing /home/vscode/.local/lib/python3.10/site-packages/airflow/example_dags/example_skip_dag.py took 0.067 seconds
[2025-03-24T20:22:21.695+0000] {processor.py:157} INFO - Started process (PID=29194) to work on /home/vscode/.local/lib/python3.10/site-packages/airflow/example_dags/example_skip_dag.py
[2025-03-24T20:22:21.696+0000] {processor.py:826} INFO - Processing file /home/vscode/.local/lib/python3.10/site-packages/airflow/example_dags/example_skip_dag.py for tasks to queue
[2025-03-24T20:22:21.697+0000] {logging_mixin.py:150} INFO - [2025-03-24T20:22:21.696+0000] {dagbag.py:541} INFO - Filling up the DagBag from /home/vscode/.local/lib/python3.10/site-packages/airflow/example_dags/example_skip_dag.py
[2025-03-24T20:22:21.702+0000] {processor.py:836} INFO - DAG(s) dict_keys(['example_skip_dag']) retrieved from /home/vscode/.local/lib/python3.10/site-packages/airflow/example_dags/example_skip_dag.py
[2025-03-24T20:22:21.713+0000] {logging_mixin.py:150} INFO - [2025-03-24T20:22:21.713+0000] {dag.py:2742} INFO - Sync 1 DAGs
[2025-03-24T20:22:21.727+0000] {logging_mixin.py:150} INFO - [2025-03-24T20:22:21.727+0000] {dag.py:3504} INFO - Setting next_dagrun for example_skip_dag to 2025-03-23T20:22:21.727195+00:00, run_after=2025-03-24T20:22:21.727195+00:00
[2025-03-24T20:22:21.743+0000] {processor.py:179} INFO - Processing /home/vscode/.local/lib/python3.10/site-packages/airflow/example_dags/example_skip_dag.py took 0.049 seconds
[2025-03-24T20:23:06.307+0000] {processor.py:157} INFO - Started process (PID=29521) to work on /home/vscode/.local/lib/python3.10/site-packages/airflow/example_dags/example_skip_dag.py
[2025-03-24T20:23:06.307+0000] {processor.py:826} INFO - Processing file /home/vscode/.local/lib/python3.10/site-packages/airflow/example_dags/example_skip_dag.py for tasks to queue
[2025-03-24T20:23:06.308+0000] {logging_mixin.py:150} INFO - [2025-03-24T20:23:06.308+0000] {dagbag.py:541} INFO - Filling up the DagBag from /home/vscode/.local/lib/python3.10/site-packages/airflow/example_dags/example_skip_dag.py
[2025-03-24T20:23:06.313+0000] {processor.py:836} INFO - DAG(s) dict_keys(['example_skip_dag']) retrieved from /home/vscode/.local/lib/python3.10/site-packages/airflow/example_dags/example_skip_dag.py
[2025-03-24T20:23:06.325+0000] {logging_mixin.py:150} INFO - [2025-03-24T20:23:06.325+0000] {dag.py:2742} INFO - Sync 1 DAGs
[2025-03-24T20:23:06.339+0000] {logging_mixin.py:150} INFO - [2025-03-24T20:23:06.339+0000] {dag.py:3504} INFO - Setting next_dagrun for example_skip_dag to 2025-03-23T20:23:06.339066+00:00, run_after=2025-03-24T20:23:06.339066+00:00
[2025-03-24T20:23:06.354+0000] {processor.py:179} INFO - Processing /home/vscode/.local/lib/python3.10/site-packages/airflow/example_dags/example_skip_dag.py took 0.049 seconds
[2025-03-24T20:23:49.018+0000] {processor.py:157} INFO - Started process (PID=29903) to work on /home/vscode/.local/lib/python3.10/site-packages/airflow/example_dags/example_skip_dag.py
[2025-03-24T20:23:49.019+0000] {processor.py:826} INFO - Processing file /home/vscode/.local/lib/python3.10/site-packages/airflow/example_dags/example_skip_dag.py for tasks to queue
[2025-03-24T20:23:49.019+0000] {logging_mixin.py:150} INFO - [2025-03-24T20:23:49.019+0000] {dagbag.py:541} INFO - Filling up the DagBag from /home/vscode/.local/lib/python3.10/site-packages/airflow/example_dags/example_skip_dag.py
[2025-03-24T20:23:49.025+0000] {processor.py:836} INFO - DAG(s) dict_keys(['example_skip_dag']) retrieved from /home/vscode/.local/lib/python3.10/site-packages/airflow/example_dags/example_skip_dag.py
[2025-03-24T20:23:49.037+0000] {logging_mixin.py:150} INFO - [2025-03-24T20:23:49.037+0000] {dag.py:2742} INFO - Sync 1 DAGs
[2025-03-24T20:23:49.051+0000] {logging_mixin.py:150} INFO - [2025-03-24T20:23:49.051+0000] {dag.py:3504} INFO - Setting next_dagrun for example_skip_dag to 2025-03-23T20:23:49.051109+00:00, run_after=2025-03-24T20:23:49.051109+00:00
[2025-03-24T20:23:49.066+0000] {processor.py:179} INFO - Processing /home/vscode/.local/lib/python3.10/site-packages/airflow/example_dags/example_skip_dag.py took 0.051 seconds
[2025-03-24T20:24:36.453+0000] {processor.py:157} INFO - Started process (PID=30240) to work on /home/vscode/.local/lib/python3.10/site-packages/airflow/example_dags/example_skip_dag.py
[2025-03-24T20:24:36.454+0000] {processor.py:826} INFO - Processing file /home/vscode/.local/lib/python3.10/site-packages/airflow/example_dags/example_skip_dag.py for tasks to queue
[2025-03-24T20:24:36.455+0000] {logging_mixin.py:150} INFO - [2025-03-24T20:24:36.454+0000] {dagbag.py:541} INFO - Filling up the DagBag from /home/vscode/.local/lib/python3.10/site-packages/airflow/example_dags/example_skip_dag.py
[2025-03-24T20:24:36.460+0000] {processor.py:836} INFO - DAG(s) dict_keys(['example_skip_dag']) retrieved from /home/vscode/.local/lib/python3.10/site-packages/airflow/example_dags/example_skip_dag.py
[2025-03-24T20:24:36.472+0000] {logging_mixin.py:150} INFO - [2025-03-24T20:24:36.472+0000] {dag.py:2742} INFO - Sync 1 DAGs
[2025-03-24T20:24:36.487+0000] {logging_mixin.py:150} INFO - [2025-03-24T20:24:36.487+0000] {dag.py:3504} INFO - Setting next_dagrun for example_skip_dag to 2025-03-23T20:24:36.487418+00:00, run_after=2025-03-24T20:24:36.487418+00:00
[2025-03-24T20:24:36.505+0000] {processor.py:179} INFO - Processing /home/vscode/.local/lib/python3.10/site-packages/airflow/example_dags/example_skip_dag.py took 0.054 seconds
[2025-03-24T20:25:20.270+0000] {processor.py:157} INFO - Started process (PID=30572) to work on /home/vscode/.local/lib/python3.10/site-packages/airflow/example_dags/example_skip_dag.py
[2025-03-24T20:25:20.271+0000] {processor.py:826} INFO - Processing file /home/vscode/.local/lib/python3.10/site-packages/airflow/example_dags/example_skip_dag.py for tasks to queue
[2025-03-24T20:25:20.272+0000] {logging_mixin.py:150} INFO - [2025-03-24T20:25:20.271+0000] {dagbag.py:541} INFO - Filling up the DagBag from /home/vscode/.local/lib/python3.10/site-packages/airflow/example_dags/example_skip_dag.py
[2025-03-24T20:25:20.277+0000] {processor.py:836} INFO - DAG(s) dict_keys(['example_skip_dag']) retrieved from /home/vscode/.local/lib/python3.10/site-packages/airflow/example_dags/example_skip_dag.py
[2025-03-24T20:25:20.289+0000] {logging_mixin.py:150} INFO - [2025-03-24T20:25:20.289+0000] {dag.py:2742} INFO - Sync 1 DAGs
[2025-03-24T20:25:20.303+0000] {logging_mixin.py:150} INFO - [2025-03-24T20:25:20.303+0000] {dag.py:3504} INFO - Setting next_dagrun for example_skip_dag to 2025-03-23T20:25:20.303112+00:00, run_after=2025-03-24T20:25:20.303112+00:00
[2025-03-24T20:25:20.317+0000] {processor.py:179} INFO - Processing /home/vscode/.local/lib/python3.10/site-packages/airflow/example_dags/example_skip_dag.py took 0.049 seconds
[2025-03-24T20:26:05.019+0000] {processor.py:157} INFO - Started process (PID=30926) to work on /home/vscode/.local/lib/python3.10/site-packages/airflow/example_dags/example_skip_dag.py
[2025-03-24T20:26:05.019+0000] {processor.py:826} INFO - Processing file /home/vscode/.local/lib/python3.10/site-packages/airflow/example_dags/example_skip_dag.py for tasks to queue
[2025-03-24T20:26:05.020+0000] {logging_mixin.py:150} INFO - [2025-03-24T20:26:05.020+0000] {dagbag.py:541} INFO - Filling up the DagBag from /home/vscode/.local/lib/python3.10/site-packages/airflow/example_dags/example_skip_dag.py
[2025-03-24T20:26:05.026+0000] {processor.py:836} INFO - DAG(s) dict_keys(['example_skip_dag']) retrieved from /home/vscode/.local/lib/python3.10/site-packages/airflow/example_dags/example_skip_dag.py
[2025-03-24T20:26:05.038+0000] {logging_mixin.py:150} INFO - [2025-03-24T20:26:05.038+0000] {dag.py:2742} INFO - Sync 1 DAGs
[2025-03-24T20:26:05.054+0000] {logging_mixin.py:150} INFO - [2025-03-24T20:26:05.054+0000] {dag.py:3504} INFO - Setting next_dagrun for example_skip_dag to 2025-03-23T20:26:05.054090+00:00, run_after=2025-03-24T20:26:05.054090+00:00
[2025-03-24T20:26:05.069+0000] {processor.py:179} INFO - Processing /home/vscode/.local/lib/python3.10/site-packages/airflow/example_dags/example_skip_dag.py took 0.053 seconds
[2025-03-24T20:26:51.110+0000] {processor.py:157} INFO - Started process (PID=31320) to work on /home/vscode/.local/lib/python3.10/site-packages/airflow/example_dags/example_skip_dag.py
[2025-03-24T20:26:51.111+0000] {processor.py:826} INFO - Processing file /home/vscode/.local/lib/python3.10/site-packages/airflow/example_dags/example_skip_dag.py for tasks to queue
[2025-03-24T20:26:51.112+0000] {logging_mixin.py:150} INFO - [2025-03-24T20:26:51.112+0000] {dagbag.py:541} INFO - Filling up the DagBag from /home/vscode/.local/lib/python3.10/site-packages/airflow/example_dags/example_skip_dag.py
[2025-03-24T20:26:51.120+0000] {processor.py:836} INFO - DAG(s) dict_keys(['example_skip_dag']) retrieved from /home/vscode/.local/lib/python3.10/site-packages/airflow/example_dags/example_skip_dag.py
[2025-03-24T20:26:51.135+0000] {logging_mixin.py:150} INFO - [2025-03-24T20:26:51.135+0000] {dag.py:2742} INFO - Sync 1 DAGs
[2025-03-24T20:26:51.151+0000] {logging_mixin.py:150} INFO - [2025-03-24T20:26:51.151+0000] {dag.py:3504} INFO - Setting next_dagrun for example_skip_dag to 2025-03-23T20:26:51.150902+00:00, run_after=2025-03-24T20:26:51.150902+00:00
[2025-03-24T20:26:51.166+0000] {processor.py:179} INFO - Processing /home/vscode/.local/lib/python3.10/site-packages/airflow/example_dags/example_skip_dag.py took 0.058 seconds
[2025-03-24T20:27:33.898+0000] {processor.py:157} INFO - Started process (PID=31706) to work on /home/vscode/.local/lib/python3.10/site-packages/airflow/example_dags/example_skip_dag.py
[2025-03-24T20:27:33.899+0000] {processor.py:826} INFO - Processing file /home/vscode/.local/lib/python3.10/site-packages/airflow/example_dags/example_skip_dag.py for tasks to queue
[2025-03-24T20:27:33.899+0000] {logging_mixin.py:150} INFO - [2025-03-24T20:27:33.899+0000] {dagbag.py:541} INFO - Filling up the DagBag from /home/vscode/.local/lib/python3.10/site-packages/airflow/example_dags/example_skip_dag.py
[2025-03-24T20:27:33.905+0000] {processor.py:836} INFO - DAG(s) dict_keys(['example_skip_dag']) retrieved from /home/vscode/.local/lib/python3.10/site-packages/airflow/example_dags/example_skip_dag.py
[2025-03-24T20:27:33.917+0000] {logging_mixin.py:150} INFO - [2025-03-24T20:27:33.916+0000] {dag.py:2742} INFO - Sync 1 DAGs
[2025-03-24T20:27:33.931+0000] {logging_mixin.py:150} INFO - [2025-03-24T20:27:33.931+0000] {dag.py:3504} INFO - Setting next_dagrun for example_skip_dag to 2025-03-23T20:27:33.930834+00:00, run_after=2025-03-24T20:27:33.930834+00:00
[2025-03-24T20:27:33.946+0000] {processor.py:179} INFO - Processing /home/vscode/.local/lib/python3.10/site-packages/airflow/example_dags/example_skip_dag.py took 0.051 seconds
[2025-03-24T20:28:20.153+0000] {processor.py:157} INFO - Started process (PID=32035) to work on /home/vscode/.local/lib/python3.10/site-packages/airflow/example_dags/example_skip_dag.py
[2025-03-24T20:28:20.154+0000] {processor.py:826} INFO - Processing file /home/vscode/.local/lib/python3.10/site-packages/airflow/example_dags/example_skip_dag.py for tasks to queue
[2025-03-24T20:28:20.155+0000] {logging_mixin.py:150} INFO - [2025-03-24T20:28:20.154+0000] {dagbag.py:541} INFO - Filling up the DagBag from /home/vscode/.local/lib/python3.10/site-packages/airflow/example_dags/example_skip_dag.py
[2025-03-24T20:28:20.160+0000] {processor.py:836} INFO - DAG(s) dict_keys(['example_skip_dag']) retrieved from /home/vscode/.local/lib/python3.10/site-packages/airflow/example_dags/example_skip_dag.py
[2025-03-24T20:28:20.172+0000] {logging_mixin.py:150} INFO - [2025-03-24T20:28:20.172+0000] {dag.py:2742} INFO - Sync 1 DAGs
[2025-03-24T20:28:20.185+0000] {logging_mixin.py:150} INFO - [2025-03-24T20:28:20.185+0000] {dag.py:3504} INFO - Setting next_dagrun for example_skip_dag to 2025-03-23T20:28:20.185620+00:00, run_after=2025-03-24T20:28:20.185620+00:00
[2025-03-24T20:28:20.201+0000] {processor.py:179} INFO - Processing /home/vscode/.local/lib/python3.10/site-packages/airflow/example_dags/example_skip_dag.py took 0.050 seconds
[2025-03-24T20:29:02.420+0000] {processor.py:157} INFO - Started process (PID=32356) to work on /home/vscode/.local/lib/python3.10/site-packages/airflow/example_dags/example_skip_dag.py
[2025-03-24T20:29:02.421+0000] {processor.py:826} INFO - Processing file /home/vscode/.local/lib/python3.10/site-packages/airflow/example_dags/example_skip_dag.py for tasks to queue
[2025-03-24T20:29:02.422+0000] {logging_mixin.py:150} INFO - [2025-03-24T20:29:02.421+0000] {dagbag.py:541} INFO - Filling up the DagBag from /home/vscode/.local/lib/python3.10/site-packages/airflow/example_dags/example_skip_dag.py
[2025-03-24T20:29:02.427+0000] {processor.py:836} INFO - DAG(s) dict_keys(['example_skip_dag']) retrieved from /home/vscode/.local/lib/python3.10/site-packages/airflow/example_dags/example_skip_dag.py
[2025-03-24T20:29:02.439+0000] {logging_mixin.py:150} INFO - [2025-03-24T20:29:02.439+0000] {dag.py:2742} INFO - Sync 1 DAGs
[2025-03-24T20:29:02.453+0000] {logging_mixin.py:150} INFO - [2025-03-24T20:29:02.453+0000] {dag.py:3504} INFO - Setting next_dagrun for example_skip_dag to 2025-03-23T20:29:02.453457+00:00, run_after=2025-03-24T20:29:02.453457+00:00
[2025-03-24T20:29:02.468+0000] {processor.py:179} INFO - Processing /home/vscode/.local/lib/python3.10/site-packages/airflow/example_dags/example_skip_dag.py took 0.050 seconds
[2025-03-24T20:29:48.616+0000] {processor.py:157} INFO - Started process (PID=32663) to work on /home/vscode/.local/lib/python3.10/site-packages/airflow/example_dags/example_skip_dag.py
[2025-03-24T20:29:48.617+0000] {processor.py:826} INFO - Processing file /home/vscode/.local/lib/python3.10/site-packages/airflow/example_dags/example_skip_dag.py for tasks to queue
[2025-03-24T20:29:48.617+0000] {logging_mixin.py:150} INFO - [2025-03-24T20:29:48.617+0000] {dagbag.py:541} INFO - Filling up the DagBag from /home/vscode/.local/lib/python3.10/site-packages/airflow/example_dags/example_skip_dag.py
[2025-03-24T20:29:48.623+0000] {processor.py:836} INFO - DAG(s) dict_keys(['example_skip_dag']) retrieved from /home/vscode/.local/lib/python3.10/site-packages/airflow/example_dags/example_skip_dag.py
[2025-03-24T20:29:48.635+0000] {logging_mixin.py:150} INFO - [2025-03-24T20:29:48.635+0000] {dag.py:2742} INFO - Sync 1 DAGs
[2025-03-24T20:29:48.652+0000] {logging_mixin.py:150} INFO - [2025-03-24T20:29:48.652+0000] {dag.py:3504} INFO - Setting next_dagrun for example_skip_dag to 2025-03-23T20:29:48.652190+00:00, run_after=2025-03-24T20:29:48.652190+00:00
[2025-03-24T20:29:48.668+0000] {processor.py:179} INFO - Processing /home/vscode/.local/lib/python3.10/site-packages/airflow/example_dags/example_skip_dag.py took 0.055 seconds
[2025-03-24T20:30:31.932+0000] {processor.py:157} INFO - Started process (PID=32966) to work on /home/vscode/.local/lib/python3.10/site-packages/airflow/example_dags/example_skip_dag.py
[2025-03-24T20:30:31.932+0000] {processor.py:826} INFO - Processing file /home/vscode/.local/lib/python3.10/site-packages/airflow/example_dags/example_skip_dag.py for tasks to queue
[2025-03-24T20:30:31.933+0000] {logging_mixin.py:150} INFO - [2025-03-24T20:30:31.933+0000] {dagbag.py:541} INFO - Filling up the DagBag from /home/vscode/.local/lib/python3.10/site-packages/airflow/example_dags/example_skip_dag.py
[2025-03-24T20:30:31.938+0000] {processor.py:836} INFO - DAG(s) dict_keys(['example_skip_dag']) retrieved from /home/vscode/.local/lib/python3.10/site-packages/airflow/example_dags/example_skip_dag.py
[2025-03-24T20:30:31.949+0000] {logging_mixin.py:150} INFO - [2025-03-24T20:30:31.949+0000] {dag.py:2742} INFO - Sync 1 DAGs
[2025-03-24T20:30:31.963+0000] {logging_mixin.py:150} INFO - [2025-03-24T20:30:31.963+0000] {dag.py:3504} INFO - Setting next_dagrun for example_skip_dag to 2025-03-23T20:30:31.963678+00:00, run_after=2025-03-24T20:30:31.963678+00:00
[2025-03-24T20:30:31.978+0000] {processor.py:179} INFO - Processing /home/vscode/.local/lib/python3.10/site-packages/airflow/example_dags/example_skip_dag.py took 0.049 seconds
[2025-03-24T20:31:15.134+0000] {processor.py:157} INFO - Started process (PID=33262) to work on /home/vscode/.local/lib/python3.10/site-packages/airflow/example_dags/example_skip_dag.py
[2025-03-24T20:31:15.135+0000] {processor.py:826} INFO - Processing file /home/vscode/.local/lib/python3.10/site-packages/airflow/example_dags/example_skip_dag.py for tasks to queue
[2025-03-24T20:31:15.135+0000] {logging_mixin.py:150} INFO - [2025-03-24T20:31:15.135+0000] {dagbag.py:541} INFO - Filling up the DagBag from /home/vscode/.local/lib/python3.10/site-packages/airflow/example_dags/example_skip_dag.py
[2025-03-24T20:31:15.140+0000] {processor.py:836} INFO - DAG(s) dict_keys(['example_skip_dag']) retrieved from /home/vscode/.local/lib/python3.10/site-packages/airflow/example_dags/example_skip_dag.py
[2025-03-24T20:31:15.152+0000] {logging_mixin.py:150} INFO - [2025-03-24T20:31:15.152+0000] {dag.py:2742} INFO - Sync 1 DAGs
[2025-03-24T20:31:15.167+0000] {logging_mixin.py:150} INFO - [2025-03-24T20:31:15.167+0000] {dag.py:3504} INFO - Setting next_dagrun for example_skip_dag to 2025-03-23T20:31:15.166858+00:00, run_after=2025-03-24T20:31:15.166858+00:00
[2025-03-24T20:31:15.182+0000] {processor.py:179} INFO - Processing /home/vscode/.local/lib/python3.10/site-packages/airflow/example_dags/example_skip_dag.py took 0.050 seconds
[2025-03-24T20:31:56.965+0000] {processor.py:157} INFO - Started process (PID=33539) to work on /home/vscode/.local/lib/python3.10/site-packages/airflow/example_dags/example_skip_dag.py
[2025-03-24T20:31:56.966+0000] {processor.py:826} INFO - Processing file /home/vscode/.local/lib/python3.10/site-packages/airflow/example_dags/example_skip_dag.py for tasks to queue
[2025-03-24T20:31:56.966+0000] {logging_mixin.py:150} INFO - [2025-03-24T20:31:56.966+0000] {dagbag.py:541} INFO - Filling up the DagBag from /home/vscode/.local/lib/python3.10/site-packages/airflow/example_dags/example_skip_dag.py
[2025-03-24T20:31:56.971+0000] {processor.py:836} INFO - DAG(s) dict_keys(['example_skip_dag']) retrieved from /home/vscode/.local/lib/python3.10/site-packages/airflow/example_dags/example_skip_dag.py
[2025-03-24T20:31:56.983+0000] {logging_mixin.py:150} INFO - [2025-03-24T20:31:56.983+0000] {dag.py:2742} INFO - Sync 1 DAGs
[2025-03-24T20:31:56.997+0000] {logging_mixin.py:150} INFO - [2025-03-24T20:31:56.997+0000] {dag.py:3504} INFO - Setting next_dagrun for example_skip_dag to 2025-03-23T20:31:56.996897+00:00, run_after=2025-03-24T20:31:56.996897+00:00
[2025-03-24T20:31:57.011+0000] {processor.py:179} INFO - Processing /home/vscode/.local/lib/python3.10/site-packages/airflow/example_dags/example_skip_dag.py took 0.049 seconds
[2025-03-24T20:32:41.596+0000] {processor.py:157} INFO - Started process (PID=33839) to work on /home/vscode/.local/lib/python3.10/site-packages/airflow/example_dags/example_skip_dag.py
[2025-03-24T20:32:41.597+0000] {processor.py:826} INFO - Processing file /home/vscode/.local/lib/python3.10/site-packages/airflow/example_dags/example_skip_dag.py for tasks to queue
[2025-03-24T20:32:41.597+0000] {logging_mixin.py:150} INFO - [2025-03-24T20:32:41.597+0000] {dagbag.py:541} INFO - Filling up the DagBag from /home/vscode/.local/lib/python3.10/site-packages/airflow/example_dags/example_skip_dag.py
[2025-03-24T20:32:41.602+0000] {processor.py:836} INFO - DAG(s) dict_keys(['example_skip_dag']) retrieved from /home/vscode/.local/lib/python3.10/site-packages/airflow/example_dags/example_skip_dag.py
[2025-03-24T20:32:41.614+0000] {logging_mixin.py:150} INFO - [2025-03-24T20:32:41.614+0000] {dag.py:2742} INFO - Sync 1 DAGs
[2025-03-24T20:32:41.629+0000] {logging_mixin.py:150} INFO - [2025-03-24T20:32:41.629+0000] {dag.py:3504} INFO - Setting next_dagrun for example_skip_dag to 2025-03-23T20:32:41.629188+00:00, run_after=2025-03-24T20:32:41.629188+00:00
[2025-03-24T20:32:41.644+0000] {processor.py:179} INFO - Processing /home/vscode/.local/lib/python3.10/site-packages/airflow/example_dags/example_skip_dag.py took 0.051 seconds
[2025-03-24T20:33:29.772+0000] {processor.py:157} INFO - Started process (PID=34263) to work on /home/vscode/.local/lib/python3.10/site-packages/airflow/example_dags/example_skip_dag.py
[2025-03-24T20:33:29.773+0000] {processor.py:826} INFO - Processing file /home/vscode/.local/lib/python3.10/site-packages/airflow/example_dags/example_skip_dag.py for tasks to queue
[2025-03-24T20:33:29.773+0000] {logging_mixin.py:150} INFO - [2025-03-24T20:33:29.773+0000] {dagbag.py:541} INFO - Filling up the DagBag from /home/vscode/.local/lib/python3.10/site-packages/airflow/example_dags/example_skip_dag.py
[2025-03-24T20:33:29.778+0000] {processor.py:836} INFO - DAG(s) dict_keys(['example_skip_dag']) retrieved from /home/vscode/.local/lib/python3.10/site-packages/airflow/example_dags/example_skip_dag.py
[2025-03-24T20:33:29.790+0000] {logging_mixin.py:150} INFO - [2025-03-24T20:33:29.790+0000] {dag.py:2742} INFO - Sync 1 DAGs
[2025-03-24T20:33:29.804+0000] {logging_mixin.py:150} INFO - [2025-03-24T20:33:29.804+0000] {dag.py:3504} INFO - Setting next_dagrun for example_skip_dag to 2025-03-23T20:33:29.804184+00:00, run_after=2025-03-24T20:33:29.804184+00:00
[2025-03-24T20:33:29.821+0000] {processor.py:179} INFO - Processing /home/vscode/.local/lib/python3.10/site-packages/airflow/example_dags/example_skip_dag.py took 0.052 seconds
[2025-03-24T20:34:18.669+0000] {processor.py:157} INFO - Started process (PID=34586) to work on /home/vscode/.local/lib/python3.10/site-packages/airflow/example_dags/example_skip_dag.py
[2025-03-24T20:34:18.670+0000] {processor.py:826} INFO - Processing file /home/vscode/.local/lib/python3.10/site-packages/airflow/example_dags/example_skip_dag.py for tasks to queue
[2025-03-24T20:34:18.670+0000] {logging_mixin.py:150} INFO - [2025-03-24T20:34:18.670+0000] {dagbag.py:541} INFO - Filling up the DagBag from /home/vscode/.local/lib/python3.10/site-packages/airflow/example_dags/example_skip_dag.py
[2025-03-24T20:34:18.675+0000] {processor.py:836} INFO - DAG(s) dict_keys(['example_skip_dag']) retrieved from /home/vscode/.local/lib/python3.10/site-packages/airflow/example_dags/example_skip_dag.py
[2025-03-24T20:34:18.687+0000] {logging_mixin.py:150} INFO - [2025-03-24T20:34:18.687+0000] {dag.py:2742} INFO - Sync 1 DAGs
[2025-03-24T20:34:18.701+0000] {logging_mixin.py:150} INFO - [2025-03-24T20:34:18.701+0000] {dag.py:3504} INFO - Setting next_dagrun for example_skip_dag to 2025-03-23T20:34:18.701159+00:00, run_after=2025-03-24T20:34:18.701159+00:00
[2025-03-24T20:34:18.717+0000] {processor.py:179} INFO - Processing /home/vscode/.local/lib/python3.10/site-packages/airflow/example_dags/example_skip_dag.py took 0.050 seconds
[2025-03-24T20:35:01.753+0000] {processor.py:157} INFO - Started process (PID=34873) to work on /home/vscode/.local/lib/python3.10/site-packages/airflow/example_dags/example_skip_dag.py
[2025-03-24T20:35:01.754+0000] {processor.py:826} INFO - Processing file /home/vscode/.local/lib/python3.10/site-packages/airflow/example_dags/example_skip_dag.py for tasks to queue
[2025-03-24T20:35:01.754+0000] {logging_mixin.py:150} INFO - [2025-03-24T20:35:01.754+0000] {dagbag.py:541} INFO - Filling up the DagBag from /home/vscode/.local/lib/python3.10/site-packages/airflow/example_dags/example_skip_dag.py
[2025-03-24T20:35:01.761+0000] {processor.py:836} INFO - DAG(s) dict_keys(['example_skip_dag']) retrieved from /home/vscode/.local/lib/python3.10/site-packages/airflow/example_dags/example_skip_dag.py
[2025-03-24T20:35:01.774+0000] {logging_mixin.py:150} INFO - [2025-03-24T20:35:01.774+0000] {dag.py:2742} INFO - Sync 1 DAGs
[2025-03-24T20:35:01.788+0000] {logging_mixin.py:150} INFO - [2025-03-24T20:35:01.788+0000] {dag.py:3504} INFO - Setting next_dagrun for example_skip_dag to 2025-03-23T20:35:01.788107+00:00, run_after=2025-03-24T20:35:01.788107+00:00
[2025-03-24T20:35:01.803+0000] {processor.py:179} INFO - Processing /home/vscode/.local/lib/python3.10/site-packages/airflow/example_dags/example_skip_dag.py took 0.052 seconds
[2025-03-24T20:35:48.422+0000] {processor.py:157} INFO - Started process (PID=35194) to work on /home/vscode/.local/lib/python3.10/site-packages/airflow/example_dags/example_skip_dag.py
[2025-03-24T20:35:48.422+0000] {processor.py:826} INFO - Processing file /home/vscode/.local/lib/python3.10/site-packages/airflow/example_dags/example_skip_dag.py for tasks to queue
[2025-03-24T20:35:48.423+0000] {logging_mixin.py:150} INFO - [2025-03-24T20:35:48.423+0000] {dagbag.py:541} INFO - Filling up the DagBag from /home/vscode/.local/lib/python3.10/site-packages/airflow/example_dags/example_skip_dag.py
[2025-03-24T20:35:48.428+0000] {processor.py:836} INFO - DAG(s) dict_keys(['example_skip_dag']) retrieved from /home/vscode/.local/lib/python3.10/site-packages/airflow/example_dags/example_skip_dag.py
[2025-03-24T20:35:48.440+0000] {logging_mixin.py:150} INFO - [2025-03-24T20:35:48.439+0000] {dag.py:2742} INFO - Sync 1 DAGs
[2025-03-24T20:35:48.454+0000] {logging_mixin.py:150} INFO - [2025-03-24T20:35:48.454+0000] {dag.py:3504} INFO - Setting next_dagrun for example_skip_dag to 2025-03-23T20:35:48.453854+00:00, run_after=2025-03-24T20:35:48.453854+00:00
[2025-03-24T20:35:48.469+0000] {processor.py:179} INFO - Processing /home/vscode/.local/lib/python3.10/site-packages/airflow/example_dags/example_skip_dag.py took 0.049 seconds
[2025-03-24T20:36:31.613+0000] {processor.py:157} INFO - Started process (PID=35490) to work on /home/vscode/.local/lib/python3.10/site-packages/airflow/example_dags/example_skip_dag.py
[2025-03-24T20:36:31.614+0000] {processor.py:826} INFO - Processing file /home/vscode/.local/lib/python3.10/site-packages/airflow/example_dags/example_skip_dag.py for tasks to queue
[2025-03-24T20:36:31.615+0000] {logging_mixin.py:150} INFO - [2025-03-24T20:36:31.614+0000] {dagbag.py:541} INFO - Filling up the DagBag from /home/vscode/.local/lib/python3.10/site-packages/airflow/example_dags/example_skip_dag.py
[2025-03-24T20:36:31.620+0000] {processor.py:836} INFO - DAG(s) dict_keys(['example_skip_dag']) retrieved from /home/vscode/.local/lib/python3.10/site-packages/airflow/example_dags/example_skip_dag.py
[2025-03-24T20:36:31.631+0000] {logging_mixin.py:150} INFO - [2025-03-24T20:36:31.631+0000] {dag.py:2742} INFO - Sync 1 DAGs
[2025-03-24T20:36:31.645+0000] {logging_mixin.py:150} INFO - [2025-03-24T20:36:31.645+0000] {dag.py:3504} INFO - Setting next_dagrun for example_skip_dag to 2025-03-23T20:36:31.645180+00:00, run_after=2025-03-24T20:36:31.645180+00:00
[2025-03-24T20:36:31.662+0000] {processor.py:179} INFO - Processing /home/vscode/.local/lib/python3.10/site-packages/airflow/example_dags/example_skip_dag.py took 0.050 seconds
[2025-03-24T20:37:19.264+0000] {processor.py:157} INFO - Started process (PID=35848) to work on /home/vscode/.local/lib/python3.10/site-packages/airflow/example_dags/example_skip_dag.py
[2025-03-24T20:37:19.265+0000] {processor.py:826} INFO - Processing file /home/vscode/.local/lib/python3.10/site-packages/airflow/example_dags/example_skip_dag.py for tasks to queue
[2025-03-24T20:37:19.266+0000] {logging_mixin.py:150} INFO - [2025-03-24T20:37:19.266+0000] {dagbag.py:541} INFO - Filling up the DagBag from /home/vscode/.local/lib/python3.10/site-packages/airflow/example_dags/example_skip_dag.py
[2025-03-24T20:37:19.273+0000] {processor.py:836} INFO - DAG(s) dict_keys(['example_skip_dag']) retrieved from /home/vscode/.local/lib/python3.10/site-packages/airflow/example_dags/example_skip_dag.py
[2025-03-24T20:37:19.288+0000] {logging_mixin.py:150} INFO - [2025-03-24T20:37:19.288+0000] {dag.py:2742} INFO - Sync 1 DAGs
[2025-03-24T20:37:19.302+0000] {logging_mixin.py:150} INFO - [2025-03-24T20:37:19.302+0000] {dag.py:3504} INFO - Setting next_dagrun for example_skip_dag to 2025-03-23T20:37:19.302424+00:00, run_after=2025-03-24T20:37:19.302424+00:00
[2025-03-24T20:37:19.317+0000] {processor.py:179} INFO - Processing /home/vscode/.local/lib/python3.10/site-packages/airflow/example_dags/example_skip_dag.py took 0.056 seconds
[2025-03-24T20:38:03.290+0000] {processor.py:157} INFO - Started process (PID=36163) to work on /home/vscode/.local/lib/python3.10/site-packages/airflow/example_dags/example_skip_dag.py
[2025-03-24T20:38:03.290+0000] {processor.py:826} INFO - Processing file /home/vscode/.local/lib/python3.10/site-packages/airflow/example_dags/example_skip_dag.py for tasks to queue
[2025-03-24T20:38:03.291+0000] {logging_mixin.py:150} INFO - [2025-03-24T20:38:03.291+0000] {dagbag.py:541} INFO - Filling up the DagBag from /home/vscode/.local/lib/python3.10/site-packages/airflow/example_dags/example_skip_dag.py
[2025-03-24T20:38:03.296+0000] {processor.py:836} INFO - DAG(s) dict_keys(['example_skip_dag']) retrieved from /home/vscode/.local/lib/python3.10/site-packages/airflow/example_dags/example_skip_dag.py
[2025-03-24T20:38:03.308+0000] {logging_mixin.py:150} INFO - [2025-03-24T20:38:03.307+0000] {dag.py:2742} INFO - Sync 1 DAGs
[2025-03-24T20:38:03.322+0000] {logging_mixin.py:150} INFO - [2025-03-24T20:38:03.322+0000] {dag.py:3504} INFO - Setting next_dagrun for example_skip_dag to 2025-03-23T20:38:03.322321+00:00, run_after=2025-03-24T20:38:03.322321+00:00
[2025-03-24T20:38:03.338+0000] {processor.py:179} INFO - Processing /home/vscode/.local/lib/python3.10/site-packages/airflow/example_dags/example_skip_dag.py took 0.050 seconds
