[2025-03-24T20:12:35.940+0000] {processor.py:157} INFO - Started process (PID=25085) to work on /home/vscode/.local/lib/python3.10/site-packages/airflow/example_dags/example_subdag_operator.py
[2025-03-24T20:12:35.940+0000] {processor.py:826} INFO - Processing file /home/vscode/.local/lib/python3.10/site-packages/airflow/example_dags/example_subdag_operator.py for tasks to queue
[2025-03-24T20:12:35.941+0000] {logging_mixin.py:150} INFO - [2025-03-24T20:12:35.941+0000] {dagbag.py:541} INFO - Filling up the DagBag from /home/vscode/.local/lib/python3.10/site-packages/airflow/example_dags/example_subdag_operator.py
[2025-03-24T20:12:35.955+0000] {processor.py:836} INFO - DAG(s) dict_keys(['example_subdag_operator.section-1', 'example_subdag_operator.section-2', 'example_subdag_operator']) retrieved from /home/vscode/.local/lib/python3.10/site-packages/airflow/example_dags/example_subdag_operator.py
[2025-03-24T20:12:36.028+0000] {logging_mixin.py:150} INFO - [2025-03-24T20:12:36.027+0000] {manager.py:504} INFO - Created Permission View: can delete on DAG:example_subdag_operator
[2025-03-24T20:12:36.036+0000] {logging_mixin.py:150} INFO - [2025-03-24T20:12:36.035+0000] {manager.py:504} INFO - Created Permission View: can edit on DAG:example_subdag_operator
[2025-03-24T20:12:36.041+0000] {logging_mixin.py:150} INFO - [2025-03-24T20:12:36.041+0000] {manager.py:504} INFO - Created Permission View: can read on DAG:example_subdag_operator
[2025-03-24T20:12:36.049+0000] {logging_mixin.py:150} INFO - [2025-03-24T20:12:36.049+0000] {dag.py:2742} INFO - Sync 3 DAGs
[2025-03-24T20:12:36.056+0000] {logging_mixin.py:150} INFO - [2025-03-24T20:12:36.056+0000] {dag.py:2763} INFO - Creating ORM DAG for example_subdag_operator.section-1
[2025-03-24T20:12:36.056+0000] {logging_mixin.py:150} INFO - [2025-03-24T20:12:36.056+0000] {dag.py:2763} INFO - Creating ORM DAG for example_subdag_operator.section-2
[2025-03-24T20:12:36.057+0000] {logging_mixin.py:150} INFO - [2025-03-24T20:12:36.057+0000] {dag.py:2763} INFO - Creating ORM DAG for example_subdag_operator
[2025-03-24T20:12:36.064+0000] {logging_mixin.py:150} INFO - [2025-03-24T20:12:36.064+0000] {dag.py:3504} INFO - Setting next_dagrun for example_subdag_operator to 2022-01-01T00:00:00+00:00, run_after=2022-01-01T00:00:00+00:00
[2025-03-24T20:12:36.064+0000] {logging_mixin.py:150} INFO - [2025-03-24T20:12:36.064+0000] {dag.py:3504} INFO - Setting next_dagrun for example_subdag_operator.section-1 to None, run_after=None
[2025-03-24T20:12:36.065+0000] {logging_mixin.py:150} INFO - [2025-03-24T20:12:36.064+0000] {dag.py:3504} INFO - Setting next_dagrun for example_subdag_operator.section-2 to None, run_after=None
[2025-03-24T20:12:36.069+0000] {logging_mixin.py:150} INFO - [2025-03-24T20:12:36.069+0000] {dag.py:2742} INFO - Sync 2 DAGs
[2025-03-24T20:12:36.072+0000] {logging_mixin.py:150} INFO - [2025-03-24T20:12:36.072+0000] {dag.py:3504} INFO - Setting next_dagrun for example_subdag_operator.section-1 to None, run_after=None
[2025-03-24T20:12:36.074+0000] {logging_mixin.py:150} INFO - [2025-03-24T20:12:36.073+0000] {dag.py:3504} INFO - Setting next_dagrun for example_subdag_operator.section-2 to None, run_after=None
[2025-03-24T20:12:36.086+0000] {processor.py:179} INFO - Processing /home/vscode/.local/lib/python3.10/site-packages/airflow/example_dags/example_subdag_operator.py took 0.148 seconds
[2025-03-24T20:13:23.642+0000] {processor.py:157} INFO - Started process (PID=25448) to work on /home/vscode/.local/lib/python3.10/site-packages/airflow/example_dags/example_subdag_operator.py
[2025-03-24T20:13:23.642+0000] {processor.py:826} INFO - Processing file /home/vscode/.local/lib/python3.10/site-packages/airflow/example_dags/example_subdag_operator.py for tasks to queue
[2025-03-24T20:13:23.643+0000] {logging_mixin.py:150} INFO - [2025-03-24T20:13:23.643+0000] {dagbag.py:541} INFO - Filling up the DagBag from /home/vscode/.local/lib/python3.10/site-packages/airflow/example_dags/example_subdag_operator.py
[2025-03-24T20:13:23.657+0000] {processor.py:836} INFO - DAG(s) dict_keys(['example_subdag_operator.section-1', 'example_subdag_operator.section-2', 'example_subdag_operator']) retrieved from /home/vscode/.local/lib/python3.10/site-packages/airflow/example_dags/example_subdag_operator.py
[2025-03-24T20:13:23.668+0000] {logging_mixin.py:150} INFO - [2025-03-24T20:13:23.668+0000] {dag.py:2742} INFO - Sync 3 DAGs
[2025-03-24T20:13:23.682+0000] {logging_mixin.py:150} INFO - [2025-03-24T20:13:23.682+0000] {dag.py:3504} INFO - Setting next_dagrun for example_subdag_operator to 2022-01-01T00:00:00+00:00, run_after=2022-01-01T00:00:00+00:00
[2025-03-24T20:13:23.684+0000] {logging_mixin.py:150} INFO - [2025-03-24T20:13:23.684+0000] {dag.py:3504} INFO - Setting next_dagrun for example_subdag_operator.section-1 to None, run_after=None
[2025-03-24T20:13:23.685+0000] {logging_mixin.py:150} INFO - [2025-03-24T20:13:23.685+0000] {dag.py:3504} INFO - Setting next_dagrun for example_subdag_operator.section-2 to None, run_after=None
[2025-03-24T20:13:23.689+0000] {logging_mixin.py:150} INFO - [2025-03-24T20:13:23.689+0000] {dag.py:2742} INFO - Sync 2 DAGs
[2025-03-24T20:13:23.692+0000] {logging_mixin.py:150} INFO - [2025-03-24T20:13:23.692+0000] {dag.py:3504} INFO - Setting next_dagrun for example_subdag_operator.section-1 to None, run_after=None
[2025-03-24T20:13:23.692+0000] {logging_mixin.py:150} INFO - [2025-03-24T20:13:23.692+0000] {dag.py:3504} INFO - Setting next_dagrun for example_subdag_operator.section-2 to None, run_after=None
[2025-03-24T20:13:23.703+0000] {processor.py:179} INFO - Processing /home/vscode/.local/lib/python3.10/site-packages/airflow/example_dags/example_subdag_operator.py took 0.063 seconds
[2025-03-24T20:14:08.771+0000] {processor.py:157} INFO - Started process (PID=25747) to work on /home/vscode/.local/lib/python3.10/site-packages/airflow/example_dags/example_subdag_operator.py
[2025-03-24T20:14:08.772+0000] {processor.py:826} INFO - Processing file /home/vscode/.local/lib/python3.10/site-packages/airflow/example_dags/example_subdag_operator.py for tasks to queue
[2025-03-24T20:14:08.773+0000] {logging_mixin.py:150} INFO - [2025-03-24T20:14:08.772+0000] {dagbag.py:541} INFO - Filling up the DagBag from /home/vscode/.local/lib/python3.10/site-packages/airflow/example_dags/example_subdag_operator.py
[2025-03-24T20:14:08.787+0000] {processor.py:836} INFO - DAG(s) dict_keys(['example_subdag_operator.section-1', 'example_subdag_operator.section-2', 'example_subdag_operator']) retrieved from /home/vscode/.local/lib/python3.10/site-packages/airflow/example_dags/example_subdag_operator.py
[2025-03-24T20:14:08.798+0000] {logging_mixin.py:150} INFO - [2025-03-24T20:14:08.798+0000] {dag.py:2742} INFO - Sync 3 DAGs
[2025-03-24T20:14:08.811+0000] {logging_mixin.py:150} INFO - [2025-03-24T20:14:08.811+0000] {dag.py:3504} INFO - Setting next_dagrun for example_subdag_operator to 2022-01-01T00:00:00+00:00, run_after=2022-01-01T00:00:00+00:00
[2025-03-24T20:14:08.813+0000] {logging_mixin.py:150} INFO - [2025-03-24T20:14:08.813+0000] {dag.py:3504} INFO - Setting next_dagrun for example_subdag_operator.section-1 to None, run_after=None
[2025-03-24T20:14:08.814+0000] {logging_mixin.py:150} INFO - [2025-03-24T20:14:08.814+0000] {dag.py:3504} INFO - Setting next_dagrun for example_subdag_operator.section-2 to None, run_after=None
[2025-03-24T20:14:08.818+0000] {logging_mixin.py:150} INFO - [2025-03-24T20:14:08.818+0000] {dag.py:2742} INFO - Sync 2 DAGs
[2025-03-24T20:14:08.821+0000] {logging_mixin.py:150} INFO - [2025-03-24T20:14:08.821+0000] {dag.py:3504} INFO - Setting next_dagrun for example_subdag_operator.section-1 to None, run_after=None
[2025-03-24T20:14:08.821+0000] {logging_mixin.py:150} INFO - [2025-03-24T20:14:08.821+0000] {dag.py:3504} INFO - Setting next_dagrun for example_subdag_operator.section-2 to None, run_after=None
[2025-03-24T20:14:08.831+0000] {processor.py:179} INFO - Processing /home/vscode/.local/lib/python3.10/site-packages/airflow/example_dags/example_subdag_operator.py took 0.062 seconds
[2025-03-24T20:14:51.027+0000] {processor.py:157} INFO - Started process (PID=26051) to work on /home/vscode/.local/lib/python3.10/site-packages/airflow/example_dags/example_subdag_operator.py
[2025-03-24T20:14:51.028+0000] {processor.py:826} INFO - Processing file /home/vscode/.local/lib/python3.10/site-packages/airflow/example_dags/example_subdag_operator.py for tasks to queue
[2025-03-24T20:14:51.028+0000] {logging_mixin.py:150} INFO - [2025-03-24T20:14:51.028+0000] {dagbag.py:541} INFO - Filling up the DagBag from /home/vscode/.local/lib/python3.10/site-packages/airflow/example_dags/example_subdag_operator.py
[2025-03-24T20:14:51.042+0000] {processor.py:836} INFO - DAG(s) dict_keys(['example_subdag_operator.section-1', 'example_subdag_operator.section-2', 'example_subdag_operator']) retrieved from /home/vscode/.local/lib/python3.10/site-packages/airflow/example_dags/example_subdag_operator.py
[2025-03-24T20:14:51.053+0000] {logging_mixin.py:150} INFO - [2025-03-24T20:14:51.053+0000] {dag.py:2742} INFO - Sync 3 DAGs
[2025-03-24T20:14:51.067+0000] {logging_mixin.py:150} INFO - [2025-03-24T20:14:51.066+0000] {dag.py:3504} INFO - Setting next_dagrun for example_subdag_operator to 2022-01-01T00:00:00+00:00, run_after=2022-01-01T00:00:00+00:00
[2025-03-24T20:14:51.068+0000] {logging_mixin.py:150} INFO - [2025-03-24T20:14:51.068+0000] {dag.py:3504} INFO - Setting next_dagrun for example_subdag_operator.section-1 to None, run_after=None
[2025-03-24T20:14:51.069+0000] {logging_mixin.py:150} INFO - [2025-03-24T20:14:51.069+0000] {dag.py:3504} INFO - Setting next_dagrun for example_subdag_operator.section-2 to None, run_after=None
[2025-03-24T20:14:51.074+0000] {logging_mixin.py:150} INFO - [2025-03-24T20:14:51.074+0000] {dag.py:2742} INFO - Sync 2 DAGs
[2025-03-24T20:14:51.076+0000] {logging_mixin.py:150} INFO - [2025-03-24T20:14:51.076+0000] {dag.py:3504} INFO - Setting next_dagrun for example_subdag_operator.section-1 to None, run_after=None
[2025-03-24T20:14:51.077+0000] {logging_mixin.py:150} INFO - [2025-03-24T20:14:51.077+0000] {dag.py:3504} INFO - Setting next_dagrun for example_subdag_operator.section-2 to None, run_after=None
[2025-03-24T20:14:51.087+0000] {processor.py:179} INFO - Processing /home/vscode/.local/lib/python3.10/site-packages/airflow/example_dags/example_subdag_operator.py took 0.062 seconds
[2025-03-24T20:15:36.152+0000] {processor.py:157} INFO - Started process (PID=26346) to work on /home/vscode/.local/lib/python3.10/site-packages/airflow/example_dags/example_subdag_operator.py
[2025-03-24T20:15:36.153+0000] {processor.py:826} INFO - Processing file /home/vscode/.local/lib/python3.10/site-packages/airflow/example_dags/example_subdag_operator.py for tasks to queue
[2025-03-24T20:15:36.154+0000] {logging_mixin.py:150} INFO - [2025-03-24T20:15:36.154+0000] {dagbag.py:541} INFO - Filling up the DagBag from /home/vscode/.local/lib/python3.10/site-packages/airflow/example_dags/example_subdag_operator.py
[2025-03-24T20:15:36.175+0000] {processor.py:836} INFO - DAG(s) dict_keys(['example_subdag_operator.section-1', 'example_subdag_operator.section-2', 'example_subdag_operator']) retrieved from /home/vscode/.local/lib/python3.10/site-packages/airflow/example_dags/example_subdag_operator.py
[2025-03-24T20:15:36.187+0000] {logging_mixin.py:150} INFO - [2025-03-24T20:15:36.187+0000] {dag.py:2742} INFO - Sync 3 DAGs
[2025-03-24T20:15:36.200+0000] {logging_mixin.py:150} INFO - [2025-03-24T20:15:36.200+0000] {dag.py:3504} INFO - Setting next_dagrun for example_subdag_operator to 2022-01-01T00:00:00+00:00, run_after=2022-01-01T00:00:00+00:00
[2025-03-24T20:15:36.202+0000] {logging_mixin.py:150} INFO - [2025-03-24T20:15:36.202+0000] {dag.py:3504} INFO - Setting next_dagrun for example_subdag_operator.section-1 to None, run_after=None
[2025-03-24T20:15:36.203+0000] {logging_mixin.py:150} INFO - [2025-03-24T20:15:36.203+0000] {dag.py:3504} INFO - Setting next_dagrun for example_subdag_operator.section-2 to None, run_after=None
[2025-03-24T20:15:36.207+0000] {logging_mixin.py:150} INFO - [2025-03-24T20:15:36.207+0000] {dag.py:2742} INFO - Sync 2 DAGs
[2025-03-24T20:15:36.210+0000] {logging_mixin.py:150} INFO - [2025-03-24T20:15:36.210+0000] {dag.py:3504} INFO - Setting next_dagrun for example_subdag_operator.section-1 to None, run_after=None
[2025-03-24T20:15:36.210+0000] {logging_mixin.py:150} INFO - [2025-03-24T20:15:36.210+0000] {dag.py:3504} INFO - Setting next_dagrun for example_subdag_operator.section-2 to None, run_after=None
[2025-03-24T20:15:36.220+0000] {processor.py:179} INFO - Processing /home/vscode/.local/lib/python3.10/site-packages/airflow/example_dags/example_subdag_operator.py took 0.071 seconds
[2025-03-24T20:16:15.994+0000] {processor.py:157} INFO - Started process (PID=26605) to work on /home/vscode/.local/lib/python3.10/site-packages/airflow/example_dags/example_subdag_operator.py
[2025-03-24T20:16:15.995+0000] {processor.py:826} INFO - Processing file /home/vscode/.local/lib/python3.10/site-packages/airflow/example_dags/example_subdag_operator.py for tasks to queue
[2025-03-24T20:16:15.996+0000] {logging_mixin.py:150} INFO - [2025-03-24T20:16:15.995+0000] {dagbag.py:541} INFO - Filling up the DagBag from /home/vscode/.local/lib/python3.10/site-packages/airflow/example_dags/example_subdag_operator.py
[2025-03-24T20:16:16.010+0000] {processor.py:836} INFO - DAG(s) dict_keys(['example_subdag_operator.section-1', 'example_subdag_operator.section-2', 'example_subdag_operator']) retrieved from /home/vscode/.local/lib/python3.10/site-packages/airflow/example_dags/example_subdag_operator.py
[2025-03-24T20:16:16.021+0000] {logging_mixin.py:150} INFO - [2025-03-24T20:16:16.021+0000] {dag.py:2742} INFO - Sync 3 DAGs
[2025-03-24T20:16:16.038+0000] {logging_mixin.py:150} INFO - [2025-03-24T20:16:16.037+0000] {dag.py:3504} INFO - Setting next_dagrun for example_subdag_operator to 2022-01-01T00:00:00+00:00, run_after=2022-01-01T00:00:00+00:00
[2025-03-24T20:16:16.040+0000] {logging_mixin.py:150} INFO - [2025-03-24T20:16:16.040+0000] {dag.py:3504} INFO - Setting next_dagrun for example_subdag_operator.section-1 to None, run_after=None
[2025-03-24T20:16:16.041+0000] {logging_mixin.py:150} INFO - [2025-03-24T20:16:16.041+0000] {dag.py:3504} INFO - Setting next_dagrun for example_subdag_operator.section-2 to None, run_after=None
[2025-03-24T20:16:16.048+0000] {logging_mixin.py:150} INFO - [2025-03-24T20:16:16.047+0000] {dag.py:2742} INFO - Sync 2 DAGs
[2025-03-24T20:16:16.052+0000] {logging_mixin.py:150} INFO - [2025-03-24T20:16:16.052+0000] {dag.py:3504} INFO - Setting next_dagrun for example_subdag_operator.section-1 to None, run_after=None
[2025-03-24T20:16:16.052+0000] {logging_mixin.py:150} INFO - [2025-03-24T20:16:16.052+0000] {dag.py:3504} INFO - Setting next_dagrun for example_subdag_operator.section-2 to None, run_after=None
[2025-03-24T20:16:16.067+0000] {processor.py:179} INFO - Processing /home/vscode/.local/lib/python3.10/site-packages/airflow/example_dags/example_subdag_operator.py took 0.074 seconds
[2025-03-24T20:17:03.430+0000] {processor.py:157} INFO - Started process (PID=26928) to work on /home/vscode/.local/lib/python3.10/site-packages/airflow/example_dags/example_subdag_operator.py
[2025-03-24T20:17:03.430+0000] {processor.py:826} INFO - Processing file /home/vscode/.local/lib/python3.10/site-packages/airflow/example_dags/example_subdag_operator.py for tasks to queue
[2025-03-24T20:17:03.431+0000] {logging_mixin.py:150} INFO - [2025-03-24T20:17:03.431+0000] {dagbag.py:541} INFO - Filling up the DagBag from /home/vscode/.local/lib/python3.10/site-packages/airflow/example_dags/example_subdag_operator.py
[2025-03-24T20:17:03.445+0000] {processor.py:836} INFO - DAG(s) dict_keys(['example_subdag_operator.section-1', 'example_subdag_operator.section-2', 'example_subdag_operator']) retrieved from /home/vscode/.local/lib/python3.10/site-packages/airflow/example_dags/example_subdag_operator.py
[2025-03-24T20:17:03.456+0000] {logging_mixin.py:150} INFO - [2025-03-24T20:17:03.455+0000] {dag.py:2742} INFO - Sync 3 DAGs
[2025-03-24T20:17:03.469+0000] {logging_mixin.py:150} INFO - [2025-03-24T20:17:03.469+0000] {dag.py:3504} INFO - Setting next_dagrun for example_subdag_operator to 2022-01-01T00:00:00+00:00, run_after=2022-01-01T00:00:00+00:00
[2025-03-24T20:17:03.471+0000] {logging_mixin.py:150} INFO - [2025-03-24T20:17:03.471+0000] {dag.py:3504} INFO - Setting next_dagrun for example_subdag_operator.section-1 to None, run_after=None
[2025-03-24T20:17:03.472+0000] {logging_mixin.py:150} INFO - [2025-03-24T20:17:03.472+0000] {dag.py:3504} INFO - Setting next_dagrun for example_subdag_operator.section-2 to None, run_after=None
[2025-03-24T20:17:03.476+0000] {logging_mixin.py:150} INFO - [2025-03-24T20:17:03.476+0000] {dag.py:2742} INFO - Sync 2 DAGs
[2025-03-24T20:17:03.478+0000] {logging_mixin.py:150} INFO - [2025-03-24T20:17:03.478+0000] {dag.py:3504} INFO - Setting next_dagrun for example_subdag_operator.section-1 to None, run_after=None
[2025-03-24T20:17:03.479+0000] {logging_mixin.py:150} INFO - [2025-03-24T20:17:03.479+0000] {dag.py:3504} INFO - Setting next_dagrun for example_subdag_operator.section-2 to None, run_after=None
[2025-03-24T20:17:03.489+0000] {processor.py:179} INFO - Processing /home/vscode/.local/lib/python3.10/site-packages/airflow/example_dags/example_subdag_operator.py took 0.062 seconds
[2025-03-24T20:17:48.393+0000] {processor.py:157} INFO - Started process (PID=27223) to work on /home/vscode/.local/lib/python3.10/site-packages/airflow/example_dags/example_subdag_operator.py
[2025-03-24T20:17:48.394+0000] {processor.py:826} INFO - Processing file /home/vscode/.local/lib/python3.10/site-packages/airflow/example_dags/example_subdag_operator.py for tasks to queue
[2025-03-24T20:17:48.394+0000] {logging_mixin.py:150} INFO - [2025-03-24T20:17:48.394+0000] {dagbag.py:541} INFO - Filling up the DagBag from /home/vscode/.local/lib/python3.10/site-packages/airflow/example_dags/example_subdag_operator.py
[2025-03-24T20:17:48.408+0000] {processor.py:836} INFO - DAG(s) dict_keys(['example_subdag_operator.section-1', 'example_subdag_operator.section-2', 'example_subdag_operator']) retrieved from /home/vscode/.local/lib/python3.10/site-packages/airflow/example_dags/example_subdag_operator.py
[2025-03-24T20:17:48.423+0000] {logging_mixin.py:150} INFO - [2025-03-24T20:17:48.423+0000] {dag.py:2742} INFO - Sync 3 DAGs
[2025-03-24T20:17:48.447+0000] {logging_mixin.py:150} INFO - [2025-03-24T20:17:48.447+0000] {dag.py:3504} INFO - Setting next_dagrun for example_subdag_operator to 2022-01-01T00:00:00+00:00, run_after=2022-01-01T00:00:00+00:00
[2025-03-24T20:17:48.450+0000] {logging_mixin.py:150} INFO - [2025-03-24T20:17:48.450+0000] {dag.py:3504} INFO - Setting next_dagrun for example_subdag_operator.section-1 to None, run_after=None
[2025-03-24T20:17:48.451+0000] {logging_mixin.py:150} INFO - [2025-03-24T20:17:48.451+0000] {dag.py:3504} INFO - Setting next_dagrun for example_subdag_operator.section-2 to None, run_after=None
[2025-03-24T20:17:48.459+0000] {logging_mixin.py:150} INFO - [2025-03-24T20:17:48.458+0000] {dag.py:2742} INFO - Sync 2 DAGs
[2025-03-24T20:17:48.462+0000] {logging_mixin.py:150} INFO - [2025-03-24T20:17:48.462+0000] {dag.py:3504} INFO - Setting next_dagrun for example_subdag_operator.section-1 to None, run_after=None
[2025-03-24T20:17:48.463+0000] {logging_mixin.py:150} INFO - [2025-03-24T20:17:48.463+0000] {dag.py:3504} INFO - Setting next_dagrun for example_subdag_operator.section-2 to None, run_after=None
[2025-03-24T20:17:48.482+0000] {processor.py:179} INFO - Processing /home/vscode/.local/lib/python3.10/site-packages/airflow/example_dags/example_subdag_operator.py took 0.091 seconds
[2025-03-24T20:18:31.845+0000] {processor.py:157} INFO - Started process (PID=27521) to work on /home/vscode/.local/lib/python3.10/site-packages/airflow/example_dags/example_subdag_operator.py
[2025-03-24T20:18:31.846+0000] {processor.py:826} INFO - Processing file /home/vscode/.local/lib/python3.10/site-packages/airflow/example_dags/example_subdag_operator.py for tasks to queue
[2025-03-24T20:18:31.847+0000] {logging_mixin.py:150} INFO - [2025-03-24T20:18:31.846+0000] {dagbag.py:541} INFO - Filling up the DagBag from /home/vscode/.local/lib/python3.10/site-packages/airflow/example_dags/example_subdag_operator.py
[2025-03-24T20:18:31.866+0000] {processor.py:836} INFO - DAG(s) dict_keys(['example_subdag_operator.section-1', 'example_subdag_operator.section-2', 'example_subdag_operator']) retrieved from /home/vscode/.local/lib/python3.10/site-packages/airflow/example_dags/example_subdag_operator.py
[2025-03-24T20:18:31.884+0000] {logging_mixin.py:150} INFO - [2025-03-24T20:18:31.884+0000] {dag.py:2742} INFO - Sync 3 DAGs
[2025-03-24T20:18:31.899+0000] {logging_mixin.py:150} INFO - [2025-03-24T20:18:31.898+0000] {dag.py:3504} INFO - Setting next_dagrun for example_subdag_operator to 2022-01-01T00:00:00+00:00, run_after=2022-01-01T00:00:00+00:00
[2025-03-24T20:18:31.901+0000] {logging_mixin.py:150} INFO - [2025-03-24T20:18:31.901+0000] {dag.py:3504} INFO - Setting next_dagrun for example_subdag_operator.section-1 to None, run_after=None
[2025-03-24T20:18:31.901+0000] {logging_mixin.py:150} INFO - [2025-03-24T20:18:31.901+0000] {dag.py:3504} INFO - Setting next_dagrun for example_subdag_operator.section-2 to None, run_after=None
[2025-03-24T20:18:31.905+0000] {logging_mixin.py:150} INFO - [2025-03-24T20:18:31.905+0000] {dag.py:2742} INFO - Sync 2 DAGs
[2025-03-24T20:18:31.908+0000] {logging_mixin.py:150} INFO - [2025-03-24T20:18:31.908+0000] {dag.py:3504} INFO - Setting next_dagrun for example_subdag_operator.section-1 to None, run_after=None
[2025-03-24T20:18:31.909+0000] {logging_mixin.py:150} INFO - [2025-03-24T20:18:31.908+0000] {dag.py:3504} INFO - Setting next_dagrun for example_subdag_operator.section-2 to None, run_after=None
[2025-03-24T20:18:31.918+0000] {processor.py:179} INFO - Processing /home/vscode/.local/lib/python3.10/site-packages/airflow/example_dags/example_subdag_operator.py took 0.077 seconds
[2025-03-24T20:19:12.763+0000] {processor.py:157} INFO - Started process (PID=27790) to work on /home/vscode/.local/lib/python3.10/site-packages/airflow/example_dags/example_subdag_operator.py
[2025-03-24T20:19:12.763+0000] {processor.py:826} INFO - Processing file /home/vscode/.local/lib/python3.10/site-packages/airflow/example_dags/example_subdag_operator.py for tasks to queue
[2025-03-24T20:19:12.764+0000] {logging_mixin.py:150} INFO - [2025-03-24T20:19:12.764+0000] {dagbag.py:541} INFO - Filling up the DagBag from /home/vscode/.local/lib/python3.10/site-packages/airflow/example_dags/example_subdag_operator.py
[2025-03-24T20:19:12.778+0000] {processor.py:836} INFO - DAG(s) dict_keys(['example_subdag_operator.section-1', 'example_subdag_operator.section-2', 'example_subdag_operator']) retrieved from /home/vscode/.local/lib/python3.10/site-packages/airflow/example_dags/example_subdag_operator.py
[2025-03-24T20:19:12.789+0000] {logging_mixin.py:150} INFO - [2025-03-24T20:19:12.788+0000] {dag.py:2742} INFO - Sync 3 DAGs
[2025-03-24T20:19:12.802+0000] {logging_mixin.py:150} INFO - [2025-03-24T20:19:12.802+0000] {dag.py:3504} INFO - Setting next_dagrun for example_subdag_operator to 2022-01-01T00:00:00+00:00, run_after=2022-01-01T00:00:00+00:00
[2025-03-24T20:19:12.804+0000] {logging_mixin.py:150} INFO - [2025-03-24T20:19:12.804+0000] {dag.py:3504} INFO - Setting next_dagrun for example_subdag_operator.section-1 to None, run_after=None
[2025-03-24T20:19:12.805+0000] {logging_mixin.py:150} INFO - [2025-03-24T20:19:12.805+0000] {dag.py:3504} INFO - Setting next_dagrun for example_subdag_operator.section-2 to None, run_after=None
[2025-03-24T20:19:12.810+0000] {logging_mixin.py:150} INFO - [2025-03-24T20:19:12.810+0000] {dag.py:2742} INFO - Sync 2 DAGs
[2025-03-24T20:19:12.813+0000] {logging_mixin.py:150} INFO - [2025-03-24T20:19:12.812+0000] {dag.py:3504} INFO - Setting next_dagrun for example_subdag_operator.section-1 to None, run_after=None
[2025-03-24T20:19:12.813+0000] {logging_mixin.py:150} INFO - [2025-03-24T20:19:12.813+0000] {dag.py:3504} INFO - Setting next_dagrun for example_subdag_operator.section-2 to None, run_after=None
[2025-03-24T20:19:12.823+0000] {processor.py:179} INFO - Processing /home/vscode/.local/lib/python3.10/site-packages/airflow/example_dags/example_subdag_operator.py took 0.063 seconds
[2025-03-24T20:19:57.838+0000] {processor.py:157} INFO - Started process (PID=28114) to work on /home/vscode/.local/lib/python3.10/site-packages/airflow/example_dags/example_subdag_operator.py
[2025-03-24T20:19:57.839+0000] {processor.py:826} INFO - Processing file /home/vscode/.local/lib/python3.10/site-packages/airflow/example_dags/example_subdag_operator.py for tasks to queue
[2025-03-24T20:19:57.839+0000] {logging_mixin.py:150} INFO - [2025-03-24T20:19:57.839+0000] {dagbag.py:541} INFO - Filling up the DagBag from /home/vscode/.local/lib/python3.10/site-packages/airflow/example_dags/example_subdag_operator.py
[2025-03-24T20:19:57.853+0000] {processor.py:836} INFO - DAG(s) dict_keys(['example_subdag_operator.section-1', 'example_subdag_operator.section-2', 'example_subdag_operator']) retrieved from /home/vscode/.local/lib/python3.10/site-packages/airflow/example_dags/example_subdag_operator.py
[2025-03-24T20:19:57.864+0000] {logging_mixin.py:150} INFO - [2025-03-24T20:19:57.864+0000] {dag.py:2742} INFO - Sync 3 DAGs
[2025-03-24T20:19:57.877+0000] {logging_mixin.py:150} INFO - [2025-03-24T20:19:57.877+0000] {dag.py:3504} INFO - Setting next_dagrun for example_subdag_operator to 2022-01-01T00:00:00+00:00, run_after=2022-01-01T00:00:00+00:00
[2025-03-24T20:19:57.879+0000] {logging_mixin.py:150} INFO - [2025-03-24T20:19:57.879+0000] {dag.py:3504} INFO - Setting next_dagrun for example_subdag_operator.section-1 to None, run_after=None
[2025-03-24T20:19:57.880+0000] {logging_mixin.py:150} INFO - [2025-03-24T20:19:57.880+0000] {dag.py:3504} INFO - Setting next_dagrun for example_subdag_operator.section-2 to None, run_after=None
[2025-03-24T20:19:57.884+0000] {logging_mixin.py:150} INFO - [2025-03-24T20:19:57.884+0000] {dag.py:2742} INFO - Sync 2 DAGs
[2025-03-24T20:19:57.887+0000] {logging_mixin.py:150} INFO - [2025-03-24T20:19:57.887+0000] {dag.py:3504} INFO - Setting next_dagrun for example_subdag_operator.section-1 to None, run_after=None
[2025-03-24T20:19:57.887+0000] {logging_mixin.py:150} INFO - [2025-03-24T20:19:57.887+0000] {dag.py:3504} INFO - Setting next_dagrun for example_subdag_operator.section-2 to None, run_after=None
[2025-03-24T20:19:57.897+0000] {processor.py:179} INFO - Processing /home/vscode/.local/lib/python3.10/site-packages/airflow/example_dags/example_subdag_operator.py took 0.061 seconds
[2025-03-24T20:20:47.902+0000] {processor.py:157} INFO - Started process (PID=28480) to work on /home/vscode/.local/lib/python3.10/site-packages/airflow/example_dags/example_subdag_operator.py
[2025-03-24T20:20:47.903+0000] {processor.py:826} INFO - Processing file /home/vscode/.local/lib/python3.10/site-packages/airflow/example_dags/example_subdag_operator.py for tasks to queue
[2025-03-24T20:20:47.903+0000] {logging_mixin.py:150} INFO - [2025-03-24T20:20:47.903+0000] {dagbag.py:541} INFO - Filling up the DagBag from /home/vscode/.local/lib/python3.10/site-packages/airflow/example_dags/example_subdag_operator.py
[2025-03-24T20:20:47.917+0000] {processor.py:836} INFO - DAG(s) dict_keys(['example_subdag_operator.section-1', 'example_subdag_operator.section-2', 'example_subdag_operator']) retrieved from /home/vscode/.local/lib/python3.10/site-packages/airflow/example_dags/example_subdag_operator.py
[2025-03-24T20:20:47.928+0000] {logging_mixin.py:150} INFO - [2025-03-24T20:20:47.928+0000] {dag.py:2742} INFO - Sync 3 DAGs
[2025-03-24T20:20:47.942+0000] {logging_mixin.py:150} INFO - [2025-03-24T20:20:47.942+0000] {dag.py:3504} INFO - Setting next_dagrun for example_subdag_operator to 2022-01-01T00:00:00+00:00, run_after=2022-01-01T00:00:00+00:00
[2025-03-24T20:20:47.944+0000] {logging_mixin.py:150} INFO - [2025-03-24T20:20:47.944+0000] {dag.py:3504} INFO - Setting next_dagrun for example_subdag_operator.section-1 to None, run_after=None
[2025-03-24T20:20:47.945+0000] {logging_mixin.py:150} INFO - [2025-03-24T20:20:47.944+0000] {dag.py:3504} INFO - Setting next_dagrun for example_subdag_operator.section-2 to None, run_after=None
[2025-03-24T20:20:47.949+0000] {logging_mixin.py:150} INFO - [2025-03-24T20:20:47.949+0000] {dag.py:2742} INFO - Sync 2 DAGs
[2025-03-24T20:20:47.953+0000] {logging_mixin.py:150} INFO - [2025-03-24T20:20:47.953+0000] {dag.py:3504} INFO - Setting next_dagrun for example_subdag_operator.section-1 to None, run_after=None
[2025-03-24T20:20:47.953+0000] {logging_mixin.py:150} INFO - [2025-03-24T20:20:47.953+0000] {dag.py:3504} INFO - Setting next_dagrun for example_subdag_operator.section-2 to None, run_after=None
[2025-03-24T20:20:47.963+0000] {processor.py:179} INFO - Processing /home/vscode/.local/lib/python3.10/site-packages/airflow/example_dags/example_subdag_operator.py took 0.063 seconds
[2025-03-24T20:21:34.309+0000] {processor.py:157} INFO - Started process (PID=28845) to work on /home/vscode/.local/lib/python3.10/site-packages/airflow/example_dags/example_subdag_operator.py
[2025-03-24T20:21:34.310+0000] {processor.py:826} INFO - Processing file /home/vscode/.local/lib/python3.10/site-packages/airflow/example_dags/example_subdag_operator.py for tasks to queue
[2025-03-24T20:21:34.310+0000] {logging_mixin.py:150} INFO - [2025-03-24T20:21:34.310+0000] {dagbag.py:541} INFO - Filling up the DagBag from /home/vscode/.local/lib/python3.10/site-packages/airflow/example_dags/example_subdag_operator.py
[2025-03-24T20:21:34.324+0000] {processor.py:836} INFO - DAG(s) dict_keys(['example_subdag_operator.section-1', 'example_subdag_operator.section-2', 'example_subdag_operator']) retrieved from /home/vscode/.local/lib/python3.10/site-packages/airflow/example_dags/example_subdag_operator.py
[2025-03-24T20:21:34.335+0000] {logging_mixin.py:150} INFO - [2025-03-24T20:21:34.335+0000] {dag.py:2742} INFO - Sync 3 DAGs
[2025-03-24T20:21:34.348+0000] {logging_mixin.py:150} INFO - [2025-03-24T20:21:34.348+0000] {dag.py:3504} INFO - Setting next_dagrun for example_subdag_operator to 2022-01-01T00:00:00+00:00, run_after=2022-01-01T00:00:00+00:00
[2025-03-24T20:21:34.350+0000] {logging_mixin.py:150} INFO - [2025-03-24T20:21:34.350+0000] {dag.py:3504} INFO - Setting next_dagrun for example_subdag_operator.section-1 to None, run_after=None
[2025-03-24T20:21:34.351+0000] {logging_mixin.py:150} INFO - [2025-03-24T20:21:34.351+0000] {dag.py:3504} INFO - Setting next_dagrun for example_subdag_operator.section-2 to None, run_after=None
[2025-03-24T20:21:34.356+0000] {logging_mixin.py:150} INFO - [2025-03-24T20:21:34.356+0000] {dag.py:2742} INFO - Sync 2 DAGs
[2025-03-24T20:21:34.359+0000] {logging_mixin.py:150} INFO - [2025-03-24T20:21:34.359+0000] {dag.py:3504} INFO - Setting next_dagrun for example_subdag_operator.section-1 to None, run_after=None
[2025-03-24T20:21:34.359+0000] {logging_mixin.py:150} INFO - [2025-03-24T20:21:34.359+0000] {dag.py:3504} INFO - Setting next_dagrun for example_subdag_operator.section-2 to None, run_after=None
[2025-03-24T20:21:34.369+0000] {processor.py:179} INFO - Processing /home/vscode/.local/lib/python3.10/site-packages/airflow/example_dags/example_subdag_operator.py took 0.062 seconds
[2025-03-24T20:22:19.758+0000] {processor.py:157} INFO - Started process (PID=29178) to work on /home/vscode/.local/lib/python3.10/site-packages/airflow/example_dags/example_subdag_operator.py
[2025-03-24T20:22:19.759+0000] {processor.py:826} INFO - Processing file /home/vscode/.local/lib/python3.10/site-packages/airflow/example_dags/example_subdag_operator.py for tasks to queue
[2025-03-24T20:22:19.759+0000] {logging_mixin.py:150} INFO - [2025-03-24T20:22:19.759+0000] {dagbag.py:541} INFO - Filling up the DagBag from /home/vscode/.local/lib/python3.10/site-packages/airflow/example_dags/example_subdag_operator.py
[2025-03-24T20:22:19.773+0000] {processor.py:836} INFO - DAG(s) dict_keys(['example_subdag_operator.section-1', 'example_subdag_operator.section-2', 'example_subdag_operator']) retrieved from /home/vscode/.local/lib/python3.10/site-packages/airflow/example_dags/example_subdag_operator.py
[2025-03-24T20:22:19.785+0000] {logging_mixin.py:150} INFO - [2025-03-24T20:22:19.785+0000] {dag.py:2742} INFO - Sync 3 DAGs
[2025-03-24T20:22:19.806+0000] {logging_mixin.py:150} INFO - [2025-03-24T20:22:19.805+0000] {dag.py:3504} INFO - Setting next_dagrun for example_subdag_operator to 2022-01-01T00:00:00+00:00, run_after=2022-01-01T00:00:00+00:00
[2025-03-24T20:22:19.809+0000] {logging_mixin.py:150} INFO - [2025-03-24T20:22:19.809+0000] {dag.py:3504} INFO - Setting next_dagrun for example_subdag_operator.section-1 to None, run_after=None
[2025-03-24T20:22:19.810+0000] {logging_mixin.py:150} INFO - [2025-03-24T20:22:19.810+0000] {dag.py:3504} INFO - Setting next_dagrun for example_subdag_operator.section-2 to None, run_after=None
[2025-03-24T20:22:19.816+0000] {logging_mixin.py:150} INFO - [2025-03-24T20:22:19.816+0000] {dag.py:2742} INFO - Sync 2 DAGs
[2025-03-24T20:22:19.820+0000] {logging_mixin.py:150} INFO - [2025-03-24T20:22:19.820+0000] {dag.py:3504} INFO - Setting next_dagrun for example_subdag_operator.section-1 to None, run_after=None
[2025-03-24T20:22:19.820+0000] {logging_mixin.py:150} INFO - [2025-03-24T20:22:19.820+0000] {dag.py:3504} INFO - Setting next_dagrun for example_subdag_operator.section-2 to None, run_after=None
[2025-03-24T20:22:19.832+0000] {processor.py:179} INFO - Processing /home/vscode/.local/lib/python3.10/site-packages/airflow/example_dags/example_subdag_operator.py took 0.077 seconds
[2025-03-24T20:23:04.021+0000] {processor.py:157} INFO - Started process (PID=29511) to work on /home/vscode/.local/lib/python3.10/site-packages/airflow/example_dags/example_subdag_operator.py
[2025-03-24T20:23:04.021+0000] {processor.py:826} INFO - Processing file /home/vscode/.local/lib/python3.10/site-packages/airflow/example_dags/example_subdag_operator.py for tasks to queue
[2025-03-24T20:23:04.022+0000] {logging_mixin.py:150} INFO - [2025-03-24T20:23:04.022+0000] {dagbag.py:541} INFO - Filling up the DagBag from /home/vscode/.local/lib/python3.10/site-packages/airflow/example_dags/example_subdag_operator.py
[2025-03-24T20:23:04.036+0000] {processor.py:836} INFO - DAG(s) dict_keys(['example_subdag_operator.section-1', 'example_subdag_operator.section-2', 'example_subdag_operator']) retrieved from /home/vscode/.local/lib/python3.10/site-packages/airflow/example_dags/example_subdag_operator.py
[2025-03-24T20:23:04.048+0000] {logging_mixin.py:150} INFO - [2025-03-24T20:23:04.047+0000] {dag.py:2742} INFO - Sync 3 DAGs
[2025-03-24T20:23:04.062+0000] {logging_mixin.py:150} INFO - [2025-03-24T20:23:04.062+0000] {dag.py:3504} INFO - Setting next_dagrun for example_subdag_operator to 2022-01-01T00:00:00+00:00, run_after=2022-01-01T00:00:00+00:00
[2025-03-24T20:23:04.064+0000] {logging_mixin.py:150} INFO - [2025-03-24T20:23:04.064+0000] {dag.py:3504} INFO - Setting next_dagrun for example_subdag_operator.section-1 to None, run_after=None
[2025-03-24T20:23:04.064+0000] {logging_mixin.py:150} INFO - [2025-03-24T20:23:04.064+0000] {dag.py:3504} INFO - Setting next_dagrun for example_subdag_operator.section-2 to None, run_after=None
[2025-03-24T20:23:04.069+0000] {logging_mixin.py:150} INFO - [2025-03-24T20:23:04.069+0000] {dag.py:2742} INFO - Sync 2 DAGs
[2025-03-24T20:23:04.072+0000] {logging_mixin.py:150} INFO - [2025-03-24T20:23:04.072+0000] {dag.py:3504} INFO - Setting next_dagrun for example_subdag_operator.section-1 to None, run_after=None
[2025-03-24T20:23:04.072+0000] {logging_mixin.py:150} INFO - [2025-03-24T20:23:04.072+0000] {dag.py:3504} INFO - Setting next_dagrun for example_subdag_operator.section-2 to None, run_after=None
[2025-03-24T20:23:04.082+0000] {processor.py:179} INFO - Processing /home/vscode/.local/lib/python3.10/site-packages/airflow/example_dags/example_subdag_operator.py took 0.064 seconds
[2025-03-24T20:23:47.303+0000] {processor.py:157} INFO - Started process (PID=29890) to work on /home/vscode/.local/lib/python3.10/site-packages/airflow/example_dags/example_subdag_operator.py
[2025-03-24T20:23:47.304+0000] {processor.py:826} INFO - Processing file /home/vscode/.local/lib/python3.10/site-packages/airflow/example_dags/example_subdag_operator.py for tasks to queue
[2025-03-24T20:23:47.304+0000] {logging_mixin.py:150} INFO - [2025-03-24T20:23:47.304+0000] {dagbag.py:541} INFO - Filling up the DagBag from /home/vscode/.local/lib/python3.10/site-packages/airflow/example_dags/example_subdag_operator.py
[2025-03-24T20:23:47.318+0000] {processor.py:836} INFO - DAG(s) dict_keys(['example_subdag_operator.section-1', 'example_subdag_operator.section-2', 'example_subdag_operator']) retrieved from /home/vscode/.local/lib/python3.10/site-packages/airflow/example_dags/example_subdag_operator.py
[2025-03-24T20:23:47.329+0000] {logging_mixin.py:150} INFO - [2025-03-24T20:23:47.329+0000] {dag.py:2742} INFO - Sync 3 DAGs
[2025-03-24T20:23:47.342+0000] {logging_mixin.py:150} INFO - [2025-03-24T20:23:47.342+0000] {dag.py:3504} INFO - Setting next_dagrun for example_subdag_operator to 2022-01-01T00:00:00+00:00, run_after=2022-01-01T00:00:00+00:00
[2025-03-24T20:23:47.344+0000] {logging_mixin.py:150} INFO - [2025-03-24T20:23:47.344+0000] {dag.py:3504} INFO - Setting next_dagrun for example_subdag_operator.section-1 to None, run_after=None
[2025-03-24T20:23:47.345+0000] {logging_mixin.py:150} INFO - [2025-03-24T20:23:47.345+0000] {dag.py:3504} INFO - Setting next_dagrun for example_subdag_operator.section-2 to None, run_after=None
[2025-03-24T20:23:47.349+0000] {logging_mixin.py:150} INFO - [2025-03-24T20:23:47.349+0000] {dag.py:2742} INFO - Sync 2 DAGs
[2025-03-24T20:23:47.354+0000] {logging_mixin.py:150} INFO - [2025-03-24T20:23:47.354+0000] {dag.py:3504} INFO - Setting next_dagrun for example_subdag_operator.section-1 to None, run_after=None
[2025-03-24T20:23:47.354+0000] {logging_mixin.py:150} INFO - [2025-03-24T20:23:47.354+0000] {dag.py:3504} INFO - Setting next_dagrun for example_subdag_operator.section-2 to None, run_after=None
[2025-03-24T20:23:47.364+0000] {processor.py:179} INFO - Processing /home/vscode/.local/lib/python3.10/site-packages/airflow/example_dags/example_subdag_operator.py took 0.064 seconds
[2025-03-24T20:24:34.161+0000] {processor.py:157} INFO - Started process (PID=30224) to work on /home/vscode/.local/lib/python3.10/site-packages/airflow/example_dags/example_subdag_operator.py
[2025-03-24T20:24:34.162+0000] {processor.py:826} INFO - Processing file /home/vscode/.local/lib/python3.10/site-packages/airflow/example_dags/example_subdag_operator.py for tasks to queue
[2025-03-24T20:24:34.162+0000] {logging_mixin.py:150} INFO - [2025-03-24T20:24:34.162+0000] {dagbag.py:541} INFO - Filling up the DagBag from /home/vscode/.local/lib/python3.10/site-packages/airflow/example_dags/example_subdag_operator.py
[2025-03-24T20:24:34.177+0000] {processor.py:836} INFO - DAG(s) dict_keys(['example_subdag_operator.section-1', 'example_subdag_operator.section-2', 'example_subdag_operator']) retrieved from /home/vscode/.local/lib/python3.10/site-packages/airflow/example_dags/example_subdag_operator.py
[2025-03-24T20:24:34.188+0000] {logging_mixin.py:150} INFO - [2025-03-24T20:24:34.187+0000] {dag.py:2742} INFO - Sync 3 DAGs
[2025-03-24T20:24:34.201+0000] {logging_mixin.py:150} INFO - [2025-03-24T20:24:34.201+0000] {dag.py:3504} INFO - Setting next_dagrun for example_subdag_operator to 2022-01-01T00:00:00+00:00, run_after=2022-01-01T00:00:00+00:00
[2025-03-24T20:24:34.203+0000] {logging_mixin.py:150} INFO - [2025-03-24T20:24:34.203+0000] {dag.py:3504} INFO - Setting next_dagrun for example_subdag_operator.section-1 to None, run_after=None
[2025-03-24T20:24:34.204+0000] {logging_mixin.py:150} INFO - [2025-03-24T20:24:34.204+0000] {dag.py:3504} INFO - Setting next_dagrun for example_subdag_operator.section-2 to None, run_after=None
[2025-03-24T20:24:34.208+0000] {logging_mixin.py:150} INFO - [2025-03-24T20:24:34.208+0000] {dag.py:2742} INFO - Sync 2 DAGs
[2025-03-24T20:24:34.211+0000] {logging_mixin.py:150} INFO - [2025-03-24T20:24:34.211+0000] {dag.py:3504} INFO - Setting next_dagrun for example_subdag_operator.section-1 to None, run_after=None
[2025-03-24T20:24:34.211+0000] {logging_mixin.py:150} INFO - [2025-03-24T20:24:34.211+0000] {dag.py:3504} INFO - Setting next_dagrun for example_subdag_operator.section-2 to None, run_after=None
[2025-03-24T20:24:34.223+0000] {processor.py:179} INFO - Processing /home/vscode/.local/lib/python3.10/site-packages/airflow/example_dags/example_subdag_operator.py took 0.064 seconds
[2025-03-24T20:25:18.717+0000] {processor.py:157} INFO - Started process (PID=30568) to work on /home/vscode/.local/lib/python3.10/site-packages/airflow/example_dags/example_subdag_operator.py
[2025-03-24T20:25:18.717+0000] {processor.py:826} INFO - Processing file /home/vscode/.local/lib/python3.10/site-packages/airflow/example_dags/example_subdag_operator.py for tasks to queue
[2025-03-24T20:25:18.718+0000] {logging_mixin.py:150} INFO - [2025-03-24T20:25:18.718+0000] {dagbag.py:541} INFO - Filling up the DagBag from /home/vscode/.local/lib/python3.10/site-packages/airflow/example_dags/example_subdag_operator.py
[2025-03-24T20:25:18.733+0000] {processor.py:836} INFO - DAG(s) dict_keys(['example_subdag_operator.section-1', 'example_subdag_operator.section-2', 'example_subdag_operator']) retrieved from /home/vscode/.local/lib/python3.10/site-packages/airflow/example_dags/example_subdag_operator.py
[2025-03-24T20:25:18.745+0000] {logging_mixin.py:150} INFO - [2025-03-24T20:25:18.745+0000] {dag.py:2742} INFO - Sync 3 DAGs
[2025-03-24T20:25:18.771+0000] {logging_mixin.py:150} INFO - [2025-03-24T20:25:18.771+0000] {dag.py:3504} INFO - Setting next_dagrun for example_subdag_operator to 2022-01-01T00:00:00+00:00, run_after=2022-01-01T00:00:00+00:00
[2025-03-24T20:25:18.773+0000] {logging_mixin.py:150} INFO - [2025-03-24T20:25:18.773+0000] {dag.py:3504} INFO - Setting next_dagrun for example_subdag_operator.section-1 to None, run_after=None
[2025-03-24T20:25:18.774+0000] {logging_mixin.py:150} INFO - [2025-03-24T20:25:18.774+0000] {dag.py:3504} INFO - Setting next_dagrun for example_subdag_operator.section-2 to None, run_after=None
[2025-03-24T20:25:18.778+0000] {logging_mixin.py:150} INFO - [2025-03-24T20:25:18.778+0000] {dag.py:2742} INFO - Sync 2 DAGs
[2025-03-24T20:25:18.781+0000] {logging_mixin.py:150} INFO - [2025-03-24T20:25:18.781+0000] {dag.py:3504} INFO - Setting next_dagrun for example_subdag_operator.section-1 to None, run_after=None
[2025-03-24T20:25:18.781+0000] {logging_mixin.py:150} INFO - [2025-03-24T20:25:18.781+0000] {dag.py:3504} INFO - Setting next_dagrun for example_subdag_operator.section-2 to None, run_after=None
[2025-03-24T20:25:18.793+0000] {processor.py:179} INFO - Processing /home/vscode/.local/lib/python3.10/site-packages/airflow/example_dags/example_subdag_operator.py took 0.078 seconds
[2025-03-24T20:26:02.711+0000] {processor.py:157} INFO - Started process (PID=30910) to work on /home/vscode/.local/lib/python3.10/site-packages/airflow/example_dags/example_subdag_operator.py
[2025-03-24T20:26:02.712+0000] {processor.py:826} INFO - Processing file /home/vscode/.local/lib/python3.10/site-packages/airflow/example_dags/example_subdag_operator.py for tasks to queue
[2025-03-24T20:26:02.712+0000] {logging_mixin.py:150} INFO - [2025-03-24T20:26:02.712+0000] {dagbag.py:541} INFO - Filling up the DagBag from /home/vscode/.local/lib/python3.10/site-packages/airflow/example_dags/example_subdag_operator.py
[2025-03-24T20:26:02.729+0000] {processor.py:836} INFO - DAG(s) dict_keys(['example_subdag_operator.section-1', 'example_subdag_operator.section-2', 'example_subdag_operator']) retrieved from /home/vscode/.local/lib/python3.10/site-packages/airflow/example_dags/example_subdag_operator.py
[2025-03-24T20:26:02.740+0000] {logging_mixin.py:150} INFO - [2025-03-24T20:26:02.740+0000] {dag.py:2742} INFO - Sync 3 DAGs
[2025-03-24T20:26:02.754+0000] {logging_mixin.py:150} INFO - [2025-03-24T20:26:02.753+0000] {dag.py:3504} INFO - Setting next_dagrun for example_subdag_operator to 2022-01-01T00:00:00+00:00, run_after=2022-01-01T00:00:00+00:00
[2025-03-24T20:26:02.756+0000] {logging_mixin.py:150} INFO - [2025-03-24T20:26:02.756+0000] {dag.py:3504} INFO - Setting next_dagrun for example_subdag_operator.section-1 to None, run_after=None
[2025-03-24T20:26:02.757+0000] {logging_mixin.py:150} INFO - [2025-03-24T20:26:02.757+0000] {dag.py:3504} INFO - Setting next_dagrun for example_subdag_operator.section-2 to None, run_after=None
[2025-03-24T20:26:02.763+0000] {logging_mixin.py:150} INFO - [2025-03-24T20:26:02.763+0000] {dag.py:2742} INFO - Sync 2 DAGs
[2025-03-24T20:26:02.767+0000] {logging_mixin.py:150} INFO - [2025-03-24T20:26:02.767+0000] {dag.py:3504} INFO - Setting next_dagrun for example_subdag_operator.section-1 to None, run_after=None
[2025-03-24T20:26:02.767+0000] {logging_mixin.py:150} INFO - [2025-03-24T20:26:02.767+0000] {dag.py:3504} INFO - Setting next_dagrun for example_subdag_operator.section-2 to None, run_after=None
[2025-03-24T20:26:02.806+0000] {processor.py:179} INFO - Processing /home/vscode/.local/lib/python3.10/site-packages/airflow/example_dags/example_subdag_operator.py took 0.097 seconds
[2025-03-24T20:26:48.818+0000] {processor.py:157} INFO - Started process (PID=31303) to work on /home/vscode/.local/lib/python3.10/site-packages/airflow/example_dags/example_subdag_operator.py
[2025-03-24T20:26:48.819+0000] {processor.py:826} INFO - Processing file /home/vscode/.local/lib/python3.10/site-packages/airflow/example_dags/example_subdag_operator.py for tasks to queue
[2025-03-24T20:26:48.819+0000] {logging_mixin.py:150} INFO - [2025-03-24T20:26:48.819+0000] {dagbag.py:541} INFO - Filling up the DagBag from /home/vscode/.local/lib/python3.10/site-packages/airflow/example_dags/example_subdag_operator.py
[2025-03-24T20:26:48.833+0000] {processor.py:836} INFO - DAG(s) dict_keys(['example_subdag_operator.section-1', 'example_subdag_operator.section-2', 'example_subdag_operator']) retrieved from /home/vscode/.local/lib/python3.10/site-packages/airflow/example_dags/example_subdag_operator.py
[2025-03-24T20:26:48.844+0000] {logging_mixin.py:150} INFO - [2025-03-24T20:26:48.844+0000] {dag.py:2742} INFO - Sync 3 DAGs
[2025-03-24T20:26:48.860+0000] {logging_mixin.py:150} INFO - [2025-03-24T20:26:48.859+0000] {dag.py:3504} INFO - Setting next_dagrun for example_subdag_operator to 2022-01-01T00:00:00+00:00, run_after=2022-01-01T00:00:00+00:00
[2025-03-24T20:26:48.862+0000] {logging_mixin.py:150} INFO - [2025-03-24T20:26:48.861+0000] {dag.py:3504} INFO - Setting next_dagrun for example_subdag_operator.section-1 to None, run_after=None
[2025-03-24T20:26:48.862+0000] {logging_mixin.py:150} INFO - [2025-03-24T20:26:48.862+0000] {dag.py:3504} INFO - Setting next_dagrun for example_subdag_operator.section-2 to None, run_after=None
[2025-03-24T20:26:48.866+0000] {logging_mixin.py:150} INFO - [2025-03-24T20:26:48.866+0000] {dag.py:2742} INFO - Sync 2 DAGs
[2025-03-24T20:26:48.869+0000] {logging_mixin.py:150} INFO - [2025-03-24T20:26:48.869+0000] {dag.py:3504} INFO - Setting next_dagrun for example_subdag_operator.section-1 to None, run_after=None
[2025-03-24T20:26:48.869+0000] {logging_mixin.py:150} INFO - [2025-03-24T20:26:48.869+0000] {dag.py:3504} INFO - Setting next_dagrun for example_subdag_operator.section-2 to None, run_after=None
[2025-03-24T20:26:48.879+0000] {processor.py:179} INFO - Processing /home/vscode/.local/lib/python3.10/site-packages/airflow/example_dags/example_subdag_operator.py took 0.064 seconds
[2025-03-24T20:27:32.043+0000] {processor.py:157} INFO - Started process (PID=31673) to work on /home/vscode/.local/lib/python3.10/site-packages/airflow/example_dags/example_subdag_operator.py
[2025-03-24T20:27:32.043+0000] {processor.py:826} INFO - Processing file /home/vscode/.local/lib/python3.10/site-packages/airflow/example_dags/example_subdag_operator.py for tasks to queue
[2025-03-24T20:27:32.044+0000] {logging_mixin.py:150} INFO - [2025-03-24T20:27:32.044+0000] {dagbag.py:541} INFO - Filling up the DagBag from /home/vscode/.local/lib/python3.10/site-packages/airflow/example_dags/example_subdag_operator.py
[2025-03-24T20:27:32.058+0000] {processor.py:836} INFO - DAG(s) dict_keys(['example_subdag_operator.section-1', 'example_subdag_operator.section-2', 'example_subdag_operator']) retrieved from /home/vscode/.local/lib/python3.10/site-packages/airflow/example_dags/example_subdag_operator.py
[2025-03-24T20:27:32.069+0000] {logging_mixin.py:150} INFO - [2025-03-24T20:27:32.069+0000] {dag.py:2742} INFO - Sync 3 DAGs
[2025-03-24T20:27:32.083+0000] {logging_mixin.py:150} INFO - [2025-03-24T20:27:32.083+0000] {dag.py:3504} INFO - Setting next_dagrun for example_subdag_operator to 2022-01-01T00:00:00+00:00, run_after=2022-01-01T00:00:00+00:00
[2025-03-24T20:27:32.085+0000] {logging_mixin.py:150} INFO - [2025-03-24T20:27:32.085+0000] {dag.py:3504} INFO - Setting next_dagrun for example_subdag_operator.section-1 to None, run_after=None
[2025-03-24T20:27:32.086+0000] {logging_mixin.py:150} INFO - [2025-03-24T20:27:32.086+0000] {dag.py:3504} INFO - Setting next_dagrun for example_subdag_operator.section-2 to None, run_after=None
[2025-03-24T20:27:32.091+0000] {logging_mixin.py:150} INFO - [2025-03-24T20:27:32.091+0000] {dag.py:2742} INFO - Sync 2 DAGs
[2025-03-24T20:27:32.094+0000] {logging_mixin.py:150} INFO - [2025-03-24T20:27:32.094+0000] {dag.py:3504} INFO - Setting next_dagrun for example_subdag_operator.section-1 to None, run_after=None
[2025-03-24T20:27:32.094+0000] {logging_mixin.py:150} INFO - [2025-03-24T20:27:32.094+0000] {dag.py:3504} INFO - Setting next_dagrun for example_subdag_operator.section-2 to None, run_after=None
[2025-03-24T20:27:32.109+0000] {processor.py:179} INFO - Processing /home/vscode/.local/lib/python3.10/site-packages/airflow/example_dags/example_subdag_operator.py took 0.068 seconds
[2025-03-24T20:28:18.445+0000] {processor.py:157} INFO - Started process (PID=32025) to work on /home/vscode/.local/lib/python3.10/site-packages/airflow/example_dags/example_subdag_operator.py
[2025-03-24T20:28:18.446+0000] {processor.py:826} INFO - Processing file /home/vscode/.local/lib/python3.10/site-packages/airflow/example_dags/example_subdag_operator.py for tasks to queue
[2025-03-24T20:28:18.446+0000] {logging_mixin.py:150} INFO - [2025-03-24T20:28:18.446+0000] {dagbag.py:541} INFO - Filling up the DagBag from /home/vscode/.local/lib/python3.10/site-packages/airflow/example_dags/example_subdag_operator.py
[2025-03-24T20:28:18.460+0000] {processor.py:836} INFO - DAG(s) dict_keys(['example_subdag_operator.section-1', 'example_subdag_operator.section-2', 'example_subdag_operator']) retrieved from /home/vscode/.local/lib/python3.10/site-packages/airflow/example_dags/example_subdag_operator.py
[2025-03-24T20:28:18.471+0000] {logging_mixin.py:150} INFO - [2025-03-24T20:28:18.471+0000] {dag.py:2742} INFO - Sync 3 DAGs
[2025-03-24T20:28:18.485+0000] {logging_mixin.py:150} INFO - [2025-03-24T20:28:18.485+0000] {dag.py:3504} INFO - Setting next_dagrun for example_subdag_operator to 2022-01-01T00:00:00+00:00, run_after=2022-01-01T00:00:00+00:00
[2025-03-24T20:28:18.487+0000] {logging_mixin.py:150} INFO - [2025-03-24T20:28:18.487+0000] {dag.py:3504} INFO - Setting next_dagrun for example_subdag_operator.section-1 to None, run_after=None
[2025-03-24T20:28:18.487+0000] {logging_mixin.py:150} INFO - [2025-03-24T20:28:18.487+0000] {dag.py:3504} INFO - Setting next_dagrun for example_subdag_operator.section-2 to None, run_after=None
[2025-03-24T20:28:18.491+0000] {logging_mixin.py:150} INFO - [2025-03-24T20:28:18.491+0000] {dag.py:2742} INFO - Sync 2 DAGs
[2025-03-24T20:28:18.494+0000] {logging_mixin.py:150} INFO - [2025-03-24T20:28:18.494+0000] {dag.py:3504} INFO - Setting next_dagrun for example_subdag_operator.section-1 to None, run_after=None
[2025-03-24T20:28:18.494+0000] {logging_mixin.py:150} INFO - [2025-03-24T20:28:18.494+0000] {dag.py:3504} INFO - Setting next_dagrun for example_subdag_operator.section-2 to None, run_after=None
[2025-03-24T20:28:18.505+0000] {processor.py:179} INFO - Processing /home/vscode/.local/lib/python3.10/site-packages/airflow/example_dags/example_subdag_operator.py took 0.062 seconds
[2025-03-24T20:29:01.102+0000] {processor.py:157} INFO - Started process (PID=32346) to work on /home/vscode/.local/lib/python3.10/site-packages/airflow/example_dags/example_subdag_operator.py
[2025-03-24T20:29:01.103+0000] {processor.py:826} INFO - Processing file /home/vscode/.local/lib/python3.10/site-packages/airflow/example_dags/example_subdag_operator.py for tasks to queue
[2025-03-24T20:29:01.103+0000] {logging_mixin.py:150} INFO - [2025-03-24T20:29:01.103+0000] {dagbag.py:541} INFO - Filling up the DagBag from /home/vscode/.local/lib/python3.10/site-packages/airflow/example_dags/example_subdag_operator.py
[2025-03-24T20:29:01.118+0000] {processor.py:836} INFO - DAG(s) dict_keys(['example_subdag_operator.section-1', 'example_subdag_operator.section-2', 'example_subdag_operator']) retrieved from /home/vscode/.local/lib/python3.10/site-packages/airflow/example_dags/example_subdag_operator.py
[2025-03-24T20:29:01.128+0000] {logging_mixin.py:150} INFO - [2025-03-24T20:29:01.128+0000] {dag.py:2742} INFO - Sync 3 DAGs
[2025-03-24T20:29:01.142+0000] {logging_mixin.py:150} INFO - [2025-03-24T20:29:01.142+0000] {dag.py:3504} INFO - Setting next_dagrun for example_subdag_operator to 2022-01-01T00:00:00+00:00, run_after=2022-01-01T00:00:00+00:00
[2025-03-24T20:29:01.144+0000] {logging_mixin.py:150} INFO - [2025-03-24T20:29:01.144+0000] {dag.py:3504} INFO - Setting next_dagrun for example_subdag_operator.section-1 to None, run_after=None
[2025-03-24T20:29:01.145+0000] {logging_mixin.py:150} INFO - [2025-03-24T20:29:01.145+0000] {dag.py:3504} INFO - Setting next_dagrun for example_subdag_operator.section-2 to None, run_after=None
[2025-03-24T20:29:01.149+0000] {logging_mixin.py:150} INFO - [2025-03-24T20:29:01.149+0000] {dag.py:2742} INFO - Sync 2 DAGs
[2025-03-24T20:29:01.152+0000] {logging_mixin.py:150} INFO - [2025-03-24T20:29:01.152+0000] {dag.py:3504} INFO - Setting next_dagrun for example_subdag_operator.section-1 to None, run_after=None
[2025-03-24T20:29:01.152+0000] {logging_mixin.py:150} INFO - [2025-03-24T20:29:01.152+0000] {dag.py:3504} INFO - Setting next_dagrun for example_subdag_operator.section-2 to None, run_after=None
[2025-03-24T20:29:01.165+0000] {processor.py:179} INFO - Processing /home/vscode/.local/lib/python3.10/site-packages/airflow/example_dags/example_subdag_operator.py took 0.065 seconds
[2025-03-24T20:29:46.521+0000] {processor.py:157} INFO - Started process (PID=32653) to work on /home/vscode/.local/lib/python3.10/site-packages/airflow/example_dags/example_subdag_operator.py
[2025-03-24T20:29:46.522+0000] {processor.py:826} INFO - Processing file /home/vscode/.local/lib/python3.10/site-packages/airflow/example_dags/example_subdag_operator.py for tasks to queue
[2025-03-24T20:29:46.523+0000] {logging_mixin.py:150} INFO - [2025-03-24T20:29:46.522+0000] {dagbag.py:541} INFO - Filling up the DagBag from /home/vscode/.local/lib/python3.10/site-packages/airflow/example_dags/example_subdag_operator.py
[2025-03-24T20:29:46.537+0000] {processor.py:836} INFO - DAG(s) dict_keys(['example_subdag_operator.section-1', 'example_subdag_operator.section-2', 'example_subdag_operator']) retrieved from /home/vscode/.local/lib/python3.10/site-packages/airflow/example_dags/example_subdag_operator.py
[2025-03-24T20:29:46.548+0000] {logging_mixin.py:150} INFO - [2025-03-24T20:29:46.548+0000] {dag.py:2742} INFO - Sync 3 DAGs
[2025-03-24T20:29:46.563+0000] {logging_mixin.py:150} INFO - [2025-03-24T20:29:46.563+0000] {dag.py:3504} INFO - Setting next_dagrun for example_subdag_operator to 2022-01-01T00:00:00+00:00, run_after=2022-01-01T00:00:00+00:00
[2025-03-24T20:29:46.565+0000] {logging_mixin.py:150} INFO - [2025-03-24T20:29:46.565+0000] {dag.py:3504} INFO - Setting next_dagrun for example_subdag_operator.section-1 to None, run_after=None
[2025-03-24T20:29:46.565+0000] {logging_mixin.py:150} INFO - [2025-03-24T20:29:46.565+0000] {dag.py:3504} INFO - Setting next_dagrun for example_subdag_operator.section-2 to None, run_after=None
[2025-03-24T20:29:46.570+0000] {logging_mixin.py:150} INFO - [2025-03-24T20:29:46.570+0000] {dag.py:2742} INFO - Sync 2 DAGs
[2025-03-24T20:29:46.573+0000] {logging_mixin.py:150} INFO - [2025-03-24T20:29:46.573+0000] {dag.py:3504} INFO - Setting next_dagrun for example_subdag_operator.section-1 to None, run_after=None
[2025-03-24T20:29:46.573+0000] {logging_mixin.py:150} INFO - [2025-03-24T20:29:46.573+0000] {dag.py:3504} INFO - Setting next_dagrun for example_subdag_operator.section-2 to None, run_after=None
[2025-03-24T20:29:46.584+0000] {processor.py:179} INFO - Processing /home/vscode/.local/lib/python3.10/site-packages/airflow/example_dags/example_subdag_operator.py took 0.065 seconds
[2025-03-24T20:30:29.642+0000] {processor.py:157} INFO - Started process (PID=32950) to work on /home/vscode/.local/lib/python3.10/site-packages/airflow/example_dags/example_subdag_operator.py
[2025-03-24T20:30:29.643+0000] {processor.py:826} INFO - Processing file /home/vscode/.local/lib/python3.10/site-packages/airflow/example_dags/example_subdag_operator.py for tasks to queue
[2025-03-24T20:30:29.643+0000] {logging_mixin.py:150} INFO - [2025-03-24T20:30:29.643+0000] {dagbag.py:541} INFO - Filling up the DagBag from /home/vscode/.local/lib/python3.10/site-packages/airflow/example_dags/example_subdag_operator.py
[2025-03-24T20:30:29.657+0000] {processor.py:836} INFO - DAG(s) dict_keys(['example_subdag_operator.section-1', 'example_subdag_operator.section-2', 'example_subdag_operator']) retrieved from /home/vscode/.local/lib/python3.10/site-packages/airflow/example_dags/example_subdag_operator.py
[2025-03-24T20:30:29.669+0000] {logging_mixin.py:150} INFO - [2025-03-24T20:30:29.669+0000] {dag.py:2742} INFO - Sync 3 DAGs
[2025-03-24T20:30:29.689+0000] {logging_mixin.py:150} INFO - [2025-03-24T20:30:29.689+0000] {dag.py:3504} INFO - Setting next_dagrun for example_subdag_operator to 2022-01-01T00:00:00+00:00, run_after=2022-01-01T00:00:00+00:00
[2025-03-24T20:30:29.692+0000] {logging_mixin.py:150} INFO - [2025-03-24T20:30:29.692+0000] {dag.py:3504} INFO - Setting next_dagrun for example_subdag_operator.section-1 to None, run_after=None
[2025-03-24T20:30:29.693+0000] {logging_mixin.py:150} INFO - [2025-03-24T20:30:29.693+0000] {dag.py:3504} INFO - Setting next_dagrun for example_subdag_operator.section-2 to None, run_after=None
[2025-03-24T20:30:29.699+0000] {logging_mixin.py:150} INFO - [2025-03-24T20:30:29.699+0000] {dag.py:2742} INFO - Sync 2 DAGs
[2025-03-24T20:30:29.704+0000] {logging_mixin.py:150} INFO - [2025-03-24T20:30:29.704+0000] {dag.py:3504} INFO - Setting next_dagrun for example_subdag_operator.section-1 to None, run_after=None
[2025-03-24T20:30:29.704+0000] {logging_mixin.py:150} INFO - [2025-03-24T20:30:29.704+0000] {dag.py:3504} INFO - Setting next_dagrun for example_subdag_operator.section-2 to None, run_after=None
[2025-03-24T20:30:29.717+0000] {processor.py:179} INFO - Processing /home/vscode/.local/lib/python3.10/site-packages/airflow/example_dags/example_subdag_operator.py took 0.078 seconds
[2025-03-24T20:31:14.401+0000] {processor.py:157} INFO - Started process (PID=33253) to work on /home/vscode/.local/lib/python3.10/site-packages/airflow/example_dags/example_subdag_operator.py
[2025-03-24T20:31:14.402+0000] {processor.py:826} INFO - Processing file /home/vscode/.local/lib/python3.10/site-packages/airflow/example_dags/example_subdag_operator.py for tasks to queue
[2025-03-24T20:31:14.403+0000] {logging_mixin.py:150} INFO - [2025-03-24T20:31:14.402+0000] {dagbag.py:541} INFO - Filling up the DagBag from /home/vscode/.local/lib/python3.10/site-packages/airflow/example_dags/example_subdag_operator.py
[2025-03-24T20:31:14.418+0000] {processor.py:836} INFO - DAG(s) dict_keys(['example_subdag_operator.section-1', 'example_subdag_operator.section-2', 'example_subdag_operator']) retrieved from /home/vscode/.local/lib/python3.10/site-packages/airflow/example_dags/example_subdag_operator.py
[2025-03-24T20:31:14.429+0000] {logging_mixin.py:150} INFO - [2025-03-24T20:31:14.429+0000] {dag.py:2742} INFO - Sync 3 DAGs
[2025-03-24T20:31:14.443+0000] {logging_mixin.py:150} INFO - [2025-03-24T20:31:14.442+0000] {dag.py:3504} INFO - Setting next_dagrun for example_subdag_operator to 2022-01-01T00:00:00+00:00, run_after=2022-01-01T00:00:00+00:00
[2025-03-24T20:31:14.445+0000] {logging_mixin.py:150} INFO - [2025-03-24T20:31:14.445+0000] {dag.py:3504} INFO - Setting next_dagrun for example_subdag_operator.section-1 to None, run_after=None
[2025-03-24T20:31:14.445+0000] {logging_mixin.py:150} INFO - [2025-03-24T20:31:14.445+0000] {dag.py:3504} INFO - Setting next_dagrun for example_subdag_operator.section-2 to None, run_after=None
[2025-03-24T20:31:14.450+0000] {logging_mixin.py:150} INFO - [2025-03-24T20:31:14.450+0000] {dag.py:2742} INFO - Sync 2 DAGs
[2025-03-24T20:31:14.453+0000] {logging_mixin.py:150} INFO - [2025-03-24T20:31:14.453+0000] {dag.py:3504} INFO - Setting next_dagrun for example_subdag_operator.section-1 to None, run_after=None
[2025-03-24T20:31:14.453+0000] {logging_mixin.py:150} INFO - [2025-03-24T20:31:14.453+0000] {dag.py:3504} INFO - Setting next_dagrun for example_subdag_operator.section-2 to None, run_after=None
[2025-03-24T20:31:14.464+0000] {processor.py:179} INFO - Processing /home/vscode/.local/lib/python3.10/site-packages/airflow/example_dags/example_subdag_operator.py took 0.065 seconds
[2025-03-24T20:31:55.542+0000] {processor.py:157} INFO - Started process (PID=33530) to work on /home/vscode/.local/lib/python3.10/site-packages/airflow/example_dags/example_subdag_operator.py
[2025-03-24T20:31:55.543+0000] {processor.py:826} INFO - Processing file /home/vscode/.local/lib/python3.10/site-packages/airflow/example_dags/example_subdag_operator.py for tasks to queue
[2025-03-24T20:31:55.544+0000] {logging_mixin.py:150} INFO - [2025-03-24T20:31:55.543+0000] {dagbag.py:541} INFO - Filling up the DagBag from /home/vscode/.local/lib/python3.10/site-packages/airflow/example_dags/example_subdag_operator.py
[2025-03-24T20:31:55.558+0000] {processor.py:836} INFO - DAG(s) dict_keys(['example_subdag_operator.section-1', 'example_subdag_operator.section-2', 'example_subdag_operator']) retrieved from /home/vscode/.local/lib/python3.10/site-packages/airflow/example_dags/example_subdag_operator.py
[2025-03-24T20:31:55.570+0000] {logging_mixin.py:150} INFO - [2025-03-24T20:31:55.570+0000] {dag.py:2742} INFO - Sync 3 DAGs
[2025-03-24T20:31:55.590+0000] {logging_mixin.py:150} INFO - [2025-03-24T20:31:55.590+0000] {dag.py:3504} INFO - Setting next_dagrun for example_subdag_operator to 2022-01-01T00:00:00+00:00, run_after=2022-01-01T00:00:00+00:00
[2025-03-24T20:31:55.593+0000] {logging_mixin.py:150} INFO - [2025-03-24T20:31:55.593+0000] {dag.py:3504} INFO - Setting next_dagrun for example_subdag_operator.section-1 to None, run_after=None
[2025-03-24T20:31:55.594+0000] {logging_mixin.py:150} INFO - [2025-03-24T20:31:55.594+0000] {dag.py:3504} INFO - Setting next_dagrun for example_subdag_operator.section-2 to None, run_after=None
[2025-03-24T20:31:55.600+0000] {logging_mixin.py:150} INFO - [2025-03-24T20:31:55.600+0000] {dag.py:2742} INFO - Sync 2 DAGs
[2025-03-24T20:31:55.605+0000] {logging_mixin.py:150} INFO - [2025-03-24T20:31:55.605+0000] {dag.py:3504} INFO - Setting next_dagrun for example_subdag_operator.section-1 to None, run_after=None
[2025-03-24T20:31:55.605+0000] {logging_mixin.py:150} INFO - [2025-03-24T20:31:55.605+0000] {dag.py:3504} INFO - Setting next_dagrun for example_subdag_operator.section-2 to None, run_after=None
[2025-03-24T20:31:55.620+0000] {processor.py:179} INFO - Processing /home/vscode/.local/lib/python3.10/site-packages/airflow/example_dags/example_subdag_operator.py took 0.080 seconds
[2025-03-24T20:32:39.309+0000] {processor.py:157} INFO - Started process (PID=33828) to work on /home/vscode/.local/lib/python3.10/site-packages/airflow/example_dags/example_subdag_operator.py
[2025-03-24T20:32:39.309+0000] {processor.py:826} INFO - Processing file /home/vscode/.local/lib/python3.10/site-packages/airflow/example_dags/example_subdag_operator.py for tasks to queue
[2025-03-24T20:32:39.310+0000] {logging_mixin.py:150} INFO - [2025-03-24T20:32:39.310+0000] {dagbag.py:541} INFO - Filling up the DagBag from /home/vscode/.local/lib/python3.10/site-packages/airflow/example_dags/example_subdag_operator.py
[2025-03-24T20:32:39.324+0000] {processor.py:836} INFO - DAG(s) dict_keys(['example_subdag_operator.section-1', 'example_subdag_operator.section-2', 'example_subdag_operator']) retrieved from /home/vscode/.local/lib/python3.10/site-packages/airflow/example_dags/example_subdag_operator.py
[2025-03-24T20:32:39.335+0000] {logging_mixin.py:150} INFO - [2025-03-24T20:32:39.335+0000] {dag.py:2742} INFO - Sync 3 DAGs
[2025-03-24T20:32:39.350+0000] {logging_mixin.py:150} INFO - [2025-03-24T20:32:39.350+0000] {dag.py:3504} INFO - Setting next_dagrun for example_subdag_operator to 2022-01-01T00:00:00+00:00, run_after=2022-01-01T00:00:00+00:00
[2025-03-24T20:32:39.352+0000] {logging_mixin.py:150} INFO - [2025-03-24T20:32:39.352+0000] {dag.py:3504} INFO - Setting next_dagrun for example_subdag_operator.section-1 to None, run_after=None
[2025-03-24T20:32:39.353+0000] {logging_mixin.py:150} INFO - [2025-03-24T20:32:39.352+0000] {dag.py:3504} INFO - Setting next_dagrun for example_subdag_operator.section-2 to None, run_after=None
[2025-03-24T20:32:39.357+0000] {logging_mixin.py:150} INFO - [2025-03-24T20:32:39.357+0000] {dag.py:2742} INFO - Sync 2 DAGs
[2025-03-24T20:32:39.360+0000] {logging_mixin.py:150} INFO - [2025-03-24T20:32:39.360+0000] {dag.py:3504} INFO - Setting next_dagrun for example_subdag_operator.section-1 to None, run_after=None
[2025-03-24T20:32:39.360+0000] {logging_mixin.py:150} INFO - [2025-03-24T20:32:39.360+0000] {dag.py:3504} INFO - Setting next_dagrun for example_subdag_operator.section-2 to None, run_after=None
[2025-03-24T20:32:39.370+0000] {processor.py:179} INFO - Processing /home/vscode/.local/lib/python3.10/site-packages/airflow/example_dags/example_subdag_operator.py took 0.064 seconds
[2025-03-24T20:33:28.275+0000] {processor.py:157} INFO - Started process (PID=34259) to work on /home/vscode/.local/lib/python3.10/site-packages/airflow/example_dags/example_subdag_operator.py
[2025-03-24T20:33:28.276+0000] {processor.py:826} INFO - Processing file /home/vscode/.local/lib/python3.10/site-packages/airflow/example_dags/example_subdag_operator.py for tasks to queue
[2025-03-24T20:33:28.276+0000] {logging_mixin.py:150} INFO - [2025-03-24T20:33:28.276+0000] {dagbag.py:541} INFO - Filling up the DagBag from /home/vscode/.local/lib/python3.10/site-packages/airflow/example_dags/example_subdag_operator.py
[2025-03-24T20:33:28.290+0000] {processor.py:836} INFO - DAG(s) dict_keys(['example_subdag_operator.section-1', 'example_subdag_operator.section-2', 'example_subdag_operator']) retrieved from /home/vscode/.local/lib/python3.10/site-packages/airflow/example_dags/example_subdag_operator.py
[2025-03-24T20:33:28.301+0000] {logging_mixin.py:150} INFO - [2025-03-24T20:33:28.301+0000] {dag.py:2742} INFO - Sync 3 DAGs
[2025-03-24T20:33:28.315+0000] {logging_mixin.py:150} INFO - [2025-03-24T20:33:28.315+0000] {dag.py:3504} INFO - Setting next_dagrun for example_subdag_operator to 2022-01-01T00:00:00+00:00, run_after=2022-01-01T00:00:00+00:00
[2025-03-24T20:33:28.317+0000] {logging_mixin.py:150} INFO - [2025-03-24T20:33:28.317+0000] {dag.py:3504} INFO - Setting next_dagrun for example_subdag_operator.section-1 to None, run_after=None
[2025-03-24T20:33:28.317+0000] {logging_mixin.py:150} INFO - [2025-03-24T20:33:28.317+0000] {dag.py:3504} INFO - Setting next_dagrun for example_subdag_operator.section-2 to None, run_after=None
[2025-03-24T20:33:28.322+0000] {logging_mixin.py:150} INFO - [2025-03-24T20:33:28.322+0000] {dag.py:2742} INFO - Sync 2 DAGs
[2025-03-24T20:33:28.325+0000] {logging_mixin.py:150} INFO - [2025-03-24T20:33:28.325+0000] {dag.py:3504} INFO - Setting next_dagrun for example_subdag_operator.section-1 to None, run_after=None
[2025-03-24T20:33:28.325+0000] {logging_mixin.py:150} INFO - [2025-03-24T20:33:28.325+0000] {dag.py:3504} INFO - Setting next_dagrun for example_subdag_operator.section-2 to None, run_after=None
[2025-03-24T20:33:28.335+0000] {processor.py:179} INFO - Processing /home/vscode/.local/lib/python3.10/site-packages/airflow/example_dags/example_subdag_operator.py took 0.062 seconds
[2025-03-24T20:34:16.379+0000] {processor.py:157} INFO - Started process (PID=34576) to work on /home/vscode/.local/lib/python3.10/site-packages/airflow/example_dags/example_subdag_operator.py
[2025-03-24T20:34:16.380+0000] {processor.py:826} INFO - Processing file /home/vscode/.local/lib/python3.10/site-packages/airflow/example_dags/example_subdag_operator.py for tasks to queue
[2025-03-24T20:34:16.380+0000] {logging_mixin.py:150} INFO - [2025-03-24T20:34:16.380+0000] {dagbag.py:541} INFO - Filling up the DagBag from /home/vscode/.local/lib/python3.10/site-packages/airflow/example_dags/example_subdag_operator.py
[2025-03-24T20:34:16.394+0000] {processor.py:836} INFO - DAG(s) dict_keys(['example_subdag_operator.section-1', 'example_subdag_operator.section-2', 'example_subdag_operator']) retrieved from /home/vscode/.local/lib/python3.10/site-packages/airflow/example_dags/example_subdag_operator.py
[2025-03-24T20:34:16.405+0000] {logging_mixin.py:150} INFO - [2025-03-24T20:34:16.405+0000] {dag.py:2742} INFO - Sync 3 DAGs
[2025-03-24T20:34:16.418+0000] {logging_mixin.py:150} INFO - [2025-03-24T20:34:16.418+0000] {dag.py:3504} INFO - Setting next_dagrun for example_subdag_operator to 2022-01-01T00:00:00+00:00, run_after=2022-01-01T00:00:00+00:00
[2025-03-24T20:34:16.420+0000] {logging_mixin.py:150} INFO - [2025-03-24T20:34:16.420+0000] {dag.py:3504} INFO - Setting next_dagrun for example_subdag_operator.section-1 to None, run_after=None
[2025-03-24T20:34:16.421+0000] {logging_mixin.py:150} INFO - [2025-03-24T20:34:16.421+0000] {dag.py:3504} INFO - Setting next_dagrun for example_subdag_operator.section-2 to None, run_after=None
[2025-03-24T20:34:16.425+0000] {logging_mixin.py:150} INFO - [2025-03-24T20:34:16.425+0000] {dag.py:2742} INFO - Sync 2 DAGs
[2025-03-24T20:34:16.428+0000] {logging_mixin.py:150} INFO - [2025-03-24T20:34:16.428+0000] {dag.py:3504} INFO - Setting next_dagrun for example_subdag_operator.section-1 to None, run_after=None
[2025-03-24T20:34:16.428+0000] {logging_mixin.py:150} INFO - [2025-03-24T20:34:16.428+0000] {dag.py:3504} INFO - Setting next_dagrun for example_subdag_operator.section-2 to None, run_after=None
[2025-03-24T20:34:16.439+0000] {processor.py:179} INFO - Processing /home/vscode/.local/lib/python3.10/site-packages/airflow/example_dags/example_subdag_operator.py took 0.062 seconds
[2025-03-24T20:35:00.374+0000] {processor.py:157} INFO - Started process (PID=34870) to work on /home/vscode/.local/lib/python3.10/site-packages/airflow/example_dags/example_subdag_operator.py
[2025-03-24T20:35:00.375+0000] {processor.py:826} INFO - Processing file /home/vscode/.local/lib/python3.10/site-packages/airflow/example_dags/example_subdag_operator.py for tasks to queue
[2025-03-24T20:35:00.376+0000] {logging_mixin.py:150} INFO - [2025-03-24T20:35:00.375+0000] {dagbag.py:541} INFO - Filling up the DagBag from /home/vscode/.local/lib/python3.10/site-packages/airflow/example_dags/example_subdag_operator.py
[2025-03-24T20:35:00.390+0000] {processor.py:836} INFO - DAG(s) dict_keys(['example_subdag_operator.section-1', 'example_subdag_operator.section-2', 'example_subdag_operator']) retrieved from /home/vscode/.local/lib/python3.10/site-packages/airflow/example_dags/example_subdag_operator.py
[2025-03-24T20:35:00.401+0000] {logging_mixin.py:150} INFO - [2025-03-24T20:35:00.401+0000] {dag.py:2742} INFO - Sync 3 DAGs
[2025-03-24T20:35:00.414+0000] {logging_mixin.py:150} INFO - [2025-03-24T20:35:00.414+0000] {dag.py:3504} INFO - Setting next_dagrun for example_subdag_operator to 2022-01-01T00:00:00+00:00, run_after=2022-01-01T00:00:00+00:00
[2025-03-24T20:35:00.416+0000] {logging_mixin.py:150} INFO - [2025-03-24T20:35:00.416+0000] {dag.py:3504} INFO - Setting next_dagrun for example_subdag_operator.section-1 to None, run_after=None
[2025-03-24T20:35:00.417+0000] {logging_mixin.py:150} INFO - [2025-03-24T20:35:00.417+0000] {dag.py:3504} INFO - Setting next_dagrun for example_subdag_operator.section-2 to None, run_after=None
[2025-03-24T20:35:00.421+0000] {logging_mixin.py:150} INFO - [2025-03-24T20:35:00.421+0000] {dag.py:2742} INFO - Sync 2 DAGs
[2025-03-24T20:35:00.424+0000] {logging_mixin.py:150} INFO - [2025-03-24T20:35:00.424+0000] {dag.py:3504} INFO - Setting next_dagrun for example_subdag_operator.section-1 to None, run_after=None
[2025-03-24T20:35:00.424+0000] {logging_mixin.py:150} INFO - [2025-03-24T20:35:00.424+0000] {dag.py:3504} INFO - Setting next_dagrun for example_subdag_operator.section-2 to None, run_after=None
[2025-03-24T20:35:00.435+0000] {processor.py:179} INFO - Processing /home/vscode/.local/lib/python3.10/site-packages/airflow/example_dags/example_subdag_operator.py took 0.062 seconds
[2025-03-24T20:35:46.773+0000] {processor.py:157} INFO - Started process (PID=35178) to work on /home/vscode/.local/lib/python3.10/site-packages/airflow/example_dags/example_subdag_operator.py
[2025-03-24T20:35:46.773+0000] {processor.py:826} INFO - Processing file /home/vscode/.local/lib/python3.10/site-packages/airflow/example_dags/example_subdag_operator.py for tasks to queue
[2025-03-24T20:35:46.774+0000] {logging_mixin.py:150} INFO - [2025-03-24T20:35:46.774+0000] {dagbag.py:541} INFO - Filling up the DagBag from /home/vscode/.local/lib/python3.10/site-packages/airflow/example_dags/example_subdag_operator.py
[2025-03-24T20:35:46.789+0000] {processor.py:836} INFO - DAG(s) dict_keys(['example_subdag_operator.section-1', 'example_subdag_operator.section-2', 'example_subdag_operator']) retrieved from /home/vscode/.local/lib/python3.10/site-packages/airflow/example_dags/example_subdag_operator.py
[2025-03-24T20:35:46.800+0000] {logging_mixin.py:150} INFO - [2025-03-24T20:35:46.800+0000] {dag.py:2742} INFO - Sync 3 DAGs
[2025-03-24T20:35:46.814+0000] {logging_mixin.py:150} INFO - [2025-03-24T20:35:46.814+0000] {dag.py:3504} INFO - Setting next_dagrun for example_subdag_operator to 2022-01-01T00:00:00+00:00, run_after=2022-01-01T00:00:00+00:00
[2025-03-24T20:35:46.816+0000] {logging_mixin.py:150} INFO - [2025-03-24T20:35:46.816+0000] {dag.py:3504} INFO - Setting next_dagrun for example_subdag_operator.section-1 to None, run_after=None
[2025-03-24T20:35:46.817+0000] {logging_mixin.py:150} INFO - [2025-03-24T20:35:46.817+0000] {dag.py:3504} INFO - Setting next_dagrun for example_subdag_operator.section-2 to None, run_after=None
[2025-03-24T20:35:46.821+0000] {logging_mixin.py:150} INFO - [2025-03-24T20:35:46.821+0000] {dag.py:2742} INFO - Sync 2 DAGs
[2025-03-24T20:35:46.824+0000] {logging_mixin.py:150} INFO - [2025-03-24T20:35:46.824+0000] {dag.py:3504} INFO - Setting next_dagrun for example_subdag_operator.section-1 to None, run_after=None
[2025-03-24T20:35:46.824+0000] {logging_mixin.py:150} INFO - [2025-03-24T20:35:46.824+0000] {dag.py:3504} INFO - Setting next_dagrun for example_subdag_operator.section-2 to None, run_after=None
[2025-03-24T20:35:46.835+0000] {processor.py:179} INFO - Processing /home/vscode/.local/lib/python3.10/site-packages/airflow/example_dags/example_subdag_operator.py took 0.064 seconds
[2025-03-24T20:36:29.326+0000] {processor.py:157} INFO - Started process (PID=35469) to work on /home/vscode/.local/lib/python3.10/site-packages/airflow/example_dags/example_subdag_operator.py
[2025-03-24T20:36:29.327+0000] {processor.py:826} INFO - Processing file /home/vscode/.local/lib/python3.10/site-packages/airflow/example_dags/example_subdag_operator.py for tasks to queue
[2025-03-24T20:36:29.328+0000] {logging_mixin.py:150} INFO - [2025-03-24T20:36:29.328+0000] {dagbag.py:541} INFO - Filling up the DagBag from /home/vscode/.local/lib/python3.10/site-packages/airflow/example_dags/example_subdag_operator.py
[2025-03-24T20:36:29.348+0000] {processor.py:836} INFO - DAG(s) dict_keys(['example_subdag_operator.section-1', 'example_subdag_operator.section-2', 'example_subdag_operator']) retrieved from /home/vscode/.local/lib/python3.10/site-packages/airflow/example_dags/example_subdag_operator.py
[2025-03-24T20:36:29.365+0000] {logging_mixin.py:150} INFO - [2025-03-24T20:36:29.365+0000] {dag.py:2742} INFO - Sync 3 DAGs
[2025-03-24T20:36:29.383+0000] {logging_mixin.py:150} INFO - [2025-03-24T20:36:29.383+0000] {dag.py:3504} INFO - Setting next_dagrun for example_subdag_operator to 2022-01-01T00:00:00+00:00, run_after=2022-01-01T00:00:00+00:00
[2025-03-24T20:36:29.385+0000] {logging_mixin.py:150} INFO - [2025-03-24T20:36:29.385+0000] {dag.py:3504} INFO - Setting next_dagrun for example_subdag_operator.section-1 to None, run_after=None
[2025-03-24T20:36:29.386+0000] {logging_mixin.py:150} INFO - [2025-03-24T20:36:29.386+0000] {dag.py:3504} INFO - Setting next_dagrun for example_subdag_operator.section-2 to None, run_after=None
[2025-03-24T20:36:29.391+0000] {logging_mixin.py:150} INFO - [2025-03-24T20:36:29.391+0000] {dag.py:2742} INFO - Sync 2 DAGs
[2025-03-24T20:36:29.394+0000] {logging_mixin.py:150} INFO - [2025-03-24T20:36:29.394+0000] {dag.py:3504} INFO - Setting next_dagrun for example_subdag_operator.section-1 to None, run_after=None
[2025-03-24T20:36:29.394+0000] {logging_mixin.py:150} INFO - [2025-03-24T20:36:29.394+0000] {dag.py:3504} INFO - Setting next_dagrun for example_subdag_operator.section-2 to None, run_after=None
[2025-03-24T20:36:29.404+0000] {processor.py:179} INFO - Processing /home/vscode/.local/lib/python3.10/site-packages/airflow/example_dags/example_subdag_operator.py took 0.081 seconds
[2025-03-24T20:37:16.978+0000] {processor.py:157} INFO - Started process (PID=35835) to work on /home/vscode/.local/lib/python3.10/site-packages/airflow/example_dags/example_subdag_operator.py
[2025-03-24T20:37:16.979+0000] {processor.py:826} INFO - Processing file /home/vscode/.local/lib/python3.10/site-packages/airflow/example_dags/example_subdag_operator.py for tasks to queue
[2025-03-24T20:37:16.980+0000] {logging_mixin.py:150} INFO - [2025-03-24T20:37:16.980+0000] {dagbag.py:541} INFO - Filling up the DagBag from /home/vscode/.local/lib/python3.10/site-packages/airflow/example_dags/example_subdag_operator.py
[2025-03-24T20:37:16.998+0000] {processor.py:836} INFO - DAG(s) dict_keys(['example_subdag_operator.section-1', 'example_subdag_operator.section-2', 'example_subdag_operator']) retrieved from /home/vscode/.local/lib/python3.10/site-packages/airflow/example_dags/example_subdag_operator.py
[2025-03-24T20:37:17.009+0000] {logging_mixin.py:150} INFO - [2025-03-24T20:37:17.009+0000] {dag.py:2742} INFO - Sync 3 DAGs
[2025-03-24T20:37:17.023+0000] {logging_mixin.py:150} INFO - [2025-03-24T20:37:17.023+0000] {dag.py:3504} INFO - Setting next_dagrun for example_subdag_operator to 2022-01-01T00:00:00+00:00, run_after=2022-01-01T00:00:00+00:00
[2025-03-24T20:37:17.025+0000] {logging_mixin.py:150} INFO - [2025-03-24T20:37:17.025+0000] {dag.py:3504} INFO - Setting next_dagrun for example_subdag_operator.section-1 to None, run_after=None
[2025-03-24T20:37:17.026+0000] {logging_mixin.py:150} INFO - [2025-03-24T20:37:17.026+0000] {dag.py:3504} INFO - Setting next_dagrun for example_subdag_operator.section-2 to None, run_after=None
[2025-03-24T20:37:17.031+0000] {logging_mixin.py:150} INFO - [2025-03-24T20:37:17.031+0000] {dag.py:2742} INFO - Sync 2 DAGs
[2025-03-24T20:37:17.034+0000] {logging_mixin.py:150} INFO - [2025-03-24T20:37:17.034+0000] {dag.py:3504} INFO - Setting next_dagrun for example_subdag_operator.section-1 to None, run_after=None
[2025-03-24T20:37:17.034+0000] {logging_mixin.py:150} INFO - [2025-03-24T20:37:17.034+0000] {dag.py:3504} INFO - Setting next_dagrun for example_subdag_operator.section-2 to None, run_after=None
[2025-03-24T20:37:17.044+0000] {processor.py:179} INFO - Processing /home/vscode/.local/lib/python3.10/site-packages/airflow/example_dags/example_subdag_operator.py took 0.069 seconds
[2025-03-24T20:38:00.983+0000] {processor.py:157} INFO - Started process (PID=36145) to work on /home/vscode/.local/lib/python3.10/site-packages/airflow/example_dags/example_subdag_operator.py
[2025-03-24T20:38:00.984+0000] {processor.py:826} INFO - Processing file /home/vscode/.local/lib/python3.10/site-packages/airflow/example_dags/example_subdag_operator.py for tasks to queue
[2025-03-24T20:38:00.984+0000] {logging_mixin.py:150} INFO - [2025-03-24T20:38:00.984+0000] {dagbag.py:541} INFO - Filling up the DagBag from /home/vscode/.local/lib/python3.10/site-packages/airflow/example_dags/example_subdag_operator.py
[2025-03-24T20:38:00.998+0000] {processor.py:836} INFO - DAG(s) dict_keys(['example_subdag_operator.section-1', 'example_subdag_operator.section-2', 'example_subdag_operator']) retrieved from /home/vscode/.local/lib/python3.10/site-packages/airflow/example_dags/example_subdag_operator.py
[2025-03-24T20:38:01.009+0000] {logging_mixin.py:150} INFO - [2025-03-24T20:38:01.009+0000] {dag.py:2742} INFO - Sync 3 DAGs
[2025-03-24T20:38:01.022+0000] {logging_mixin.py:150} INFO - [2025-03-24T20:38:01.022+0000] {dag.py:3504} INFO - Setting next_dagrun for example_subdag_operator to 2022-01-01T00:00:00+00:00, run_after=2022-01-01T00:00:00+00:00
[2025-03-24T20:38:01.024+0000] {logging_mixin.py:150} INFO - [2025-03-24T20:38:01.024+0000] {dag.py:3504} INFO - Setting next_dagrun for example_subdag_operator.section-1 to None, run_after=None
[2025-03-24T20:38:01.025+0000] {logging_mixin.py:150} INFO - [2025-03-24T20:38:01.025+0000] {dag.py:3504} INFO - Setting next_dagrun for example_subdag_operator.section-2 to None, run_after=None
[2025-03-24T20:38:01.029+0000] {logging_mixin.py:150} INFO - [2025-03-24T20:38:01.029+0000] {dag.py:2742} INFO - Sync 2 DAGs
[2025-03-24T20:38:01.032+0000] {logging_mixin.py:150} INFO - [2025-03-24T20:38:01.032+0000] {dag.py:3504} INFO - Setting next_dagrun for example_subdag_operator.section-1 to None, run_after=None
[2025-03-24T20:38:01.032+0000] {logging_mixin.py:150} INFO - [2025-03-24T20:38:01.032+0000] {dag.py:3504} INFO - Setting next_dagrun for example_subdag_operator.section-2 to None, run_after=None
[2025-03-24T20:38:01.043+0000] {processor.py:179} INFO - Processing /home/vscode/.local/lib/python3.10/site-packages/airflow/example_dags/example_subdag_operator.py took 0.062 seconds
