[2025-03-24T20:12:39.938+0000] {processor.py:157} INFO - Started process (PID=25117) to work on /home/vscode/.local/lib/python3.10/site-packages/airflow/example_dags/example_short_circuit_decorator.py
[2025-03-24T20:12:39.938+0000] {processor.py:826} INFO - Processing file /home/vscode/.local/lib/python3.10/site-packages/airflow/example_dags/example_short_circuit_decorator.py for tasks to queue
[2025-03-24T20:12:39.939+0000] {logging_mixin.py:150} INFO - [2025-03-24T20:12:39.938+0000] {dagbag.py:541} INFO - Filling up the DagBag from /home/vscode/.local/lib/python3.10/site-packages/airflow/example_dags/example_short_circuit_decorator.py
[2025-03-24T20:12:39.946+0000] {processor.py:836} INFO - DAG(s) dict_keys(['example_short_circuit_decorator']) retrieved from /home/vscode/.local/lib/python3.10/site-packages/airflow/example_dags/example_short_circuit_decorator.py
[2025-03-24T20:12:40.022+0000] {logging_mixin.py:150} INFO - [2025-03-24T20:12:40.022+0000] {manager.py:504} INFO - Created Permission View: can delete on DAG:example_short_circuit_decorator
[2025-03-24T20:12:40.030+0000] {logging_mixin.py:150} INFO - [2025-03-24T20:12:40.030+0000] {manager.py:504} INFO - Created Permission View: can edit on DAG:example_short_circuit_decorator
[2025-03-24T20:12:40.036+0000] {logging_mixin.py:150} INFO - [2025-03-24T20:12:40.036+0000] {manager.py:504} INFO - Created Permission View: can read on DAG:example_short_circuit_decorator
[2025-03-24T20:12:40.045+0000] {logging_mixin.py:150} INFO - [2025-03-24T20:12:40.044+0000] {dag.py:2742} INFO - Sync 1 DAGs
[2025-03-24T20:12:40.051+0000] {logging_mixin.py:150} INFO - [2025-03-24T20:12:40.051+0000] {dag.py:2763} INFO - Creating ORM DAG for example_short_circuit_decorator
[2025-03-24T20:12:40.057+0000] {logging_mixin.py:150} INFO - [2025-03-24T20:12:40.057+0000] {dag.py:3504} INFO - Setting next_dagrun for example_short_circuit_decorator to 2025-03-23T20:12:40.057598+00:00, run_after=2025-03-24T20:12:40.057598+00:00
[2025-03-24T20:12:40.073+0000] {processor.py:179} INFO - Processing /home/vscode/.local/lib/python3.10/site-packages/airflow/example_dags/example_short_circuit_decorator.py took 0.138 seconds
[2025-03-24T20:13:27.648+0000] {processor.py:157} INFO - Started process (PID=25474) to work on /home/vscode/.local/lib/python3.10/site-packages/airflow/example_dags/example_short_circuit_decorator.py
[2025-03-24T20:13:27.648+0000] {processor.py:826} INFO - Processing file /home/vscode/.local/lib/python3.10/site-packages/airflow/example_dags/example_short_circuit_decorator.py for tasks to queue
[2025-03-24T20:13:27.649+0000] {logging_mixin.py:150} INFO - [2025-03-24T20:13:27.649+0000] {dagbag.py:541} INFO - Filling up the DagBag from /home/vscode/.local/lib/python3.10/site-packages/airflow/example_dags/example_short_circuit_decorator.py
[2025-03-24T20:13:27.656+0000] {processor.py:836} INFO - DAG(s) dict_keys(['example_short_circuit_decorator']) retrieved from /home/vscode/.local/lib/python3.10/site-packages/airflow/example_dags/example_short_circuit_decorator.py
[2025-03-24T20:13:27.669+0000] {logging_mixin.py:150} INFO - [2025-03-24T20:13:27.668+0000] {dag.py:2742} INFO - Sync 1 DAGs
[2025-03-24T20:13:27.683+0000] {logging_mixin.py:150} INFO - [2025-03-24T20:13:27.683+0000] {dag.py:3504} INFO - Setting next_dagrun for example_short_circuit_decorator to 2025-03-23T20:13:27.682880+00:00, run_after=2025-03-24T20:13:27.682880+00:00
[2025-03-24T20:13:27.699+0000] {processor.py:179} INFO - Processing /home/vscode/.local/lib/python3.10/site-packages/airflow/example_dags/example_short_circuit_decorator.py took 0.053 seconds
[2025-03-24T20:14:12.746+0000] {processor.py:157} INFO - Started process (PID=25773) to work on /home/vscode/.local/lib/python3.10/site-packages/airflow/example_dags/example_short_circuit_decorator.py
[2025-03-24T20:14:12.747+0000] {processor.py:826} INFO - Processing file /home/vscode/.local/lib/python3.10/site-packages/airflow/example_dags/example_short_circuit_decorator.py for tasks to queue
[2025-03-24T20:14:12.747+0000] {logging_mixin.py:150} INFO - [2025-03-24T20:14:12.747+0000] {dagbag.py:541} INFO - Filling up the DagBag from /home/vscode/.local/lib/python3.10/site-packages/airflow/example_dags/example_short_circuit_decorator.py
[2025-03-24T20:14:12.754+0000] {processor.py:836} INFO - DAG(s) dict_keys(['example_short_circuit_decorator']) retrieved from /home/vscode/.local/lib/python3.10/site-packages/airflow/example_dags/example_short_circuit_decorator.py
[2025-03-24T20:14:12.767+0000] {logging_mixin.py:150} INFO - [2025-03-24T20:14:12.767+0000] {dag.py:2742} INFO - Sync 1 DAGs
[2025-03-24T20:14:12.781+0000] {logging_mixin.py:150} INFO - [2025-03-24T20:14:12.781+0000] {dag.py:3504} INFO - Setting next_dagrun for example_short_circuit_decorator to 2025-03-23T20:14:12.781005+00:00, run_after=2025-03-24T20:14:12.781005+00:00
[2025-03-24T20:14:12.796+0000] {processor.py:179} INFO - Processing /home/vscode/.local/lib/python3.10/site-packages/airflow/example_dags/example_short_circuit_decorator.py took 0.052 seconds
[2025-03-24T20:14:53.856+0000] {processor.py:157} INFO - Started process (PID=26063) to work on /home/vscode/.local/lib/python3.10/site-packages/airflow/example_dags/example_short_circuit_decorator.py
[2025-03-24T20:14:53.857+0000] {processor.py:826} INFO - Processing file /home/vscode/.local/lib/python3.10/site-packages/airflow/example_dags/example_short_circuit_decorator.py for tasks to queue
[2025-03-24T20:14:53.857+0000] {logging_mixin.py:150} INFO - [2025-03-24T20:14:53.857+0000] {dagbag.py:541} INFO - Filling up the DagBag from /home/vscode/.local/lib/python3.10/site-packages/airflow/example_dags/example_short_circuit_decorator.py
[2025-03-24T20:14:53.864+0000] {processor.py:836} INFO - DAG(s) dict_keys(['example_short_circuit_decorator']) retrieved from /home/vscode/.local/lib/python3.10/site-packages/airflow/example_dags/example_short_circuit_decorator.py
[2025-03-24T20:14:53.881+0000] {logging_mixin.py:150} INFO - [2025-03-24T20:14:53.881+0000] {dag.py:2742} INFO - Sync 1 DAGs
[2025-03-24T20:14:53.901+0000] {logging_mixin.py:150} INFO - [2025-03-24T20:14:53.900+0000] {dag.py:3504} INFO - Setting next_dagrun for example_short_circuit_decorator to 2025-03-23T20:14:53.900734+00:00, run_after=2025-03-24T20:14:53.900734+00:00
[2025-03-24T20:14:53.926+0000] {processor.py:179} INFO - Processing /home/vscode/.local/lib/python3.10/site-packages/airflow/example_dags/example_short_circuit_decorator.py took 0.072 seconds
[2025-03-24T20:15:40.111+0000] {processor.py:157} INFO - Started process (PID=26378) to work on /home/vscode/.local/lib/python3.10/site-packages/airflow/example_dags/example_short_circuit_decorator.py
[2025-03-24T20:15:40.111+0000] {processor.py:826} INFO - Processing file /home/vscode/.local/lib/python3.10/site-packages/airflow/example_dags/example_short_circuit_decorator.py for tasks to queue
[2025-03-24T20:15:40.112+0000] {logging_mixin.py:150} INFO - [2025-03-24T20:15:40.112+0000] {dagbag.py:541} INFO - Filling up the DagBag from /home/vscode/.local/lib/python3.10/site-packages/airflow/example_dags/example_short_circuit_decorator.py
[2025-03-24T20:15:40.119+0000] {processor.py:836} INFO - DAG(s) dict_keys(['example_short_circuit_decorator']) retrieved from /home/vscode/.local/lib/python3.10/site-packages/airflow/example_dags/example_short_circuit_decorator.py
[2025-03-24T20:15:40.132+0000] {logging_mixin.py:150} INFO - [2025-03-24T20:15:40.132+0000] {dag.py:2742} INFO - Sync 1 DAGs
[2025-03-24T20:15:40.146+0000] {logging_mixin.py:150} INFO - [2025-03-24T20:15:40.146+0000] {dag.py:3504} INFO - Setting next_dagrun for example_short_circuit_decorator to 2025-03-23T20:15:40.145931+00:00, run_after=2025-03-24T20:15:40.145931+00:00
[2025-03-24T20:15:40.161+0000] {processor.py:179} INFO - Processing /home/vscode/.local/lib/python3.10/site-packages/airflow/example_dags/example_short_circuit_decorator.py took 0.052 seconds
[2025-03-24T20:16:27.436+0000] {processor.py:157} INFO - Started process (PID=26689) to work on /home/vscode/.local/lib/python3.10/site-packages/airflow/example_dags/example_short_circuit_decorator.py
[2025-03-24T20:16:27.436+0000] {processor.py:826} INFO - Processing file /home/vscode/.local/lib/python3.10/site-packages/airflow/example_dags/example_short_circuit_decorator.py for tasks to queue
[2025-03-24T20:16:27.437+0000] {logging_mixin.py:150} INFO - [2025-03-24T20:16:27.437+0000] {dagbag.py:541} INFO - Filling up the DagBag from /home/vscode/.local/lib/python3.10/site-packages/airflow/example_dags/example_short_circuit_decorator.py
[2025-03-24T20:16:27.444+0000] {processor.py:836} INFO - DAG(s) dict_keys(['example_short_circuit_decorator']) retrieved from /home/vscode/.local/lib/python3.10/site-packages/airflow/example_dags/example_short_circuit_decorator.py
[2025-03-24T20:16:27.457+0000] {logging_mixin.py:150} INFO - [2025-03-24T20:16:27.457+0000] {dag.py:2742} INFO - Sync 1 DAGs
[2025-03-24T20:16:27.477+0000] {logging_mixin.py:150} INFO - [2025-03-24T20:16:27.477+0000] {dag.py:3504} INFO - Setting next_dagrun for example_short_circuit_decorator to 2025-03-23T20:16:27.477094+00:00, run_after=2025-03-24T20:16:27.477094+00:00
[2025-03-24T20:16:27.503+0000] {processor.py:179} INFO - Processing /home/vscode/.local/lib/python3.10/site-packages/airflow/example_dags/example_short_circuit_decorator.py took 0.069 seconds
[2025-03-24T20:17:16.337+0000] {processor.py:157} INFO - Started process (PID=27014) to work on /home/vscode/.local/lib/python3.10/site-packages/airflow/example_dags/example_short_circuit_decorator.py
[2025-03-24T20:17:16.337+0000] {processor.py:826} INFO - Processing file /home/vscode/.local/lib/python3.10/site-packages/airflow/example_dags/example_short_circuit_decorator.py for tasks to queue
[2025-03-24T20:17:16.338+0000] {logging_mixin.py:150} INFO - [2025-03-24T20:17:16.338+0000] {dagbag.py:541} INFO - Filling up the DagBag from /home/vscode/.local/lib/python3.10/site-packages/airflow/example_dags/example_short_circuit_decorator.py
[2025-03-24T20:17:16.346+0000] {processor.py:836} INFO - DAG(s) dict_keys(['example_short_circuit_decorator']) retrieved from /home/vscode/.local/lib/python3.10/site-packages/airflow/example_dags/example_short_circuit_decorator.py
[2025-03-24T20:17:16.359+0000] {logging_mixin.py:150} INFO - [2025-03-24T20:17:16.359+0000] {dag.py:2742} INFO - Sync 1 DAGs
[2025-03-24T20:17:16.373+0000] {logging_mixin.py:150} INFO - [2025-03-24T20:17:16.373+0000] {dag.py:3504} INFO - Setting next_dagrun for example_short_circuit_decorator to 2025-03-23T20:17:16.373533+00:00, run_after=2025-03-24T20:17:16.373533+00:00
[2025-03-24T20:17:16.388+0000] {processor.py:179} INFO - Processing /home/vscode/.local/lib/python3.10/site-packages/airflow/example_dags/example_short_circuit_decorator.py took 0.054 seconds
[2025-03-24T20:18:01.001+0000] {processor.py:157} INFO - Started process (PID=27313) to work on /home/vscode/.local/lib/python3.10/site-packages/airflow/example_dags/example_short_circuit_decorator.py
[2025-03-24T20:18:01.001+0000] {processor.py:826} INFO - Processing file /home/vscode/.local/lib/python3.10/site-packages/airflow/example_dags/example_short_circuit_decorator.py for tasks to queue
[2025-03-24T20:18:01.002+0000] {logging_mixin.py:150} INFO - [2025-03-24T20:18:01.002+0000] {dagbag.py:541} INFO - Filling up the DagBag from /home/vscode/.local/lib/python3.10/site-packages/airflow/example_dags/example_short_circuit_decorator.py
[2025-03-24T20:18:01.009+0000] {processor.py:836} INFO - DAG(s) dict_keys(['example_short_circuit_decorator']) retrieved from /home/vscode/.local/lib/python3.10/site-packages/airflow/example_dags/example_short_circuit_decorator.py
[2025-03-24T20:18:01.022+0000] {logging_mixin.py:150} INFO - [2025-03-24T20:18:01.022+0000] {dag.py:2742} INFO - Sync 1 DAGs
[2025-03-24T20:18:01.036+0000] {logging_mixin.py:150} INFO - [2025-03-24T20:18:01.036+0000] {dag.py:3504} INFO - Setting next_dagrun for example_short_circuit_decorator to 2025-03-23T20:18:01.036624+00:00, run_after=2025-03-24T20:18:01.036624+00:00
[2025-03-24T20:18:01.052+0000] {processor.py:179} INFO - Processing /home/vscode/.local/lib/python3.10/site-packages/airflow/example_dags/example_short_circuit_decorator.py took 0.053 seconds
[2025-03-24T20:18:44.352+0000] {processor.py:157} INFO - Started process (PID=27600) to work on /home/vscode/.local/lib/python3.10/site-packages/airflow/example_dags/example_short_circuit_decorator.py
[2025-03-24T20:18:44.352+0000] {processor.py:826} INFO - Processing file /home/vscode/.local/lib/python3.10/site-packages/airflow/example_dags/example_short_circuit_decorator.py for tasks to queue
[2025-03-24T20:18:44.353+0000] {logging_mixin.py:150} INFO - [2025-03-24T20:18:44.353+0000] {dagbag.py:541} INFO - Filling up the DagBag from /home/vscode/.local/lib/python3.10/site-packages/airflow/example_dags/example_short_circuit_decorator.py
[2025-03-24T20:18:44.360+0000] {processor.py:836} INFO - DAG(s) dict_keys(['example_short_circuit_decorator']) retrieved from /home/vscode/.local/lib/python3.10/site-packages/airflow/example_dags/example_short_circuit_decorator.py
[2025-03-24T20:18:44.372+0000] {logging_mixin.py:150} INFO - [2025-03-24T20:18:44.372+0000] {dag.py:2742} INFO - Sync 1 DAGs
[2025-03-24T20:18:44.386+0000] {logging_mixin.py:150} INFO - [2025-03-24T20:18:44.386+0000] {dag.py:3504} INFO - Setting next_dagrun for example_short_circuit_decorator to 2025-03-23T20:18:44.386003+00:00, run_after=2025-03-24T20:18:44.386003+00:00
[2025-03-24T20:18:44.401+0000] {processor.py:179} INFO - Processing /home/vscode/.local/lib/python3.10/site-packages/airflow/example_dags/example_short_circuit_decorator.py took 0.052 seconds
[2025-03-24T20:19:25.709+0000] {processor.py:157} INFO - Started process (PID=27870) to work on /home/vscode/.local/lib/python3.10/site-packages/airflow/example_dags/example_short_circuit_decorator.py
[2025-03-24T20:19:25.710+0000] {processor.py:826} INFO - Processing file /home/vscode/.local/lib/python3.10/site-packages/airflow/example_dags/example_short_circuit_decorator.py for tasks to queue
[2025-03-24T20:19:25.710+0000] {logging_mixin.py:150} INFO - [2025-03-24T20:19:25.710+0000] {dagbag.py:541} INFO - Filling up the DagBag from /home/vscode/.local/lib/python3.10/site-packages/airflow/example_dags/example_short_circuit_decorator.py
[2025-03-24T20:19:25.717+0000] {processor.py:836} INFO - DAG(s) dict_keys(['example_short_circuit_decorator']) retrieved from /home/vscode/.local/lib/python3.10/site-packages/airflow/example_dags/example_short_circuit_decorator.py
[2025-03-24T20:19:25.730+0000] {logging_mixin.py:150} INFO - [2025-03-24T20:19:25.730+0000] {dag.py:2742} INFO - Sync 1 DAGs
[2025-03-24T20:19:25.744+0000] {logging_mixin.py:150} INFO - [2025-03-24T20:19:25.744+0000] {dag.py:3504} INFO - Setting next_dagrun for example_short_circuit_decorator to 2025-03-23T20:19:25.744179+00:00, run_after=2025-03-24T20:19:25.744179+00:00
[2025-03-24T20:19:25.759+0000] {processor.py:179} INFO - Processing /home/vscode/.local/lib/python3.10/site-packages/airflow/example_dags/example_short_circuit_decorator.py took 0.052 seconds
[2025-03-24T20:20:11.563+0000] {processor.py:157} INFO - Started process (PID=28213) to work on /home/vscode/.local/lib/python3.10/site-packages/airflow/example_dags/example_short_circuit_decorator.py
[2025-03-24T20:20:11.564+0000] {processor.py:826} INFO - Processing file /home/vscode/.local/lib/python3.10/site-packages/airflow/example_dags/example_short_circuit_decorator.py for tasks to queue
[2025-03-24T20:20:11.565+0000] {logging_mixin.py:150} INFO - [2025-03-24T20:20:11.564+0000] {dagbag.py:541} INFO - Filling up the DagBag from /home/vscode/.local/lib/python3.10/site-packages/airflow/example_dags/example_short_circuit_decorator.py
[2025-03-24T20:20:11.572+0000] {processor.py:836} INFO - DAG(s) dict_keys(['example_short_circuit_decorator']) retrieved from /home/vscode/.local/lib/python3.10/site-packages/airflow/example_dags/example_short_circuit_decorator.py
[2025-03-24T20:20:11.585+0000] {logging_mixin.py:150} INFO - [2025-03-24T20:20:11.585+0000] {dag.py:2742} INFO - Sync 1 DAGs
[2025-03-24T20:20:11.599+0000] {logging_mixin.py:150} INFO - [2025-03-24T20:20:11.599+0000] {dag.py:3504} INFO - Setting next_dagrun for example_short_circuit_decorator to 2025-03-23T20:20:11.599377+00:00, run_after=2025-03-24T20:20:11.599377+00:00
[2025-03-24T20:20:11.614+0000] {processor.py:179} INFO - Processing /home/vscode/.local/lib/python3.10/site-packages/airflow/example_dags/example_short_circuit_decorator.py took 0.053 seconds
[2025-03-24T20:20:59.483+0000] {processor.py:157} INFO - Started process (PID=28577) to work on /home/vscode/.local/lib/python3.10/site-packages/airflow/example_dags/example_short_circuit_decorator.py
[2025-03-24T20:20:59.484+0000] {processor.py:826} INFO - Processing file /home/vscode/.local/lib/python3.10/site-packages/airflow/example_dags/example_short_circuit_decorator.py for tasks to queue
[2025-03-24T20:20:59.484+0000] {logging_mixin.py:150} INFO - [2025-03-24T20:20:59.484+0000] {dagbag.py:541} INFO - Filling up the DagBag from /home/vscode/.local/lib/python3.10/site-packages/airflow/example_dags/example_short_circuit_decorator.py
[2025-03-24T20:20:59.491+0000] {processor.py:836} INFO - DAG(s) dict_keys(['example_short_circuit_decorator']) retrieved from /home/vscode/.local/lib/python3.10/site-packages/airflow/example_dags/example_short_circuit_decorator.py
[2025-03-24T20:20:59.503+0000] {logging_mixin.py:150} INFO - [2025-03-24T20:20:59.503+0000] {dag.py:2742} INFO - Sync 1 DAGs
[2025-03-24T20:20:59.517+0000] {logging_mixin.py:150} INFO - [2025-03-24T20:20:59.517+0000] {dag.py:3504} INFO - Setting next_dagrun for example_short_circuit_decorator to 2025-03-23T20:20:59.517559+00:00, run_after=2025-03-24T20:20:59.517559+00:00
[2025-03-24T20:20:59.533+0000] {processor.py:179} INFO - Processing /home/vscode/.local/lib/python3.10/site-packages/airflow/example_dags/example_short_circuit_decorator.py took 0.052 seconds
[2025-03-24T20:21:47.574+0000] {processor.py:157} INFO - Started process (PID=28947) to work on /home/vscode/.local/lib/python3.10/site-packages/airflow/example_dags/example_short_circuit_decorator.py
[2025-03-24T20:21:47.574+0000] {processor.py:826} INFO - Processing file /home/vscode/.local/lib/python3.10/site-packages/airflow/example_dags/example_short_circuit_decorator.py for tasks to queue
[2025-03-24T20:21:47.575+0000] {logging_mixin.py:150} INFO - [2025-03-24T20:21:47.575+0000] {dagbag.py:541} INFO - Filling up the DagBag from /home/vscode/.local/lib/python3.10/site-packages/airflow/example_dags/example_short_circuit_decorator.py
[2025-03-24T20:21:47.582+0000] {processor.py:836} INFO - DAG(s) dict_keys(['example_short_circuit_decorator']) retrieved from /home/vscode/.local/lib/python3.10/site-packages/airflow/example_dags/example_short_circuit_decorator.py
[2025-03-24T20:21:47.595+0000] {logging_mixin.py:150} INFO - [2025-03-24T20:21:47.595+0000] {dag.py:2742} INFO - Sync 1 DAGs
[2025-03-24T20:21:47.608+0000] {logging_mixin.py:150} INFO - [2025-03-24T20:21:47.608+0000] {dag.py:3504} INFO - Setting next_dagrun for example_short_circuit_decorator to 2025-03-23T20:21:47.608334+00:00, run_after=2025-03-24T20:21:47.608334+00:00
[2025-03-24T20:21:47.623+0000] {processor.py:179} INFO - Processing /home/vscode/.local/lib/python3.10/site-packages/airflow/example_dags/example_short_circuit_decorator.py took 0.051 seconds
[2025-03-24T20:22:30.284+0000] {processor.py:157} INFO - Started process (PID=29251) to work on /home/vscode/.local/lib/python3.10/site-packages/airflow/example_dags/example_short_circuit_decorator.py
[2025-03-24T20:22:30.284+0000] {processor.py:826} INFO - Processing file /home/vscode/.local/lib/python3.10/site-packages/airflow/example_dags/example_short_circuit_decorator.py for tasks to queue
[2025-03-24T20:22:30.285+0000] {logging_mixin.py:150} INFO - [2025-03-24T20:22:30.285+0000] {dagbag.py:541} INFO - Filling up the DagBag from /home/vscode/.local/lib/python3.10/site-packages/airflow/example_dags/example_short_circuit_decorator.py
[2025-03-24T20:22:30.293+0000] {processor.py:836} INFO - DAG(s) dict_keys(['example_short_circuit_decorator']) retrieved from /home/vscode/.local/lib/python3.10/site-packages/airflow/example_dags/example_short_circuit_decorator.py
[2025-03-24T20:22:30.306+0000] {logging_mixin.py:150} INFO - [2025-03-24T20:22:30.306+0000] {dag.py:2742} INFO - Sync 1 DAGs
[2025-03-24T20:22:30.320+0000] {logging_mixin.py:150} INFO - [2025-03-24T20:22:30.320+0000] {dag.py:3504} INFO - Setting next_dagrun for example_short_circuit_decorator to 2025-03-23T20:22:30.320165+00:00, run_after=2025-03-24T20:22:30.320165+00:00
[2025-03-24T20:22:30.335+0000] {processor.py:179} INFO - Processing /home/vscode/.local/lib/python3.10/site-packages/airflow/example_dags/example_short_circuit_decorator.py took 0.053 seconds
[2025-03-24T20:23:18.726+0000] {processor.py:157} INFO - Started process (PID=29615) to work on /home/vscode/.local/lib/python3.10/site-packages/airflow/example_dags/example_short_circuit_decorator.py
[2025-03-24T20:23:18.727+0000] {processor.py:826} INFO - Processing file /home/vscode/.local/lib/python3.10/site-packages/airflow/example_dags/example_short_circuit_decorator.py for tasks to queue
[2025-03-24T20:23:18.727+0000] {logging_mixin.py:150} INFO - [2025-03-24T20:23:18.727+0000] {dagbag.py:541} INFO - Filling up the DagBag from /home/vscode/.local/lib/python3.10/site-packages/airflow/example_dags/example_short_circuit_decorator.py
[2025-03-24T20:23:18.735+0000] {processor.py:836} INFO - DAG(s) dict_keys(['example_short_circuit_decorator']) retrieved from /home/vscode/.local/lib/python3.10/site-packages/airflow/example_dags/example_short_circuit_decorator.py
[2025-03-24T20:23:18.748+0000] {logging_mixin.py:150} INFO - [2025-03-24T20:23:18.748+0000] {dag.py:2742} INFO - Sync 1 DAGs
[2025-03-24T20:23:18.762+0000] {logging_mixin.py:150} INFO - [2025-03-24T20:23:18.762+0000] {dag.py:3504} INFO - Setting next_dagrun for example_short_circuit_decorator to 2025-03-23T20:23:18.762034+00:00, run_after=2025-03-24T20:23:18.762034+00:00
[2025-03-24T20:23:18.777+0000] {processor.py:179} INFO - Processing /home/vscode/.local/lib/python3.10/site-packages/airflow/example_dags/example_short_circuit_decorator.py took 0.053 seconds
[2025-03-24T20:24:02.621+0000] {processor.py:157} INFO - Started process (PID=30004) to work on /home/vscode/.local/lib/python3.10/site-packages/airflow/example_dags/example_short_circuit_decorator.py
[2025-03-24T20:24:02.621+0000] {processor.py:826} INFO - Processing file /home/vscode/.local/lib/python3.10/site-packages/airflow/example_dags/example_short_circuit_decorator.py for tasks to queue
[2025-03-24T20:24:02.622+0000] {logging_mixin.py:150} INFO - [2025-03-24T20:24:02.622+0000] {dagbag.py:541} INFO - Filling up the DagBag from /home/vscode/.local/lib/python3.10/site-packages/airflow/example_dags/example_short_circuit_decorator.py
[2025-03-24T20:24:02.632+0000] {processor.py:836} INFO - DAG(s) dict_keys(['example_short_circuit_decorator']) retrieved from /home/vscode/.local/lib/python3.10/site-packages/airflow/example_dags/example_short_circuit_decorator.py
[2025-03-24T20:24:02.650+0000] {logging_mixin.py:150} INFO - [2025-03-24T20:24:02.650+0000] {dag.py:2742} INFO - Sync 1 DAGs
[2025-03-24T20:24:02.669+0000] {logging_mixin.py:150} INFO - [2025-03-24T20:24:02.669+0000] {dag.py:3504} INFO - Setting next_dagrun for example_short_circuit_decorator to 2025-03-23T20:24:02.669533+00:00, run_after=2025-03-24T20:24:02.669533+00:00
[2025-03-24T20:24:02.689+0000] {processor.py:179} INFO - Processing /home/vscode/.local/lib/python3.10/site-packages/airflow/example_dags/example_short_circuit_decorator.py took 0.071 seconds
[2025-03-24T20:24:49.019+0000] {processor.py:157} INFO - Started process (PID=30330) to work on /home/vscode/.local/lib/python3.10/site-packages/airflow/example_dags/example_short_circuit_decorator.py
[2025-03-24T20:24:49.020+0000] {processor.py:826} INFO - Processing file /home/vscode/.local/lib/python3.10/site-packages/airflow/example_dags/example_short_circuit_decorator.py for tasks to queue
[2025-03-24T20:24:49.021+0000] {logging_mixin.py:150} INFO - [2025-03-24T20:24:49.020+0000] {dagbag.py:541} INFO - Filling up the DagBag from /home/vscode/.local/lib/python3.10/site-packages/airflow/example_dags/example_short_circuit_decorator.py
[2025-03-24T20:24:49.028+0000] {processor.py:836} INFO - DAG(s) dict_keys(['example_short_circuit_decorator']) retrieved from /home/vscode/.local/lib/python3.10/site-packages/airflow/example_dags/example_short_circuit_decorator.py
[2025-03-24T20:24:49.042+0000] {logging_mixin.py:150} INFO - [2025-03-24T20:24:49.041+0000] {dag.py:2742} INFO - Sync 1 DAGs
[2025-03-24T20:24:49.056+0000] {logging_mixin.py:150} INFO - [2025-03-24T20:24:49.056+0000] {dag.py:3504} INFO - Setting next_dagrun for example_short_circuit_decorator to 2025-03-23T20:24:49.056111+00:00, run_after=2025-03-24T20:24:49.056111+00:00
[2025-03-24T20:24:49.071+0000] {processor.py:179} INFO - Processing /home/vscode/.local/lib/python3.10/site-packages/airflow/example_dags/example_short_circuit_decorator.py took 0.056 seconds
[2025-03-24T20:25:30.706+0000] {processor.py:157} INFO - Started process (PID=30652) to work on /home/vscode/.local/lib/python3.10/site-packages/airflow/example_dags/example_short_circuit_decorator.py
[2025-03-24T20:25:30.706+0000] {processor.py:826} INFO - Processing file /home/vscode/.local/lib/python3.10/site-packages/airflow/example_dags/example_short_circuit_decorator.py for tasks to queue
[2025-03-24T20:25:30.707+0000] {logging_mixin.py:150} INFO - [2025-03-24T20:25:30.707+0000] {dagbag.py:541} INFO - Filling up the DagBag from /home/vscode/.local/lib/python3.10/site-packages/airflow/example_dags/example_short_circuit_decorator.py
[2025-03-24T20:25:30.714+0000] {processor.py:836} INFO - DAG(s) dict_keys(['example_short_circuit_decorator']) retrieved from /home/vscode/.local/lib/python3.10/site-packages/airflow/example_dags/example_short_circuit_decorator.py
[2025-03-24T20:25:30.727+0000] {logging_mixin.py:150} INFO - [2025-03-24T20:25:30.727+0000] {dag.py:2742} INFO - Sync 1 DAGs
[2025-03-24T20:25:30.741+0000] {logging_mixin.py:150} INFO - [2025-03-24T20:25:30.741+0000] {dag.py:3504} INFO - Setting next_dagrun for example_short_circuit_decorator to 2025-03-23T20:25:30.741035+00:00, run_after=2025-03-24T20:25:30.741035+00:00
[2025-03-24T20:25:30.756+0000] {processor.py:179} INFO - Processing /home/vscode/.local/lib/python3.10/site-packages/airflow/example_dags/example_short_circuit_decorator.py took 0.052 seconds
[2025-03-24T20:26:18.130+0000] {processor.py:157} INFO - Started process (PID=31012) to work on /home/vscode/.local/lib/python3.10/site-packages/airflow/example_dags/example_short_circuit_decorator.py
[2025-03-24T20:26:18.130+0000] {processor.py:826} INFO - Processing file /home/vscode/.local/lib/python3.10/site-packages/airflow/example_dags/example_short_circuit_decorator.py for tasks to queue
[2025-03-24T20:26:18.131+0000] {logging_mixin.py:150} INFO - [2025-03-24T20:26:18.131+0000] {dagbag.py:541} INFO - Filling up the DagBag from /home/vscode/.local/lib/python3.10/site-packages/airflow/example_dags/example_short_circuit_decorator.py
[2025-03-24T20:26:18.138+0000] {processor.py:836} INFO - DAG(s) dict_keys(['example_short_circuit_decorator']) retrieved from /home/vscode/.local/lib/python3.10/site-packages/airflow/example_dags/example_short_circuit_decorator.py
[2025-03-24T20:26:18.151+0000] {logging_mixin.py:150} INFO - [2025-03-24T20:26:18.151+0000] {dag.py:2742} INFO - Sync 1 DAGs
[2025-03-24T20:26:18.167+0000] {logging_mixin.py:150} INFO - [2025-03-24T20:26:18.167+0000] {dag.py:3504} INFO - Setting next_dagrun for example_short_circuit_decorator to 2025-03-23T20:26:18.167438+00:00, run_after=2025-03-24T20:26:18.167438+00:00
[2025-03-24T20:26:18.188+0000] {processor.py:179} INFO - Processing /home/vscode/.local/lib/python3.10/site-packages/airflow/example_dags/example_short_circuit_decorator.py took 0.061 seconds
[2025-03-24T20:27:02.793+0000] {processor.py:157} INFO - Started process (PID=31420) to work on /home/vscode/.local/lib/python3.10/site-packages/airflow/example_dags/example_short_circuit_decorator.py
[2025-03-24T20:27:02.794+0000] {processor.py:826} INFO - Processing file /home/vscode/.local/lib/python3.10/site-packages/airflow/example_dags/example_short_circuit_decorator.py for tasks to queue
[2025-03-24T20:27:02.794+0000] {logging_mixin.py:150} INFO - [2025-03-24T20:27:02.794+0000] {dagbag.py:541} INFO - Filling up the DagBag from /home/vscode/.local/lib/python3.10/site-packages/airflow/example_dags/example_short_circuit_decorator.py
[2025-03-24T20:27:02.801+0000] {processor.py:836} INFO - DAG(s) dict_keys(['example_short_circuit_decorator']) retrieved from /home/vscode/.local/lib/python3.10/site-packages/airflow/example_dags/example_short_circuit_decorator.py
[2025-03-24T20:27:02.814+0000] {logging_mixin.py:150} INFO - [2025-03-24T20:27:02.814+0000] {dag.py:2742} INFO - Sync 1 DAGs
[2025-03-24T20:27:02.828+0000] {logging_mixin.py:150} INFO - [2025-03-24T20:27:02.828+0000] {dag.py:3504} INFO - Setting next_dagrun for example_short_circuit_decorator to 2025-03-23T20:27:02.828109+00:00, run_after=2025-03-24T20:27:02.828109+00:00
[2025-03-24T20:27:02.847+0000] {processor.py:179} INFO - Processing /home/vscode/.local/lib/python3.10/site-packages/airflow/example_dags/example_short_circuit_decorator.py took 0.056 seconds
[2025-03-24T20:27:46.488+0000] {processor.py:157} INFO - Started process (PID=31816) to work on /home/vscode/.local/lib/python3.10/site-packages/airflow/example_dags/example_short_circuit_decorator.py
[2025-03-24T20:27:46.489+0000] {processor.py:826} INFO - Processing file /home/vscode/.local/lib/python3.10/site-packages/airflow/example_dags/example_short_circuit_decorator.py for tasks to queue
[2025-03-24T20:27:46.490+0000] {logging_mixin.py:150} INFO - [2025-03-24T20:27:46.489+0000] {dagbag.py:541} INFO - Filling up the DagBag from /home/vscode/.local/lib/python3.10/site-packages/airflow/example_dags/example_short_circuit_decorator.py
[2025-03-24T20:27:46.497+0000] {processor.py:836} INFO - DAG(s) dict_keys(['example_short_circuit_decorator']) retrieved from /home/vscode/.local/lib/python3.10/site-packages/airflow/example_dags/example_short_circuit_decorator.py
[2025-03-24T20:27:46.510+0000] {logging_mixin.py:150} INFO - [2025-03-24T20:27:46.510+0000] {dag.py:2742} INFO - Sync 1 DAGs
[2025-03-24T20:27:46.524+0000] {logging_mixin.py:150} INFO - [2025-03-24T20:27:46.524+0000] {dag.py:3504} INFO - Setting next_dagrun for example_short_circuit_decorator to 2025-03-23T20:27:46.524702+00:00, run_after=2025-03-24T20:27:46.524702+00:00
[2025-03-24T20:27:46.540+0000] {processor.py:179} INFO - Processing /home/vscode/.local/lib/python3.10/site-packages/airflow/example_dags/example_short_circuit_decorator.py took 0.054 seconds
[2025-03-24T20:28:31.568+0000] {processor.py:157} INFO - Started process (PID=32122) to work on /home/vscode/.local/lib/python3.10/site-packages/airflow/example_dags/example_short_circuit_decorator.py
[2025-03-24T20:28:31.569+0000] {processor.py:826} INFO - Processing file /home/vscode/.local/lib/python3.10/site-packages/airflow/example_dags/example_short_circuit_decorator.py for tasks to queue
[2025-03-24T20:28:31.570+0000] {logging_mixin.py:150} INFO - [2025-03-24T20:28:31.569+0000] {dagbag.py:541} INFO - Filling up the DagBag from /home/vscode/.local/lib/python3.10/site-packages/airflow/example_dags/example_short_circuit_decorator.py
[2025-03-24T20:28:31.576+0000] {processor.py:836} INFO - DAG(s) dict_keys(['example_short_circuit_decorator']) retrieved from /home/vscode/.local/lib/python3.10/site-packages/airflow/example_dags/example_short_circuit_decorator.py
[2025-03-24T20:28:31.589+0000] {logging_mixin.py:150} INFO - [2025-03-24T20:28:31.589+0000] {dag.py:2742} INFO - Sync 1 DAGs
[2025-03-24T20:28:31.603+0000] {logging_mixin.py:150} INFO - [2025-03-24T20:28:31.603+0000] {dag.py:3504} INFO - Setting next_dagrun for example_short_circuit_decorator to 2025-03-23T20:28:31.602833+00:00, run_after=2025-03-24T20:28:31.602833+00:00
[2025-03-24T20:28:31.617+0000] {processor.py:179} INFO - Processing /home/vscode/.local/lib/python3.10/site-packages/airflow/example_dags/example_short_circuit_decorator.py took 0.051 seconds
[2025-03-24T20:29:13.950+0000] {processor.py:157} INFO - Started process (PID=32433) to work on /home/vscode/.local/lib/python3.10/site-packages/airflow/example_dags/example_short_circuit_decorator.py
[2025-03-24T20:29:13.951+0000] {processor.py:826} INFO - Processing file /home/vscode/.local/lib/python3.10/site-packages/airflow/example_dags/example_short_circuit_decorator.py for tasks to queue
[2025-03-24T20:29:13.952+0000] {logging_mixin.py:150} INFO - [2025-03-24T20:29:13.951+0000] {dagbag.py:541} INFO - Filling up the DagBag from /home/vscode/.local/lib/python3.10/site-packages/airflow/example_dags/example_short_circuit_decorator.py
[2025-03-24T20:29:13.961+0000] {processor.py:836} INFO - DAG(s) dict_keys(['example_short_circuit_decorator']) retrieved from /home/vscode/.local/lib/python3.10/site-packages/airflow/example_dags/example_short_circuit_decorator.py
[2025-03-24T20:29:13.987+0000] {logging_mixin.py:150} INFO - [2025-03-24T20:29:13.987+0000] {dag.py:2742} INFO - Sync 1 DAGs
[2025-03-24T20:29:14.013+0000] {logging_mixin.py:150} INFO - [2025-03-24T20:29:14.013+0000] {dag.py:3504} INFO - Setting next_dagrun for example_short_circuit_decorator to 2025-03-23T20:29:14.013528+00:00, run_after=2025-03-24T20:29:14.013528+00:00
[2025-03-24T20:29:14.044+0000] {processor.py:179} INFO - Processing /home/vscode/.local/lib/python3.10/site-packages/airflow/example_dags/example_short_circuit_decorator.py took 0.097 seconds
[2025-03-24T20:29:59.366+0000] {processor.py:157} INFO - Started process (PID=32750) to work on /home/vscode/.local/lib/python3.10/site-packages/airflow/example_dags/example_short_circuit_decorator.py
[2025-03-24T20:29:59.367+0000] {processor.py:826} INFO - Processing file /home/vscode/.local/lib/python3.10/site-packages/airflow/example_dags/example_short_circuit_decorator.py for tasks to queue
[2025-03-24T20:29:59.367+0000] {logging_mixin.py:150} INFO - [2025-03-24T20:29:59.367+0000] {dagbag.py:541} INFO - Filling up the DagBag from /home/vscode/.local/lib/python3.10/site-packages/airflow/example_dags/example_short_circuit_decorator.py
[2025-03-24T20:29:59.374+0000] {processor.py:836} INFO - DAG(s) dict_keys(['example_short_circuit_decorator']) retrieved from /home/vscode/.local/lib/python3.10/site-packages/airflow/example_dags/example_short_circuit_decorator.py
[2025-03-24T20:29:59.387+0000] {logging_mixin.py:150} INFO - [2025-03-24T20:29:59.387+0000] {dag.py:2742} INFO - Sync 1 DAGs
[2025-03-24T20:29:59.401+0000] {logging_mixin.py:150} INFO - [2025-03-24T20:29:59.401+0000] {dag.py:3504} INFO - Setting next_dagrun for example_short_circuit_decorator to 2025-03-23T20:29:59.401122+00:00, run_after=2025-03-24T20:29:59.401122+00:00
[2025-03-24T20:29:59.416+0000] {processor.py:179} INFO - Processing /home/vscode/.local/lib/python3.10/site-packages/airflow/example_dags/example_short_circuit_decorator.py took 0.052 seconds
[2025-03-24T20:30:41.173+0000] {processor.py:157} INFO - Started process (PID=33031) to work on /home/vscode/.local/lib/python3.10/site-packages/airflow/example_dags/example_short_circuit_decorator.py
[2025-03-24T20:30:41.174+0000] {processor.py:826} INFO - Processing file /home/vscode/.local/lib/python3.10/site-packages/airflow/example_dags/example_short_circuit_decorator.py for tasks to queue
[2025-03-24T20:30:41.175+0000] {logging_mixin.py:150} INFO - [2025-03-24T20:30:41.174+0000] {dagbag.py:541} INFO - Filling up the DagBag from /home/vscode/.local/lib/python3.10/site-packages/airflow/example_dags/example_short_circuit_decorator.py
[2025-03-24T20:30:41.181+0000] {processor.py:836} INFO - DAG(s) dict_keys(['example_short_circuit_decorator']) retrieved from /home/vscode/.local/lib/python3.10/site-packages/airflow/example_dags/example_short_circuit_decorator.py
[2025-03-24T20:30:41.194+0000] {logging_mixin.py:150} INFO - [2025-03-24T20:30:41.194+0000] {dag.py:2742} INFO - Sync 1 DAGs
[2025-03-24T20:30:41.208+0000] {logging_mixin.py:150} INFO - [2025-03-24T20:30:41.208+0000] {dag.py:3504} INFO - Setting next_dagrun for example_short_circuit_decorator to 2025-03-23T20:30:41.208312+00:00, run_after=2025-03-24T20:30:41.208312+00:00
[2025-03-24T20:30:41.223+0000] {processor.py:179} INFO - Processing /home/vscode/.local/lib/python3.10/site-packages/airflow/example_dags/example_short_circuit_decorator.py took 0.052 seconds
[2025-03-24T20:31:25.132+0000] {processor.py:157} INFO - Started process (PID=33330) to work on /home/vscode/.local/lib/python3.10/site-packages/airflow/example_dags/example_short_circuit_decorator.py
[2025-03-24T20:31:25.133+0000] {processor.py:826} INFO - Processing file /home/vscode/.local/lib/python3.10/site-packages/airflow/example_dags/example_short_circuit_decorator.py for tasks to queue
[2025-03-24T20:31:25.133+0000] {logging_mixin.py:150} INFO - [2025-03-24T20:31:25.133+0000] {dagbag.py:541} INFO - Filling up the DagBag from /home/vscode/.local/lib/python3.10/site-packages/airflow/example_dags/example_short_circuit_decorator.py
[2025-03-24T20:31:25.140+0000] {processor.py:836} INFO - DAG(s) dict_keys(['example_short_circuit_decorator']) retrieved from /home/vscode/.local/lib/python3.10/site-packages/airflow/example_dags/example_short_circuit_decorator.py
[2025-03-24T20:31:25.153+0000] {logging_mixin.py:150} INFO - [2025-03-24T20:31:25.153+0000] {dag.py:2742} INFO - Sync 1 DAGs
[2025-03-24T20:31:25.167+0000] {logging_mixin.py:150} INFO - [2025-03-24T20:31:25.167+0000] {dag.py:3504} INFO - Setting next_dagrun for example_short_circuit_decorator to 2025-03-23T20:31:25.167458+00:00, run_after=2025-03-24T20:31:25.167458+00:00
[2025-03-24T20:31:25.184+0000] {processor.py:179} INFO - Processing /home/vscode/.local/lib/python3.10/site-packages/airflow/example_dags/example_short_circuit_decorator.py took 0.054 seconds
[2025-03-24T20:32:06.103+0000] {processor.py:157} INFO - Started process (PID=33605) to work on /home/vscode/.local/lib/python3.10/site-packages/airflow/example_dags/example_short_circuit_decorator.py
[2025-03-24T20:32:06.103+0000] {processor.py:826} INFO - Processing file /home/vscode/.local/lib/python3.10/site-packages/airflow/example_dags/example_short_circuit_decorator.py for tasks to queue
[2025-03-24T20:32:06.104+0000] {logging_mixin.py:150} INFO - [2025-03-24T20:32:06.104+0000] {dagbag.py:541} INFO - Filling up the DagBag from /home/vscode/.local/lib/python3.10/site-packages/airflow/example_dags/example_short_circuit_decorator.py
[2025-03-24T20:32:06.111+0000] {processor.py:836} INFO - DAG(s) dict_keys(['example_short_circuit_decorator']) retrieved from /home/vscode/.local/lib/python3.10/site-packages/airflow/example_dags/example_short_circuit_decorator.py
[2025-03-24T20:32:06.123+0000] {logging_mixin.py:150} INFO - [2025-03-24T20:32:06.123+0000] {dag.py:2742} INFO - Sync 1 DAGs
[2025-03-24T20:32:06.137+0000] {logging_mixin.py:150} INFO - [2025-03-24T20:32:06.137+0000] {dag.py:3504} INFO - Setting next_dagrun for example_short_circuit_decorator to 2025-03-23T20:32:06.137107+00:00, run_after=2025-03-24T20:32:06.137107+00:00
[2025-03-24T20:32:06.151+0000] {processor.py:179} INFO - Processing /home/vscode/.local/lib/python3.10/site-packages/airflow/example_dags/example_short_circuit_decorator.py took 0.051 seconds
[2025-03-24T20:32:50.714+0000] {processor.py:157} INFO - Started process (PID=33899) to work on /home/vscode/.local/lib/python3.10/site-packages/airflow/example_dags/example_short_circuit_decorator.py
[2025-03-24T20:32:50.715+0000] {processor.py:826} INFO - Processing file /home/vscode/.local/lib/python3.10/site-packages/airflow/example_dags/example_short_circuit_decorator.py for tasks to queue
[2025-03-24T20:32:50.715+0000] {logging_mixin.py:150} INFO - [2025-03-24T20:32:50.715+0000] {dagbag.py:541} INFO - Filling up the DagBag from /home/vscode/.local/lib/python3.10/site-packages/airflow/example_dags/example_short_circuit_decorator.py
[2025-03-24T20:32:50.722+0000] {processor.py:836} INFO - DAG(s) dict_keys(['example_short_circuit_decorator']) retrieved from /home/vscode/.local/lib/python3.10/site-packages/airflow/example_dags/example_short_circuit_decorator.py
[2025-03-24T20:32:50.735+0000] {logging_mixin.py:150} INFO - [2025-03-24T20:32:50.735+0000] {dag.py:2742} INFO - Sync 1 DAGs
[2025-03-24T20:32:50.749+0000] {logging_mixin.py:150} INFO - [2025-03-24T20:32:50.749+0000] {dag.py:3504} INFO - Setting next_dagrun for example_short_circuit_decorator to 2025-03-23T20:32:50.749239+00:00, run_after=2025-03-24T20:32:50.749239+00:00
[2025-03-24T20:32:50.765+0000] {processor.py:179} INFO - Processing /home/vscode/.local/lib/python3.10/site-packages/airflow/example_dags/example_short_circuit_decorator.py took 0.053 seconds
[2025-03-24T20:33:38.909+0000] {processor.py:157} INFO - Started process (PID=34329) to work on /home/vscode/.local/lib/python3.10/site-packages/airflow/example_dags/example_short_circuit_decorator.py
[2025-03-24T20:33:38.910+0000] {processor.py:826} INFO - Processing file /home/vscode/.local/lib/python3.10/site-packages/airflow/example_dags/example_short_circuit_decorator.py for tasks to queue
[2025-03-24T20:33:38.911+0000] {logging_mixin.py:150} INFO - [2025-03-24T20:33:38.910+0000] {dagbag.py:541} INFO - Filling up the DagBag from /home/vscode/.local/lib/python3.10/site-packages/airflow/example_dags/example_short_circuit_decorator.py
[2025-03-24T20:33:38.918+0000] {processor.py:836} INFO - DAG(s) dict_keys(['example_short_circuit_decorator']) retrieved from /home/vscode/.local/lib/python3.10/site-packages/airflow/example_dags/example_short_circuit_decorator.py
[2025-03-24T20:33:38.931+0000] {logging_mixin.py:150} INFO - [2025-03-24T20:33:38.931+0000] {dag.py:2742} INFO - Sync 1 DAGs
[2025-03-24T20:33:38.946+0000] {logging_mixin.py:150} INFO - [2025-03-24T20:33:38.946+0000] {dag.py:3504} INFO - Setting next_dagrun for example_short_circuit_decorator to 2025-03-23T20:33:38.945931+00:00, run_after=2025-03-24T20:33:38.945931+00:00
[2025-03-24T20:33:38.960+0000] {processor.py:179} INFO - Processing /home/vscode/.local/lib/python3.10/site-packages/airflow/example_dags/example_short_circuit_decorator.py took 0.054 seconds
[2025-03-24T20:34:26.340+0000] {processor.py:157} INFO - Started process (PID=34645) to work on /home/vscode/.local/lib/python3.10/site-packages/airflow/example_dags/example_short_circuit_decorator.py
[2025-03-24T20:34:26.341+0000] {processor.py:826} INFO - Processing file /home/vscode/.local/lib/python3.10/site-packages/airflow/example_dags/example_short_circuit_decorator.py for tasks to queue
[2025-03-24T20:34:26.342+0000] {logging_mixin.py:150} INFO - [2025-03-24T20:34:26.341+0000] {dagbag.py:541} INFO - Filling up the DagBag from /home/vscode/.local/lib/python3.10/site-packages/airflow/example_dags/example_short_circuit_decorator.py
[2025-03-24T20:34:26.349+0000] {processor.py:836} INFO - DAG(s) dict_keys(['example_short_circuit_decorator']) retrieved from /home/vscode/.local/lib/python3.10/site-packages/airflow/example_dags/example_short_circuit_decorator.py
[2025-03-24T20:34:26.361+0000] {logging_mixin.py:150} INFO - [2025-03-24T20:34:26.361+0000] {dag.py:2742} INFO - Sync 1 DAGs
[2025-03-24T20:34:26.376+0000] {logging_mixin.py:150} INFO - [2025-03-24T20:34:26.376+0000] {dag.py:3504} INFO - Setting next_dagrun for example_short_circuit_decorator to 2025-03-23T20:34:26.375911+00:00, run_after=2025-03-24T20:34:26.375911+00:00
[2025-03-24T20:34:26.391+0000] {processor.py:179} INFO - Processing /home/vscode/.local/lib/python3.10/site-packages/airflow/example_dags/example_short_circuit_decorator.py took 0.052 seconds
[2025-03-24T20:35:10.521+0000] {processor.py:157} INFO - Started process (PID=34935) to work on /home/vscode/.local/lib/python3.10/site-packages/airflow/example_dags/example_short_circuit_decorator.py
[2025-03-24T20:35:10.522+0000] {processor.py:826} INFO - Processing file /home/vscode/.local/lib/python3.10/site-packages/airflow/example_dags/example_short_circuit_decorator.py for tasks to queue
[2025-03-24T20:35:10.523+0000] {logging_mixin.py:150} INFO - [2025-03-24T20:35:10.522+0000] {dagbag.py:541} INFO - Filling up the DagBag from /home/vscode/.local/lib/python3.10/site-packages/airflow/example_dags/example_short_circuit_decorator.py
[2025-03-24T20:35:10.534+0000] {processor.py:836} INFO - DAG(s) dict_keys(['example_short_circuit_decorator']) retrieved from /home/vscode/.local/lib/python3.10/site-packages/airflow/example_dags/example_short_circuit_decorator.py
[2025-03-24T20:35:10.554+0000] {logging_mixin.py:150} INFO - [2025-03-24T20:35:10.553+0000] {dag.py:2742} INFO - Sync 1 DAGs
[2025-03-24T20:35:10.568+0000] {logging_mixin.py:150} INFO - [2025-03-24T20:35:10.568+0000] {dag.py:3504} INFO - Setting next_dagrun for example_short_circuit_decorator to 2025-03-23T20:35:10.568653+00:00, run_after=2025-03-24T20:35:10.568653+00:00
[2025-03-24T20:35:10.584+0000] {processor.py:179} INFO - Processing /home/vscode/.local/lib/python3.10/site-packages/airflow/example_dags/example_short_circuit_decorator.py took 0.066 seconds
[2025-03-24T20:35:54.692+0000] {processor.py:157} INFO - Started process (PID=35231) to work on /home/vscode/.local/lib/python3.10/site-packages/airflow/example_dags/example_short_circuit_decorator.py
[2025-03-24T20:35:54.693+0000] {processor.py:826} INFO - Processing file /home/vscode/.local/lib/python3.10/site-packages/airflow/example_dags/example_short_circuit_decorator.py for tasks to queue
[2025-03-24T20:35:54.693+0000] {logging_mixin.py:150} INFO - [2025-03-24T20:35:54.693+0000] {dagbag.py:541} INFO - Filling up the DagBag from /home/vscode/.local/lib/python3.10/site-packages/airflow/example_dags/example_short_circuit_decorator.py
[2025-03-24T20:35:54.700+0000] {processor.py:836} INFO - DAG(s) dict_keys(['example_short_circuit_decorator']) retrieved from /home/vscode/.local/lib/python3.10/site-packages/airflow/example_dags/example_short_circuit_decorator.py
[2025-03-24T20:35:54.713+0000] {logging_mixin.py:150} INFO - [2025-03-24T20:35:54.713+0000] {dag.py:2742} INFO - Sync 1 DAGs
[2025-03-24T20:35:54.729+0000] {logging_mixin.py:150} INFO - [2025-03-24T20:35:54.729+0000] {dag.py:3504} INFO - Setting next_dagrun for example_short_circuit_decorator to 2025-03-23T20:35:54.729537+00:00, run_after=2025-03-24T20:35:54.729537+00:00
[2025-03-24T20:35:54.747+0000] {processor.py:179} INFO - Processing /home/vscode/.local/lib/python3.10/site-packages/airflow/example_dags/example_short_circuit_decorator.py took 0.057 seconds
[2025-03-24T20:36:38.642+0000] {processor.py:157} INFO - Started process (PID=35548) to work on /home/vscode/.local/lib/python3.10/site-packages/airflow/example_dags/example_short_circuit_decorator.py
[2025-03-24T20:36:38.643+0000] {processor.py:826} INFO - Processing file /home/vscode/.local/lib/python3.10/site-packages/airflow/example_dags/example_short_circuit_decorator.py for tasks to queue
[2025-03-24T20:36:38.643+0000] {logging_mixin.py:150} INFO - [2025-03-24T20:36:38.643+0000] {dagbag.py:541} INFO - Filling up the DagBag from /home/vscode/.local/lib/python3.10/site-packages/airflow/example_dags/example_short_circuit_decorator.py
[2025-03-24T20:36:38.650+0000] {processor.py:836} INFO - DAG(s) dict_keys(['example_short_circuit_decorator']) retrieved from /home/vscode/.local/lib/python3.10/site-packages/airflow/example_dags/example_short_circuit_decorator.py
[2025-03-24T20:36:38.663+0000] {logging_mixin.py:150} INFO - [2025-03-24T20:36:38.663+0000] {dag.py:2742} INFO - Sync 1 DAGs
[2025-03-24T20:36:38.680+0000] {logging_mixin.py:150} INFO - [2025-03-24T20:36:38.680+0000] {dag.py:3504} INFO - Setting next_dagrun for example_short_circuit_decorator to 2025-03-23T20:36:38.680202+00:00, run_after=2025-03-24T20:36:38.680202+00:00
[2025-03-24T20:36:38.695+0000] {processor.py:179} INFO - Processing /home/vscode/.local/lib/python3.10/site-packages/airflow/example_dags/example_short_circuit_decorator.py took 0.055 seconds
[2025-03-24T20:37:24.000+0000] {processor.py:157} INFO - Started process (PID=35880) to work on /home/vscode/.local/lib/python3.10/site-packages/airflow/example_dags/example_short_circuit_decorator.py
[2025-03-24T20:37:24.000+0000] {processor.py:826} INFO - Processing file /home/vscode/.local/lib/python3.10/site-packages/airflow/example_dags/example_short_circuit_decorator.py for tasks to queue
[2025-03-24T20:37:24.001+0000] {logging_mixin.py:150} INFO - [2025-03-24T20:37:24.001+0000] {dagbag.py:541} INFO - Filling up the DagBag from /home/vscode/.local/lib/python3.10/site-packages/airflow/example_dags/example_short_circuit_decorator.py
[2025-03-24T20:37:24.008+0000] {processor.py:836} INFO - DAG(s) dict_keys(['example_short_circuit_decorator']) retrieved from /home/vscode/.local/lib/python3.10/site-packages/airflow/example_dags/example_short_circuit_decorator.py
[2025-03-24T20:37:24.020+0000] {logging_mixin.py:150} INFO - [2025-03-24T20:37:24.020+0000] {dag.py:2742} INFO - Sync 1 DAGs
[2025-03-24T20:37:24.035+0000] {logging_mixin.py:150} INFO - [2025-03-24T20:37:24.035+0000] {dag.py:3504} INFO - Setting next_dagrun for example_short_circuit_decorator to 2025-03-23T20:37:24.035069+00:00, run_after=2025-03-24T20:37:24.035069+00:00
[2025-03-24T20:37:24.050+0000] {processor.py:179} INFO - Processing /home/vscode/.local/lib/python3.10/site-packages/airflow/example_dags/example_short_circuit_decorator.py took 0.052 seconds
