[2025-03-24T20:13:00.330+0000] {processor.py:157} INFO - Started process (PID=25292) to work on /home/vscode/.local/lib/python3.10/site-packages/airflow/example_dags/example_dynamic_task_mapping_with_no_taskflow_operators.py
[2025-03-24T20:13:00.331+0000] {processor.py:826} INFO - Processing file /home/vscode/.local/lib/python3.10/site-packages/airflow/example_dags/example_dynamic_task_mapping_with_no_taskflow_operators.py for tasks to queue
[2025-03-24T20:13:00.331+0000] {logging_mixin.py:150} INFO - [2025-03-24T20:13:00.331+0000] {dagbag.py:541} INFO - Filling up the DagBag from /home/vscode/.local/lib/python3.10/site-packages/airflow/example_dags/example_dynamic_task_mapping_with_no_taskflow_operators.py
[2025-03-24T20:13:00.336+0000] {processor.py:836} INFO - DAG(s) dict_keys(['example_dynamic_task_mapping_with_no_taskflow_operators']) retrieved from /home/vscode/.local/lib/python3.10/site-packages/airflow/example_dags/example_dynamic_task_mapping_with_no_taskflow_operators.py
[2025-03-24T20:13:00.407+0000] {logging_mixin.py:150} INFO - [2025-03-24T20:13:00.407+0000] {manager.py:504} INFO - Created Permission View: can delete on DAG:example_dynamic_task_mapping_with_no_taskflow_operators
[2025-03-24T20:13:00.415+0000] {logging_mixin.py:150} INFO - [2025-03-24T20:13:00.415+0000] {manager.py:504} INFO - Created Permission View: can edit on DAG:example_dynamic_task_mapping_with_no_taskflow_operators
[2025-03-24T20:13:00.421+0000] {logging_mixin.py:150} INFO - [2025-03-24T20:13:00.421+0000] {manager.py:504} INFO - Created Permission View: can read on DAG:example_dynamic_task_mapping_with_no_taskflow_operators
[2025-03-24T20:13:00.429+0000] {logging_mixin.py:150} INFO - [2025-03-24T20:13:00.429+0000] {dag.py:2742} INFO - Sync 1 DAGs
[2025-03-24T20:13:00.436+0000] {logging_mixin.py:150} INFO - [2025-03-24T20:13:00.436+0000] {dag.py:2763} INFO - Creating ORM DAG for example_dynamic_task_mapping_with_no_taskflow_operators
[2025-03-24T20:13:00.444+0000] {logging_mixin.py:150} INFO - [2025-03-24T20:13:00.444+0000] {dag.py:3504} INFO - Setting next_dagrun for example_dynamic_task_mapping_with_no_taskflow_operators to 2025-03-23T20:13:00.444037+00:00, run_after=2025-03-24T20:13:00.444037+00:00
[2025-03-24T20:13:00.458+0000] {processor.py:179} INFO - Processing /home/vscode/.local/lib/python3.10/site-packages/airflow/example_dags/example_dynamic_task_mapping_with_no_taskflow_operators.py took 0.130 seconds
[2025-03-24T20:13:49.346+0000] {processor.py:157} INFO - Started process (PID=25617) to work on /home/vscode/.local/lib/python3.10/site-packages/airflow/example_dags/example_dynamic_task_mapping_with_no_taskflow_operators.py
[2025-03-24T20:13:49.347+0000] {processor.py:826} INFO - Processing file /home/vscode/.local/lib/python3.10/site-packages/airflow/example_dags/example_dynamic_task_mapping_with_no_taskflow_operators.py for tasks to queue
[2025-03-24T20:13:49.347+0000] {logging_mixin.py:150} INFO - [2025-03-24T20:13:49.347+0000] {dagbag.py:541} INFO - Filling up the DagBag from /home/vscode/.local/lib/python3.10/site-packages/airflow/example_dags/example_dynamic_task_mapping_with_no_taskflow_operators.py
[2025-03-24T20:13:49.353+0000] {processor.py:836} INFO - DAG(s) dict_keys(['example_dynamic_task_mapping_with_no_taskflow_operators']) retrieved from /home/vscode/.local/lib/python3.10/site-packages/airflow/example_dags/example_dynamic_task_mapping_with_no_taskflow_operators.py
[2025-03-24T20:13:49.363+0000] {logging_mixin.py:150} INFO - [2025-03-24T20:13:49.363+0000] {dag.py:2742} INFO - Sync 1 DAGs
[2025-03-24T20:13:49.377+0000] {logging_mixin.py:150} INFO - [2025-03-24T20:13:49.377+0000] {dag.py:3504} INFO - Setting next_dagrun for example_dynamic_task_mapping_with_no_taskflow_operators to 2025-03-23T20:13:49.377171+00:00, run_after=2025-03-24T20:13:49.377171+00:00
[2025-03-24T20:13:49.392+0000] {processor.py:179} INFO - Processing /home/vscode/.local/lib/python3.10/site-packages/airflow/example_dags/example_dynamic_task_mapping_with_no_taskflow_operators.py took 0.048 seconds
[2025-03-24T20:14:31.615+0000] {processor.py:157} INFO - Started process (PID=25903) to work on /home/vscode/.local/lib/python3.10/site-packages/airflow/example_dags/example_dynamic_task_mapping_with_no_taskflow_operators.py
[2025-03-24T20:14:31.616+0000] {processor.py:826} INFO - Processing file /home/vscode/.local/lib/python3.10/site-packages/airflow/example_dags/example_dynamic_task_mapping_with_no_taskflow_operators.py for tasks to queue
[2025-03-24T20:14:31.616+0000] {logging_mixin.py:150} INFO - [2025-03-24T20:14:31.616+0000] {dagbag.py:541} INFO - Filling up the DagBag from /home/vscode/.local/lib/python3.10/site-packages/airflow/example_dags/example_dynamic_task_mapping_with_no_taskflow_operators.py
[2025-03-24T20:14:31.622+0000] {processor.py:836} INFO - DAG(s) dict_keys(['example_dynamic_task_mapping_with_no_taskflow_operators']) retrieved from /home/vscode/.local/lib/python3.10/site-packages/airflow/example_dags/example_dynamic_task_mapping_with_no_taskflow_operators.py
[2025-03-24T20:14:31.632+0000] {logging_mixin.py:150} INFO - [2025-03-24T20:14:31.632+0000] {dag.py:2742} INFO - Sync 1 DAGs
[2025-03-24T20:14:31.647+0000] {logging_mixin.py:150} INFO - [2025-03-24T20:14:31.647+0000] {dag.py:3504} INFO - Setting next_dagrun for example_dynamic_task_mapping_with_no_taskflow_operators to 2025-03-23T20:14:31.647098+00:00, run_after=2025-03-24T20:14:31.647098+00:00
[2025-03-24T20:14:31.662+0000] {processor.py:179} INFO - Processing /home/vscode/.local/lib/python3.10/site-packages/airflow/example_dags/example_dynamic_task_mapping_with_no_taskflow_operators.py took 0.049 seconds
[2025-03-24T20:15:14.409+0000] {processor.py:157} INFO - Started process (PID=26201) to work on /home/vscode/.local/lib/python3.10/site-packages/airflow/example_dags/example_dynamic_task_mapping_with_no_taskflow_operators.py
[2025-03-24T20:15:14.409+0000] {processor.py:826} INFO - Processing file /home/vscode/.local/lib/python3.10/site-packages/airflow/example_dags/example_dynamic_task_mapping_with_no_taskflow_operators.py for tasks to queue
[2025-03-24T20:15:14.410+0000] {logging_mixin.py:150} INFO - [2025-03-24T20:15:14.410+0000] {dagbag.py:541} INFO - Filling up the DagBag from /home/vscode/.local/lib/python3.10/site-packages/airflow/example_dags/example_dynamic_task_mapping_with_no_taskflow_operators.py
[2025-03-24T20:15:14.415+0000] {processor.py:836} INFO - DAG(s) dict_keys(['example_dynamic_task_mapping_with_no_taskflow_operators']) retrieved from /home/vscode/.local/lib/python3.10/site-packages/airflow/example_dags/example_dynamic_task_mapping_with_no_taskflow_operators.py
[2025-03-24T20:15:14.426+0000] {logging_mixin.py:150} INFO - [2025-03-24T20:15:14.425+0000] {dag.py:2742} INFO - Sync 1 DAGs
[2025-03-24T20:15:14.439+0000] {logging_mixin.py:150} INFO - [2025-03-24T20:15:14.439+0000] {dag.py:3504} INFO - Setting next_dagrun for example_dynamic_task_mapping_with_no_taskflow_operators to 2025-03-23T20:15:14.439547+00:00, run_after=2025-03-24T20:15:14.439547+00:00
[2025-03-24T20:15:14.454+0000] {processor.py:179} INFO - Processing /home/vscode/.local/lib/python3.10/site-packages/airflow/example_dags/example_dynamic_task_mapping_with_no_taskflow_operators.py took 0.047 seconds
[2025-03-24T20:16:04.441+0000] {processor.py:157} INFO - Started process (PID=26534) to work on /home/vscode/.local/lib/python3.10/site-packages/airflow/example_dags/example_dynamic_task_mapping_with_no_taskflow_operators.py
[2025-03-24T20:16:04.442+0000] {processor.py:826} INFO - Processing file /home/vscode/.local/lib/python3.10/site-packages/airflow/example_dags/example_dynamic_task_mapping_with_no_taskflow_operators.py for tasks to queue
[2025-03-24T20:16:04.442+0000] {logging_mixin.py:150} INFO - [2025-03-24T20:16:04.442+0000] {dagbag.py:541} INFO - Filling up the DagBag from /home/vscode/.local/lib/python3.10/site-packages/airflow/example_dags/example_dynamic_task_mapping_with_no_taskflow_operators.py
[2025-03-24T20:16:04.447+0000] {processor.py:836} INFO - DAG(s) dict_keys(['example_dynamic_task_mapping_with_no_taskflow_operators']) retrieved from /home/vscode/.local/lib/python3.10/site-packages/airflow/example_dags/example_dynamic_task_mapping_with_no_taskflow_operators.py
[2025-03-24T20:16:04.458+0000] {logging_mixin.py:150} INFO - [2025-03-24T20:16:04.458+0000] {dag.py:2742} INFO - Sync 1 DAGs
[2025-03-24T20:16:04.472+0000] {logging_mixin.py:150} INFO - [2025-03-24T20:16:04.471+0000] {dag.py:3504} INFO - Setting next_dagrun for example_dynamic_task_mapping_with_no_taskflow_operators to 2025-03-23T20:16:04.471808+00:00, run_after=2025-03-24T20:16:04.471808+00:00
[2025-03-24T20:16:04.486+0000] {processor.py:179} INFO - Processing /home/vscode/.local/lib/python3.10/site-packages/airflow/example_dags/example_dynamic_task_mapping_with_no_taskflow_operators.py took 0.047 seconds
[2025-03-24T20:16:50.304+0000] {processor.py:157} INFO - Started process (PID=26842) to work on /home/vscode/.local/lib/python3.10/site-packages/airflow/example_dags/example_dynamic_task_mapping_with_no_taskflow_operators.py
[2025-03-24T20:16:50.304+0000] {processor.py:826} INFO - Processing file /home/vscode/.local/lib/python3.10/site-packages/airflow/example_dags/example_dynamic_task_mapping_with_no_taskflow_operators.py for tasks to queue
[2025-03-24T20:16:50.305+0000] {logging_mixin.py:150} INFO - [2025-03-24T20:16:50.304+0000] {dagbag.py:541} INFO - Filling up the DagBag from /home/vscode/.local/lib/python3.10/site-packages/airflow/example_dags/example_dynamic_task_mapping_with_no_taskflow_operators.py
[2025-03-24T20:16:50.310+0000] {processor.py:836} INFO - DAG(s) dict_keys(['example_dynamic_task_mapping_with_no_taskflow_operators']) retrieved from /home/vscode/.local/lib/python3.10/site-packages/airflow/example_dags/example_dynamic_task_mapping_with_no_taskflow_operators.py
[2025-03-24T20:16:50.320+0000] {logging_mixin.py:150} INFO - [2025-03-24T20:16:50.320+0000] {dag.py:2742} INFO - Sync 1 DAGs
[2025-03-24T20:16:50.335+0000] {logging_mixin.py:150} INFO - [2025-03-24T20:16:50.334+0000] {dag.py:3504} INFO - Setting next_dagrun for example_dynamic_task_mapping_with_no_taskflow_operators to 2025-03-23T20:16:50.334824+00:00, run_after=2025-03-24T20:16:50.334824+00:00
[2025-03-24T20:16:50.349+0000] {processor.py:179} INFO - Processing /home/vscode/.local/lib/python3.10/site-packages/airflow/example_dags/example_dynamic_task_mapping_with_no_taskflow_operators.py took 0.048 seconds
[2025-03-24T20:17:37.463+0000] {processor.py:157} INFO - Started process (PID=27147) to work on /home/vscode/.local/lib/python3.10/site-packages/airflow/example_dags/example_dynamic_task_mapping_with_no_taskflow_operators.py
[2025-03-24T20:17:37.464+0000] {processor.py:826} INFO - Processing file /home/vscode/.local/lib/python3.10/site-packages/airflow/example_dags/example_dynamic_task_mapping_with_no_taskflow_operators.py for tasks to queue
[2025-03-24T20:17:37.464+0000] {logging_mixin.py:150} INFO - [2025-03-24T20:17:37.464+0000] {dagbag.py:541} INFO - Filling up the DagBag from /home/vscode/.local/lib/python3.10/site-packages/airflow/example_dags/example_dynamic_task_mapping_with_no_taskflow_operators.py
[2025-03-24T20:17:37.470+0000] {processor.py:836} INFO - DAG(s) dict_keys(['example_dynamic_task_mapping_with_no_taskflow_operators']) retrieved from /home/vscode/.local/lib/python3.10/site-packages/airflow/example_dags/example_dynamic_task_mapping_with_no_taskflow_operators.py
[2025-03-24T20:17:37.481+0000] {logging_mixin.py:150} INFO - [2025-03-24T20:17:37.481+0000] {dag.py:2742} INFO - Sync 1 DAGs
[2025-03-24T20:17:37.495+0000] {logging_mixin.py:150} INFO - [2025-03-24T20:17:37.495+0000] {dag.py:3504} INFO - Setting next_dagrun for example_dynamic_task_mapping_with_no_taskflow_operators to 2025-03-23T20:17:37.495392+00:00, run_after=2025-03-24T20:17:37.495392+00:00
[2025-03-24T20:17:37.510+0000] {processor.py:179} INFO - Processing /home/vscode/.local/lib/python3.10/site-packages/airflow/example_dags/example_dynamic_task_mapping_with_no_taskflow_operators.py took 0.049 seconds
[2025-03-24T20:18:21.090+0000] {processor.py:157} INFO - Started process (PID=27451) to work on /home/vscode/.local/lib/python3.10/site-packages/airflow/example_dags/example_dynamic_task_mapping_with_no_taskflow_operators.py
[2025-03-24T20:18:21.091+0000] {processor.py:826} INFO - Processing file /home/vscode/.local/lib/python3.10/site-packages/airflow/example_dags/example_dynamic_task_mapping_with_no_taskflow_operators.py for tasks to queue
[2025-03-24T20:18:21.091+0000] {logging_mixin.py:150} INFO - [2025-03-24T20:18:21.091+0000] {dagbag.py:541} INFO - Filling up the DagBag from /home/vscode/.local/lib/python3.10/site-packages/airflow/example_dags/example_dynamic_task_mapping_with_no_taskflow_operators.py
[2025-03-24T20:18:21.096+0000] {processor.py:836} INFO - DAG(s) dict_keys(['example_dynamic_task_mapping_with_no_taskflow_operators']) retrieved from /home/vscode/.local/lib/python3.10/site-packages/airflow/example_dags/example_dynamic_task_mapping_with_no_taskflow_operators.py
[2025-03-24T20:18:21.107+0000] {logging_mixin.py:150} INFO - [2025-03-24T20:18:21.107+0000] {dag.py:2742} INFO - Sync 1 DAGs
[2025-03-24T20:18:21.121+0000] {logging_mixin.py:150} INFO - [2025-03-24T20:18:21.121+0000] {dag.py:3504} INFO - Setting next_dagrun for example_dynamic_task_mapping_with_no_taskflow_operators to 2025-03-23T20:18:21.121174+00:00, run_after=2025-03-24T20:18:21.121174+00:00
[2025-03-24T20:18:21.135+0000] {processor.py:179} INFO - Processing /home/vscode/.local/lib/python3.10/site-packages/airflow/example_dags/example_dynamic_task_mapping_with_no_taskflow_operators.py took 0.047 seconds
[2025-03-24T20:19:03.759+0000] {processor.py:157} INFO - Started process (PID=27724) to work on /home/vscode/.local/lib/python3.10/site-packages/airflow/example_dags/example_dynamic_task_mapping_with_no_taskflow_operators.py
[2025-03-24T20:19:03.759+0000] {processor.py:826} INFO - Processing file /home/vscode/.local/lib/python3.10/site-packages/airflow/example_dags/example_dynamic_task_mapping_with_no_taskflow_operators.py for tasks to queue
[2025-03-24T20:19:03.760+0000] {logging_mixin.py:150} INFO - [2025-03-24T20:19:03.760+0000] {dagbag.py:541} INFO - Filling up the DagBag from /home/vscode/.local/lib/python3.10/site-packages/airflow/example_dags/example_dynamic_task_mapping_with_no_taskflow_operators.py
[2025-03-24T20:19:03.765+0000] {processor.py:836} INFO - DAG(s) dict_keys(['example_dynamic_task_mapping_with_no_taskflow_operators']) retrieved from /home/vscode/.local/lib/python3.10/site-packages/airflow/example_dags/example_dynamic_task_mapping_with_no_taskflow_operators.py
[2025-03-24T20:19:03.776+0000] {logging_mixin.py:150} INFO - [2025-03-24T20:19:03.776+0000] {dag.py:2742} INFO - Sync 1 DAGs
[2025-03-24T20:19:03.794+0000] {logging_mixin.py:150} INFO - [2025-03-24T20:19:03.794+0000] {dag.py:3504} INFO - Setting next_dagrun for example_dynamic_task_mapping_with_no_taskflow_operators to 2025-03-23T20:19:03.794419+00:00, run_after=2025-03-24T20:19:03.794419+00:00
[2025-03-24T20:19:03.814+0000] {processor.py:179} INFO - Processing /home/vscode/.local/lib/python3.10/site-packages/airflow/example_dags/example_dynamic_task_mapping_with_no_taskflow_operators.py took 0.058 seconds
[2025-03-24T20:19:49.867+0000] {processor.py:157} INFO - Started process (PID=28067) to work on /home/vscode/.local/lib/python3.10/site-packages/airflow/example_dags/example_dynamic_task_mapping_with_no_taskflow_operators.py
[2025-03-24T20:19:49.868+0000] {processor.py:826} INFO - Processing file /home/vscode/.local/lib/python3.10/site-packages/airflow/example_dags/example_dynamic_task_mapping_with_no_taskflow_operators.py for tasks to queue
[2025-03-24T20:19:49.869+0000] {logging_mixin.py:150} INFO - [2025-03-24T20:19:49.868+0000] {dagbag.py:541} INFO - Filling up the DagBag from /home/vscode/.local/lib/python3.10/site-packages/airflow/example_dags/example_dynamic_task_mapping_with_no_taskflow_operators.py
[2025-03-24T20:19:49.874+0000] {processor.py:836} INFO - DAG(s) dict_keys(['example_dynamic_task_mapping_with_no_taskflow_operators']) retrieved from /home/vscode/.local/lib/python3.10/site-packages/airflow/example_dags/example_dynamic_task_mapping_with_no_taskflow_operators.py
[2025-03-24T20:19:49.884+0000] {logging_mixin.py:150} INFO - [2025-03-24T20:19:49.884+0000] {dag.py:2742} INFO - Sync 1 DAGs
[2025-03-24T20:19:49.898+0000] {logging_mixin.py:150} INFO - [2025-03-24T20:19:49.898+0000] {dag.py:3504} INFO - Setting next_dagrun for example_dynamic_task_mapping_with_no_taskflow_operators to 2025-03-23T20:19:49.897870+00:00, run_after=2025-03-24T20:19:49.897870+00:00
[2025-03-24T20:19:49.912+0000] {processor.py:179} INFO - Processing /home/vscode/.local/lib/python3.10/site-packages/airflow/example_dags/example_dynamic_task_mapping_with_no_taskflow_operators.py took 0.046 seconds
[2025-03-24T20:20:36.612+0000] {processor.py:157} INFO - Started process (PID=28399) to work on /home/vscode/.local/lib/python3.10/site-packages/airflow/example_dags/example_dynamic_task_mapping_with_no_taskflow_operators.py
[2025-03-24T20:20:36.612+0000] {processor.py:826} INFO - Processing file /home/vscode/.local/lib/python3.10/site-packages/airflow/example_dags/example_dynamic_task_mapping_with_no_taskflow_operators.py for tasks to queue
[2025-03-24T20:20:36.613+0000] {logging_mixin.py:150} INFO - [2025-03-24T20:20:36.613+0000] {dagbag.py:541} INFO - Filling up the DagBag from /home/vscode/.local/lib/python3.10/site-packages/airflow/example_dags/example_dynamic_task_mapping_with_no_taskflow_operators.py
[2025-03-24T20:20:36.618+0000] {processor.py:836} INFO - DAG(s) dict_keys(['example_dynamic_task_mapping_with_no_taskflow_operators']) retrieved from /home/vscode/.local/lib/python3.10/site-packages/airflow/example_dags/example_dynamic_task_mapping_with_no_taskflow_operators.py
[2025-03-24T20:20:36.628+0000] {logging_mixin.py:150} INFO - [2025-03-24T20:20:36.628+0000] {dag.py:2742} INFO - Sync 1 DAGs
[2025-03-24T20:20:36.642+0000] {logging_mixin.py:150} INFO - [2025-03-24T20:20:36.642+0000] {dag.py:3504} INFO - Setting next_dagrun for example_dynamic_task_mapping_with_no_taskflow_operators to 2025-03-23T20:20:36.641862+00:00, run_after=2025-03-24T20:20:36.641862+00:00
[2025-03-24T20:20:36.656+0000] {processor.py:179} INFO - Processing /home/vscode/.local/lib/python3.10/site-packages/airflow/example_dags/example_dynamic_task_mapping_with_no_taskflow_operators.py took 0.047 seconds
[2025-03-24T20:21:24.033+0000] {processor.py:157} INFO - Started process (PID=28767) to work on /home/vscode/.local/lib/python3.10/site-packages/airflow/example_dags/example_dynamic_task_mapping_with_no_taskflow_operators.py
[2025-03-24T20:21:24.034+0000] {processor.py:826} INFO - Processing file /home/vscode/.local/lib/python3.10/site-packages/airflow/example_dags/example_dynamic_task_mapping_with_no_taskflow_operators.py for tasks to queue
[2025-03-24T20:21:24.035+0000] {logging_mixin.py:150} INFO - [2025-03-24T20:21:24.034+0000] {dagbag.py:541} INFO - Filling up the DagBag from /home/vscode/.local/lib/python3.10/site-packages/airflow/example_dags/example_dynamic_task_mapping_with_no_taskflow_operators.py
[2025-03-24T20:21:24.040+0000] {processor.py:836} INFO - DAG(s) dict_keys(['example_dynamic_task_mapping_with_no_taskflow_operators']) retrieved from /home/vscode/.local/lib/python3.10/site-packages/airflow/example_dags/example_dynamic_task_mapping_with_no_taskflow_operators.py
[2025-03-24T20:21:24.050+0000] {logging_mixin.py:150} INFO - [2025-03-24T20:21:24.050+0000] {dag.py:2742} INFO - Sync 1 DAGs
[2025-03-24T20:21:24.064+0000] {logging_mixin.py:150} INFO - [2025-03-24T20:21:24.064+0000] {dag.py:3504} INFO - Setting next_dagrun for example_dynamic_task_mapping_with_no_taskflow_operators to 2025-03-23T20:21:24.064210+00:00, run_after=2025-03-24T20:21:24.064210+00:00
[2025-03-24T20:21:24.078+0000] {processor.py:179} INFO - Processing /home/vscode/.local/lib/python3.10/site-packages/airflow/example_dags/example_dynamic_task_mapping_with_no_taskflow_operators.py took 0.047 seconds
[2025-03-24T20:22:11.436+0000] {processor.py:157} INFO - Started process (PID=29109) to work on /home/vscode/.local/lib/python3.10/site-packages/airflow/example_dags/example_dynamic_task_mapping_with_no_taskflow_operators.py
[2025-03-24T20:22:11.437+0000] {processor.py:826} INFO - Processing file /home/vscode/.local/lib/python3.10/site-packages/airflow/example_dags/example_dynamic_task_mapping_with_no_taskflow_operators.py for tasks to queue
[2025-03-24T20:22:11.437+0000] {logging_mixin.py:150} INFO - [2025-03-24T20:22:11.437+0000] {dagbag.py:541} INFO - Filling up the DagBag from /home/vscode/.local/lib/python3.10/site-packages/airflow/example_dags/example_dynamic_task_mapping_with_no_taskflow_operators.py
[2025-03-24T20:22:11.442+0000] {processor.py:836} INFO - DAG(s) dict_keys(['example_dynamic_task_mapping_with_no_taskflow_operators']) retrieved from /home/vscode/.local/lib/python3.10/site-packages/airflow/example_dags/example_dynamic_task_mapping_with_no_taskflow_operators.py
[2025-03-24T20:22:11.455+0000] {logging_mixin.py:150} INFO - [2025-03-24T20:22:11.455+0000] {dag.py:2742} INFO - Sync 1 DAGs
[2025-03-24T20:22:11.476+0000] {logging_mixin.py:150} INFO - [2025-03-24T20:22:11.476+0000] {dag.py:3504} INFO - Setting next_dagrun for example_dynamic_task_mapping_with_no_taskflow_operators to 2025-03-23T20:22:11.476330+00:00, run_after=2025-03-24T20:22:11.476330+00:00
[2025-03-24T20:22:11.498+0000] {processor.py:179} INFO - Processing /home/vscode/.local/lib/python3.10/site-packages/airflow/example_dags/example_dynamic_task_mapping_with_no_taskflow_operators.py took 0.064 seconds
[2025-03-24T20:23:06.862+0000] {processor.py:157} INFO - Started process (PID=29523) to work on /home/vscode/.local/lib/python3.10/site-packages/airflow/example_dags/example_dynamic_task_mapping_with_no_taskflow_operators.py
[2025-03-24T20:23:06.863+0000] {processor.py:826} INFO - Processing file /home/vscode/.local/lib/python3.10/site-packages/airflow/example_dags/example_dynamic_task_mapping_with_no_taskflow_operators.py for tasks to queue
[2025-03-24T20:23:06.863+0000] {logging_mixin.py:150} INFO - [2025-03-24T20:23:06.863+0000] {dagbag.py:541} INFO - Filling up the DagBag from /home/vscode/.local/lib/python3.10/site-packages/airflow/example_dags/example_dynamic_task_mapping_with_no_taskflow_operators.py
[2025-03-24T20:23:06.868+0000] {processor.py:836} INFO - DAG(s) dict_keys(['example_dynamic_task_mapping_with_no_taskflow_operators']) retrieved from /home/vscode/.local/lib/python3.10/site-packages/airflow/example_dags/example_dynamic_task_mapping_with_no_taskflow_operators.py
[2025-03-24T20:23:06.878+0000] {logging_mixin.py:150} INFO - [2025-03-24T20:23:06.878+0000] {dag.py:2742} INFO - Sync 1 DAGs
[2025-03-24T20:23:06.892+0000] {logging_mixin.py:150} INFO - [2025-03-24T20:23:06.892+0000] {dag.py:3504} INFO - Setting next_dagrun for example_dynamic_task_mapping_with_no_taskflow_operators to 2025-03-23T20:23:06.892395+00:00, run_after=2025-03-24T20:23:06.892395+00:00
[2025-03-24T20:23:06.907+0000] {processor.py:179} INFO - Processing /home/vscode/.local/lib/python3.10/site-packages/airflow/example_dags/example_dynamic_task_mapping_with_no_taskflow_operators.py took 0.048 seconds
[2025-03-24T20:23:50.167+0000] {processor.py:157} INFO - Started process (PID=29905) to work on /home/vscode/.local/lib/python3.10/site-packages/airflow/example_dags/example_dynamic_task_mapping_with_no_taskflow_operators.py
[2025-03-24T20:23:50.167+0000] {processor.py:826} INFO - Processing file /home/vscode/.local/lib/python3.10/site-packages/airflow/example_dags/example_dynamic_task_mapping_with_no_taskflow_operators.py for tasks to queue
[2025-03-24T20:23:50.168+0000] {logging_mixin.py:150} INFO - [2025-03-24T20:23:50.168+0000] {dagbag.py:541} INFO - Filling up the DagBag from /home/vscode/.local/lib/python3.10/site-packages/airflow/example_dags/example_dynamic_task_mapping_with_no_taskflow_operators.py
[2025-03-24T20:23:50.173+0000] {processor.py:836} INFO - DAG(s) dict_keys(['example_dynamic_task_mapping_with_no_taskflow_operators']) retrieved from /home/vscode/.local/lib/python3.10/site-packages/airflow/example_dags/example_dynamic_task_mapping_with_no_taskflow_operators.py
[2025-03-24T20:23:50.184+0000] {logging_mixin.py:150} INFO - [2025-03-24T20:23:50.184+0000] {dag.py:2742} INFO - Sync 1 DAGs
[2025-03-24T20:23:50.206+0000] {logging_mixin.py:150} INFO - [2025-03-24T20:23:50.206+0000] {dag.py:3504} INFO - Setting next_dagrun for example_dynamic_task_mapping_with_no_taskflow_operators to 2025-03-23T20:23:50.203321+00:00, run_after=2025-03-24T20:23:50.203321+00:00
[2025-03-24T20:23:50.229+0000] {processor.py:179} INFO - Processing /home/vscode/.local/lib/python3.10/site-packages/airflow/example_dags/example_dynamic_task_mapping_with_no_taskflow_operators.py took 0.064 seconds
[2025-03-24T20:24:37.586+0000] {processor.py:157} INFO - Started process (PID=30242) to work on /home/vscode/.local/lib/python3.10/site-packages/airflow/example_dags/example_dynamic_task_mapping_with_no_taskflow_operators.py
[2025-03-24T20:24:37.586+0000] {processor.py:826} INFO - Processing file /home/vscode/.local/lib/python3.10/site-packages/airflow/example_dags/example_dynamic_task_mapping_with_no_taskflow_operators.py for tasks to queue
[2025-03-24T20:24:37.587+0000] {logging_mixin.py:150} INFO - [2025-03-24T20:24:37.587+0000] {dagbag.py:541} INFO - Filling up the DagBag from /home/vscode/.local/lib/python3.10/site-packages/airflow/example_dags/example_dynamic_task_mapping_with_no_taskflow_operators.py
[2025-03-24T20:24:37.593+0000] {processor.py:836} INFO - DAG(s) dict_keys(['example_dynamic_task_mapping_with_no_taskflow_operators']) retrieved from /home/vscode/.local/lib/python3.10/site-packages/airflow/example_dags/example_dynamic_task_mapping_with_no_taskflow_operators.py
[2025-03-24T20:24:37.607+0000] {logging_mixin.py:150} INFO - [2025-03-24T20:24:37.607+0000] {dag.py:2742} INFO - Sync 1 DAGs
[2025-03-24T20:24:37.629+0000] {logging_mixin.py:150} INFO - [2025-03-24T20:24:37.629+0000] {dag.py:3504} INFO - Setting next_dagrun for example_dynamic_task_mapping_with_no_taskflow_operators to 2025-03-23T20:24:37.628952+00:00, run_after=2025-03-24T20:24:37.628952+00:00
[2025-03-24T20:24:37.650+0000] {processor.py:179} INFO - Processing /home/vscode/.local/lib/python3.10/site-packages/airflow/example_dags/example_dynamic_task_mapping_with_no_taskflow_operators.py took 0.066 seconds
[2025-03-24T20:25:20.406+0000] {processor.py:157} INFO - Started process (PID=30573) to work on /home/vscode/.local/lib/python3.10/site-packages/airflow/example_dags/example_dynamic_task_mapping_with_no_taskflow_operators.py
[2025-03-24T20:25:20.407+0000] {processor.py:826} INFO - Processing file /home/vscode/.local/lib/python3.10/site-packages/airflow/example_dags/example_dynamic_task_mapping_with_no_taskflow_operators.py for tasks to queue
[2025-03-24T20:25:20.407+0000] {logging_mixin.py:150} INFO - [2025-03-24T20:25:20.407+0000] {dagbag.py:541} INFO - Filling up the DagBag from /home/vscode/.local/lib/python3.10/site-packages/airflow/example_dags/example_dynamic_task_mapping_with_no_taskflow_operators.py
[2025-03-24T20:25:20.412+0000] {processor.py:836} INFO - DAG(s) dict_keys(['example_dynamic_task_mapping_with_no_taskflow_operators']) retrieved from /home/vscode/.local/lib/python3.10/site-packages/airflow/example_dags/example_dynamic_task_mapping_with_no_taskflow_operators.py
[2025-03-24T20:25:20.423+0000] {logging_mixin.py:150} INFO - [2025-03-24T20:25:20.422+0000] {dag.py:2742} INFO - Sync 1 DAGs
[2025-03-24T20:25:20.437+0000] {logging_mixin.py:150} INFO - [2025-03-24T20:25:20.436+0000] {dag.py:3504} INFO - Setting next_dagrun for example_dynamic_task_mapping_with_no_taskflow_operators to 2025-03-23T20:25:20.436669+00:00, run_after=2025-03-24T20:25:20.436669+00:00
[2025-03-24T20:25:20.451+0000] {processor.py:179} INFO - Processing /home/vscode/.local/lib/python3.10/site-packages/airflow/example_dags/example_dynamic_task_mapping_with_no_taskflow_operators.py took 0.047 seconds
[2025-03-24T20:26:06.150+0000] {processor.py:157} INFO - Started process (PID=30934) to work on /home/vscode/.local/lib/python3.10/site-packages/airflow/example_dags/example_dynamic_task_mapping_with_no_taskflow_operators.py
[2025-03-24T20:26:06.151+0000] {processor.py:826} INFO - Processing file /home/vscode/.local/lib/python3.10/site-packages/airflow/example_dags/example_dynamic_task_mapping_with_no_taskflow_operators.py for tasks to queue
[2025-03-24T20:26:06.151+0000] {logging_mixin.py:150} INFO - [2025-03-24T20:26:06.151+0000] {dagbag.py:541} INFO - Filling up the DagBag from /home/vscode/.local/lib/python3.10/site-packages/airflow/example_dags/example_dynamic_task_mapping_with_no_taskflow_operators.py
[2025-03-24T20:26:06.156+0000] {processor.py:836} INFO - DAG(s) dict_keys(['example_dynamic_task_mapping_with_no_taskflow_operators']) retrieved from /home/vscode/.local/lib/python3.10/site-packages/airflow/example_dags/example_dynamic_task_mapping_with_no_taskflow_operators.py
[2025-03-24T20:26:06.167+0000] {logging_mixin.py:150} INFO - [2025-03-24T20:26:06.167+0000] {dag.py:2742} INFO - Sync 1 DAGs
[2025-03-24T20:26:06.181+0000] {logging_mixin.py:150} INFO - [2025-03-24T20:26:06.180+0000] {dag.py:3504} INFO - Setting next_dagrun for example_dynamic_task_mapping_with_no_taskflow_operators to 2025-03-23T20:26:06.180801+00:00, run_after=2025-03-24T20:26:06.180801+00:00
[2025-03-24T20:26:06.196+0000] {processor.py:179} INFO - Processing /home/vscode/.local/lib/python3.10/site-packages/airflow/example_dags/example_dynamic_task_mapping_with_no_taskflow_operators.py took 0.048 seconds
[2025-03-24T20:26:51.503+0000] {processor.py:157} INFO - Started process (PID=31321) to work on /home/vscode/.local/lib/python3.10/site-packages/airflow/example_dags/example_dynamic_task_mapping_with_no_taskflow_operators.py
[2025-03-24T20:26:51.504+0000] {processor.py:826} INFO - Processing file /home/vscode/.local/lib/python3.10/site-packages/airflow/example_dags/example_dynamic_task_mapping_with_no_taskflow_operators.py for tasks to queue
[2025-03-24T20:26:51.505+0000] {logging_mixin.py:150} INFO - [2025-03-24T20:26:51.504+0000] {dagbag.py:541} INFO - Filling up the DagBag from /home/vscode/.local/lib/python3.10/site-packages/airflow/example_dags/example_dynamic_task_mapping_with_no_taskflow_operators.py
[2025-03-24T20:26:51.510+0000] {processor.py:836} INFO - DAG(s) dict_keys(['example_dynamic_task_mapping_with_no_taskflow_operators']) retrieved from /home/vscode/.local/lib/python3.10/site-packages/airflow/example_dags/example_dynamic_task_mapping_with_no_taskflow_operators.py
[2025-03-24T20:26:51.520+0000] {logging_mixin.py:150} INFO - [2025-03-24T20:26:51.520+0000] {dag.py:2742} INFO - Sync 1 DAGs
[2025-03-24T20:26:51.534+0000] {logging_mixin.py:150} INFO - [2025-03-24T20:26:51.534+0000] {dag.py:3504} INFO - Setting next_dagrun for example_dynamic_task_mapping_with_no_taskflow_operators to 2025-03-23T20:26:51.534361+00:00, run_after=2025-03-24T20:26:51.534361+00:00
[2025-03-24T20:26:51.549+0000] {processor.py:179} INFO - Processing /home/vscode/.local/lib/python3.10/site-packages/airflow/example_dags/example_dynamic_task_mapping_with_no_taskflow_operators.py took 0.047 seconds
[2025-03-24T20:27:35.035+0000] {processor.py:157} INFO - Started process (PID=31717) to work on /home/vscode/.local/lib/python3.10/site-packages/airflow/example_dags/example_dynamic_task_mapping_with_no_taskflow_operators.py
[2025-03-24T20:27:35.036+0000] {processor.py:826} INFO - Processing file /home/vscode/.local/lib/python3.10/site-packages/airflow/example_dags/example_dynamic_task_mapping_with_no_taskflow_operators.py for tasks to queue
[2025-03-24T20:27:35.036+0000] {logging_mixin.py:150} INFO - [2025-03-24T20:27:35.036+0000] {dagbag.py:541} INFO - Filling up the DagBag from /home/vscode/.local/lib/python3.10/site-packages/airflow/example_dags/example_dynamic_task_mapping_with_no_taskflow_operators.py
[2025-03-24T20:27:35.042+0000] {processor.py:836} INFO - DAG(s) dict_keys(['example_dynamic_task_mapping_with_no_taskflow_operators']) retrieved from /home/vscode/.local/lib/python3.10/site-packages/airflow/example_dags/example_dynamic_task_mapping_with_no_taskflow_operators.py
[2025-03-24T20:27:35.054+0000] {logging_mixin.py:150} INFO - [2025-03-24T20:27:35.054+0000] {dag.py:2742} INFO - Sync 1 DAGs
[2025-03-24T20:27:35.068+0000] {logging_mixin.py:150} INFO - [2025-03-24T20:27:35.068+0000] {dag.py:3504} INFO - Setting next_dagrun for example_dynamic_task_mapping_with_no_taskflow_operators to 2025-03-23T20:27:35.068619+00:00, run_after=2025-03-24T20:27:35.068619+00:00
[2025-03-24T20:27:35.083+0000] {processor.py:179} INFO - Processing /home/vscode/.local/lib/python3.10/site-packages/airflow/example_dags/example_dynamic_task_mapping_with_no_taskflow_operators.py took 0.050 seconds
[2025-03-24T20:28:21.293+0000] {processor.py:157} INFO - Started process (PID=32043) to work on /home/vscode/.local/lib/python3.10/site-packages/airflow/example_dags/example_dynamic_task_mapping_with_no_taskflow_operators.py
[2025-03-24T20:28:21.294+0000] {processor.py:826} INFO - Processing file /home/vscode/.local/lib/python3.10/site-packages/airflow/example_dags/example_dynamic_task_mapping_with_no_taskflow_operators.py for tasks to queue
[2025-03-24T20:28:21.294+0000] {logging_mixin.py:150} INFO - [2025-03-24T20:28:21.294+0000] {dagbag.py:541} INFO - Filling up the DagBag from /home/vscode/.local/lib/python3.10/site-packages/airflow/example_dags/example_dynamic_task_mapping_with_no_taskflow_operators.py
[2025-03-24T20:28:21.299+0000] {processor.py:836} INFO - DAG(s) dict_keys(['example_dynamic_task_mapping_with_no_taskflow_operators']) retrieved from /home/vscode/.local/lib/python3.10/site-packages/airflow/example_dags/example_dynamic_task_mapping_with_no_taskflow_operators.py
[2025-03-24T20:28:21.310+0000] {logging_mixin.py:150} INFO - [2025-03-24T20:28:21.309+0000] {dag.py:2742} INFO - Sync 1 DAGs
[2025-03-24T20:28:21.323+0000] {logging_mixin.py:150} INFO - [2025-03-24T20:28:21.323+0000] {dag.py:3504} INFO - Setting next_dagrun for example_dynamic_task_mapping_with_no_taskflow_operators to 2025-03-23T20:28:21.323418+00:00, run_after=2025-03-24T20:28:21.323418+00:00
[2025-03-24T20:28:21.338+0000] {processor.py:179} INFO - Processing /home/vscode/.local/lib/python3.10/site-packages/airflow/example_dags/example_dynamic_task_mapping_with_no_taskflow_operators.py took 0.047 seconds
[2025-03-24T20:29:03.338+0000] {processor.py:157} INFO - Started process (PID=32364) to work on /home/vscode/.local/lib/python3.10/site-packages/airflow/example_dags/example_dynamic_task_mapping_with_no_taskflow_operators.py
[2025-03-24T20:29:03.339+0000] {processor.py:826} INFO - Processing file /home/vscode/.local/lib/python3.10/site-packages/airflow/example_dags/example_dynamic_task_mapping_with_no_taskflow_operators.py for tasks to queue
[2025-03-24T20:29:03.339+0000] {logging_mixin.py:150} INFO - [2025-03-24T20:29:03.339+0000] {dagbag.py:541} INFO - Filling up the DagBag from /home/vscode/.local/lib/python3.10/site-packages/airflow/example_dags/example_dynamic_task_mapping_with_no_taskflow_operators.py
[2025-03-24T20:29:03.344+0000] {processor.py:836} INFO - DAG(s) dict_keys(['example_dynamic_task_mapping_with_no_taskflow_operators']) retrieved from /home/vscode/.local/lib/python3.10/site-packages/airflow/example_dags/example_dynamic_task_mapping_with_no_taskflow_operators.py
[2025-03-24T20:29:03.355+0000] {logging_mixin.py:150} INFO - [2025-03-24T20:29:03.355+0000] {dag.py:2742} INFO - Sync 1 DAGs
[2025-03-24T20:29:03.369+0000] {logging_mixin.py:150} INFO - [2025-03-24T20:29:03.369+0000] {dag.py:3504} INFO - Setting next_dagrun for example_dynamic_task_mapping_with_no_taskflow_operators to 2025-03-23T20:29:03.369325+00:00, run_after=2025-03-24T20:29:03.369325+00:00
[2025-03-24T20:29:03.385+0000] {processor.py:179} INFO - Processing /home/vscode/.local/lib/python3.10/site-packages/airflow/example_dags/example_dynamic_task_mapping_with_no_taskflow_operators.py took 0.049 seconds
[2025-03-24T20:29:49.748+0000] {processor.py:157} INFO - Started process (PID=32677) to work on /home/vscode/.local/lib/python3.10/site-packages/airflow/example_dags/example_dynamic_task_mapping_with_no_taskflow_operators.py
[2025-03-24T20:29:49.749+0000] {processor.py:826} INFO - Processing file /home/vscode/.local/lib/python3.10/site-packages/airflow/example_dags/example_dynamic_task_mapping_with_no_taskflow_operators.py for tasks to queue
[2025-03-24T20:29:49.749+0000] {logging_mixin.py:150} INFO - [2025-03-24T20:29:49.749+0000] {dagbag.py:541} INFO - Filling up the DagBag from /home/vscode/.local/lib/python3.10/site-packages/airflow/example_dags/example_dynamic_task_mapping_with_no_taskflow_operators.py
[2025-03-24T20:29:49.754+0000] {processor.py:836} INFO - DAG(s) dict_keys(['example_dynamic_task_mapping_with_no_taskflow_operators']) retrieved from /home/vscode/.local/lib/python3.10/site-packages/airflow/example_dags/example_dynamic_task_mapping_with_no_taskflow_operators.py
[2025-03-24T20:29:49.769+0000] {logging_mixin.py:150} INFO - [2025-03-24T20:29:49.769+0000] {dag.py:2742} INFO - Sync 1 DAGs
[2025-03-24T20:29:49.790+0000] {logging_mixin.py:150} INFO - [2025-03-24T20:29:49.790+0000] {dag.py:3504} INFO - Setting next_dagrun for example_dynamic_task_mapping_with_no_taskflow_operators to 2025-03-23T20:29:49.790550+00:00, run_after=2025-03-24T20:29:49.790550+00:00
[2025-03-24T20:29:49.807+0000] {processor.py:179} INFO - Processing /home/vscode/.local/lib/python3.10/site-packages/airflow/example_dags/example_dynamic_task_mapping_with_no_taskflow_operators.py took 0.061 seconds
[2025-03-24T20:30:33.066+0000] {processor.py:157} INFO - Started process (PID=32974) to work on /home/vscode/.local/lib/python3.10/site-packages/airflow/example_dags/example_dynamic_task_mapping_with_no_taskflow_operators.py
[2025-03-24T20:30:33.067+0000] {processor.py:826} INFO - Processing file /home/vscode/.local/lib/python3.10/site-packages/airflow/example_dags/example_dynamic_task_mapping_with_no_taskflow_operators.py for tasks to queue
[2025-03-24T20:30:33.068+0000] {logging_mixin.py:150} INFO - [2025-03-24T20:30:33.067+0000] {dagbag.py:541} INFO - Filling up the DagBag from /home/vscode/.local/lib/python3.10/site-packages/airflow/example_dags/example_dynamic_task_mapping_with_no_taskflow_operators.py
[2025-03-24T20:30:33.073+0000] {processor.py:836} INFO - DAG(s) dict_keys(['example_dynamic_task_mapping_with_no_taskflow_operators']) retrieved from /home/vscode/.local/lib/python3.10/site-packages/airflow/example_dags/example_dynamic_task_mapping_with_no_taskflow_operators.py
[2025-03-24T20:30:33.083+0000] {logging_mixin.py:150} INFO - [2025-03-24T20:30:33.083+0000] {dag.py:2742} INFO - Sync 1 DAGs
[2025-03-24T20:30:33.098+0000] {logging_mixin.py:150} INFO - [2025-03-24T20:30:33.098+0000] {dag.py:3504} INFO - Setting next_dagrun for example_dynamic_task_mapping_with_no_taskflow_operators to 2025-03-23T20:30:33.098261+00:00, run_after=2025-03-24T20:30:33.098261+00:00
[2025-03-24T20:30:33.113+0000] {processor.py:179} INFO - Processing /home/vscode/.local/lib/python3.10/site-packages/airflow/example_dags/example_dynamic_task_mapping_with_no_taskflow_operators.py took 0.049 seconds
[2025-03-24T20:31:16.269+0000] {processor.py:157} INFO - Started process (PID=33264) to work on /home/vscode/.local/lib/python3.10/site-packages/airflow/example_dags/example_dynamic_task_mapping_with_no_taskflow_operators.py
[2025-03-24T20:31:16.270+0000] {processor.py:826} INFO - Processing file /home/vscode/.local/lib/python3.10/site-packages/airflow/example_dags/example_dynamic_task_mapping_with_no_taskflow_operators.py for tasks to queue
[2025-03-24T20:31:16.270+0000] {logging_mixin.py:150} INFO - [2025-03-24T20:31:16.270+0000] {dagbag.py:541} INFO - Filling up the DagBag from /home/vscode/.local/lib/python3.10/site-packages/airflow/example_dags/example_dynamic_task_mapping_with_no_taskflow_operators.py
[2025-03-24T20:31:16.275+0000] {processor.py:836} INFO - DAG(s) dict_keys(['example_dynamic_task_mapping_with_no_taskflow_operators']) retrieved from /home/vscode/.local/lib/python3.10/site-packages/airflow/example_dags/example_dynamic_task_mapping_with_no_taskflow_operators.py
[2025-03-24T20:31:16.286+0000] {logging_mixin.py:150} INFO - [2025-03-24T20:31:16.286+0000] {dag.py:2742} INFO - Sync 1 DAGs
[2025-03-24T20:31:16.300+0000] {logging_mixin.py:150} INFO - [2025-03-24T20:31:16.300+0000] {dag.py:3504} INFO - Setting next_dagrun for example_dynamic_task_mapping_with_no_taskflow_operators to 2025-03-23T20:31:16.299943+00:00, run_after=2025-03-24T20:31:16.299943+00:00
[2025-03-24T20:31:16.318+0000] {processor.py:179} INFO - Processing /home/vscode/.local/lib/python3.10/site-packages/airflow/example_dags/example_dynamic_task_mapping_with_no_taskflow_operators.py took 0.051 seconds
[2025-03-24T20:31:58.118+0000] {processor.py:157} INFO - Started process (PID=33547) to work on /home/vscode/.local/lib/python3.10/site-packages/airflow/example_dags/example_dynamic_task_mapping_with_no_taskflow_operators.py
[2025-03-24T20:31:58.119+0000] {processor.py:826} INFO - Processing file /home/vscode/.local/lib/python3.10/site-packages/airflow/example_dags/example_dynamic_task_mapping_with_no_taskflow_operators.py for tasks to queue
[2025-03-24T20:31:58.120+0000] {logging_mixin.py:150} INFO - [2025-03-24T20:31:58.119+0000] {dagbag.py:541} INFO - Filling up the DagBag from /home/vscode/.local/lib/python3.10/site-packages/airflow/example_dags/example_dynamic_task_mapping_with_no_taskflow_operators.py
[2025-03-24T20:31:58.125+0000] {processor.py:836} INFO - DAG(s) dict_keys(['example_dynamic_task_mapping_with_no_taskflow_operators']) retrieved from /home/vscode/.local/lib/python3.10/site-packages/airflow/example_dags/example_dynamic_task_mapping_with_no_taskflow_operators.py
[2025-03-24T20:31:58.135+0000] {logging_mixin.py:150} INFO - [2025-03-24T20:31:58.135+0000] {dag.py:2742} INFO - Sync 1 DAGs
[2025-03-24T20:31:58.149+0000] {logging_mixin.py:150} INFO - [2025-03-24T20:31:58.149+0000] {dag.py:3504} INFO - Setting next_dagrun for example_dynamic_task_mapping_with_no_taskflow_operators to 2025-03-23T20:31:58.149253+00:00, run_after=2025-03-24T20:31:58.149253+00:00
[2025-03-24T20:31:58.163+0000] {processor.py:179} INFO - Processing /home/vscode/.local/lib/python3.10/site-packages/airflow/example_dags/example_dynamic_task_mapping_with_no_taskflow_operators.py took 0.047 seconds
[2025-03-24T20:32:42.154+0000] {processor.py:157} INFO - Started process (PID=33840) to work on /home/vscode/.local/lib/python3.10/site-packages/airflow/example_dags/example_dynamic_task_mapping_with_no_taskflow_operators.py
[2025-03-24T20:32:42.155+0000] {processor.py:826} INFO - Processing file /home/vscode/.local/lib/python3.10/site-packages/airflow/example_dags/example_dynamic_task_mapping_with_no_taskflow_operators.py for tasks to queue
[2025-03-24T20:32:42.155+0000] {logging_mixin.py:150} INFO - [2025-03-24T20:32:42.155+0000] {dagbag.py:541} INFO - Filling up the DagBag from /home/vscode/.local/lib/python3.10/site-packages/airflow/example_dags/example_dynamic_task_mapping_with_no_taskflow_operators.py
[2025-03-24T20:32:42.160+0000] {processor.py:836} INFO - DAG(s) dict_keys(['example_dynamic_task_mapping_with_no_taskflow_operators']) retrieved from /home/vscode/.local/lib/python3.10/site-packages/airflow/example_dags/example_dynamic_task_mapping_with_no_taskflow_operators.py
[2025-03-24T20:32:42.171+0000] {logging_mixin.py:150} INFO - [2025-03-24T20:32:42.171+0000] {dag.py:2742} INFO - Sync 1 DAGs
[2025-03-24T20:32:42.186+0000] {logging_mixin.py:150} INFO - [2025-03-24T20:32:42.185+0000] {dag.py:3504} INFO - Setting next_dagrun for example_dynamic_task_mapping_with_no_taskflow_operators to 2025-03-23T20:32:42.185796+00:00, run_after=2025-03-24T20:32:42.185796+00:00
[2025-03-24T20:32:42.200+0000] {processor.py:179} INFO - Processing /home/vscode/.local/lib/python3.10/site-packages/airflow/example_dags/example_dynamic_task_mapping_with_no_taskflow_operators.py took 0.048 seconds
[2025-03-24T20:33:30.930+0000] {processor.py:157} INFO - Started process (PID=34271) to work on /home/vscode/.local/lib/python3.10/site-packages/airflow/example_dags/example_dynamic_task_mapping_with_no_taskflow_operators.py
[2025-03-24T20:33:30.930+0000] {processor.py:826} INFO - Processing file /home/vscode/.local/lib/python3.10/site-packages/airflow/example_dags/example_dynamic_task_mapping_with_no_taskflow_operators.py for tasks to queue
[2025-03-24T20:33:30.931+0000] {logging_mixin.py:150} INFO - [2025-03-24T20:33:30.931+0000] {dagbag.py:541} INFO - Filling up the DagBag from /home/vscode/.local/lib/python3.10/site-packages/airflow/example_dags/example_dynamic_task_mapping_with_no_taskflow_operators.py
[2025-03-24T20:33:30.936+0000] {processor.py:836} INFO - DAG(s) dict_keys(['example_dynamic_task_mapping_with_no_taskflow_operators']) retrieved from /home/vscode/.local/lib/python3.10/site-packages/airflow/example_dags/example_dynamic_task_mapping_with_no_taskflow_operators.py
[2025-03-24T20:33:30.946+0000] {logging_mixin.py:150} INFO - [2025-03-24T20:33:30.946+0000] {dag.py:2742} INFO - Sync 1 DAGs
[2025-03-24T20:33:30.961+0000] {logging_mixin.py:150} INFO - [2025-03-24T20:33:30.961+0000] {dag.py:3504} INFO - Setting next_dagrun for example_dynamic_task_mapping_with_no_taskflow_operators to 2025-03-23T20:33:30.960422+00:00, run_after=2025-03-24T20:33:30.960422+00:00
[2025-03-24T20:33:30.976+0000] {processor.py:179} INFO - Processing /home/vscode/.local/lib/python3.10/site-packages/airflow/example_dags/example_dynamic_task_mapping_with_no_taskflow_operators.py took 0.048 seconds
[2025-03-24T20:34:19.801+0000] {processor.py:157} INFO - Started process (PID=34595) to work on /home/vscode/.local/lib/python3.10/site-packages/airflow/example_dags/example_dynamic_task_mapping_with_no_taskflow_operators.py
[2025-03-24T20:34:19.802+0000] {processor.py:826} INFO - Processing file /home/vscode/.local/lib/python3.10/site-packages/airflow/example_dags/example_dynamic_task_mapping_with_no_taskflow_operators.py for tasks to queue
[2025-03-24T20:34:19.803+0000] {logging_mixin.py:150} INFO - [2025-03-24T20:34:19.802+0000] {dagbag.py:541} INFO - Filling up the DagBag from /home/vscode/.local/lib/python3.10/site-packages/airflow/example_dags/example_dynamic_task_mapping_with_no_taskflow_operators.py
[2025-03-24T20:34:19.808+0000] {processor.py:836} INFO - DAG(s) dict_keys(['example_dynamic_task_mapping_with_no_taskflow_operators']) retrieved from /home/vscode/.local/lib/python3.10/site-packages/airflow/example_dags/example_dynamic_task_mapping_with_no_taskflow_operators.py
[2025-03-24T20:34:19.818+0000] {logging_mixin.py:150} INFO - [2025-03-24T20:34:19.818+0000] {dag.py:2742} INFO - Sync 1 DAGs
[2025-03-24T20:34:19.831+0000] {logging_mixin.py:150} INFO - [2025-03-24T20:34:19.831+0000] {dag.py:3504} INFO - Setting next_dagrun for example_dynamic_task_mapping_with_no_taskflow_operators to 2025-03-23T20:34:19.831721+00:00, run_after=2025-03-24T20:34:19.831721+00:00
[2025-03-24T20:34:19.846+0000] {processor.py:179} INFO - Processing /home/vscode/.local/lib/python3.10/site-packages/airflow/example_dags/example_dynamic_task_mapping_with_no_taskflow_operators.py took 0.047 seconds
[2025-03-24T20:35:02.911+0000] {processor.py:157} INFO - Started process (PID=34882) to work on /home/vscode/.local/lib/python3.10/site-packages/airflow/example_dags/example_dynamic_task_mapping_with_no_taskflow_operators.py
[2025-03-24T20:35:02.912+0000] {processor.py:826} INFO - Processing file /home/vscode/.local/lib/python3.10/site-packages/airflow/example_dags/example_dynamic_task_mapping_with_no_taskflow_operators.py for tasks to queue
[2025-03-24T20:35:02.912+0000] {logging_mixin.py:150} INFO - [2025-03-24T20:35:02.912+0000] {dagbag.py:541} INFO - Filling up the DagBag from /home/vscode/.local/lib/python3.10/site-packages/airflow/example_dags/example_dynamic_task_mapping_with_no_taskflow_operators.py
[2025-03-24T20:35:02.917+0000] {processor.py:836} INFO - DAG(s) dict_keys(['example_dynamic_task_mapping_with_no_taskflow_operators']) retrieved from /home/vscode/.local/lib/python3.10/site-packages/airflow/example_dags/example_dynamic_task_mapping_with_no_taskflow_operators.py
[2025-03-24T20:35:02.928+0000] {logging_mixin.py:150} INFO - [2025-03-24T20:35:02.928+0000] {dag.py:2742} INFO - Sync 1 DAGs
[2025-03-24T20:35:02.942+0000] {logging_mixin.py:150} INFO - [2025-03-24T20:35:02.942+0000] {dag.py:3504} INFO - Setting next_dagrun for example_dynamic_task_mapping_with_no_taskflow_operators to 2025-03-23T20:35:02.942157+00:00, run_after=2025-03-24T20:35:02.942157+00:00
[2025-03-24T20:35:02.957+0000] {processor.py:179} INFO - Processing /home/vscode/.local/lib/python3.10/site-packages/airflow/example_dags/example_dynamic_task_mapping_with_no_taskflow_operators.py took 0.048 seconds
[2025-03-24T20:35:48.754+0000] {processor.py:157} INFO - Started process (PID=35195) to work on /home/vscode/.local/lib/python3.10/site-packages/airflow/example_dags/example_dynamic_task_mapping_with_no_taskflow_operators.py
[2025-03-24T20:35:48.754+0000] {processor.py:826} INFO - Processing file /home/vscode/.local/lib/python3.10/site-packages/airflow/example_dags/example_dynamic_task_mapping_with_no_taskflow_operators.py for tasks to queue
[2025-03-24T20:35:48.755+0000] {logging_mixin.py:150} INFO - [2025-03-24T20:35:48.754+0000] {dagbag.py:541} INFO - Filling up the DagBag from /home/vscode/.local/lib/python3.10/site-packages/airflow/example_dags/example_dynamic_task_mapping_with_no_taskflow_operators.py
[2025-03-24T20:35:48.760+0000] {processor.py:836} INFO - DAG(s) dict_keys(['example_dynamic_task_mapping_with_no_taskflow_operators']) retrieved from /home/vscode/.local/lib/python3.10/site-packages/airflow/example_dags/example_dynamic_task_mapping_with_no_taskflow_operators.py
[2025-03-24T20:35:48.773+0000] {logging_mixin.py:150} INFO - [2025-03-24T20:35:48.773+0000] {dag.py:2742} INFO - Sync 1 DAGs
[2025-03-24T20:35:48.787+0000] {logging_mixin.py:150} INFO - [2025-03-24T20:35:48.787+0000] {dag.py:3504} INFO - Setting next_dagrun for example_dynamic_task_mapping_with_no_taskflow_operators to 2025-03-23T20:35:48.787107+00:00, run_after=2025-03-24T20:35:48.787107+00:00
[2025-03-24T20:35:48.801+0000] {processor.py:179} INFO - Processing /home/vscode/.local/lib/python3.10/site-packages/airflow/example_dags/example_dynamic_task_mapping_with_no_taskflow_operators.py took 0.049 seconds
[2025-03-24T20:36:32.666+0000] {processor.py:157} INFO - Started process (PID=35502) to work on /home/vscode/.local/lib/python3.10/site-packages/airflow/example_dags/example_dynamic_task_mapping_with_no_taskflow_operators.py
[2025-03-24T20:36:32.667+0000] {processor.py:826} INFO - Processing file /home/vscode/.local/lib/python3.10/site-packages/airflow/example_dags/example_dynamic_task_mapping_with_no_taskflow_operators.py for tasks to queue
[2025-03-24T20:36:32.667+0000] {logging_mixin.py:150} INFO - [2025-03-24T20:36:32.667+0000] {dagbag.py:541} INFO - Filling up the DagBag from /home/vscode/.local/lib/python3.10/site-packages/airflow/example_dags/example_dynamic_task_mapping_with_no_taskflow_operators.py
[2025-03-24T20:36:32.672+0000] {processor.py:836} INFO - DAG(s) dict_keys(['example_dynamic_task_mapping_with_no_taskflow_operators']) retrieved from /home/vscode/.local/lib/python3.10/site-packages/airflow/example_dags/example_dynamic_task_mapping_with_no_taskflow_operators.py
[2025-03-24T20:36:32.683+0000] {logging_mixin.py:150} INFO - [2025-03-24T20:36:32.683+0000] {dag.py:2742} INFO - Sync 1 DAGs
[2025-03-24T20:36:32.697+0000] {logging_mixin.py:150} INFO - [2025-03-24T20:36:32.697+0000] {dag.py:3504} INFO - Setting next_dagrun for example_dynamic_task_mapping_with_no_taskflow_operators to 2025-03-23T20:36:32.697286+00:00, run_after=2025-03-24T20:36:32.697286+00:00
[2025-03-24T20:36:32.712+0000] {processor.py:179} INFO - Processing /home/vscode/.local/lib/python3.10/site-packages/airflow/example_dags/example_dynamic_task_mapping_with_no_taskflow_operators.py took 0.048 seconds
[2025-03-24T20:37:19.823+0000] {processor.py:157} INFO - Started process (PID=35858) to work on /home/vscode/.local/lib/python3.10/site-packages/airflow/example_dags/example_dynamic_task_mapping_with_no_taskflow_operators.py
[2025-03-24T20:37:19.823+0000] {processor.py:826} INFO - Processing file /home/vscode/.local/lib/python3.10/site-packages/airflow/example_dags/example_dynamic_task_mapping_with_no_taskflow_operators.py for tasks to queue
[2025-03-24T20:37:19.824+0000] {logging_mixin.py:150} INFO - [2025-03-24T20:37:19.824+0000] {dagbag.py:541} INFO - Filling up the DagBag from /home/vscode/.local/lib/python3.10/site-packages/airflow/example_dags/example_dynamic_task_mapping_with_no_taskflow_operators.py
[2025-03-24T20:37:19.829+0000] {processor.py:836} INFO - DAG(s) dict_keys(['example_dynamic_task_mapping_with_no_taskflow_operators']) retrieved from /home/vscode/.local/lib/python3.10/site-packages/airflow/example_dags/example_dynamic_task_mapping_with_no_taskflow_operators.py
[2025-03-24T20:37:19.840+0000] {logging_mixin.py:150} INFO - [2025-03-24T20:37:19.840+0000] {dag.py:2742} INFO - Sync 1 DAGs
[2025-03-24T20:37:19.864+0000] {logging_mixin.py:150} INFO - [2025-03-24T20:37:19.864+0000] {dag.py:3504} INFO - Setting next_dagrun for example_dynamic_task_mapping_with_no_taskflow_operators to 2025-03-23T20:37:19.863844+00:00, run_after=2025-03-24T20:37:19.863844+00:00
[2025-03-24T20:37:19.889+0000] {processor.py:179} INFO - Processing /home/vscode/.local/lib/python3.10/site-packages/airflow/example_dags/example_dynamic_task_mapping_with_no_taskflow_operators.py took 0.068 seconds
[2025-03-24T20:38:03.499+0000] {processor.py:157} INFO - Started process (PID=36164) to work on /home/vscode/.local/lib/python3.10/site-packages/airflow/example_dags/example_dynamic_task_mapping_with_no_taskflow_operators.py
[2025-03-24T20:38:03.499+0000] {processor.py:826} INFO - Processing file /home/vscode/.local/lib/python3.10/site-packages/airflow/example_dags/example_dynamic_task_mapping_with_no_taskflow_operators.py for tasks to queue
[2025-03-24T20:38:03.500+0000] {logging_mixin.py:150} INFO - [2025-03-24T20:38:03.500+0000] {dagbag.py:541} INFO - Filling up the DagBag from /home/vscode/.local/lib/python3.10/site-packages/airflow/example_dags/example_dynamic_task_mapping_with_no_taskflow_operators.py
[2025-03-24T20:38:03.505+0000] {processor.py:836} INFO - DAG(s) dict_keys(['example_dynamic_task_mapping_with_no_taskflow_operators']) retrieved from /home/vscode/.local/lib/python3.10/site-packages/airflow/example_dags/example_dynamic_task_mapping_with_no_taskflow_operators.py
[2025-03-24T20:38:03.515+0000] {logging_mixin.py:150} INFO - [2025-03-24T20:38:03.515+0000] {dag.py:2742} INFO - Sync 1 DAGs
[2025-03-24T20:38:03.529+0000] {logging_mixin.py:150} INFO - [2025-03-24T20:38:03.529+0000] {dag.py:3504} INFO - Setting next_dagrun for example_dynamic_task_mapping_with_no_taskflow_operators to 2025-03-23T20:38:03.529695+00:00, run_after=2025-03-24T20:38:03.529695+00:00
[2025-03-24T20:38:03.543+0000] {processor.py:179} INFO - Processing /home/vscode/.local/lib/python3.10/site-packages/airflow/example_dags/example_dynamic_task_mapping_with_no_taskflow_operators.py took 0.047 seconds
