[2025-03-24T20:12:31.954+0000] {processor.py:157} INFO - Started process (PID=25059) to work on /home/vscode/.local/lib/python3.10/site-packages/airflow/example_dags/example_trigger_target_dag.py
[2025-03-24T20:12:31.955+0000] {processor.py:826} INFO - Processing file /home/vscode/.local/lib/python3.10/site-packages/airflow/example_dags/example_trigger_target_dag.py for tasks to queue
[2025-03-24T20:12:31.956+0000] {logging_mixin.py:150} INFO - [2025-03-24T20:12:31.955+0000] {dagbag.py:541} INFO - Filling up the DagBag from /home/vscode/.local/lib/python3.10/site-packages/airflow/example_dags/example_trigger_target_dag.py
[2025-03-24T20:12:31.962+0000] {processor.py:836} INFO - DAG(s) dict_keys(['example_trigger_target_dag']) retrieved from /home/vscode/.local/lib/python3.10/site-packages/airflow/example_dags/example_trigger_target_dag.py
[2025-03-24T20:12:32.034+0000] {logging_mixin.py:150} INFO - [2025-03-24T20:12:32.034+0000] {manager.py:504} INFO - Created Permission View: can delete on DAG:example_trigger_target_dag
[2025-03-24T20:12:32.043+0000] {logging_mixin.py:150} INFO - [2025-03-24T20:12:32.042+0000] {manager.py:504} INFO - Created Permission View: can edit on DAG:example_trigger_target_dag
[2025-03-24T20:12:32.049+0000] {logging_mixin.py:150} INFO - [2025-03-24T20:12:32.049+0000] {manager.py:504} INFO - Created Permission View: can read on DAG:example_trigger_target_dag
[2025-03-24T20:12:32.057+0000] {logging_mixin.py:150} INFO - [2025-03-24T20:12:32.057+0000] {dag.py:2742} INFO - Sync 1 DAGs
[2025-03-24T20:12:32.064+0000] {logging_mixin.py:150} INFO - [2025-03-24T20:12:32.064+0000] {dag.py:2763} INFO - Creating ORM DAG for example_trigger_target_dag
[2025-03-24T20:12:32.070+0000] {logging_mixin.py:150} INFO - [2025-03-24T20:12:32.070+0000] {dag.py:3504} INFO - Setting next_dagrun for example_trigger_target_dag to None, run_after=None
[2025-03-24T20:12:32.085+0000] {processor.py:179} INFO - Processing /home/vscode/.local/lib/python3.10/site-packages/airflow/example_dags/example_trigger_target_dag.py took 0.133 seconds
[2025-03-24T20:13:20.826+0000] {processor.py:157} INFO - Started process (PID=25430) to work on /home/vscode/.local/lib/python3.10/site-packages/airflow/example_dags/example_trigger_target_dag.py
[2025-03-24T20:13:20.827+0000] {processor.py:826} INFO - Processing file /home/vscode/.local/lib/python3.10/site-packages/airflow/example_dags/example_trigger_target_dag.py for tasks to queue
[2025-03-24T20:13:20.827+0000] {logging_mixin.py:150} INFO - [2025-03-24T20:13:20.827+0000] {dagbag.py:541} INFO - Filling up the DagBag from /home/vscode/.local/lib/python3.10/site-packages/airflow/example_dags/example_trigger_target_dag.py
[2025-03-24T20:13:20.832+0000] {processor.py:836} INFO - DAG(s) dict_keys(['example_trigger_target_dag']) retrieved from /home/vscode/.local/lib/python3.10/site-packages/airflow/example_dags/example_trigger_target_dag.py
[2025-03-24T20:13:20.843+0000] {logging_mixin.py:150} INFO - [2025-03-24T20:13:20.843+0000] {dag.py:2742} INFO - Sync 1 DAGs
[2025-03-24T20:13:20.856+0000] {logging_mixin.py:150} INFO - [2025-03-24T20:13:20.856+0000] {dag.py:3504} INFO - Setting next_dagrun for example_trigger_target_dag to None, run_after=None
[2025-03-24T20:13:20.871+0000] {processor.py:179} INFO - Processing /home/vscode/.local/lib/python3.10/site-packages/airflow/example_dags/example_trigger_target_dag.py took 0.047 seconds
[2025-03-24T20:14:05.923+0000] {processor.py:157} INFO - Started process (PID=25723) to work on /home/vscode/.local/lib/python3.10/site-packages/airflow/example_dags/example_trigger_target_dag.py
[2025-03-24T20:14:05.924+0000] {processor.py:826} INFO - Processing file /home/vscode/.local/lib/python3.10/site-packages/airflow/example_dags/example_trigger_target_dag.py for tasks to queue
[2025-03-24T20:14:05.925+0000] {logging_mixin.py:150} INFO - [2025-03-24T20:14:05.924+0000] {dagbag.py:541} INFO - Filling up the DagBag from /home/vscode/.local/lib/python3.10/site-packages/airflow/example_dags/example_trigger_target_dag.py
[2025-03-24T20:14:05.929+0000] {processor.py:836} INFO - DAG(s) dict_keys(['example_trigger_target_dag']) retrieved from /home/vscode/.local/lib/python3.10/site-packages/airflow/example_dags/example_trigger_target_dag.py
[2025-03-24T20:14:05.939+0000] {logging_mixin.py:150} INFO - [2025-03-24T20:14:05.939+0000] {dag.py:2742} INFO - Sync 1 DAGs
[2025-03-24T20:14:05.953+0000] {logging_mixin.py:150} INFO - [2025-03-24T20:14:05.953+0000] {dag.py:3504} INFO - Setting next_dagrun for example_trigger_target_dag to None, run_after=None
[2025-03-24T20:14:05.968+0000] {processor.py:179} INFO - Processing /home/vscode/.local/lib/python3.10/site-packages/airflow/example_dags/example_trigger_target_dag.py took 0.046 seconds
[2025-03-24T20:14:44.738+0000] {processor.py:157} INFO - Started process (PID=25991) to work on /home/vscode/.local/lib/python3.10/site-packages/airflow/example_dags/example_trigger_target_dag.py
[2025-03-24T20:14:44.738+0000] {processor.py:826} INFO - Processing file /home/vscode/.local/lib/python3.10/site-packages/airflow/example_dags/example_trigger_target_dag.py for tasks to queue
[2025-03-24T20:14:44.739+0000] {logging_mixin.py:150} INFO - [2025-03-24T20:14:44.739+0000] {dagbag.py:541} INFO - Filling up the DagBag from /home/vscode/.local/lib/python3.10/site-packages/airflow/example_dags/example_trigger_target_dag.py
[2025-03-24T20:14:44.743+0000] {processor.py:836} INFO - DAG(s) dict_keys(['example_trigger_target_dag']) retrieved from /home/vscode/.local/lib/python3.10/site-packages/airflow/example_dags/example_trigger_target_dag.py
[2025-03-24T20:14:44.754+0000] {logging_mixin.py:150} INFO - [2025-03-24T20:14:44.754+0000] {dag.py:2742} INFO - Sync 1 DAGs
[2025-03-24T20:14:44.767+0000] {logging_mixin.py:150} INFO - [2025-03-24T20:14:44.767+0000] {dag.py:3504} INFO - Setting next_dagrun for example_trigger_target_dag to None, run_after=None
[2025-03-24T20:14:44.782+0000] {processor.py:179} INFO - Processing /home/vscode/.local/lib/python3.10/site-packages/airflow/example_dags/example_trigger_target_dag.py took 0.046 seconds
[2025-03-24T20:15:25.844+0000] {processor.py:157} INFO - Started process (PID=26277) to work on /home/vscode/.local/lib/python3.10/site-packages/airflow/example_dags/example_trigger_target_dag.py
[2025-03-24T20:15:25.845+0000] {processor.py:826} INFO - Processing file /home/vscode/.local/lib/python3.10/site-packages/airflow/example_dags/example_trigger_target_dag.py for tasks to queue
[2025-03-24T20:15:25.846+0000] {logging_mixin.py:150} INFO - [2025-03-24T20:15:25.845+0000] {dagbag.py:541} INFO - Filling up the DagBag from /home/vscode/.local/lib/python3.10/site-packages/airflow/example_dags/example_trigger_target_dag.py
[2025-03-24T20:15:25.850+0000] {processor.py:836} INFO - DAG(s) dict_keys(['example_trigger_target_dag']) retrieved from /home/vscode/.local/lib/python3.10/site-packages/airflow/example_dags/example_trigger_target_dag.py
[2025-03-24T20:15:25.860+0000] {logging_mixin.py:150} INFO - [2025-03-24T20:15:25.860+0000] {dag.py:2742} INFO - Sync 1 DAGs
[2025-03-24T20:15:25.874+0000] {logging_mixin.py:150} INFO - [2025-03-24T20:15:25.874+0000] {dag.py:3504} INFO - Setting next_dagrun for example_trigger_target_dag to None, run_after=None
[2025-03-24T20:15:25.889+0000] {processor.py:179} INFO - Processing /home/vscode/.local/lib/python3.10/site-packages/airflow/example_dags/example_trigger_target_dag.py took 0.046 seconds
[2025-03-24T20:16:13.149+0000] {processor.py:157} INFO - Started process (PID=26593) to work on /home/vscode/.local/lib/python3.10/site-packages/airflow/example_dags/example_trigger_target_dag.py
[2025-03-24T20:16:13.149+0000] {processor.py:826} INFO - Processing file /home/vscode/.local/lib/python3.10/site-packages/airflow/example_dags/example_trigger_target_dag.py for tasks to queue
[2025-03-24T20:16:13.150+0000] {logging_mixin.py:150} INFO - [2025-03-24T20:16:13.150+0000] {dagbag.py:541} INFO - Filling up the DagBag from /home/vscode/.local/lib/python3.10/site-packages/airflow/example_dags/example_trigger_target_dag.py
[2025-03-24T20:16:13.154+0000] {processor.py:836} INFO - DAG(s) dict_keys(['example_trigger_target_dag']) retrieved from /home/vscode/.local/lib/python3.10/site-packages/airflow/example_dags/example_trigger_target_dag.py
[2025-03-24T20:16:13.165+0000] {logging_mixin.py:150} INFO - [2025-03-24T20:16:13.165+0000] {dag.py:2742} INFO - Sync 1 DAGs
[2025-03-24T20:16:13.179+0000] {logging_mixin.py:150} INFO - [2025-03-24T20:16:13.179+0000] {dag.py:3504} INFO - Setting next_dagrun for example_trigger_target_dag to None, run_after=None
[2025-03-24T20:16:13.194+0000] {processor.py:179} INFO - Processing /home/vscode/.local/lib/python3.10/site-packages/airflow/example_dags/example_trigger_target_dag.py took 0.048 seconds
[2025-03-24T20:16:59.446+0000] {processor.py:157} INFO - Started process (PID=26902) to work on /home/vscode/.local/lib/python3.10/site-packages/airflow/example_dags/example_trigger_target_dag.py
[2025-03-24T20:16:59.446+0000] {processor.py:826} INFO - Processing file /home/vscode/.local/lib/python3.10/site-packages/airflow/example_dags/example_trigger_target_dag.py for tasks to queue
[2025-03-24T20:16:59.447+0000] {logging_mixin.py:150} INFO - [2025-03-24T20:16:59.447+0000] {dagbag.py:541} INFO - Filling up the DagBag from /home/vscode/.local/lib/python3.10/site-packages/airflow/example_dags/example_trigger_target_dag.py
[2025-03-24T20:16:59.451+0000] {processor.py:836} INFO - DAG(s) dict_keys(['example_trigger_target_dag']) retrieved from /home/vscode/.local/lib/python3.10/site-packages/airflow/example_dags/example_trigger_target_dag.py
[2025-03-24T20:16:59.462+0000] {logging_mixin.py:150} INFO - [2025-03-24T20:16:59.462+0000] {dag.py:2742} INFO - Sync 1 DAGs
[2025-03-24T20:16:59.476+0000] {logging_mixin.py:150} INFO - [2025-03-24T20:16:59.476+0000] {dag.py:3504} INFO - Setting next_dagrun for example_trigger_target_dag to None, run_after=None
[2025-03-24T20:16:59.490+0000] {processor.py:179} INFO - Processing /home/vscode/.local/lib/python3.10/site-packages/airflow/example_dags/example_trigger_target_dag.py took 0.047 seconds
[2025-03-24T20:17:44.199+0000] {processor.py:157} INFO - Started process (PID=27203) to work on /home/vscode/.local/lib/python3.10/site-packages/airflow/example_dags/example_trigger_target_dag.py
[2025-03-24T20:17:44.200+0000] {processor.py:826} INFO - Processing file /home/vscode/.local/lib/python3.10/site-packages/airflow/example_dags/example_trigger_target_dag.py for tasks to queue
[2025-03-24T20:17:44.200+0000] {logging_mixin.py:150} INFO - [2025-03-24T20:17:44.200+0000] {dagbag.py:541} INFO - Filling up the DagBag from /home/vscode/.local/lib/python3.10/site-packages/airflow/example_dags/example_trigger_target_dag.py
[2025-03-24T20:17:44.205+0000] {processor.py:836} INFO - DAG(s) dict_keys(['example_trigger_target_dag']) retrieved from /home/vscode/.local/lib/python3.10/site-packages/airflow/example_dags/example_trigger_target_dag.py
[2025-03-24T20:17:44.216+0000] {logging_mixin.py:150} INFO - [2025-03-24T20:17:44.216+0000] {dag.py:2742} INFO - Sync 1 DAGs
[2025-03-24T20:17:44.230+0000] {logging_mixin.py:150} INFO - [2025-03-24T20:17:44.230+0000] {dag.py:3504} INFO - Setting next_dagrun for example_trigger_target_dag to None, run_after=None
[2025-03-24T20:17:44.245+0000] {processor.py:179} INFO - Processing /home/vscode/.local/lib/python3.10/site-packages/airflow/example_dags/example_trigger_target_dag.py took 0.048 seconds
[2025-03-24T20:18:28.215+0000] {processor.py:157} INFO - Started process (PID=27489) to work on /home/vscode/.local/lib/python3.10/site-packages/airflow/example_dags/example_trigger_target_dag.py
[2025-03-24T20:18:28.215+0000] {processor.py:826} INFO - Processing file /home/vscode/.local/lib/python3.10/site-packages/airflow/example_dags/example_trigger_target_dag.py for tasks to queue
[2025-03-24T20:18:28.216+0000] {logging_mixin.py:150} INFO - [2025-03-24T20:18:28.216+0000] {dagbag.py:541} INFO - Filling up the DagBag from /home/vscode/.local/lib/python3.10/site-packages/airflow/example_dags/example_trigger_target_dag.py
[2025-03-24T20:18:28.220+0000] {processor.py:836} INFO - DAG(s) dict_keys(['example_trigger_target_dag']) retrieved from /home/vscode/.local/lib/python3.10/site-packages/airflow/example_dags/example_trigger_target_dag.py
[2025-03-24T20:18:28.231+0000] {logging_mixin.py:150} INFO - [2025-03-24T20:18:28.231+0000] {dag.py:2742} INFO - Sync 1 DAGs
[2025-03-24T20:18:28.245+0000] {logging_mixin.py:150} INFO - [2025-03-24T20:18:28.245+0000] {dag.py:3504} INFO - Setting next_dagrun for example_trigger_target_dag to None, run_after=None
[2025-03-24T20:18:28.260+0000] {processor.py:179} INFO - Processing /home/vscode/.local/lib/python3.10/site-packages/airflow/example_dags/example_trigger_target_dag.py took 0.047 seconds
[2025-03-24T20:19:08.757+0000] {processor.py:157} INFO - Started process (PID=27758) to work on /home/vscode/.local/lib/python3.10/site-packages/airflow/example_dags/example_trigger_target_dag.py
[2025-03-24T20:19:08.758+0000] {processor.py:826} INFO - Processing file /home/vscode/.local/lib/python3.10/site-packages/airflow/example_dags/example_trigger_target_dag.py for tasks to queue
[2025-03-24T20:19:08.758+0000] {logging_mixin.py:150} INFO - [2025-03-24T20:19:08.758+0000] {dagbag.py:541} INFO - Filling up the DagBag from /home/vscode/.local/lib/python3.10/site-packages/airflow/example_dags/example_trigger_target_dag.py
[2025-03-24T20:19:08.763+0000] {processor.py:836} INFO - DAG(s) dict_keys(['example_trigger_target_dag']) retrieved from /home/vscode/.local/lib/python3.10/site-packages/airflow/example_dags/example_trigger_target_dag.py
[2025-03-24T20:19:08.774+0000] {logging_mixin.py:150} INFO - [2025-03-24T20:19:08.774+0000] {dag.py:2742} INFO - Sync 1 DAGs
[2025-03-24T20:19:08.787+0000] {logging_mixin.py:150} INFO - [2025-03-24T20:19:08.787+0000] {dag.py:3504} INFO - Setting next_dagrun for example_trigger_target_dag to None, run_after=None
[2025-03-24T20:19:08.802+0000] {processor.py:179} INFO - Processing /home/vscode/.local/lib/python3.10/site-packages/airflow/example_dags/example_trigger_target_dag.py took 0.047 seconds
[2025-03-24T20:19:54.160+0000] {processor.py:157} INFO - Started process (PID=28094) to work on /home/vscode/.local/lib/python3.10/site-packages/airflow/example_dags/example_trigger_target_dag.py
[2025-03-24T20:19:54.161+0000] {processor.py:826} INFO - Processing file /home/vscode/.local/lib/python3.10/site-packages/airflow/example_dags/example_trigger_target_dag.py for tasks to queue
[2025-03-24T20:19:54.161+0000] {logging_mixin.py:150} INFO - [2025-03-24T20:19:54.161+0000] {dagbag.py:541} INFO - Filling up the DagBag from /home/vscode/.local/lib/python3.10/site-packages/airflow/example_dags/example_trigger_target_dag.py
[2025-03-24T20:19:54.166+0000] {processor.py:836} INFO - DAG(s) dict_keys(['example_trigger_target_dag']) retrieved from /home/vscode/.local/lib/python3.10/site-packages/airflow/example_dags/example_trigger_target_dag.py
[2025-03-24T20:19:54.177+0000] {logging_mixin.py:150} INFO - [2025-03-24T20:19:54.177+0000] {dag.py:2742} INFO - Sync 1 DAGs
[2025-03-24T20:19:54.190+0000] {logging_mixin.py:150} INFO - [2025-03-24T20:19:54.190+0000] {dag.py:3504} INFO - Setting next_dagrun for example_trigger_target_dag to None, run_after=None
[2025-03-24T20:19:54.204+0000] {processor.py:179} INFO - Processing /home/vscode/.local/lib/python3.10/site-packages/airflow/example_dags/example_trigger_target_dag.py took 0.046 seconds
[2025-03-24T20:20:44.070+0000] {processor.py:157} INFO - Started process (PID=28454) to work on /home/vscode/.local/lib/python3.10/site-packages/airflow/example_dags/example_trigger_target_dag.py
[2025-03-24T20:20:44.071+0000] {processor.py:826} INFO - Processing file /home/vscode/.local/lib/python3.10/site-packages/airflow/example_dags/example_trigger_target_dag.py for tasks to queue
[2025-03-24T20:20:44.071+0000] {logging_mixin.py:150} INFO - [2025-03-24T20:20:44.071+0000] {dagbag.py:541} INFO - Filling up the DagBag from /home/vscode/.local/lib/python3.10/site-packages/airflow/example_dags/example_trigger_target_dag.py
[2025-03-24T20:20:44.077+0000] {processor.py:836} INFO - DAG(s) dict_keys(['example_trigger_target_dag']) retrieved from /home/vscode/.local/lib/python3.10/site-packages/airflow/example_dags/example_trigger_target_dag.py
[2025-03-24T20:20:44.092+0000] {logging_mixin.py:150} INFO - [2025-03-24T20:20:44.091+0000] {dag.py:2742} INFO - Sync 1 DAGs
[2025-03-24T20:20:44.111+0000] {logging_mixin.py:150} INFO - [2025-03-24T20:20:44.111+0000] {dag.py:3504} INFO - Setting next_dagrun for example_trigger_target_dag to None, run_after=None
[2025-03-24T20:20:44.147+0000] {processor.py:179} INFO - Processing /home/vscode/.local/lib/python3.10/site-packages/airflow/example_dags/example_trigger_target_dag.py took 0.079 seconds
[2025-03-24T20:21:30.331+0000] {processor.py:157} INFO - Started process (PID=28819) to work on /home/vscode/.local/lib/python3.10/site-packages/airflow/example_dags/example_trigger_target_dag.py
[2025-03-24T20:21:30.332+0000] {processor.py:826} INFO - Processing file /home/vscode/.local/lib/python3.10/site-packages/airflow/example_dags/example_trigger_target_dag.py for tasks to queue
[2025-03-24T20:21:30.332+0000] {logging_mixin.py:150} INFO - [2025-03-24T20:21:30.332+0000] {dagbag.py:541} INFO - Filling up the DagBag from /home/vscode/.local/lib/python3.10/site-packages/airflow/example_dags/example_trigger_target_dag.py
[2025-03-24T20:21:30.337+0000] {processor.py:836} INFO - DAG(s) dict_keys(['example_trigger_target_dag']) retrieved from /home/vscode/.local/lib/python3.10/site-packages/airflow/example_dags/example_trigger_target_dag.py
[2025-03-24T20:21:30.351+0000] {logging_mixin.py:150} INFO - [2025-03-24T20:21:30.351+0000] {dag.py:2742} INFO - Sync 1 DAGs
[2025-03-24T20:21:30.364+0000] {logging_mixin.py:150} INFO - [2025-03-24T20:21:30.364+0000] {dag.py:3504} INFO - Setting next_dagrun for example_trigger_target_dag to None, run_after=None
[2025-03-24T20:21:30.380+0000] {processor.py:179} INFO - Processing /home/vscode/.local/lib/python3.10/site-packages/airflow/example_dags/example_trigger_target_dag.py took 0.051 seconds
[2025-03-24T20:22:17.730+0000] {processor.py:157} INFO - Started process (PID=29155) to work on /home/vscode/.local/lib/python3.10/site-packages/airflow/example_dags/example_trigger_target_dag.py
[2025-03-24T20:22:17.731+0000] {processor.py:826} INFO - Processing file /home/vscode/.local/lib/python3.10/site-packages/airflow/example_dags/example_trigger_target_dag.py for tasks to queue
[2025-03-24T20:22:17.731+0000] {logging_mixin.py:150} INFO - [2025-03-24T20:22:17.731+0000] {dagbag.py:541} INFO - Filling up the DagBag from /home/vscode/.local/lib/python3.10/site-packages/airflow/example_dags/example_trigger_target_dag.py
[2025-03-24T20:22:17.736+0000] {processor.py:836} INFO - DAG(s) dict_keys(['example_trigger_target_dag']) retrieved from /home/vscode/.local/lib/python3.10/site-packages/airflow/example_dags/example_trigger_target_dag.py
[2025-03-24T20:22:17.747+0000] {logging_mixin.py:150} INFO - [2025-03-24T20:22:17.747+0000] {dag.py:2742} INFO - Sync 1 DAGs
[2025-03-24T20:22:17.761+0000] {logging_mixin.py:150} INFO - [2025-03-24T20:22:17.761+0000] {dag.py:3504} INFO - Setting next_dagrun for example_trigger_target_dag to None, run_after=None
[2025-03-24T20:22:17.776+0000] {processor.py:179} INFO - Processing /home/vscode/.local/lib/python3.10/site-packages/airflow/example_dags/example_trigger_target_dag.py took 0.051 seconds
[2025-03-24T20:22:59.592+0000] {processor.py:157} INFO - Started process (PID=29478) to work on /home/vscode/.local/lib/python3.10/site-packages/airflow/example_dags/example_trigger_target_dag.py
[2025-03-24T20:22:59.593+0000] {processor.py:826} INFO - Processing file /home/vscode/.local/lib/python3.10/site-packages/airflow/example_dags/example_trigger_target_dag.py for tasks to queue
[2025-03-24T20:22:59.593+0000] {logging_mixin.py:150} INFO - [2025-03-24T20:22:59.593+0000] {dagbag.py:541} INFO - Filling up the DagBag from /home/vscode/.local/lib/python3.10/site-packages/airflow/example_dags/example_trigger_target_dag.py
[2025-03-24T20:22:59.598+0000] {processor.py:836} INFO - DAG(s) dict_keys(['example_trigger_target_dag']) retrieved from /home/vscode/.local/lib/python3.10/site-packages/airflow/example_dags/example_trigger_target_dag.py
[2025-03-24T20:22:59.609+0000] {logging_mixin.py:150} INFO - [2025-03-24T20:22:59.609+0000] {dag.py:2742} INFO - Sync 1 DAGs
[2025-03-24T20:22:59.623+0000] {logging_mixin.py:150} INFO - [2025-03-24T20:22:59.623+0000] {dag.py:3504} INFO - Setting next_dagrun for example_trigger_target_dag to None, run_after=None
[2025-03-24T20:22:59.638+0000] {processor.py:179} INFO - Processing /home/vscode/.local/lib/python3.10/site-packages/airflow/example_dags/example_trigger_target_dag.py took 0.049 seconds
[2025-03-24T20:23:42.718+0000] {processor.py:157} INFO - Started process (PID=29849) to work on /home/vscode/.local/lib/python3.10/site-packages/airflow/example_dags/example_trigger_target_dag.py
[2025-03-24T20:23:42.718+0000] {processor.py:826} INFO - Processing file /home/vscode/.local/lib/python3.10/site-packages/airflow/example_dags/example_trigger_target_dag.py for tasks to queue
[2025-03-24T20:23:42.719+0000] {logging_mixin.py:150} INFO - [2025-03-24T20:23:42.718+0000] {dagbag.py:541} INFO - Filling up the DagBag from /home/vscode/.local/lib/python3.10/site-packages/airflow/example_dags/example_trigger_target_dag.py
[2025-03-24T20:23:42.723+0000] {processor.py:836} INFO - DAG(s) dict_keys(['example_trigger_target_dag']) retrieved from /home/vscode/.local/lib/python3.10/site-packages/airflow/example_dags/example_trigger_target_dag.py
[2025-03-24T20:23:42.734+0000] {logging_mixin.py:150} INFO - [2025-03-24T20:23:42.734+0000] {dag.py:2742} INFO - Sync 1 DAGs
[2025-03-24T20:23:42.748+0000] {logging_mixin.py:150} INFO - [2025-03-24T20:23:42.748+0000] {dag.py:3504} INFO - Setting next_dagrun for example_trigger_target_dag to None, run_after=None
[2025-03-24T20:23:42.764+0000] {processor.py:179} INFO - Processing /home/vscode/.local/lib/python3.10/site-packages/airflow/example_dags/example_trigger_target_dag.py took 0.049 seconds
[2025-03-24T20:24:29.611+0000] {processor.py:157} INFO - Started process (PID=30191) to work on /home/vscode/.local/lib/python3.10/site-packages/airflow/example_dags/example_trigger_target_dag.py
[2025-03-24T20:24:29.611+0000] {processor.py:826} INFO - Processing file /home/vscode/.local/lib/python3.10/site-packages/airflow/example_dags/example_trigger_target_dag.py for tasks to queue
[2025-03-24T20:24:29.612+0000] {logging_mixin.py:150} INFO - [2025-03-24T20:24:29.612+0000] {dagbag.py:541} INFO - Filling up the DagBag from /home/vscode/.local/lib/python3.10/site-packages/airflow/example_dags/example_trigger_target_dag.py
[2025-03-24T20:24:29.616+0000] {processor.py:836} INFO - DAG(s) dict_keys(['example_trigger_target_dag']) retrieved from /home/vscode/.local/lib/python3.10/site-packages/airflow/example_dags/example_trigger_target_dag.py
[2025-03-24T20:24:29.627+0000] {logging_mixin.py:150} INFO - [2025-03-24T20:24:29.627+0000] {dag.py:2742} INFO - Sync 1 DAGs
[2025-03-24T20:24:29.640+0000] {logging_mixin.py:150} INFO - [2025-03-24T20:24:29.640+0000] {dag.py:3504} INFO - Setting next_dagrun for example_trigger_target_dag to None, run_after=None
[2025-03-24T20:24:29.655+0000] {processor.py:179} INFO - Processing /home/vscode/.local/lib/python3.10/site-packages/airflow/example_dags/example_trigger_target_dag.py took 0.046 seconds
[2025-03-24T20:25:14.241+0000] {processor.py:157} INFO - Started process (PID=30531) to work on /home/vscode/.local/lib/python3.10/site-packages/airflow/example_dags/example_trigger_target_dag.py
[2025-03-24T20:25:14.242+0000] {processor.py:826} INFO - Processing file /home/vscode/.local/lib/python3.10/site-packages/airflow/example_dags/example_trigger_target_dag.py for tasks to queue
[2025-03-24T20:25:14.242+0000] {logging_mixin.py:150} INFO - [2025-03-24T20:25:14.242+0000] {dagbag.py:541} INFO - Filling up the DagBag from /home/vscode/.local/lib/python3.10/site-packages/airflow/example_dags/example_trigger_target_dag.py
[2025-03-24T20:25:14.246+0000] {processor.py:836} INFO - DAG(s) dict_keys(['example_trigger_target_dag']) retrieved from /home/vscode/.local/lib/python3.10/site-packages/airflow/example_dags/example_trigger_target_dag.py
[2025-03-24T20:25:14.257+0000] {logging_mixin.py:150} INFO - [2025-03-24T20:25:14.257+0000] {dag.py:2742} INFO - Sync 1 DAGs
[2025-03-24T20:25:14.275+0000] {logging_mixin.py:150} INFO - [2025-03-24T20:25:14.275+0000] {dag.py:3504} INFO - Setting next_dagrun for example_trigger_target_dag to None, run_after=None
[2025-03-24T20:25:14.290+0000] {processor.py:179} INFO - Processing /home/vscode/.local/lib/python3.10/site-packages/airflow/example_dags/example_trigger_target_dag.py took 0.051 seconds
[2025-03-24T20:25:59.549+0000] {processor.py:157} INFO - Started process (PID=30882) to work on /home/vscode/.local/lib/python3.10/site-packages/airflow/example_dags/example_trigger_target_dag.py
[2025-03-24T20:25:59.550+0000] {processor.py:826} INFO - Processing file /home/vscode/.local/lib/python3.10/site-packages/airflow/example_dags/example_trigger_target_dag.py for tasks to queue
[2025-03-24T20:25:59.551+0000] {logging_mixin.py:150} INFO - [2025-03-24T20:25:59.551+0000] {dagbag.py:541} INFO - Filling up the DagBag from /home/vscode/.local/lib/python3.10/site-packages/airflow/example_dags/example_trigger_target_dag.py
[2025-03-24T20:25:59.556+0000] {processor.py:836} INFO - DAG(s) dict_keys(['example_trigger_target_dag']) retrieved from /home/vscode/.local/lib/python3.10/site-packages/airflow/example_dags/example_trigger_target_dag.py
[2025-03-24T20:25:59.568+0000] {logging_mixin.py:150} INFO - [2025-03-24T20:25:59.568+0000] {dag.py:2742} INFO - Sync 1 DAGs
[2025-03-24T20:25:59.582+0000] {logging_mixin.py:150} INFO - [2025-03-24T20:25:59.582+0000] {dag.py:3504} INFO - Setting next_dagrun for example_trigger_target_dag to None, run_after=None
[2025-03-24T20:25:59.596+0000] {processor.py:179} INFO - Processing /home/vscode/.local/lib/python3.10/site-packages/airflow/example_dags/example_trigger_target_dag.py took 0.050 seconds
[2025-03-24T20:26:44.836+0000] {processor.py:157} INFO - Started process (PID=31272) to work on /home/vscode/.local/lib/python3.10/site-packages/airflow/example_dags/example_trigger_target_dag.py
[2025-03-24T20:26:44.837+0000] {processor.py:826} INFO - Processing file /home/vscode/.local/lib/python3.10/site-packages/airflow/example_dags/example_trigger_target_dag.py for tasks to queue
[2025-03-24T20:26:44.837+0000] {logging_mixin.py:150} INFO - [2025-03-24T20:26:44.837+0000] {dagbag.py:541} INFO - Filling up the DagBag from /home/vscode/.local/lib/python3.10/site-packages/airflow/example_dags/example_trigger_target_dag.py
[2025-03-24T20:26:44.841+0000] {processor.py:836} INFO - DAG(s) dict_keys(['example_trigger_target_dag']) retrieved from /home/vscode/.local/lib/python3.10/site-packages/airflow/example_dags/example_trigger_target_dag.py
[2025-03-24T20:26:44.852+0000] {logging_mixin.py:150} INFO - [2025-03-24T20:26:44.852+0000] {dag.py:2742} INFO - Sync 1 DAGs
[2025-03-24T20:26:44.866+0000] {logging_mixin.py:150} INFO - [2025-03-24T20:26:44.866+0000] {dag.py:3504} INFO - Setting next_dagrun for example_trigger_target_dag to None, run_after=None
[2025-03-24T20:26:44.880+0000] {processor.py:179} INFO - Processing /home/vscode/.local/lib/python3.10/site-packages/airflow/example_dags/example_trigger_target_dag.py took 0.047 seconds
[2025-03-24T20:27:27.990+0000] {processor.py:157} INFO - Started process (PID=31624) to work on /home/vscode/.local/lib/python3.10/site-packages/airflow/example_dags/example_trigger_target_dag.py
[2025-03-24T20:27:27.991+0000] {processor.py:826} INFO - Processing file /home/vscode/.local/lib/python3.10/site-packages/airflow/example_dags/example_trigger_target_dag.py for tasks to queue
[2025-03-24T20:27:27.991+0000] {logging_mixin.py:150} INFO - [2025-03-24T20:27:27.991+0000] {dagbag.py:541} INFO - Filling up the DagBag from /home/vscode/.local/lib/python3.10/site-packages/airflow/example_dags/example_trigger_target_dag.py
[2025-03-24T20:27:27.995+0000] {processor.py:836} INFO - DAG(s) dict_keys(['example_trigger_target_dag']) retrieved from /home/vscode/.local/lib/python3.10/site-packages/airflow/example_dags/example_trigger_target_dag.py
[2025-03-24T20:27:28.006+0000] {logging_mixin.py:150} INFO - [2025-03-24T20:27:28.006+0000] {dag.py:2742} INFO - Sync 1 DAGs
[2025-03-24T20:27:28.020+0000] {logging_mixin.py:150} INFO - [2025-03-24T20:27:28.020+0000] {dag.py:3504} INFO - Setting next_dagrun for example_trigger_target_dag to None, run_after=None
[2025-03-24T20:27:28.036+0000] {processor.py:179} INFO - Processing /home/vscode/.local/lib/python3.10/site-packages/airflow/example_dags/example_trigger_target_dag.py took 0.048 seconds
[2025-03-24T20:28:14.560+0000] {processor.py:157} INFO - Started process (PID=32002) to work on /home/vscode/.local/lib/python3.10/site-packages/airflow/example_dags/example_trigger_target_dag.py
[2025-03-24T20:28:14.561+0000] {processor.py:826} INFO - Processing file /home/vscode/.local/lib/python3.10/site-packages/airflow/example_dags/example_trigger_target_dag.py for tasks to queue
[2025-03-24T20:28:14.561+0000] {logging_mixin.py:150} INFO - [2025-03-24T20:28:14.561+0000] {dagbag.py:541} INFO - Filling up the DagBag from /home/vscode/.local/lib/python3.10/site-packages/airflow/example_dags/example_trigger_target_dag.py
[2025-03-24T20:28:14.567+0000] {processor.py:836} INFO - DAG(s) dict_keys(['example_trigger_target_dag']) retrieved from /home/vscode/.local/lib/python3.10/site-packages/airflow/example_dags/example_trigger_target_dag.py
[2025-03-24T20:28:14.583+0000] {logging_mixin.py:150} INFO - [2025-03-24T20:28:14.583+0000] {dag.py:2742} INFO - Sync 1 DAGs
[2025-03-24T20:28:14.603+0000] {logging_mixin.py:150} INFO - [2025-03-24T20:28:14.603+0000] {dag.py:3504} INFO - Setting next_dagrun for example_trigger_target_dag to None, run_after=None
[2025-03-24T20:28:14.618+0000] {processor.py:179} INFO - Processing /home/vscode/.local/lib/python3.10/site-packages/airflow/example_dags/example_trigger_target_dag.py took 0.061 seconds
[2025-03-24T20:28:57.281+0000] {processor.py:157} INFO - Started process (PID=32321) to work on /home/vscode/.local/lib/python3.10/site-packages/airflow/example_dags/example_trigger_target_dag.py
[2025-03-24T20:28:57.282+0000] {processor.py:826} INFO - Processing file /home/vscode/.local/lib/python3.10/site-packages/airflow/example_dags/example_trigger_target_dag.py for tasks to queue
[2025-03-24T20:28:57.282+0000] {logging_mixin.py:150} INFO - [2025-03-24T20:28:57.282+0000] {dagbag.py:541} INFO - Filling up the DagBag from /home/vscode/.local/lib/python3.10/site-packages/airflow/example_dags/example_trigger_target_dag.py
[2025-03-24T20:28:57.286+0000] {processor.py:836} INFO - DAG(s) dict_keys(['example_trigger_target_dag']) retrieved from /home/vscode/.local/lib/python3.10/site-packages/airflow/example_dags/example_trigger_target_dag.py
[2025-03-24T20:28:57.297+0000] {logging_mixin.py:150} INFO - [2025-03-24T20:28:57.297+0000] {dag.py:2742} INFO - Sync 1 DAGs
[2025-03-24T20:28:57.311+0000] {logging_mixin.py:150} INFO - [2025-03-24T20:28:57.311+0000] {dag.py:3504} INFO - Setting next_dagrun for example_trigger_target_dag to None, run_after=None
[2025-03-24T20:28:57.325+0000] {processor.py:179} INFO - Processing /home/vscode/.local/lib/python3.10/site-packages/airflow/example_dags/example_trigger_target_dag.py took 0.047 seconds
[2025-03-24T20:29:43.477+0000] {processor.py:157} INFO - Started process (PID=32628) to work on /home/vscode/.local/lib/python3.10/site-packages/airflow/example_dags/example_trigger_target_dag.py
[2025-03-24T20:29:43.478+0000] {processor.py:826} INFO - Processing file /home/vscode/.local/lib/python3.10/site-packages/airflow/example_dags/example_trigger_target_dag.py for tasks to queue
[2025-03-24T20:29:43.479+0000] {logging_mixin.py:150} INFO - [2025-03-24T20:29:43.478+0000] {dagbag.py:541} INFO - Filling up the DagBag from /home/vscode/.local/lib/python3.10/site-packages/airflow/example_dags/example_trigger_target_dag.py
[2025-03-24T20:29:43.483+0000] {processor.py:836} INFO - DAG(s) dict_keys(['example_trigger_target_dag']) retrieved from /home/vscode/.local/lib/python3.10/site-packages/airflow/example_dags/example_trigger_target_dag.py
[2025-03-24T20:29:43.494+0000] {logging_mixin.py:150} INFO - [2025-03-24T20:29:43.494+0000] {dag.py:2742} INFO - Sync 1 DAGs
[2025-03-24T20:29:43.508+0000] {logging_mixin.py:150} INFO - [2025-03-24T20:29:43.508+0000] {dag.py:3504} INFO - Setting next_dagrun for example_trigger_target_dag to None, run_after=None
[2025-03-24T20:29:43.523+0000] {processor.py:179} INFO - Processing /home/vscode/.local/lib/python3.10/site-packages/airflow/example_dags/example_trigger_target_dag.py took 0.047 seconds
[2025-03-24T20:30:25.525+0000] {processor.py:157} INFO - Started process (PID=32924) to work on /home/vscode/.local/lib/python3.10/site-packages/airflow/example_dags/example_trigger_target_dag.py
[2025-03-24T20:30:25.526+0000] {processor.py:826} INFO - Processing file /home/vscode/.local/lib/python3.10/site-packages/airflow/example_dags/example_trigger_target_dag.py for tasks to queue
[2025-03-24T20:30:25.527+0000] {logging_mixin.py:150} INFO - [2025-03-24T20:30:25.526+0000] {dagbag.py:541} INFO - Filling up the DagBag from /home/vscode/.local/lib/python3.10/site-packages/airflow/example_dags/example_trigger_target_dag.py
[2025-03-24T20:30:25.533+0000] {processor.py:836} INFO - DAG(s) dict_keys(['example_trigger_target_dag']) retrieved from /home/vscode/.local/lib/python3.10/site-packages/airflow/example_dags/example_trigger_target_dag.py
[2025-03-24T20:30:25.547+0000] {logging_mixin.py:150} INFO - [2025-03-24T20:30:25.547+0000] {dag.py:2742} INFO - Sync 1 DAGs
[2025-03-24T20:30:25.561+0000] {logging_mixin.py:150} INFO - [2025-03-24T20:30:25.561+0000] {dag.py:3504} INFO - Setting next_dagrun for example_trigger_target_dag to None, run_after=None
[2025-03-24T20:30:25.575+0000] {processor.py:179} INFO - Processing /home/vscode/.local/lib/python3.10/site-packages/airflow/example_dags/example_trigger_target_dag.py took 0.053 seconds
[2025-03-24T20:31:09.717+0000] {processor.py:157} INFO - Started process (PID=33221) to work on /home/vscode/.local/lib/python3.10/site-packages/airflow/example_dags/example_trigger_target_dag.py
[2025-03-24T20:31:09.717+0000] {processor.py:826} INFO - Processing file /home/vscode/.local/lib/python3.10/site-packages/airflow/example_dags/example_trigger_target_dag.py for tasks to queue
[2025-03-24T20:31:09.718+0000] {logging_mixin.py:150} INFO - [2025-03-24T20:31:09.718+0000] {dagbag.py:541} INFO - Filling up the DagBag from /home/vscode/.local/lib/python3.10/site-packages/airflow/example_dags/example_trigger_target_dag.py
[2025-03-24T20:31:09.722+0000] {processor.py:836} INFO - DAG(s) dict_keys(['example_trigger_target_dag']) retrieved from /home/vscode/.local/lib/python3.10/site-packages/airflow/example_dags/example_trigger_target_dag.py
[2025-03-24T20:31:09.736+0000] {logging_mixin.py:150} INFO - [2025-03-24T20:31:09.736+0000] {dag.py:2742} INFO - Sync 1 DAGs
[2025-03-24T20:31:09.757+0000] {logging_mixin.py:150} INFO - [2025-03-24T20:31:09.756+0000] {dag.py:3504} INFO - Setting next_dagrun for example_trigger_target_dag to None, run_after=None
[2025-03-24T20:31:09.782+0000] {processor.py:179} INFO - Processing /home/vscode/.local/lib/python3.10/site-packages/airflow/example_dags/example_trigger_target_dag.py took 0.067 seconds
[2025-03-24T20:31:51.825+0000] {processor.py:157} INFO - Started process (PID=33504) to work on /home/vscode/.local/lib/python3.10/site-packages/airflow/example_dags/example_trigger_target_dag.py
[2025-03-24T20:31:51.826+0000] {processor.py:826} INFO - Processing file /home/vscode/.local/lib/python3.10/site-packages/airflow/example_dags/example_trigger_target_dag.py for tasks to queue
[2025-03-24T20:31:51.826+0000] {logging_mixin.py:150} INFO - [2025-03-24T20:31:51.826+0000] {dagbag.py:541} INFO - Filling up the DagBag from /home/vscode/.local/lib/python3.10/site-packages/airflow/example_dags/example_trigger_target_dag.py
[2025-03-24T20:31:51.831+0000] {processor.py:836} INFO - DAG(s) dict_keys(['example_trigger_target_dag']) retrieved from /home/vscode/.local/lib/python3.10/site-packages/airflow/example_dags/example_trigger_target_dag.py
[2025-03-24T20:31:51.841+0000] {logging_mixin.py:150} INFO - [2025-03-24T20:31:51.841+0000] {dag.py:2742} INFO - Sync 1 DAGs
[2025-03-24T20:31:51.855+0000] {logging_mixin.py:150} INFO - [2025-03-24T20:31:51.855+0000] {dag.py:3504} INFO - Setting next_dagrun for example_trigger_target_dag to None, run_after=None
[2025-03-24T20:31:51.870+0000] {processor.py:179} INFO - Processing /home/vscode/.local/lib/python3.10/site-packages/airflow/example_dags/example_trigger_target_dag.py took 0.047 seconds
[2025-03-24T20:32:35.283+0000] {processor.py:157} INFO - Started process (PID=33802) to work on /home/vscode/.local/lib/python3.10/site-packages/airflow/example_dags/example_trigger_target_dag.py
[2025-03-24T20:32:35.284+0000] {processor.py:826} INFO - Processing file /home/vscode/.local/lib/python3.10/site-packages/airflow/example_dags/example_trigger_target_dag.py for tasks to queue
[2025-03-24T20:32:35.285+0000] {logging_mixin.py:150} INFO - [2025-03-24T20:32:35.285+0000] {dagbag.py:541} INFO - Filling up the DagBag from /home/vscode/.local/lib/python3.10/site-packages/airflow/example_dags/example_trigger_target_dag.py
[2025-03-24T20:32:35.291+0000] {processor.py:836} INFO - DAG(s) dict_keys(['example_trigger_target_dag']) retrieved from /home/vscode/.local/lib/python3.10/site-packages/airflow/example_dags/example_trigger_target_dag.py
[2025-03-24T20:32:35.308+0000] {logging_mixin.py:150} INFO - [2025-03-24T20:32:35.308+0000] {dag.py:2742} INFO - Sync 1 DAGs
[2025-03-24T20:32:35.328+0000] {logging_mixin.py:150} INFO - [2025-03-24T20:32:35.328+0000] {dag.py:3504} INFO - Setting next_dagrun for example_trigger_target_dag to None, run_after=None
[2025-03-24T20:32:35.343+0000] {processor.py:179} INFO - Processing /home/vscode/.local/lib/python3.10/site-packages/airflow/example_dags/example_trigger_target_dag.py took 0.063 seconds
[2025-03-24T20:33:24.630+0000] {processor.py:157} INFO - Started process (PID=34223) to work on /home/vscode/.local/lib/python3.10/site-packages/airflow/example_dags/example_trigger_target_dag.py
[2025-03-24T20:33:24.631+0000] {processor.py:826} INFO - Processing file /home/vscode/.local/lib/python3.10/site-packages/airflow/example_dags/example_trigger_target_dag.py for tasks to queue
[2025-03-24T20:33:24.632+0000] {logging_mixin.py:150} INFO - [2025-03-24T20:33:24.631+0000] {dagbag.py:541} INFO - Filling up the DagBag from /home/vscode/.local/lib/python3.10/site-packages/airflow/example_dags/example_trigger_target_dag.py
[2025-03-24T20:33:24.636+0000] {processor.py:836} INFO - DAG(s) dict_keys(['example_trigger_target_dag']) retrieved from /home/vscode/.local/lib/python3.10/site-packages/airflow/example_dags/example_trigger_target_dag.py
[2025-03-24T20:33:24.647+0000] {logging_mixin.py:150} INFO - [2025-03-24T20:33:24.647+0000] {dag.py:2742} INFO - Sync 1 DAGs
[2025-03-24T20:33:24.660+0000] {logging_mixin.py:150} INFO - [2025-03-24T20:33:24.660+0000] {dag.py:3504} INFO - Setting next_dagrun for example_trigger_target_dag to None, run_after=None
[2025-03-24T20:33:24.675+0000] {processor.py:179} INFO - Processing /home/vscode/.local/lib/python3.10/site-packages/airflow/example_dags/example_trigger_target_dag.py took 0.047 seconds
[2025-03-24T20:34:13.216+0000] {processor.py:157} INFO - Started process (PID=34551) to work on /home/vscode/.local/lib/python3.10/site-packages/airflow/example_dags/example_trigger_target_dag.py
[2025-03-24T20:34:13.217+0000] {processor.py:826} INFO - Processing file /home/vscode/.local/lib/python3.10/site-packages/airflow/example_dags/example_trigger_target_dag.py for tasks to queue
[2025-03-24T20:34:13.218+0000] {logging_mixin.py:150} INFO - [2025-03-24T20:34:13.217+0000] {dagbag.py:541} INFO - Filling up the DagBag from /home/vscode/.local/lib/python3.10/site-packages/airflow/example_dags/example_trigger_target_dag.py
[2025-03-24T20:34:13.222+0000] {processor.py:836} INFO - DAG(s) dict_keys(['example_trigger_target_dag']) retrieved from /home/vscode/.local/lib/python3.10/site-packages/airflow/example_dags/example_trigger_target_dag.py
[2025-03-24T20:34:13.233+0000] {logging_mixin.py:150} INFO - [2025-03-24T20:34:13.233+0000] {dag.py:2742} INFO - Sync 1 DAGs
[2025-03-24T20:34:13.247+0000] {logging_mixin.py:150} INFO - [2025-03-24T20:34:13.247+0000] {dag.py:3504} INFO - Setting next_dagrun for example_trigger_target_dag to None, run_after=None
[2025-03-24T20:34:13.262+0000] {processor.py:179} INFO - Processing /home/vscode/.local/lib/python3.10/site-packages/airflow/example_dags/example_trigger_target_dag.py took 0.048 seconds
[2025-03-24T20:34:56.037+0000] {processor.py:157} INFO - Started process (PID=34838) to work on /home/vscode/.local/lib/python3.10/site-packages/airflow/example_dags/example_trigger_target_dag.py
[2025-03-24T20:34:56.037+0000] {processor.py:826} INFO - Processing file /home/vscode/.local/lib/python3.10/site-packages/airflow/example_dags/example_trigger_target_dag.py for tasks to queue
[2025-03-24T20:34:56.038+0000] {logging_mixin.py:150} INFO - [2025-03-24T20:34:56.038+0000] {dagbag.py:541} INFO - Filling up the DagBag from /home/vscode/.local/lib/python3.10/site-packages/airflow/example_dags/example_trigger_target_dag.py
[2025-03-24T20:34:56.042+0000] {processor.py:836} INFO - DAG(s) dict_keys(['example_trigger_target_dag']) retrieved from /home/vscode/.local/lib/python3.10/site-packages/airflow/example_dags/example_trigger_target_dag.py
[2025-03-24T20:34:56.053+0000] {logging_mixin.py:150} INFO - [2025-03-24T20:34:56.053+0000] {dag.py:2742} INFO - Sync 1 DAGs
[2025-03-24T20:34:56.067+0000] {logging_mixin.py:150} INFO - [2025-03-24T20:34:56.067+0000] {dag.py:3504} INFO - Setting next_dagrun for example_trigger_target_dag to None, run_after=None
[2025-03-24T20:34:56.082+0000] {processor.py:179} INFO - Processing /home/vscode/.local/lib/python3.10/site-packages/airflow/example_dags/example_trigger_target_dag.py took 0.047 seconds
[2025-03-24T20:35:42.191+0000] {processor.py:157} INFO - Started process (PID=35152) to work on /home/vscode/.local/lib/python3.10/site-packages/airflow/example_dags/example_trigger_target_dag.py
[2025-03-24T20:35:42.192+0000] {processor.py:826} INFO - Processing file /home/vscode/.local/lib/python3.10/site-packages/airflow/example_dags/example_trigger_target_dag.py for tasks to queue
[2025-03-24T20:35:42.192+0000] {logging_mixin.py:150} INFO - [2025-03-24T20:35:42.192+0000] {dagbag.py:541} INFO - Filling up the DagBag from /home/vscode/.local/lib/python3.10/site-packages/airflow/example_dags/example_trigger_target_dag.py
[2025-03-24T20:35:42.197+0000] {processor.py:836} INFO - DAG(s) dict_keys(['example_trigger_target_dag']) retrieved from /home/vscode/.local/lib/python3.10/site-packages/airflow/example_dags/example_trigger_target_dag.py
[2025-03-24T20:35:42.208+0000] {logging_mixin.py:150} INFO - [2025-03-24T20:35:42.208+0000] {dag.py:2742} INFO - Sync 1 DAGs
[2025-03-24T20:35:42.222+0000] {logging_mixin.py:150} INFO - [2025-03-24T20:35:42.222+0000] {dag.py:3504} INFO - Setting next_dagrun for example_trigger_target_dag to None, run_after=None
[2025-03-24T20:35:42.236+0000] {processor.py:179} INFO - Processing /home/vscode/.local/lib/python3.10/site-packages/airflow/example_dags/example_trigger_target_dag.py took 0.047 seconds
[2025-03-24T20:36:25.520+0000] {processor.py:157} INFO - Started process (PID=35438) to work on /home/vscode/.local/lib/python3.10/site-packages/airflow/example_dags/example_trigger_target_dag.py
[2025-03-24T20:36:25.521+0000] {processor.py:826} INFO - Processing file /home/vscode/.local/lib/python3.10/site-packages/airflow/example_dags/example_trigger_target_dag.py for tasks to queue
[2025-03-24T20:36:25.522+0000] {logging_mixin.py:150} INFO - [2025-03-24T20:36:25.521+0000] {dagbag.py:541} INFO - Filling up the DagBag from /home/vscode/.local/lib/python3.10/site-packages/airflow/example_dags/example_trigger_target_dag.py
[2025-03-24T20:36:25.526+0000] {processor.py:836} INFO - DAG(s) dict_keys(['example_trigger_target_dag']) retrieved from /home/vscode/.local/lib/python3.10/site-packages/airflow/example_dags/example_trigger_target_dag.py
[2025-03-24T20:36:25.537+0000] {logging_mixin.py:150} INFO - [2025-03-24T20:36:25.537+0000] {dag.py:2742} INFO - Sync 1 DAGs
[2025-03-24T20:36:25.550+0000] {logging_mixin.py:150} INFO - [2025-03-24T20:36:25.550+0000] {dag.py:3504} INFO - Setting next_dagrun for example_trigger_target_dag to None, run_after=None
[2025-03-24T20:36:25.566+0000] {processor.py:179} INFO - Processing /home/vscode/.local/lib/python3.10/site-packages/airflow/example_dags/example_trigger_target_dag.py took 0.048 seconds
[2025-03-24T20:37:13.342+0000] {processor.py:157} INFO - Started process (PID=35809) to work on /home/vscode/.local/lib/python3.10/site-packages/airflow/example_dags/example_trigger_target_dag.py
[2025-03-24T20:37:13.342+0000] {processor.py:826} INFO - Processing file /home/vscode/.local/lib/python3.10/site-packages/airflow/example_dags/example_trigger_target_dag.py for tasks to queue
[2025-03-24T20:37:13.343+0000] {logging_mixin.py:150} INFO - [2025-03-24T20:37:13.343+0000] {dagbag.py:541} INFO - Filling up the DagBag from /home/vscode/.local/lib/python3.10/site-packages/airflow/example_dags/example_trigger_target_dag.py
[2025-03-24T20:37:13.349+0000] {processor.py:836} INFO - DAG(s) dict_keys(['example_trigger_target_dag']) retrieved from /home/vscode/.local/lib/python3.10/site-packages/airflow/example_dags/example_trigger_target_dag.py
[2025-03-24T20:37:13.361+0000] {logging_mixin.py:150} INFO - [2025-03-24T20:37:13.361+0000] {dag.py:2742} INFO - Sync 1 DAGs
[2025-03-24T20:37:13.375+0000] {logging_mixin.py:150} INFO - [2025-03-24T20:37:13.375+0000] {dag.py:3504} INFO - Setting next_dagrun for example_trigger_target_dag to None, run_after=None
[2025-03-24T20:37:13.390+0000] {processor.py:179} INFO - Processing /home/vscode/.local/lib/python3.10/site-packages/airflow/example_dags/example_trigger_target_dag.py took 0.050 seconds
[2025-03-24T20:37:56.984+0000] {processor.py:157} INFO - Started process (PID=36113) to work on /home/vscode/.local/lib/python3.10/site-packages/airflow/example_dags/example_trigger_target_dag.py
[2025-03-24T20:37:56.985+0000] {processor.py:826} INFO - Processing file /home/vscode/.local/lib/python3.10/site-packages/airflow/example_dags/example_trigger_target_dag.py for tasks to queue
[2025-03-24T20:37:56.985+0000] {logging_mixin.py:150} INFO - [2025-03-24T20:37:56.985+0000] {dagbag.py:541} INFO - Filling up the DagBag from /home/vscode/.local/lib/python3.10/site-packages/airflow/example_dags/example_trigger_target_dag.py
[2025-03-24T20:37:56.989+0000] {processor.py:836} INFO - DAG(s) dict_keys(['example_trigger_target_dag']) retrieved from /home/vscode/.local/lib/python3.10/site-packages/airflow/example_dags/example_trigger_target_dag.py
[2025-03-24T20:37:57.001+0000] {logging_mixin.py:150} INFO - [2025-03-24T20:37:57.000+0000] {dag.py:2742} INFO - Sync 1 DAGs
[2025-03-24T20:37:57.014+0000] {logging_mixin.py:150} INFO - [2025-03-24T20:37:57.014+0000] {dag.py:3504} INFO - Setting next_dagrun for example_trigger_target_dag to None, run_after=None
[2025-03-24T20:37:57.030+0000] {processor.py:179} INFO - Processing /home/vscode/.local/lib/python3.10/site-packages/airflow/example_dags/example_trigger_target_dag.py took 0.049 seconds
