[2025-03-24T20:13:01.871+0000] {processor.py:157} INFO - Started process (PID=25308) to work on /home/vscode/.local/lib/python3.10/site-packages/airflow/example_dags/example_branch_datetime_operator.py
[2025-03-24T20:13:01.871+0000] {processor.py:826} INFO - Processing file /home/vscode/.local/lib/python3.10/site-packages/airflow/example_dags/example_branch_datetime_operator.py for tasks to queue
[2025-03-24T20:13:01.872+0000] {logging_mixin.py:150} INFO - [2025-03-24T20:13:01.872+0000] {dagbag.py:541} INFO - Filling up the DagBag from /home/vscode/.local/lib/python3.10/site-packages/airflow/example_dags/example_branch_datetime_operator.py
[2025-03-24T20:13:01.879+0000] {processor.py:836} INFO - DAG(s) dict_keys(['example_branch_datetime_operator_2', 'example_branch_datetime_operator_3', 'example_branch_datetime_operator']) retrieved from /home/vscode/.local/lib/python3.10/site-packages/airflow/example_dags/example_branch_datetime_operator.py
[2025-03-24T20:13:01.954+0000] {logging_mixin.py:150} INFO - [2025-03-24T20:13:01.954+0000] {manager.py:504} INFO - Created Permission View: can delete on DAG:example_branch_datetime_operator_2
[2025-03-24T20:13:01.963+0000] {logging_mixin.py:150} INFO - [2025-03-24T20:13:01.962+0000] {manager.py:504} INFO - Created Permission View: can edit on DAG:example_branch_datetime_operator_2
[2025-03-24T20:13:01.969+0000] {logging_mixin.py:150} INFO - [2025-03-24T20:13:01.968+0000] {manager.py:504} INFO - Created Permission View: can read on DAG:example_branch_datetime_operator_2
[2025-03-24T20:13:01.989+0000] {logging_mixin.py:150} INFO - [2025-03-24T20:13:01.989+0000] {manager.py:504} INFO - Created Permission View: can delete on DAG:example_branch_datetime_operator_3
[2025-03-24T20:13:01.995+0000] {logging_mixin.py:150} INFO - [2025-03-24T20:13:01.995+0000] {manager.py:504} INFO - Created Permission View: can edit on DAG:example_branch_datetime_operator_3
[2025-03-24T20:13:02.001+0000] {logging_mixin.py:150} INFO - [2025-03-24T20:13:02.001+0000] {manager.py:504} INFO - Created Permission View: can read on DAG:example_branch_datetime_operator_3
[2025-03-24T20:13:02.016+0000] {logging_mixin.py:150} INFO - [2025-03-24T20:13:02.016+0000] {manager.py:504} INFO - Created Permission View: can delete on DAG:example_branch_datetime_operator
[2025-03-24T20:13:02.022+0000] {logging_mixin.py:150} INFO - [2025-03-24T20:13:02.022+0000] {manager.py:504} INFO - Created Permission View: can edit on DAG:example_branch_datetime_operator
[2025-03-24T20:13:02.028+0000] {logging_mixin.py:150} INFO - [2025-03-24T20:13:02.028+0000] {manager.py:504} INFO - Created Permission View: can read on DAG:example_branch_datetime_operator
[2025-03-24T20:13:02.031+0000] {logging_mixin.py:150} INFO - [2025-03-24T20:13:02.031+0000] {dag.py:2742} INFO - Sync 3 DAGs
[2025-03-24T20:13:02.039+0000] {logging_mixin.py:150} INFO - [2025-03-24T20:13:02.039+0000] {dag.py:2763} INFO - Creating ORM DAG for example_branch_datetime_operator_3
[2025-03-24T20:13:02.040+0000] {logging_mixin.py:150} INFO - [2025-03-24T20:13:02.040+0000] {dag.py:2763} INFO - Creating ORM DAG for example_branch_datetime_operator_2
[2025-03-24T20:13:02.040+0000] {logging_mixin.py:150} INFO - [2025-03-24T20:13:02.040+0000] {dag.py:2763} INFO - Creating ORM DAG for example_branch_datetime_operator
[2025-03-24T20:13:02.047+0000] {logging_mixin.py:150} INFO - [2025-03-24T20:13:02.047+0000] {dag.py:3504} INFO - Setting next_dagrun for example_branch_datetime_operator to 2025-03-23T00:00:00+00:00, run_after=2025-03-24T00:00:00+00:00
[2025-03-24T20:13:02.049+0000] {logging_mixin.py:150} INFO - [2025-03-24T20:13:02.049+0000] {dag.py:3504} INFO - Setting next_dagrun for example_branch_datetime_operator_2 to 2025-03-23T00:00:00+00:00, run_after=2025-03-24T00:00:00+00:00
[2025-03-24T20:13:02.050+0000] {logging_mixin.py:150} INFO - [2025-03-24T20:13:02.050+0000] {dag.py:3504} INFO - Setting next_dagrun for example_branch_datetime_operator_3 to 2025-03-23T00:00:00+00:00, run_after=2025-03-24T00:00:00+00:00
[2025-03-24T20:13:02.069+0000] {processor.py:179} INFO - Processing /home/vscode/.local/lib/python3.10/site-packages/airflow/example_dags/example_branch_datetime_operator.py took 0.201 seconds
[2025-03-24T20:13:51.094+0000] {processor.py:157} INFO - Started process (PID=25633) to work on /home/vscode/.local/lib/python3.10/site-packages/airflow/example_dags/example_branch_datetime_operator.py
[2025-03-24T20:13:51.094+0000] {processor.py:826} INFO - Processing file /home/vscode/.local/lib/python3.10/site-packages/airflow/example_dags/example_branch_datetime_operator.py for tasks to queue
[2025-03-24T20:13:51.095+0000] {logging_mixin.py:150} INFO - [2025-03-24T20:13:51.095+0000] {dagbag.py:541} INFO - Filling up the DagBag from /home/vscode/.local/lib/python3.10/site-packages/airflow/example_dags/example_branch_datetime_operator.py
[2025-03-24T20:13:51.103+0000] {processor.py:836} INFO - DAG(s) dict_keys(['example_branch_datetime_operator_3', 'example_branch_datetime_operator_2', 'example_branch_datetime_operator']) retrieved from /home/vscode/.local/lib/python3.10/site-packages/airflow/example_dags/example_branch_datetime_operator.py
[2025-03-24T20:13:51.122+0000] {logging_mixin.py:150} INFO - [2025-03-24T20:13:51.121+0000] {dag.py:2742} INFO - Sync 3 DAGs
[2025-03-24T20:13:51.137+0000] {logging_mixin.py:150} INFO - [2025-03-24T20:13:51.137+0000] {dag.py:3504} INFO - Setting next_dagrun for example_branch_datetime_operator to 2025-03-23T00:00:00+00:00, run_after=2025-03-24T00:00:00+00:00
[2025-03-24T20:13:51.140+0000] {logging_mixin.py:150} INFO - [2025-03-24T20:13:51.140+0000] {dag.py:3504} INFO - Setting next_dagrun for example_branch_datetime_operator_2 to 2025-03-23T00:00:00+00:00, run_after=2025-03-24T00:00:00+00:00
[2025-03-24T20:13:51.141+0000] {logging_mixin.py:150} INFO - [2025-03-24T20:13:51.141+0000] {dag.py:3504} INFO - Setting next_dagrun for example_branch_datetime_operator_3 to 2025-03-23T00:00:00+00:00, run_after=2025-03-24T00:00:00+00:00
[2025-03-24T20:13:51.155+0000] {processor.py:179} INFO - Processing /home/vscode/.local/lib/python3.10/site-packages/airflow/example_dags/example_branch_datetime_operator.py took 0.063 seconds
[2025-03-24T20:14:33.122+0000] {processor.py:157} INFO - Started process (PID=25907) to work on /home/vscode/.local/lib/python3.10/site-packages/airflow/example_dags/example_branch_datetime_operator.py
[2025-03-24T20:14:33.122+0000] {processor.py:826} INFO - Processing file /home/vscode/.local/lib/python3.10/site-packages/airflow/example_dags/example_branch_datetime_operator.py for tasks to queue
[2025-03-24T20:14:33.123+0000] {logging_mixin.py:150} INFO - [2025-03-24T20:14:33.123+0000] {dagbag.py:541} INFO - Filling up the DagBag from /home/vscode/.local/lib/python3.10/site-packages/airflow/example_dags/example_branch_datetime_operator.py
[2025-03-24T20:14:33.130+0000] {processor.py:836} INFO - DAG(s) dict_keys(['example_branch_datetime_operator_2', 'example_branch_datetime_operator_3', 'example_branch_datetime_operator']) retrieved from /home/vscode/.local/lib/python3.10/site-packages/airflow/example_dags/example_branch_datetime_operator.py
[2025-03-24T20:14:33.145+0000] {logging_mixin.py:150} INFO - [2025-03-24T20:14:33.145+0000] {dag.py:2742} INFO - Sync 3 DAGs
[2025-03-24T20:14:33.160+0000] {logging_mixin.py:150} INFO - [2025-03-24T20:14:33.160+0000] {dag.py:3504} INFO - Setting next_dagrun for example_branch_datetime_operator to 2025-03-23T00:00:00+00:00, run_after=2025-03-24T00:00:00+00:00
[2025-03-24T20:14:33.164+0000] {logging_mixin.py:150} INFO - [2025-03-24T20:14:33.163+0000] {dag.py:3504} INFO - Setting next_dagrun for example_branch_datetime_operator_2 to 2025-03-23T00:00:00+00:00, run_after=2025-03-24T00:00:00+00:00
[2025-03-24T20:14:33.165+0000] {logging_mixin.py:150} INFO - [2025-03-24T20:14:33.165+0000] {dag.py:3504} INFO - Setting next_dagrun for example_branch_datetime_operator_3 to 2025-03-23T00:00:00+00:00, run_after=2025-03-24T00:00:00+00:00
[2025-03-24T20:14:33.179+0000] {processor.py:179} INFO - Processing /home/vscode/.local/lib/python3.10/site-packages/airflow/example_dags/example_branch_datetime_operator.py took 0.059 seconds
[2025-03-24T20:15:16.802+0000] {processor.py:157} INFO - Started process (PID=26223) to work on /home/vscode/.local/lib/python3.10/site-packages/airflow/example_dags/example_branch_datetime_operator.py
[2025-03-24T20:15:16.802+0000] {processor.py:826} INFO - Processing file /home/vscode/.local/lib/python3.10/site-packages/airflow/example_dags/example_branch_datetime_operator.py for tasks to queue
[2025-03-24T20:15:16.803+0000] {logging_mixin.py:150} INFO - [2025-03-24T20:15:16.803+0000] {dagbag.py:541} INFO - Filling up the DagBag from /home/vscode/.local/lib/python3.10/site-packages/airflow/example_dags/example_branch_datetime_operator.py
[2025-03-24T20:15:16.810+0000] {processor.py:836} INFO - DAG(s) dict_keys(['example_branch_datetime_operator', 'example_branch_datetime_operator_3', 'example_branch_datetime_operator_2']) retrieved from /home/vscode/.local/lib/python3.10/site-packages/airflow/example_dags/example_branch_datetime_operator.py
[2025-03-24T20:15:16.826+0000] {logging_mixin.py:150} INFO - [2025-03-24T20:15:16.826+0000] {dag.py:2742} INFO - Sync 3 DAGs
[2025-03-24T20:15:16.850+0000] {logging_mixin.py:150} INFO - [2025-03-24T20:15:16.849+0000] {dag.py:3504} INFO - Setting next_dagrun for example_branch_datetime_operator to 2025-03-23T00:00:00+00:00, run_after=2025-03-24T00:00:00+00:00
[2025-03-24T20:15:16.854+0000] {logging_mixin.py:150} INFO - [2025-03-24T20:15:16.854+0000] {dag.py:3504} INFO - Setting next_dagrun for example_branch_datetime_operator_2 to 2025-03-23T00:00:00+00:00, run_after=2025-03-24T00:00:00+00:00
[2025-03-24T20:15:16.857+0000] {logging_mixin.py:150} INFO - [2025-03-24T20:15:16.857+0000] {dag.py:3504} INFO - Setting next_dagrun for example_branch_datetime_operator_3 to 2025-03-23T00:00:00+00:00, run_after=2025-03-24T00:00:00+00:00
[2025-03-24T20:15:16.871+0000] {processor.py:179} INFO - Processing /home/vscode/.local/lib/python3.10/site-packages/airflow/example_dags/example_branch_datetime_operator.py took 0.071 seconds
[2025-03-24T20:16:06.872+0000] {processor.py:157} INFO - Started process (PID=26550) to work on /home/vscode/.local/lib/python3.10/site-packages/airflow/example_dags/example_branch_datetime_operator.py
[2025-03-24T20:16:06.873+0000] {processor.py:826} INFO - Processing file /home/vscode/.local/lib/python3.10/site-packages/airflow/example_dags/example_branch_datetime_operator.py for tasks to queue
[2025-03-24T20:16:06.873+0000] {logging_mixin.py:150} INFO - [2025-03-24T20:16:06.873+0000] {dagbag.py:541} INFO - Filling up the DagBag from /home/vscode/.local/lib/python3.10/site-packages/airflow/example_dags/example_branch_datetime_operator.py
[2025-03-24T20:16:06.880+0000] {processor.py:836} INFO - DAG(s) dict_keys(['example_branch_datetime_operator_3', 'example_branch_datetime_operator_2', 'example_branch_datetime_operator']) retrieved from /home/vscode/.local/lib/python3.10/site-packages/airflow/example_dags/example_branch_datetime_operator.py
[2025-03-24T20:16:06.896+0000] {logging_mixin.py:150} INFO - [2025-03-24T20:16:06.896+0000] {dag.py:2742} INFO - Sync 3 DAGs
[2025-03-24T20:16:06.911+0000] {logging_mixin.py:150} INFO - [2025-03-24T20:16:06.911+0000] {dag.py:3504} INFO - Setting next_dagrun for example_branch_datetime_operator to 2025-03-23T00:00:00+00:00, run_after=2025-03-24T00:00:00+00:00
[2025-03-24T20:16:06.914+0000] {logging_mixin.py:150} INFO - [2025-03-24T20:16:06.914+0000] {dag.py:3504} INFO - Setting next_dagrun for example_branch_datetime_operator_2 to 2025-03-23T00:00:00+00:00, run_after=2025-03-24T00:00:00+00:00
[2025-03-24T20:16:06.916+0000] {logging_mixin.py:150} INFO - [2025-03-24T20:16:06.915+0000] {dag.py:3504} INFO - Setting next_dagrun for example_branch_datetime_operator_3 to 2025-03-23T00:00:00+00:00, run_after=2025-03-24T00:00:00+00:00
[2025-03-24T20:16:06.930+0000] {processor.py:179} INFO - Processing /home/vscode/.local/lib/python3.10/site-packages/airflow/example_dags/example_branch_datetime_operator.py took 0.060 seconds
[2025-03-24T20:16:51.992+0000] {processor.py:157} INFO - Started process (PID=26851) to work on /home/vscode/.local/lib/python3.10/site-packages/airflow/example_dags/example_branch_datetime_operator.py
[2025-03-24T20:16:51.993+0000] {processor.py:826} INFO - Processing file /home/vscode/.local/lib/python3.10/site-packages/airflow/example_dags/example_branch_datetime_operator.py for tasks to queue
[2025-03-24T20:16:51.993+0000] {logging_mixin.py:150} INFO - [2025-03-24T20:16:51.993+0000] {dagbag.py:541} INFO - Filling up the DagBag from /home/vscode/.local/lib/python3.10/site-packages/airflow/example_dags/example_branch_datetime_operator.py
[2025-03-24T20:16:52.000+0000] {processor.py:836} INFO - DAG(s) dict_keys(['example_branch_datetime_operator_2', 'example_branch_datetime_operator', 'example_branch_datetime_operator_3']) retrieved from /home/vscode/.local/lib/python3.10/site-packages/airflow/example_dags/example_branch_datetime_operator.py
[2025-03-24T20:16:52.016+0000] {logging_mixin.py:150} INFO - [2025-03-24T20:16:52.016+0000] {dag.py:2742} INFO - Sync 3 DAGs
[2025-03-24T20:16:52.031+0000] {logging_mixin.py:150} INFO - [2025-03-24T20:16:52.031+0000] {dag.py:3504} INFO - Setting next_dagrun for example_branch_datetime_operator to 2025-03-23T00:00:00+00:00, run_after=2025-03-24T00:00:00+00:00
[2025-03-24T20:16:52.034+0000] {logging_mixin.py:150} INFO - [2025-03-24T20:16:52.034+0000] {dag.py:3504} INFO - Setting next_dagrun for example_branch_datetime_operator_2 to 2025-03-23T00:00:00+00:00, run_after=2025-03-24T00:00:00+00:00
[2025-03-24T20:16:52.036+0000] {logging_mixin.py:150} INFO - [2025-03-24T20:16:52.036+0000] {dag.py:3504} INFO - Setting next_dagrun for example_branch_datetime_operator_3 to 2025-03-23T00:00:00+00:00, run_after=2025-03-24T00:00:00+00:00
[2025-03-24T20:16:52.049+0000] {processor.py:179} INFO - Processing /home/vscode/.local/lib/python3.10/site-packages/airflow/example_dags/example_branch_datetime_operator.py took 0.059 seconds
[2025-03-24T20:17:39.277+0000] {processor.py:157} INFO - Started process (PID=27169) to work on /home/vscode/.local/lib/python3.10/site-packages/airflow/example_dags/example_branch_datetime_operator.py
[2025-03-24T20:17:39.277+0000] {processor.py:826} INFO - Processing file /home/vscode/.local/lib/python3.10/site-packages/airflow/example_dags/example_branch_datetime_operator.py for tasks to queue
[2025-03-24T20:17:39.278+0000] {logging_mixin.py:150} INFO - [2025-03-24T20:17:39.278+0000] {dagbag.py:541} INFO - Filling up the DagBag from /home/vscode/.local/lib/python3.10/site-packages/airflow/example_dags/example_branch_datetime_operator.py
[2025-03-24T20:17:39.285+0000] {processor.py:836} INFO - DAG(s) dict_keys(['example_branch_datetime_operator_2', 'example_branch_datetime_operator', 'example_branch_datetime_operator_3']) retrieved from /home/vscode/.local/lib/python3.10/site-packages/airflow/example_dags/example_branch_datetime_operator.py
[2025-03-24T20:17:39.301+0000] {logging_mixin.py:150} INFO - [2025-03-24T20:17:39.301+0000] {dag.py:2742} INFO - Sync 3 DAGs
[2025-03-24T20:17:39.316+0000] {logging_mixin.py:150} INFO - [2025-03-24T20:17:39.316+0000] {dag.py:3504} INFO - Setting next_dagrun for example_branch_datetime_operator to 2025-03-23T00:00:00+00:00, run_after=2025-03-24T00:00:00+00:00
[2025-03-24T20:17:39.319+0000] {logging_mixin.py:150} INFO - [2025-03-24T20:17:39.319+0000] {dag.py:3504} INFO - Setting next_dagrun for example_branch_datetime_operator_2 to 2025-03-23T00:00:00+00:00, run_after=2025-03-24T00:00:00+00:00
[2025-03-24T20:17:39.321+0000] {logging_mixin.py:150} INFO - [2025-03-24T20:17:39.321+0000] {dag.py:3504} INFO - Setting next_dagrun for example_branch_datetime_operator_3 to 2025-03-23T00:00:00+00:00, run_after=2025-03-24T00:00:00+00:00
[2025-03-24T20:17:39.336+0000] {processor.py:179} INFO - Processing /home/vscode/.local/lib/python3.10/site-packages/airflow/example_dags/example_branch_datetime_operator.py took 0.061 seconds
[2025-03-24T20:18:23.477+0000] {processor.py:157} INFO - Started process (PID=27462) to work on /home/vscode/.local/lib/python3.10/site-packages/airflow/example_dags/example_branch_datetime_operator.py
[2025-03-24T20:18:23.478+0000] {processor.py:826} INFO - Processing file /home/vscode/.local/lib/python3.10/site-packages/airflow/example_dags/example_branch_datetime_operator.py for tasks to queue
[2025-03-24T20:18:23.479+0000] {logging_mixin.py:150} INFO - [2025-03-24T20:18:23.478+0000] {dagbag.py:541} INFO - Filling up the DagBag from /home/vscode/.local/lib/python3.10/site-packages/airflow/example_dags/example_branch_datetime_operator.py
[2025-03-24T20:18:23.486+0000] {processor.py:836} INFO - DAG(s) dict_keys(['example_branch_datetime_operator', 'example_branch_datetime_operator_2', 'example_branch_datetime_operator_3']) retrieved from /home/vscode/.local/lib/python3.10/site-packages/airflow/example_dags/example_branch_datetime_operator.py
[2025-03-24T20:18:23.502+0000] {logging_mixin.py:150} INFO - [2025-03-24T20:18:23.502+0000] {dag.py:2742} INFO - Sync 3 DAGs
[2025-03-24T20:18:23.517+0000] {logging_mixin.py:150} INFO - [2025-03-24T20:18:23.517+0000] {dag.py:3504} INFO - Setting next_dagrun for example_branch_datetime_operator to 2025-03-23T00:00:00+00:00, run_after=2025-03-24T00:00:00+00:00
[2025-03-24T20:18:23.520+0000] {logging_mixin.py:150} INFO - [2025-03-24T20:18:23.520+0000] {dag.py:3504} INFO - Setting next_dagrun for example_branch_datetime_operator_2 to 2025-03-23T00:00:00+00:00, run_after=2025-03-24T00:00:00+00:00
[2025-03-24T20:18:23.522+0000] {logging_mixin.py:150} INFO - [2025-03-24T20:18:23.522+0000] {dag.py:3504} INFO - Setting next_dagrun for example_branch_datetime_operator_3 to 2025-03-23T00:00:00+00:00, run_after=2025-03-24T00:00:00+00:00
[2025-03-24T20:18:23.535+0000] {processor.py:179} INFO - Processing /home/vscode/.local/lib/python3.10/site-packages/airflow/example_dags/example_branch_datetime_operator.py took 0.059 seconds
[2025-03-24T20:19:16.711+0000] {processor.py:157} INFO - Started process (PID=27816) to work on /home/vscode/.local/lib/python3.10/site-packages/airflow/example_dags/example_branch_datetime_operator.py
[2025-03-24T20:19:16.712+0000] {processor.py:826} INFO - Processing file /home/vscode/.local/lib/python3.10/site-packages/airflow/example_dags/example_branch_datetime_operator.py for tasks to queue
[2025-03-24T20:19:16.712+0000] {logging_mixin.py:150} INFO - [2025-03-24T20:19:16.712+0000] {dagbag.py:541} INFO - Filling up the DagBag from /home/vscode/.local/lib/python3.10/site-packages/airflow/example_dags/example_branch_datetime_operator.py
[2025-03-24T20:19:16.719+0000] {processor.py:836} INFO - DAG(s) dict_keys(['example_branch_datetime_operator_2', 'example_branch_datetime_operator', 'example_branch_datetime_operator_3']) retrieved from /home/vscode/.local/lib/python3.10/site-packages/airflow/example_dags/example_branch_datetime_operator.py
[2025-03-24T20:19:16.735+0000] {logging_mixin.py:150} INFO - [2025-03-24T20:19:16.735+0000] {dag.py:2742} INFO - Sync 3 DAGs
[2025-03-24T20:19:16.750+0000] {logging_mixin.py:150} INFO - [2025-03-24T20:19:16.750+0000] {dag.py:3504} INFO - Setting next_dagrun for example_branch_datetime_operator to 2025-03-23T00:00:00+00:00, run_after=2025-03-24T00:00:00+00:00
[2025-03-24T20:19:16.754+0000] {logging_mixin.py:150} INFO - [2025-03-24T20:19:16.753+0000] {dag.py:3504} INFO - Setting next_dagrun for example_branch_datetime_operator_2 to 2025-03-23T00:00:00+00:00, run_after=2025-03-24T00:00:00+00:00
[2025-03-24T20:19:16.755+0000] {logging_mixin.py:150} INFO - [2025-03-24T20:19:16.755+0000] {dag.py:3504} INFO - Setting next_dagrun for example_branch_datetime_operator_3 to 2025-03-23T00:00:00+00:00, run_after=2025-03-24T00:00:00+00:00
[2025-03-24T20:19:16.769+0000] {processor.py:179} INFO - Processing /home/vscode/.local/lib/python3.10/site-packages/airflow/example_dags/example_branch_datetime_operator.py took 0.060 seconds
[2025-03-24T20:20:01.838+0000] {processor.py:157} INFO - Started process (PID=28146) to work on /home/vscode/.local/lib/python3.10/site-packages/airflow/example_dags/example_branch_datetime_operator.py
[2025-03-24T20:20:01.839+0000] {processor.py:826} INFO - Processing file /home/vscode/.local/lib/python3.10/site-packages/airflow/example_dags/example_branch_datetime_operator.py for tasks to queue
[2025-03-24T20:20:01.839+0000] {logging_mixin.py:150} INFO - [2025-03-24T20:20:01.839+0000] {dagbag.py:541} INFO - Filling up the DagBag from /home/vscode/.local/lib/python3.10/site-packages/airflow/example_dags/example_branch_datetime_operator.py
[2025-03-24T20:20:01.846+0000] {processor.py:836} INFO - DAG(s) dict_keys(['example_branch_datetime_operator_2', 'example_branch_datetime_operator_3', 'example_branch_datetime_operator']) retrieved from /home/vscode/.local/lib/python3.10/site-packages/airflow/example_dags/example_branch_datetime_operator.py
[2025-03-24T20:20:01.863+0000] {logging_mixin.py:150} INFO - [2025-03-24T20:20:01.862+0000] {dag.py:2742} INFO - Sync 3 DAGs
[2025-03-24T20:20:01.878+0000] {logging_mixin.py:150} INFO - [2025-03-24T20:20:01.877+0000] {dag.py:3504} INFO - Setting next_dagrun for example_branch_datetime_operator to 2025-03-23T00:00:00+00:00, run_after=2025-03-24T00:00:00+00:00
[2025-03-24T20:20:01.881+0000] {logging_mixin.py:150} INFO - [2025-03-24T20:20:01.881+0000] {dag.py:3504} INFO - Setting next_dagrun for example_branch_datetime_operator_2 to 2025-03-23T00:00:00+00:00, run_after=2025-03-24T00:00:00+00:00
[2025-03-24T20:20:01.882+0000] {logging_mixin.py:150} INFO - [2025-03-24T20:20:01.882+0000] {dag.py:3504} INFO - Setting next_dagrun for example_branch_datetime_operator_3 to 2025-03-23T00:00:00+00:00, run_after=2025-03-24T00:00:00+00:00
[2025-03-24T20:20:01.896+0000] {processor.py:179} INFO - Processing /home/vscode/.local/lib/python3.10/site-packages/airflow/example_dags/example_branch_datetime_operator.py took 0.060 seconds
[2025-03-24T20:20:51.600+0000] {processor.py:157} INFO - Started process (PID=28511) to work on /home/vscode/.local/lib/python3.10/site-packages/airflow/example_dags/example_branch_datetime_operator.py
[2025-03-24T20:20:51.600+0000] {processor.py:826} INFO - Processing file /home/vscode/.local/lib/python3.10/site-packages/airflow/example_dags/example_branch_datetime_operator.py for tasks to queue
[2025-03-24T20:20:51.601+0000] {logging_mixin.py:150} INFO - [2025-03-24T20:20:51.600+0000] {dagbag.py:541} INFO - Filling up the DagBag from /home/vscode/.local/lib/python3.10/site-packages/airflow/example_dags/example_branch_datetime_operator.py
[2025-03-24T20:20:51.608+0000] {processor.py:836} INFO - DAG(s) dict_keys(['example_branch_datetime_operator_2', 'example_branch_datetime_operator_3', 'example_branch_datetime_operator']) retrieved from /home/vscode/.local/lib/python3.10/site-packages/airflow/example_dags/example_branch_datetime_operator.py
[2025-03-24T20:20:51.623+0000] {logging_mixin.py:150} INFO - [2025-03-24T20:20:51.623+0000] {dag.py:2742} INFO - Sync 3 DAGs
[2025-03-24T20:20:51.639+0000] {logging_mixin.py:150} INFO - [2025-03-24T20:20:51.639+0000] {dag.py:3504} INFO - Setting next_dagrun for example_branch_datetime_operator to 2025-03-23T00:00:00+00:00, run_after=2025-03-24T00:00:00+00:00
[2025-03-24T20:20:51.642+0000] {logging_mixin.py:150} INFO - [2025-03-24T20:20:51.642+0000] {dag.py:3504} INFO - Setting next_dagrun for example_branch_datetime_operator_2 to 2025-03-23T00:00:00+00:00, run_after=2025-03-24T00:00:00+00:00
[2025-03-24T20:20:51.644+0000] {logging_mixin.py:150} INFO - [2025-03-24T20:20:51.644+0000] {dag.py:3504} INFO - Setting next_dagrun for example_branch_datetime_operator_3 to 2025-03-23T00:00:00+00:00, run_after=2025-03-24T00:00:00+00:00
[2025-03-24T20:20:51.657+0000] {processor.py:179} INFO - Processing /home/vscode/.local/lib/python3.10/site-packages/airflow/example_dags/example_branch_datetime_operator.py took 0.060 seconds
[2025-03-24T20:21:38.596+0000] {processor.py:157} INFO - Started process (PID=28877) to work on /home/vscode/.local/lib/python3.10/site-packages/airflow/example_dags/example_branch_datetime_operator.py
[2025-03-24T20:21:38.596+0000] {processor.py:826} INFO - Processing file /home/vscode/.local/lib/python3.10/site-packages/airflow/example_dags/example_branch_datetime_operator.py for tasks to queue
[2025-03-24T20:21:38.597+0000] {logging_mixin.py:150} INFO - [2025-03-24T20:21:38.597+0000] {dagbag.py:541} INFO - Filling up the DagBag from /home/vscode/.local/lib/python3.10/site-packages/airflow/example_dags/example_branch_datetime_operator.py
[2025-03-24T20:21:38.604+0000] {processor.py:836} INFO - DAG(s) dict_keys(['example_branch_datetime_operator_2', 'example_branch_datetime_operator', 'example_branch_datetime_operator_3']) retrieved from /home/vscode/.local/lib/python3.10/site-packages/airflow/example_dags/example_branch_datetime_operator.py
[2025-03-24T20:21:38.621+0000] {logging_mixin.py:150} INFO - [2025-03-24T20:21:38.620+0000] {dag.py:2742} INFO - Sync 3 DAGs
[2025-03-24T20:21:38.638+0000] {logging_mixin.py:150} INFO - [2025-03-24T20:21:38.637+0000] {dag.py:3504} INFO - Setting next_dagrun for example_branch_datetime_operator to 2025-03-23T00:00:00+00:00, run_after=2025-03-24T00:00:00+00:00
[2025-03-24T20:21:38.641+0000] {logging_mixin.py:150} INFO - [2025-03-24T20:21:38.641+0000] {dag.py:3504} INFO - Setting next_dagrun for example_branch_datetime_operator_2 to 2025-03-23T00:00:00+00:00, run_after=2025-03-24T00:00:00+00:00
[2025-03-24T20:21:38.643+0000] {logging_mixin.py:150} INFO - [2025-03-24T20:21:38.643+0000] {dag.py:3504} INFO - Setting next_dagrun for example_branch_datetime_operator_3 to 2025-03-23T00:00:00+00:00, run_after=2025-03-24T00:00:00+00:00
[2025-03-24T20:21:38.657+0000] {processor.py:179} INFO - Processing /home/vscode/.local/lib/python3.10/site-packages/airflow/example_dags/example_branch_datetime_operator.py took 0.063 seconds
[2025-03-24T20:22:24.090+0000] {processor.py:157} INFO - Started process (PID=29207) to work on /home/vscode/.local/lib/python3.10/site-packages/airflow/example_dags/example_branch_datetime_operator.py
[2025-03-24T20:22:24.090+0000] {processor.py:826} INFO - Processing file /home/vscode/.local/lib/python3.10/site-packages/airflow/example_dags/example_branch_datetime_operator.py for tasks to queue
[2025-03-24T20:22:24.091+0000] {logging_mixin.py:150} INFO - [2025-03-24T20:22:24.091+0000] {dagbag.py:541} INFO - Filling up the DagBag from /home/vscode/.local/lib/python3.10/site-packages/airflow/example_dags/example_branch_datetime_operator.py
[2025-03-24T20:22:24.103+0000] {processor.py:836} INFO - DAG(s) dict_keys(['example_branch_datetime_operator', 'example_branch_datetime_operator_3', 'example_branch_datetime_operator_2']) retrieved from /home/vscode/.local/lib/python3.10/site-packages/airflow/example_dags/example_branch_datetime_operator.py
[2025-03-24T20:22:24.122+0000] {logging_mixin.py:150} INFO - [2025-03-24T20:22:24.121+0000] {dag.py:2742} INFO - Sync 3 DAGs
[2025-03-24T20:22:24.137+0000] {logging_mixin.py:150} INFO - [2025-03-24T20:22:24.137+0000] {dag.py:3504} INFO - Setting next_dagrun for example_branch_datetime_operator to 2025-03-23T00:00:00+00:00, run_after=2025-03-24T00:00:00+00:00
[2025-03-24T20:22:24.140+0000] {logging_mixin.py:150} INFO - [2025-03-24T20:22:24.140+0000] {dag.py:3504} INFO - Setting next_dagrun for example_branch_datetime_operator_2 to 2025-03-23T00:00:00+00:00, run_after=2025-03-24T00:00:00+00:00
[2025-03-24T20:22:24.142+0000] {logging_mixin.py:150} INFO - [2025-03-24T20:22:24.142+0000] {dag.py:3504} INFO - Setting next_dagrun for example_branch_datetime_operator_3 to 2025-03-23T00:00:00+00:00, run_after=2025-03-24T00:00:00+00:00
[2025-03-24T20:22:24.155+0000] {processor.py:179} INFO - Processing /home/vscode/.local/lib/python3.10/site-packages/airflow/example_dags/example_branch_datetime_operator.py took 0.069 seconds
[2025-03-24T20:23:08.594+0000] {processor.py:157} INFO - Started process (PID=29538) to work on /home/vscode/.local/lib/python3.10/site-packages/airflow/example_dags/example_branch_datetime_operator.py
[2025-03-24T20:23:08.597+0000] {processor.py:826} INFO - Processing file /home/vscode/.local/lib/python3.10/site-packages/airflow/example_dags/example_branch_datetime_operator.py for tasks to queue
[2025-03-24T20:23:08.598+0000] {logging_mixin.py:150} INFO - [2025-03-24T20:23:08.598+0000] {dagbag.py:541} INFO - Filling up the DagBag from /home/vscode/.local/lib/python3.10/site-packages/airflow/example_dags/example_branch_datetime_operator.py
[2025-03-24T20:23:08.609+0000] {processor.py:836} INFO - DAG(s) dict_keys(['example_branch_datetime_operator_3', 'example_branch_datetime_operator', 'example_branch_datetime_operator_2']) retrieved from /home/vscode/.local/lib/python3.10/site-packages/airflow/example_dags/example_branch_datetime_operator.py
[2025-03-24T20:23:08.627+0000] {logging_mixin.py:150} INFO - [2025-03-24T20:23:08.627+0000] {dag.py:2742} INFO - Sync 3 DAGs
[2025-03-24T20:23:08.642+0000] {logging_mixin.py:150} INFO - [2025-03-24T20:23:08.642+0000] {dag.py:3504} INFO - Setting next_dagrun for example_branch_datetime_operator to 2025-03-23T00:00:00+00:00, run_after=2025-03-24T00:00:00+00:00
[2025-03-24T20:23:08.646+0000] {logging_mixin.py:150} INFO - [2025-03-24T20:23:08.645+0000] {dag.py:3504} INFO - Setting next_dagrun for example_branch_datetime_operator_2 to 2025-03-23T00:00:00+00:00, run_after=2025-03-24T00:00:00+00:00
[2025-03-24T20:23:08.647+0000] {logging_mixin.py:150} INFO - [2025-03-24T20:23:08.647+0000] {dag.py:3504} INFO - Setting next_dagrun for example_branch_datetime_operator_3 to 2025-03-23T00:00:00+00:00, run_after=2025-03-24T00:00:00+00:00
[2025-03-24T20:23:08.661+0000] {processor.py:179} INFO - Processing /home/vscode/.local/lib/python3.10/site-packages/airflow/example_dags/example_branch_datetime_operator.py took 0.069 seconds
[2025-03-24T20:23:52.553+0000] {processor.py:157} INFO - Started process (PID=29932) to work on /home/vscode/.local/lib/python3.10/site-packages/airflow/example_dags/example_branch_datetime_operator.py
[2025-03-24T20:23:52.554+0000] {processor.py:826} INFO - Processing file /home/vscode/.local/lib/python3.10/site-packages/airflow/example_dags/example_branch_datetime_operator.py for tasks to queue
[2025-03-24T20:23:52.554+0000] {logging_mixin.py:150} INFO - [2025-03-24T20:23:52.554+0000] {dagbag.py:541} INFO - Filling up the DagBag from /home/vscode/.local/lib/python3.10/site-packages/airflow/example_dags/example_branch_datetime_operator.py
[2025-03-24T20:23:52.561+0000] {processor.py:836} INFO - DAG(s) dict_keys(['example_branch_datetime_operator_2', 'example_branch_datetime_operator_3', 'example_branch_datetime_operator']) retrieved from /home/vscode/.local/lib/python3.10/site-packages/airflow/example_dags/example_branch_datetime_operator.py
[2025-03-24T20:23:52.577+0000] {logging_mixin.py:150} INFO - [2025-03-24T20:23:52.577+0000] {dag.py:2742} INFO - Sync 3 DAGs
[2025-03-24T20:23:52.592+0000] {logging_mixin.py:150} INFO - [2025-03-24T20:23:52.592+0000] {dag.py:3504} INFO - Setting next_dagrun for example_branch_datetime_operator to 2025-03-23T00:00:00+00:00, run_after=2025-03-24T00:00:00+00:00
[2025-03-24T20:23:52.595+0000] {logging_mixin.py:150} INFO - [2025-03-24T20:23:52.595+0000] {dag.py:3504} INFO - Setting next_dagrun for example_branch_datetime_operator_2 to 2025-03-23T00:00:00+00:00, run_after=2025-03-24T00:00:00+00:00
[2025-03-24T20:23:52.596+0000] {logging_mixin.py:150} INFO - [2025-03-24T20:23:52.596+0000] {dag.py:3504} INFO - Setting next_dagrun for example_branch_datetime_operator_3 to 2025-03-23T00:00:00+00:00, run_after=2025-03-24T00:00:00+00:00
[2025-03-24T20:23:52.611+0000] {processor.py:179} INFO - Processing /home/vscode/.local/lib/python3.10/site-packages/airflow/example_dags/example_branch_datetime_operator.py took 0.060 seconds
[2025-03-24T20:24:39.299+0000] {processor.py:157} INFO - Started process (PID=30252) to work on /home/vscode/.local/lib/python3.10/site-packages/airflow/example_dags/example_branch_datetime_operator.py
[2025-03-24T20:24:39.299+0000] {processor.py:826} INFO - Processing file /home/vscode/.local/lib/python3.10/site-packages/airflow/example_dags/example_branch_datetime_operator.py for tasks to queue
[2025-03-24T20:24:39.300+0000] {logging_mixin.py:150} INFO - [2025-03-24T20:24:39.300+0000] {dagbag.py:541} INFO - Filling up the DagBag from /home/vscode/.local/lib/python3.10/site-packages/airflow/example_dags/example_branch_datetime_operator.py
[2025-03-24T20:24:39.307+0000] {processor.py:836} INFO - DAG(s) dict_keys(['example_branch_datetime_operator_2', 'example_branch_datetime_operator', 'example_branch_datetime_operator_3']) retrieved from /home/vscode/.local/lib/python3.10/site-packages/airflow/example_dags/example_branch_datetime_operator.py
[2025-03-24T20:24:39.323+0000] {logging_mixin.py:150} INFO - [2025-03-24T20:24:39.322+0000] {dag.py:2742} INFO - Sync 3 DAGs
[2025-03-24T20:24:39.337+0000] {logging_mixin.py:150} INFO - [2025-03-24T20:24:39.337+0000] {dag.py:3504} INFO - Setting next_dagrun for example_branch_datetime_operator to 2025-03-23T00:00:00+00:00, run_after=2025-03-24T00:00:00+00:00
[2025-03-24T20:24:39.341+0000] {logging_mixin.py:150} INFO - [2025-03-24T20:24:39.341+0000] {dag.py:3504} INFO - Setting next_dagrun for example_branch_datetime_operator_2 to 2025-03-23T00:00:00+00:00, run_after=2025-03-24T00:00:00+00:00
[2025-03-24T20:24:39.343+0000] {logging_mixin.py:150} INFO - [2025-03-24T20:24:39.343+0000] {dag.py:3504} INFO - Setting next_dagrun for example_branch_datetime_operator_3 to 2025-03-23T00:00:00+00:00, run_after=2025-03-24T00:00:00+00:00
[2025-03-24T20:24:39.355+0000] {processor.py:179} INFO - Processing /home/vscode/.local/lib/python3.10/site-packages/airflow/example_dags/example_branch_datetime_operator.py took 0.059 seconds
[2025-03-24T20:25:22.262+0000] {processor.py:157} INFO - Started process (PID=30589) to work on /home/vscode/.local/lib/python3.10/site-packages/airflow/example_dags/example_branch_datetime_operator.py
[2025-03-24T20:25:22.263+0000] {processor.py:826} INFO - Processing file /home/vscode/.local/lib/python3.10/site-packages/airflow/example_dags/example_branch_datetime_operator.py for tasks to queue
[2025-03-24T20:25:22.263+0000] {logging_mixin.py:150} INFO - [2025-03-24T20:25:22.263+0000] {dagbag.py:541} INFO - Filling up the DagBag from /home/vscode/.local/lib/python3.10/site-packages/airflow/example_dags/example_branch_datetime_operator.py
[2025-03-24T20:25:22.270+0000] {processor.py:836} INFO - DAG(s) dict_keys(['example_branch_datetime_operator_2', 'example_branch_datetime_operator', 'example_branch_datetime_operator_3']) retrieved from /home/vscode/.local/lib/python3.10/site-packages/airflow/example_dags/example_branch_datetime_operator.py
[2025-03-24T20:25:22.286+0000] {logging_mixin.py:150} INFO - [2025-03-24T20:25:22.286+0000] {dag.py:2742} INFO - Sync 3 DAGs
[2025-03-24T20:25:22.301+0000] {logging_mixin.py:150} INFO - [2025-03-24T20:25:22.301+0000] {dag.py:3504} INFO - Setting next_dagrun for example_branch_datetime_operator to 2025-03-23T00:00:00+00:00, run_after=2025-03-24T00:00:00+00:00
[2025-03-24T20:25:22.304+0000] {logging_mixin.py:150} INFO - [2025-03-24T20:25:22.304+0000] {dag.py:3504} INFO - Setting next_dagrun for example_branch_datetime_operator_2 to 2025-03-23T00:00:00+00:00, run_after=2025-03-24T00:00:00+00:00
[2025-03-24T20:25:22.306+0000] {logging_mixin.py:150} INFO - [2025-03-24T20:25:22.306+0000] {dag.py:3504} INFO - Setting next_dagrun for example_branch_datetime_operator_3 to 2025-03-23T00:00:00+00:00, run_after=2025-03-24T00:00:00+00:00
[2025-03-24T20:25:22.320+0000] {processor.py:179} INFO - Processing /home/vscode/.local/lib/python3.10/site-packages/airflow/example_dags/example_branch_datetime_operator.py took 0.059 seconds
[2025-03-24T20:26:07.951+0000] {processor.py:157} INFO - Started process (PID=30950) to work on /home/vscode/.local/lib/python3.10/site-packages/airflow/example_dags/example_branch_datetime_operator.py
[2025-03-24T20:26:07.951+0000] {processor.py:826} INFO - Processing file /home/vscode/.local/lib/python3.10/site-packages/airflow/example_dags/example_branch_datetime_operator.py for tasks to queue
[2025-03-24T20:26:07.952+0000] {logging_mixin.py:150} INFO - [2025-03-24T20:26:07.952+0000] {dagbag.py:541} INFO - Filling up the DagBag from /home/vscode/.local/lib/python3.10/site-packages/airflow/example_dags/example_branch_datetime_operator.py
[2025-03-24T20:26:07.959+0000] {processor.py:836} INFO - DAG(s) dict_keys(['example_branch_datetime_operator', 'example_branch_datetime_operator_3', 'example_branch_datetime_operator_2']) retrieved from /home/vscode/.local/lib/python3.10/site-packages/airflow/example_dags/example_branch_datetime_operator.py
[2025-03-24T20:26:07.975+0000] {logging_mixin.py:150} INFO - [2025-03-24T20:26:07.975+0000] {dag.py:2742} INFO - Sync 3 DAGs
[2025-03-24T20:26:07.990+0000] {logging_mixin.py:150} INFO - [2025-03-24T20:26:07.990+0000] {dag.py:3504} INFO - Setting next_dagrun for example_branch_datetime_operator to 2025-03-23T00:00:00+00:00, run_after=2025-03-24T00:00:00+00:00
[2025-03-24T20:26:07.993+0000] {logging_mixin.py:150} INFO - [2025-03-24T20:26:07.993+0000] {dag.py:3504} INFO - Setting next_dagrun for example_branch_datetime_operator_2 to 2025-03-23T00:00:00+00:00, run_after=2025-03-24T00:00:00+00:00
[2025-03-24T20:26:07.995+0000] {logging_mixin.py:150} INFO - [2025-03-24T20:26:07.995+0000] {dag.py:3504} INFO - Setting next_dagrun for example_branch_datetime_operator_3 to 2025-03-23T00:00:00+00:00, run_after=2025-03-24T00:00:00+00:00
[2025-03-24T20:26:08.009+0000] {processor.py:179} INFO - Processing /home/vscode/.local/lib/python3.10/site-packages/airflow/example_dags/example_branch_datetime_operator.py took 0.060 seconds
[2025-03-24T20:26:53.901+0000] {processor.py:157} INFO - Started process (PID=31342) to work on /home/vscode/.local/lib/python3.10/site-packages/airflow/example_dags/example_branch_datetime_operator.py
[2025-03-24T20:26:53.902+0000] {processor.py:826} INFO - Processing file /home/vscode/.local/lib/python3.10/site-packages/airflow/example_dags/example_branch_datetime_operator.py for tasks to queue
[2025-03-24T20:26:53.903+0000] {logging_mixin.py:150} INFO - [2025-03-24T20:26:53.902+0000] {dagbag.py:541} INFO - Filling up the DagBag from /home/vscode/.local/lib/python3.10/site-packages/airflow/example_dags/example_branch_datetime_operator.py
[2025-03-24T20:26:53.910+0000] {processor.py:836} INFO - DAG(s) dict_keys(['example_branch_datetime_operator_2', 'example_branch_datetime_operator_3', 'example_branch_datetime_operator']) retrieved from /home/vscode/.local/lib/python3.10/site-packages/airflow/example_dags/example_branch_datetime_operator.py
[2025-03-24T20:26:53.926+0000] {logging_mixin.py:150} INFO - [2025-03-24T20:26:53.926+0000] {dag.py:2742} INFO - Sync 3 DAGs
[2025-03-24T20:26:53.941+0000] {logging_mixin.py:150} INFO - [2025-03-24T20:26:53.941+0000] {dag.py:3504} INFO - Setting next_dagrun for example_branch_datetime_operator to 2025-03-23T00:00:00+00:00, run_after=2025-03-24T00:00:00+00:00
[2025-03-24T20:26:53.944+0000] {logging_mixin.py:150} INFO - [2025-03-24T20:26:53.944+0000] {dag.py:3504} INFO - Setting next_dagrun for example_branch_datetime_operator_2 to 2025-03-23T00:00:00+00:00, run_after=2025-03-24T00:00:00+00:00
[2025-03-24T20:26:53.945+0000] {logging_mixin.py:150} INFO - [2025-03-24T20:26:53.945+0000] {dag.py:3504} INFO - Setting next_dagrun for example_branch_datetime_operator_3 to 2025-03-23T00:00:00+00:00, run_after=2025-03-24T00:00:00+00:00
[2025-03-24T20:26:53.959+0000] {processor.py:179} INFO - Processing /home/vscode/.local/lib/python3.10/site-packages/airflow/example_dags/example_branch_datetime_operator.py took 0.060 seconds
[2025-03-24T20:27:37.421+0000] {processor.py:157} INFO - Started process (PID=31745) to work on /home/vscode/.local/lib/python3.10/site-packages/airflow/example_dags/example_branch_datetime_operator.py
[2025-03-24T20:27:37.422+0000] {processor.py:826} INFO - Processing file /home/vscode/.local/lib/python3.10/site-packages/airflow/example_dags/example_branch_datetime_operator.py for tasks to queue
[2025-03-24T20:27:37.423+0000] {logging_mixin.py:150} INFO - [2025-03-24T20:27:37.422+0000] {dagbag.py:541} INFO - Filling up the DagBag from /home/vscode/.local/lib/python3.10/site-packages/airflow/example_dags/example_branch_datetime_operator.py
[2025-03-24T20:27:37.430+0000] {processor.py:836} INFO - DAG(s) dict_keys(['example_branch_datetime_operator', 'example_branch_datetime_operator_3', 'example_branch_datetime_operator_2']) retrieved from /home/vscode/.local/lib/python3.10/site-packages/airflow/example_dags/example_branch_datetime_operator.py
[2025-03-24T20:27:37.445+0000] {logging_mixin.py:150} INFO - [2025-03-24T20:27:37.445+0000] {dag.py:2742} INFO - Sync 3 DAGs
[2025-03-24T20:27:37.460+0000] {logging_mixin.py:150} INFO - [2025-03-24T20:27:37.460+0000] {dag.py:3504} INFO - Setting next_dagrun for example_branch_datetime_operator to 2025-03-23T00:00:00+00:00, run_after=2025-03-24T00:00:00+00:00
[2025-03-24T20:27:37.464+0000] {logging_mixin.py:150} INFO - [2025-03-24T20:27:37.464+0000] {dag.py:3504} INFO - Setting next_dagrun for example_branch_datetime_operator_2 to 2025-03-23T00:00:00+00:00, run_after=2025-03-24T00:00:00+00:00
[2025-03-24T20:27:37.465+0000] {logging_mixin.py:150} INFO - [2025-03-24T20:27:37.465+0000] {dag.py:3504} INFO - Setting next_dagrun for example_branch_datetime_operator_3 to 2025-03-23T00:00:00+00:00, run_after=2025-03-24T00:00:00+00:00
[2025-03-24T20:27:37.480+0000] {processor.py:179} INFO - Processing /home/vscode/.local/lib/python3.10/site-packages/airflow/example_dags/example_branch_datetime_operator.py took 0.061 seconds
[2025-03-24T20:28:22.739+0000] {processor.py:157} INFO - Started process (PID=32046) to work on /home/vscode/.local/lib/python3.10/site-packages/airflow/example_dags/example_branch_datetime_operator.py
[2025-03-24T20:28:22.739+0000] {processor.py:826} INFO - Processing file /home/vscode/.local/lib/python3.10/site-packages/airflow/example_dags/example_branch_datetime_operator.py for tasks to queue
[2025-03-24T20:28:22.740+0000] {logging_mixin.py:150} INFO - [2025-03-24T20:28:22.740+0000] {dagbag.py:541} INFO - Filling up the DagBag from /home/vscode/.local/lib/python3.10/site-packages/airflow/example_dags/example_branch_datetime_operator.py
[2025-03-24T20:28:22.749+0000] {processor.py:836} INFO - DAG(s) dict_keys(['example_branch_datetime_operator_3', 'example_branch_datetime_operator_2', 'example_branch_datetime_operator']) retrieved from /home/vscode/.local/lib/python3.10/site-packages/airflow/example_dags/example_branch_datetime_operator.py
[2025-03-24T20:28:22.773+0000] {logging_mixin.py:150} INFO - [2025-03-24T20:28:22.772+0000] {dag.py:2742} INFO - Sync 3 DAGs
[2025-03-24T20:28:22.807+0000] {logging_mixin.py:150} INFO - [2025-03-24T20:28:22.806+0000] {dag.py:3504} INFO - Setting next_dagrun for example_branch_datetime_operator to 2025-03-23T00:00:00+00:00, run_after=2025-03-24T00:00:00+00:00
[2025-03-24T20:28:22.812+0000] {logging_mixin.py:150} INFO - [2025-03-24T20:28:22.812+0000] {dag.py:3504} INFO - Setting next_dagrun for example_branch_datetime_operator_2 to 2025-03-23T00:00:00+00:00, run_after=2025-03-24T00:00:00+00:00
[2025-03-24T20:28:22.815+0000] {logging_mixin.py:150} INFO - [2025-03-24T20:28:22.815+0000] {dag.py:3504} INFO - Setting next_dagrun for example_branch_datetime_operator_3 to 2025-03-23T00:00:00+00:00, run_after=2025-03-24T00:00:00+00:00
[2025-03-24T20:28:22.838+0000] {processor.py:179} INFO - Processing /home/vscode/.local/lib/python3.10/site-packages/airflow/example_dags/example_branch_datetime_operator.py took 0.102 seconds
[2025-03-24T20:29:05.733+0000] {processor.py:157} INFO - Started process (PID=32374) to work on /home/vscode/.local/lib/python3.10/site-packages/airflow/example_dags/example_branch_datetime_operator.py
[2025-03-24T20:29:05.733+0000] {processor.py:826} INFO - Processing file /home/vscode/.local/lib/python3.10/site-packages/airflow/example_dags/example_branch_datetime_operator.py for tasks to queue
[2025-03-24T20:29:05.734+0000] {logging_mixin.py:150} INFO - [2025-03-24T20:29:05.734+0000] {dagbag.py:541} INFO - Filling up the DagBag from /home/vscode/.local/lib/python3.10/site-packages/airflow/example_dags/example_branch_datetime_operator.py
[2025-03-24T20:29:05.743+0000] {processor.py:836} INFO - DAG(s) dict_keys(['example_branch_datetime_operator', 'example_branch_datetime_operator_3', 'example_branch_datetime_operator_2']) retrieved from /home/vscode/.local/lib/python3.10/site-packages/airflow/example_dags/example_branch_datetime_operator.py
[2025-03-24T20:29:05.768+0000] {logging_mixin.py:150} INFO - [2025-03-24T20:29:05.767+0000] {dag.py:2742} INFO - Sync 3 DAGs
[2025-03-24T20:29:05.793+0000] {logging_mixin.py:150} INFO - [2025-03-24T20:29:05.792+0000] {dag.py:3504} INFO - Setting next_dagrun for example_branch_datetime_operator to 2025-03-23T00:00:00+00:00, run_after=2025-03-24T00:00:00+00:00
[2025-03-24T20:29:05.797+0000] {logging_mixin.py:150} INFO - [2025-03-24T20:29:05.797+0000] {dag.py:3504} INFO - Setting next_dagrun for example_branch_datetime_operator_2 to 2025-03-23T00:00:00+00:00, run_after=2025-03-24T00:00:00+00:00
[2025-03-24T20:29:05.800+0000] {logging_mixin.py:150} INFO - [2025-03-24T20:29:05.800+0000] {dag.py:3504} INFO - Setting next_dagrun for example_branch_datetime_operator_3 to 2025-03-23T00:00:00+00:00, run_after=2025-03-24T00:00:00+00:00
[2025-03-24T20:29:05.814+0000] {processor.py:179} INFO - Processing /home/vscode/.local/lib/python3.10/site-packages/airflow/example_dags/example_branch_datetime_operator.py took 0.083 seconds
[2025-03-24T20:29:52.135+0000] {processor.py:157} INFO - Started process (PID=32692) to work on /home/vscode/.local/lib/python3.10/site-packages/airflow/example_dags/example_branch_datetime_operator.py
[2025-03-24T20:29:52.136+0000] {processor.py:826} INFO - Processing file /home/vscode/.local/lib/python3.10/site-packages/airflow/example_dags/example_branch_datetime_operator.py for tasks to queue
[2025-03-24T20:29:52.136+0000] {logging_mixin.py:150} INFO - [2025-03-24T20:29:52.136+0000] {dagbag.py:541} INFO - Filling up the DagBag from /home/vscode/.local/lib/python3.10/site-packages/airflow/example_dags/example_branch_datetime_operator.py
[2025-03-24T20:29:52.143+0000] {processor.py:836} INFO - DAG(s) dict_keys(['example_branch_datetime_operator_3', 'example_branch_datetime_operator', 'example_branch_datetime_operator_2']) retrieved from /home/vscode/.local/lib/python3.10/site-packages/airflow/example_dags/example_branch_datetime_operator.py
[2025-03-24T20:29:52.159+0000] {logging_mixin.py:150} INFO - [2025-03-24T20:29:52.159+0000] {dag.py:2742} INFO - Sync 3 DAGs
[2025-03-24T20:29:52.174+0000] {logging_mixin.py:150} INFO - [2025-03-24T20:29:52.174+0000] {dag.py:3504} INFO - Setting next_dagrun for example_branch_datetime_operator to 2025-03-23T00:00:00+00:00, run_after=2025-03-24T00:00:00+00:00
[2025-03-24T20:29:52.177+0000] {logging_mixin.py:150} INFO - [2025-03-24T20:29:52.177+0000] {dag.py:3504} INFO - Setting next_dagrun for example_branch_datetime_operator_2 to 2025-03-23T00:00:00+00:00, run_after=2025-03-24T00:00:00+00:00
[2025-03-24T20:29:52.179+0000] {logging_mixin.py:150} INFO - [2025-03-24T20:29:52.179+0000] {dag.py:3504} INFO - Setting next_dagrun for example_branch_datetime_operator_3 to 2025-03-23T00:00:00+00:00, run_after=2025-03-24T00:00:00+00:00
[2025-03-24T20:29:52.193+0000] {processor.py:179} INFO - Processing /home/vscode/.local/lib/python3.10/site-packages/airflow/example_dags/example_branch_datetime_operator.py took 0.060 seconds
[2025-03-24T20:30:46.987+0000] {processor.py:157} INFO - Started process (PID=33072) to work on /home/vscode/.local/lib/python3.10/site-packages/airflow/example_dags/example_branch_datetime_operator.py
[2025-03-24T20:30:46.987+0000] {processor.py:826} INFO - Processing file /home/vscode/.local/lib/python3.10/site-packages/airflow/example_dags/example_branch_datetime_operator.py for tasks to queue
[2025-03-24T20:30:46.988+0000] {logging_mixin.py:150} INFO - [2025-03-24T20:30:46.988+0000] {dagbag.py:541} INFO - Filling up the DagBag from /home/vscode/.local/lib/python3.10/site-packages/airflow/example_dags/example_branch_datetime_operator.py
[2025-03-24T20:30:46.995+0000] {processor.py:836} INFO - DAG(s) dict_keys(['example_branch_datetime_operator', 'example_branch_datetime_operator_2', 'example_branch_datetime_operator_3']) retrieved from /home/vscode/.local/lib/python3.10/site-packages/airflow/example_dags/example_branch_datetime_operator.py
[2025-03-24T20:30:47.010+0000] {logging_mixin.py:150} INFO - [2025-03-24T20:30:47.010+0000] {dag.py:2742} INFO - Sync 3 DAGs
[2025-03-24T20:30:47.025+0000] {logging_mixin.py:150} INFO - [2025-03-24T20:30:47.025+0000] {dag.py:3504} INFO - Setting next_dagrun for example_branch_datetime_operator to 2025-03-23T00:00:00+00:00, run_after=2025-03-24T00:00:00+00:00
[2025-03-24T20:30:47.028+0000] {logging_mixin.py:150} INFO - [2025-03-24T20:30:47.028+0000] {dag.py:3504} INFO - Setting next_dagrun for example_branch_datetime_operator_2 to 2025-03-23T00:00:00+00:00, run_after=2025-03-24T00:00:00+00:00
[2025-03-24T20:30:47.030+0000] {logging_mixin.py:150} INFO - [2025-03-24T20:30:47.030+0000] {dag.py:3504} INFO - Setting next_dagrun for example_branch_datetime_operator_3 to 2025-03-23T00:00:00+00:00, run_after=2025-03-24T00:00:00+00:00
[2025-03-24T20:30:47.043+0000] {processor.py:179} INFO - Processing /home/vscode/.local/lib/python3.10/site-packages/airflow/example_dags/example_branch_datetime_operator.py took 0.059 seconds
[2025-03-24T20:31:30.270+0000] {processor.py:157} INFO - Started process (PID=33359) to work on /home/vscode/.local/lib/python3.10/site-packages/airflow/example_dags/example_branch_datetime_operator.py
[2025-03-24T20:31:30.271+0000] {processor.py:826} INFO - Processing file /home/vscode/.local/lib/python3.10/site-packages/airflow/example_dags/example_branch_datetime_operator.py for tasks to queue
[2025-03-24T20:31:30.271+0000] {logging_mixin.py:150} INFO - [2025-03-24T20:31:30.271+0000] {dagbag.py:541} INFO - Filling up the DagBag from /home/vscode/.local/lib/python3.10/site-packages/airflow/example_dags/example_branch_datetime_operator.py
[2025-03-24T20:31:30.279+0000] {processor.py:836} INFO - DAG(s) dict_keys(['example_branch_datetime_operator_3', 'example_branch_datetime_operator_2', 'example_branch_datetime_operator']) retrieved from /home/vscode/.local/lib/python3.10/site-packages/airflow/example_dags/example_branch_datetime_operator.py
[2025-03-24T20:31:30.295+0000] {logging_mixin.py:150} INFO - [2025-03-24T20:31:30.295+0000] {dag.py:2742} INFO - Sync 3 DAGs
[2025-03-24T20:31:30.310+0000] {logging_mixin.py:150} INFO - [2025-03-24T20:31:30.310+0000] {dag.py:3504} INFO - Setting next_dagrun for example_branch_datetime_operator to 2025-03-23T00:00:00+00:00, run_after=2025-03-24T00:00:00+00:00
[2025-03-24T20:31:30.313+0000] {logging_mixin.py:150} INFO - [2025-03-24T20:31:30.313+0000] {dag.py:3504} INFO - Setting next_dagrun for example_branch_datetime_operator_2 to 2025-03-23T00:00:00+00:00, run_after=2025-03-24T00:00:00+00:00
[2025-03-24T20:31:30.315+0000] {logging_mixin.py:150} INFO - [2025-03-24T20:31:30.315+0000] {dag.py:3504} INFO - Setting next_dagrun for example_branch_datetime_operator_3 to 2025-03-23T00:00:00+00:00, run_after=2025-03-24T00:00:00+00:00
[2025-03-24T20:31:30.328+0000] {processor.py:179} INFO - Processing /home/vscode/.local/lib/python3.10/site-packages/airflow/example_dags/example_branch_datetime_operator.py took 0.060 seconds
[2025-03-24T20:32:13.634+0000] {processor.py:157} INFO - Started process (PID=33644) to work on /home/vscode/.local/lib/python3.10/site-packages/airflow/example_dags/example_branch_datetime_operator.py
[2025-03-24T20:32:13.634+0000] {processor.py:826} INFO - Processing file /home/vscode/.local/lib/python3.10/site-packages/airflow/example_dags/example_branch_datetime_operator.py for tasks to queue
[2025-03-24T20:32:13.635+0000] {logging_mixin.py:150} INFO - [2025-03-24T20:32:13.635+0000] {dagbag.py:541} INFO - Filling up the DagBag from /home/vscode/.local/lib/python3.10/site-packages/airflow/example_dags/example_branch_datetime_operator.py
[2025-03-24T20:32:13.642+0000] {processor.py:836} INFO - DAG(s) dict_keys(['example_branch_datetime_operator_2', 'example_branch_datetime_operator', 'example_branch_datetime_operator_3']) retrieved from /home/vscode/.local/lib/python3.10/site-packages/airflow/example_dags/example_branch_datetime_operator.py
[2025-03-24T20:32:13.657+0000] {logging_mixin.py:150} INFO - [2025-03-24T20:32:13.657+0000] {dag.py:2742} INFO - Sync 3 DAGs
[2025-03-24T20:32:13.672+0000] {logging_mixin.py:150} INFO - [2025-03-24T20:32:13.672+0000] {dag.py:3504} INFO - Setting next_dagrun for example_branch_datetime_operator to 2025-03-23T00:00:00+00:00, run_after=2025-03-24T00:00:00+00:00
[2025-03-24T20:32:13.676+0000] {logging_mixin.py:150} INFO - [2025-03-24T20:32:13.676+0000] {dag.py:3504} INFO - Setting next_dagrun for example_branch_datetime_operator_2 to 2025-03-23T00:00:00+00:00, run_after=2025-03-24T00:00:00+00:00
[2025-03-24T20:32:13.677+0000] {logging_mixin.py:150} INFO - [2025-03-24T20:32:13.677+0000] {dag.py:3504} INFO - Setting next_dagrun for example_branch_datetime_operator_3 to 2025-03-23T00:00:00+00:00, run_after=2025-03-24T00:00:00+00:00
[2025-03-24T20:32:13.691+0000] {processor.py:179} INFO - Processing /home/vscode/.local/lib/python3.10/site-packages/airflow/example_dags/example_branch_datetime_operator.py took 0.059 seconds
[2025-03-24T20:32:57.520+0000] {processor.py:157} INFO - Started process (PID=33958) to work on /home/vscode/.local/lib/python3.10/site-packages/airflow/example_dags/example_branch_datetime_operator.py
[2025-03-24T20:32:57.521+0000] {processor.py:826} INFO - Processing file /home/vscode/.local/lib/python3.10/site-packages/airflow/example_dags/example_branch_datetime_operator.py for tasks to queue
[2025-03-24T20:32:57.521+0000] {logging_mixin.py:150} INFO - [2025-03-24T20:32:57.521+0000] {dagbag.py:541} INFO - Filling up the DagBag from /home/vscode/.local/lib/python3.10/site-packages/airflow/example_dags/example_branch_datetime_operator.py
[2025-03-24T20:32:57.528+0000] {processor.py:836} INFO - DAG(s) dict_keys(['example_branch_datetime_operator_3', 'example_branch_datetime_operator', 'example_branch_datetime_operator_2']) retrieved from /home/vscode/.local/lib/python3.10/site-packages/airflow/example_dags/example_branch_datetime_operator.py
[2025-03-24T20:32:57.545+0000] {logging_mixin.py:150} INFO - [2025-03-24T20:32:57.544+0000] {dag.py:2742} INFO - Sync 3 DAGs
[2025-03-24T20:32:57.560+0000] {logging_mixin.py:150} INFO - [2025-03-24T20:32:57.560+0000] {dag.py:3504} INFO - Setting next_dagrun for example_branch_datetime_operator to 2025-03-23T00:00:00+00:00, run_after=2025-03-24T00:00:00+00:00
[2025-03-24T20:32:57.564+0000] {logging_mixin.py:150} INFO - [2025-03-24T20:32:57.564+0000] {dag.py:3504} INFO - Setting next_dagrun for example_branch_datetime_operator_2 to 2025-03-23T00:00:00+00:00, run_after=2025-03-24T00:00:00+00:00
[2025-03-24T20:32:57.566+0000] {logging_mixin.py:150} INFO - [2025-03-24T20:32:57.565+0000] {dag.py:3504} INFO - Setting next_dagrun for example_branch_datetime_operator_3 to 2025-03-23T00:00:00+00:00, run_after=2025-03-24T00:00:00+00:00
[2025-03-24T20:32:57.580+0000] {processor.py:179} INFO - Processing /home/vscode/.local/lib/python3.10/site-packages/airflow/example_dags/example_branch_datetime_operator.py took 0.062 seconds
[2025-03-24T20:33:46.088+0000] {processor.py:157} INFO - Started process (PID=34373) to work on /home/vscode/.local/lib/python3.10/site-packages/airflow/example_dags/example_branch_datetime_operator.py
[2025-03-24T20:33:46.089+0000] {processor.py:826} INFO - Processing file /home/vscode/.local/lib/python3.10/site-packages/airflow/example_dags/example_branch_datetime_operator.py for tasks to queue
[2025-03-24T20:33:46.089+0000] {logging_mixin.py:150} INFO - [2025-03-24T20:33:46.089+0000] {dagbag.py:541} INFO - Filling up the DagBag from /home/vscode/.local/lib/python3.10/site-packages/airflow/example_dags/example_branch_datetime_operator.py
[2025-03-24T20:33:46.097+0000] {processor.py:836} INFO - DAG(s) dict_keys(['example_branch_datetime_operator', 'example_branch_datetime_operator_2', 'example_branch_datetime_operator_3']) retrieved from /home/vscode/.local/lib/python3.10/site-packages/airflow/example_dags/example_branch_datetime_operator.py
[2025-03-24T20:33:46.113+0000] {logging_mixin.py:150} INFO - [2025-03-24T20:33:46.113+0000] {dag.py:2742} INFO - Sync 3 DAGs
[2025-03-24T20:33:46.129+0000] {logging_mixin.py:150} INFO - [2025-03-24T20:33:46.129+0000] {dag.py:3504} INFO - Setting next_dagrun for example_branch_datetime_operator to 2025-03-23T00:00:00+00:00, run_after=2025-03-24T00:00:00+00:00
[2025-03-24T20:33:46.132+0000] {logging_mixin.py:150} INFO - [2025-03-24T20:33:46.132+0000] {dag.py:3504} INFO - Setting next_dagrun for example_branch_datetime_operator_2 to 2025-03-23T00:00:00+00:00, run_after=2025-03-24T00:00:00+00:00
[2025-03-24T20:33:46.134+0000] {logging_mixin.py:150} INFO - [2025-03-24T20:33:46.133+0000] {dag.py:3504} INFO - Setting next_dagrun for example_branch_datetime_operator_3 to 2025-03-23T00:00:00+00:00, run_after=2025-03-24T00:00:00+00:00
[2025-03-24T20:33:46.148+0000] {processor.py:179} INFO - Processing /home/vscode/.local/lib/python3.10/site-packages/airflow/example_dags/example_branch_datetime_operator.py took 0.062 seconds
[2025-03-24T20:34:33.873+0000] {processor.py:157} INFO - Started process (PID=34691) to work on /home/vscode/.local/lib/python3.10/site-packages/airflow/example_dags/example_branch_datetime_operator.py
[2025-03-24T20:34:33.874+0000] {processor.py:826} INFO - Processing file /home/vscode/.local/lib/python3.10/site-packages/airflow/example_dags/example_branch_datetime_operator.py for tasks to queue
[2025-03-24T20:34:33.875+0000] {logging_mixin.py:150} INFO - [2025-03-24T20:34:33.874+0000] {dagbag.py:541} INFO - Filling up the DagBag from /home/vscode/.local/lib/python3.10/site-packages/airflow/example_dags/example_branch_datetime_operator.py
[2025-03-24T20:34:33.882+0000] {processor.py:836} INFO - DAG(s) dict_keys(['example_branch_datetime_operator_2', 'example_branch_datetime_operator_3', 'example_branch_datetime_operator']) retrieved from /home/vscode/.local/lib/python3.10/site-packages/airflow/example_dags/example_branch_datetime_operator.py
[2025-03-24T20:34:33.898+0000] {logging_mixin.py:150} INFO - [2025-03-24T20:34:33.897+0000] {dag.py:2742} INFO - Sync 3 DAGs
[2025-03-24T20:34:33.912+0000] {logging_mixin.py:150} INFO - [2025-03-24T20:34:33.912+0000] {dag.py:3504} INFO - Setting next_dagrun for example_branch_datetime_operator to 2025-03-23T00:00:00+00:00, run_after=2025-03-24T00:00:00+00:00
[2025-03-24T20:34:33.916+0000] {logging_mixin.py:150} INFO - [2025-03-24T20:34:33.915+0000] {dag.py:3504} INFO - Setting next_dagrun for example_branch_datetime_operator_2 to 2025-03-23T00:00:00+00:00, run_after=2025-03-24T00:00:00+00:00
[2025-03-24T20:34:33.917+0000] {logging_mixin.py:150} INFO - [2025-03-24T20:34:33.917+0000] {dag.py:3504} INFO - Setting next_dagrun for example_branch_datetime_operator_3 to 2025-03-23T00:00:00+00:00, run_after=2025-03-24T00:00:00+00:00
[2025-03-24T20:34:33.931+0000] {processor.py:179} INFO - Processing /home/vscode/.local/lib/python3.10/site-packages/airflow/example_dags/example_branch_datetime_operator.py took 0.060 seconds
[2025-03-24T20:35:18.144+0000] {processor.py:157} INFO - Started process (PID=34984) to work on /home/vscode/.local/lib/python3.10/site-packages/airflow/example_dags/example_branch_datetime_operator.py
[2025-03-24T20:35:18.144+0000] {processor.py:826} INFO - Processing file /home/vscode/.local/lib/python3.10/site-packages/airflow/example_dags/example_branch_datetime_operator.py for tasks to queue
[2025-03-24T20:35:18.145+0000] {logging_mixin.py:150} INFO - [2025-03-24T20:35:18.145+0000] {dagbag.py:541} INFO - Filling up the DagBag from /home/vscode/.local/lib/python3.10/site-packages/airflow/example_dags/example_branch_datetime_operator.py
[2025-03-24T20:35:18.152+0000] {processor.py:836} INFO - DAG(s) dict_keys(['example_branch_datetime_operator_3', 'example_branch_datetime_operator', 'example_branch_datetime_operator_2']) retrieved from /home/vscode/.local/lib/python3.10/site-packages/airflow/example_dags/example_branch_datetime_operator.py
[2025-03-24T20:35:18.168+0000] {logging_mixin.py:150} INFO - [2025-03-24T20:35:18.167+0000] {dag.py:2742} INFO - Sync 3 DAGs
[2025-03-24T20:35:18.184+0000] {logging_mixin.py:150} INFO - [2025-03-24T20:35:18.183+0000] {dag.py:3504} INFO - Setting next_dagrun for example_branch_datetime_operator to 2025-03-23T00:00:00+00:00, run_after=2025-03-24T00:00:00+00:00
[2025-03-24T20:35:18.187+0000] {logging_mixin.py:150} INFO - [2025-03-24T20:35:18.187+0000] {dag.py:3504} INFO - Setting next_dagrun for example_branch_datetime_operator_2 to 2025-03-23T00:00:00+00:00, run_after=2025-03-24T00:00:00+00:00
[2025-03-24T20:35:18.188+0000] {logging_mixin.py:150} INFO - [2025-03-24T20:35:18.188+0000] {dag.py:3504} INFO - Setting next_dagrun for example_branch_datetime_operator_3 to 2025-03-23T00:00:00+00:00, run_after=2025-03-24T00:00:00+00:00
[2025-03-24T20:35:18.201+0000] {processor.py:179} INFO - Processing /home/vscode/.local/lib/python3.10/site-packages/airflow/example_dags/example_branch_datetime_operator.py took 0.060 seconds
[2025-03-24T20:36:02.398+0000] {processor.py:157} INFO - Started process (PID=35283) to work on /home/vscode/.local/lib/python3.10/site-packages/airflow/example_dags/example_branch_datetime_operator.py
[2025-03-24T20:36:02.398+0000] {processor.py:826} INFO - Processing file /home/vscode/.local/lib/python3.10/site-packages/airflow/example_dags/example_branch_datetime_operator.py for tasks to queue
[2025-03-24T20:36:02.399+0000] {logging_mixin.py:150} INFO - [2025-03-24T20:36:02.399+0000] {dagbag.py:541} INFO - Filling up the DagBag from /home/vscode/.local/lib/python3.10/site-packages/airflow/example_dags/example_branch_datetime_operator.py
[2025-03-24T20:36:02.406+0000] {processor.py:836} INFO - DAG(s) dict_keys(['example_branch_datetime_operator', 'example_branch_datetime_operator_2', 'example_branch_datetime_operator_3']) retrieved from /home/vscode/.local/lib/python3.10/site-packages/airflow/example_dags/example_branch_datetime_operator.py
[2025-03-24T20:36:02.423+0000] {logging_mixin.py:150} INFO - [2025-03-24T20:36:02.422+0000] {dag.py:2742} INFO - Sync 3 DAGs
[2025-03-24T20:36:02.439+0000] {logging_mixin.py:150} INFO - [2025-03-24T20:36:02.439+0000] {dag.py:3504} INFO - Setting next_dagrun for example_branch_datetime_operator to 2025-03-23T00:00:00+00:00, run_after=2025-03-24T00:00:00+00:00
[2025-03-24T20:36:02.443+0000] {logging_mixin.py:150} INFO - [2025-03-24T20:36:02.442+0000] {dag.py:3504} INFO - Setting next_dagrun for example_branch_datetime_operator_2 to 2025-03-23T00:00:00+00:00, run_after=2025-03-24T00:00:00+00:00
[2025-03-24T20:36:02.444+0000] {logging_mixin.py:150} INFO - [2025-03-24T20:36:02.444+0000] {dag.py:3504} INFO - Setting next_dagrun for example_branch_datetime_operator_3 to 2025-03-23T00:00:00+00:00, run_after=2025-03-24T00:00:00+00:00
[2025-03-24T20:36:02.458+0000] {processor.py:179} INFO - Processing /home/vscode/.local/lib/python3.10/site-packages/airflow/example_dags/example_branch_datetime_operator.py took 0.062 seconds
[2025-03-24T20:36:47.331+0000] {processor.py:157} INFO - Started process (PID=35617) to work on /home/vscode/.local/lib/python3.10/site-packages/airflow/example_dags/example_branch_datetime_operator.py
[2025-03-24T20:36:47.332+0000] {processor.py:826} INFO - Processing file /home/vscode/.local/lib/python3.10/site-packages/airflow/example_dags/example_branch_datetime_operator.py for tasks to queue
[2025-03-24T20:36:47.332+0000] {logging_mixin.py:150} INFO - [2025-03-24T20:36:47.332+0000] {dagbag.py:541} INFO - Filling up the DagBag from /home/vscode/.local/lib/python3.10/site-packages/airflow/example_dags/example_branch_datetime_operator.py
[2025-03-24T20:36:47.343+0000] {processor.py:836} INFO - DAG(s) dict_keys(['example_branch_datetime_operator_3', 'example_branch_datetime_operator_2', 'example_branch_datetime_operator']) retrieved from /home/vscode/.local/lib/python3.10/site-packages/airflow/example_dags/example_branch_datetime_operator.py
[2025-03-24T20:36:47.364+0000] {logging_mixin.py:150} INFO - [2025-03-24T20:36:47.364+0000] {dag.py:2742} INFO - Sync 3 DAGs
[2025-03-24T20:36:47.379+0000] {logging_mixin.py:150} INFO - [2025-03-24T20:36:47.379+0000] {dag.py:3504} INFO - Setting next_dagrun for example_branch_datetime_operator to 2025-03-23T00:00:00+00:00, run_after=2025-03-24T00:00:00+00:00
[2025-03-24T20:36:47.383+0000] {logging_mixin.py:150} INFO - [2025-03-24T20:36:47.382+0000] {dag.py:3504} INFO - Setting next_dagrun for example_branch_datetime_operator_2 to 2025-03-23T00:00:00+00:00, run_after=2025-03-24T00:00:00+00:00
[2025-03-24T20:36:47.384+0000] {logging_mixin.py:150} INFO - [2025-03-24T20:36:47.384+0000] {dag.py:3504} INFO - Setting next_dagrun for example_branch_datetime_operator_3 to 2025-03-23T00:00:00+00:00, run_after=2025-03-24T00:00:00+00:00
[2025-03-24T20:36:47.398+0000] {processor.py:179} INFO - Processing /home/vscode/.local/lib/python3.10/site-packages/airflow/example_dags/example_branch_datetime_operator.py took 0.070 seconds
[2025-03-24T20:37:32.535+0000] {processor.py:157} INFO - Started process (PID=35938) to work on /home/vscode/.local/lib/python3.10/site-packages/airflow/example_dags/example_branch_datetime_operator.py
[2025-03-24T20:37:32.535+0000] {processor.py:826} INFO - Processing file /home/vscode/.local/lib/python3.10/site-packages/airflow/example_dags/example_branch_datetime_operator.py for tasks to queue
[2025-03-24T20:37:32.536+0000] {logging_mixin.py:150} INFO - [2025-03-24T20:37:32.536+0000] {dagbag.py:541} INFO - Filling up the DagBag from /home/vscode/.local/lib/python3.10/site-packages/airflow/example_dags/example_branch_datetime_operator.py
[2025-03-24T20:37:32.543+0000] {processor.py:836} INFO - DAG(s) dict_keys(['example_branch_datetime_operator', 'example_branch_datetime_operator_3', 'example_branch_datetime_operator_2']) retrieved from /home/vscode/.local/lib/python3.10/site-packages/airflow/example_dags/example_branch_datetime_operator.py
[2025-03-24T20:37:32.559+0000] {logging_mixin.py:150} INFO - [2025-03-24T20:37:32.559+0000] {dag.py:2742} INFO - Sync 3 DAGs
[2025-03-24T20:37:32.575+0000] {logging_mixin.py:150} INFO - [2025-03-24T20:37:32.574+0000] {dag.py:3504} INFO - Setting next_dagrun for example_branch_datetime_operator to 2025-03-23T00:00:00+00:00, run_after=2025-03-24T00:00:00+00:00
[2025-03-24T20:37:32.578+0000] {logging_mixin.py:150} INFO - [2025-03-24T20:37:32.578+0000] {dag.py:3504} INFO - Setting next_dagrun for example_branch_datetime_operator_2 to 2025-03-23T00:00:00+00:00, run_after=2025-03-24T00:00:00+00:00
[2025-03-24T20:37:32.580+0000] {logging_mixin.py:150} INFO - [2025-03-24T20:37:32.580+0000] {dag.py:3504} INFO - Setting next_dagrun for example_branch_datetime_operator_3 to 2025-03-23T00:00:00+00:00, run_after=2025-03-24T00:00:00+00:00
[2025-03-24T20:37:32.595+0000] {processor.py:179} INFO - Processing /home/vscode/.local/lib/python3.10/site-packages/airflow/example_dags/example_branch_datetime_operator.py took 0.062 seconds
