[2025-03-24T20:13:07.095+0000] {processor.py:157} INFO - Started process (PID=25342) to work on /home/vscode/.local/lib/python3.10/site-packages/airflow/example_dags/example_branch_operator_decorator.py
[2025-03-24T20:13:07.095+0000] {processor.py:826} INFO - Processing file /home/vscode/.local/lib/python3.10/site-packages/airflow/example_dags/example_branch_operator_decorator.py for tasks to queue
[2025-03-24T20:13:07.096+0000] {logging_mixin.py:150} INFO - [2025-03-24T20:13:07.096+0000] {dagbag.py:541} INFO - Filling up the DagBag from /home/vscode/.local/lib/python3.10/site-packages/airflow/example_dags/example_branch_operator_decorator.py
[2025-03-24T20:13:07.104+0000] {processor.py:836} INFO - DAG(s) dict_keys(['example_branch_python_operator_decorator']) retrieved from /home/vscode/.local/lib/python3.10/site-packages/airflow/example_dags/example_branch_operator_decorator.py
[2025-03-24T20:13:07.183+0000] {logging_mixin.py:150} INFO - [2025-03-24T20:13:07.182+0000] {manager.py:504} INFO - Created Permission View: can delete on DAG:example_branch_python_operator_decorator
[2025-03-24T20:13:07.191+0000] {logging_mixin.py:150} INFO - [2025-03-24T20:13:07.190+0000] {manager.py:504} INFO - Created Permission View: can edit on DAG:example_branch_python_operator_decorator
[2025-03-24T20:13:07.196+0000] {logging_mixin.py:150} INFO - [2025-03-24T20:13:07.196+0000] {manager.py:504} INFO - Created Permission View: can read on DAG:example_branch_python_operator_decorator
[2025-03-24T20:13:07.205+0000] {logging_mixin.py:150} INFO - [2025-03-24T20:13:07.204+0000] {dag.py:2742} INFO - Sync 1 DAGs
[2025-03-24T20:13:07.211+0000] {logging_mixin.py:150} INFO - [2025-03-24T20:13:07.211+0000] {dag.py:2763} INFO - Creating ORM DAG for example_branch_python_operator_decorator
[2025-03-24T20:13:07.218+0000] {logging_mixin.py:150} INFO - [2025-03-24T20:13:07.218+0000] {dag.py:3504} INFO - Setting next_dagrun for example_branch_python_operator_decorator to 2025-03-23T00:00:00+00:00, run_after=2025-03-24T00:00:00+00:00
[2025-03-24T20:13:07.234+0000] {processor.py:179} INFO - Processing /home/vscode/.local/lib/python3.10/site-packages/airflow/example_dags/example_branch_operator_decorator.py took 0.141 seconds
[2025-03-24T20:13:55.639+0000] {processor.py:157} INFO - Started process (PID=25660) to work on /home/vscode/.local/lib/python3.10/site-packages/airflow/example_dags/example_branch_operator_decorator.py
[2025-03-24T20:13:55.640+0000] {processor.py:826} INFO - Processing file /home/vscode/.local/lib/python3.10/site-packages/airflow/example_dags/example_branch_operator_decorator.py for tasks to queue
[2025-03-24T20:13:55.641+0000] {logging_mixin.py:150} INFO - [2025-03-24T20:13:55.640+0000] {dagbag.py:541} INFO - Filling up the DagBag from /home/vscode/.local/lib/python3.10/site-packages/airflow/example_dags/example_branch_operator_decorator.py
[2025-03-24T20:13:55.648+0000] {processor.py:836} INFO - DAG(s) dict_keys(['example_branch_python_operator_decorator']) retrieved from /home/vscode/.local/lib/python3.10/site-packages/airflow/example_dags/example_branch_operator_decorator.py
[2025-03-24T20:13:55.661+0000] {logging_mixin.py:150} INFO - [2025-03-24T20:13:55.661+0000] {dag.py:2742} INFO - Sync 1 DAGs
[2025-03-24T20:13:55.686+0000] {logging_mixin.py:150} INFO - [2025-03-24T20:13:55.686+0000] {dag.py:3504} INFO - Setting next_dagrun for example_branch_python_operator_decorator to 2025-03-23T00:00:00+00:00, run_after=2025-03-24T00:00:00+00:00
[2025-03-24T20:13:55.710+0000] {processor.py:179} INFO - Processing /home/vscode/.local/lib/python3.10/site-packages/airflow/example_dags/example_branch_operator_decorator.py took 0.072 seconds
[2025-03-24T20:14:37.678+0000] {processor.py:157} INFO - Started process (PID=25940) to work on /home/vscode/.local/lib/python3.10/site-packages/airflow/example_dags/example_branch_operator_decorator.py
[2025-03-24T20:14:37.678+0000] {processor.py:826} INFO - Processing file /home/vscode/.local/lib/python3.10/site-packages/airflow/example_dags/example_branch_operator_decorator.py for tasks to queue
[2025-03-24T20:14:37.679+0000] {logging_mixin.py:150} INFO - [2025-03-24T20:14:37.679+0000] {dagbag.py:541} INFO - Filling up the DagBag from /home/vscode/.local/lib/python3.10/site-packages/airflow/example_dags/example_branch_operator_decorator.py
[2025-03-24T20:14:37.689+0000] {processor.py:836} INFO - DAG(s) dict_keys(['example_branch_python_operator_decorator']) retrieved from /home/vscode/.local/lib/python3.10/site-packages/airflow/example_dags/example_branch_operator_decorator.py
[2025-03-24T20:14:37.709+0000] {logging_mixin.py:150} INFO - [2025-03-24T20:14:37.709+0000] {dag.py:2742} INFO - Sync 1 DAGs
[2025-03-24T20:14:37.731+0000] {logging_mixin.py:150} INFO - [2025-03-24T20:14:37.731+0000] {dag.py:3504} INFO - Setting next_dagrun for example_branch_python_operator_decorator to 2025-03-23T00:00:00+00:00, run_after=2025-03-24T00:00:00+00:00
[2025-03-24T20:14:37.747+0000] {processor.py:179} INFO - Processing /home/vscode/.local/lib/python3.10/site-packages/airflow/example_dags/example_branch_operator_decorator.py took 0.072 seconds
[2025-03-24T20:15:32.886+0000] {processor.py:157} INFO - Started process (PID=26321) to work on /home/vscode/.local/lib/python3.10/site-packages/airflow/example_dags/example_branch_operator_decorator.py
[2025-03-24T20:15:32.887+0000] {processor.py:826} INFO - Processing file /home/vscode/.local/lib/python3.10/site-packages/airflow/example_dags/example_branch_operator_decorator.py for tasks to queue
[2025-03-24T20:15:32.888+0000] {logging_mixin.py:150} INFO - [2025-03-24T20:15:32.887+0000] {dagbag.py:541} INFO - Filling up the DagBag from /home/vscode/.local/lib/python3.10/site-packages/airflow/example_dags/example_branch_operator_decorator.py
[2025-03-24T20:15:32.900+0000] {processor.py:836} INFO - DAG(s) dict_keys(['example_branch_python_operator_decorator']) retrieved from /home/vscode/.local/lib/python3.10/site-packages/airflow/example_dags/example_branch_operator_decorator.py
[2025-03-24T20:15:32.920+0000] {logging_mixin.py:150} INFO - [2025-03-24T20:15:32.920+0000] {dag.py:2742} INFO - Sync 1 DAGs
[2025-03-24T20:15:32.942+0000] {logging_mixin.py:150} INFO - [2025-03-24T20:15:32.942+0000] {dag.py:3504} INFO - Setting next_dagrun for example_branch_python_operator_decorator to 2025-03-23T00:00:00+00:00, run_after=2025-03-24T00:00:00+00:00
[2025-03-24T20:15:32.964+0000] {processor.py:179} INFO - Processing /home/vscode/.local/lib/python3.10/site-packages/airflow/example_dags/example_branch_operator_decorator.py took 0.081 seconds
[2025-03-24T20:16:21.132+0000] {processor.py:157} INFO - Started process (PID=26647) to work on /home/vscode/.local/lib/python3.10/site-packages/airflow/example_dags/example_branch_operator_decorator.py
[2025-03-24T20:16:21.133+0000] {processor.py:826} INFO - Processing file /home/vscode/.local/lib/python3.10/site-packages/airflow/example_dags/example_branch_operator_decorator.py for tasks to queue
[2025-03-24T20:16:21.134+0000] {logging_mixin.py:150} INFO - [2025-03-24T20:16:21.133+0000] {dagbag.py:541} INFO - Filling up the DagBag from /home/vscode/.local/lib/python3.10/site-packages/airflow/example_dags/example_branch_operator_decorator.py
[2025-03-24T20:16:21.141+0000] {processor.py:836} INFO - DAG(s) dict_keys(['example_branch_python_operator_decorator']) retrieved from /home/vscode/.local/lib/python3.10/site-packages/airflow/example_dags/example_branch_operator_decorator.py
[2025-03-24T20:16:21.154+0000] {logging_mixin.py:150} INFO - [2025-03-24T20:16:21.154+0000] {dag.py:2742} INFO - Sync 1 DAGs
[2025-03-24T20:16:21.169+0000] {logging_mixin.py:150} INFO - [2025-03-24T20:16:21.169+0000] {dag.py:3504} INFO - Setting next_dagrun for example_branch_python_operator_decorator to 2025-03-23T00:00:00+00:00, run_after=2025-03-24T00:00:00+00:00
[2025-03-24T20:16:21.184+0000] {processor.py:179} INFO - Processing /home/vscode/.local/lib/python3.10/site-packages/airflow/example_dags/example_branch_operator_decorator.py took 0.053 seconds
[2025-03-24T20:17:08.900+0000] {processor.py:157} INFO - Started process (PID=26962) to work on /home/vscode/.local/lib/python3.10/site-packages/airflow/example_dags/example_branch_operator_decorator.py
[2025-03-24T20:17:08.901+0000] {processor.py:826} INFO - Processing file /home/vscode/.local/lib/python3.10/site-packages/airflow/example_dags/example_branch_operator_decorator.py for tasks to queue
[2025-03-24T20:17:08.901+0000] {logging_mixin.py:150} INFO - [2025-03-24T20:17:08.901+0000] {dagbag.py:541} INFO - Filling up the DagBag from /home/vscode/.local/lib/python3.10/site-packages/airflow/example_dags/example_branch_operator_decorator.py
[2025-03-24T20:17:08.909+0000] {processor.py:836} INFO - DAG(s) dict_keys(['example_branch_python_operator_decorator']) retrieved from /home/vscode/.local/lib/python3.10/site-packages/airflow/example_dags/example_branch_operator_decorator.py
[2025-03-24T20:17:08.922+0000] {logging_mixin.py:150} INFO - [2025-03-24T20:17:08.922+0000] {dag.py:2742} INFO - Sync 1 DAGs
[2025-03-24T20:17:08.939+0000] {logging_mixin.py:150} INFO - [2025-03-24T20:17:08.938+0000] {dag.py:3504} INFO - Setting next_dagrun for example_branch_python_operator_decorator to 2025-03-23T00:00:00+00:00, run_after=2025-03-24T00:00:00+00:00
[2025-03-24T20:17:08.955+0000] {processor.py:179} INFO - Processing /home/vscode/.local/lib/python3.10/site-packages/airflow/example_dags/example_branch_operator_decorator.py took 0.058 seconds
[2025-03-24T20:17:53.548+0000] {processor.py:157} INFO - Started process (PID=27257) to work on /home/vscode/.local/lib/python3.10/site-packages/airflow/example_dags/example_branch_operator_decorator.py
[2025-03-24T20:17:53.548+0000] {processor.py:826} INFO - Processing file /home/vscode/.local/lib/python3.10/site-packages/airflow/example_dags/example_branch_operator_decorator.py for tasks to queue
[2025-03-24T20:17:53.549+0000] {logging_mixin.py:150} INFO - [2025-03-24T20:17:53.549+0000] {dagbag.py:541} INFO - Filling up the DagBag from /home/vscode/.local/lib/python3.10/site-packages/airflow/example_dags/example_branch_operator_decorator.py
[2025-03-24T20:17:53.557+0000] {processor.py:836} INFO - DAG(s) dict_keys(['example_branch_python_operator_decorator']) retrieved from /home/vscode/.local/lib/python3.10/site-packages/airflow/example_dags/example_branch_operator_decorator.py
[2025-03-24T20:17:53.569+0000] {logging_mixin.py:150} INFO - [2025-03-24T20:17:53.569+0000] {dag.py:2742} INFO - Sync 1 DAGs
[2025-03-24T20:17:53.584+0000] {logging_mixin.py:150} INFO - [2025-03-24T20:17:53.584+0000] {dag.py:3504} INFO - Setting next_dagrun for example_branch_python_operator_decorator to 2025-03-23T00:00:00+00:00, run_after=2025-03-24T00:00:00+00:00
[2025-03-24T20:17:53.599+0000] {processor.py:179} INFO - Processing /home/vscode/.local/lib/python3.10/site-packages/airflow/example_dags/example_branch_operator_decorator.py took 0.053 seconds
[2025-03-24T20:18:37.222+0000] {processor.py:157} INFO - Started process (PID=27550) to work on /home/vscode/.local/lib/python3.10/site-packages/airflow/example_dags/example_branch_operator_decorator.py
[2025-03-24T20:18:37.222+0000] {processor.py:826} INFO - Processing file /home/vscode/.local/lib/python3.10/site-packages/airflow/example_dags/example_branch_operator_decorator.py for tasks to queue
[2025-03-24T20:18:37.223+0000] {logging_mixin.py:150} INFO - [2025-03-24T20:18:37.223+0000] {dagbag.py:541} INFO - Filling up the DagBag from /home/vscode/.local/lib/python3.10/site-packages/airflow/example_dags/example_branch_operator_decorator.py
[2025-03-24T20:18:37.231+0000] {processor.py:836} INFO - DAG(s) dict_keys(['example_branch_python_operator_decorator']) retrieved from /home/vscode/.local/lib/python3.10/site-packages/airflow/example_dags/example_branch_operator_decorator.py
[2025-03-24T20:18:37.250+0000] {logging_mixin.py:150} INFO - [2025-03-24T20:18:37.250+0000] {dag.py:2742} INFO - Sync 1 DAGs
[2025-03-24T20:18:37.275+0000] {logging_mixin.py:150} INFO - [2025-03-24T20:18:37.275+0000] {dag.py:3504} INFO - Setting next_dagrun for example_branch_python_operator_decorator to 2025-03-23T00:00:00+00:00, run_after=2025-03-24T00:00:00+00:00
[2025-03-24T20:18:37.294+0000] {processor.py:179} INFO - Processing /home/vscode/.local/lib/python3.10/site-packages/airflow/example_dags/example_branch_operator_decorator.py took 0.075 seconds
[2025-03-24T20:19:34.416+0000] {processor.py:157} INFO - Started process (PID=27940) to work on /home/vscode/.local/lib/python3.10/site-packages/airflow/example_dags/example_branch_operator_decorator.py
[2025-03-24T20:19:34.417+0000] {processor.py:826} INFO - Processing file /home/vscode/.local/lib/python3.10/site-packages/airflow/example_dags/example_branch_operator_decorator.py for tasks to queue
[2025-03-24T20:19:34.418+0000] {logging_mixin.py:150} INFO - [2025-03-24T20:19:34.417+0000] {dagbag.py:541} INFO - Filling up the DagBag from /home/vscode/.local/lib/python3.10/site-packages/airflow/example_dags/example_branch_operator_decorator.py
[2025-03-24T20:19:34.425+0000] {processor.py:836} INFO - DAG(s) dict_keys(['example_branch_python_operator_decorator']) retrieved from /home/vscode/.local/lib/python3.10/site-packages/airflow/example_dags/example_branch_operator_decorator.py
[2025-03-24T20:19:34.438+0000] {logging_mixin.py:150} INFO - [2025-03-24T20:19:34.438+0000] {dag.py:2742} INFO - Sync 1 DAGs
[2025-03-24T20:19:34.453+0000] {logging_mixin.py:150} INFO - [2025-03-24T20:19:34.452+0000] {dag.py:3504} INFO - Setting next_dagrun for example_branch_python_operator_decorator to 2025-03-23T00:00:00+00:00, run_after=2025-03-24T00:00:00+00:00
[2025-03-24T20:19:34.467+0000] {processor.py:179} INFO - Processing /home/vscode/.local/lib/python3.10/site-packages/airflow/example_dags/example_branch_operator_decorator.py took 0.052 seconds
[2025-03-24T20:20:20.244+0000] {processor.py:157} INFO - Started process (PID=28266) to work on /home/vscode/.local/lib/python3.10/site-packages/airflow/example_dags/example_branch_operator_decorator.py
[2025-03-24T20:20:20.245+0000] {processor.py:826} INFO - Processing file /home/vscode/.local/lib/python3.10/site-packages/airflow/example_dags/example_branch_operator_decorator.py for tasks to queue
[2025-03-24T20:20:20.245+0000] {logging_mixin.py:150} INFO - [2025-03-24T20:20:20.245+0000] {dagbag.py:541} INFO - Filling up the DagBag from /home/vscode/.local/lib/python3.10/site-packages/airflow/example_dags/example_branch_operator_decorator.py
[2025-03-24T20:20:20.256+0000] {processor.py:836} INFO - DAG(s) dict_keys(['example_branch_python_operator_decorator']) retrieved from /home/vscode/.local/lib/python3.10/site-packages/airflow/example_dags/example_branch_operator_decorator.py
[2025-03-24T20:20:20.276+0000] {logging_mixin.py:150} INFO - [2025-03-24T20:20:20.276+0000] {dag.py:2742} INFO - Sync 1 DAGs
[2025-03-24T20:20:20.298+0000] {logging_mixin.py:150} INFO - [2025-03-24T20:20:20.298+0000] {dag.py:3504} INFO - Setting next_dagrun for example_branch_python_operator_decorator to 2025-03-23T00:00:00+00:00, run_after=2025-03-24T00:00:00+00:00
[2025-03-24T20:20:20.318+0000] {processor.py:179} INFO - Processing /home/vscode/.local/lib/python3.10/site-packages/airflow/example_dags/example_branch_operator_decorator.py took 0.077 seconds
[2025-03-24T20:21:08.618+0000] {processor.py:157} INFO - Started process (PID=28636) to work on /home/vscode/.local/lib/python3.10/site-packages/airflow/example_dags/example_branch_operator_decorator.py
[2025-03-24T20:21:08.619+0000] {processor.py:826} INFO - Processing file /home/vscode/.local/lib/python3.10/site-packages/airflow/example_dags/example_branch_operator_decorator.py for tasks to queue
[2025-03-24T20:21:08.619+0000] {logging_mixin.py:150} INFO - [2025-03-24T20:21:08.619+0000] {dagbag.py:541} INFO - Filling up the DagBag from /home/vscode/.local/lib/python3.10/site-packages/airflow/example_dags/example_branch_operator_decorator.py
[2025-03-24T20:21:08.626+0000] {processor.py:836} INFO - DAG(s) dict_keys(['example_branch_python_operator_decorator']) retrieved from /home/vscode/.local/lib/python3.10/site-packages/airflow/example_dags/example_branch_operator_decorator.py
[2025-03-24T20:21:08.639+0000] {logging_mixin.py:150} INFO - [2025-03-24T20:21:08.639+0000] {dag.py:2742} INFO - Sync 1 DAGs
[2025-03-24T20:21:08.654+0000] {logging_mixin.py:150} INFO - [2025-03-24T20:21:08.654+0000] {dag.py:3504} INFO - Setting next_dagrun for example_branch_python_operator_decorator to 2025-03-23T00:00:00+00:00, run_after=2025-03-24T00:00:00+00:00
[2025-03-24T20:21:08.669+0000] {processor.py:179} INFO - Processing /home/vscode/.local/lib/python3.10/site-packages/airflow/example_dags/example_branch_operator_decorator.py took 0.053 seconds
[2025-03-24T20:21:56.346+0000] {processor.py:157} INFO - Started process (PID=29006) to work on /home/vscode/.local/lib/python3.10/site-packages/airflow/example_dags/example_branch_operator_decorator.py
[2025-03-24T20:21:56.347+0000] {processor.py:826} INFO - Processing file /home/vscode/.local/lib/python3.10/site-packages/airflow/example_dags/example_branch_operator_decorator.py for tasks to queue
[2025-03-24T20:21:56.348+0000] {logging_mixin.py:150} INFO - [2025-03-24T20:21:56.348+0000] {dagbag.py:541} INFO - Filling up the DagBag from /home/vscode/.local/lib/python3.10/site-packages/airflow/example_dags/example_branch_operator_decorator.py
[2025-03-24T20:21:56.359+0000] {processor.py:836} INFO - DAG(s) dict_keys(['example_branch_python_operator_decorator']) retrieved from /home/vscode/.local/lib/python3.10/site-packages/airflow/example_dags/example_branch_operator_decorator.py
[2025-03-24T20:21:56.380+0000] {logging_mixin.py:150} INFO - [2025-03-24T20:21:56.380+0000] {dag.py:2742} INFO - Sync 1 DAGs
[2025-03-24T20:21:56.399+0000] {logging_mixin.py:150} INFO - [2025-03-24T20:21:56.399+0000] {dag.py:3504} INFO - Setting next_dagrun for example_branch_python_operator_decorator to 2025-03-23T00:00:00+00:00, run_after=2025-03-24T00:00:00+00:00
[2025-03-24T20:21:56.413+0000] {processor.py:179} INFO - Processing /home/vscode/.local/lib/python3.10/site-packages/airflow/example_dags/example_branch_operator_decorator.py took 0.070 seconds
[2025-03-24T20:22:39.281+0000] {processor.py:157} INFO - Started process (PID=29322) to work on /home/vscode/.local/lib/python3.10/site-packages/airflow/example_dags/example_branch_operator_decorator.py
[2025-03-24T20:22:39.282+0000] {processor.py:826} INFO - Processing file /home/vscode/.local/lib/python3.10/site-packages/airflow/example_dags/example_branch_operator_decorator.py for tasks to queue
[2025-03-24T20:22:39.283+0000] {logging_mixin.py:150} INFO - [2025-03-24T20:22:39.282+0000] {dagbag.py:541} INFO - Filling up the DagBag from /home/vscode/.local/lib/python3.10/site-packages/airflow/example_dags/example_branch_operator_decorator.py
[2025-03-24T20:22:39.290+0000] {processor.py:836} INFO - DAG(s) dict_keys(['example_branch_python_operator_decorator']) retrieved from /home/vscode/.local/lib/python3.10/site-packages/airflow/example_dags/example_branch_operator_decorator.py
[2025-03-24T20:22:39.303+0000] {logging_mixin.py:150} INFO - [2025-03-24T20:22:39.303+0000] {dag.py:2742} INFO - Sync 1 DAGs
[2025-03-24T20:22:39.318+0000] {logging_mixin.py:150} INFO - [2025-03-24T20:22:39.318+0000] {dag.py:3504} INFO - Setting next_dagrun for example_branch_python_operator_decorator to 2025-03-23T00:00:00+00:00, run_after=2025-03-24T00:00:00+00:00
[2025-03-24T20:22:39.332+0000] {processor.py:179} INFO - Processing /home/vscode/.local/lib/python3.10/site-packages/airflow/example_dags/example_branch_operator_decorator.py took 0.053 seconds
[2025-03-24T20:23:27.304+0000] {processor.py:157} INFO - Started process (PID=29710) to work on /home/vscode/.local/lib/python3.10/site-packages/airflow/example_dags/example_branch_operator_decorator.py
[2025-03-24T20:23:27.305+0000] {processor.py:826} INFO - Processing file /home/vscode/.local/lib/python3.10/site-packages/airflow/example_dags/example_branch_operator_decorator.py for tasks to queue
[2025-03-24T20:23:27.306+0000] {logging_mixin.py:150} INFO - [2025-03-24T20:23:27.305+0000] {dagbag.py:541} INFO - Filling up the DagBag from /home/vscode/.local/lib/python3.10/site-packages/airflow/example_dags/example_branch_operator_decorator.py
[2025-03-24T20:23:27.316+0000] {processor.py:836} INFO - DAG(s) dict_keys(['example_branch_python_operator_decorator']) retrieved from /home/vscode/.local/lib/python3.10/site-packages/airflow/example_dags/example_branch_operator_decorator.py
[2025-03-24T20:23:27.331+0000] {logging_mixin.py:150} INFO - [2025-03-24T20:23:27.331+0000] {dag.py:2742} INFO - Sync 1 DAGs
[2025-03-24T20:23:27.346+0000] {logging_mixin.py:150} INFO - [2025-03-24T20:23:27.346+0000] {dag.py:3504} INFO - Setting next_dagrun for example_branch_python_operator_decorator to 2025-03-23T00:00:00+00:00, run_after=2025-03-24T00:00:00+00:00
[2025-03-24T20:23:27.361+0000] {processor.py:179} INFO - Processing /home/vscode/.local/lib/python3.10/site-packages/airflow/example_dags/example_branch_operator_decorator.py took 0.059 seconds
[2025-03-24T20:24:26.156+0000] {processor.py:157} INFO - Started process (PID=30171) to work on /home/vscode/.local/lib/python3.10/site-packages/airflow/example_dags/example_branch_operator_decorator.py
[2025-03-24T20:24:26.156+0000] {processor.py:826} INFO - Processing file /home/vscode/.local/lib/python3.10/site-packages/airflow/example_dags/example_branch_operator_decorator.py for tasks to queue
[2025-03-24T20:24:26.157+0000] {logging_mixin.py:150} INFO - [2025-03-24T20:24:26.157+0000] {dagbag.py:541} INFO - Filling up the DagBag from /home/vscode/.local/lib/python3.10/site-packages/airflow/example_dags/example_branch_operator_decorator.py
[2025-03-24T20:24:26.164+0000] {processor.py:836} INFO - DAG(s) dict_keys(['example_branch_python_operator_decorator']) retrieved from /home/vscode/.local/lib/python3.10/site-packages/airflow/example_dags/example_branch_operator_decorator.py
[2025-03-24T20:24:26.177+0000] {logging_mixin.py:150} INFO - [2025-03-24T20:24:26.177+0000] {dag.py:2742} INFO - Sync 1 DAGs
[2025-03-24T20:24:26.192+0000] {logging_mixin.py:150} INFO - [2025-03-24T20:24:26.192+0000] {dag.py:3504} INFO - Setting next_dagrun for example_branch_python_operator_decorator to 2025-03-23T00:00:00+00:00, run_after=2025-03-24T00:00:00+00:00
[2025-03-24T20:24:26.207+0000] {processor.py:179} INFO - Processing /home/vscode/.local/lib/python3.10/site-packages/airflow/example_dags/example_branch_operator_decorator.py took 0.053 seconds
[2025-03-24T20:25:09.576+0000] {processor.py:157} INFO - Started process (PID=30492) to work on /home/vscode/.local/lib/python3.10/site-packages/airflow/example_dags/example_branch_operator_decorator.py
[2025-03-24T20:25:09.576+0000] {processor.py:826} INFO - Processing file /home/vscode/.local/lib/python3.10/site-packages/airflow/example_dags/example_branch_operator_decorator.py for tasks to queue
[2025-03-24T20:25:09.577+0000] {logging_mixin.py:150} INFO - [2025-03-24T20:25:09.577+0000] {dagbag.py:541} INFO - Filling up the DagBag from /home/vscode/.local/lib/python3.10/site-packages/airflow/example_dags/example_branch_operator_decorator.py
[2025-03-24T20:25:09.584+0000] {processor.py:836} INFO - DAG(s) dict_keys(['example_branch_python_operator_decorator']) retrieved from /home/vscode/.local/lib/python3.10/site-packages/airflow/example_dags/example_branch_operator_decorator.py
[2025-03-24T20:25:09.597+0000] {logging_mixin.py:150} INFO - [2025-03-24T20:25:09.597+0000] {dag.py:2742} INFO - Sync 1 DAGs
[2025-03-24T20:25:09.612+0000] {logging_mixin.py:150} INFO - [2025-03-24T20:25:09.612+0000] {dag.py:3504} INFO - Setting next_dagrun for example_branch_python_operator_decorator to 2025-03-23T00:00:00+00:00, run_after=2025-03-24T00:00:00+00:00
[2025-03-24T20:25:09.628+0000] {processor.py:179} INFO - Processing /home/vscode/.local/lib/python3.10/site-packages/airflow/example_dags/example_branch_operator_decorator.py took 0.054 seconds
[2025-03-24T20:25:53.557+0000] {processor.py:157} INFO - Started process (PID=30832) to work on /home/vscode/.local/lib/python3.10/site-packages/airflow/example_dags/example_branch_operator_decorator.py
[2025-03-24T20:25:53.558+0000] {processor.py:826} INFO - Processing file /home/vscode/.local/lib/python3.10/site-packages/airflow/example_dags/example_branch_operator_decorator.py for tasks to queue
[2025-03-24T20:25:53.558+0000] {logging_mixin.py:150} INFO - [2025-03-24T20:25:53.558+0000] {dagbag.py:541} INFO - Filling up the DagBag from /home/vscode/.local/lib/python3.10/site-packages/airflow/example_dags/example_branch_operator_decorator.py
[2025-03-24T20:25:53.566+0000] {processor.py:836} INFO - DAG(s) dict_keys(['example_branch_python_operator_decorator']) retrieved from /home/vscode/.local/lib/python3.10/site-packages/airflow/example_dags/example_branch_operator_decorator.py
[2025-03-24T20:25:53.579+0000] {logging_mixin.py:150} INFO - [2025-03-24T20:25:53.579+0000] {dag.py:2742} INFO - Sync 1 DAGs
[2025-03-24T20:25:53.594+0000] {logging_mixin.py:150} INFO - [2025-03-24T20:25:53.594+0000] {dag.py:3504} INFO - Setting next_dagrun for example_branch_python_operator_decorator to 2025-03-23T00:00:00+00:00, run_after=2025-03-24T00:00:00+00:00
[2025-03-24T20:25:53.609+0000] {processor.py:179} INFO - Processing /home/vscode/.local/lib/python3.10/site-packages/airflow/example_dags/example_branch_operator_decorator.py took 0.054 seconds
[2025-03-24T20:26:39.826+0000] {processor.py:157} INFO - Started process (PID=31215) to work on /home/vscode/.local/lib/python3.10/site-packages/airflow/example_dags/example_branch_operator_decorator.py
[2025-03-24T20:26:39.826+0000] {processor.py:826} INFO - Processing file /home/vscode/.local/lib/python3.10/site-packages/airflow/example_dags/example_branch_operator_decorator.py for tasks to queue
[2025-03-24T20:26:39.827+0000] {logging_mixin.py:150} INFO - [2025-03-24T20:26:39.827+0000] {dagbag.py:541} INFO - Filling up the DagBag from /home/vscode/.local/lib/python3.10/site-packages/airflow/example_dags/example_branch_operator_decorator.py
[2025-03-24T20:26:39.840+0000] {processor.py:836} INFO - DAG(s) dict_keys(['example_branch_python_operator_decorator']) retrieved from /home/vscode/.local/lib/python3.10/site-packages/airflow/example_dags/example_branch_operator_decorator.py
[2025-03-24T20:26:39.862+0000] {logging_mixin.py:150} INFO - [2025-03-24T20:26:39.862+0000] {dag.py:2742} INFO - Sync 1 DAGs
[2025-03-24T20:26:39.885+0000] {logging_mixin.py:150} INFO - [2025-03-24T20:26:39.885+0000] {dag.py:3504} INFO - Setting next_dagrun for example_branch_python_operator_decorator to 2025-03-23T00:00:00+00:00, run_after=2025-03-24T00:00:00+00:00
[2025-03-24T20:26:39.906+0000] {processor.py:179} INFO - Processing /home/vscode/.local/lib/python3.10/site-packages/airflow/example_dags/example_branch_operator_decorator.py took 0.082 seconds
[2025-03-24T20:27:23.619+0000] {processor.py:157} INFO - Started process (PID=31599) to work on /home/vscode/.local/lib/python3.10/site-packages/airflow/example_dags/example_branch_operator_decorator.py
[2025-03-24T20:27:23.619+0000] {processor.py:826} INFO - Processing file /home/vscode/.local/lib/python3.10/site-packages/airflow/example_dags/example_branch_operator_decorator.py for tasks to queue
[2025-03-24T20:27:23.620+0000] {logging_mixin.py:150} INFO - [2025-03-24T20:27:23.620+0000] {dagbag.py:541} INFO - Filling up the DagBag from /home/vscode/.local/lib/python3.10/site-packages/airflow/example_dags/example_branch_operator_decorator.py
[2025-03-24T20:27:23.627+0000] {processor.py:836} INFO - DAG(s) dict_keys(['example_branch_python_operator_decorator']) retrieved from /home/vscode/.local/lib/python3.10/site-packages/airflow/example_dags/example_branch_operator_decorator.py
[2025-03-24T20:27:23.644+0000] {logging_mixin.py:150} INFO - [2025-03-24T20:27:23.644+0000] {dag.py:2742} INFO - Sync 1 DAGs
[2025-03-24T20:27:23.668+0000] {logging_mixin.py:150} INFO - [2025-03-24T20:27:23.668+0000] {dag.py:3504} INFO - Setting next_dagrun for example_branch_python_operator_decorator to 2025-03-23T00:00:00+00:00, run_after=2025-03-24T00:00:00+00:00
[2025-03-24T20:27:23.706+0000] {processor.py:179} INFO - Processing /home/vscode/.local/lib/python3.10/site-packages/airflow/example_dags/example_branch_operator_decorator.py took 0.090 seconds
[2025-03-24T20:28:09.317+0000] {processor.py:157} INFO - Started process (PID=31964) to work on /home/vscode/.local/lib/python3.10/site-packages/airflow/example_dags/example_branch_operator_decorator.py
[2025-03-24T20:28:09.318+0000] {processor.py:826} INFO - Processing file /home/vscode/.local/lib/python3.10/site-packages/airflow/example_dags/example_branch_operator_decorator.py for tasks to queue
[2025-03-24T20:28:09.319+0000] {logging_mixin.py:150} INFO - [2025-03-24T20:28:09.318+0000] {dagbag.py:541} INFO - Filling up the DagBag from /home/vscode/.local/lib/python3.10/site-packages/airflow/example_dags/example_branch_operator_decorator.py
[2025-03-24T20:28:09.326+0000] {processor.py:836} INFO - DAG(s) dict_keys(['example_branch_python_operator_decorator']) retrieved from /home/vscode/.local/lib/python3.10/site-packages/airflow/example_dags/example_branch_operator_decorator.py
[2025-03-24T20:28:09.340+0000] {logging_mixin.py:150} INFO - [2025-03-24T20:28:09.339+0000] {dag.py:2742} INFO - Sync 1 DAGs
[2025-03-24T20:28:09.355+0000] {logging_mixin.py:150} INFO - [2025-03-24T20:28:09.355+0000] {dag.py:3504} INFO - Setting next_dagrun for example_branch_python_operator_decorator to 2025-03-23T00:00:00+00:00, run_after=2025-03-24T00:00:00+00:00
[2025-03-24T20:28:09.371+0000] {processor.py:179} INFO - Processing /home/vscode/.local/lib/python3.10/site-packages/airflow/example_dags/example_branch_operator_decorator.py took 0.056 seconds
[2025-03-24T20:29:06.429+0000] {processor.py:157} INFO - Started process (PID=32388) to work on /home/vscode/.local/lib/python3.10/site-packages/airflow/example_dags/example_branch_operator_decorator.py
[2025-03-24T20:29:06.429+0000] {processor.py:826} INFO - Processing file /home/vscode/.local/lib/python3.10/site-packages/airflow/example_dags/example_branch_operator_decorator.py for tasks to queue
[2025-03-24T20:29:06.430+0000] {logging_mixin.py:150} INFO - [2025-03-24T20:29:06.430+0000] {dagbag.py:541} INFO - Filling up the DagBag from /home/vscode/.local/lib/python3.10/site-packages/airflow/example_dags/example_branch_operator_decorator.py
[2025-03-24T20:29:06.437+0000] {processor.py:836} INFO - DAG(s) dict_keys(['example_branch_python_operator_decorator']) retrieved from /home/vscode/.local/lib/python3.10/site-packages/airflow/example_dags/example_branch_operator_decorator.py
[2025-03-24T20:29:06.450+0000] {logging_mixin.py:150} INFO - [2025-03-24T20:29:06.450+0000] {dag.py:2742} INFO - Sync 1 DAGs
[2025-03-24T20:29:06.464+0000] {logging_mixin.py:150} INFO - [2025-03-24T20:29:06.464+0000] {dag.py:3504} INFO - Setting next_dagrun for example_branch_python_operator_decorator to 2025-03-23T00:00:00+00:00, run_after=2025-03-24T00:00:00+00:00
[2025-03-24T20:29:06.479+0000] {processor.py:179} INFO - Processing /home/vscode/.local/lib/python3.10/site-packages/airflow/example_dags/example_branch_operator_decorator.py took 0.052 seconds
[2025-03-24T20:29:52.594+0000] {processor.py:157} INFO - Started process (PID=32694) to work on /home/vscode/.local/lib/python3.10/site-packages/airflow/example_dags/example_branch_operator_decorator.py
[2025-03-24T20:29:52.594+0000] {processor.py:826} INFO - Processing file /home/vscode/.local/lib/python3.10/site-packages/airflow/example_dags/example_branch_operator_decorator.py for tasks to queue
[2025-03-24T20:29:52.595+0000] {logging_mixin.py:150} INFO - [2025-03-24T20:29:52.595+0000] {dagbag.py:541} INFO - Filling up the DagBag from /home/vscode/.local/lib/python3.10/site-packages/airflow/example_dags/example_branch_operator_decorator.py
[2025-03-24T20:29:52.602+0000] {processor.py:836} INFO - DAG(s) dict_keys(['example_branch_python_operator_decorator']) retrieved from /home/vscode/.local/lib/python3.10/site-packages/airflow/example_dags/example_branch_operator_decorator.py
[2025-03-24T20:29:52.615+0000] {logging_mixin.py:150} INFO - [2025-03-24T20:29:52.615+0000] {dag.py:2742} INFO - Sync 1 DAGs
[2025-03-24T20:29:52.630+0000] {logging_mixin.py:150} INFO - [2025-03-24T20:29:52.630+0000] {dag.py:3504} INFO - Setting next_dagrun for example_branch_python_operator_decorator to 2025-03-23T00:00:00+00:00, run_after=2025-03-24T00:00:00+00:00
[2025-03-24T20:29:52.644+0000] {processor.py:179} INFO - Processing /home/vscode/.local/lib/python3.10/site-packages/airflow/example_dags/example_branch_operator_decorator.py took 0.052 seconds
[2025-03-24T20:30:48.159+0000] {processor.py:157} INFO - Started process (PID=33080) to work on /home/vscode/.local/lib/python3.10/site-packages/airflow/example_dags/example_branch_operator_decorator.py
[2025-03-24T20:30:48.160+0000] {processor.py:826} INFO - Processing file /home/vscode/.local/lib/python3.10/site-packages/airflow/example_dags/example_branch_operator_decorator.py for tasks to queue
[2025-03-24T20:30:48.160+0000] {logging_mixin.py:150} INFO - [2025-03-24T20:30:48.160+0000] {dagbag.py:541} INFO - Filling up the DagBag from /home/vscode/.local/lib/python3.10/site-packages/airflow/example_dags/example_branch_operator_decorator.py
[2025-03-24T20:30:48.168+0000] {processor.py:836} INFO - DAG(s) dict_keys(['example_branch_python_operator_decorator']) retrieved from /home/vscode/.local/lib/python3.10/site-packages/airflow/example_dags/example_branch_operator_decorator.py
[2025-03-24T20:30:48.181+0000] {logging_mixin.py:150} INFO - [2025-03-24T20:30:48.181+0000] {dag.py:2742} INFO - Sync 1 DAGs
[2025-03-24T20:30:48.197+0000] {logging_mixin.py:150} INFO - [2025-03-24T20:30:48.197+0000] {dag.py:3504} INFO - Setting next_dagrun for example_branch_python_operator_decorator to 2025-03-23T00:00:00+00:00, run_after=2025-03-24T00:00:00+00:00
[2025-03-24T20:30:48.213+0000] {processor.py:179} INFO - Processing /home/vscode/.local/lib/python3.10/site-packages/airflow/example_dags/example_branch_operator_decorator.py took 0.056 seconds
[2025-03-24T20:31:31.409+0000] {processor.py:157} INFO - Started process (PID=33367) to work on /home/vscode/.local/lib/python3.10/site-packages/airflow/example_dags/example_branch_operator_decorator.py
[2025-03-24T20:31:31.409+0000] {processor.py:826} INFO - Processing file /home/vscode/.local/lib/python3.10/site-packages/airflow/example_dags/example_branch_operator_decorator.py for tasks to queue
[2025-03-24T20:31:31.410+0000] {logging_mixin.py:150} INFO - [2025-03-24T20:31:31.410+0000] {dagbag.py:541} INFO - Filling up the DagBag from /home/vscode/.local/lib/python3.10/site-packages/airflow/example_dags/example_branch_operator_decorator.py
[2025-03-24T20:31:31.417+0000] {processor.py:836} INFO - DAG(s) dict_keys(['example_branch_python_operator_decorator']) retrieved from /home/vscode/.local/lib/python3.10/site-packages/airflow/example_dags/example_branch_operator_decorator.py
[2025-03-24T20:31:31.430+0000] {logging_mixin.py:150} INFO - [2025-03-24T20:31:31.430+0000] {dag.py:2742} INFO - Sync 1 DAGs
[2025-03-24T20:31:31.451+0000] {logging_mixin.py:150} INFO - [2025-03-24T20:31:31.451+0000] {dag.py:3504} INFO - Setting next_dagrun for example_branch_python_operator_decorator to 2025-03-23T00:00:00+00:00, run_after=2025-03-24T00:00:00+00:00
[2025-03-24T20:31:31.466+0000] {processor.py:179} INFO - Processing /home/vscode/.local/lib/python3.10/site-packages/airflow/example_dags/example_branch_operator_decorator.py took 0.060 seconds
[2025-03-24T20:32:29.014+0000] {processor.py:157} INFO - Started process (PID=33759) to work on /home/vscode/.local/lib/python3.10/site-packages/airflow/example_dags/example_branch_operator_decorator.py
[2025-03-24T20:32:29.015+0000] {processor.py:826} INFO - Processing file /home/vscode/.local/lib/python3.10/site-packages/airflow/example_dags/example_branch_operator_decorator.py for tasks to queue
[2025-03-24T20:32:29.016+0000] {logging_mixin.py:150} INFO - [2025-03-24T20:32:29.015+0000] {dagbag.py:541} INFO - Filling up the DagBag from /home/vscode/.local/lib/python3.10/site-packages/airflow/example_dags/example_branch_operator_decorator.py
[2025-03-24T20:32:29.023+0000] {processor.py:836} INFO - DAG(s) dict_keys(['example_branch_python_operator_decorator']) retrieved from /home/vscode/.local/lib/python3.10/site-packages/airflow/example_dags/example_branch_operator_decorator.py
[2025-03-24T20:32:29.036+0000] {logging_mixin.py:150} INFO - [2025-03-24T20:32:29.036+0000] {dag.py:2742} INFO - Sync 1 DAGs
[2025-03-24T20:32:29.051+0000] {logging_mixin.py:150} INFO - [2025-03-24T20:32:29.051+0000] {dag.py:3504} INFO - Setting next_dagrun for example_branch_python_operator_decorator to 2025-03-23T00:00:00+00:00, run_after=2025-03-24T00:00:00+00:00
[2025-03-24T20:32:29.066+0000] {processor.py:179} INFO - Processing /home/vscode/.local/lib/python3.10/site-packages/airflow/example_dags/example_branch_operator_decorator.py took 0.054 seconds
[2025-03-24T20:33:15.860+0000] {processor.py:157} INFO - Started process (PID=34159) to work on /home/vscode/.local/lib/python3.10/site-packages/airflow/example_dags/example_branch_operator_decorator.py
[2025-03-24T20:33:15.861+0000] {processor.py:826} INFO - Processing file /home/vscode/.local/lib/python3.10/site-packages/airflow/example_dags/example_branch_operator_decorator.py for tasks to queue
[2025-03-24T20:33:15.862+0000] {logging_mixin.py:150} INFO - [2025-03-24T20:33:15.861+0000] {dagbag.py:541} INFO - Filling up the DagBag from /home/vscode/.local/lib/python3.10/site-packages/airflow/example_dags/example_branch_operator_decorator.py
[2025-03-24T20:33:15.869+0000] {processor.py:836} INFO - DAG(s) dict_keys(['example_branch_python_operator_decorator']) retrieved from /home/vscode/.local/lib/python3.10/site-packages/airflow/example_dags/example_branch_operator_decorator.py
[2025-03-24T20:33:15.886+0000] {logging_mixin.py:150} INFO - [2025-03-24T20:33:15.886+0000] {dag.py:2742} INFO - Sync 1 DAGs
[2025-03-24T20:33:15.908+0000] {logging_mixin.py:150} INFO - [2025-03-24T20:33:15.908+0000] {dag.py:3504} INFO - Setting next_dagrun for example_branch_python_operator_decorator to 2025-03-23T00:00:00+00:00, run_after=2025-03-24T00:00:00+00:00
[2025-03-24T20:33:15.931+0000] {processor.py:179} INFO - Processing /home/vscode/.local/lib/python3.10/site-packages/airflow/example_dags/example_branch_operator_decorator.py took 0.073 seconds
[2025-03-24T20:34:03.514+0000] {processor.py:157} INFO - Started process (PID=34485) to work on /home/vscode/.local/lib/python3.10/site-packages/airflow/example_dags/example_branch_operator_decorator.py
[2025-03-24T20:34:03.514+0000] {processor.py:826} INFO - Processing file /home/vscode/.local/lib/python3.10/site-packages/airflow/example_dags/example_branch_operator_decorator.py for tasks to queue
[2025-03-24T20:34:03.515+0000] {logging_mixin.py:150} INFO - [2025-03-24T20:34:03.515+0000] {dagbag.py:541} INFO - Filling up the DagBag from /home/vscode/.local/lib/python3.10/site-packages/airflow/example_dags/example_branch_operator_decorator.py
[2025-03-24T20:34:03.522+0000] {processor.py:836} INFO - DAG(s) dict_keys(['example_branch_python_operator_decorator']) retrieved from /home/vscode/.local/lib/python3.10/site-packages/airflow/example_dags/example_branch_operator_decorator.py
[2025-03-24T20:34:03.536+0000] {logging_mixin.py:150} INFO - [2025-03-24T20:34:03.535+0000] {dag.py:2742} INFO - Sync 1 DAGs
[2025-03-24T20:34:03.551+0000] {logging_mixin.py:150} INFO - [2025-03-24T20:34:03.551+0000] {dag.py:3504} INFO - Setting next_dagrun for example_branch_python_operator_decorator to 2025-03-23T00:00:00+00:00, run_after=2025-03-24T00:00:00+00:00
[2025-03-24T20:34:03.566+0000] {processor.py:179} INFO - Processing /home/vscode/.local/lib/python3.10/site-packages/airflow/example_dags/example_branch_operator_decorator.py took 0.055 seconds
[2025-03-24T20:34:47.926+0000] {processor.py:157} INFO - Started process (PID=34786) to work on /home/vscode/.local/lib/python3.10/site-packages/airflow/example_dags/example_branch_operator_decorator.py
[2025-03-24T20:34:47.927+0000] {processor.py:826} INFO - Processing file /home/vscode/.local/lib/python3.10/site-packages/airflow/example_dags/example_branch_operator_decorator.py for tasks to queue
[2025-03-24T20:34:47.928+0000] {logging_mixin.py:150} INFO - [2025-03-24T20:34:47.927+0000] {dagbag.py:541} INFO - Filling up the DagBag from /home/vscode/.local/lib/python3.10/site-packages/airflow/example_dags/example_branch_operator_decorator.py
[2025-03-24T20:34:47.935+0000] {processor.py:836} INFO - DAG(s) dict_keys(['example_branch_python_operator_decorator']) retrieved from /home/vscode/.local/lib/python3.10/site-packages/airflow/example_dags/example_branch_operator_decorator.py
[2025-03-24T20:34:47.948+0000] {logging_mixin.py:150} INFO - [2025-03-24T20:34:47.947+0000] {dag.py:2742} INFO - Sync 1 DAGs
[2025-03-24T20:34:47.963+0000] {logging_mixin.py:150} INFO - [2025-03-24T20:34:47.963+0000] {dag.py:3504} INFO - Setting next_dagrun for example_branch_python_operator_decorator to 2025-03-23T00:00:00+00:00, run_after=2025-03-24T00:00:00+00:00
[2025-03-24T20:34:47.999+0000] {processor.py:179} INFO - Processing /home/vscode/.local/lib/python3.10/site-packages/airflow/example_dags/example_branch_operator_decorator.py took 0.075 seconds
[2025-03-24T20:35:34.410+0000] {processor.py:157} INFO - Started process (PID=35094) to work on /home/vscode/.local/lib/python3.10/site-packages/airflow/example_dags/example_branch_operator_decorator.py
[2025-03-24T20:35:34.411+0000] {processor.py:826} INFO - Processing file /home/vscode/.local/lib/python3.10/site-packages/airflow/example_dags/example_branch_operator_decorator.py for tasks to queue
[2025-03-24T20:35:34.412+0000] {logging_mixin.py:150} INFO - [2025-03-24T20:35:34.411+0000] {dagbag.py:541} INFO - Filling up the DagBag from /home/vscode/.local/lib/python3.10/site-packages/airflow/example_dags/example_branch_operator_decorator.py
[2025-03-24T20:35:34.419+0000] {processor.py:836} INFO - DAG(s) dict_keys(['example_branch_python_operator_decorator']) retrieved from /home/vscode/.local/lib/python3.10/site-packages/airflow/example_dags/example_branch_operator_decorator.py
[2025-03-24T20:35:34.432+0000] {logging_mixin.py:150} INFO - [2025-03-24T20:35:34.432+0000] {dag.py:2742} INFO - Sync 1 DAGs
[2025-03-24T20:35:34.447+0000] {logging_mixin.py:150} INFO - [2025-03-24T20:35:34.447+0000] {dag.py:3504} INFO - Setting next_dagrun for example_branch_python_operator_decorator to 2025-03-23T00:00:00+00:00, run_after=2025-03-24T00:00:00+00:00
[2025-03-24T20:35:34.463+0000] {processor.py:179} INFO - Processing /home/vscode/.local/lib/python3.10/site-packages/airflow/example_dags/example_branch_operator_decorator.py took 0.055 seconds
[2025-03-24T20:36:18.090+0000] {processor.py:157} INFO - Started process (PID=35393) to work on /home/vscode/.local/lib/python3.10/site-packages/airflow/example_dags/example_branch_operator_decorator.py
[2025-03-24T20:36:18.091+0000] {processor.py:826} INFO - Processing file /home/vscode/.local/lib/python3.10/site-packages/airflow/example_dags/example_branch_operator_decorator.py for tasks to queue
[2025-03-24T20:36:18.092+0000] {logging_mixin.py:150} INFO - [2025-03-24T20:36:18.091+0000] {dagbag.py:541} INFO - Filling up the DagBag from /home/vscode/.local/lib/python3.10/site-packages/airflow/example_dags/example_branch_operator_decorator.py
[2025-03-24T20:36:18.099+0000] {processor.py:836} INFO - DAG(s) dict_keys(['example_branch_python_operator_decorator']) retrieved from /home/vscode/.local/lib/python3.10/site-packages/airflow/example_dags/example_branch_operator_decorator.py
[2025-03-24T20:36:18.112+0000] {logging_mixin.py:150} INFO - [2025-03-24T20:36:18.112+0000] {dag.py:2742} INFO - Sync 1 DAGs
[2025-03-24T20:36:18.127+0000] {logging_mixin.py:150} INFO - [2025-03-24T20:36:18.127+0000] {dag.py:3504} INFO - Setting next_dagrun for example_branch_python_operator_decorator to 2025-03-23T00:00:00+00:00, run_after=2025-03-24T00:00:00+00:00
[2025-03-24T20:36:18.142+0000] {processor.py:179} INFO - Processing /home/vscode/.local/lib/python3.10/site-packages/airflow/example_dags/example_branch_operator_decorator.py took 0.053 seconds
[2025-03-24T20:37:05.555+0000] {processor.py:157} INFO - Started process (PID=35747) to work on /home/vscode/.local/lib/python3.10/site-packages/airflow/example_dags/example_branch_operator_decorator.py
[2025-03-24T20:37:05.556+0000] {processor.py:826} INFO - Processing file /home/vscode/.local/lib/python3.10/site-packages/airflow/example_dags/example_branch_operator_decorator.py for tasks to queue
[2025-03-24T20:37:05.557+0000] {logging_mixin.py:150} INFO - [2025-03-24T20:37:05.556+0000] {dagbag.py:541} INFO - Filling up the DagBag from /home/vscode/.local/lib/python3.10/site-packages/airflow/example_dags/example_branch_operator_decorator.py
[2025-03-24T20:37:05.564+0000] {processor.py:836} INFO - DAG(s) dict_keys(['example_branch_python_operator_decorator']) retrieved from /home/vscode/.local/lib/python3.10/site-packages/airflow/example_dags/example_branch_operator_decorator.py
[2025-03-24T20:37:05.577+0000] {logging_mixin.py:150} INFO - [2025-03-24T20:37:05.577+0000] {dag.py:2742} INFO - Sync 1 DAGs
[2025-03-24T20:37:05.592+0000] {logging_mixin.py:150} INFO - [2025-03-24T20:37:05.592+0000] {dag.py:3504} INFO - Setting next_dagrun for example_branch_python_operator_decorator to 2025-03-23T00:00:00+00:00, run_after=2025-03-24T00:00:00+00:00
[2025-03-24T20:37:05.608+0000] {processor.py:179} INFO - Processing /home/vscode/.local/lib/python3.10/site-packages/airflow/example_dags/example_branch_operator_decorator.py took 0.055 seconds
[2025-03-24T20:37:49.500+0000] {processor.py:157} INFO - Started process (PID=36051) to work on /home/vscode/.local/lib/python3.10/site-packages/airflow/example_dags/example_branch_operator_decorator.py
[2025-03-24T20:37:49.500+0000] {processor.py:826} INFO - Processing file /home/vscode/.local/lib/python3.10/site-packages/airflow/example_dags/example_branch_operator_decorator.py for tasks to queue
[2025-03-24T20:37:49.501+0000] {logging_mixin.py:150} INFO - [2025-03-24T20:37:49.501+0000] {dagbag.py:541} INFO - Filling up the DagBag from /home/vscode/.local/lib/python3.10/site-packages/airflow/example_dags/example_branch_operator_decorator.py
[2025-03-24T20:37:49.508+0000] {processor.py:836} INFO - DAG(s) dict_keys(['example_branch_python_operator_decorator']) retrieved from /home/vscode/.local/lib/python3.10/site-packages/airflow/example_dags/example_branch_operator_decorator.py
[2025-03-24T20:37:49.521+0000] {logging_mixin.py:150} INFO - [2025-03-24T20:37:49.520+0000] {dag.py:2742} INFO - Sync 1 DAGs
[2025-03-24T20:37:49.536+0000] {logging_mixin.py:150} INFO - [2025-03-24T20:37:49.536+0000] {dag.py:3504} INFO - Setting next_dagrun for example_branch_python_operator_decorator to 2025-03-23T00:00:00+00:00, run_after=2025-03-24T00:00:00+00:00
[2025-03-24T20:37:49.550+0000] {processor.py:179} INFO - Processing /home/vscode/.local/lib/python3.10/site-packages/airflow/example_dags/example_branch_operator_decorator.py took 0.052 seconds
