[2025-03-24T20:12:39.481+0000] {processor.py:157} INFO - Started process (PID=25115) to work on /home/vscode/.local/lib/python3.10/site-packages/airflow/example_dags/example_short_circuit_operator.py
[2025-03-24T20:12:39.481+0000] {processor.py:826} INFO - Processing file /home/vscode/.local/lib/python3.10/site-packages/airflow/example_dags/example_short_circuit_operator.py for tasks to queue
[2025-03-24T20:12:39.482+0000] {logging_mixin.py:150} INFO - [2025-03-24T20:12:39.482+0000] {dagbag.py:541} INFO - Filling up the DagBag from /home/vscode/.local/lib/python3.10/site-packages/airflow/example_dags/example_short_circuit_operator.py
[2025-03-24T20:12:39.488+0000] {processor.py:836} INFO - DAG(s) dict_keys(['example_short_circuit_operator']) retrieved from /home/vscode/.local/lib/python3.10/site-packages/airflow/example_dags/example_short_circuit_operator.py
[2025-03-24T20:12:39.569+0000] {logging_mixin.py:150} INFO - [2025-03-24T20:12:39.569+0000] {manager.py:504} INFO - Created Permission View: can delete on DAG:example_short_circuit_operator
[2025-03-24T20:12:39.581+0000] {logging_mixin.py:150} INFO - [2025-03-24T20:12:39.581+0000] {manager.py:504} INFO - Created Permission View: can edit on DAG:example_short_circuit_operator
[2025-03-24T20:12:39.589+0000] {logging_mixin.py:150} INFO - [2025-03-24T20:12:39.588+0000] {manager.py:504} INFO - Created Permission View: can read on DAG:example_short_circuit_operator
[2025-03-24T20:12:39.601+0000] {logging_mixin.py:150} INFO - [2025-03-24T20:12:39.600+0000] {dag.py:2742} INFO - Sync 1 DAGs
[2025-03-24T20:12:39.610+0000] {logging_mixin.py:150} INFO - [2025-03-24T20:12:39.610+0000] {dag.py:2763} INFO - Creating ORM DAG for example_short_circuit_operator
[2025-03-24T20:12:39.617+0000] {logging_mixin.py:150} INFO - [2025-03-24T20:12:39.617+0000] {dag.py:3504} INFO - Setting next_dagrun for example_short_circuit_operator to 2025-03-23T20:12:39.617235+00:00, run_after=2025-03-24T20:12:39.617235+00:00
[2025-03-24T20:12:39.633+0000] {processor.py:179} INFO - Processing /home/vscode/.local/lib/python3.10/site-packages/airflow/example_dags/example_short_circuit_operator.py took 0.154 seconds
[2025-03-24T20:13:26.487+0000] {processor.py:157} INFO - Started process (PID=25466) to work on /home/vscode/.local/lib/python3.10/site-packages/airflow/example_dags/example_short_circuit_operator.py
[2025-03-24T20:13:26.488+0000] {processor.py:826} INFO - Processing file /home/vscode/.local/lib/python3.10/site-packages/airflow/example_dags/example_short_circuit_operator.py for tasks to queue
[2025-03-24T20:13:26.488+0000] {logging_mixin.py:150} INFO - [2025-03-24T20:13:26.488+0000] {dagbag.py:541} INFO - Filling up the DagBag from /home/vscode/.local/lib/python3.10/site-packages/airflow/example_dags/example_short_circuit_operator.py
[2025-03-24T20:13:26.494+0000] {processor.py:836} INFO - DAG(s) dict_keys(['example_short_circuit_operator']) retrieved from /home/vscode/.local/lib/python3.10/site-packages/airflow/example_dags/example_short_circuit_operator.py
[2025-03-24T20:13:26.507+0000] {logging_mixin.py:150} INFO - [2025-03-24T20:13:26.507+0000] {dag.py:2742} INFO - Sync 1 DAGs
[2025-03-24T20:13:26.521+0000] {logging_mixin.py:150} INFO - [2025-03-24T20:13:26.521+0000] {dag.py:3504} INFO - Setting next_dagrun for example_short_circuit_operator to 2025-03-23T20:13:26.520953+00:00, run_after=2025-03-24T20:13:26.520953+00:00
[2025-03-24T20:13:26.535+0000] {processor.py:179} INFO - Processing /home/vscode/.local/lib/python3.10/site-packages/airflow/example_dags/example_short_circuit_operator.py took 0.050 seconds
[2025-03-24T20:14:11.611+0000] {processor.py:157} INFO - Started process (PID=25771) to work on /home/vscode/.local/lib/python3.10/site-packages/airflow/example_dags/example_short_circuit_operator.py
[2025-03-24T20:14:11.612+0000] {processor.py:826} INFO - Processing file /home/vscode/.local/lib/python3.10/site-packages/airflow/example_dags/example_short_circuit_operator.py for tasks to queue
[2025-03-24T20:14:11.613+0000] {logging_mixin.py:150} INFO - [2025-03-24T20:14:11.613+0000] {dagbag.py:541} INFO - Filling up the DagBag from /home/vscode/.local/lib/python3.10/site-packages/airflow/example_dags/example_short_circuit_operator.py
[2025-03-24T20:14:11.624+0000] {processor.py:836} INFO - DAG(s) dict_keys(['example_short_circuit_operator']) retrieved from /home/vscode/.local/lib/python3.10/site-packages/airflow/example_dags/example_short_circuit_operator.py
[2025-03-24T20:14:11.639+0000] {logging_mixin.py:150} INFO - [2025-03-24T20:14:11.639+0000] {dag.py:2742} INFO - Sync 1 DAGs
[2025-03-24T20:14:11.655+0000] {logging_mixin.py:150} INFO - [2025-03-24T20:14:11.655+0000] {dag.py:3504} INFO - Setting next_dagrun for example_short_circuit_operator to 2025-03-23T20:14:11.655444+00:00, run_after=2025-03-24T20:14:11.655444+00:00
[2025-03-24T20:14:11.672+0000] {processor.py:179} INFO - Processing /home/vscode/.local/lib/python3.10/site-packages/airflow/example_dags/example_short_circuit_operator.py took 0.064 seconds
[2025-03-24T20:14:53.411+0000] {processor.py:157} INFO - Started process (PID=26062) to work on /home/vscode/.local/lib/python3.10/site-packages/airflow/example_dags/example_short_circuit_operator.py
[2025-03-24T20:14:53.411+0000] {processor.py:826} INFO - Processing file /home/vscode/.local/lib/python3.10/site-packages/airflow/example_dags/example_short_circuit_operator.py for tasks to queue
[2025-03-24T20:14:53.412+0000] {logging_mixin.py:150} INFO - [2025-03-24T20:14:53.412+0000] {dagbag.py:541} INFO - Filling up the DagBag from /home/vscode/.local/lib/python3.10/site-packages/airflow/example_dags/example_short_circuit_operator.py
[2025-03-24T20:14:53.418+0000] {processor.py:836} INFO - DAG(s) dict_keys(['example_short_circuit_operator']) retrieved from /home/vscode/.local/lib/python3.10/site-packages/airflow/example_dags/example_short_circuit_operator.py
[2025-03-24T20:14:53.430+0000] {logging_mixin.py:150} INFO - [2025-03-24T20:14:53.430+0000] {dag.py:2742} INFO - Sync 1 DAGs
[2025-03-24T20:14:53.444+0000] {logging_mixin.py:150} INFO - [2025-03-24T20:14:53.444+0000] {dag.py:3504} INFO - Setting next_dagrun for example_short_circuit_operator to 2025-03-23T20:14:53.444179+00:00, run_after=2025-03-24T20:14:53.444179+00:00
[2025-03-24T20:14:53.459+0000] {processor.py:179} INFO - Processing /home/vscode/.local/lib/python3.10/site-packages/airflow/example_dags/example_short_circuit_operator.py took 0.050 seconds
[2025-03-24T20:15:39.273+0000] {processor.py:157} INFO - Started process (PID=26376) to work on /home/vscode/.local/lib/python3.10/site-packages/airflow/example_dags/example_short_circuit_operator.py
[2025-03-24T20:15:39.273+0000] {processor.py:826} INFO - Processing file /home/vscode/.local/lib/python3.10/site-packages/airflow/example_dags/example_short_circuit_operator.py for tasks to queue
[2025-03-24T20:15:39.274+0000] {logging_mixin.py:150} INFO - [2025-03-24T20:15:39.273+0000] {dagbag.py:541} INFO - Filling up the DagBag from /home/vscode/.local/lib/python3.10/site-packages/airflow/example_dags/example_short_circuit_operator.py
[2025-03-24T20:15:39.280+0000] {processor.py:836} INFO - DAG(s) dict_keys(['example_short_circuit_operator']) retrieved from /home/vscode/.local/lib/python3.10/site-packages/airflow/example_dags/example_short_circuit_operator.py
[2025-03-24T20:15:39.293+0000] {logging_mixin.py:150} INFO - [2025-03-24T20:15:39.292+0000] {dag.py:2742} INFO - Sync 1 DAGs
[2025-03-24T20:15:39.306+0000] {logging_mixin.py:150} INFO - [2025-03-24T20:15:39.306+0000] {dag.py:3504} INFO - Setting next_dagrun for example_short_circuit_operator to 2025-03-23T20:15:39.306478+00:00, run_after=2025-03-24T20:15:39.306478+00:00
[2025-03-24T20:15:39.321+0000] {processor.py:179} INFO - Processing /home/vscode/.local/lib/python3.10/site-packages/airflow/example_dags/example_short_circuit_operator.py took 0.050 seconds
[2025-03-24T20:16:26.277+0000] {processor.py:157} INFO - Started process (PID=26678) to work on /home/vscode/.local/lib/python3.10/site-packages/airflow/example_dags/example_short_circuit_operator.py
[2025-03-24T20:16:26.277+0000] {processor.py:826} INFO - Processing file /home/vscode/.local/lib/python3.10/site-packages/airflow/example_dags/example_short_circuit_operator.py for tasks to queue
[2025-03-24T20:16:26.278+0000] {logging_mixin.py:150} INFO - [2025-03-24T20:16:26.278+0000] {dagbag.py:541} INFO - Filling up the DagBag from /home/vscode/.local/lib/python3.10/site-packages/airflow/example_dags/example_short_circuit_operator.py
[2025-03-24T20:16:26.288+0000] {processor.py:836} INFO - DAG(s) dict_keys(['example_short_circuit_operator']) retrieved from /home/vscode/.local/lib/python3.10/site-packages/airflow/example_dags/example_short_circuit_operator.py
[2025-03-24T20:16:26.307+0000] {logging_mixin.py:150} INFO - [2025-03-24T20:16:26.306+0000] {dag.py:2742} INFO - Sync 1 DAGs
[2025-03-24T20:16:26.322+0000] {logging_mixin.py:150} INFO - [2025-03-24T20:16:26.322+0000] {dag.py:3504} INFO - Setting next_dagrun for example_short_circuit_operator to 2025-03-23T20:16:26.322035+00:00, run_after=2025-03-24T20:16:26.322035+00:00
[2025-03-24T20:16:26.337+0000] {processor.py:179} INFO - Processing /home/vscode/.local/lib/python3.10/site-packages/airflow/example_dags/example_short_circuit_operator.py took 0.063 seconds
[2025-03-24T20:17:15.166+0000] {processor.py:157} INFO - Started process (PID=27000) to work on /home/vscode/.local/lib/python3.10/site-packages/airflow/example_dags/example_short_circuit_operator.py
[2025-03-24T20:17:15.167+0000] {processor.py:826} INFO - Processing file /home/vscode/.local/lib/python3.10/site-packages/airflow/example_dags/example_short_circuit_operator.py for tasks to queue
[2025-03-24T20:17:15.168+0000] {logging_mixin.py:150} INFO - [2025-03-24T20:17:15.167+0000] {dagbag.py:541} INFO - Filling up the DagBag from /home/vscode/.local/lib/python3.10/site-packages/airflow/example_dags/example_short_circuit_operator.py
[2025-03-24T20:17:15.177+0000] {processor.py:836} INFO - DAG(s) dict_keys(['example_short_circuit_operator']) retrieved from /home/vscode/.local/lib/python3.10/site-packages/airflow/example_dags/example_short_circuit_operator.py
[2025-03-24T20:17:15.190+0000] {logging_mixin.py:150} INFO - [2025-03-24T20:17:15.190+0000] {dag.py:2742} INFO - Sync 1 DAGs
[2025-03-24T20:17:15.204+0000] {logging_mixin.py:150} INFO - [2025-03-24T20:17:15.204+0000] {dag.py:3504} INFO - Setting next_dagrun for example_short_circuit_operator to 2025-03-23T20:17:15.204381+00:00, run_after=2025-03-24T20:17:15.204381+00:00
[2025-03-24T20:17:15.219+0000] {processor.py:179} INFO - Processing /home/vscode/.local/lib/python3.10/site-packages/airflow/example_dags/example_short_circuit_operator.py took 0.056 seconds
[2025-03-24T20:17:59.846+0000] {processor.py:157} INFO - Started process (PID=27305) to work on /home/vscode/.local/lib/python3.10/site-packages/airflow/example_dags/example_short_circuit_operator.py
[2025-03-24T20:17:59.847+0000] {processor.py:826} INFO - Processing file /home/vscode/.local/lib/python3.10/site-packages/airflow/example_dags/example_short_circuit_operator.py for tasks to queue
[2025-03-24T20:17:59.848+0000] {logging_mixin.py:150} INFO - [2025-03-24T20:17:59.847+0000] {dagbag.py:541} INFO - Filling up the DagBag from /home/vscode/.local/lib/python3.10/site-packages/airflow/example_dags/example_short_circuit_operator.py
[2025-03-24T20:17:59.854+0000] {processor.py:836} INFO - DAG(s) dict_keys(['example_short_circuit_operator']) retrieved from /home/vscode/.local/lib/python3.10/site-packages/airflow/example_dags/example_short_circuit_operator.py
[2025-03-24T20:17:59.866+0000] {logging_mixin.py:150} INFO - [2025-03-24T20:17:59.866+0000] {dag.py:2742} INFO - Sync 1 DAGs
[2025-03-24T20:17:59.880+0000] {logging_mixin.py:150} INFO - [2025-03-24T20:17:59.880+0000] {dag.py:3504} INFO - Setting next_dagrun for example_short_circuit_operator to 2025-03-23T20:17:59.880304+00:00, run_after=2025-03-24T20:17:59.880304+00:00
[2025-03-24T20:17:59.896+0000] {processor.py:179} INFO - Processing /home/vscode/.local/lib/python3.10/site-packages/airflow/example_dags/example_short_circuit_operator.py took 0.051 seconds
[2025-03-24T20:18:43.194+0000] {processor.py:157} INFO - Started process (PID=27591) to work on /home/vscode/.local/lib/python3.10/site-packages/airflow/example_dags/example_short_circuit_operator.py
[2025-03-24T20:18:43.195+0000] {processor.py:826} INFO - Processing file /home/vscode/.local/lib/python3.10/site-packages/airflow/example_dags/example_short_circuit_operator.py for tasks to queue
[2025-03-24T20:18:43.195+0000] {logging_mixin.py:150} INFO - [2025-03-24T20:18:43.195+0000] {dagbag.py:541} INFO - Filling up the DagBag from /home/vscode/.local/lib/python3.10/site-packages/airflow/example_dags/example_short_circuit_operator.py
[2025-03-24T20:18:43.201+0000] {processor.py:836} INFO - DAG(s) dict_keys(['example_short_circuit_operator']) retrieved from /home/vscode/.local/lib/python3.10/site-packages/airflow/example_dags/example_short_circuit_operator.py
[2025-03-24T20:18:43.215+0000] {logging_mixin.py:150} INFO - [2025-03-24T20:18:43.215+0000] {dag.py:2742} INFO - Sync 1 DAGs
[2025-03-24T20:18:43.229+0000] {logging_mixin.py:150} INFO - [2025-03-24T20:18:43.229+0000] {dag.py:3504} INFO - Setting next_dagrun for example_short_circuit_operator to 2025-03-23T20:18:43.229577+00:00, run_after=2025-03-24T20:18:43.229577+00:00
[2025-03-24T20:18:43.245+0000] {processor.py:179} INFO - Processing /home/vscode/.local/lib/python3.10/site-packages/airflow/example_dags/example_short_circuit_operator.py took 0.054 seconds
[2025-03-24T20:19:25.049+0000] {processor.py:157} INFO - Started process (PID=27868) to work on /home/vscode/.local/lib/python3.10/site-packages/airflow/example_dags/example_short_circuit_operator.py
[2025-03-24T20:19:25.050+0000] {processor.py:826} INFO - Processing file /home/vscode/.local/lib/python3.10/site-packages/airflow/example_dags/example_short_circuit_operator.py for tasks to queue
[2025-03-24T20:19:25.050+0000] {logging_mixin.py:150} INFO - [2025-03-24T20:19:25.050+0000] {dagbag.py:541} INFO - Filling up the DagBag from /home/vscode/.local/lib/python3.10/site-packages/airflow/example_dags/example_short_circuit_operator.py
[2025-03-24T20:19:25.056+0000] {processor.py:836} INFO - DAG(s) dict_keys(['example_short_circuit_operator']) retrieved from /home/vscode/.local/lib/python3.10/site-packages/airflow/example_dags/example_short_circuit_operator.py
[2025-03-24T20:19:25.069+0000] {logging_mixin.py:150} INFO - [2025-03-24T20:19:25.069+0000] {dag.py:2742} INFO - Sync 1 DAGs
[2025-03-24T20:19:25.083+0000] {logging_mixin.py:150} INFO - [2025-03-24T20:19:25.083+0000] {dag.py:3504} INFO - Setting next_dagrun for example_short_circuit_operator to 2025-03-23T20:19:25.082895+00:00, run_after=2025-03-24T20:19:25.082895+00:00
[2025-03-24T20:19:25.098+0000] {processor.py:179} INFO - Processing /home/vscode/.local/lib/python3.10/site-packages/airflow/example_dags/example_short_circuit_operator.py took 0.051 seconds
[2025-03-24T20:20:10.408+0000] {processor.py:157} INFO - Started process (PID=28205) to work on /home/vscode/.local/lib/python3.10/site-packages/airflow/example_dags/example_short_circuit_operator.py
[2025-03-24T20:20:10.409+0000] {processor.py:826} INFO - Processing file /home/vscode/.local/lib/python3.10/site-packages/airflow/example_dags/example_short_circuit_operator.py for tasks to queue
[2025-03-24T20:20:10.409+0000] {logging_mixin.py:150} INFO - [2025-03-24T20:20:10.409+0000] {dagbag.py:541} INFO - Filling up the DagBag from /home/vscode/.local/lib/python3.10/site-packages/airflow/example_dags/example_short_circuit_operator.py
[2025-03-24T20:20:10.415+0000] {processor.py:836} INFO - DAG(s) dict_keys(['example_short_circuit_operator']) retrieved from /home/vscode/.local/lib/python3.10/site-packages/airflow/example_dags/example_short_circuit_operator.py
[2025-03-24T20:20:10.428+0000] {logging_mixin.py:150} INFO - [2025-03-24T20:20:10.428+0000] {dag.py:2742} INFO - Sync 1 DAGs
[2025-03-24T20:20:10.442+0000] {logging_mixin.py:150} INFO - [2025-03-24T20:20:10.441+0000] {dag.py:3504} INFO - Setting next_dagrun for example_short_circuit_operator to 2025-03-23T20:20:10.441744+00:00, run_after=2025-03-24T20:20:10.441744+00:00
[2025-03-24T20:20:10.457+0000] {processor.py:179} INFO - Processing /home/vscode/.local/lib/python3.10/site-packages/airflow/example_dags/example_short_circuit_operator.py took 0.051 seconds
[2025-03-24T20:20:58.340+0000] {processor.py:157} INFO - Started process (PID=28563) to work on /home/vscode/.local/lib/python3.10/site-packages/airflow/example_dags/example_short_circuit_operator.py
[2025-03-24T20:20:58.341+0000] {processor.py:826} INFO - Processing file /home/vscode/.local/lib/python3.10/site-packages/airflow/example_dags/example_short_circuit_operator.py for tasks to queue
[2025-03-24T20:20:58.342+0000] {logging_mixin.py:150} INFO - [2025-03-24T20:20:58.341+0000] {dagbag.py:541} INFO - Filling up the DagBag from /home/vscode/.local/lib/python3.10/site-packages/airflow/example_dags/example_short_circuit_operator.py
[2025-03-24T20:20:58.348+0000] {processor.py:836} INFO - DAG(s) dict_keys(['example_short_circuit_operator']) retrieved from /home/vscode/.local/lib/python3.10/site-packages/airflow/example_dags/example_short_circuit_operator.py
[2025-03-24T20:20:58.364+0000] {logging_mixin.py:150} INFO - [2025-03-24T20:20:58.364+0000] {dag.py:2742} INFO - Sync 1 DAGs
[2025-03-24T20:20:58.381+0000] {logging_mixin.py:150} INFO - [2025-03-24T20:20:58.381+0000] {dag.py:3504} INFO - Setting next_dagrun for example_short_circuit_operator to 2025-03-23T20:20:58.381666+00:00, run_after=2025-03-24T20:20:58.381666+00:00
[2025-03-24T20:20:58.397+0000] {processor.py:179} INFO - Processing /home/vscode/.local/lib/python3.10/site-packages/airflow/example_dags/example_short_circuit_operator.py took 0.058 seconds
[2025-03-24T20:21:46.896+0000] {processor.py:157} INFO - Started process (PID=28939) to work on /home/vscode/.local/lib/python3.10/site-packages/airflow/example_dags/example_short_circuit_operator.py
[2025-03-24T20:21:46.897+0000] {processor.py:826} INFO - Processing file /home/vscode/.local/lib/python3.10/site-packages/airflow/example_dags/example_short_circuit_operator.py for tasks to queue
[2025-03-24T20:21:46.897+0000] {logging_mixin.py:150} INFO - [2025-03-24T20:21:46.897+0000] {dagbag.py:541} INFO - Filling up the DagBag from /home/vscode/.local/lib/python3.10/site-packages/airflow/example_dags/example_short_circuit_operator.py
[2025-03-24T20:21:46.903+0000] {processor.py:836} INFO - DAG(s) dict_keys(['example_short_circuit_operator']) retrieved from /home/vscode/.local/lib/python3.10/site-packages/airflow/example_dags/example_short_circuit_operator.py
[2025-03-24T20:21:46.916+0000] {logging_mixin.py:150} INFO - [2025-03-24T20:21:46.916+0000] {dag.py:2742} INFO - Sync 1 DAGs
[2025-03-24T20:21:46.930+0000] {logging_mixin.py:150} INFO - [2025-03-24T20:21:46.930+0000] {dag.py:3504} INFO - Setting next_dagrun for example_short_circuit_operator to 2025-03-23T20:21:46.929950+00:00, run_after=2025-03-24T20:21:46.929950+00:00
[2025-03-24T20:21:46.944+0000] {processor.py:179} INFO - Processing /home/vscode/.local/lib/python3.10/site-packages/airflow/example_dags/example_short_circuit_operator.py took 0.051 seconds
[2025-03-24T20:22:29.131+0000] {processor.py:157} INFO - Started process (PID=29246) to work on /home/vscode/.local/lib/python3.10/site-packages/airflow/example_dags/example_short_circuit_operator.py
[2025-03-24T20:22:29.132+0000] {processor.py:826} INFO - Processing file /home/vscode/.local/lib/python3.10/site-packages/airflow/example_dags/example_short_circuit_operator.py for tasks to queue
[2025-03-24T20:22:29.133+0000] {logging_mixin.py:150} INFO - [2025-03-24T20:22:29.133+0000] {dagbag.py:541} INFO - Filling up the DagBag from /home/vscode/.local/lib/python3.10/site-packages/airflow/example_dags/example_short_circuit_operator.py
[2025-03-24T20:22:29.141+0000] {processor.py:836} INFO - DAG(s) dict_keys(['example_short_circuit_operator']) retrieved from /home/vscode/.local/lib/python3.10/site-packages/airflow/example_dags/example_short_circuit_operator.py
[2025-03-24T20:22:29.160+0000] {logging_mixin.py:150} INFO - [2025-03-24T20:22:29.160+0000] {dag.py:2742} INFO - Sync 1 DAGs
[2025-03-24T20:22:29.174+0000] {logging_mixin.py:150} INFO - [2025-03-24T20:22:29.174+0000] {dag.py:3504} INFO - Setting next_dagrun for example_short_circuit_operator to 2025-03-23T20:22:29.174577+00:00, run_after=2025-03-24T20:22:29.174577+00:00
[2025-03-24T20:22:29.189+0000] {processor.py:179} INFO - Processing /home/vscode/.local/lib/python3.10/site-packages/airflow/example_dags/example_short_circuit_operator.py took 0.060 seconds
[2025-03-24T20:23:18.186+0000] {processor.py:157} INFO - Started process (PID=29613) to work on /home/vscode/.local/lib/python3.10/site-packages/airflow/example_dags/example_short_circuit_operator.py
[2025-03-24T20:23:18.186+0000] {processor.py:826} INFO - Processing file /home/vscode/.local/lib/python3.10/site-packages/airflow/example_dags/example_short_circuit_operator.py for tasks to queue
[2025-03-24T20:23:18.187+0000] {logging_mixin.py:150} INFO - [2025-03-24T20:23:18.187+0000] {dagbag.py:541} INFO - Filling up the DagBag from /home/vscode/.local/lib/python3.10/site-packages/airflow/example_dags/example_short_circuit_operator.py
[2025-03-24T20:23:18.193+0000] {processor.py:836} INFO - DAG(s) dict_keys(['example_short_circuit_operator']) retrieved from /home/vscode/.local/lib/python3.10/site-packages/airflow/example_dags/example_short_circuit_operator.py
[2025-03-24T20:23:18.206+0000] {logging_mixin.py:150} INFO - [2025-03-24T20:23:18.206+0000] {dag.py:2742} INFO - Sync 1 DAGs
[2025-03-24T20:23:18.220+0000] {logging_mixin.py:150} INFO - [2025-03-24T20:23:18.220+0000] {dag.py:3504} INFO - Setting next_dagrun for example_short_circuit_operator to 2025-03-23T20:23:18.219939+00:00, run_after=2025-03-24T20:23:18.219939+00:00
[2025-03-24T20:23:18.239+0000] {processor.py:179} INFO - Processing /home/vscode/.local/lib/python3.10/site-packages/airflow/example_dags/example_short_circuit_operator.py took 0.056 seconds
[2025-03-24T20:24:01.478+0000] {processor.py:157} INFO - Started process (PID=30002) to work on /home/vscode/.local/lib/python3.10/site-packages/airflow/example_dags/example_short_circuit_operator.py
[2025-03-24T20:24:01.478+0000] {processor.py:826} INFO - Processing file /home/vscode/.local/lib/python3.10/site-packages/airflow/example_dags/example_short_circuit_operator.py for tasks to queue
[2025-03-24T20:24:01.479+0000] {logging_mixin.py:150} INFO - [2025-03-24T20:24:01.479+0000] {dagbag.py:541} INFO - Filling up the DagBag from /home/vscode/.local/lib/python3.10/site-packages/airflow/example_dags/example_short_circuit_operator.py
[2025-03-24T20:24:01.485+0000] {processor.py:836} INFO - DAG(s) dict_keys(['example_short_circuit_operator']) retrieved from /home/vscode/.local/lib/python3.10/site-packages/airflow/example_dags/example_short_circuit_operator.py
[2025-03-24T20:24:01.502+0000] {logging_mixin.py:150} INFO - [2025-03-24T20:24:01.502+0000] {dag.py:2742} INFO - Sync 1 DAGs
[2025-03-24T20:24:01.524+0000] {logging_mixin.py:150} INFO - [2025-03-24T20:24:01.524+0000] {dag.py:3504} INFO - Setting next_dagrun for example_short_circuit_operator to 2025-03-23T20:24:01.524217+00:00, run_after=2025-03-24T20:24:01.524217+00:00
[2025-03-24T20:24:01.546+0000] {processor.py:179} INFO - Processing /home/vscode/.local/lib/python3.10/site-packages/airflow/example_dags/example_short_circuit_operator.py took 0.070 seconds
[2025-03-24T20:24:47.862+0000] {processor.py:157} INFO - Started process (PID=30317) to work on /home/vscode/.local/lib/python3.10/site-packages/airflow/example_dags/example_short_circuit_operator.py
[2025-03-24T20:24:47.863+0000] {processor.py:826} INFO - Processing file /home/vscode/.local/lib/python3.10/site-packages/airflow/example_dags/example_short_circuit_operator.py for tasks to queue
[2025-03-24T20:24:47.864+0000] {logging_mixin.py:150} INFO - [2025-03-24T20:24:47.863+0000] {dagbag.py:541} INFO - Filling up the DagBag from /home/vscode/.local/lib/python3.10/site-packages/airflow/example_dags/example_short_circuit_operator.py
[2025-03-24T20:24:47.871+0000] {processor.py:836} INFO - DAG(s) dict_keys(['example_short_circuit_operator']) retrieved from /home/vscode/.local/lib/python3.10/site-packages/airflow/example_dags/example_short_circuit_operator.py
[2025-03-24T20:24:47.890+0000] {logging_mixin.py:150} INFO - [2025-03-24T20:24:47.890+0000] {dag.py:2742} INFO - Sync 1 DAGs
[2025-03-24T20:24:47.911+0000] {logging_mixin.py:150} INFO - [2025-03-24T20:24:47.911+0000] {dag.py:3504} INFO - Setting next_dagrun for example_short_circuit_operator to 2025-03-23T20:24:47.911537+00:00, run_after=2025-03-24T20:24:47.911537+00:00
[2025-03-24T20:24:47.930+0000] {processor.py:179} INFO - Processing /home/vscode/.local/lib/python3.10/site-packages/airflow/example_dags/example_short_circuit_operator.py took 0.070 seconds
[2025-03-24T20:25:30.426+0000] {processor.py:157} INFO - Started process (PID=30651) to work on /home/vscode/.local/lib/python3.10/site-packages/airflow/example_dags/example_short_circuit_operator.py
[2025-03-24T20:25:30.427+0000] {processor.py:826} INFO - Processing file /home/vscode/.local/lib/python3.10/site-packages/airflow/example_dags/example_short_circuit_operator.py for tasks to queue
[2025-03-24T20:25:30.428+0000] {logging_mixin.py:150} INFO - [2025-03-24T20:25:30.428+0000] {dagbag.py:541} INFO - Filling up the DagBag from /home/vscode/.local/lib/python3.10/site-packages/airflow/example_dags/example_short_circuit_operator.py
[2025-03-24T20:25:30.437+0000] {processor.py:836} INFO - DAG(s) dict_keys(['example_short_circuit_operator']) retrieved from /home/vscode/.local/lib/python3.10/site-packages/airflow/example_dags/example_short_circuit_operator.py
[2025-03-24T20:25:30.450+0000] {logging_mixin.py:150} INFO - [2025-03-24T20:25:30.450+0000] {dag.py:2742} INFO - Sync 1 DAGs
[2025-03-24T20:25:30.465+0000] {logging_mixin.py:150} INFO - [2025-03-24T20:25:30.465+0000] {dag.py:3504} INFO - Setting next_dagrun for example_short_circuit_operator to 2025-03-23T20:25:30.465125+00:00, run_after=2025-03-24T20:25:30.465125+00:00
[2025-03-24T20:25:30.480+0000] {processor.py:179} INFO - Processing /home/vscode/.local/lib/python3.10/site-packages/airflow/example_dags/example_short_circuit_operator.py took 0.056 seconds
[2025-03-24T20:26:16.991+0000] {processor.py:157} INFO - Started process (PID=31004) to work on /home/vscode/.local/lib/python3.10/site-packages/airflow/example_dags/example_short_circuit_operator.py
[2025-03-24T20:26:16.991+0000] {processor.py:826} INFO - Processing file /home/vscode/.local/lib/python3.10/site-packages/airflow/example_dags/example_short_circuit_operator.py for tasks to queue
[2025-03-24T20:26:16.992+0000] {logging_mixin.py:150} INFO - [2025-03-24T20:26:16.992+0000] {dagbag.py:541} INFO - Filling up the DagBag from /home/vscode/.local/lib/python3.10/site-packages/airflow/example_dags/example_short_circuit_operator.py
[2025-03-24T20:26:16.998+0000] {processor.py:836} INFO - DAG(s) dict_keys(['example_short_circuit_operator']) retrieved from /home/vscode/.local/lib/python3.10/site-packages/airflow/example_dags/example_short_circuit_operator.py
[2025-03-24T20:26:17.010+0000] {logging_mixin.py:150} INFO - [2025-03-24T20:26:17.010+0000] {dag.py:2742} INFO - Sync 1 DAGs
[2025-03-24T20:26:17.025+0000] {logging_mixin.py:150} INFO - [2025-03-24T20:26:17.025+0000] {dag.py:3504} INFO - Setting next_dagrun for example_short_circuit_operator to 2025-03-23T20:26:17.024787+00:00, run_after=2025-03-24T20:26:17.024787+00:00
[2025-03-24T20:26:17.040+0000] {processor.py:179} INFO - Processing /home/vscode/.local/lib/python3.10/site-packages/airflow/example_dags/example_short_circuit_operator.py took 0.052 seconds
[2025-03-24T20:27:01.637+0000] {processor.py:157} INFO - Started process (PID=31412) to work on /home/vscode/.local/lib/python3.10/site-packages/airflow/example_dags/example_short_circuit_operator.py
[2025-03-24T20:27:01.637+0000] {processor.py:826} INFO - Processing file /home/vscode/.local/lib/python3.10/site-packages/airflow/example_dags/example_short_circuit_operator.py for tasks to queue
[2025-03-24T20:27:01.638+0000] {logging_mixin.py:150} INFO - [2025-03-24T20:27:01.638+0000] {dagbag.py:541} INFO - Filling up the DagBag from /home/vscode/.local/lib/python3.10/site-packages/airflow/example_dags/example_short_circuit_operator.py
[2025-03-24T20:27:01.644+0000] {processor.py:836} INFO - DAG(s) dict_keys(['example_short_circuit_operator']) retrieved from /home/vscode/.local/lib/python3.10/site-packages/airflow/example_dags/example_short_circuit_operator.py
[2025-03-24T20:27:01.657+0000] {logging_mixin.py:150} INFO - [2025-03-24T20:27:01.657+0000] {dag.py:2742} INFO - Sync 1 DAGs
[2025-03-24T20:27:01.671+0000] {logging_mixin.py:150} INFO - [2025-03-24T20:27:01.671+0000] {dag.py:3504} INFO - Setting next_dagrun for example_short_circuit_operator to 2025-03-23T20:27:01.671222+00:00, run_after=2025-03-24T20:27:01.671222+00:00
[2025-03-24T20:27:01.686+0000] {processor.py:179} INFO - Processing /home/vscode/.local/lib/python3.10/site-packages/airflow/example_dags/example_short_circuit_operator.py took 0.051 seconds
[2025-03-24T20:27:45.334+0000] {processor.py:157} INFO - Started process (PID=31808) to work on /home/vscode/.local/lib/python3.10/site-packages/airflow/example_dags/example_short_circuit_operator.py
[2025-03-24T20:27:45.335+0000] {processor.py:826} INFO - Processing file /home/vscode/.local/lib/python3.10/site-packages/airflow/example_dags/example_short_circuit_operator.py for tasks to queue
[2025-03-24T20:27:45.335+0000] {logging_mixin.py:150} INFO - [2025-03-24T20:27:45.335+0000] {dagbag.py:541} INFO - Filling up the DagBag from /home/vscode/.local/lib/python3.10/site-packages/airflow/example_dags/example_short_circuit_operator.py
[2025-03-24T20:27:45.341+0000] {processor.py:836} INFO - DAG(s) dict_keys(['example_short_circuit_operator']) retrieved from /home/vscode/.local/lib/python3.10/site-packages/airflow/example_dags/example_short_circuit_operator.py
[2025-03-24T20:27:45.354+0000] {logging_mixin.py:150} INFO - [2025-03-24T20:27:45.354+0000] {dag.py:2742} INFO - Sync 1 DAGs
[2025-03-24T20:27:45.368+0000] {logging_mixin.py:150} INFO - [2025-03-24T20:27:45.368+0000] {dag.py:3504} INFO - Setting next_dagrun for example_short_circuit_operator to 2025-03-23T20:27:45.367852+00:00, run_after=2025-03-24T20:27:45.367852+00:00
[2025-03-24T20:27:45.383+0000] {processor.py:179} INFO - Processing /home/vscode/.local/lib/python3.10/site-packages/airflow/example_dags/example_short_circuit_operator.py took 0.051 seconds
[2025-03-24T20:28:30.430+0000] {processor.py:157} INFO - Started process (PID=32114) to work on /home/vscode/.local/lib/python3.10/site-packages/airflow/example_dags/example_short_circuit_operator.py
[2025-03-24T20:28:30.431+0000] {processor.py:826} INFO - Processing file /home/vscode/.local/lib/python3.10/site-packages/airflow/example_dags/example_short_circuit_operator.py for tasks to queue
[2025-03-24T20:28:30.431+0000] {logging_mixin.py:150} INFO - [2025-03-24T20:28:30.431+0000] {dagbag.py:541} INFO - Filling up the DagBag from /home/vscode/.local/lib/python3.10/site-packages/airflow/example_dags/example_short_circuit_operator.py
[2025-03-24T20:28:30.437+0000] {processor.py:836} INFO - DAG(s) dict_keys(['example_short_circuit_operator']) retrieved from /home/vscode/.local/lib/python3.10/site-packages/airflow/example_dags/example_short_circuit_operator.py
[2025-03-24T20:28:30.450+0000] {logging_mixin.py:150} INFO - [2025-03-24T20:28:30.450+0000] {dag.py:2742} INFO - Sync 1 DAGs
[2025-03-24T20:28:30.464+0000] {logging_mixin.py:150} INFO - [2025-03-24T20:28:30.463+0000] {dag.py:3504} INFO - Setting next_dagrun for example_short_circuit_operator to 2025-03-23T20:28:30.463806+00:00, run_after=2025-03-24T20:28:30.463806+00:00
[2025-03-24T20:28:30.478+0000] {processor.py:179} INFO - Processing /home/vscode/.local/lib/python3.10/site-packages/airflow/example_dags/example_short_circuit_operator.py took 0.050 seconds
[2025-03-24T20:29:13.493+0000] {processor.py:157} INFO - Started process (PID=32432) to work on /home/vscode/.local/lib/python3.10/site-packages/airflow/example_dags/example_short_circuit_operator.py
[2025-03-24T20:29:13.494+0000] {processor.py:826} INFO - Processing file /home/vscode/.local/lib/python3.10/site-packages/airflow/example_dags/example_short_circuit_operator.py for tasks to queue
[2025-03-24T20:29:13.494+0000] {logging_mixin.py:150} INFO - [2025-03-24T20:29:13.494+0000] {dagbag.py:541} INFO - Filling up the DagBag from /home/vscode/.local/lib/python3.10/site-packages/airflow/example_dags/example_short_circuit_operator.py
[2025-03-24T20:29:13.500+0000] {processor.py:836} INFO - DAG(s) dict_keys(['example_short_circuit_operator']) retrieved from /home/vscode/.local/lib/python3.10/site-packages/airflow/example_dags/example_short_circuit_operator.py
[2025-03-24T20:29:13.513+0000] {logging_mixin.py:150} INFO - [2025-03-24T20:29:13.513+0000] {dag.py:2742} INFO - Sync 1 DAGs
[2025-03-24T20:29:13.527+0000] {logging_mixin.py:150} INFO - [2025-03-24T20:29:13.527+0000] {dag.py:3504} INFO - Setting next_dagrun for example_short_circuit_operator to 2025-03-23T20:29:13.527456+00:00, run_after=2025-03-24T20:29:13.527456+00:00
[2025-03-24T20:29:13.543+0000] {processor.py:179} INFO - Processing /home/vscode/.local/lib/python3.10/site-packages/airflow/example_dags/example_short_circuit_operator.py took 0.052 seconds
[2025-03-24T20:29:58.895+0000] {processor.py:157} INFO - Started process (PID=32742) to work on /home/vscode/.local/lib/python3.10/site-packages/airflow/example_dags/example_short_circuit_operator.py
[2025-03-24T20:29:58.896+0000] {processor.py:826} INFO - Processing file /home/vscode/.local/lib/python3.10/site-packages/airflow/example_dags/example_short_circuit_operator.py for tasks to queue
[2025-03-24T20:29:58.896+0000] {logging_mixin.py:150} INFO - [2025-03-24T20:29:58.896+0000] {dagbag.py:541} INFO - Filling up the DagBag from /home/vscode/.local/lib/python3.10/site-packages/airflow/example_dags/example_short_circuit_operator.py
[2025-03-24T20:29:58.902+0000] {processor.py:836} INFO - DAG(s) dict_keys(['example_short_circuit_operator']) retrieved from /home/vscode/.local/lib/python3.10/site-packages/airflow/example_dags/example_short_circuit_operator.py
[2025-03-24T20:29:58.915+0000] {logging_mixin.py:150} INFO - [2025-03-24T20:29:58.915+0000] {dag.py:2742} INFO - Sync 1 DAGs
[2025-03-24T20:29:58.930+0000] {logging_mixin.py:150} INFO - [2025-03-24T20:29:58.929+0000] {dag.py:3504} INFO - Setting next_dagrun for example_short_circuit_operator to 2025-03-23T20:29:58.929786+00:00, run_after=2025-03-24T20:29:58.929786+00:00
[2025-03-24T20:29:58.945+0000] {processor.py:179} INFO - Processing /home/vscode/.local/lib/python3.10/site-packages/airflow/example_dags/example_short_circuit_operator.py took 0.052 seconds
[2025-03-24T20:30:40.019+0000] {processor.py:157} INFO - Started process (PID=33029) to work on /home/vscode/.local/lib/python3.10/site-packages/airflow/example_dags/example_short_circuit_operator.py
[2025-03-24T20:30:40.020+0000] {processor.py:826} INFO - Processing file /home/vscode/.local/lib/python3.10/site-packages/airflow/example_dags/example_short_circuit_operator.py for tasks to queue
[2025-03-24T20:30:40.020+0000] {logging_mixin.py:150} INFO - [2025-03-24T20:30:40.020+0000] {dagbag.py:541} INFO - Filling up the DagBag from /home/vscode/.local/lib/python3.10/site-packages/airflow/example_dags/example_short_circuit_operator.py
[2025-03-24T20:30:40.026+0000] {processor.py:836} INFO - DAG(s) dict_keys(['example_short_circuit_operator']) retrieved from /home/vscode/.local/lib/python3.10/site-packages/airflow/example_dags/example_short_circuit_operator.py
[2025-03-24T20:30:40.039+0000] {logging_mixin.py:150} INFO - [2025-03-24T20:30:40.039+0000] {dag.py:2742} INFO - Sync 1 DAGs
[2025-03-24T20:30:40.053+0000] {logging_mixin.py:150} INFO - [2025-03-24T20:30:40.053+0000] {dag.py:3504} INFO - Setting next_dagrun for example_short_circuit_operator to 2025-03-23T20:30:40.053395+00:00, run_after=2025-03-24T20:30:40.053395+00:00
[2025-03-24T20:30:40.068+0000] {processor.py:179} INFO - Processing /home/vscode/.local/lib/python3.10/site-packages/airflow/example_dags/example_short_circuit_operator.py took 0.051 seconds
[2025-03-24T20:31:24.345+0000] {processor.py:157} INFO - Started process (PID=33322) to work on /home/vscode/.local/lib/python3.10/site-packages/airflow/example_dags/example_short_circuit_operator.py
[2025-03-24T20:31:24.346+0000] {processor.py:826} INFO - Processing file /home/vscode/.local/lib/python3.10/site-packages/airflow/example_dags/example_short_circuit_operator.py for tasks to queue
[2025-03-24T20:31:24.347+0000] {logging_mixin.py:150} INFO - [2025-03-24T20:31:24.346+0000] {dagbag.py:541} INFO - Filling up the DagBag from /home/vscode/.local/lib/python3.10/site-packages/airflow/example_dags/example_short_circuit_operator.py
[2025-03-24T20:31:24.353+0000] {processor.py:836} INFO - DAG(s) dict_keys(['example_short_circuit_operator']) retrieved from /home/vscode/.local/lib/python3.10/site-packages/airflow/example_dags/example_short_circuit_operator.py
[2025-03-24T20:31:24.366+0000] {logging_mixin.py:150} INFO - [2025-03-24T20:31:24.366+0000] {dag.py:2742} INFO - Sync 1 DAGs
[2025-03-24T20:31:24.380+0000] {logging_mixin.py:150} INFO - [2025-03-24T20:31:24.380+0000] {dag.py:3504} INFO - Setting next_dagrun for example_short_circuit_operator to 2025-03-23T20:31:24.380690+00:00, run_after=2025-03-24T20:31:24.380690+00:00
[2025-03-24T20:31:24.396+0000] {processor.py:179} INFO - Processing /home/vscode/.local/lib/python3.10/site-packages/airflow/example_dags/example_short_circuit_operator.py took 0.053 seconds
[2025-03-24T20:32:05.565+0000] {processor.py:157} INFO - Started process (PID=33598) to work on /home/vscode/.local/lib/python3.10/site-packages/airflow/example_dags/example_short_circuit_operator.py
[2025-03-24T20:32:05.565+0000] {processor.py:826} INFO - Processing file /home/vscode/.local/lib/python3.10/site-packages/airflow/example_dags/example_short_circuit_operator.py for tasks to queue
[2025-03-24T20:32:05.566+0000] {logging_mixin.py:150} INFO - [2025-03-24T20:32:05.566+0000] {dagbag.py:541} INFO - Filling up the DagBag from /home/vscode/.local/lib/python3.10/site-packages/airflow/example_dags/example_short_circuit_operator.py
[2025-03-24T20:32:05.572+0000] {processor.py:836} INFO - DAG(s) dict_keys(['example_short_circuit_operator']) retrieved from /home/vscode/.local/lib/python3.10/site-packages/airflow/example_dags/example_short_circuit_operator.py
[2025-03-24T20:32:05.585+0000] {logging_mixin.py:150} INFO - [2025-03-24T20:32:05.585+0000] {dag.py:2742} INFO - Sync 1 DAGs
[2025-03-24T20:32:05.599+0000] {logging_mixin.py:150} INFO - [2025-03-24T20:32:05.599+0000] {dag.py:3504} INFO - Setting next_dagrun for example_short_circuit_operator to 2025-03-23T20:32:05.599577+00:00, run_after=2025-03-24T20:32:05.599577+00:00
[2025-03-24T20:32:05.615+0000] {processor.py:179} INFO - Processing /home/vscode/.local/lib/python3.10/site-packages/airflow/example_dags/example_short_circuit_operator.py took 0.052 seconds
[2025-03-24T20:32:49.581+0000] {processor.py:157} INFO - Started process (PID=33897) to work on /home/vscode/.local/lib/python3.10/site-packages/airflow/example_dags/example_short_circuit_operator.py
[2025-03-24T20:32:49.582+0000] {processor.py:826} INFO - Processing file /home/vscode/.local/lib/python3.10/site-packages/airflow/example_dags/example_short_circuit_operator.py for tasks to queue
[2025-03-24T20:32:49.583+0000] {logging_mixin.py:150} INFO - [2025-03-24T20:32:49.582+0000] {dagbag.py:541} INFO - Filling up the DagBag from /home/vscode/.local/lib/python3.10/site-packages/airflow/example_dags/example_short_circuit_operator.py
[2025-03-24T20:32:49.589+0000] {processor.py:836} INFO - DAG(s) dict_keys(['example_short_circuit_operator']) retrieved from /home/vscode/.local/lib/python3.10/site-packages/airflow/example_dags/example_short_circuit_operator.py
[2025-03-24T20:32:49.602+0000] {logging_mixin.py:150} INFO - [2025-03-24T20:32:49.602+0000] {dag.py:2742} INFO - Sync 1 DAGs
[2025-03-24T20:32:49.617+0000] {logging_mixin.py:150} INFO - [2025-03-24T20:32:49.617+0000] {dag.py:3504} INFO - Setting next_dagrun for example_short_circuit_operator to 2025-03-23T20:32:49.616893+00:00, run_after=2025-03-24T20:32:49.616893+00:00
[2025-03-24T20:32:49.632+0000] {processor.py:179} INFO - Processing /home/vscode/.local/lib/python3.10/site-packages/airflow/example_dags/example_short_circuit_operator.py took 0.053 seconds
[2025-03-24T20:33:38.351+0000] {processor.py:157} INFO - Started process (PID=34321) to work on /home/vscode/.local/lib/python3.10/site-packages/airflow/example_dags/example_short_circuit_operator.py
[2025-03-24T20:33:38.351+0000] {processor.py:826} INFO - Processing file /home/vscode/.local/lib/python3.10/site-packages/airflow/example_dags/example_short_circuit_operator.py for tasks to queue
[2025-03-24T20:33:38.352+0000] {logging_mixin.py:150} INFO - [2025-03-24T20:33:38.352+0000] {dagbag.py:541} INFO - Filling up the DagBag from /home/vscode/.local/lib/python3.10/site-packages/airflow/example_dags/example_short_circuit_operator.py
[2025-03-24T20:33:38.358+0000] {processor.py:836} INFO - DAG(s) dict_keys(['example_short_circuit_operator']) retrieved from /home/vscode/.local/lib/python3.10/site-packages/airflow/example_dags/example_short_circuit_operator.py
[2025-03-24T20:33:38.375+0000] {logging_mixin.py:150} INFO - [2025-03-24T20:33:38.375+0000] {dag.py:2742} INFO - Sync 1 DAGs
[2025-03-24T20:33:38.397+0000] {logging_mixin.py:150} INFO - [2025-03-24T20:33:38.397+0000] {dag.py:3504} INFO - Setting next_dagrun for example_short_circuit_operator to 2025-03-23T20:33:38.396997+00:00, run_after=2025-03-24T20:33:38.396997+00:00
[2025-03-24T20:33:38.419+0000] {processor.py:179} INFO - Processing /home/vscode/.local/lib/python3.10/site-packages/airflow/example_dags/example_short_circuit_operator.py took 0.070 seconds
[2025-03-24T20:34:25.201+0000] {processor.py:157} INFO - Started process (PID=34625) to work on /home/vscode/.local/lib/python3.10/site-packages/airflow/example_dags/example_short_circuit_operator.py
[2025-03-24T20:34:25.202+0000] {processor.py:826} INFO - Processing file /home/vscode/.local/lib/python3.10/site-packages/airflow/example_dags/example_short_circuit_operator.py for tasks to queue
[2025-03-24T20:34:25.202+0000] {logging_mixin.py:150} INFO - [2025-03-24T20:34:25.202+0000] {dagbag.py:541} INFO - Filling up the DagBag from /home/vscode/.local/lib/python3.10/site-packages/airflow/example_dags/example_short_circuit_operator.py
[2025-03-24T20:34:25.208+0000] {processor.py:836} INFO - DAG(s) dict_keys(['example_short_circuit_operator']) retrieved from /home/vscode/.local/lib/python3.10/site-packages/airflow/example_dags/example_short_circuit_operator.py
[2025-03-24T20:34:25.221+0000] {logging_mixin.py:150} INFO - [2025-03-24T20:34:25.221+0000] {dag.py:2742} INFO - Sync 1 DAGs
[2025-03-24T20:34:25.235+0000] {logging_mixin.py:150} INFO - [2025-03-24T20:34:25.235+0000] {dag.py:3504} INFO - Setting next_dagrun for example_short_circuit_operator to 2025-03-23T20:34:25.235291+00:00, run_after=2025-03-24T20:34:25.235291+00:00
[2025-03-24T20:34:25.250+0000] {processor.py:179} INFO - Processing /home/vscode/.local/lib/python3.10/site-packages/airflow/example_dags/example_short_circuit_operator.py took 0.051 seconds
[2025-03-24T20:35:09.354+0000] {processor.py:157} INFO - Started process (PID=34924) to work on /home/vscode/.local/lib/python3.10/site-packages/airflow/example_dags/example_short_circuit_operator.py
[2025-03-24T20:35:09.355+0000] {processor.py:826} INFO - Processing file /home/vscode/.local/lib/python3.10/site-packages/airflow/example_dags/example_short_circuit_operator.py for tasks to queue
[2025-03-24T20:35:09.355+0000] {logging_mixin.py:150} INFO - [2025-03-24T20:35:09.355+0000] {dagbag.py:541} INFO - Filling up the DagBag from /home/vscode/.local/lib/python3.10/site-packages/airflow/example_dags/example_short_circuit_operator.py
[2025-03-24T20:35:09.363+0000] {processor.py:836} INFO - DAG(s) dict_keys(['example_short_circuit_operator']) retrieved from /home/vscode/.local/lib/python3.10/site-packages/airflow/example_dags/example_short_circuit_operator.py
[2025-03-24T20:35:09.378+0000] {logging_mixin.py:150} INFO - [2025-03-24T20:35:09.378+0000] {dag.py:2742} INFO - Sync 1 DAGs
[2025-03-24T20:35:09.392+0000] {logging_mixin.py:150} INFO - [2025-03-24T20:35:09.392+0000] {dag.py:3504} INFO - Setting next_dagrun for example_short_circuit_operator to 2025-03-23T20:35:09.392221+00:00, run_after=2025-03-24T20:35:09.392221+00:00
[2025-03-24T20:35:09.408+0000] {processor.py:179} INFO - Processing /home/vscode/.local/lib/python3.10/site-packages/airflow/example_dags/example_short_circuit_operator.py took 0.056 seconds
[2025-03-24T20:35:53.560+0000] {processor.py:157} INFO - Started process (PID=35229) to work on /home/vscode/.local/lib/python3.10/site-packages/airflow/example_dags/example_short_circuit_operator.py
[2025-03-24T20:35:53.560+0000] {processor.py:826} INFO - Processing file /home/vscode/.local/lib/python3.10/site-packages/airflow/example_dags/example_short_circuit_operator.py for tasks to queue
[2025-03-24T20:35:53.561+0000] {logging_mixin.py:150} INFO - [2025-03-24T20:35:53.561+0000] {dagbag.py:541} INFO - Filling up the DagBag from /home/vscode/.local/lib/python3.10/site-packages/airflow/example_dags/example_short_circuit_operator.py
[2025-03-24T20:35:53.567+0000] {processor.py:836} INFO - DAG(s) dict_keys(['example_short_circuit_operator']) retrieved from /home/vscode/.local/lib/python3.10/site-packages/airflow/example_dags/example_short_circuit_operator.py
[2025-03-24T20:35:53.579+0000] {logging_mixin.py:150} INFO - [2025-03-24T20:35:53.579+0000] {dag.py:2742} INFO - Sync 1 DAGs
[2025-03-24T20:35:53.593+0000] {logging_mixin.py:150} INFO - [2025-03-24T20:35:53.593+0000] {dag.py:3504} INFO - Setting next_dagrun for example_short_circuit_operator to 2025-03-23T20:35:53.593555+00:00, run_after=2025-03-24T20:35:53.593555+00:00
[2025-03-24T20:35:53.608+0000] {processor.py:179} INFO - Processing /home/vscode/.local/lib/python3.10/site-packages/airflow/example_dags/example_short_circuit_operator.py took 0.051 seconds
[2025-03-24T20:36:38.093+0000] {processor.py:157} INFO - Started process (PID=35541) to work on /home/vscode/.local/lib/python3.10/site-packages/airflow/example_dags/example_short_circuit_operator.py
[2025-03-24T20:36:38.094+0000] {processor.py:826} INFO - Processing file /home/vscode/.local/lib/python3.10/site-packages/airflow/example_dags/example_short_circuit_operator.py for tasks to queue
[2025-03-24T20:36:38.095+0000] {logging_mixin.py:150} INFO - [2025-03-24T20:36:38.094+0000] {dagbag.py:541} INFO - Filling up the DagBag from /home/vscode/.local/lib/python3.10/site-packages/airflow/example_dags/example_short_circuit_operator.py
[2025-03-24T20:36:38.103+0000] {processor.py:836} INFO - DAG(s) dict_keys(['example_short_circuit_operator']) retrieved from /home/vscode/.local/lib/python3.10/site-packages/airflow/example_dags/example_short_circuit_operator.py
[2025-03-24T20:36:38.120+0000] {logging_mixin.py:150} INFO - [2025-03-24T20:36:38.120+0000] {dag.py:2742} INFO - Sync 1 DAGs
[2025-03-24T20:36:38.139+0000] {logging_mixin.py:150} INFO - [2025-03-24T20:36:38.139+0000] {dag.py:3504} INFO - Setting next_dagrun for example_short_circuit_operator to 2025-03-23T20:36:38.139305+00:00, run_after=2025-03-24T20:36:38.139305+00:00
[2025-03-24T20:36:38.156+0000] {processor.py:179} INFO - Processing /home/vscode/.local/lib/python3.10/site-packages/airflow/example_dags/example_short_circuit_operator.py took 0.066 seconds
[2025-03-24T20:37:22.865+0000] {processor.py:157} INFO - Started process (PID=35871) to work on /home/vscode/.local/lib/python3.10/site-packages/airflow/example_dags/example_short_circuit_operator.py
[2025-03-24T20:37:22.865+0000] {processor.py:826} INFO - Processing file /home/vscode/.local/lib/python3.10/site-packages/airflow/example_dags/example_short_circuit_operator.py for tasks to queue
[2025-03-24T20:37:22.866+0000] {logging_mixin.py:150} INFO - [2025-03-24T20:37:22.866+0000] {dagbag.py:541} INFO - Filling up the DagBag from /home/vscode/.local/lib/python3.10/site-packages/airflow/example_dags/example_short_circuit_operator.py
[2025-03-24T20:37:22.872+0000] {processor.py:836} INFO - DAG(s) dict_keys(['example_short_circuit_operator']) retrieved from /home/vscode/.local/lib/python3.10/site-packages/airflow/example_dags/example_short_circuit_operator.py
[2025-03-24T20:37:22.885+0000] {logging_mixin.py:150} INFO - [2025-03-24T20:37:22.885+0000] {dag.py:2742} INFO - Sync 1 DAGs
[2025-03-24T20:37:22.900+0000] {logging_mixin.py:150} INFO - [2025-03-24T20:37:22.899+0000] {dag.py:3504} INFO - Setting next_dagrun for example_short_circuit_operator to 2025-03-23T20:37:22.899811+00:00, run_after=2025-03-24T20:37:22.899811+00:00
[2025-03-24T20:37:22.914+0000] {processor.py:179} INFO - Processing /home/vscode/.local/lib/python3.10/site-packages/airflow/example_dags/example_short_circuit_operator.py took 0.052 seconds
