[2025-03-24T20:12:54.109+0000] {processor.py:157} INFO - Started process (PID=25227) to work on /home/vscode/.local/lib/python3.10/site-packages/airflow/example_dags/example_params_trigger_ui.py
[2025-03-24T20:12:54.110+0000] {processor.py:826} INFO - Processing file /home/vscode/.local/lib/python3.10/site-packages/airflow/example_dags/example_params_trigger_ui.py for tasks to queue
[2025-03-24T20:12:54.110+0000] {logging_mixin.py:150} INFO - [2025-03-24T20:12:54.110+0000] {dagbag.py:541} INFO - Filling up the DagBag from /home/vscode/.local/lib/python3.10/site-packages/airflow/example_dags/example_params_trigger_ui.py
[2025-03-24T20:12:54.122+0000] {processor.py:836} INFO - DAG(s) dict_keys(['example_params_trigger_ui']) retrieved from /home/vscode/.local/lib/python3.10/site-packages/airflow/example_dags/example_params_trigger_ui.py
[2025-03-24T20:12:54.216+0000] {logging_mixin.py:150} INFO - [2025-03-24T20:12:54.216+0000] {manager.py:504} INFO - Created Permission View: can delete on DAG:example_params_trigger_ui
[2025-03-24T20:12:54.224+0000] {logging_mixin.py:150} INFO - [2025-03-24T20:12:54.224+0000] {manager.py:504} INFO - Created Permission View: can edit on DAG:example_params_trigger_ui
[2025-03-24T20:12:54.230+0000] {logging_mixin.py:150} INFO - [2025-03-24T20:12:54.230+0000] {manager.py:504} INFO - Created Permission View: can read on DAG:example_params_trigger_ui
[2025-03-24T20:12:54.238+0000] {logging_mixin.py:150} INFO - [2025-03-24T20:12:54.238+0000] {dag.py:2742} INFO - Sync 1 DAGs
[2025-03-24T20:12:54.244+0000] {logging_mixin.py:150} INFO - [2025-03-24T20:12:54.244+0000] {dag.py:2763} INFO - Creating ORM DAG for example_params_trigger_ui
[2025-03-24T20:12:54.251+0000] {logging_mixin.py:150} INFO - [2025-03-24T20:12:54.251+0000] {dag.py:3504} INFO - Setting next_dagrun for example_params_trigger_ui to None, run_after=None
[2025-03-24T20:12:54.267+0000] {processor.py:179} INFO - Processing /home/vscode/.local/lib/python3.10/site-packages/airflow/example_dags/example_params_trigger_ui.py took 0.160 seconds
[2025-03-24T20:13:40.230+0000] {processor.py:157} INFO - Started process (PID=25557) to work on /home/vscode/.local/lib/python3.10/site-packages/airflow/example_dags/example_params_trigger_ui.py
[2025-03-24T20:13:40.230+0000] {processor.py:826} INFO - Processing file /home/vscode/.local/lib/python3.10/site-packages/airflow/example_dags/example_params_trigger_ui.py for tasks to queue
[2025-03-24T20:13:40.231+0000] {logging_mixin.py:150} INFO - [2025-03-24T20:13:40.231+0000] {dagbag.py:541} INFO - Filling up the DagBag from /home/vscode/.local/lib/python3.10/site-packages/airflow/example_dags/example_params_trigger_ui.py
[2025-03-24T20:13:40.243+0000] {processor.py:836} INFO - DAG(s) dict_keys(['example_params_trigger_ui']) retrieved from /home/vscode/.local/lib/python3.10/site-packages/airflow/example_dags/example_params_trigger_ui.py
[2025-03-24T20:13:40.275+0000] {logging_mixin.py:150} INFO - [2025-03-24T20:13:40.275+0000] {dag.py:2742} INFO - Sync 1 DAGs
[2025-03-24T20:13:40.289+0000] {logging_mixin.py:150} INFO - [2025-03-24T20:13:40.289+0000] {dag.py:3504} INFO - Setting next_dagrun for example_params_trigger_ui to None, run_after=None
[2025-03-24T20:13:40.305+0000] {processor.py:179} INFO - Processing /home/vscode/.local/lib/python3.10/site-packages/airflow/example_dags/example_params_trigger_ui.py took 0.078 seconds
[2025-03-24T20:14:22.886+0000] {processor.py:157} INFO - Started process (PID=25844) to work on /home/vscode/.local/lib/python3.10/site-packages/airflow/example_dags/example_params_trigger_ui.py
[2025-03-24T20:14:22.886+0000] {processor.py:826} INFO - Processing file /home/vscode/.local/lib/python3.10/site-packages/airflow/example_dags/example_params_trigger_ui.py for tasks to queue
[2025-03-24T20:14:22.887+0000] {logging_mixin.py:150} INFO - [2025-03-24T20:14:22.887+0000] {dagbag.py:541} INFO - Filling up the DagBag from /home/vscode/.local/lib/python3.10/site-packages/airflow/example_dags/example_params_trigger_ui.py
[2025-03-24T20:14:22.899+0000] {processor.py:836} INFO - DAG(s) dict_keys(['example_params_trigger_ui']) retrieved from /home/vscode/.local/lib/python3.10/site-packages/airflow/example_dags/example_params_trigger_ui.py
[2025-03-24T20:14:22.929+0000] {logging_mixin.py:150} INFO - [2025-03-24T20:14:22.929+0000] {dag.py:2742} INFO - Sync 1 DAGs
[2025-03-24T20:14:22.943+0000] {logging_mixin.py:150} INFO - [2025-03-24T20:14:22.943+0000] {dag.py:3504} INFO - Setting next_dagrun for example_params_trigger_ui to None, run_after=None
[2025-03-24T20:14:22.958+0000] {processor.py:179} INFO - Processing /home/vscode/.local/lib/python3.10/site-packages/airflow/example_dags/example_params_trigger_ui.py took 0.075 seconds
[2025-03-24T20:15:09.271+0000] {processor.py:157} INFO - Started process (PID=26173) to work on /home/vscode/.local/lib/python3.10/site-packages/airflow/example_dags/example_params_trigger_ui.py
[2025-03-24T20:15:09.271+0000] {processor.py:826} INFO - Processing file /home/vscode/.local/lib/python3.10/site-packages/airflow/example_dags/example_params_trigger_ui.py for tasks to queue
[2025-03-24T20:15:09.272+0000] {logging_mixin.py:150} INFO - [2025-03-24T20:15:09.272+0000] {dagbag.py:541} INFO - Filling up the DagBag from /home/vscode/.local/lib/python3.10/site-packages/airflow/example_dags/example_params_trigger_ui.py
[2025-03-24T20:15:09.284+0000] {processor.py:836} INFO - DAG(s) dict_keys(['example_params_trigger_ui']) retrieved from /home/vscode/.local/lib/python3.10/site-packages/airflow/example_dags/example_params_trigger_ui.py
[2025-03-24T20:15:09.314+0000] {logging_mixin.py:150} INFO - [2025-03-24T20:15:09.314+0000] {dag.py:2742} INFO - Sync 1 DAGs
[2025-03-24T20:15:09.327+0000] {logging_mixin.py:150} INFO - [2025-03-24T20:15:09.327+0000] {dag.py:3504} INFO - Setting next_dagrun for example_params_trigger_ui to None, run_after=None
[2025-03-24T20:15:09.341+0000] {processor.py:179} INFO - Processing /home/vscode/.local/lib/python3.10/site-packages/airflow/example_dags/example_params_trigger_ui.py took 0.073 seconds
[2025-03-24T20:16:00.039+0000] {processor.py:157} INFO - Started process (PID=26513) to work on /home/vscode/.local/lib/python3.10/site-packages/airflow/example_dags/example_params_trigger_ui.py
[2025-03-24T20:16:00.040+0000] {processor.py:826} INFO - Processing file /home/vscode/.local/lib/python3.10/site-packages/airflow/example_dags/example_params_trigger_ui.py for tasks to queue
[2025-03-24T20:16:00.040+0000] {logging_mixin.py:150} INFO - [2025-03-24T20:16:00.040+0000] {dagbag.py:541} INFO - Filling up the DagBag from /home/vscode/.local/lib/python3.10/site-packages/airflow/example_dags/example_params_trigger_ui.py
[2025-03-24T20:16:00.052+0000] {processor.py:836} INFO - DAG(s) dict_keys(['example_params_trigger_ui']) retrieved from /home/vscode/.local/lib/python3.10/site-packages/airflow/example_dags/example_params_trigger_ui.py
[2025-03-24T20:16:00.084+0000] {logging_mixin.py:150} INFO - [2025-03-24T20:16:00.083+0000] {dag.py:2742} INFO - Sync 1 DAGs
[2025-03-24T20:16:00.097+0000] {logging_mixin.py:150} INFO - [2025-03-24T20:16:00.097+0000] {dag.py:3504} INFO - Setting next_dagrun for example_params_trigger_ui to None, run_after=None
[2025-03-24T20:16:00.112+0000] {processor.py:179} INFO - Processing /home/vscode/.local/lib/python3.10/site-packages/airflow/example_dags/example_params_trigger_ui.py took 0.075 seconds
[2025-03-24T20:16:44.832+0000] {processor.py:157} INFO - Started process (PID=26807) to work on /home/vscode/.local/lib/python3.10/site-packages/airflow/example_dags/example_params_trigger_ui.py
[2025-03-24T20:16:44.833+0000] {processor.py:826} INFO - Processing file /home/vscode/.local/lib/python3.10/site-packages/airflow/example_dags/example_params_trigger_ui.py for tasks to queue
[2025-03-24T20:16:44.833+0000] {logging_mixin.py:150} INFO - [2025-03-24T20:16:44.833+0000] {dagbag.py:541} INFO - Filling up the DagBag from /home/vscode/.local/lib/python3.10/site-packages/airflow/example_dags/example_params_trigger_ui.py
[2025-03-24T20:16:44.845+0000] {processor.py:836} INFO - DAG(s) dict_keys(['example_params_trigger_ui']) retrieved from /home/vscode/.local/lib/python3.10/site-packages/airflow/example_dags/example_params_trigger_ui.py
[2025-03-24T20:16:44.877+0000] {logging_mixin.py:150} INFO - [2025-03-24T20:16:44.877+0000] {dag.py:2742} INFO - Sync 1 DAGs
[2025-03-24T20:16:44.891+0000] {logging_mixin.py:150} INFO - [2025-03-24T20:16:44.891+0000] {dag.py:3504} INFO - Setting next_dagrun for example_params_trigger_ui to None, run_after=None
[2025-03-24T20:16:44.905+0000] {processor.py:179} INFO - Processing /home/vscode/.local/lib/python3.10/site-packages/airflow/example_dags/example_params_trigger_ui.py took 0.075 seconds
[2025-03-24T20:17:32.327+0000] {processor.py:157} INFO - Started process (PID=27125) to work on /home/vscode/.local/lib/python3.10/site-packages/airflow/example_dags/example_params_trigger_ui.py
[2025-03-24T20:17:32.328+0000] {processor.py:826} INFO - Processing file /home/vscode/.local/lib/python3.10/site-packages/airflow/example_dags/example_params_trigger_ui.py for tasks to queue
[2025-03-24T20:17:32.328+0000] {logging_mixin.py:150} INFO - [2025-03-24T20:17:32.328+0000] {dagbag.py:541} INFO - Filling up the DagBag from /home/vscode/.local/lib/python3.10/site-packages/airflow/example_dags/example_params_trigger_ui.py
[2025-03-24T20:17:32.340+0000] {processor.py:836} INFO - DAG(s) dict_keys(['example_params_trigger_ui']) retrieved from /home/vscode/.local/lib/python3.10/site-packages/airflow/example_dags/example_params_trigger_ui.py
[2025-03-24T20:17:32.375+0000] {logging_mixin.py:150} INFO - [2025-03-24T20:17:32.375+0000] {dag.py:2742} INFO - Sync 1 DAGs
[2025-03-24T20:17:32.401+0000] {logging_mixin.py:150} INFO - [2025-03-24T20:17:32.401+0000] {dag.py:3504} INFO - Setting next_dagrun for example_params_trigger_ui to None, run_after=None
[2025-03-24T20:17:32.421+0000] {processor.py:179} INFO - Processing /home/vscode/.local/lib/python3.10/site-packages/airflow/example_dags/example_params_trigger_ui.py took 0.096 seconds
[2025-03-24T20:18:16.946+0000] {processor.py:157} INFO - Started process (PID=27418) to work on /home/vscode/.local/lib/python3.10/site-packages/airflow/example_dags/example_params_trigger_ui.py
[2025-03-24T20:18:16.947+0000] {processor.py:826} INFO - Processing file /home/vscode/.local/lib/python3.10/site-packages/airflow/example_dags/example_params_trigger_ui.py for tasks to queue
[2025-03-24T20:18:16.948+0000] {logging_mixin.py:150} INFO - [2025-03-24T20:18:16.947+0000] {dagbag.py:541} INFO - Filling up the DagBag from /home/vscode/.local/lib/python3.10/site-packages/airflow/example_dags/example_params_trigger_ui.py
[2025-03-24T20:18:16.960+0000] {processor.py:836} INFO - DAG(s) dict_keys(['example_params_trigger_ui']) retrieved from /home/vscode/.local/lib/python3.10/site-packages/airflow/example_dags/example_params_trigger_ui.py
[2025-03-24T20:18:16.991+0000] {logging_mixin.py:150} INFO - [2025-03-24T20:18:16.990+0000] {dag.py:2742} INFO - Sync 1 DAGs
[2025-03-24T20:18:17.004+0000] {logging_mixin.py:150} INFO - [2025-03-24T20:18:17.004+0000] {dag.py:3504} INFO - Setting next_dagrun for example_params_trigger_ui to None, run_after=None
[2025-03-24T20:18:17.019+0000] {processor.py:179} INFO - Processing /home/vscode/.local/lib/python3.10/site-packages/airflow/example_dags/example_params_trigger_ui.py took 0.075 seconds
[2025-03-24T20:18:58.616+0000] {processor.py:157} INFO - Started process (PID=27690) to work on /home/vscode/.local/lib/python3.10/site-packages/airflow/example_dags/example_params_trigger_ui.py
[2025-03-24T20:18:58.617+0000] {processor.py:826} INFO - Processing file /home/vscode/.local/lib/python3.10/site-packages/airflow/example_dags/example_params_trigger_ui.py for tasks to queue
[2025-03-24T20:18:58.618+0000] {logging_mixin.py:150} INFO - [2025-03-24T20:18:58.617+0000] {dagbag.py:541} INFO - Filling up the DagBag from /home/vscode/.local/lib/python3.10/site-packages/airflow/example_dags/example_params_trigger_ui.py
[2025-03-24T20:18:58.629+0000] {processor.py:836} INFO - DAG(s) dict_keys(['example_params_trigger_ui']) retrieved from /home/vscode/.local/lib/python3.10/site-packages/airflow/example_dags/example_params_trigger_ui.py
[2025-03-24T20:18:58.660+0000] {logging_mixin.py:150} INFO - [2025-03-24T20:18:58.659+0000] {dag.py:2742} INFO - Sync 1 DAGs
[2025-03-24T20:18:58.673+0000] {logging_mixin.py:150} INFO - [2025-03-24T20:18:58.673+0000] {dag.py:3504} INFO - Setting next_dagrun for example_params_trigger_ui to None, run_after=None
[2025-03-24T20:18:58.688+0000] {processor.py:179} INFO - Processing /home/vscode/.local/lib/python3.10/site-packages/airflow/example_dags/example_params_trigger_ui.py took 0.073 seconds
[2025-03-24T20:19:44.748+0000] {processor.py:157} INFO - Started process (PID=28024) to work on /home/vscode/.local/lib/python3.10/site-packages/airflow/example_dags/example_params_trigger_ui.py
[2025-03-24T20:19:44.749+0000] {processor.py:826} INFO - Processing file /home/vscode/.local/lib/python3.10/site-packages/airflow/example_dags/example_params_trigger_ui.py for tasks to queue
[2025-03-24T20:19:44.750+0000] {logging_mixin.py:150} INFO - [2025-03-24T20:19:44.749+0000] {dagbag.py:541} INFO - Filling up the DagBag from /home/vscode/.local/lib/python3.10/site-packages/airflow/example_dags/example_params_trigger_ui.py
[2025-03-24T20:19:44.765+0000] {processor.py:836} INFO - DAG(s) dict_keys(['example_params_trigger_ui']) retrieved from /home/vscode/.local/lib/python3.10/site-packages/airflow/example_dags/example_params_trigger_ui.py
[2025-03-24T20:19:44.795+0000] {logging_mixin.py:150} INFO - [2025-03-24T20:19:44.795+0000] {dag.py:2742} INFO - Sync 1 DAGs
[2025-03-24T20:19:44.809+0000] {logging_mixin.py:150} INFO - [2025-03-24T20:19:44.809+0000] {dag.py:3504} INFO - Setting next_dagrun for example_params_trigger_ui to None, run_after=None
[2025-03-24T20:19:44.823+0000] {processor.py:179} INFO - Processing /home/vscode/.local/lib/python3.10/site-packages/airflow/example_dags/example_params_trigger_ui.py took 0.078 seconds
[2025-03-24T20:20:32.191+0000] {processor.py:157} INFO - Started process (PID=28366) to work on /home/vscode/.local/lib/python3.10/site-packages/airflow/example_dags/example_params_trigger_ui.py
[2025-03-24T20:20:32.191+0000] {processor.py:826} INFO - Processing file /home/vscode/.local/lib/python3.10/site-packages/airflow/example_dags/example_params_trigger_ui.py for tasks to queue
[2025-03-24T20:20:32.192+0000] {logging_mixin.py:150} INFO - [2025-03-24T20:20:32.192+0000] {dagbag.py:541} INFO - Filling up the DagBag from /home/vscode/.local/lib/python3.10/site-packages/airflow/example_dags/example_params_trigger_ui.py
[2025-03-24T20:20:32.205+0000] {processor.py:836} INFO - DAG(s) dict_keys(['example_params_trigger_ui']) retrieved from /home/vscode/.local/lib/python3.10/site-packages/airflow/example_dags/example_params_trigger_ui.py
[2025-03-24T20:20:32.236+0000] {logging_mixin.py:150} INFO - [2025-03-24T20:20:32.236+0000] {dag.py:2742} INFO - Sync 1 DAGs
[2025-03-24T20:20:32.250+0000] {logging_mixin.py:150} INFO - [2025-03-24T20:20:32.250+0000] {dag.py:3504} INFO - Setting next_dagrun for example_params_trigger_ui to None, run_after=None
[2025-03-24T20:20:32.265+0000] {processor.py:179} INFO - Processing /home/vscode/.local/lib/python3.10/site-packages/airflow/example_dags/example_params_trigger_ui.py took 0.077 seconds
[2025-03-24T20:21:20.041+0000] {processor.py:157} INFO - Started process (PID=28739) to work on /home/vscode/.local/lib/python3.10/site-packages/airflow/example_dags/example_params_trigger_ui.py
[2025-03-24T20:21:20.042+0000] {processor.py:826} INFO - Processing file /home/vscode/.local/lib/python3.10/site-packages/airflow/example_dags/example_params_trigger_ui.py for tasks to queue
[2025-03-24T20:21:20.042+0000] {logging_mixin.py:150} INFO - [2025-03-24T20:21:20.042+0000] {dagbag.py:541} INFO - Filling up the DagBag from /home/vscode/.local/lib/python3.10/site-packages/airflow/example_dags/example_params_trigger_ui.py
[2025-03-24T20:21:20.055+0000] {processor.py:836} INFO - DAG(s) dict_keys(['example_params_trigger_ui']) retrieved from /home/vscode/.local/lib/python3.10/site-packages/airflow/example_dags/example_params_trigger_ui.py
[2025-03-24T20:21:20.085+0000] {logging_mixin.py:150} INFO - [2025-03-24T20:21:20.085+0000] {dag.py:2742} INFO - Sync 1 DAGs
[2025-03-24T20:21:20.099+0000] {logging_mixin.py:150} INFO - [2025-03-24T20:21:20.099+0000] {dag.py:3504} INFO - Setting next_dagrun for example_params_trigger_ui to None, run_after=None
[2025-03-24T20:21:20.114+0000] {processor.py:179} INFO - Processing /home/vscode/.local/lib/python3.10/site-packages/airflow/example_dags/example_params_trigger_ui.py took 0.076 seconds
[2025-03-24T20:22:07.445+0000] {processor.py:157} INFO - Started process (PID=29076) to work on /home/vscode/.local/lib/python3.10/site-packages/airflow/example_dags/example_params_trigger_ui.py
[2025-03-24T20:22:07.446+0000] {processor.py:826} INFO - Processing file /home/vscode/.local/lib/python3.10/site-packages/airflow/example_dags/example_params_trigger_ui.py for tasks to queue
[2025-03-24T20:22:07.447+0000] {logging_mixin.py:150} INFO - [2025-03-24T20:22:07.446+0000] {dagbag.py:541} INFO - Filling up the DagBag from /home/vscode/.local/lib/python3.10/site-packages/airflow/example_dags/example_params_trigger_ui.py
[2025-03-24T20:22:07.460+0000] {processor.py:836} INFO - DAG(s) dict_keys(['example_params_trigger_ui']) retrieved from /home/vscode/.local/lib/python3.10/site-packages/airflow/example_dags/example_params_trigger_ui.py
[2025-03-24T20:22:07.494+0000] {logging_mixin.py:150} INFO - [2025-03-24T20:22:07.493+0000] {dag.py:2742} INFO - Sync 1 DAGs
[2025-03-24T20:22:07.509+0000] {logging_mixin.py:150} INFO - [2025-03-24T20:22:07.508+0000] {dag.py:3504} INFO - Setting next_dagrun for example_params_trigger_ui to None, run_after=None
[2025-03-24T20:22:07.524+0000] {processor.py:179} INFO - Processing /home/vscode/.local/lib/python3.10/site-packages/airflow/example_dags/example_params_trigger_ui.py took 0.081 seconds
[2025-03-24T20:22:49.437+0000] {processor.py:157} INFO - Started process (PID=29400) to work on /home/vscode/.local/lib/python3.10/site-packages/airflow/example_dags/example_params_trigger_ui.py
[2025-03-24T20:22:49.438+0000] {processor.py:826} INFO - Processing file /home/vscode/.local/lib/python3.10/site-packages/airflow/example_dags/example_params_trigger_ui.py for tasks to queue
[2025-03-24T20:22:49.438+0000] {logging_mixin.py:150} INFO - [2025-03-24T20:22:49.438+0000] {dagbag.py:541} INFO - Filling up the DagBag from /home/vscode/.local/lib/python3.10/site-packages/airflow/example_dags/example_params_trigger_ui.py
[2025-03-24T20:22:49.451+0000] {processor.py:836} INFO - DAG(s) dict_keys(['example_params_trigger_ui']) retrieved from /home/vscode/.local/lib/python3.10/site-packages/airflow/example_dags/example_params_trigger_ui.py
[2025-03-24T20:22:49.481+0000] {logging_mixin.py:150} INFO - [2025-03-24T20:22:49.481+0000] {dag.py:2742} INFO - Sync 1 DAGs
[2025-03-24T20:22:49.495+0000] {logging_mixin.py:150} INFO - [2025-03-24T20:22:49.495+0000] {dag.py:3504} INFO - Setting next_dagrun for example_params_trigger_ui to None, run_after=None
[2025-03-24T20:22:49.510+0000] {processor.py:179} INFO - Processing /home/vscode/.local/lib/python3.10/site-packages/airflow/example_dags/example_params_trigger_ui.py took 0.075 seconds
[2025-03-24T20:23:37.029+0000] {processor.py:157} INFO - Started process (PID=29802) to work on /home/vscode/.local/lib/python3.10/site-packages/airflow/example_dags/example_params_trigger_ui.py
[2025-03-24T20:23:37.029+0000] {processor.py:826} INFO - Processing file /home/vscode/.local/lib/python3.10/site-packages/airflow/example_dags/example_params_trigger_ui.py for tasks to queue
[2025-03-24T20:23:37.030+0000] {logging_mixin.py:150} INFO - [2025-03-24T20:23:37.030+0000] {dagbag.py:541} INFO - Filling up the DagBag from /home/vscode/.local/lib/python3.10/site-packages/airflow/example_dags/example_params_trigger_ui.py
[2025-03-24T20:23:37.041+0000] {processor.py:836} INFO - DAG(s) dict_keys(['example_params_trigger_ui']) retrieved from /home/vscode/.local/lib/python3.10/site-packages/airflow/example_dags/example_params_trigger_ui.py
[2025-03-24T20:23:37.071+0000] {logging_mixin.py:150} INFO - [2025-03-24T20:23:37.071+0000] {dag.py:2742} INFO - Sync 1 DAGs
[2025-03-24T20:23:37.085+0000] {logging_mixin.py:150} INFO - [2025-03-24T20:23:37.085+0000] {dag.py:3504} INFO - Setting next_dagrun for example_params_trigger_ui to None, run_after=None
[2025-03-24T20:23:37.099+0000] {processor.py:179} INFO - Processing /home/vscode/.local/lib/python3.10/site-packages/airflow/example_dags/example_params_trigger_ui.py took 0.073 seconds
[2025-03-24T20:24:19.892+0000] {processor.py:157} INFO - Started process (PID=30129) to work on /home/vscode/.local/lib/python3.10/site-packages/airflow/example_dags/example_params_trigger_ui.py
[2025-03-24T20:24:19.893+0000] {processor.py:826} INFO - Processing file /home/vscode/.local/lib/python3.10/site-packages/airflow/example_dags/example_params_trigger_ui.py for tasks to queue
[2025-03-24T20:24:19.893+0000] {logging_mixin.py:150} INFO - [2025-03-24T20:24:19.893+0000] {dagbag.py:541} INFO - Filling up the DagBag from /home/vscode/.local/lib/python3.10/site-packages/airflow/example_dags/example_params_trigger_ui.py
[2025-03-24T20:24:19.905+0000] {processor.py:836} INFO - DAG(s) dict_keys(['example_params_trigger_ui']) retrieved from /home/vscode/.local/lib/python3.10/site-packages/airflow/example_dags/example_params_trigger_ui.py
[2025-03-24T20:24:19.935+0000] {logging_mixin.py:150} INFO - [2025-03-24T20:24:19.935+0000] {dag.py:2742} INFO - Sync 1 DAGs
[2025-03-24T20:24:19.949+0000] {logging_mixin.py:150} INFO - [2025-03-24T20:24:19.949+0000] {dag.py:3504} INFO - Setting next_dagrun for example_params_trigger_ui to None, run_after=None
[2025-03-24T20:24:19.964+0000] {processor.py:179} INFO - Processing /home/vscode/.local/lib/python3.10/site-packages/airflow/example_dags/example_params_trigger_ui.py took 0.074 seconds
[2025-03-24T20:25:03.477+0000] {processor.py:157} INFO - Started process (PID=30451) to work on /home/vscode/.local/lib/python3.10/site-packages/airflow/example_dags/example_params_trigger_ui.py
[2025-03-24T20:25:03.477+0000] {processor.py:826} INFO - Processing file /home/vscode/.local/lib/python3.10/site-packages/airflow/example_dags/example_params_trigger_ui.py for tasks to queue
[2025-03-24T20:25:03.478+0000] {logging_mixin.py:150} INFO - [2025-03-24T20:25:03.478+0000] {dagbag.py:541} INFO - Filling up the DagBag from /home/vscode/.local/lib/python3.10/site-packages/airflow/example_dags/example_params_trigger_ui.py
[2025-03-24T20:25:03.490+0000] {processor.py:836} INFO - DAG(s) dict_keys(['example_params_trigger_ui']) retrieved from /home/vscode/.local/lib/python3.10/site-packages/airflow/example_dags/example_params_trigger_ui.py
[2025-03-24T20:25:03.520+0000] {logging_mixin.py:150} INFO - [2025-03-24T20:25:03.520+0000] {dag.py:2742} INFO - Sync 1 DAGs
[2025-03-24T20:25:03.534+0000] {logging_mixin.py:150} INFO - [2025-03-24T20:25:03.534+0000] {dag.py:3504} INFO - Setting next_dagrun for example_params_trigger_ui to None, run_after=None
[2025-03-24T20:25:03.549+0000] {processor.py:179} INFO - Processing /home/vscode/.local/lib/python3.10/site-packages/airflow/example_dags/example_params_trigger_ui.py took 0.074 seconds
[2025-03-24T20:25:46.120+0000] {processor.py:157} INFO - Started process (PID=30777) to work on /home/vscode/.local/lib/python3.10/site-packages/airflow/example_dags/example_params_trigger_ui.py
[2025-03-24T20:25:46.121+0000] {processor.py:826} INFO - Processing file /home/vscode/.local/lib/python3.10/site-packages/airflow/example_dags/example_params_trigger_ui.py for tasks to queue
[2025-03-24T20:25:46.122+0000] {logging_mixin.py:150} INFO - [2025-03-24T20:25:46.121+0000] {dagbag.py:541} INFO - Filling up the DagBag from /home/vscode/.local/lib/python3.10/site-packages/airflow/example_dags/example_params_trigger_ui.py
[2025-03-24T20:25:46.134+0000] {processor.py:836} INFO - DAG(s) dict_keys(['example_params_trigger_ui']) retrieved from /home/vscode/.local/lib/python3.10/site-packages/airflow/example_dags/example_params_trigger_ui.py
[2025-03-24T20:25:46.165+0000] {logging_mixin.py:150} INFO - [2025-03-24T20:25:46.165+0000] {dag.py:2742} INFO - Sync 1 DAGs
[2025-03-24T20:25:46.178+0000] {logging_mixin.py:150} INFO - [2025-03-24T20:25:46.178+0000] {dag.py:3504} INFO - Setting next_dagrun for example_params_trigger_ui to None, run_after=None
[2025-03-24T20:25:46.193+0000] {processor.py:179} INFO - Processing /home/vscode/.local/lib/python3.10/site-packages/airflow/example_dags/example_params_trigger_ui.py took 0.075 seconds
[2025-03-24T20:26:32.394+0000] {processor.py:157} INFO - Started process (PID=31118) to work on /home/vscode/.local/lib/python3.10/site-packages/airflow/example_dags/example_params_trigger_ui.py
[2025-03-24T20:26:32.394+0000] {processor.py:826} INFO - Processing file /home/vscode/.local/lib/python3.10/site-packages/airflow/example_dags/example_params_trigger_ui.py for tasks to queue
[2025-03-24T20:26:32.395+0000] {logging_mixin.py:150} INFO - [2025-03-24T20:26:32.395+0000] {dagbag.py:541} INFO - Filling up the DagBag from /home/vscode/.local/lib/python3.10/site-packages/airflow/example_dags/example_params_trigger_ui.py
[2025-03-24T20:26:32.407+0000] {processor.py:836} INFO - DAG(s) dict_keys(['example_params_trigger_ui']) retrieved from /home/vscode/.local/lib/python3.10/site-packages/airflow/example_dags/example_params_trigger_ui.py
[2025-03-24T20:26:32.438+0000] {logging_mixin.py:150} INFO - [2025-03-24T20:26:32.438+0000] {dag.py:2742} INFO - Sync 1 DAGs
[2025-03-24T20:26:32.452+0000] {logging_mixin.py:150} INFO - [2025-03-24T20:26:32.452+0000] {dag.py:3504} INFO - Setting next_dagrun for example_params_trigger_ui to None, run_after=None
[2025-03-24T20:26:32.468+0000] {processor.py:179} INFO - Processing /home/vscode/.local/lib/python3.10/site-packages/airflow/example_dags/example_params_trigger_ui.py took 0.076 seconds
[2025-03-24T20:27:17.907+0000] {processor.py:157} INFO - Started process (PID=31550) to work on /home/vscode/.local/lib/python3.10/site-packages/airflow/example_dags/example_params_trigger_ui.py
[2025-03-24T20:27:17.908+0000] {processor.py:826} INFO - Processing file /home/vscode/.local/lib/python3.10/site-packages/airflow/example_dags/example_params_trigger_ui.py for tasks to queue
[2025-03-24T20:27:17.909+0000] {logging_mixin.py:150} INFO - [2025-03-24T20:27:17.908+0000] {dagbag.py:541} INFO - Filling up the DagBag from /home/vscode/.local/lib/python3.10/site-packages/airflow/example_dags/example_params_trigger_ui.py
[2025-03-24T20:27:17.921+0000] {processor.py:836} INFO - DAG(s) dict_keys(['example_params_trigger_ui']) retrieved from /home/vscode/.local/lib/python3.10/site-packages/airflow/example_dags/example_params_trigger_ui.py
[2025-03-24T20:27:17.951+0000] {logging_mixin.py:150} INFO - [2025-03-24T20:27:17.951+0000] {dag.py:2742} INFO - Sync 1 DAGs
[2025-03-24T20:27:17.965+0000] {logging_mixin.py:150} INFO - [2025-03-24T20:27:17.965+0000] {dag.py:3504} INFO - Setting next_dagrun for example_params_trigger_ui to None, run_after=None
[2025-03-24T20:27:17.980+0000] {processor.py:179} INFO - Processing /home/vscode/.local/lib/python3.10/site-packages/airflow/example_dags/example_params_trigger_ui.py took 0.075 seconds
[2025-03-24T20:28:01.925+0000] {processor.py:157} INFO - Started process (PID=31913) to work on /home/vscode/.local/lib/python3.10/site-packages/airflow/example_dags/example_params_trigger_ui.py
[2025-03-24T20:28:01.926+0000] {processor.py:826} INFO - Processing file /home/vscode/.local/lib/python3.10/site-packages/airflow/example_dags/example_params_trigger_ui.py for tasks to queue
[2025-03-24T20:28:01.927+0000] {logging_mixin.py:150} INFO - [2025-03-24T20:28:01.926+0000] {dagbag.py:541} INFO - Filling up the DagBag from /home/vscode/.local/lib/python3.10/site-packages/airflow/example_dags/example_params_trigger_ui.py
[2025-03-24T20:28:01.939+0000] {processor.py:836} INFO - DAG(s) dict_keys(['example_params_trigger_ui']) retrieved from /home/vscode/.local/lib/python3.10/site-packages/airflow/example_dags/example_params_trigger_ui.py
[2025-03-24T20:28:01.972+0000] {logging_mixin.py:150} INFO - [2025-03-24T20:28:01.972+0000] {dag.py:2742} INFO - Sync 1 DAGs
[2025-03-24T20:28:01.988+0000] {logging_mixin.py:150} INFO - [2025-03-24T20:28:01.988+0000] {dag.py:3504} INFO - Setting next_dagrun for example_params_trigger_ui to None, run_after=None
[2025-03-24T20:28:02.004+0000] {processor.py:179} INFO - Processing /home/vscode/.local/lib/python3.10/site-packages/airflow/example_dags/example_params_trigger_ui.py took 0.081 seconds
[2025-03-24T20:28:45.867+0000] {processor.py:157} INFO - Started process (PID=32240) to work on /home/vscode/.local/lib/python3.10/site-packages/airflow/example_dags/example_params_trigger_ui.py
[2025-03-24T20:28:45.867+0000] {processor.py:826} INFO - Processing file /home/vscode/.local/lib/python3.10/site-packages/airflow/example_dags/example_params_trigger_ui.py for tasks to queue
[2025-03-24T20:28:45.868+0000] {logging_mixin.py:150} INFO - [2025-03-24T20:28:45.868+0000] {dagbag.py:541} INFO - Filling up the DagBag from /home/vscode/.local/lib/python3.10/site-packages/airflow/example_dags/example_params_trigger_ui.py
[2025-03-24T20:28:45.880+0000] {processor.py:836} INFO - DAG(s) dict_keys(['example_params_trigger_ui']) retrieved from /home/vscode/.local/lib/python3.10/site-packages/airflow/example_dags/example_params_trigger_ui.py
[2025-03-24T20:28:45.911+0000] {logging_mixin.py:150} INFO - [2025-03-24T20:28:45.911+0000] {dag.py:2742} INFO - Sync 1 DAGs
[2025-03-24T20:28:45.925+0000] {logging_mixin.py:150} INFO - [2025-03-24T20:28:45.925+0000] {dag.py:3504} INFO - Setting next_dagrun for example_params_trigger_ui to None, run_after=None
[2025-03-24T20:28:45.941+0000] {processor.py:179} INFO - Processing /home/vscode/.local/lib/python3.10/site-packages/airflow/example_dags/example_params_trigger_ui.py took 0.076 seconds
[2025-03-24T20:29:32.041+0000] {processor.py:157} INFO - Started process (PID=32547) to work on /home/vscode/.local/lib/python3.10/site-packages/airflow/example_dags/example_params_trigger_ui.py
[2025-03-24T20:29:32.042+0000] {processor.py:826} INFO - Processing file /home/vscode/.local/lib/python3.10/site-packages/airflow/example_dags/example_params_trigger_ui.py for tasks to queue
[2025-03-24T20:29:32.043+0000] {logging_mixin.py:150} INFO - [2025-03-24T20:29:32.042+0000] {dagbag.py:541} INFO - Filling up the DagBag from /home/vscode/.local/lib/python3.10/site-packages/airflow/example_dags/example_params_trigger_ui.py
[2025-03-24T20:29:32.054+0000] {processor.py:836} INFO - DAG(s) dict_keys(['example_params_trigger_ui']) retrieved from /home/vscode/.local/lib/python3.10/site-packages/airflow/example_dags/example_params_trigger_ui.py
[2025-03-24T20:29:32.084+0000] {logging_mixin.py:150} INFO - [2025-03-24T20:29:32.084+0000] {dag.py:2742} INFO - Sync 1 DAGs
[2025-03-24T20:29:32.098+0000] {logging_mixin.py:150} INFO - [2025-03-24T20:29:32.098+0000] {dag.py:3504} INFO - Setting next_dagrun for example_params_trigger_ui to None, run_after=None
[2025-03-24T20:29:32.113+0000] {processor.py:179} INFO - Processing /home/vscode/.local/lib/python3.10/site-packages/airflow/example_dags/example_params_trigger_ui.py took 0.073 seconds
[2025-03-24T20:30:15.636+0000] {processor.py:157} INFO - Started process (PID=32861) to work on /home/vscode/.local/lib/python3.10/site-packages/airflow/example_dags/example_params_trigger_ui.py
[2025-03-24T20:30:15.637+0000] {processor.py:826} INFO - Processing file /home/vscode/.local/lib/python3.10/site-packages/airflow/example_dags/example_params_trigger_ui.py for tasks to queue
[2025-03-24T20:30:15.638+0000] {logging_mixin.py:150} INFO - [2025-03-24T20:30:15.637+0000] {dagbag.py:541} INFO - Filling up the DagBag from /home/vscode/.local/lib/python3.10/site-packages/airflow/example_dags/example_params_trigger_ui.py
[2025-03-24T20:30:15.650+0000] {processor.py:836} INFO - DAG(s) dict_keys(['example_params_trigger_ui']) retrieved from /home/vscode/.local/lib/python3.10/site-packages/airflow/example_dags/example_params_trigger_ui.py
[2025-03-24T20:30:15.681+0000] {logging_mixin.py:150} INFO - [2025-03-24T20:30:15.681+0000] {dag.py:2742} INFO - Sync 1 DAGs
[2025-03-24T20:30:15.694+0000] {logging_mixin.py:150} INFO - [2025-03-24T20:30:15.694+0000] {dag.py:3504} INFO - Setting next_dagrun for example_params_trigger_ui to None, run_after=None
[2025-03-24T20:30:15.709+0000] {processor.py:179} INFO - Processing /home/vscode/.local/lib/python3.10/site-packages/airflow/example_dags/example_params_trigger_ui.py took 0.075 seconds
[2025-03-24T20:30:58.287+0000] {processor.py:157} INFO - Started process (PID=33142) to work on /home/vscode/.local/lib/python3.10/site-packages/airflow/example_dags/example_params_trigger_ui.py
[2025-03-24T20:30:58.287+0000] {processor.py:826} INFO - Processing file /home/vscode/.local/lib/python3.10/site-packages/airflow/example_dags/example_params_trigger_ui.py for tasks to queue
[2025-03-24T20:30:58.288+0000] {logging_mixin.py:150} INFO - [2025-03-24T20:30:58.288+0000] {dagbag.py:541} INFO - Filling up the DagBag from /home/vscode/.local/lib/python3.10/site-packages/airflow/example_dags/example_params_trigger_ui.py
[2025-03-24T20:30:58.300+0000] {processor.py:836} INFO - DAG(s) dict_keys(['example_params_trigger_ui']) retrieved from /home/vscode/.local/lib/python3.10/site-packages/airflow/example_dags/example_params_trigger_ui.py
[2025-03-24T20:30:58.337+0000] {logging_mixin.py:150} INFO - [2025-03-24T20:30:58.337+0000] {dag.py:2742} INFO - Sync 1 DAGs
[2025-03-24T20:30:58.358+0000] {logging_mixin.py:150} INFO - [2025-03-24T20:30:58.358+0000] {dag.py:3504} INFO - Setting next_dagrun for example_params_trigger_ui to None, run_after=None
[2025-03-24T20:30:58.378+0000] {processor.py:179} INFO - Processing /home/vscode/.local/lib/python3.10/site-packages/airflow/example_dags/example_params_trigger_ui.py took 0.093 seconds
[2025-03-24T20:31:41.550+0000] {processor.py:157} INFO - Started process (PID=33435) to work on /home/vscode/.local/lib/python3.10/site-packages/airflow/example_dags/example_params_trigger_ui.py
[2025-03-24T20:31:41.551+0000] {processor.py:826} INFO - Processing file /home/vscode/.local/lib/python3.10/site-packages/airflow/example_dags/example_params_trigger_ui.py for tasks to queue
[2025-03-24T20:31:41.551+0000] {logging_mixin.py:150} INFO - [2025-03-24T20:31:41.551+0000] {dagbag.py:541} INFO - Filling up the DagBag from /home/vscode/.local/lib/python3.10/site-packages/airflow/example_dags/example_params_trigger_ui.py
[2025-03-24T20:31:41.563+0000] {processor.py:836} INFO - DAG(s) dict_keys(['example_params_trigger_ui']) retrieved from /home/vscode/.local/lib/python3.10/site-packages/airflow/example_dags/example_params_trigger_ui.py
[2025-03-24T20:31:41.594+0000] {logging_mixin.py:150} INFO - [2025-03-24T20:31:41.594+0000] {dag.py:2742} INFO - Sync 1 DAGs
[2025-03-24T20:31:41.611+0000] {logging_mixin.py:150} INFO - [2025-03-24T20:31:41.611+0000] {dag.py:3504} INFO - Setting next_dagrun for example_params_trigger_ui to None, run_after=None
[2025-03-24T20:31:41.626+0000] {processor.py:179} INFO - Processing /home/vscode/.local/lib/python3.10/site-packages/airflow/example_dags/example_params_trigger_ui.py took 0.078 seconds
[2025-03-24T20:32:23.331+0000] {processor.py:157} INFO - Started process (PID=33717) to work on /home/vscode/.local/lib/python3.10/site-packages/airflow/example_dags/example_params_trigger_ui.py
[2025-03-24T20:32:23.332+0000] {processor.py:826} INFO - Processing file /home/vscode/.local/lib/python3.10/site-packages/airflow/example_dags/example_params_trigger_ui.py for tasks to queue
[2025-03-24T20:32:23.332+0000] {logging_mixin.py:150} INFO - [2025-03-24T20:32:23.332+0000] {dagbag.py:541} INFO - Filling up the DagBag from /home/vscode/.local/lib/python3.10/site-packages/airflow/example_dags/example_params_trigger_ui.py
[2025-03-24T20:32:23.350+0000] {processor.py:836} INFO - DAG(s) dict_keys(['example_params_trigger_ui']) retrieved from /home/vscode/.local/lib/python3.10/site-packages/airflow/example_dags/example_params_trigger_ui.py
[2025-03-24T20:32:23.381+0000] {logging_mixin.py:150} INFO - [2025-03-24T20:32:23.381+0000] {dag.py:2742} INFO - Sync 1 DAGs
[2025-03-24T20:32:23.395+0000] {logging_mixin.py:150} INFO - [2025-03-24T20:32:23.395+0000] {dag.py:3504} INFO - Setting next_dagrun for example_params_trigger_ui to None, run_after=None
[2025-03-24T20:32:23.409+0000] {processor.py:179} INFO - Processing /home/vscode/.local/lib/python3.10/site-packages/airflow/example_dags/example_params_trigger_ui.py took 0.081 seconds
[2025-03-24T20:33:10.362+0000] {processor.py:157} INFO - Started process (PID=34106) to work on /home/vscode/.local/lib/python3.10/site-packages/airflow/example_dags/example_params_trigger_ui.py
[2025-03-24T20:33:10.362+0000] {processor.py:826} INFO - Processing file /home/vscode/.local/lib/python3.10/site-packages/airflow/example_dags/example_params_trigger_ui.py for tasks to queue
[2025-03-24T20:33:10.363+0000] {logging_mixin.py:150} INFO - [2025-03-24T20:33:10.363+0000] {dagbag.py:541} INFO - Filling up the DagBag from /home/vscode/.local/lib/python3.10/site-packages/airflow/example_dags/example_params_trigger_ui.py
[2025-03-24T20:33:10.375+0000] {processor.py:836} INFO - DAG(s) dict_keys(['example_params_trigger_ui']) retrieved from /home/vscode/.local/lib/python3.10/site-packages/airflow/example_dags/example_params_trigger_ui.py
[2025-03-24T20:33:10.406+0000] {logging_mixin.py:150} INFO - [2025-03-24T20:33:10.406+0000] {dag.py:2742} INFO - Sync 1 DAGs
[2025-03-24T20:33:10.422+0000] {logging_mixin.py:150} INFO - [2025-03-24T20:33:10.421+0000] {dag.py:3504} INFO - Setting next_dagrun for example_params_trigger_ui to None, run_after=None
[2025-03-24T20:33:10.436+0000] {processor.py:179} INFO - Processing /home/vscode/.local/lib/python3.10/site-packages/airflow/example_dags/example_params_trigger_ui.py took 0.077 seconds
[2025-03-24T20:33:57.357+0000] {processor.py:157} INFO - Started process (PID=34449) to work on /home/vscode/.local/lib/python3.10/site-packages/airflow/example_dags/example_params_trigger_ui.py
[2025-03-24T20:33:57.358+0000] {processor.py:826} INFO - Processing file /home/vscode/.local/lib/python3.10/site-packages/airflow/example_dags/example_params_trigger_ui.py for tasks to queue
[2025-03-24T20:33:57.358+0000] {logging_mixin.py:150} INFO - [2025-03-24T20:33:57.358+0000] {dagbag.py:541} INFO - Filling up the DagBag from /home/vscode/.local/lib/python3.10/site-packages/airflow/example_dags/example_params_trigger_ui.py
[2025-03-24T20:33:57.370+0000] {processor.py:836} INFO - DAG(s) dict_keys(['example_params_trigger_ui']) retrieved from /home/vscode/.local/lib/python3.10/site-packages/airflow/example_dags/example_params_trigger_ui.py
[2025-03-24T20:33:57.400+0000] {logging_mixin.py:150} INFO - [2025-03-24T20:33:57.400+0000] {dag.py:2742} INFO - Sync 1 DAGs
[2025-03-24T20:33:57.414+0000] {logging_mixin.py:150} INFO - [2025-03-24T20:33:57.414+0000] {dag.py:3504} INFO - Setting next_dagrun for example_params_trigger_ui to None, run_after=None
[2025-03-24T20:33:57.429+0000] {processor.py:179} INFO - Processing /home/vscode/.local/lib/python3.10/site-packages/airflow/example_dags/example_params_trigger_ui.py took 0.074 seconds
[2025-03-24T20:34:42.922+0000] {processor.py:157} INFO - Started process (PID=34751) to work on /home/vscode/.local/lib/python3.10/site-packages/airflow/example_dags/example_params_trigger_ui.py
[2025-03-24T20:34:42.923+0000] {processor.py:826} INFO - Processing file /home/vscode/.local/lib/python3.10/site-packages/airflow/example_dags/example_params_trigger_ui.py for tasks to queue
[2025-03-24T20:34:42.924+0000] {logging_mixin.py:150} INFO - [2025-03-24T20:34:42.923+0000] {dagbag.py:541} INFO - Filling up the DagBag from /home/vscode/.local/lib/python3.10/site-packages/airflow/example_dags/example_params_trigger_ui.py
[2025-03-24T20:34:42.936+0000] {processor.py:836} INFO - DAG(s) dict_keys(['example_params_trigger_ui']) retrieved from /home/vscode/.local/lib/python3.10/site-packages/airflow/example_dags/example_params_trigger_ui.py
[2025-03-24T20:34:42.966+0000] {logging_mixin.py:150} INFO - [2025-03-24T20:34:42.966+0000] {dag.py:2742} INFO - Sync 1 DAGs
[2025-03-24T20:34:42.980+0000] {logging_mixin.py:150} INFO - [2025-03-24T20:34:42.980+0000] {dag.py:3504} INFO - Setting next_dagrun for example_params_trigger_ui to None, run_after=None
[2025-03-24T20:34:42.996+0000] {processor.py:179} INFO - Processing /home/vscode/.local/lib/python3.10/site-packages/airflow/example_dags/example_params_trigger_ui.py took 0.076 seconds
[2025-03-24T20:35:28.053+0000] {processor.py:157} INFO - Started process (PID=35052) to work on /home/vscode/.local/lib/python3.10/site-packages/airflow/example_dags/example_params_trigger_ui.py
[2025-03-24T20:35:28.053+0000] {processor.py:826} INFO - Processing file /home/vscode/.local/lib/python3.10/site-packages/airflow/example_dags/example_params_trigger_ui.py for tasks to queue
[2025-03-24T20:35:28.054+0000] {logging_mixin.py:150} INFO - [2025-03-24T20:35:28.054+0000] {dagbag.py:541} INFO - Filling up the DagBag from /home/vscode/.local/lib/python3.10/site-packages/airflow/example_dags/example_params_trigger_ui.py
[2025-03-24T20:35:28.066+0000] {processor.py:836} INFO - DAG(s) dict_keys(['example_params_trigger_ui']) retrieved from /home/vscode/.local/lib/python3.10/site-packages/airflow/example_dags/example_params_trigger_ui.py
[2025-03-24T20:35:28.095+0000] {logging_mixin.py:150} INFO - [2025-03-24T20:35:28.095+0000] {dag.py:2742} INFO - Sync 1 DAGs
[2025-03-24T20:35:28.109+0000] {logging_mixin.py:150} INFO - [2025-03-24T20:35:28.109+0000] {dag.py:3504} INFO - Setting next_dagrun for example_params_trigger_ui to None, run_after=None
[2025-03-24T20:35:28.124+0000] {processor.py:179} INFO - Processing /home/vscode/.local/lib/python3.10/site-packages/airflow/example_dags/example_params_trigger_ui.py took 0.074 seconds
[2025-03-24T20:36:11.292+0000] {processor.py:157} INFO - Started process (PID=35343) to work on /home/vscode/.local/lib/python3.10/site-packages/airflow/example_dags/example_params_trigger_ui.py
[2025-03-24T20:36:11.292+0000] {processor.py:826} INFO - Processing file /home/vscode/.local/lib/python3.10/site-packages/airflow/example_dags/example_params_trigger_ui.py for tasks to queue
[2025-03-24T20:36:11.293+0000] {logging_mixin.py:150} INFO - [2025-03-24T20:36:11.293+0000] {dagbag.py:541} INFO - Filling up the DagBag from /home/vscode/.local/lib/python3.10/site-packages/airflow/example_dags/example_params_trigger_ui.py
[2025-03-24T20:36:11.305+0000] {processor.py:836} INFO - DAG(s) dict_keys(['example_params_trigger_ui']) retrieved from /home/vscode/.local/lib/python3.10/site-packages/airflow/example_dags/example_params_trigger_ui.py
[2025-03-24T20:36:11.335+0000] {logging_mixin.py:150} INFO - [2025-03-24T20:36:11.335+0000] {dag.py:2742} INFO - Sync 1 DAGs
[2025-03-24T20:36:11.349+0000] {logging_mixin.py:150} INFO - [2025-03-24T20:36:11.349+0000] {dag.py:3504} INFO - Setting next_dagrun for example_params_trigger_ui to None, run_after=None
[2025-03-24T20:36:11.364+0000] {processor.py:179} INFO - Processing /home/vscode/.local/lib/python3.10/site-packages/airflow/example_dags/example_params_trigger_ui.py took 0.074 seconds
[2025-03-24T20:36:59.257+0000] {processor.py:157} INFO - Started process (PID=35705) to work on /home/vscode/.local/lib/python3.10/site-packages/airflow/example_dags/example_params_trigger_ui.py
[2025-03-24T20:36:59.258+0000] {processor.py:826} INFO - Processing file /home/vscode/.local/lib/python3.10/site-packages/airflow/example_dags/example_params_trigger_ui.py for tasks to queue
[2025-03-24T20:36:59.258+0000] {logging_mixin.py:150} INFO - [2025-03-24T20:36:59.258+0000] {dagbag.py:541} INFO - Filling up the DagBag from /home/vscode/.local/lib/python3.10/site-packages/airflow/example_dags/example_params_trigger_ui.py
[2025-03-24T20:36:59.270+0000] {processor.py:836} INFO - DAG(s) dict_keys(['example_params_trigger_ui']) retrieved from /home/vscode/.local/lib/python3.10/site-packages/airflow/example_dags/example_params_trigger_ui.py
[2025-03-24T20:36:59.301+0000] {logging_mixin.py:150} INFO - [2025-03-24T20:36:59.301+0000] {dag.py:2742} INFO - Sync 1 DAGs
[2025-03-24T20:36:59.315+0000] {logging_mixin.py:150} INFO - [2025-03-24T20:36:59.315+0000] {dag.py:3504} INFO - Setting next_dagrun for example_params_trigger_ui to None, run_after=None
[2025-03-24T20:36:59.329+0000] {processor.py:179} INFO - Processing /home/vscode/.local/lib/python3.10/site-packages/airflow/example_dags/example_params_trigger_ui.py took 0.075 seconds
[2025-03-24T20:37:42.723+0000] {processor.py:157} INFO - Started process (PID=36007) to work on /home/vscode/.local/lib/python3.10/site-packages/airflow/example_dags/example_params_trigger_ui.py
[2025-03-24T20:37:42.723+0000] {processor.py:826} INFO - Processing file /home/vscode/.local/lib/python3.10/site-packages/airflow/example_dags/example_params_trigger_ui.py for tasks to queue
[2025-03-24T20:37:42.724+0000] {logging_mixin.py:150} INFO - [2025-03-24T20:37:42.724+0000] {dagbag.py:541} INFO - Filling up the DagBag from /home/vscode/.local/lib/python3.10/site-packages/airflow/example_dags/example_params_trigger_ui.py
[2025-03-24T20:37:42.736+0000] {processor.py:836} INFO - DAG(s) dict_keys(['example_params_trigger_ui']) retrieved from /home/vscode/.local/lib/python3.10/site-packages/airflow/example_dags/example_params_trigger_ui.py
[2025-03-24T20:37:42.768+0000] {logging_mixin.py:150} INFO - [2025-03-24T20:37:42.768+0000] {dag.py:2742} INFO - Sync 1 DAGs
[2025-03-24T20:37:42.785+0000] {logging_mixin.py:150} INFO - [2025-03-24T20:37:42.785+0000] {dag.py:3504} INFO - Setting next_dagrun for example_params_trigger_ui to None, run_after=None
[2025-03-24T20:37:42.801+0000] {processor.py:179} INFO - Processing /home/vscode/.local/lib/python3.10/site-packages/airflow/example_dags/example_params_trigger_ui.py took 0.081 seconds
