[2025-03-24T20:12:25.469+0000] {processor.py:157} INFO - Started process (PID=25011) to work on /home/vscode/.local/lib/python3.10/site-packages/airflow/example_dags/tutorial_taskflow_api.py
[2025-03-24T20:12:25.469+0000] {processor.py:826} INFO - Processing file /home/vscode/.local/lib/python3.10/site-packages/airflow/example_dags/tutorial_taskflow_api.py for tasks to queue
[2025-03-24T20:12:25.470+0000] {logging_mixin.py:150} INFO - [2025-03-24T20:12:25.469+0000] {dagbag.py:541} INFO - Filling up the DagBag from /home/vscode/.local/lib/python3.10/site-packages/airflow/example_dags/tutorial_taskflow_api.py
[2025-03-24T20:12:25.476+0000] {processor.py:836} INFO - DAG(s) dict_keys(['tutorial_taskflow_api']) retrieved from /home/vscode/.local/lib/python3.10/site-packages/airflow/example_dags/tutorial_taskflow_api.py
[2025-03-24T20:12:25.552+0000] {logging_mixin.py:150} INFO - [2025-03-24T20:12:25.552+0000] {manager.py:504} INFO - Created Permission View: can delete on DAG:tutorial_taskflow_api
[2025-03-24T20:12:25.560+0000] {logging_mixin.py:150} INFO - [2025-03-24T20:12:25.560+0000] {manager.py:504} INFO - Created Permission View: can edit on DAG:tutorial_taskflow_api
[2025-03-24T20:12:25.566+0000] {logging_mixin.py:150} INFO - [2025-03-24T20:12:25.566+0000] {manager.py:504} INFO - Created Permission View: can read on DAG:tutorial_taskflow_api
[2025-03-24T20:12:25.575+0000] {logging_mixin.py:150} INFO - [2025-03-24T20:12:25.575+0000] {dag.py:2742} INFO - Sync 1 DAGs
[2025-03-24T20:12:25.582+0000] {logging_mixin.py:150} INFO - [2025-03-24T20:12:25.582+0000] {dag.py:2763} INFO - Creating ORM DAG for tutorial_taskflow_api
[2025-03-24T20:12:25.588+0000] {logging_mixin.py:150} INFO - [2025-03-24T20:12:25.588+0000] {dag.py:3504} INFO - Setting next_dagrun for tutorial_taskflow_api to None, run_after=None
[2025-03-24T20:12:25.603+0000] {processor.py:179} INFO - Processing /home/vscode/.local/lib/python3.10/site-packages/airflow/example_dags/tutorial_taskflow_api.py took 0.136 seconds
[2025-03-24T20:13:15.671+0000] {processor.py:157} INFO - Started process (PID=25388) to work on /home/vscode/.local/lib/python3.10/site-packages/airflow/example_dags/tutorial_taskflow_api.py
[2025-03-24T20:13:15.671+0000] {processor.py:826} INFO - Processing file /home/vscode/.local/lib/python3.10/site-packages/airflow/example_dags/tutorial_taskflow_api.py for tasks to queue
[2025-03-24T20:13:15.672+0000] {logging_mixin.py:150} INFO - [2025-03-24T20:13:15.672+0000] {dagbag.py:541} INFO - Filling up the DagBag from /home/vscode/.local/lib/python3.10/site-packages/airflow/example_dags/tutorial_taskflow_api.py
[2025-03-24T20:13:15.677+0000] {processor.py:836} INFO - DAG(s) dict_keys(['tutorial_taskflow_api']) retrieved from /home/vscode/.local/lib/python3.10/site-packages/airflow/example_dags/tutorial_taskflow_api.py
[2025-03-24T20:13:15.688+0000] {logging_mixin.py:150} INFO - [2025-03-24T20:13:15.688+0000] {dag.py:2742} INFO - Sync 1 DAGs
[2025-03-24T20:13:15.702+0000] {logging_mixin.py:150} INFO - [2025-03-24T20:13:15.702+0000] {dag.py:3504} INFO - Setting next_dagrun for tutorial_taskflow_api to None, run_after=None
[2025-03-24T20:13:15.717+0000] {processor.py:179} INFO - Processing /home/vscode/.local/lib/python3.10/site-packages/airflow/example_dags/tutorial_taskflow_api.py took 0.048 seconds
[2025-03-24T20:13:59.624+0000] {processor.py:157} INFO - Started process (PID=25686) to work on /home/vscode/.local/lib/python3.10/site-packages/airflow/example_dags/tutorial_taskflow_api.py
[2025-03-24T20:13:59.625+0000] {processor.py:826} INFO - Processing file /home/vscode/.local/lib/python3.10/site-packages/airflow/example_dags/tutorial_taskflow_api.py for tasks to queue
[2025-03-24T20:13:59.625+0000] {logging_mixin.py:150} INFO - [2025-03-24T20:13:59.625+0000] {dagbag.py:541} INFO - Filling up the DagBag from /home/vscode/.local/lib/python3.10/site-packages/airflow/example_dags/tutorial_taskflow_api.py
[2025-03-24T20:13:59.630+0000] {processor.py:836} INFO - DAG(s) dict_keys(['tutorial_taskflow_api']) retrieved from /home/vscode/.local/lib/python3.10/site-packages/airflow/example_dags/tutorial_taskflow_api.py
[2025-03-24T20:13:59.641+0000] {logging_mixin.py:150} INFO - [2025-03-24T20:13:59.641+0000] {dag.py:2742} INFO - Sync 1 DAGs
[2025-03-24T20:13:59.655+0000] {logging_mixin.py:150} INFO - [2025-03-24T20:13:59.655+0000] {dag.py:3504} INFO - Setting next_dagrun for tutorial_taskflow_api to None, run_after=None
[2025-03-24T20:13:59.670+0000] {processor.py:179} INFO - Processing /home/vscode/.local/lib/python3.10/site-packages/airflow/example_dags/tutorial_taskflow_api.py took 0.048 seconds
[2025-03-24T20:14:39.600+0000] {processor.py:157} INFO - Started process (PID=25956) to work on /home/vscode/.local/lib/python3.10/site-packages/airflow/example_dags/tutorial_taskflow_api.py
[2025-03-24T20:14:39.601+0000] {processor.py:826} INFO - Processing file /home/vscode/.local/lib/python3.10/site-packages/airflow/example_dags/tutorial_taskflow_api.py for tasks to queue
[2025-03-24T20:14:39.601+0000] {logging_mixin.py:150} INFO - [2025-03-24T20:14:39.601+0000] {dagbag.py:541} INFO - Filling up the DagBag from /home/vscode/.local/lib/python3.10/site-packages/airflow/example_dags/tutorial_taskflow_api.py
[2025-03-24T20:14:39.606+0000] {processor.py:836} INFO - DAG(s) dict_keys(['tutorial_taskflow_api']) retrieved from /home/vscode/.local/lib/python3.10/site-packages/airflow/example_dags/tutorial_taskflow_api.py
[2025-03-24T20:14:39.617+0000] {logging_mixin.py:150} INFO - [2025-03-24T20:14:39.617+0000] {dag.py:2742} INFO - Sync 1 DAGs
[2025-03-24T20:14:39.631+0000] {logging_mixin.py:150} INFO - [2025-03-24T20:14:39.631+0000] {dag.py:3504} INFO - Setting next_dagrun for tutorial_taskflow_api to None, run_after=None
[2025-03-24T20:14:39.646+0000] {processor.py:179} INFO - Processing /home/vscode/.local/lib/python3.10/site-packages/airflow/example_dags/tutorial_taskflow_api.py took 0.048 seconds
[2025-03-24T20:15:19.547+0000] {processor.py:157} INFO - Started process (PID=26241) to work on /home/vscode/.local/lib/python3.10/site-packages/airflow/example_dags/tutorial_taskflow_api.py
[2025-03-24T20:15:19.547+0000] {processor.py:826} INFO - Processing file /home/vscode/.local/lib/python3.10/site-packages/airflow/example_dags/tutorial_taskflow_api.py for tasks to queue
[2025-03-24T20:15:19.548+0000] {logging_mixin.py:150} INFO - [2025-03-24T20:15:19.548+0000] {dagbag.py:541} INFO - Filling up the DagBag from /home/vscode/.local/lib/python3.10/site-packages/airflow/example_dags/tutorial_taskflow_api.py
[2025-03-24T20:15:19.552+0000] {processor.py:836} INFO - DAG(s) dict_keys(['tutorial_taskflow_api']) retrieved from /home/vscode/.local/lib/python3.10/site-packages/airflow/example_dags/tutorial_taskflow_api.py
[2025-03-24T20:15:19.564+0000] {logging_mixin.py:150} INFO - [2025-03-24T20:15:19.563+0000] {dag.py:2742} INFO - Sync 1 DAGs
[2025-03-24T20:15:19.577+0000] {logging_mixin.py:150} INFO - [2025-03-24T20:15:19.577+0000] {dag.py:3504} INFO - Setting next_dagrun for tutorial_taskflow_api to None, run_after=None
[2025-03-24T20:15:19.593+0000] {processor.py:179} INFO - Processing /home/vscode/.local/lib/python3.10/site-packages/airflow/example_dags/tutorial_taskflow_api.py took 0.049 seconds
[2025-03-24T20:15:55.448+0000] {processor.py:157} INFO - Started process (PID=26474) to work on /home/vscode/.local/lib/python3.10/site-packages/airflow/example_dags/tutorial_taskflow_api.py
[2025-03-24T20:15:55.449+0000] {processor.py:826} INFO - Processing file /home/vscode/.local/lib/python3.10/site-packages/airflow/example_dags/tutorial_taskflow_api.py for tasks to queue
[2025-03-24T20:15:55.450+0000] {logging_mixin.py:150} INFO - [2025-03-24T20:15:55.449+0000] {dagbag.py:541} INFO - Filling up the DagBag from /home/vscode/.local/lib/python3.10/site-packages/airflow/example_dags/tutorial_taskflow_api.py
[2025-03-24T20:15:55.454+0000] {processor.py:836} INFO - DAG(s) dict_keys(['tutorial_taskflow_api']) retrieved from /home/vscode/.local/lib/python3.10/site-packages/airflow/example_dags/tutorial_taskflow_api.py
[2025-03-24T20:15:55.465+0000] {logging_mixin.py:150} INFO - [2025-03-24T20:15:55.465+0000] {dag.py:2742} INFO - Sync 1 DAGs
[2025-03-24T20:15:55.479+0000] {logging_mixin.py:150} INFO - [2025-03-24T20:15:55.479+0000] {dag.py:3504} INFO - Setting next_dagrun for tutorial_taskflow_api to None, run_after=None
[2025-03-24T20:15:55.494+0000] {processor.py:179} INFO - Processing /home/vscode/.local/lib/python3.10/site-packages/airflow/example_dags/tutorial_taskflow_api.py took 0.048 seconds
[2025-03-24T20:16:40.872+0000] {processor.py:157} INFO - Started process (PID=26781) to work on /home/vscode/.local/lib/python3.10/site-packages/airflow/example_dags/tutorial_taskflow_api.py
[2025-03-24T20:16:40.872+0000] {processor.py:826} INFO - Processing file /home/vscode/.local/lib/python3.10/site-packages/airflow/example_dags/tutorial_taskflow_api.py for tasks to queue
[2025-03-24T20:16:40.873+0000] {logging_mixin.py:150} INFO - [2025-03-24T20:16:40.873+0000] {dagbag.py:541} INFO - Filling up the DagBag from /home/vscode/.local/lib/python3.10/site-packages/airflow/example_dags/tutorial_taskflow_api.py
[2025-03-24T20:16:40.877+0000] {processor.py:836} INFO - DAG(s) dict_keys(['tutorial_taskflow_api']) retrieved from /home/vscode/.local/lib/python3.10/site-packages/airflow/example_dags/tutorial_taskflow_api.py
[2025-03-24T20:16:40.891+0000] {logging_mixin.py:150} INFO - [2025-03-24T20:16:40.891+0000] {dag.py:2742} INFO - Sync 1 DAGs
[2025-03-24T20:16:40.906+0000] {logging_mixin.py:150} INFO - [2025-03-24T20:16:40.906+0000] {dag.py:3504} INFO - Setting next_dagrun for tutorial_taskflow_api to None, run_after=None
[2025-03-24T20:16:40.921+0000] {processor.py:179} INFO - Processing /home/vscode/.local/lib/python3.10/site-packages/airflow/example_dags/tutorial_taskflow_api.py took 0.052 seconds
[2025-03-24T20:17:14.030+0000] {processor.py:157} INFO - Started process (PID=26997) to work on /home/vscode/.local/lib/python3.10/site-packages/airflow/example_dags/tutorial_taskflow_api.py
[2025-03-24T20:17:14.031+0000] {processor.py:826} INFO - Processing file /home/vscode/.local/lib/python3.10/site-packages/airflow/example_dags/tutorial_taskflow_api.py for tasks to queue
[2025-03-24T20:17:14.031+0000] {logging_mixin.py:150} INFO - [2025-03-24T20:17:14.031+0000] {dagbag.py:541} INFO - Filling up the DagBag from /home/vscode/.local/lib/python3.10/site-packages/airflow/example_dags/tutorial_taskflow_api.py
[2025-03-24T20:17:14.036+0000] {processor.py:836} INFO - DAG(s) dict_keys(['tutorial_taskflow_api']) retrieved from /home/vscode/.local/lib/python3.10/site-packages/airflow/example_dags/tutorial_taskflow_api.py
[2025-03-24T20:17:14.047+0000] {logging_mixin.py:150} INFO - [2025-03-24T20:17:14.047+0000] {dag.py:2742} INFO - Sync 1 DAGs
[2025-03-24T20:17:14.061+0000] {logging_mixin.py:150} INFO - [2025-03-24T20:17:14.060+0000] {dag.py:3504} INFO - Setting next_dagrun for tutorial_taskflow_api to None, run_after=None
[2025-03-24T20:17:14.075+0000] {processor.py:179} INFO - Processing /home/vscode/.local/lib/python3.10/site-packages/airflow/example_dags/tutorial_taskflow_api.py took 0.047 seconds
[2025-03-24T20:17:58.708+0000] {processor.py:157} INFO - Started process (PID=27297) to work on /home/vscode/.local/lib/python3.10/site-packages/airflow/example_dags/tutorial_taskflow_api.py
[2025-03-24T20:17:58.709+0000] {processor.py:826} INFO - Processing file /home/vscode/.local/lib/python3.10/site-packages/airflow/example_dags/tutorial_taskflow_api.py for tasks to queue
[2025-03-24T20:17:58.709+0000] {logging_mixin.py:150} INFO - [2025-03-24T20:17:58.709+0000] {dagbag.py:541} INFO - Filling up the DagBag from /home/vscode/.local/lib/python3.10/site-packages/airflow/example_dags/tutorial_taskflow_api.py
[2025-03-24T20:17:58.714+0000] {processor.py:836} INFO - DAG(s) dict_keys(['tutorial_taskflow_api']) retrieved from /home/vscode/.local/lib/python3.10/site-packages/airflow/example_dags/tutorial_taskflow_api.py
[2025-03-24T20:17:58.725+0000] {logging_mixin.py:150} INFO - [2025-03-24T20:17:58.725+0000] {dag.py:2742} INFO - Sync 1 DAGs
[2025-03-24T20:17:58.739+0000] {logging_mixin.py:150} INFO - [2025-03-24T20:17:58.739+0000] {dag.py:3504} INFO - Setting next_dagrun for tutorial_taskflow_api to None, run_after=None
[2025-03-24T20:17:58.754+0000] {processor.py:179} INFO - Processing /home/vscode/.local/lib/python3.10/site-packages/airflow/example_dags/tutorial_taskflow_api.py took 0.048 seconds
[2025-03-24T20:18:42.061+0000] {processor.py:157} INFO - Started process (PID=27583) to work on /home/vscode/.local/lib/python3.10/site-packages/airflow/example_dags/tutorial_taskflow_api.py
[2025-03-24T20:18:42.062+0000] {processor.py:826} INFO - Processing file /home/vscode/.local/lib/python3.10/site-packages/airflow/example_dags/tutorial_taskflow_api.py for tasks to queue
[2025-03-24T20:18:42.062+0000] {logging_mixin.py:150} INFO - [2025-03-24T20:18:42.062+0000] {dagbag.py:541} INFO - Filling up the DagBag from /home/vscode/.local/lib/python3.10/site-packages/airflow/example_dags/tutorial_taskflow_api.py
[2025-03-24T20:18:42.067+0000] {processor.py:836} INFO - DAG(s) dict_keys(['tutorial_taskflow_api']) retrieved from /home/vscode/.local/lib/python3.10/site-packages/airflow/example_dags/tutorial_taskflow_api.py
[2025-03-24T20:18:42.078+0000] {logging_mixin.py:150} INFO - [2025-03-24T20:18:42.078+0000] {dag.py:2742} INFO - Sync 1 DAGs
[2025-03-24T20:18:42.092+0000] {logging_mixin.py:150} INFO - [2025-03-24T20:18:42.092+0000] {dag.py:3504} INFO - Setting next_dagrun for tutorial_taskflow_api to None, run_after=None
[2025-03-24T20:18:42.106+0000] {processor.py:179} INFO - Processing /home/vscode/.local/lib/python3.10/site-packages/airflow/example_dags/tutorial_taskflow_api.py took 0.048 seconds
[2025-03-24T20:19:23.891+0000] {processor.py:157} INFO - Started process (PID=27860) to work on /home/vscode/.local/lib/python3.10/site-packages/airflow/example_dags/tutorial_taskflow_api.py
[2025-03-24T20:19:23.892+0000] {processor.py:826} INFO - Processing file /home/vscode/.local/lib/python3.10/site-packages/airflow/example_dags/tutorial_taskflow_api.py for tasks to queue
[2025-03-24T20:19:23.892+0000] {logging_mixin.py:150} INFO - [2025-03-24T20:19:23.892+0000] {dagbag.py:541} INFO - Filling up the DagBag from /home/vscode/.local/lib/python3.10/site-packages/airflow/example_dags/tutorial_taskflow_api.py
[2025-03-24T20:19:23.897+0000] {processor.py:836} INFO - DAG(s) dict_keys(['tutorial_taskflow_api']) retrieved from /home/vscode/.local/lib/python3.10/site-packages/airflow/example_dags/tutorial_taskflow_api.py
[2025-03-24T20:19:23.908+0000] {logging_mixin.py:150} INFO - [2025-03-24T20:19:23.908+0000] {dag.py:2742} INFO - Sync 1 DAGs
[2025-03-24T20:19:23.922+0000] {logging_mixin.py:150} INFO - [2025-03-24T20:19:23.921+0000] {dag.py:3504} INFO - Setting next_dagrun for tutorial_taskflow_api to None, run_after=None
[2025-03-24T20:19:23.936+0000] {processor.py:179} INFO - Processing /home/vscode/.local/lib/python3.10/site-packages/airflow/example_dags/tutorial_taskflow_api.py took 0.047 seconds
[2025-03-24T20:20:09.276+0000] {processor.py:157} INFO - Started process (PID=28185) to work on /home/vscode/.local/lib/python3.10/site-packages/airflow/example_dags/tutorial_taskflow_api.py
[2025-03-24T20:20:09.276+0000] {processor.py:826} INFO - Processing file /home/vscode/.local/lib/python3.10/site-packages/airflow/example_dags/tutorial_taskflow_api.py for tasks to queue
[2025-03-24T20:20:09.277+0000] {logging_mixin.py:150} INFO - [2025-03-24T20:20:09.277+0000] {dagbag.py:541} INFO - Filling up the DagBag from /home/vscode/.local/lib/python3.10/site-packages/airflow/example_dags/tutorial_taskflow_api.py
[2025-03-24T20:20:09.283+0000] {processor.py:836} INFO - DAG(s) dict_keys(['tutorial_taskflow_api']) retrieved from /home/vscode/.local/lib/python3.10/site-packages/airflow/example_dags/tutorial_taskflow_api.py
[2025-03-24T20:20:09.300+0000] {logging_mixin.py:150} INFO - [2025-03-24T20:20:09.300+0000] {dag.py:2742} INFO - Sync 1 DAGs
[2025-03-24T20:20:09.320+0000] {logging_mixin.py:150} INFO - [2025-03-24T20:20:09.320+0000] {dag.py:3504} INFO - Setting next_dagrun for tutorial_taskflow_api to None, run_after=None
[2025-03-24T20:20:09.335+0000] {processor.py:179} INFO - Processing /home/vscode/.local/lib/python3.10/site-packages/airflow/example_dags/tutorial_taskflow_api.py took 0.062 seconds
[2025-03-24T20:20:56.879+0000] {processor.py:157} INFO - Started process (PID=28554) to work on /home/vscode/.local/lib/python3.10/site-packages/airflow/example_dags/tutorial_taskflow_api.py
[2025-03-24T20:20:56.880+0000] {processor.py:826} INFO - Processing file /home/vscode/.local/lib/python3.10/site-packages/airflow/example_dags/tutorial_taskflow_api.py for tasks to queue
[2025-03-24T20:20:56.880+0000] {logging_mixin.py:150} INFO - [2025-03-24T20:20:56.880+0000] {dagbag.py:541} INFO - Filling up the DagBag from /home/vscode/.local/lib/python3.10/site-packages/airflow/example_dags/tutorial_taskflow_api.py
[2025-03-24T20:20:56.885+0000] {processor.py:836} INFO - DAG(s) dict_keys(['tutorial_taskflow_api']) retrieved from /home/vscode/.local/lib/python3.10/site-packages/airflow/example_dags/tutorial_taskflow_api.py
[2025-03-24T20:20:56.896+0000] {logging_mixin.py:150} INFO - [2025-03-24T20:20:56.896+0000] {dag.py:2742} INFO - Sync 1 DAGs
[2025-03-24T20:20:56.910+0000] {logging_mixin.py:150} INFO - [2025-03-24T20:20:56.909+0000] {dag.py:3504} INFO - Setting next_dagrun for tutorial_taskflow_api to None, run_after=None
[2025-03-24T20:20:56.924+0000] {processor.py:179} INFO - Processing /home/vscode/.local/lib/python3.10/site-packages/airflow/example_dags/tutorial_taskflow_api.py took 0.048 seconds
[2025-03-24T20:21:44.596+0000] {processor.py:157} INFO - Started process (PID=28929) to work on /home/vscode/.local/lib/python3.10/site-packages/airflow/example_dags/tutorial_taskflow_api.py
[2025-03-24T20:21:44.597+0000] {processor.py:826} INFO - Processing file /home/vscode/.local/lib/python3.10/site-packages/airflow/example_dags/tutorial_taskflow_api.py for tasks to queue
[2025-03-24T20:21:44.597+0000] {logging_mixin.py:150} INFO - [2025-03-24T20:21:44.597+0000] {dagbag.py:541} INFO - Filling up the DagBag from /home/vscode/.local/lib/python3.10/site-packages/airflow/example_dags/tutorial_taskflow_api.py
[2025-03-24T20:21:44.603+0000] {processor.py:836} INFO - DAG(s) dict_keys(['tutorial_taskflow_api']) retrieved from /home/vscode/.local/lib/python3.10/site-packages/airflow/example_dags/tutorial_taskflow_api.py
[2025-03-24T20:21:44.618+0000] {logging_mixin.py:150} INFO - [2025-03-24T20:21:44.618+0000] {dag.py:2742} INFO - Sync 1 DAGs
[2025-03-24T20:21:44.632+0000] {logging_mixin.py:150} INFO - [2025-03-24T20:21:44.632+0000] {dag.py:3504} INFO - Setting next_dagrun for tutorial_taskflow_api to None, run_after=None
[2025-03-24T20:21:44.647+0000] {processor.py:179} INFO - Processing /home/vscode/.local/lib/python3.10/site-packages/airflow/example_dags/tutorial_taskflow_api.py took 0.053 seconds
[2025-03-24T20:22:26.838+0000] {processor.py:157} INFO - Started process (PID=29234) to work on /home/vscode/.local/lib/python3.10/site-packages/airflow/example_dags/tutorial_taskflow_api.py
[2025-03-24T20:22:26.839+0000] {processor.py:826} INFO - Processing file /home/vscode/.local/lib/python3.10/site-packages/airflow/example_dags/tutorial_taskflow_api.py for tasks to queue
[2025-03-24T20:22:26.840+0000] {logging_mixin.py:150} INFO - [2025-03-24T20:22:26.839+0000] {dagbag.py:541} INFO - Filling up the DagBag from /home/vscode/.local/lib/python3.10/site-packages/airflow/example_dags/tutorial_taskflow_api.py
[2025-03-24T20:22:26.844+0000] {processor.py:836} INFO - DAG(s) dict_keys(['tutorial_taskflow_api']) retrieved from /home/vscode/.local/lib/python3.10/site-packages/airflow/example_dags/tutorial_taskflow_api.py
[2025-03-24T20:22:26.855+0000] {logging_mixin.py:150} INFO - [2025-03-24T20:22:26.855+0000] {dag.py:2742} INFO - Sync 1 DAGs
[2025-03-24T20:22:26.868+0000] {logging_mixin.py:150} INFO - [2025-03-24T20:22:26.868+0000] {dag.py:3504} INFO - Setting next_dagrun for tutorial_taskflow_api to None, run_after=None
[2025-03-24T20:22:26.883+0000] {processor.py:179} INFO - Processing /home/vscode/.local/lib/python3.10/site-packages/airflow/example_dags/tutorial_taskflow_api.py took 0.047 seconds
[2025-03-24T20:23:16.467+0000] {processor.py:157} INFO - Started process (PID=29599) to work on /home/vscode/.local/lib/python3.10/site-packages/airflow/example_dags/tutorial_taskflow_api.py
[2025-03-24T20:23:16.468+0000] {processor.py:826} INFO - Processing file /home/vscode/.local/lib/python3.10/site-packages/airflow/example_dags/tutorial_taskflow_api.py for tasks to queue
[2025-03-24T20:23:16.468+0000] {logging_mixin.py:150} INFO - [2025-03-24T20:23:16.468+0000] {dagbag.py:541} INFO - Filling up the DagBag from /home/vscode/.local/lib/python3.10/site-packages/airflow/example_dags/tutorial_taskflow_api.py
[2025-03-24T20:23:16.473+0000] {processor.py:836} INFO - DAG(s) dict_keys(['tutorial_taskflow_api']) retrieved from /home/vscode/.local/lib/python3.10/site-packages/airflow/example_dags/tutorial_taskflow_api.py
[2025-03-24T20:23:16.484+0000] {logging_mixin.py:150} INFO - [2025-03-24T20:23:16.484+0000] {dag.py:2742} INFO - Sync 1 DAGs
[2025-03-24T20:23:16.498+0000] {logging_mixin.py:150} INFO - [2025-03-24T20:23:16.497+0000] {dag.py:3504} INFO - Setting next_dagrun for tutorial_taskflow_api to None, run_after=None
[2025-03-24T20:23:16.512+0000] {processor.py:179} INFO - Processing /home/vscode/.local/lib/python3.10/site-packages/airflow/example_dags/tutorial_taskflow_api.py took 0.048 seconds
[2025-03-24T20:23:59.188+0000] {processor.py:157} INFO - Started process (PID=29981) to work on /home/vscode/.local/lib/python3.10/site-packages/airflow/example_dags/tutorial_taskflow_api.py
[2025-03-24T20:23:59.188+0000] {processor.py:826} INFO - Processing file /home/vscode/.local/lib/python3.10/site-packages/airflow/example_dags/tutorial_taskflow_api.py for tasks to queue
[2025-03-24T20:23:59.189+0000] {logging_mixin.py:150} INFO - [2025-03-24T20:23:59.189+0000] {dagbag.py:541} INFO - Filling up the DagBag from /home/vscode/.local/lib/python3.10/site-packages/airflow/example_dags/tutorial_taskflow_api.py
[2025-03-24T20:23:59.193+0000] {processor.py:836} INFO - DAG(s) dict_keys(['tutorial_taskflow_api']) retrieved from /home/vscode/.local/lib/python3.10/site-packages/airflow/example_dags/tutorial_taskflow_api.py
[2025-03-24T20:23:59.204+0000] {logging_mixin.py:150} INFO - [2025-03-24T20:23:59.204+0000] {dag.py:2742} INFO - Sync 1 DAGs
[2025-03-24T20:23:59.218+0000] {logging_mixin.py:150} INFO - [2025-03-24T20:23:59.218+0000] {dag.py:3504} INFO - Setting next_dagrun for tutorial_taskflow_api to None, run_after=None
[2025-03-24T20:23:59.233+0000] {processor.py:179} INFO - Processing /home/vscode/.local/lib/python3.10/site-packages/airflow/example_dags/tutorial_taskflow_api.py took 0.047 seconds
[2025-03-24T20:24:45.576+0000] {processor.py:157} INFO - Started process (PID=30300) to work on /home/vscode/.local/lib/python3.10/site-packages/airflow/example_dags/tutorial_taskflow_api.py
[2025-03-24T20:24:45.576+0000] {processor.py:826} INFO - Processing file /home/vscode/.local/lib/python3.10/site-packages/airflow/example_dags/tutorial_taskflow_api.py for tasks to queue
[2025-03-24T20:24:45.577+0000] {logging_mixin.py:150} INFO - [2025-03-24T20:24:45.577+0000] {dagbag.py:541} INFO - Filling up the DagBag from /home/vscode/.local/lib/python3.10/site-packages/airflow/example_dags/tutorial_taskflow_api.py
[2025-03-24T20:24:45.581+0000] {processor.py:836} INFO - DAG(s) dict_keys(['tutorial_taskflow_api']) retrieved from /home/vscode/.local/lib/python3.10/site-packages/airflow/example_dags/tutorial_taskflow_api.py
[2025-03-24T20:24:45.592+0000] {logging_mixin.py:150} INFO - [2025-03-24T20:24:45.592+0000] {dag.py:2742} INFO - Sync 1 DAGs
[2025-03-24T20:24:45.606+0000] {logging_mixin.py:150} INFO - [2025-03-24T20:24:45.606+0000] {dag.py:3504} INFO - Setting next_dagrun for tutorial_taskflow_api to None, run_after=None
[2025-03-24T20:24:45.620+0000] {processor.py:179} INFO - Processing /home/vscode/.local/lib/python3.10/site-packages/airflow/example_dags/tutorial_taskflow_api.py took 0.047 seconds
[2025-03-24T20:25:28.245+0000] {processor.py:157} INFO - Started process (PID=30630) to work on /home/vscode/.local/lib/python3.10/site-packages/airflow/example_dags/tutorial_taskflow_api.py
[2025-03-24T20:25:28.245+0000] {processor.py:826} INFO - Processing file /home/vscode/.local/lib/python3.10/site-packages/airflow/example_dags/tutorial_taskflow_api.py for tasks to queue
[2025-03-24T20:25:28.246+0000] {logging_mixin.py:150} INFO - [2025-03-24T20:25:28.246+0000] {dagbag.py:541} INFO - Filling up the DagBag from /home/vscode/.local/lib/python3.10/site-packages/airflow/example_dags/tutorial_taskflow_api.py
[2025-03-24T20:25:28.250+0000] {processor.py:836} INFO - DAG(s) dict_keys(['tutorial_taskflow_api']) retrieved from /home/vscode/.local/lib/python3.10/site-packages/airflow/example_dags/tutorial_taskflow_api.py
[2025-03-24T20:25:28.262+0000] {logging_mixin.py:150} INFO - [2025-03-24T20:25:28.262+0000] {dag.py:2742} INFO - Sync 1 DAGs
[2025-03-24T20:25:28.276+0000] {logging_mixin.py:150} INFO - [2025-03-24T20:25:28.276+0000] {dag.py:3504} INFO - Setting next_dagrun for tutorial_taskflow_api to None, run_after=None
[2025-03-24T20:25:28.291+0000] {processor.py:179} INFO - Processing /home/vscode/.local/lib/python3.10/site-packages/airflow/example_dags/tutorial_taskflow_api.py took 0.049 seconds
[2025-03-24T20:26:12.412+0000] {processor.py:157} INFO - Started process (PID=30977) to work on /home/vscode/.local/lib/python3.10/site-packages/airflow/example_dags/tutorial_taskflow_api.py
[2025-03-24T20:26:12.413+0000] {processor.py:826} INFO - Processing file /home/vscode/.local/lib/python3.10/site-packages/airflow/example_dags/tutorial_taskflow_api.py for tasks to queue
[2025-03-24T20:26:12.413+0000] {logging_mixin.py:150} INFO - [2025-03-24T20:26:12.413+0000] {dagbag.py:541} INFO - Filling up the DagBag from /home/vscode/.local/lib/python3.10/site-packages/airflow/example_dags/tutorial_taskflow_api.py
[2025-03-24T20:26:12.418+0000] {processor.py:836} INFO - DAG(s) dict_keys(['tutorial_taskflow_api']) retrieved from /home/vscode/.local/lib/python3.10/site-packages/airflow/example_dags/tutorial_taskflow_api.py
[2025-03-24T20:26:12.430+0000] {logging_mixin.py:150} INFO - [2025-03-24T20:26:12.430+0000] {dag.py:2742} INFO - Sync 1 DAGs
[2025-03-24T20:26:12.444+0000] {logging_mixin.py:150} INFO - [2025-03-24T20:26:12.444+0000] {dag.py:3504} INFO - Setting next_dagrun for tutorial_taskflow_api to None, run_after=None
[2025-03-24T20:26:12.459+0000] {processor.py:179} INFO - Processing /home/vscode/.local/lib/python3.10/site-packages/airflow/example_dags/tutorial_taskflow_api.py took 0.049 seconds
[2025-03-24T20:26:57.901+0000] {processor.py:157} INFO - Started process (PID=31374) to work on /home/vscode/.local/lib/python3.10/site-packages/airflow/example_dags/tutorial_taskflow_api.py
[2025-03-24T20:26:57.902+0000] {processor.py:826} INFO - Processing file /home/vscode/.local/lib/python3.10/site-packages/airflow/example_dags/tutorial_taskflow_api.py for tasks to queue
[2025-03-24T20:26:57.902+0000] {logging_mixin.py:150} INFO - [2025-03-24T20:26:57.902+0000] {dagbag.py:541} INFO - Filling up the DagBag from /home/vscode/.local/lib/python3.10/site-packages/airflow/example_dags/tutorial_taskflow_api.py
[2025-03-24T20:26:57.907+0000] {processor.py:836} INFO - DAG(s) dict_keys(['tutorial_taskflow_api']) retrieved from /home/vscode/.local/lib/python3.10/site-packages/airflow/example_dags/tutorial_taskflow_api.py
[2025-03-24T20:26:57.918+0000] {logging_mixin.py:150} INFO - [2025-03-24T20:26:57.918+0000] {dag.py:2742} INFO - Sync 1 DAGs
[2025-03-24T20:26:57.932+0000] {logging_mixin.py:150} INFO - [2025-03-24T20:26:57.932+0000] {dag.py:3504} INFO - Setting next_dagrun for tutorial_taskflow_api to None, run_after=None
[2025-03-24T20:26:57.950+0000] {processor.py:179} INFO - Processing /home/vscode/.local/lib/python3.10/site-packages/airflow/example_dags/tutorial_taskflow_api.py took 0.051 seconds
[2025-03-24T20:27:41.328+0000] {processor.py:157} INFO - Started process (PID=31771) to work on /home/vscode/.local/lib/python3.10/site-packages/airflow/example_dags/tutorial_taskflow_api.py
[2025-03-24T20:27:41.328+0000] {processor.py:826} INFO - Processing file /home/vscode/.local/lib/python3.10/site-packages/airflow/example_dags/tutorial_taskflow_api.py for tasks to queue
[2025-03-24T20:27:41.329+0000] {logging_mixin.py:150} INFO - [2025-03-24T20:27:41.328+0000] {dagbag.py:541} INFO - Filling up the DagBag from /home/vscode/.local/lib/python3.10/site-packages/airflow/example_dags/tutorial_taskflow_api.py
[2025-03-24T20:27:41.333+0000] {processor.py:836} INFO - DAG(s) dict_keys(['tutorial_taskflow_api']) retrieved from /home/vscode/.local/lib/python3.10/site-packages/airflow/example_dags/tutorial_taskflow_api.py
[2025-03-24T20:27:41.345+0000] {logging_mixin.py:150} INFO - [2025-03-24T20:27:41.345+0000] {dag.py:2742} INFO - Sync 1 DAGs
[2025-03-24T20:27:41.358+0000] {logging_mixin.py:150} INFO - [2025-03-24T20:27:41.358+0000] {dag.py:3504} INFO - Setting next_dagrun for tutorial_taskflow_api to None, run_after=None
[2025-03-24T20:27:41.373+0000] {processor.py:179} INFO - Processing /home/vscode/.local/lib/python3.10/site-packages/airflow/example_dags/tutorial_taskflow_api.py took 0.047 seconds
[2025-03-24T20:28:26.432+0000] {processor.py:157} INFO - Started process (PID=32083) to work on /home/vscode/.local/lib/python3.10/site-packages/airflow/example_dags/tutorial_taskflow_api.py
[2025-03-24T20:28:26.432+0000] {processor.py:826} INFO - Processing file /home/vscode/.local/lib/python3.10/site-packages/airflow/example_dags/tutorial_taskflow_api.py for tasks to queue
[2025-03-24T20:28:26.433+0000] {logging_mixin.py:150} INFO - [2025-03-24T20:28:26.433+0000] {dagbag.py:541} INFO - Filling up the DagBag from /home/vscode/.local/lib/python3.10/site-packages/airflow/example_dags/tutorial_taskflow_api.py
[2025-03-24T20:28:26.437+0000] {processor.py:836} INFO - DAG(s) dict_keys(['tutorial_taskflow_api']) retrieved from /home/vscode/.local/lib/python3.10/site-packages/airflow/example_dags/tutorial_taskflow_api.py
[2025-03-24T20:28:26.449+0000] {logging_mixin.py:150} INFO - [2025-03-24T20:28:26.448+0000] {dag.py:2742} INFO - Sync 1 DAGs
[2025-03-24T20:28:26.462+0000] {logging_mixin.py:150} INFO - [2025-03-24T20:28:26.462+0000] {dag.py:3504} INFO - Setting next_dagrun for tutorial_taskflow_api to None, run_after=None
[2025-03-24T20:28:26.477+0000] {processor.py:179} INFO - Processing /home/vscode/.local/lib/python3.10/site-packages/airflow/example_dags/tutorial_taskflow_api.py took 0.047 seconds
[2025-03-24T20:29:09.857+0000] {processor.py:157} INFO - Started process (PID=32401) to work on /home/vscode/.local/lib/python3.10/site-packages/airflow/example_dags/tutorial_taskflow_api.py
[2025-03-24T20:29:09.858+0000] {processor.py:826} INFO - Processing file /home/vscode/.local/lib/python3.10/site-packages/airflow/example_dags/tutorial_taskflow_api.py for tasks to queue
[2025-03-24T20:29:09.859+0000] {logging_mixin.py:150} INFO - [2025-03-24T20:29:09.859+0000] {dagbag.py:541} INFO - Filling up the DagBag from /home/vscode/.local/lib/python3.10/site-packages/airflow/example_dags/tutorial_taskflow_api.py
[2025-03-24T20:29:09.866+0000] {processor.py:836} INFO - DAG(s) dict_keys(['tutorial_taskflow_api']) retrieved from /home/vscode/.local/lib/python3.10/site-packages/airflow/example_dags/tutorial_taskflow_api.py
[2025-03-24T20:29:09.883+0000] {logging_mixin.py:150} INFO - [2025-03-24T20:29:09.883+0000] {dag.py:2742} INFO - Sync 1 DAGs
[2025-03-24T20:29:09.904+0000] {logging_mixin.py:150} INFO - [2025-03-24T20:29:09.904+0000] {dag.py:3504} INFO - Setting next_dagrun for tutorial_taskflow_api to None, run_after=None
[2025-03-24T20:29:09.919+0000] {processor.py:179} INFO - Processing /home/vscode/.local/lib/python3.10/site-packages/airflow/example_dags/tutorial_taskflow_api.py took 0.065 seconds
[2025-03-24T20:29:55.192+0000] {processor.py:157} INFO - Started process (PID=32723) to work on /home/vscode/.local/lib/python3.10/site-packages/airflow/example_dags/tutorial_taskflow_api.py
[2025-03-24T20:29:55.193+0000] {processor.py:826} INFO - Processing file /home/vscode/.local/lib/python3.10/site-packages/airflow/example_dags/tutorial_taskflow_api.py for tasks to queue
[2025-03-24T20:29:55.194+0000] {logging_mixin.py:150} INFO - [2025-03-24T20:29:55.193+0000] {dagbag.py:541} INFO - Filling up the DagBag from /home/vscode/.local/lib/python3.10/site-packages/airflow/example_dags/tutorial_taskflow_api.py
[2025-03-24T20:29:55.204+0000] {processor.py:836} INFO - DAG(s) dict_keys(['tutorial_taskflow_api']) retrieved from /home/vscode/.local/lib/python3.10/site-packages/airflow/example_dags/tutorial_taskflow_api.py
[2025-03-24T20:29:55.224+0000] {logging_mixin.py:150} INFO - [2025-03-24T20:29:55.223+0000] {dag.py:2742} INFO - Sync 1 DAGs
[2025-03-24T20:29:55.240+0000] {logging_mixin.py:150} INFO - [2025-03-24T20:29:55.240+0000] {dag.py:3504} INFO - Setting next_dagrun for tutorial_taskflow_api to None, run_after=None
[2025-03-24T20:29:55.255+0000] {processor.py:179} INFO - Processing /home/vscode/.local/lib/python3.10/site-packages/airflow/example_dags/tutorial_taskflow_api.py took 0.066 seconds
[2025-03-24T20:30:35.697+0000] {processor.py:157} INFO - Started process (PID=32992) to work on /home/vscode/.local/lib/python3.10/site-packages/airflow/example_dags/tutorial_taskflow_api.py
[2025-03-24T20:30:35.697+0000] {processor.py:826} INFO - Processing file /home/vscode/.local/lib/python3.10/site-packages/airflow/example_dags/tutorial_taskflow_api.py for tasks to queue
[2025-03-24T20:30:35.698+0000] {logging_mixin.py:150} INFO - [2025-03-24T20:30:35.698+0000] {dagbag.py:541} INFO - Filling up the DagBag from /home/vscode/.local/lib/python3.10/site-packages/airflow/example_dags/tutorial_taskflow_api.py
[2025-03-24T20:30:35.703+0000] {processor.py:836} INFO - DAG(s) dict_keys(['tutorial_taskflow_api']) retrieved from /home/vscode/.local/lib/python3.10/site-packages/airflow/example_dags/tutorial_taskflow_api.py
[2025-03-24T20:30:35.714+0000] {logging_mixin.py:150} INFO - [2025-03-24T20:30:35.714+0000] {dag.py:2742} INFO - Sync 1 DAGs
[2025-03-24T20:30:35.727+0000] {logging_mixin.py:150} INFO - [2025-03-24T20:30:35.727+0000] {dag.py:3504} INFO - Setting next_dagrun for tutorial_taskflow_api to None, run_after=None
[2025-03-24T20:30:35.742+0000] {processor.py:179} INFO - Processing /home/vscode/.local/lib/python3.10/site-packages/airflow/example_dags/tutorial_taskflow_api.py took 0.047 seconds
[2025-03-24T20:31:19.993+0000] {processor.py:157} INFO - Started process (PID=33290) to work on /home/vscode/.local/lib/python3.10/site-packages/airflow/example_dags/tutorial_taskflow_api.py
[2025-03-24T20:31:19.994+0000] {processor.py:826} INFO - Processing file /home/vscode/.local/lib/python3.10/site-packages/airflow/example_dags/tutorial_taskflow_api.py for tasks to queue
[2025-03-24T20:31:19.995+0000] {logging_mixin.py:150} INFO - [2025-03-24T20:31:19.994+0000] {dagbag.py:541} INFO - Filling up the DagBag from /home/vscode/.local/lib/python3.10/site-packages/airflow/example_dags/tutorial_taskflow_api.py
[2025-03-24T20:31:19.999+0000] {processor.py:836} INFO - DAG(s) dict_keys(['tutorial_taskflow_api']) retrieved from /home/vscode/.local/lib/python3.10/site-packages/airflow/example_dags/tutorial_taskflow_api.py
[2025-03-24T20:31:20.011+0000] {logging_mixin.py:150} INFO - [2025-03-24T20:31:20.011+0000] {dag.py:2742} INFO - Sync 1 DAGs
[2025-03-24T20:31:20.025+0000] {logging_mixin.py:150} INFO - [2025-03-24T20:31:20.025+0000] {dag.py:3504} INFO - Setting next_dagrun for tutorial_taskflow_api to None, run_after=None
[2025-03-24T20:31:20.040+0000] {processor.py:179} INFO - Processing /home/vscode/.local/lib/python3.10/site-packages/airflow/example_dags/tutorial_taskflow_api.py took 0.049 seconds
[2025-03-24T20:32:00.964+0000] {processor.py:157} INFO - Started process (PID=33565) to work on /home/vscode/.local/lib/python3.10/site-packages/airflow/example_dags/tutorial_taskflow_api.py
[2025-03-24T20:32:00.965+0000] {processor.py:826} INFO - Processing file /home/vscode/.local/lib/python3.10/site-packages/airflow/example_dags/tutorial_taskflow_api.py for tasks to queue
[2025-03-24T20:32:00.966+0000] {logging_mixin.py:150} INFO - [2025-03-24T20:32:00.965+0000] {dagbag.py:541} INFO - Filling up the DagBag from /home/vscode/.local/lib/python3.10/site-packages/airflow/example_dags/tutorial_taskflow_api.py
[2025-03-24T20:32:00.970+0000] {processor.py:836} INFO - DAG(s) dict_keys(['tutorial_taskflow_api']) retrieved from /home/vscode/.local/lib/python3.10/site-packages/airflow/example_dags/tutorial_taskflow_api.py
[2025-03-24T20:32:00.981+0000] {logging_mixin.py:150} INFO - [2025-03-24T20:32:00.981+0000] {dag.py:2742} INFO - Sync 1 DAGs
[2025-03-24T20:32:00.995+0000] {logging_mixin.py:150} INFO - [2025-03-24T20:32:00.994+0000] {dag.py:3504} INFO - Setting next_dagrun for tutorial_taskflow_api to None, run_after=None
[2025-03-24T20:32:01.009+0000] {processor.py:179} INFO - Processing /home/vscode/.local/lib/python3.10/site-packages/airflow/example_dags/tutorial_taskflow_api.py took 0.047 seconds
[2025-03-24T20:32:45.580+0000] {processor.py:157} INFO - Started process (PID=33871) to work on /home/vscode/.local/lib/python3.10/site-packages/airflow/example_dags/tutorial_taskflow_api.py
[2025-03-24T20:32:45.580+0000] {processor.py:826} INFO - Processing file /home/vscode/.local/lib/python3.10/site-packages/airflow/example_dags/tutorial_taskflow_api.py for tasks to queue
[2025-03-24T20:32:45.581+0000] {logging_mixin.py:150} INFO - [2025-03-24T20:32:45.581+0000] {dagbag.py:541} INFO - Filling up the DagBag from /home/vscode/.local/lib/python3.10/site-packages/airflow/example_dags/tutorial_taskflow_api.py
[2025-03-24T20:32:45.586+0000] {processor.py:836} INFO - DAG(s) dict_keys(['tutorial_taskflow_api']) retrieved from /home/vscode/.local/lib/python3.10/site-packages/airflow/example_dags/tutorial_taskflow_api.py
[2025-03-24T20:32:45.598+0000] {logging_mixin.py:150} INFO - [2025-03-24T20:32:45.598+0000] {dag.py:2742} INFO - Sync 1 DAGs
[2025-03-24T20:32:45.612+0000] {logging_mixin.py:150} INFO - [2025-03-24T20:32:45.612+0000] {dag.py:3504} INFO - Setting next_dagrun for tutorial_taskflow_api to None, run_after=None
[2025-03-24T20:32:45.627+0000] {processor.py:179} INFO - Processing /home/vscode/.local/lib/python3.10/site-packages/airflow/example_dags/tutorial_taskflow_api.py took 0.050 seconds
[2025-03-24T20:33:20.649+0000] {processor.py:157} INFO - Started process (PID=34192) to work on /home/vscode/.local/lib/python3.10/site-packages/airflow/example_dags/tutorial_taskflow_api.py
[2025-03-24T20:33:20.650+0000] {processor.py:826} INFO - Processing file /home/vscode/.local/lib/python3.10/site-packages/airflow/example_dags/tutorial_taskflow_api.py for tasks to queue
[2025-03-24T20:33:20.651+0000] {logging_mixin.py:150} INFO - [2025-03-24T20:33:20.650+0000] {dagbag.py:541} INFO - Filling up the DagBag from /home/vscode/.local/lib/python3.10/site-packages/airflow/example_dags/tutorial_taskflow_api.py
[2025-03-24T20:33:20.655+0000] {processor.py:836} INFO - DAG(s) dict_keys(['tutorial_taskflow_api']) retrieved from /home/vscode/.local/lib/python3.10/site-packages/airflow/example_dags/tutorial_taskflow_api.py
[2025-03-24T20:33:20.667+0000] {logging_mixin.py:150} INFO - [2025-03-24T20:33:20.667+0000] {dag.py:2742} INFO - Sync 1 DAGs
[2025-03-24T20:33:20.681+0000] {logging_mixin.py:150} INFO - [2025-03-24T20:33:20.681+0000] {dag.py:3504} INFO - Setting next_dagrun for tutorial_taskflow_api to None, run_after=None
[2025-03-24T20:33:20.696+0000] {processor.py:179} INFO - Processing /home/vscode/.local/lib/python3.10/site-packages/airflow/example_dags/tutorial_taskflow_api.py took 0.050 seconds
[2025-03-24T20:34:08.625+0000] {processor.py:157} INFO - Started process (PID=34519) to work on /home/vscode/.local/lib/python3.10/site-packages/airflow/example_dags/tutorial_taskflow_api.py
[2025-03-24T20:34:08.626+0000] {processor.py:826} INFO - Processing file /home/vscode/.local/lib/python3.10/site-packages/airflow/example_dags/tutorial_taskflow_api.py for tasks to queue
[2025-03-24T20:34:08.626+0000] {logging_mixin.py:150} INFO - [2025-03-24T20:34:08.626+0000] {dagbag.py:541} INFO - Filling up the DagBag from /home/vscode/.local/lib/python3.10/site-packages/airflow/example_dags/tutorial_taskflow_api.py
[2025-03-24T20:34:08.631+0000] {processor.py:836} INFO - DAG(s) dict_keys(['tutorial_taskflow_api']) retrieved from /home/vscode/.local/lib/python3.10/site-packages/airflow/example_dags/tutorial_taskflow_api.py
[2025-03-24T20:34:08.642+0000] {logging_mixin.py:150} INFO - [2025-03-24T20:34:08.642+0000] {dag.py:2742} INFO - Sync 1 DAGs
[2025-03-24T20:34:08.656+0000] {logging_mixin.py:150} INFO - [2025-03-24T20:34:08.656+0000] {dag.py:3504} INFO - Setting next_dagrun for tutorial_taskflow_api to None, run_after=None
[2025-03-24T20:34:08.671+0000] {processor.py:179} INFO - Processing /home/vscode/.local/lib/python3.10/site-packages/airflow/example_dags/tutorial_taskflow_api.py took 0.048 seconds
[2025-03-24T20:34:52.037+0000] {processor.py:157} INFO - Started process (PID=34806) to work on /home/vscode/.local/lib/python3.10/site-packages/airflow/example_dags/tutorial_taskflow_api.py
[2025-03-24T20:34:52.038+0000] {processor.py:826} INFO - Processing file /home/vscode/.local/lib/python3.10/site-packages/airflow/example_dags/tutorial_taskflow_api.py for tasks to queue
[2025-03-24T20:34:52.039+0000] {logging_mixin.py:150} INFO - [2025-03-24T20:34:52.038+0000] {dagbag.py:541} INFO - Filling up the DagBag from /home/vscode/.local/lib/python3.10/site-packages/airflow/example_dags/tutorial_taskflow_api.py
[2025-03-24T20:34:52.043+0000] {processor.py:836} INFO - DAG(s) dict_keys(['tutorial_taskflow_api']) retrieved from /home/vscode/.local/lib/python3.10/site-packages/airflow/example_dags/tutorial_taskflow_api.py
[2025-03-24T20:34:52.055+0000] {logging_mixin.py:150} INFO - [2025-03-24T20:34:52.055+0000] {dag.py:2742} INFO - Sync 1 DAGs
[2025-03-24T20:34:52.069+0000] {logging_mixin.py:150} INFO - [2025-03-24T20:34:52.069+0000] {dag.py:3504} INFO - Setting next_dagrun for tutorial_taskflow_api to None, run_after=None
[2025-03-24T20:34:52.085+0000] {processor.py:179} INFO - Processing /home/vscode/.local/lib/python3.10/site-packages/airflow/example_dags/tutorial_taskflow_api.py took 0.049 seconds
[2025-03-24T20:35:38.619+0000] {processor.py:157} INFO - Started process (PID=35126) to work on /home/vscode/.local/lib/python3.10/site-packages/airflow/example_dags/tutorial_taskflow_api.py
[2025-03-24T20:35:38.620+0000] {processor.py:826} INFO - Processing file /home/vscode/.local/lib/python3.10/site-packages/airflow/example_dags/tutorial_taskflow_api.py for tasks to queue
[2025-03-24T20:35:38.621+0000] {logging_mixin.py:150} INFO - [2025-03-24T20:35:38.620+0000] {dagbag.py:541} INFO - Filling up the DagBag from /home/vscode/.local/lib/python3.10/site-packages/airflow/example_dags/tutorial_taskflow_api.py
[2025-03-24T20:35:38.625+0000] {processor.py:836} INFO - DAG(s) dict_keys(['tutorial_taskflow_api']) retrieved from /home/vscode/.local/lib/python3.10/site-packages/airflow/example_dags/tutorial_taskflow_api.py
[2025-03-24T20:35:38.636+0000] {logging_mixin.py:150} INFO - [2025-03-24T20:35:38.636+0000] {dag.py:2742} INFO - Sync 1 DAGs
[2025-03-24T20:35:38.650+0000] {logging_mixin.py:150} INFO - [2025-03-24T20:35:38.650+0000] {dag.py:3504} INFO - Setting next_dagrun for tutorial_taskflow_api to None, run_after=None
[2025-03-24T20:35:38.664+0000] {processor.py:179} INFO - Processing /home/vscode/.local/lib/python3.10/site-packages/airflow/example_dags/tutorial_taskflow_api.py took 0.047 seconds
[2025-03-24T20:36:21.858+0000] {processor.py:157} INFO - Started process (PID=35412) to work on /home/vscode/.local/lib/python3.10/site-packages/airflow/example_dags/tutorial_taskflow_api.py
[2025-03-24T20:36:21.858+0000] {processor.py:826} INFO - Processing file /home/vscode/.local/lib/python3.10/site-packages/airflow/example_dags/tutorial_taskflow_api.py for tasks to queue
[2025-03-24T20:36:21.859+0000] {logging_mixin.py:150} INFO - [2025-03-24T20:36:21.859+0000] {dagbag.py:541} INFO - Filling up the DagBag from /home/vscode/.local/lib/python3.10/site-packages/airflow/example_dags/tutorial_taskflow_api.py
[2025-03-24T20:36:21.864+0000] {processor.py:836} INFO - DAG(s) dict_keys(['tutorial_taskflow_api']) retrieved from /home/vscode/.local/lib/python3.10/site-packages/airflow/example_dags/tutorial_taskflow_api.py
[2025-03-24T20:36:21.876+0000] {logging_mixin.py:150} INFO - [2025-03-24T20:36:21.876+0000] {dag.py:2742} INFO - Sync 1 DAGs
[2025-03-24T20:36:21.892+0000] {logging_mixin.py:150} INFO - [2025-03-24T20:36:21.892+0000] {dag.py:3504} INFO - Setting next_dagrun for tutorial_taskflow_api to None, run_after=None
[2025-03-24T20:36:21.907+0000] {processor.py:179} INFO - Processing /home/vscode/.local/lib/python3.10/site-packages/airflow/example_dags/tutorial_taskflow_api.py took 0.052 seconds
[2025-03-24T20:37:09.004+0000] {processor.py:157} INFO - Started process (PID=35778) to work on /home/vscode/.local/lib/python3.10/site-packages/airflow/example_dags/tutorial_taskflow_api.py
[2025-03-24T20:37:09.005+0000] {processor.py:826} INFO - Processing file /home/vscode/.local/lib/python3.10/site-packages/airflow/example_dags/tutorial_taskflow_api.py for tasks to queue
[2025-03-24T20:37:09.006+0000] {logging_mixin.py:150} INFO - [2025-03-24T20:37:09.006+0000] {dagbag.py:541} INFO - Filling up the DagBag from /home/vscode/.local/lib/python3.10/site-packages/airflow/example_dags/tutorial_taskflow_api.py
[2025-03-24T20:37:09.013+0000] {processor.py:836} INFO - DAG(s) dict_keys(['tutorial_taskflow_api']) retrieved from /home/vscode/.local/lib/python3.10/site-packages/airflow/example_dags/tutorial_taskflow_api.py
[2025-03-24T20:37:09.030+0000] {logging_mixin.py:150} INFO - [2025-03-24T20:37:09.030+0000] {dag.py:2742} INFO - Sync 1 DAGs
[2025-03-24T20:37:09.049+0000] {logging_mixin.py:150} INFO - [2025-03-24T20:37:09.049+0000] {dag.py:3504} INFO - Setting next_dagrun for tutorial_taskflow_api to None, run_after=None
[2025-03-24T20:37:09.067+0000] {processor.py:179} INFO - Processing /home/vscode/.local/lib/python3.10/site-packages/airflow/example_dags/tutorial_taskflow_api.py took 0.066 seconds
[2025-03-24T20:37:51.845+0000] {processor.py:157} INFO - Started process (PID=36062) to work on /home/vscode/.local/lib/python3.10/site-packages/airflow/example_dags/tutorial_taskflow_api.py
[2025-03-24T20:37:51.846+0000] {processor.py:826} INFO - Processing file /home/vscode/.local/lib/python3.10/site-packages/airflow/example_dags/tutorial_taskflow_api.py for tasks to queue
[2025-03-24T20:37:51.847+0000] {logging_mixin.py:150} INFO - [2025-03-24T20:37:51.846+0000] {dagbag.py:541} INFO - Filling up the DagBag from /home/vscode/.local/lib/python3.10/site-packages/airflow/example_dags/tutorial_taskflow_api.py
[2025-03-24T20:37:51.851+0000] {processor.py:836} INFO - DAG(s) dict_keys(['tutorial_taskflow_api']) retrieved from /home/vscode/.local/lib/python3.10/site-packages/airflow/example_dags/tutorial_taskflow_api.py
[2025-03-24T20:37:51.862+0000] {logging_mixin.py:150} INFO - [2025-03-24T20:37:51.862+0000] {dag.py:2742} INFO - Sync 1 DAGs
[2025-03-24T20:37:51.882+0000] {logging_mixin.py:150} INFO - [2025-03-24T20:37:51.882+0000] {dag.py:3504} INFO - Setting next_dagrun for tutorial_taskflow_api to None, run_after=None
[2025-03-24T20:37:51.923+0000] {processor.py:179} INFO - Processing /home/vscode/.local/lib/python3.10/site-packages/airflow/example_dags/tutorial_taskflow_api.py took 0.080 seconds
