[2025-03-24T20:12:24.222+0000] {processor.py:157} INFO - Started process (PID=25003) to work on /home/vscode/.local/lib/python3.10/site-packages/airflow/example_dags/tutorial.py
[2025-03-24T20:12:24.222+0000] {processor.py:826} INFO - Processing file /home/vscode/.local/lib/python3.10/site-packages/airflow/example_dags/tutorial.py for tasks to queue
[2025-03-24T20:12:24.223+0000] {logging_mixin.py:150} INFO - [2025-03-24T20:12:24.223+0000] {dagbag.py:541} INFO - Filling up the DagBag from /home/vscode/.local/lib/python3.10/site-packages/airflow/example_dags/tutorial.py
[2025-03-24T20:12:24.231+0000] {processor.py:836} INFO - DAG(s) dict_keys(['tutorial']) retrieved from /home/vscode/.local/lib/python3.10/site-packages/airflow/example_dags/tutorial.py
[2025-03-24T20:12:24.311+0000] {logging_mixin.py:150} INFO - [2025-03-24T20:12:24.311+0000] {manager.py:504} INFO - Created Permission View: can delete on DAG:tutorial
[2025-03-24T20:12:24.319+0000] {logging_mixin.py:150} INFO - [2025-03-24T20:12:24.319+0000] {manager.py:504} INFO - Created Permission View: can edit on DAG:tutorial
[2025-03-24T20:12:24.325+0000] {logging_mixin.py:150} INFO - [2025-03-24T20:12:24.325+0000] {manager.py:504} INFO - Created Permission View: can read on DAG:tutorial
[2025-03-24T20:12:24.333+0000] {logging_mixin.py:150} INFO - [2025-03-24T20:12:24.333+0000] {dag.py:2742} INFO - Sync 1 DAGs
[2025-03-24T20:12:24.339+0000] {logging_mixin.py:150} INFO - [2025-03-24T20:12:24.339+0000] {dag.py:2763} INFO - Creating ORM DAG for tutorial
[2025-03-24T20:12:24.347+0000] {logging_mixin.py:150} INFO - [2025-03-24T20:12:24.346+0000] {dag.py:3504} INFO - Setting next_dagrun for tutorial to 2025-03-23T20:12:24.346792+00:00, run_after=2025-03-24T20:12:24.346792+00:00
[2025-03-24T20:12:24.362+0000] {processor.py:179} INFO - Processing /home/vscode/.local/lib/python3.10/site-packages/airflow/example_dags/tutorial.py took 0.142 seconds
[2025-03-24T20:13:14.533+0000] {processor.py:157} INFO - Started process (PID=25386) to work on /home/vscode/.local/lib/python3.10/site-packages/airflow/example_dags/tutorial.py
[2025-03-24T20:13:14.533+0000] {processor.py:826} INFO - Processing file /home/vscode/.local/lib/python3.10/site-packages/airflow/example_dags/tutorial.py for tasks to queue
[2025-03-24T20:13:14.534+0000] {logging_mixin.py:150} INFO - [2025-03-24T20:13:14.534+0000] {dagbag.py:541} INFO - Filling up the DagBag from /home/vscode/.local/lib/python3.10/site-packages/airflow/example_dags/tutorial.py
[2025-03-24T20:13:14.539+0000] {processor.py:836} INFO - DAG(s) dict_keys(['tutorial']) retrieved from /home/vscode/.local/lib/python3.10/site-packages/airflow/example_dags/tutorial.py
[2025-03-24T20:13:14.550+0000] {logging_mixin.py:150} INFO - [2025-03-24T20:13:14.550+0000] {dag.py:2742} INFO - Sync 1 DAGs
[2025-03-24T20:13:14.564+0000] {logging_mixin.py:150} INFO - [2025-03-24T20:13:14.564+0000] {dag.py:3504} INFO - Setting next_dagrun for tutorial to 2025-03-23T20:13:14.563889+00:00, run_after=2025-03-24T20:13:14.563889+00:00
[2025-03-24T20:13:14.579+0000] {processor.py:179} INFO - Processing /home/vscode/.local/lib/python3.10/site-packages/airflow/example_dags/tutorial.py took 0.049 seconds
[2025-03-24T20:13:58.491+0000] {processor.py:157} INFO - Started process (PID=25678) to work on /home/vscode/.local/lib/python3.10/site-packages/airflow/example_dags/tutorial.py
[2025-03-24T20:13:58.492+0000] {processor.py:826} INFO - Processing file /home/vscode/.local/lib/python3.10/site-packages/airflow/example_dags/tutorial.py for tasks to queue
[2025-03-24T20:13:58.493+0000] {logging_mixin.py:150} INFO - [2025-03-24T20:13:58.492+0000] {dagbag.py:541} INFO - Filling up the DagBag from /home/vscode/.local/lib/python3.10/site-packages/airflow/example_dags/tutorial.py
[2025-03-24T20:13:58.498+0000] {processor.py:836} INFO - DAG(s) dict_keys(['tutorial']) retrieved from /home/vscode/.local/lib/python3.10/site-packages/airflow/example_dags/tutorial.py
[2025-03-24T20:13:58.509+0000] {logging_mixin.py:150} INFO - [2025-03-24T20:13:58.509+0000] {dag.py:2742} INFO - Sync 1 DAGs
[2025-03-24T20:13:58.526+0000] {logging_mixin.py:150} INFO - [2025-03-24T20:13:58.525+0000] {dag.py:3504} INFO - Setting next_dagrun for tutorial to 2025-03-23T20:13:58.525653+00:00, run_after=2025-03-24T20:13:58.525653+00:00
[2025-03-24T20:13:58.556+0000] {processor.py:179} INFO - Processing /home/vscode/.local/lib/python3.10/site-packages/airflow/example_dags/tutorial.py took 0.067 seconds
[2025-03-24T20:14:38.440+0000] {processor.py:157} INFO - Started process (PID=25948) to work on /home/vscode/.local/lib/python3.10/site-packages/airflow/example_dags/tutorial.py
[2025-03-24T20:14:38.441+0000] {processor.py:826} INFO - Processing file /home/vscode/.local/lib/python3.10/site-packages/airflow/example_dags/tutorial.py for tasks to queue
[2025-03-24T20:14:38.441+0000] {logging_mixin.py:150} INFO - [2025-03-24T20:14:38.441+0000] {dagbag.py:541} INFO - Filling up the DagBag from /home/vscode/.local/lib/python3.10/site-packages/airflow/example_dags/tutorial.py
[2025-03-24T20:14:38.446+0000] {processor.py:836} INFO - DAG(s) dict_keys(['tutorial']) retrieved from /home/vscode/.local/lib/python3.10/site-packages/airflow/example_dags/tutorial.py
[2025-03-24T20:14:38.457+0000] {logging_mixin.py:150} INFO - [2025-03-24T20:14:38.457+0000] {dag.py:2742} INFO - Sync 1 DAGs
[2025-03-24T20:14:38.472+0000] {logging_mixin.py:150} INFO - [2025-03-24T20:14:38.471+0000] {dag.py:3504} INFO - Setting next_dagrun for tutorial to 2025-03-23T20:14:38.471793+00:00, run_after=2025-03-24T20:14:38.471793+00:00
[2025-03-24T20:14:38.487+0000] {processor.py:179} INFO - Processing /home/vscode/.local/lib/python3.10/site-packages/airflow/example_dags/tutorial.py took 0.049 seconds
[2025-03-24T20:15:19.088+0000] {processor.py:157} INFO - Started process (PID=26240) to work on /home/vscode/.local/lib/python3.10/site-packages/airflow/example_dags/tutorial.py
[2025-03-24T20:15:19.089+0000] {processor.py:826} INFO - Processing file /home/vscode/.local/lib/python3.10/site-packages/airflow/example_dags/tutorial.py for tasks to queue
[2025-03-24T20:15:19.089+0000] {logging_mixin.py:150} INFO - [2025-03-24T20:15:19.089+0000] {dagbag.py:541} INFO - Filling up the DagBag from /home/vscode/.local/lib/python3.10/site-packages/airflow/example_dags/tutorial.py
[2025-03-24T20:15:19.094+0000] {processor.py:836} INFO - DAG(s) dict_keys(['tutorial']) retrieved from /home/vscode/.local/lib/python3.10/site-packages/airflow/example_dags/tutorial.py
[2025-03-24T20:15:19.104+0000] {logging_mixin.py:150} INFO - [2025-03-24T20:15:19.104+0000] {dag.py:2742} INFO - Sync 1 DAGs
[2025-03-24T20:15:19.118+0000] {logging_mixin.py:150} INFO - [2025-03-24T20:15:19.118+0000] {dag.py:3504} INFO - Setting next_dagrun for tutorial to 2025-03-23T20:15:19.118414+00:00, run_after=2025-03-24T20:15:19.118414+00:00
[2025-03-24T20:15:19.134+0000] {processor.py:179} INFO - Processing /home/vscode/.local/lib/python3.10/site-packages/airflow/example_dags/tutorial.py took 0.048 seconds
[2025-03-24T20:15:54.316+0000] {processor.py:157} INFO - Started process (PID=26466) to work on /home/vscode/.local/lib/python3.10/site-packages/airflow/example_dags/tutorial.py
[2025-03-24T20:15:54.317+0000] {processor.py:826} INFO - Processing file /home/vscode/.local/lib/python3.10/site-packages/airflow/example_dags/tutorial.py for tasks to queue
[2025-03-24T20:15:54.317+0000] {logging_mixin.py:150} INFO - [2025-03-24T20:15:54.317+0000] {dagbag.py:541} INFO - Filling up the DagBag from /home/vscode/.local/lib/python3.10/site-packages/airflow/example_dags/tutorial.py
[2025-03-24T20:15:54.322+0000] {processor.py:836} INFO - DAG(s) dict_keys(['tutorial']) retrieved from /home/vscode/.local/lib/python3.10/site-packages/airflow/example_dags/tutorial.py
[2025-03-24T20:15:54.333+0000] {logging_mixin.py:150} INFO - [2025-03-24T20:15:54.333+0000] {dag.py:2742} INFO - Sync 1 DAGs
[2025-03-24T20:15:54.348+0000] {logging_mixin.py:150} INFO - [2025-03-24T20:15:54.348+0000] {dag.py:3504} INFO - Setting next_dagrun for tutorial to 2025-03-23T20:15:54.347855+00:00, run_after=2025-03-24T20:15:54.347855+00:00
[2025-03-24T20:15:54.363+0000] {processor.py:179} INFO - Processing /home/vscode/.local/lib/python3.10/site-packages/airflow/example_dags/tutorial.py took 0.049 seconds
[2025-03-24T20:16:39.738+0000] {processor.py:157} INFO - Started process (PID=26773) to work on /home/vscode/.local/lib/python3.10/site-packages/airflow/example_dags/tutorial.py
[2025-03-24T20:16:39.739+0000] {processor.py:826} INFO - Processing file /home/vscode/.local/lib/python3.10/site-packages/airflow/example_dags/tutorial.py for tasks to queue
[2025-03-24T20:16:39.739+0000] {logging_mixin.py:150} INFO - [2025-03-24T20:16:39.739+0000] {dagbag.py:541} INFO - Filling up the DagBag from /home/vscode/.local/lib/python3.10/site-packages/airflow/example_dags/tutorial.py
[2025-03-24T20:16:39.744+0000] {processor.py:836} INFO - DAG(s) dict_keys(['tutorial']) retrieved from /home/vscode/.local/lib/python3.10/site-packages/airflow/example_dags/tutorial.py
[2025-03-24T20:16:39.755+0000] {logging_mixin.py:150} INFO - [2025-03-24T20:16:39.755+0000] {dag.py:2742} INFO - Sync 1 DAGs
[2025-03-24T20:16:39.769+0000] {logging_mixin.py:150} INFO - [2025-03-24T20:16:39.768+0000] {dag.py:3504} INFO - Setting next_dagrun for tutorial to 2025-03-23T20:16:39.768780+00:00, run_after=2025-03-24T20:16:39.768780+00:00
[2025-03-24T20:16:39.785+0000] {processor.py:179} INFO - Processing /home/vscode/.local/lib/python3.10/site-packages/airflow/example_dags/tutorial.py took 0.049 seconds
[2025-03-24T20:17:13.624+0000] {processor.py:157} INFO - Started process (PID=26996) to work on /home/vscode/.local/lib/python3.10/site-packages/airflow/example_dags/tutorial.py
[2025-03-24T20:17:13.624+0000] {processor.py:826} INFO - Processing file /home/vscode/.local/lib/python3.10/site-packages/airflow/example_dags/tutorial.py for tasks to queue
[2025-03-24T20:17:13.625+0000] {logging_mixin.py:150} INFO - [2025-03-24T20:17:13.625+0000] {dagbag.py:541} INFO - Filling up the DagBag from /home/vscode/.local/lib/python3.10/site-packages/airflow/example_dags/tutorial.py
[2025-03-24T20:17:13.630+0000] {processor.py:836} INFO - DAG(s) dict_keys(['tutorial']) retrieved from /home/vscode/.local/lib/python3.10/site-packages/airflow/example_dags/tutorial.py
[2025-03-24T20:17:13.640+0000] {logging_mixin.py:150} INFO - [2025-03-24T20:17:13.640+0000] {dag.py:2742} INFO - Sync 1 DAGs
[2025-03-24T20:17:13.654+0000] {logging_mixin.py:150} INFO - [2025-03-24T20:17:13.654+0000] {dag.py:3504} INFO - Setting next_dagrun for tutorial to 2025-03-23T20:17:13.654341+00:00, run_after=2025-03-24T20:17:13.654341+00:00
[2025-03-24T20:17:13.669+0000] {processor.py:179} INFO - Processing /home/vscode/.local/lib/python3.10/site-packages/airflow/example_dags/tutorial.py took 0.047 seconds
[2025-03-24T20:17:57.775+0000] {processor.py:157} INFO - Started process (PID=27283) to work on /home/vscode/.local/lib/python3.10/site-packages/airflow/example_dags/tutorial.py
[2025-03-24T20:17:57.775+0000] {processor.py:826} INFO - Processing file /home/vscode/.local/lib/python3.10/site-packages/airflow/example_dags/tutorial.py for tasks to queue
[2025-03-24T20:17:57.776+0000] {logging_mixin.py:150} INFO - [2025-03-24T20:17:57.776+0000] {dagbag.py:541} INFO - Filling up the DagBag from /home/vscode/.local/lib/python3.10/site-packages/airflow/example_dags/tutorial.py
[2025-03-24T20:17:57.781+0000] {processor.py:836} INFO - DAG(s) dict_keys(['tutorial']) retrieved from /home/vscode/.local/lib/python3.10/site-packages/airflow/example_dags/tutorial.py
[2025-03-24T20:17:57.791+0000] {logging_mixin.py:150} INFO - [2025-03-24T20:17:57.791+0000] {dag.py:2742} INFO - Sync 1 DAGs
[2025-03-24T20:17:57.805+0000] {logging_mixin.py:150} INFO - [2025-03-24T20:17:57.805+0000] {dag.py:3504} INFO - Setting next_dagrun for tutorial to 2025-03-23T20:17:57.805614+00:00, run_after=2025-03-24T20:17:57.805614+00:00
[2025-03-24T20:17:57.821+0000] {processor.py:179} INFO - Processing /home/vscode/.local/lib/python3.10/site-packages/airflow/example_dags/tutorial.py took 0.048 seconds
[2025-03-24T20:18:40.907+0000] {processor.py:157} INFO - Started process (PID=27575) to work on /home/vscode/.local/lib/python3.10/site-packages/airflow/example_dags/tutorial.py
[2025-03-24T20:18:40.908+0000] {processor.py:826} INFO - Processing file /home/vscode/.local/lib/python3.10/site-packages/airflow/example_dags/tutorial.py for tasks to queue
[2025-03-24T20:18:40.909+0000] {logging_mixin.py:150} INFO - [2025-03-24T20:18:40.908+0000] {dagbag.py:541} INFO - Filling up the DagBag from /home/vscode/.local/lib/python3.10/site-packages/airflow/example_dags/tutorial.py
[2025-03-24T20:18:40.913+0000] {processor.py:836} INFO - DAG(s) dict_keys(['tutorial']) retrieved from /home/vscode/.local/lib/python3.10/site-packages/airflow/example_dags/tutorial.py
[2025-03-24T20:18:40.924+0000] {logging_mixin.py:150} INFO - [2025-03-24T20:18:40.924+0000] {dag.py:2742} INFO - Sync 1 DAGs
[2025-03-24T20:18:40.938+0000] {logging_mixin.py:150} INFO - [2025-03-24T20:18:40.938+0000] {dag.py:3504} INFO - Setting next_dagrun for tutorial to 2025-03-23T20:18:40.938151+00:00, run_after=2025-03-24T20:18:40.938151+00:00
[2025-03-24T20:18:40.954+0000] {processor.py:179} INFO - Processing /home/vscode/.local/lib/python3.10/site-packages/airflow/example_dags/tutorial.py took 0.049 seconds
[2025-03-24T20:19:23.007+0000] {processor.py:157} INFO - Started process (PID=27858) to work on /home/vscode/.local/lib/python3.10/site-packages/airflow/example_dags/tutorial.py
[2025-03-24T20:19:23.007+0000] {processor.py:826} INFO - Processing file /home/vscode/.local/lib/python3.10/site-packages/airflow/example_dags/tutorial.py for tasks to queue
[2025-03-24T20:19:23.008+0000] {logging_mixin.py:150} INFO - [2025-03-24T20:19:23.008+0000] {dagbag.py:541} INFO - Filling up the DagBag from /home/vscode/.local/lib/python3.10/site-packages/airflow/example_dags/tutorial.py
[2025-03-24T20:19:23.014+0000] {processor.py:836} INFO - DAG(s) dict_keys(['tutorial']) retrieved from /home/vscode/.local/lib/python3.10/site-packages/airflow/example_dags/tutorial.py
[2025-03-24T20:19:23.026+0000] {logging_mixin.py:150} INFO - [2025-03-24T20:19:23.026+0000] {dag.py:2742} INFO - Sync 1 DAGs
[2025-03-24T20:19:23.041+0000] {logging_mixin.py:150} INFO - [2025-03-24T20:19:23.041+0000] {dag.py:3504} INFO - Setting next_dagrun for tutorial to 2025-03-23T20:19:23.041124+00:00, run_after=2025-03-24T20:19:23.041124+00:00
[2025-03-24T20:19:23.057+0000] {processor.py:179} INFO - Processing /home/vscode/.local/lib/python3.10/site-packages/airflow/example_dags/tutorial.py took 0.053 seconds
[2025-03-24T20:20:08.115+0000] {processor.py:157} INFO - Started process (PID=28182) to work on /home/vscode/.local/lib/python3.10/site-packages/airflow/example_dags/tutorial.py
[2025-03-24T20:20:08.116+0000] {processor.py:826} INFO - Processing file /home/vscode/.local/lib/python3.10/site-packages/airflow/example_dags/tutorial.py for tasks to queue
[2025-03-24T20:20:08.117+0000] {logging_mixin.py:150} INFO - [2025-03-24T20:20:08.116+0000] {dagbag.py:541} INFO - Filling up the DagBag from /home/vscode/.local/lib/python3.10/site-packages/airflow/example_dags/tutorial.py
[2025-03-24T20:20:08.121+0000] {processor.py:836} INFO - DAG(s) dict_keys(['tutorial']) retrieved from /home/vscode/.local/lib/python3.10/site-packages/airflow/example_dags/tutorial.py
[2025-03-24T20:20:08.132+0000] {logging_mixin.py:150} INFO - [2025-03-24T20:20:08.132+0000] {dag.py:2742} INFO - Sync 1 DAGs
[2025-03-24T20:20:08.146+0000] {logging_mixin.py:150} INFO - [2025-03-24T20:20:08.146+0000] {dag.py:3504} INFO - Setting next_dagrun for tutorial to 2025-03-23T20:20:08.145903+00:00, run_after=2025-03-24T20:20:08.145903+00:00
[2025-03-24T20:20:08.161+0000] {processor.py:179} INFO - Processing /home/vscode/.local/lib/python3.10/site-packages/airflow/example_dags/tutorial.py took 0.048 seconds
[2025-03-24T20:20:40.698+0000] {processor.py:157} INFO - Started process (PID=28431) to work on /home/vscode/.local/lib/python3.10/site-packages/airflow/example_dags/tutorial.py
[2025-03-24T20:20:40.699+0000] {processor.py:826} INFO - Processing file /home/vscode/.local/lib/python3.10/site-packages/airflow/example_dags/tutorial.py for tasks to queue
[2025-03-24T20:20:40.700+0000] {logging_mixin.py:150} INFO - [2025-03-24T20:20:40.699+0000] {dagbag.py:541} INFO - Filling up the DagBag from /home/vscode/.local/lib/python3.10/site-packages/airflow/example_dags/tutorial.py
[2025-03-24T20:20:40.705+0000] {processor.py:836} INFO - DAG(s) dict_keys(['tutorial']) retrieved from /home/vscode/.local/lib/python3.10/site-packages/airflow/example_dags/tutorial.py
[2025-03-24T20:20:40.715+0000] {logging_mixin.py:150} INFO - [2025-03-24T20:20:40.715+0000] {dag.py:2742} INFO - Sync 1 DAGs
[2025-03-24T20:20:40.730+0000] {logging_mixin.py:150} INFO - [2025-03-24T20:20:40.730+0000] {dag.py:3504} INFO - Setting next_dagrun for tutorial to 2025-03-23T20:20:40.729892+00:00, run_after=2025-03-24T20:20:40.729892+00:00
[2025-03-24T20:20:40.745+0000] {processor.py:179} INFO - Processing /home/vscode/.local/lib/python3.10/site-packages/airflow/example_dags/tutorial.py took 0.049 seconds
[2025-03-24T20:21:13.210+0000] {processor.py:157} INFO - Started process (PID=28680) to work on /home/vscode/.local/lib/python3.10/site-packages/airflow/example_dags/tutorial.py
[2025-03-24T20:21:13.210+0000] {processor.py:826} INFO - Processing file /home/vscode/.local/lib/python3.10/site-packages/airflow/example_dags/tutorial.py for tasks to queue
[2025-03-24T20:21:13.211+0000] {logging_mixin.py:150} INFO - [2025-03-24T20:21:13.210+0000] {dagbag.py:541} INFO - Filling up the DagBag from /home/vscode/.local/lib/python3.10/site-packages/airflow/example_dags/tutorial.py
[2025-03-24T20:21:13.215+0000] {processor.py:836} INFO - DAG(s) dict_keys(['tutorial']) retrieved from /home/vscode/.local/lib/python3.10/site-packages/airflow/example_dags/tutorial.py
[2025-03-24T20:21:13.227+0000] {logging_mixin.py:150} INFO - [2025-03-24T20:21:13.226+0000] {dag.py:2742} INFO - Sync 1 DAGs
[2025-03-24T20:21:13.240+0000] {logging_mixin.py:150} INFO - [2025-03-24T20:21:13.240+0000] {dag.py:3504} INFO - Setting next_dagrun for tutorial to 2025-03-23T20:21:13.240701+00:00, run_after=2025-03-24T20:21:13.240701+00:00
[2025-03-24T20:21:13.256+0000] {processor.py:179} INFO - Processing /home/vscode/.local/lib/python3.10/site-packages/airflow/example_dags/tutorial.py took 0.048 seconds
[2025-03-24T20:21:59.997+0000] {processor.py:157} INFO - Started process (PID=29026) to work on /home/vscode/.local/lib/python3.10/site-packages/airflow/example_dags/tutorial.py
[2025-03-24T20:21:59.998+0000] {processor.py:826} INFO - Processing file /home/vscode/.local/lib/python3.10/site-packages/airflow/example_dags/tutorial.py for tasks to queue
[2025-03-24T20:21:59.999+0000] {logging_mixin.py:150} INFO - [2025-03-24T20:21:59.999+0000] {dagbag.py:541} INFO - Filling up the DagBag from /home/vscode/.local/lib/python3.10/site-packages/airflow/example_dags/tutorial.py
[2025-03-24T20:22:00.004+0000] {processor.py:836} INFO - DAG(s) dict_keys(['tutorial']) retrieved from /home/vscode/.local/lib/python3.10/site-packages/airflow/example_dags/tutorial.py
[2025-03-24T20:22:00.016+0000] {logging_mixin.py:150} INFO - [2025-03-24T20:22:00.016+0000] {dag.py:2742} INFO - Sync 1 DAGs
[2025-03-24T20:22:00.035+0000] {logging_mixin.py:150} INFO - [2025-03-24T20:22:00.035+0000] {dag.py:3504} INFO - Setting next_dagrun for tutorial to 2025-03-23T20:22:00.034947+00:00, run_after=2025-03-24T20:22:00.034947+00:00
[2025-03-24T20:22:00.057+0000] {processor.py:179} INFO - Processing /home/vscode/.local/lib/python3.10/site-packages/airflow/example_dags/tutorial.py took 0.062 seconds
[2025-03-24T20:22:42.262+0000] {processor.py:157} INFO - Started process (PID=29346) to work on /home/vscode/.local/lib/python3.10/site-packages/airflow/example_dags/tutorial.py
[2025-03-24T20:22:42.263+0000] {processor.py:826} INFO - Processing file /home/vscode/.local/lib/python3.10/site-packages/airflow/example_dags/tutorial.py for tasks to queue
[2025-03-24T20:22:42.263+0000] {logging_mixin.py:150} INFO - [2025-03-24T20:22:42.263+0000] {dagbag.py:541} INFO - Filling up the DagBag from /home/vscode/.local/lib/python3.10/site-packages/airflow/example_dags/tutorial.py
[2025-03-24T20:22:42.269+0000] {processor.py:836} INFO - DAG(s) dict_keys(['tutorial']) retrieved from /home/vscode/.local/lib/python3.10/site-packages/airflow/example_dags/tutorial.py
[2025-03-24T20:22:42.279+0000] {logging_mixin.py:150} INFO - [2025-03-24T20:22:42.279+0000] {dag.py:2742} INFO - Sync 1 DAGs
[2025-03-24T20:22:42.293+0000] {logging_mixin.py:150} INFO - [2025-03-24T20:22:42.293+0000] {dag.py:3504} INFO - Setting next_dagrun for tutorial to 2025-03-23T20:22:42.293308+00:00, run_after=2025-03-24T20:22:42.293308+00:00
[2025-03-24T20:22:42.308+0000] {processor.py:179} INFO - Processing /home/vscode/.local/lib/python3.10/site-packages/airflow/example_dags/tutorial.py took 0.048 seconds
[2025-03-24T20:23:15.335+0000] {processor.py:157} INFO - Started process (PID=29591) to work on /home/vscode/.local/lib/python3.10/site-packages/airflow/example_dags/tutorial.py
[2025-03-24T20:23:15.335+0000] {processor.py:826} INFO - Processing file /home/vscode/.local/lib/python3.10/site-packages/airflow/example_dags/tutorial.py for tasks to queue
[2025-03-24T20:23:15.336+0000] {logging_mixin.py:150} INFO - [2025-03-24T20:23:15.336+0000] {dagbag.py:541} INFO - Filling up the DagBag from /home/vscode/.local/lib/python3.10/site-packages/airflow/example_dags/tutorial.py
[2025-03-24T20:23:15.341+0000] {processor.py:836} INFO - DAG(s) dict_keys(['tutorial']) retrieved from /home/vscode/.local/lib/python3.10/site-packages/airflow/example_dags/tutorial.py
[2025-03-24T20:23:15.351+0000] {logging_mixin.py:150} INFO - [2025-03-24T20:23:15.351+0000] {dag.py:2742} INFO - Sync 1 DAGs
[2025-03-24T20:23:15.365+0000] {logging_mixin.py:150} INFO - [2025-03-24T20:23:15.365+0000] {dag.py:3504} INFO - Setting next_dagrun for tutorial to 2025-03-23T20:23:15.364992+00:00, run_after=2025-03-24T20:23:15.364992+00:00
[2025-03-24T20:23:15.380+0000] {processor.py:179} INFO - Processing /home/vscode/.local/lib/python3.10/site-packages/airflow/example_dags/tutorial.py took 0.047 seconds
[2025-03-24T20:23:58.134+0000] {processor.py:157} INFO - Started process (PID=29973) to work on /home/vscode/.local/lib/python3.10/site-packages/airflow/example_dags/tutorial.py
[2025-03-24T20:23:58.135+0000] {processor.py:826} INFO - Processing file /home/vscode/.local/lib/python3.10/site-packages/airflow/example_dags/tutorial.py for tasks to queue
[2025-03-24T20:23:58.135+0000] {logging_mixin.py:150} INFO - [2025-03-24T20:23:58.135+0000] {dagbag.py:541} INFO - Filling up the DagBag from /home/vscode/.local/lib/python3.10/site-packages/airflow/example_dags/tutorial.py
[2025-03-24T20:23:58.140+0000] {processor.py:836} INFO - DAG(s) dict_keys(['tutorial']) retrieved from /home/vscode/.local/lib/python3.10/site-packages/airflow/example_dags/tutorial.py
[2025-03-24T20:23:58.151+0000] {logging_mixin.py:150} INFO - [2025-03-24T20:23:58.150+0000] {dag.py:2742} INFO - Sync 1 DAGs
[2025-03-24T20:23:58.164+0000] {logging_mixin.py:150} INFO - [2025-03-24T20:23:58.164+0000] {dag.py:3504} INFO - Setting next_dagrun for tutorial to 2025-03-23T20:23:58.164398+00:00, run_after=2025-03-24T20:23:58.164398+00:00
[2025-03-24T20:23:58.180+0000] {processor.py:179} INFO - Processing /home/vscode/.local/lib/python3.10/site-packages/airflow/example_dags/tutorial.py took 0.049 seconds
[2025-03-24T20:24:44.437+0000] {processor.py:157} INFO - Started process (PID=30298) to work on /home/vscode/.local/lib/python3.10/site-packages/airflow/example_dags/tutorial.py
[2025-03-24T20:24:44.438+0000] {processor.py:826} INFO - Processing file /home/vscode/.local/lib/python3.10/site-packages/airflow/example_dags/tutorial.py for tasks to queue
[2025-03-24T20:24:44.438+0000] {logging_mixin.py:150} INFO - [2025-03-24T20:24:44.438+0000] {dagbag.py:541} INFO - Filling up the DagBag from /home/vscode/.local/lib/python3.10/site-packages/airflow/example_dags/tutorial.py
[2025-03-24T20:24:44.443+0000] {processor.py:836} INFO - DAG(s) dict_keys(['tutorial']) retrieved from /home/vscode/.local/lib/python3.10/site-packages/airflow/example_dags/tutorial.py
[2025-03-24T20:24:44.454+0000] {logging_mixin.py:150} INFO - [2025-03-24T20:24:44.454+0000] {dag.py:2742} INFO - Sync 1 DAGs
[2025-03-24T20:24:44.468+0000] {logging_mixin.py:150} INFO - [2025-03-24T20:24:44.468+0000] {dag.py:3504} INFO - Setting next_dagrun for tutorial to 2025-03-23T20:24:44.468019+00:00, run_after=2025-03-24T20:24:44.468019+00:00
[2025-03-24T20:24:44.483+0000] {processor.py:179} INFO - Processing /home/vscode/.local/lib/python3.10/site-packages/airflow/example_dags/tutorial.py took 0.048 seconds
[2025-03-24T20:25:27.087+0000] {processor.py:157} INFO - Started process (PID=30628) to work on /home/vscode/.local/lib/python3.10/site-packages/airflow/example_dags/tutorial.py
[2025-03-24T20:25:27.088+0000] {processor.py:826} INFO - Processing file /home/vscode/.local/lib/python3.10/site-packages/airflow/example_dags/tutorial.py for tasks to queue
[2025-03-24T20:25:27.088+0000] {logging_mixin.py:150} INFO - [2025-03-24T20:25:27.088+0000] {dagbag.py:541} INFO - Filling up the DagBag from /home/vscode/.local/lib/python3.10/site-packages/airflow/example_dags/tutorial.py
[2025-03-24T20:25:27.093+0000] {processor.py:836} INFO - DAG(s) dict_keys(['tutorial']) retrieved from /home/vscode/.local/lib/python3.10/site-packages/airflow/example_dags/tutorial.py
[2025-03-24T20:25:27.104+0000] {logging_mixin.py:150} INFO - [2025-03-24T20:25:27.104+0000] {dag.py:2742} INFO - Sync 1 DAGs
[2025-03-24T20:25:27.119+0000] {logging_mixin.py:150} INFO - [2025-03-24T20:25:27.119+0000] {dag.py:3504} INFO - Setting next_dagrun for tutorial to 2025-03-23T20:25:27.118923+00:00, run_after=2025-03-24T20:25:27.118923+00:00
[2025-03-24T20:25:27.133+0000] {processor.py:179} INFO - Processing /home/vscode/.local/lib/python3.10/site-packages/airflow/example_dags/tutorial.py took 0.049 seconds
[2025-03-24T20:26:11.928+0000] {processor.py:157} INFO - Started process (PID=30969) to work on /home/vscode/.local/lib/python3.10/site-packages/airflow/example_dags/tutorial.py
[2025-03-24T20:26:11.928+0000] {processor.py:826} INFO - Processing file /home/vscode/.local/lib/python3.10/site-packages/airflow/example_dags/tutorial.py for tasks to queue
[2025-03-24T20:26:11.929+0000] {logging_mixin.py:150} INFO - [2025-03-24T20:26:11.929+0000] {dagbag.py:541} INFO - Filling up the DagBag from /home/vscode/.local/lib/python3.10/site-packages/airflow/example_dags/tutorial.py
[2025-03-24T20:26:11.933+0000] {processor.py:836} INFO - DAG(s) dict_keys(['tutorial']) retrieved from /home/vscode/.local/lib/python3.10/site-packages/airflow/example_dags/tutorial.py
[2025-03-24T20:26:11.945+0000] {logging_mixin.py:150} INFO - [2025-03-24T20:26:11.944+0000] {dag.py:2742} INFO - Sync 1 DAGs
[2025-03-24T20:26:11.958+0000] {logging_mixin.py:150} INFO - [2025-03-24T20:26:11.958+0000] {dag.py:3504} INFO - Setting next_dagrun for tutorial to 2025-03-23T20:26:11.958430+00:00, run_after=2025-03-24T20:26:11.958430+00:00
[2025-03-24T20:26:11.973+0000] {processor.py:179} INFO - Processing /home/vscode/.local/lib/python3.10/site-packages/airflow/example_dags/tutorial.py took 0.048 seconds
[2025-03-24T20:26:57.680+0000] {processor.py:157} INFO - Started process (PID=31368) to work on /home/vscode/.local/lib/python3.10/site-packages/airflow/example_dags/tutorial.py
[2025-03-24T20:26:57.681+0000] {processor.py:826} INFO - Processing file /home/vscode/.local/lib/python3.10/site-packages/airflow/example_dags/tutorial.py for tasks to queue
[2025-03-24T20:26:57.681+0000] {logging_mixin.py:150} INFO - [2025-03-24T20:26:57.681+0000] {dagbag.py:541} INFO - Filling up the DagBag from /home/vscode/.local/lib/python3.10/site-packages/airflow/example_dags/tutorial.py
[2025-03-24T20:26:57.686+0000] {processor.py:836} INFO - DAG(s) dict_keys(['tutorial']) retrieved from /home/vscode/.local/lib/python3.10/site-packages/airflow/example_dags/tutorial.py
[2025-03-24T20:26:57.697+0000] {logging_mixin.py:150} INFO - [2025-03-24T20:26:57.696+0000] {dag.py:2742} INFO - Sync 1 DAGs
[2025-03-24T20:26:57.711+0000] {logging_mixin.py:150} INFO - [2025-03-24T20:26:57.710+0000] {dag.py:3504} INFO - Setting next_dagrun for tutorial to 2025-03-23T20:26:57.710715+00:00, run_after=2025-03-24T20:26:57.710715+00:00
[2025-03-24T20:26:57.725+0000] {processor.py:179} INFO - Processing /home/vscode/.local/lib/python3.10/site-packages/airflow/example_dags/tutorial.py took 0.048 seconds
[2025-03-24T20:27:40.174+0000] {processor.py:157} INFO - Started process (PID=31769) to work on /home/vscode/.local/lib/python3.10/site-packages/airflow/example_dags/tutorial.py
[2025-03-24T20:27:40.175+0000] {processor.py:826} INFO - Processing file /home/vscode/.local/lib/python3.10/site-packages/airflow/example_dags/tutorial.py for tasks to queue
[2025-03-24T20:27:40.175+0000] {logging_mixin.py:150} INFO - [2025-03-24T20:27:40.175+0000] {dagbag.py:541} INFO - Filling up the DagBag from /home/vscode/.local/lib/python3.10/site-packages/airflow/example_dags/tutorial.py
[2025-03-24T20:27:40.180+0000] {processor.py:836} INFO - DAG(s) dict_keys(['tutorial']) retrieved from /home/vscode/.local/lib/python3.10/site-packages/airflow/example_dags/tutorial.py
[2025-03-24T20:27:40.191+0000] {logging_mixin.py:150} INFO - [2025-03-24T20:27:40.191+0000] {dag.py:2742} INFO - Sync 1 DAGs
[2025-03-24T20:27:40.205+0000] {logging_mixin.py:150} INFO - [2025-03-24T20:27:40.205+0000] {dag.py:3504} INFO - Setting next_dagrun for tutorial to 2025-03-23T20:27:40.204839+00:00, run_after=2025-03-24T20:27:40.204839+00:00
[2025-03-24T20:27:40.219+0000] {processor.py:179} INFO - Processing /home/vscode/.local/lib/python3.10/site-packages/airflow/example_dags/tutorial.py took 0.048 seconds
[2025-03-24T20:28:12.583+0000] {processor.py:157} INFO - Started process (PID=31989) to work on /home/vscode/.local/lib/python3.10/site-packages/airflow/example_dags/tutorial.py
[2025-03-24T20:28:12.583+0000] {processor.py:826} INFO - Processing file /home/vscode/.local/lib/python3.10/site-packages/airflow/example_dags/tutorial.py for tasks to queue
[2025-03-24T20:28:12.584+0000] {logging_mixin.py:150} INFO - [2025-03-24T20:28:12.584+0000] {dagbag.py:541} INFO - Filling up the DagBag from /home/vscode/.local/lib/python3.10/site-packages/airflow/example_dags/tutorial.py
[2025-03-24T20:28:12.589+0000] {processor.py:836} INFO - DAG(s) dict_keys(['tutorial']) retrieved from /home/vscode/.local/lib/python3.10/site-packages/airflow/example_dags/tutorial.py
[2025-03-24T20:28:12.600+0000] {logging_mixin.py:150} INFO - [2025-03-24T20:28:12.600+0000] {dag.py:2742} INFO - Sync 1 DAGs
[2025-03-24T20:28:12.614+0000] {logging_mixin.py:150} INFO - [2025-03-24T20:28:12.613+0000] {dag.py:3504} INFO - Setting next_dagrun for tutorial to 2025-03-23T20:28:12.613707+00:00, run_after=2025-03-24T20:28:12.613707+00:00
[2025-03-24T20:28:12.629+0000] {processor.py:179} INFO - Processing /home/vscode/.local/lib/python3.10/site-packages/airflow/example_dags/tutorial.py took 0.048 seconds
[2025-03-24T20:28:55.460+0000] {processor.py:157} INFO - Started process (PID=32311) to work on /home/vscode/.local/lib/python3.10/site-packages/airflow/example_dags/tutorial.py
[2025-03-24T20:28:55.461+0000] {processor.py:826} INFO - Processing file /home/vscode/.local/lib/python3.10/site-packages/airflow/example_dags/tutorial.py for tasks to queue
[2025-03-24T20:28:55.461+0000] {logging_mixin.py:150} INFO - [2025-03-24T20:28:55.461+0000] {dagbag.py:541} INFO - Filling up the DagBag from /home/vscode/.local/lib/python3.10/site-packages/airflow/example_dags/tutorial.py
[2025-03-24T20:28:55.466+0000] {processor.py:836} INFO - DAG(s) dict_keys(['tutorial']) retrieved from /home/vscode/.local/lib/python3.10/site-packages/airflow/example_dags/tutorial.py
[2025-03-24T20:28:55.479+0000] {logging_mixin.py:150} INFO - [2025-03-24T20:28:55.479+0000] {dag.py:2742} INFO - Sync 1 DAGs
[2025-03-24T20:28:55.502+0000] {logging_mixin.py:150} INFO - [2025-03-24T20:28:55.501+0000] {dag.py:3504} INFO - Setting next_dagrun for tutorial to 2025-03-23T20:28:55.501678+00:00, run_after=2025-03-24T20:28:55.501678+00:00
[2025-03-24T20:28:55.526+0000] {processor.py:179} INFO - Processing /home/vscode/.local/lib/python3.10/site-packages/airflow/example_dags/tutorial.py took 0.068 seconds
[2025-03-24T20:29:41.773+0000] {processor.py:157} INFO - Started process (PID=32614) to work on /home/vscode/.local/lib/python3.10/site-packages/airflow/example_dags/tutorial.py
[2025-03-24T20:29:41.774+0000] {processor.py:826} INFO - Processing file /home/vscode/.local/lib/python3.10/site-packages/airflow/example_dags/tutorial.py for tasks to queue
[2025-03-24T20:29:41.774+0000] {logging_mixin.py:150} INFO - [2025-03-24T20:29:41.774+0000] {dagbag.py:541} INFO - Filling up the DagBag from /home/vscode/.local/lib/python3.10/site-packages/airflow/example_dags/tutorial.py
[2025-03-24T20:29:41.779+0000] {processor.py:836} INFO - DAG(s) dict_keys(['tutorial']) retrieved from /home/vscode/.local/lib/python3.10/site-packages/airflow/example_dags/tutorial.py
[2025-03-24T20:29:41.790+0000] {logging_mixin.py:150} INFO - [2025-03-24T20:29:41.790+0000] {dag.py:2742} INFO - Sync 1 DAGs
[2025-03-24T20:29:41.804+0000] {logging_mixin.py:150} INFO - [2025-03-24T20:29:41.804+0000] {dag.py:3504} INFO - Setting next_dagrun for tutorial to 2025-03-23T20:29:41.803947+00:00, run_after=2025-03-24T20:29:41.803947+00:00
[2025-03-24T20:29:41.819+0000] {processor.py:179} INFO - Processing /home/vscode/.local/lib/python3.10/site-packages/airflow/example_dags/tutorial.py took 0.048 seconds
[2025-03-24T20:30:23.343+0000] {processor.py:157} INFO - Started process (PID=32908) to work on /home/vscode/.local/lib/python3.10/site-packages/airflow/example_dags/tutorial.py
[2025-03-24T20:30:23.344+0000] {processor.py:826} INFO - Processing file /home/vscode/.local/lib/python3.10/site-packages/airflow/example_dags/tutorial.py for tasks to queue
[2025-03-24T20:30:23.345+0000] {logging_mixin.py:150} INFO - [2025-03-24T20:30:23.344+0000] {dagbag.py:541} INFO - Filling up the DagBag from /home/vscode/.local/lib/python3.10/site-packages/airflow/example_dags/tutorial.py
[2025-03-24T20:30:23.349+0000] {processor.py:836} INFO - DAG(s) dict_keys(['tutorial']) retrieved from /home/vscode/.local/lib/python3.10/site-packages/airflow/example_dags/tutorial.py
[2025-03-24T20:30:23.360+0000] {logging_mixin.py:150} INFO - [2025-03-24T20:30:23.360+0000] {dag.py:2742} INFO - Sync 1 DAGs
[2025-03-24T20:30:23.374+0000] {logging_mixin.py:150} INFO - [2025-03-24T20:30:23.373+0000] {dag.py:3504} INFO - Setting next_dagrun for tutorial to 2025-03-23T20:30:23.373808+00:00, run_after=2025-03-24T20:30:23.373808+00:00
[2025-03-24T20:30:23.389+0000] {processor.py:179} INFO - Processing /home/vscode/.local/lib/python3.10/site-packages/airflow/example_dags/tutorial.py took 0.048 seconds
[2025-03-24T20:31:08.423+0000] {processor.py:157} INFO - Started process (PID=33212) to work on /home/vscode/.local/lib/python3.10/site-packages/airflow/example_dags/tutorial.py
[2025-03-24T20:31:08.423+0000] {processor.py:826} INFO - Processing file /home/vscode/.local/lib/python3.10/site-packages/airflow/example_dags/tutorial.py for tasks to queue
[2025-03-24T20:31:08.424+0000] {logging_mixin.py:150} INFO - [2025-03-24T20:31:08.424+0000] {dagbag.py:541} INFO - Filling up the DagBag from /home/vscode/.local/lib/python3.10/site-packages/airflow/example_dags/tutorial.py
[2025-03-24T20:31:08.429+0000] {processor.py:836} INFO - DAG(s) dict_keys(['tutorial']) retrieved from /home/vscode/.local/lib/python3.10/site-packages/airflow/example_dags/tutorial.py
[2025-03-24T20:31:08.439+0000] {logging_mixin.py:150} INFO - [2025-03-24T20:31:08.439+0000] {dag.py:2742} INFO - Sync 1 DAGs
[2025-03-24T20:31:08.453+0000] {logging_mixin.py:150} INFO - [2025-03-24T20:31:08.453+0000] {dag.py:3504} INFO - Setting next_dagrun for tutorial to 2025-03-23T20:31:08.453150+00:00, run_after=2025-03-24T20:31:08.453150+00:00
[2025-03-24T20:31:08.468+0000] {processor.py:179} INFO - Processing /home/vscode/.local/lib/python3.10/site-packages/airflow/example_dags/tutorial.py took 0.048 seconds
[2025-03-24T20:31:50.130+0000] {processor.py:157} INFO - Started process (PID=33494) to work on /home/vscode/.local/lib/python3.10/site-packages/airflow/example_dags/tutorial.py
[2025-03-24T20:31:50.130+0000] {processor.py:826} INFO - Processing file /home/vscode/.local/lib/python3.10/site-packages/airflow/example_dags/tutorial.py for tasks to queue
[2025-03-24T20:31:50.131+0000] {logging_mixin.py:150} INFO - [2025-03-24T20:31:50.131+0000] {dagbag.py:541} INFO - Filling up the DagBag from /home/vscode/.local/lib/python3.10/site-packages/airflow/example_dags/tutorial.py
[2025-03-24T20:31:50.136+0000] {processor.py:836} INFO - DAG(s) dict_keys(['tutorial']) retrieved from /home/vscode/.local/lib/python3.10/site-packages/airflow/example_dags/tutorial.py
[2025-03-24T20:31:50.146+0000] {logging_mixin.py:150} INFO - [2025-03-24T20:31:50.146+0000] {dag.py:2742} INFO - Sync 1 DAGs
[2025-03-24T20:31:50.160+0000] {logging_mixin.py:150} INFO - [2025-03-24T20:31:50.160+0000] {dag.py:3504} INFO - Setting next_dagrun for tutorial to 2025-03-23T20:31:50.160658+00:00, run_after=2025-03-24T20:31:50.160658+00:00
[2025-03-24T20:31:50.177+0000] {processor.py:179} INFO - Processing /home/vscode/.local/lib/python3.10/site-packages/airflow/example_dags/tutorial.py took 0.049 seconds
[2025-03-24T20:32:32.994+0000] {processor.py:157} INFO - Started process (PID=33786) to work on /home/vscode/.local/lib/python3.10/site-packages/airflow/example_dags/tutorial.py
[2025-03-24T20:32:32.995+0000] {processor.py:826} INFO - Processing file /home/vscode/.local/lib/python3.10/site-packages/airflow/example_dags/tutorial.py for tasks to queue
[2025-03-24T20:32:32.995+0000] {logging_mixin.py:150} INFO - [2025-03-24T20:32:32.995+0000] {dagbag.py:541} INFO - Filling up the DagBag from /home/vscode/.local/lib/python3.10/site-packages/airflow/example_dags/tutorial.py
[2025-03-24T20:32:33.000+0000] {processor.py:836} INFO - DAG(s) dict_keys(['tutorial']) retrieved from /home/vscode/.local/lib/python3.10/site-packages/airflow/example_dags/tutorial.py
[2025-03-24T20:32:33.013+0000] {logging_mixin.py:150} INFO - [2025-03-24T20:32:33.012+0000] {dag.py:2742} INFO - Sync 1 DAGs
[2025-03-24T20:32:33.029+0000] {logging_mixin.py:150} INFO - [2025-03-24T20:32:33.029+0000] {dag.py:3504} INFO - Setting next_dagrun for tutorial to 2025-03-23T20:32:33.029276+00:00, run_after=2025-03-24T20:32:33.029276+00:00
[2025-03-24T20:32:33.044+0000] {processor.py:179} INFO - Processing /home/vscode/.local/lib/python3.10/site-packages/airflow/example_dags/tutorial.py took 0.052 seconds
[2025-03-24T20:33:19.480+0000] {processor.py:157} INFO - Started process (PID=34183) to work on /home/vscode/.local/lib/python3.10/site-packages/airflow/example_dags/tutorial.py
[2025-03-24T20:33:19.480+0000] {processor.py:826} INFO - Processing file /home/vscode/.local/lib/python3.10/site-packages/airflow/example_dags/tutorial.py for tasks to queue
[2025-03-24T20:33:19.481+0000] {logging_mixin.py:150} INFO - [2025-03-24T20:33:19.481+0000] {dagbag.py:541} INFO - Filling up the DagBag from /home/vscode/.local/lib/python3.10/site-packages/airflow/example_dags/tutorial.py
[2025-03-24T20:33:19.486+0000] {processor.py:836} INFO - DAG(s) dict_keys(['tutorial']) retrieved from /home/vscode/.local/lib/python3.10/site-packages/airflow/example_dags/tutorial.py
[2025-03-24T20:33:19.497+0000] {logging_mixin.py:150} INFO - [2025-03-24T20:33:19.497+0000] {dag.py:2742} INFO - Sync 1 DAGs
[2025-03-24T20:33:19.511+0000] {logging_mixin.py:150} INFO - [2025-03-24T20:33:19.511+0000] {dag.py:3504} INFO - Setting next_dagrun for tutorial to 2025-03-23T20:33:19.510934+00:00, run_after=2025-03-24T20:33:19.510934+00:00
[2025-03-24T20:33:19.525+0000] {processor.py:179} INFO - Processing /home/vscode/.local/lib/python3.10/site-packages/airflow/example_dags/tutorial.py took 0.048 seconds
[2025-03-24T20:34:07.491+0000] {processor.py:157} INFO - Started process (PID=34517) to work on /home/vscode/.local/lib/python3.10/site-packages/airflow/example_dags/tutorial.py
[2025-03-24T20:34:07.491+0000] {processor.py:826} INFO - Processing file /home/vscode/.local/lib/python3.10/site-packages/airflow/example_dags/tutorial.py for tasks to queue
[2025-03-24T20:34:07.492+0000] {logging_mixin.py:150} INFO - [2025-03-24T20:34:07.492+0000] {dagbag.py:541} INFO - Filling up the DagBag from /home/vscode/.local/lib/python3.10/site-packages/airflow/example_dags/tutorial.py
[2025-03-24T20:34:07.497+0000] {processor.py:836} INFO - DAG(s) dict_keys(['tutorial']) retrieved from /home/vscode/.local/lib/python3.10/site-packages/airflow/example_dags/tutorial.py
[2025-03-24T20:34:07.508+0000] {logging_mixin.py:150} INFO - [2025-03-24T20:34:07.507+0000] {dag.py:2742} INFO - Sync 1 DAGs
[2025-03-24T20:34:07.521+0000] {logging_mixin.py:150} INFO - [2025-03-24T20:34:07.521+0000] {dag.py:3504} INFO - Setting next_dagrun for tutorial to 2025-03-23T20:34:07.521578+00:00, run_after=2025-03-24T20:34:07.521578+00:00
[2025-03-24T20:34:07.536+0000] {processor.py:179} INFO - Processing /home/vscode/.local/lib/python3.10/site-packages/airflow/example_dags/tutorial.py took 0.048 seconds
[2025-03-24T20:34:50.899+0000] {processor.py:157} INFO - Started process (PID=34804) to work on /home/vscode/.local/lib/python3.10/site-packages/airflow/example_dags/tutorial.py
[2025-03-24T20:34:50.900+0000] {processor.py:826} INFO - Processing file /home/vscode/.local/lib/python3.10/site-packages/airflow/example_dags/tutorial.py for tasks to queue
[2025-03-24T20:34:50.900+0000] {logging_mixin.py:150} INFO - [2025-03-24T20:34:50.900+0000] {dagbag.py:541} INFO - Filling up the DagBag from /home/vscode/.local/lib/python3.10/site-packages/airflow/example_dags/tutorial.py
[2025-03-24T20:34:50.905+0000] {processor.py:836} INFO - DAG(s) dict_keys(['tutorial']) retrieved from /home/vscode/.local/lib/python3.10/site-packages/airflow/example_dags/tutorial.py
[2025-03-24T20:34:50.916+0000] {logging_mixin.py:150} INFO - [2025-03-24T20:34:50.916+0000] {dag.py:2742} INFO - Sync 1 DAGs
[2025-03-24T20:34:50.930+0000] {logging_mixin.py:150} INFO - [2025-03-24T20:34:50.930+0000] {dag.py:3504} INFO - Setting next_dagrun for tutorial to 2025-03-23T20:34:50.930123+00:00, run_after=2025-03-24T20:34:50.930123+00:00
[2025-03-24T20:34:50.945+0000] {processor.py:179} INFO - Processing /home/vscode/.local/lib/python3.10/site-packages/airflow/example_dags/tutorial.py took 0.048 seconds
[2025-03-24T20:35:38.211+0000] {processor.py:157} INFO - Started process (PID=35125) to work on /home/vscode/.local/lib/python3.10/site-packages/airflow/example_dags/tutorial.py
[2025-03-24T20:35:38.211+0000] {processor.py:826} INFO - Processing file /home/vscode/.local/lib/python3.10/site-packages/airflow/example_dags/tutorial.py for tasks to queue
[2025-03-24T20:35:38.212+0000] {logging_mixin.py:150} INFO - [2025-03-24T20:35:38.212+0000] {dagbag.py:541} INFO - Filling up the DagBag from /home/vscode/.local/lib/python3.10/site-packages/airflow/example_dags/tutorial.py
[2025-03-24T20:35:38.217+0000] {processor.py:836} INFO - DAG(s) dict_keys(['tutorial']) retrieved from /home/vscode/.local/lib/python3.10/site-packages/airflow/example_dags/tutorial.py
[2025-03-24T20:35:38.228+0000] {logging_mixin.py:150} INFO - [2025-03-24T20:35:38.228+0000] {dag.py:2742} INFO - Sync 1 DAGs
[2025-03-24T20:35:38.242+0000] {logging_mixin.py:150} INFO - [2025-03-24T20:35:38.242+0000] {dag.py:3504} INFO - Setting next_dagrun for tutorial to 2025-03-23T20:35:38.242093+00:00, run_after=2025-03-24T20:35:38.242093+00:00
[2025-03-24T20:35:38.257+0000] {processor.py:179} INFO - Processing /home/vscode/.local/lib/python3.10/site-packages/airflow/example_dags/tutorial.py took 0.048 seconds
[2025-03-24T20:36:20.701+0000] {processor.py:157} INFO - Started process (PID=35410) to work on /home/vscode/.local/lib/python3.10/site-packages/airflow/example_dags/tutorial.py
[2025-03-24T20:36:20.701+0000] {processor.py:826} INFO - Processing file /home/vscode/.local/lib/python3.10/site-packages/airflow/example_dags/tutorial.py for tasks to queue
[2025-03-24T20:36:20.702+0000] {logging_mixin.py:150} INFO - [2025-03-24T20:36:20.702+0000] {dagbag.py:541} INFO - Filling up the DagBag from /home/vscode/.local/lib/python3.10/site-packages/airflow/example_dags/tutorial.py
[2025-03-24T20:36:20.707+0000] {processor.py:836} INFO - DAG(s) dict_keys(['tutorial']) retrieved from /home/vscode/.local/lib/python3.10/site-packages/airflow/example_dags/tutorial.py
[2025-03-24T20:36:20.717+0000] {logging_mixin.py:150} INFO - [2025-03-24T20:36:20.717+0000] {dag.py:2742} INFO - Sync 1 DAGs
[2025-03-24T20:36:20.731+0000] {logging_mixin.py:150} INFO - [2025-03-24T20:36:20.731+0000] {dag.py:3504} INFO - Setting next_dagrun for tutorial to 2025-03-23T20:36:20.731355+00:00, run_after=2025-03-24T20:36:20.731355+00:00
[2025-03-24T20:36:20.747+0000] {processor.py:179} INFO - Processing /home/vscode/.local/lib/python3.10/site-packages/airflow/example_dags/tutorial.py took 0.048 seconds
[2025-03-24T20:37:07.844+0000] {processor.py:157} INFO - Started process (PID=35768) to work on /home/vscode/.local/lib/python3.10/site-packages/airflow/example_dags/tutorial.py
[2025-03-24T20:37:07.845+0000] {processor.py:826} INFO - Processing file /home/vscode/.local/lib/python3.10/site-packages/airflow/example_dags/tutorial.py for tasks to queue
[2025-03-24T20:37:07.846+0000] {logging_mixin.py:150} INFO - [2025-03-24T20:37:07.845+0000] {dagbag.py:541} INFO - Filling up the DagBag from /home/vscode/.local/lib/python3.10/site-packages/airflow/example_dags/tutorial.py
[2025-03-24T20:37:07.851+0000] {processor.py:836} INFO - DAG(s) dict_keys(['tutorial']) retrieved from /home/vscode/.local/lib/python3.10/site-packages/airflow/example_dags/tutorial.py
[2025-03-24T20:37:07.863+0000] {logging_mixin.py:150} INFO - [2025-03-24T20:37:07.863+0000] {dag.py:2742} INFO - Sync 1 DAGs
[2025-03-24T20:37:07.877+0000] {logging_mixin.py:150} INFO - [2025-03-24T20:37:07.877+0000] {dag.py:3504} INFO - Setting next_dagrun for tutorial to 2025-03-23T20:37:07.877507+00:00, run_after=2025-03-24T20:37:07.877507+00:00
[2025-03-24T20:37:07.894+0000] {processor.py:179} INFO - Processing /home/vscode/.local/lib/python3.10/site-packages/airflow/example_dags/tutorial.py took 0.052 seconds
[2025-03-24T20:37:50.707+0000] {processor.py:157} INFO - Started process (PID=36060) to work on /home/vscode/.local/lib/python3.10/site-packages/airflow/example_dags/tutorial.py
[2025-03-24T20:37:50.707+0000] {processor.py:826} INFO - Processing file /home/vscode/.local/lib/python3.10/site-packages/airflow/example_dags/tutorial.py for tasks to queue
[2025-03-24T20:37:50.708+0000] {logging_mixin.py:150} INFO - [2025-03-24T20:37:50.708+0000] {dagbag.py:541} INFO - Filling up the DagBag from /home/vscode/.local/lib/python3.10/site-packages/airflow/example_dags/tutorial.py
[2025-03-24T20:37:50.713+0000] {processor.py:836} INFO - DAG(s) dict_keys(['tutorial']) retrieved from /home/vscode/.local/lib/python3.10/site-packages/airflow/example_dags/tutorial.py
[2025-03-24T20:37:50.724+0000] {logging_mixin.py:150} INFO - [2025-03-24T20:37:50.724+0000] {dag.py:2742} INFO - Sync 1 DAGs
[2025-03-24T20:37:50.738+0000] {logging_mixin.py:150} INFO - [2025-03-24T20:37:50.738+0000] {dag.py:3504} INFO - Setting next_dagrun for tutorial to 2025-03-23T20:37:50.738429+00:00, run_after=2025-03-24T20:37:50.738429+00:00
[2025-03-24T20:37:50.753+0000] {processor.py:179} INFO - Processing /home/vscode/.local/lib/python3.10/site-packages/airflow/example_dags/tutorial.py took 0.048 seconds
