[2025-03-24T20:12:19.313+0000] {processor.py:157} INFO - Started process (PID=24954) to work on /home/vscode/.local/lib/python3.10/site-packages/airflow/example_dags/plugins/workday.py
[2025-03-24T20:12:19.313+0000] {processor.py:826} INFO - Processing file /home/vscode/.local/lib/python3.10/site-packages/airflow/example_dags/plugins/workday.py for tasks to queue
[2025-03-24T20:12:19.314+0000] {logging_mixin.py:150} INFO - [2025-03-24T20:12:19.314+0000] {dagbag.py:541} INFO - Filling up the DagBag from /home/vscode/.local/lib/python3.10/site-packages/airflow/example_dags/plugins/workday.py
[2025-03-24T20:12:19.316+0000] {logging_mixin.py:150} INFO - [2025-03-24T20:12:19.316+0000] {workday.py:36} WARNING - Could not import pandas. Holidays will not be considered.
[2025-03-24T20:12:19.316+0000] {processor.py:838} WARNING - No viable dags retrieved from /home/vscode/.local/lib/python3.10/site-packages/airflow/example_dags/plugins/workday.py
[2025-03-24T20:12:19.323+0000] {processor.py:179} INFO - Processing /home/vscode/.local/lib/python3.10/site-packages/airflow/example_dags/plugins/workday.py took 0.012 seconds
[2025-03-24T20:13:10.833+0000] {processor.py:157} INFO - Started process (PID=25361) to work on /home/vscode/.local/lib/python3.10/site-packages/airflow/example_dags/plugins/workday.py
[2025-03-24T20:13:10.834+0000] {processor.py:826} INFO - Processing file /home/vscode/.local/lib/python3.10/site-packages/airflow/example_dags/plugins/workday.py for tasks to queue
[2025-03-24T20:13:10.834+0000] {logging_mixin.py:150} INFO - [2025-03-24T20:13:10.834+0000] {dagbag.py:541} INFO - Filling up the DagBag from /home/vscode/.local/lib/python3.10/site-packages/airflow/example_dags/plugins/workday.py
[2025-03-24T20:13:10.836+0000] {logging_mixin.py:150} INFO - [2025-03-24T20:13:10.836+0000] {workday.py:36} WARNING - Could not import pandas. Holidays will not be considered.
[2025-03-24T20:13:10.837+0000] {processor.py:838} WARNING - No viable dags retrieved from /home/vscode/.local/lib/python3.10/site-packages/airflow/example_dags/plugins/workday.py
[2025-03-24T20:13:10.843+0000] {processor.py:179} INFO - Processing /home/vscode/.local/lib/python3.10/site-packages/airflow/example_dags/plugins/workday.py took 0.013 seconds
[2025-03-24T20:13:44.208+0000] {processor.py:157} INFO - Started process (PID=25577) to work on /home/vscode/.local/lib/python3.10/site-packages/airflow/example_dags/plugins/workday.py
[2025-03-24T20:13:44.208+0000] {processor.py:826} INFO - Processing file /home/vscode/.local/lib/python3.10/site-packages/airflow/example_dags/plugins/workday.py for tasks to queue
[2025-03-24T20:13:44.209+0000] {logging_mixin.py:150} INFO - [2025-03-24T20:13:44.209+0000] {dagbag.py:541} INFO - Filling up the DagBag from /home/vscode/.local/lib/python3.10/site-packages/airflow/example_dags/plugins/workday.py
[2025-03-24T20:13:44.211+0000] {logging_mixin.py:150} INFO - [2025-03-24T20:13:44.211+0000] {workday.py:36} WARNING - Could not import pandas. Holidays will not be considered.
[2025-03-24T20:13:44.211+0000] {processor.py:838} WARNING - No viable dags retrieved from /home/vscode/.local/lib/python3.10/site-packages/airflow/example_dags/plugins/workday.py
[2025-03-24T20:13:44.218+0000] {processor.py:179} INFO - Processing /home/vscode/.local/lib/python3.10/site-packages/airflow/example_dags/plugins/workday.py took 0.012 seconds
[2025-03-24T20:14:26.571+0000] {processor.py:157} INFO - Started process (PID=25863) to work on /home/vscode/.local/lib/python3.10/site-packages/airflow/example_dags/plugins/workday.py
[2025-03-24T20:14:26.572+0000] {processor.py:826} INFO - Processing file /home/vscode/.local/lib/python3.10/site-packages/airflow/example_dags/plugins/workday.py for tasks to queue
[2025-03-24T20:14:26.572+0000] {logging_mixin.py:150} INFO - [2025-03-24T20:14:26.572+0000] {dagbag.py:541} INFO - Filling up the DagBag from /home/vscode/.local/lib/python3.10/site-packages/airflow/example_dags/plugins/workday.py
[2025-03-24T20:14:26.574+0000] {logging_mixin.py:150} INFO - [2025-03-24T20:14:26.574+0000] {workday.py:36} WARNING - Could not import pandas. Holidays will not be considered.
[2025-03-24T20:14:26.575+0000] {processor.py:838} WARNING - No viable dags retrieved from /home/vscode/.local/lib/python3.10/site-packages/airflow/example_dags/plugins/workday.py
[2025-03-24T20:14:26.582+0000] {processor.py:179} INFO - Processing /home/vscode/.local/lib/python3.10/site-packages/airflow/example_dags/plugins/workday.py took 0.013 seconds
[2025-03-24T20:15:04.133+0000] {processor.py:157} INFO - Started process (PID=26133) to work on /home/vscode/.local/lib/python3.10/site-packages/airflow/example_dags/plugins/workday.py
[2025-03-24T20:15:04.134+0000] {processor.py:826} INFO - Processing file /home/vscode/.local/lib/python3.10/site-packages/airflow/example_dags/plugins/workday.py for tasks to queue
[2025-03-24T20:15:04.135+0000] {logging_mixin.py:150} INFO - [2025-03-24T20:15:04.134+0000] {dagbag.py:541} INFO - Filling up the DagBag from /home/vscode/.local/lib/python3.10/site-packages/airflow/example_dags/plugins/workday.py
[2025-03-24T20:15:04.137+0000] {logging_mixin.py:150} INFO - [2025-03-24T20:15:04.136+0000] {workday.py:36} WARNING - Could not import pandas. Holidays will not be considered.
[2025-03-24T20:15:04.137+0000] {processor.py:838} WARNING - No viable dags retrieved from /home/vscode/.local/lib/python3.10/site-packages/airflow/example_dags/plugins/workday.py
[2025-03-24T20:15:04.143+0000] {processor.py:179} INFO - Processing /home/vscode/.local/lib/python3.10/site-packages/airflow/example_dags/plugins/workday.py took 0.012 seconds
[2025-03-24T20:15:34.963+0000] {processor.py:157} INFO - Started process (PID=26337) to work on /home/vscode/.local/lib/python3.10/site-packages/airflow/example_dags/plugins/workday.py
[2025-03-24T20:15:34.964+0000] {processor.py:826} INFO - Processing file /home/vscode/.local/lib/python3.10/site-packages/airflow/example_dags/plugins/workday.py for tasks to queue
[2025-03-24T20:15:34.965+0000] {logging_mixin.py:150} INFO - [2025-03-24T20:15:34.964+0000] {dagbag.py:541} INFO - Filling up the DagBag from /home/vscode/.local/lib/python3.10/site-packages/airflow/example_dags/plugins/workday.py
[2025-03-24T20:15:34.967+0000] {logging_mixin.py:150} INFO - [2025-03-24T20:15:34.966+0000] {workday.py:36} WARNING - Could not import pandas. Holidays will not be considered.
[2025-03-24T20:15:34.967+0000] {processor.py:838} WARNING - No viable dags retrieved from /home/vscode/.local/lib/python3.10/site-packages/airflow/example_dags/plugins/workday.py
[2025-03-24T20:15:34.974+0000] {processor.py:179} INFO - Processing /home/vscode/.local/lib/python3.10/site-packages/airflow/example_dags/plugins/workday.py took 0.012 seconds
[2025-03-24T20:16:08.389+0000] {processor.py:157} INFO - Started process (PID=26566) to work on /home/vscode/.local/lib/python3.10/site-packages/airflow/example_dags/plugins/workday.py
[2025-03-24T20:16:08.390+0000] {processor.py:826} INFO - Processing file /home/vscode/.local/lib/python3.10/site-packages/airflow/example_dags/plugins/workday.py for tasks to queue
[2025-03-24T20:16:08.390+0000] {logging_mixin.py:150} INFO - [2025-03-24T20:16:08.390+0000] {dagbag.py:541} INFO - Filling up the DagBag from /home/vscode/.local/lib/python3.10/site-packages/airflow/example_dags/plugins/workday.py
[2025-03-24T20:16:08.392+0000] {logging_mixin.py:150} INFO - [2025-03-24T20:16:08.392+0000] {workday.py:36} WARNING - Could not import pandas. Holidays will not be considered.
[2025-03-24T20:16:08.393+0000] {processor.py:838} WARNING - No viable dags retrieved from /home/vscode/.local/lib/python3.10/site-packages/airflow/example_dags/plugins/workday.py
[2025-03-24T20:16:08.399+0000] {processor.py:179} INFO - Processing /home/vscode/.local/lib/python3.10/site-packages/airflow/example_dags/plugins/workday.py took 0.012 seconds
[2025-03-24T20:16:38.584+0000] {processor.py:157} INFO - Started process (PID=26771) to work on /home/vscode/.local/lib/python3.10/site-packages/airflow/example_dags/plugins/workday.py
[2025-03-24T20:16:38.585+0000] {processor.py:826} INFO - Processing file /home/vscode/.local/lib/python3.10/site-packages/airflow/example_dags/plugins/workday.py for tasks to queue
[2025-03-24T20:16:38.586+0000] {logging_mixin.py:150} INFO - [2025-03-24T20:16:38.585+0000] {dagbag.py:541} INFO - Filling up the DagBag from /home/vscode/.local/lib/python3.10/site-packages/airflow/example_dags/plugins/workday.py
[2025-03-24T20:16:38.587+0000] {logging_mixin.py:150} INFO - [2025-03-24T20:16:38.587+0000] {workday.py:36} WARNING - Could not import pandas. Holidays will not be considered.
[2025-03-24T20:16:38.588+0000] {processor.py:838} WARNING - No viable dags retrieved from /home/vscode/.local/lib/python3.10/site-packages/airflow/example_dags/plugins/workday.py
[2025-03-24T20:16:38.594+0000] {processor.py:179} INFO - Processing /home/vscode/.local/lib/python3.10/site-packages/airflow/example_dags/plugins/workday.py took 0.012 seconds
[2025-03-24T20:17:11.190+0000] {processor.py:157} INFO - Started process (PID=26979) to work on /home/vscode/.local/lib/python3.10/site-packages/airflow/example_dags/plugins/workday.py
[2025-03-24T20:17:11.191+0000] {processor.py:826} INFO - Processing file /home/vscode/.local/lib/python3.10/site-packages/airflow/example_dags/plugins/workday.py for tasks to queue
[2025-03-24T20:17:11.191+0000] {logging_mixin.py:150} INFO - [2025-03-24T20:17:11.191+0000] {dagbag.py:541} INFO - Filling up the DagBag from /home/vscode/.local/lib/python3.10/site-packages/airflow/example_dags/plugins/workday.py
[2025-03-24T20:17:11.193+0000] {logging_mixin.py:150} INFO - [2025-03-24T20:17:11.193+0000] {workday.py:36} WARNING - Could not import pandas. Holidays will not be considered.
[2025-03-24T20:17:11.194+0000] {processor.py:838} WARNING - No viable dags retrieved from /home/vscode/.local/lib/python3.10/site-packages/airflow/example_dags/plugins/workday.py
[2025-03-24T20:17:11.200+0000] {processor.py:179} INFO - Processing /home/vscode/.local/lib/python3.10/site-packages/airflow/example_dags/plugins/workday.py took 0.012 seconds
[2025-03-24T20:17:41.564+0000] {processor.py:157} INFO - Started process (PID=27179) to work on /home/vscode/.local/lib/python3.10/site-packages/airflow/example_dags/plugins/workday.py
[2025-03-24T20:17:41.564+0000] {processor.py:826} INFO - Processing file /home/vscode/.local/lib/python3.10/site-packages/airflow/example_dags/plugins/workday.py for tasks to queue
[2025-03-24T20:17:41.565+0000] {logging_mixin.py:150} INFO - [2025-03-24T20:17:41.565+0000] {dagbag.py:541} INFO - Filling up the DagBag from /home/vscode/.local/lib/python3.10/site-packages/airflow/example_dags/plugins/workday.py
[2025-03-24T20:17:41.567+0000] {logging_mixin.py:150} INFO - [2025-03-24T20:17:41.567+0000] {workday.py:36} WARNING - Could not import pandas. Holidays will not be considered.
[2025-03-24T20:17:41.567+0000] {processor.py:838} WARNING - No viable dags retrieved from /home/vscode/.local/lib/python3.10/site-packages/airflow/example_dags/plugins/workday.py
[2025-03-24T20:17:41.574+0000] {processor.py:179} INFO - Processing /home/vscode/.local/lib/python3.10/site-packages/airflow/example_dags/plugins/workday.py took 0.012 seconds
[2025-03-24T20:18:24.789+0000] {processor.py:157} INFO - Started process (PID=27465) to work on /home/vscode/.local/lib/python3.10/site-packages/airflow/example_dags/plugins/workday.py
[2025-03-24T20:18:24.790+0000] {processor.py:826} INFO - Processing file /home/vscode/.local/lib/python3.10/site-packages/airflow/example_dags/plugins/workday.py for tasks to queue
[2025-03-24T20:18:24.790+0000] {logging_mixin.py:150} INFO - [2025-03-24T20:18:24.790+0000] {dagbag.py:541} INFO - Filling up the DagBag from /home/vscode/.local/lib/python3.10/site-packages/airflow/example_dags/plugins/workday.py
[2025-03-24T20:18:24.792+0000] {logging_mixin.py:150} INFO - [2025-03-24T20:18:24.792+0000] {workday.py:36} WARNING - Could not import pandas. Holidays will not be considered.
[2025-03-24T20:18:24.793+0000] {processor.py:838} WARNING - No viable dags retrieved from /home/vscode/.local/lib/python3.10/site-packages/airflow/example_dags/plugins/workday.py
[2025-03-24T20:18:24.799+0000] {processor.py:179} INFO - Processing /home/vscode/.local/lib/python3.10/site-packages/airflow/example_dags/plugins/workday.py took 0.012 seconds
[2025-03-24T20:19:05.331+0000] {processor.py:157} INFO - Started process (PID=27740) to work on /home/vscode/.local/lib/python3.10/site-packages/airflow/example_dags/plugins/workday.py
[2025-03-24T20:19:05.331+0000] {processor.py:826} INFO - Processing file /home/vscode/.local/lib/python3.10/site-packages/airflow/example_dags/plugins/workday.py for tasks to queue
[2025-03-24T20:19:05.332+0000] {logging_mixin.py:150} INFO - [2025-03-24T20:19:05.332+0000] {dagbag.py:541} INFO - Filling up the DagBag from /home/vscode/.local/lib/python3.10/site-packages/airflow/example_dags/plugins/workday.py
[2025-03-24T20:19:05.334+0000] {logging_mixin.py:150} INFO - [2025-03-24T20:19:05.334+0000] {workday.py:36} WARNING - Could not import pandas. Holidays will not be considered.
[2025-03-24T20:19:05.334+0000] {processor.py:838} WARNING - No viable dags retrieved from /home/vscode/.local/lib/python3.10/site-packages/airflow/example_dags/plugins/workday.py
[2025-03-24T20:19:05.341+0000] {processor.py:179} INFO - Processing /home/vscode/.local/lib/python3.10/site-packages/airflow/example_dags/plugins/workday.py took 0.013 seconds
[2025-03-24T20:19:35.864+0000] {processor.py:157} INFO - Started process (PID=27949) to work on /home/vscode/.local/lib/python3.10/site-packages/airflow/example_dags/plugins/workday.py
[2025-03-24T20:19:35.864+0000] {processor.py:826} INFO - Processing file /home/vscode/.local/lib/python3.10/site-packages/airflow/example_dags/plugins/workday.py for tasks to queue
[2025-03-24T20:19:35.865+0000] {logging_mixin.py:150} INFO - [2025-03-24T20:19:35.864+0000] {dagbag.py:541} INFO - Filling up the DagBag from /home/vscode/.local/lib/python3.10/site-packages/airflow/example_dags/plugins/workday.py
[2025-03-24T20:19:35.867+0000] {logging_mixin.py:150} INFO - [2025-03-24T20:19:35.867+0000] {workday.py:36} WARNING - Could not import pandas. Holidays will not be considered.
[2025-03-24T20:19:35.867+0000] {processor.py:838} WARNING - No viable dags retrieved from /home/vscode/.local/lib/python3.10/site-packages/airflow/example_dags/plugins/workday.py
[2025-03-24T20:19:35.874+0000] {processor.py:179} INFO - Processing /home/vscode/.local/lib/python3.10/site-packages/airflow/example_dags/plugins/workday.py took 0.013 seconds
[2025-03-24T20:20:06.211+0000] {processor.py:157} INFO - Started process (PID=28172) to work on /home/vscode/.local/lib/python3.10/site-packages/airflow/example_dags/plugins/workday.py
[2025-03-24T20:20:06.211+0000] {processor.py:826} INFO - Processing file /home/vscode/.local/lib/python3.10/site-packages/airflow/example_dags/plugins/workday.py for tasks to queue
[2025-03-24T20:20:06.212+0000] {logging_mixin.py:150} INFO - [2025-03-24T20:20:06.212+0000] {dagbag.py:541} INFO - Filling up the DagBag from /home/vscode/.local/lib/python3.10/site-packages/airflow/example_dags/plugins/workday.py
[2025-03-24T20:20:06.214+0000] {logging_mixin.py:150} INFO - [2025-03-24T20:20:06.214+0000] {workday.py:36} WARNING - Could not import pandas. Holidays will not be considered.
[2025-03-24T20:20:06.214+0000] {processor.py:838} WARNING - No viable dags retrieved from /home/vscode/.local/lib/python3.10/site-packages/airflow/example_dags/plugins/workday.py
[2025-03-24T20:20:06.221+0000] {processor.py:179} INFO - Processing /home/vscode/.local/lib/python3.10/site-packages/airflow/example_dags/plugins/workday.py took 0.012 seconds
[2025-03-24T20:20:38.910+0000] {processor.py:157} INFO - Started process (PID=28409) to work on /home/vscode/.local/lib/python3.10/site-packages/airflow/example_dags/plugins/workday.py
[2025-03-24T20:20:38.911+0000] {processor.py:826} INFO - Processing file /home/vscode/.local/lib/python3.10/site-packages/airflow/example_dags/plugins/workday.py for tasks to queue
[2025-03-24T20:20:38.911+0000] {logging_mixin.py:150} INFO - [2025-03-24T20:20:38.911+0000] {dagbag.py:541} INFO - Filling up the DagBag from /home/vscode/.local/lib/python3.10/site-packages/airflow/example_dags/plugins/workday.py
[2025-03-24T20:20:38.914+0000] {logging_mixin.py:150} INFO - [2025-03-24T20:20:38.913+0000] {workday.py:36} WARNING - Could not import pandas. Holidays will not be considered.
[2025-03-24T20:20:38.914+0000] {processor.py:838} WARNING - No viable dags retrieved from /home/vscode/.local/lib/python3.10/site-packages/airflow/example_dags/plugins/workday.py
[2025-03-24T20:20:38.921+0000] {processor.py:179} INFO - Processing /home/vscode/.local/lib/python3.10/site-packages/airflow/example_dags/plugins/workday.py took 0.013 seconds
[2025-03-24T20:21:10.921+0000] {processor.py:157} INFO - Started process (PID=28664) to work on /home/vscode/.local/lib/python3.10/site-packages/airflow/example_dags/plugins/workday.py
[2025-03-24T20:21:10.921+0000] {processor.py:826} INFO - Processing file /home/vscode/.local/lib/python3.10/site-packages/airflow/example_dags/plugins/workday.py for tasks to queue
[2025-03-24T20:21:10.922+0000] {logging_mixin.py:150} INFO - [2025-03-24T20:21:10.922+0000] {dagbag.py:541} INFO - Filling up the DagBag from /home/vscode/.local/lib/python3.10/site-packages/airflow/example_dags/plugins/workday.py
[2025-03-24T20:21:10.925+0000] {logging_mixin.py:150} INFO - [2025-03-24T20:21:10.925+0000] {workday.py:36} WARNING - Could not import pandas. Holidays will not be considered.
[2025-03-24T20:21:10.925+0000] {processor.py:838} WARNING - No viable dags retrieved from /home/vscode/.local/lib/python3.10/site-packages/airflow/example_dags/plugins/workday.py
[2025-03-24T20:21:10.934+0000] {processor.py:179} INFO - Processing /home/vscode/.local/lib/python3.10/site-packages/airflow/example_dags/plugins/workday.py took 0.017 seconds
[2025-03-24T20:21:42.342+0000] {processor.py:157} INFO - Started process (PID=28913) to work on /home/vscode/.local/lib/python3.10/site-packages/airflow/example_dags/plugins/workday.py
[2025-03-24T20:21:42.343+0000] {processor.py:826} INFO - Processing file /home/vscode/.local/lib/python3.10/site-packages/airflow/example_dags/plugins/workday.py for tasks to queue
[2025-03-24T20:21:42.344+0000] {logging_mixin.py:150} INFO - [2025-03-24T20:21:42.343+0000] {dagbag.py:541} INFO - Filling up the DagBag from /home/vscode/.local/lib/python3.10/site-packages/airflow/example_dags/plugins/workday.py
[2025-03-24T20:21:42.346+0000] {logging_mixin.py:150} INFO - [2025-03-24T20:21:42.345+0000] {workday.py:36} WARNING - Could not import pandas. Holidays will not be considered.
[2025-03-24T20:21:42.346+0000] {processor.py:838} WARNING - No viable dags retrieved from /home/vscode/.local/lib/python3.10/site-packages/airflow/example_dags/plugins/workday.py
[2025-03-24T20:21:42.353+0000] {processor.py:179} INFO - Processing /home/vscode/.local/lib/python3.10/site-packages/airflow/example_dags/plugins/workday.py took 0.013 seconds
[2025-03-24T20:22:13.725+0000] {processor.py:157} INFO - Started process (PID=29120) to work on /home/vscode/.local/lib/python3.10/site-packages/airflow/example_dags/plugins/workday.py
[2025-03-24T20:22:13.725+0000] {processor.py:826} INFO - Processing file /home/vscode/.local/lib/python3.10/site-packages/airflow/example_dags/plugins/workday.py for tasks to queue
[2025-03-24T20:22:13.726+0000] {logging_mixin.py:150} INFO - [2025-03-24T20:22:13.726+0000] {dagbag.py:541} INFO - Filling up the DagBag from /home/vscode/.local/lib/python3.10/site-packages/airflow/example_dags/plugins/workday.py
[2025-03-24T20:22:13.728+0000] {logging_mixin.py:150} INFO - [2025-03-24T20:22:13.728+0000] {workday.py:36} WARNING - Could not import pandas. Holidays will not be considered.
[2025-03-24T20:22:13.728+0000] {processor.py:838} WARNING - No viable dags retrieved from /home/vscode/.local/lib/python3.10/site-packages/airflow/example_dags/plugins/workday.py
[2025-03-24T20:22:13.735+0000] {processor.py:179} INFO - Processing /home/vscode/.local/lib/python3.10/site-packages/airflow/example_dags/plugins/workday.py took 0.012 seconds
[2025-03-24T20:22:55.595+0000] {processor.py:157} INFO - Started process (PID=29447) to work on /home/vscode/.local/lib/python3.10/site-packages/airflow/example_dags/plugins/workday.py
[2025-03-24T20:22:55.595+0000] {processor.py:826} INFO - Processing file /home/vscode/.local/lib/python3.10/site-packages/airflow/example_dags/plugins/workday.py for tasks to queue
[2025-03-24T20:22:55.596+0000] {logging_mixin.py:150} INFO - [2025-03-24T20:22:55.596+0000] {dagbag.py:541} INFO - Filling up the DagBag from /home/vscode/.local/lib/python3.10/site-packages/airflow/example_dags/plugins/workday.py
[2025-03-24T20:22:55.598+0000] {logging_mixin.py:150} INFO - [2025-03-24T20:22:55.598+0000] {workday.py:36} WARNING - Could not import pandas. Holidays will not be considered.
[2025-03-24T20:22:55.598+0000] {processor.py:838} WARNING - No viable dags retrieved from /home/vscode/.local/lib/python3.10/site-packages/airflow/example_dags/plugins/workday.py
[2025-03-24T20:22:55.605+0000] {processor.py:179} INFO - Processing /home/vscode/.local/lib/python3.10/site-packages/airflow/example_dags/plugins/workday.py took 0.012 seconds
[2025-03-24T20:23:28.465+0000] {processor.py:157} INFO - Started process (PID=29721) to work on /home/vscode/.local/lib/python3.10/site-packages/airflow/example_dags/plugins/workday.py
[2025-03-24T20:23:28.466+0000] {processor.py:826} INFO - Processing file /home/vscode/.local/lib/python3.10/site-packages/airflow/example_dags/plugins/workday.py for tasks to queue
[2025-03-24T20:23:28.467+0000] {logging_mixin.py:150} INFO - [2025-03-24T20:23:28.466+0000] {dagbag.py:541} INFO - Filling up the DagBag from /home/vscode/.local/lib/python3.10/site-packages/airflow/example_dags/plugins/workday.py
[2025-03-24T20:23:28.469+0000] {logging_mixin.py:150} INFO - [2025-03-24T20:23:28.469+0000] {workday.py:36} WARNING - Could not import pandas. Holidays will not be considered.
[2025-03-24T20:23:28.469+0000] {processor.py:838} WARNING - No viable dags retrieved from /home/vscode/.local/lib/python3.10/site-packages/airflow/example_dags/plugins/workday.py
[2025-03-24T20:23:28.476+0000] {processor.py:179} INFO - Processing /home/vscode/.local/lib/python3.10/site-packages/airflow/example_dags/plugins/workday.py took 0.013 seconds
[2025-03-24T20:24:11.387+0000] {processor.py:157} INFO - Started process (PID=30075) to work on /home/vscode/.local/lib/python3.10/site-packages/airflow/example_dags/plugins/workday.py
[2025-03-24T20:24:11.388+0000] {processor.py:826} INFO - Processing file /home/vscode/.local/lib/python3.10/site-packages/airflow/example_dags/plugins/workday.py for tasks to queue
[2025-03-24T20:24:11.389+0000] {logging_mixin.py:150} INFO - [2025-03-24T20:24:11.388+0000] {dagbag.py:541} INFO - Filling up the DagBag from /home/vscode/.local/lib/python3.10/site-packages/airflow/example_dags/plugins/workday.py
[2025-03-24T20:24:11.391+0000] {logging_mixin.py:150} INFO - [2025-03-24T20:24:11.391+0000] {workday.py:36} WARNING - Could not import pandas. Holidays will not be considered.
[2025-03-24T20:24:11.391+0000] {processor.py:838} WARNING - No viable dags retrieved from /home/vscode/.local/lib/python3.10/site-packages/airflow/example_dags/plugins/workday.py
[2025-03-24T20:24:11.398+0000] {processor.py:179} INFO - Processing /home/vscode/.local/lib/python3.10/site-packages/airflow/example_dags/plugins/workday.py took 0.013 seconds
[2025-03-24T20:24:42.793+0000] {processor.py:157} INFO - Started process (PID=30283) to work on /home/vscode/.local/lib/python3.10/site-packages/airflow/example_dags/plugins/workday.py
[2025-03-24T20:24:42.794+0000] {processor.py:826} INFO - Processing file /home/vscode/.local/lib/python3.10/site-packages/airflow/example_dags/plugins/workday.py for tasks to queue
[2025-03-24T20:24:42.795+0000] {logging_mixin.py:150} INFO - [2025-03-24T20:24:42.794+0000] {dagbag.py:541} INFO - Filling up the DagBag from /home/vscode/.local/lib/python3.10/site-packages/airflow/example_dags/plugins/workday.py
[2025-03-24T20:24:42.797+0000] {logging_mixin.py:150} INFO - [2025-03-24T20:24:42.796+0000] {workday.py:36} WARNING - Could not import pandas. Holidays will not be considered.
[2025-03-24T20:24:42.797+0000] {processor.py:838} WARNING - No viable dags retrieved from /home/vscode/.local/lib/python3.10/site-packages/airflow/example_dags/plugins/workday.py
[2025-03-24T20:24:42.803+0000] {processor.py:179} INFO - Processing /home/vscode/.local/lib/python3.10/site-packages/airflow/example_dags/plugins/workday.py took 0.012 seconds
[2025-03-24T20:25:25.567+0000] {processor.py:157} INFO - Started process (PID=30618) to work on /home/vscode/.local/lib/python3.10/site-packages/airflow/example_dags/plugins/workday.py
[2025-03-24T20:25:25.568+0000] {processor.py:826} INFO - Processing file /home/vscode/.local/lib/python3.10/site-packages/airflow/example_dags/plugins/workday.py for tasks to queue
[2025-03-24T20:25:25.568+0000] {logging_mixin.py:150} INFO - [2025-03-24T20:25:25.568+0000] {dagbag.py:541} INFO - Filling up the DagBag from /home/vscode/.local/lib/python3.10/site-packages/airflow/example_dags/plugins/workday.py
[2025-03-24T20:25:25.570+0000] {logging_mixin.py:150} INFO - [2025-03-24T20:25:25.570+0000] {workday.py:36} WARNING - Could not import pandas. Holidays will not be considered.
[2025-03-24T20:25:25.571+0000] {processor.py:838} WARNING - No viable dags retrieved from /home/vscode/.local/lib/python3.10/site-packages/airflow/example_dags/plugins/workday.py
[2025-03-24T20:25:25.577+0000] {processor.py:179} INFO - Processing /home/vscode/.local/lib/python3.10/site-packages/airflow/example_dags/plugins/workday.py took 0.012 seconds
[2025-03-24T20:25:55.850+0000] {processor.py:157} INFO - Started process (PID=30847) to work on /home/vscode/.local/lib/python3.10/site-packages/airflow/example_dags/plugins/workday.py
[2025-03-24T20:25:55.851+0000] {processor.py:826} INFO - Processing file /home/vscode/.local/lib/python3.10/site-packages/airflow/example_dags/plugins/workday.py for tasks to queue
[2025-03-24T20:25:55.851+0000] {logging_mixin.py:150} INFO - [2025-03-24T20:25:55.851+0000] {dagbag.py:541} INFO - Filling up the DagBag from /home/vscode/.local/lib/python3.10/site-packages/airflow/example_dags/plugins/workday.py
[2025-03-24T20:25:55.854+0000] {logging_mixin.py:150} INFO - [2025-03-24T20:25:55.854+0000] {workday.py:36} WARNING - Could not import pandas. Holidays will not be considered.
[2025-03-24T20:25:55.854+0000] {processor.py:838} WARNING - No viable dags retrieved from /home/vscode/.local/lib/python3.10/site-packages/airflow/example_dags/plugins/workday.py
[2025-03-24T20:25:55.860+0000] {processor.py:179} INFO - Processing /home/vscode/.local/lib/python3.10/site-packages/airflow/example_dags/plugins/workday.py took 0.012 seconds
[2025-03-24T20:26:26.732+0000] {processor.py:157} INFO - Started process (PID=31070) to work on /home/vscode/.local/lib/python3.10/site-packages/airflow/example_dags/plugins/workday.py
[2025-03-24T20:26:26.732+0000] {processor.py:826} INFO - Processing file /home/vscode/.local/lib/python3.10/site-packages/airflow/example_dags/plugins/workday.py for tasks to queue
[2025-03-24T20:26:26.733+0000] {logging_mixin.py:150} INFO - [2025-03-24T20:26:26.733+0000] {dagbag.py:541} INFO - Filling up the DagBag from /home/vscode/.local/lib/python3.10/site-packages/airflow/example_dags/plugins/workday.py
[2025-03-24T20:26:26.735+0000] {logging_mixin.py:150} INFO - [2025-03-24T20:26:26.735+0000] {workday.py:36} WARNING - Could not import pandas. Holidays will not be considered.
[2025-03-24T20:26:26.735+0000] {processor.py:838} WARNING - No viable dags retrieved from /home/vscode/.local/lib/python3.10/site-packages/airflow/example_dags/plugins/workday.py
[2025-03-24T20:26:26.742+0000] {processor.py:179} INFO - Processing /home/vscode/.local/lib/python3.10/site-packages/airflow/example_dags/plugins/workday.py took 0.013 seconds
[2025-03-24T20:26:57.347+0000] {processor.py:157} INFO - Started process (PID=31367) to work on /home/vscode/.local/lib/python3.10/site-packages/airflow/example_dags/plugins/workday.py
[2025-03-24T20:26:57.348+0000] {processor.py:826} INFO - Processing file /home/vscode/.local/lib/python3.10/site-packages/airflow/example_dags/plugins/workday.py for tasks to queue
[2025-03-24T20:26:57.348+0000] {logging_mixin.py:150} INFO - [2025-03-24T20:26:57.348+0000] {dagbag.py:541} INFO - Filling up the DagBag from /home/vscode/.local/lib/python3.10/site-packages/airflow/example_dags/plugins/workday.py
[2025-03-24T20:26:57.350+0000] {logging_mixin.py:150} INFO - [2025-03-24T20:26:57.350+0000] {workday.py:36} WARNING - Could not import pandas. Holidays will not be considered.
[2025-03-24T20:26:57.351+0000] {processor.py:838} WARNING - No viable dags retrieved from /home/vscode/.local/lib/python3.10/site-packages/airflow/example_dags/plugins/workday.py
[2025-03-24T20:26:57.357+0000] {processor.py:179} INFO - Processing /home/vscode/.local/lib/python3.10/site-packages/airflow/example_dags/plugins/workday.py took 0.012 seconds
[2025-03-24T20:27:39.035+0000] {processor.py:157} INFO - Started process (PID=31754) to work on /home/vscode/.local/lib/python3.10/site-packages/airflow/example_dags/plugins/workday.py
[2025-03-24T20:27:39.036+0000] {processor.py:826} INFO - Processing file /home/vscode/.local/lib/python3.10/site-packages/airflow/example_dags/plugins/workday.py for tasks to queue
[2025-03-24T20:27:39.037+0000] {logging_mixin.py:150} INFO - [2025-03-24T20:27:39.036+0000] {dagbag.py:541} INFO - Filling up the DagBag from /home/vscode/.local/lib/python3.10/site-packages/airflow/example_dags/plugins/workday.py
[2025-03-24T20:27:39.039+0000] {logging_mixin.py:150} INFO - [2025-03-24T20:27:39.039+0000] {workday.py:36} WARNING - Could not import pandas. Holidays will not be considered.
[2025-03-24T20:27:39.039+0000] {processor.py:838} WARNING - No viable dags retrieved from /home/vscode/.local/lib/python3.10/site-packages/airflow/example_dags/plugins/workday.py
[2025-03-24T20:27:39.046+0000] {processor.py:179} INFO - Processing /home/vscode/.local/lib/python3.10/site-packages/airflow/example_dags/plugins/workday.py took 0.013 seconds
[2025-03-24T20:28:11.019+0000] {processor.py:157} INFO - Started process (PID=31973) to work on /home/vscode/.local/lib/python3.10/site-packages/airflow/example_dags/plugins/workday.py
[2025-03-24T20:28:11.020+0000] {processor.py:826} INFO - Processing file /home/vscode/.local/lib/python3.10/site-packages/airflow/example_dags/plugins/workday.py for tasks to queue
[2025-03-24T20:28:11.020+0000] {logging_mixin.py:150} INFO - [2025-03-24T20:28:11.020+0000] {dagbag.py:541} INFO - Filling up the DagBag from /home/vscode/.local/lib/python3.10/site-packages/airflow/example_dags/plugins/workday.py
[2025-03-24T20:28:11.022+0000] {logging_mixin.py:150} INFO - [2025-03-24T20:28:11.022+0000] {workday.py:36} WARNING - Could not import pandas. Holidays will not be considered.
[2025-03-24T20:28:11.023+0000] {processor.py:838} WARNING - No viable dags retrieved from /home/vscode/.local/lib/python3.10/site-packages/airflow/example_dags/plugins/workday.py
[2025-03-24T20:28:11.029+0000] {processor.py:179} INFO - Processing /home/vscode/.local/lib/python3.10/site-packages/airflow/example_dags/plugins/workday.py took 0.013 seconds
[2025-03-24T20:28:53.172+0000] {processor.py:157} INFO - Started process (PID=32283) to work on /home/vscode/.local/lib/python3.10/site-packages/airflow/example_dags/plugins/workday.py
[2025-03-24T20:28:53.173+0000] {processor.py:826} INFO - Processing file /home/vscode/.local/lib/python3.10/site-packages/airflow/example_dags/plugins/workday.py for tasks to queue
[2025-03-24T20:28:53.174+0000] {logging_mixin.py:150} INFO - [2025-03-24T20:28:53.173+0000] {dagbag.py:541} INFO - Filling up the DagBag from /home/vscode/.local/lib/python3.10/site-packages/airflow/example_dags/plugins/workday.py
[2025-03-24T20:28:53.177+0000] {logging_mixin.py:150} INFO - [2025-03-24T20:28:53.177+0000] {workday.py:36} WARNING - Could not import pandas. Holidays will not be considered.
[2025-03-24T20:28:53.177+0000] {processor.py:838} WARNING - No viable dags retrieved from /home/vscode/.local/lib/python3.10/site-packages/airflow/example_dags/plugins/workday.py
[2025-03-24T20:28:53.187+0000] {processor.py:179} INFO - Processing /home/vscode/.local/lib/python3.10/site-packages/airflow/example_dags/plugins/workday.py took 0.018 seconds
[2025-03-24T20:29:23.649+0000] {processor.py:157} INFO - Started process (PID=32501) to work on /home/vscode/.local/lib/python3.10/site-packages/airflow/example_dags/plugins/workday.py
[2025-03-24T20:29:23.650+0000] {processor.py:826} INFO - Processing file /home/vscode/.local/lib/python3.10/site-packages/airflow/example_dags/plugins/workday.py for tasks to queue
[2025-03-24T20:29:23.650+0000] {logging_mixin.py:150} INFO - [2025-03-24T20:29:23.650+0000] {dagbag.py:541} INFO - Filling up the DagBag from /home/vscode/.local/lib/python3.10/site-packages/airflow/example_dags/plugins/workday.py
[2025-03-24T20:29:23.652+0000] {logging_mixin.py:150} INFO - [2025-03-24T20:29:23.652+0000] {workday.py:36} WARNING - Could not import pandas. Holidays will not be considered.
[2025-03-24T20:29:23.653+0000] {processor.py:838} WARNING - No viable dags retrieved from /home/vscode/.local/lib/python3.10/site-packages/airflow/example_dags/plugins/workday.py
[2025-03-24T20:29:23.659+0000] {processor.py:179} INFO - Processing /home/vscode/.local/lib/python3.10/site-packages/airflow/example_dags/plugins/workday.py took 0.013 seconds
[2025-03-24T20:29:54.052+0000] {processor.py:157} INFO - Started process (PID=32709) to work on /home/vscode/.local/lib/python3.10/site-packages/airflow/example_dags/plugins/workday.py
[2025-03-24T20:29:54.053+0000] {processor.py:826} INFO - Processing file /home/vscode/.local/lib/python3.10/site-packages/airflow/example_dags/plugins/workday.py for tasks to queue
[2025-03-24T20:29:54.053+0000] {logging_mixin.py:150} INFO - [2025-03-24T20:29:54.053+0000] {dagbag.py:541} INFO - Filling up the DagBag from /home/vscode/.local/lib/python3.10/site-packages/airflow/example_dags/plugins/workday.py
[2025-03-24T20:29:54.055+0000] {logging_mixin.py:150} INFO - [2025-03-24T20:29:54.055+0000] {workday.py:36} WARNING - Could not import pandas. Holidays will not be considered.
[2025-03-24T20:29:54.055+0000] {processor.py:838} WARNING - No viable dags retrieved from /home/vscode/.local/lib/python3.10/site-packages/airflow/example_dags/plugins/workday.py
[2025-03-24T20:29:54.062+0000] {processor.py:179} INFO - Processing /home/vscode/.local/lib/python3.10/site-packages/airflow/example_dags/plugins/workday.py took 0.012 seconds
[2025-03-24T20:30:34.562+0000] {processor.py:157} INFO - Started process (PID=32990) to work on /home/vscode/.local/lib/python3.10/site-packages/airflow/example_dags/plugins/workday.py
[2025-03-24T20:30:34.562+0000] {processor.py:826} INFO - Processing file /home/vscode/.local/lib/python3.10/site-packages/airflow/example_dags/plugins/workday.py for tasks to queue
[2025-03-24T20:30:34.563+0000] {logging_mixin.py:150} INFO - [2025-03-24T20:30:34.563+0000] {dagbag.py:541} INFO - Filling up the DagBag from /home/vscode/.local/lib/python3.10/site-packages/airflow/example_dags/plugins/workday.py
[2025-03-24T20:30:34.565+0000] {logging_mixin.py:150} INFO - [2025-03-24T20:30:34.565+0000] {workday.py:36} WARNING - Could not import pandas. Holidays will not be considered.
[2025-03-24T20:30:34.565+0000] {processor.py:838} WARNING - No viable dags retrieved from /home/vscode/.local/lib/python3.10/site-packages/airflow/example_dags/plugins/workday.py
[2025-03-24T20:30:34.573+0000] {processor.py:179} INFO - Processing /home/vscode/.local/lib/python3.10/site-packages/airflow/example_dags/plugins/workday.py took 0.013 seconds
[2025-03-24T20:31:05.001+0000] {processor.py:157} INFO - Started process (PID=33193) to work on /home/vscode/.local/lib/python3.10/site-packages/airflow/example_dags/plugins/workday.py
[2025-03-24T20:31:05.001+0000] {processor.py:826} INFO - Processing file /home/vscode/.local/lib/python3.10/site-packages/airflow/example_dags/plugins/workday.py for tasks to queue
[2025-03-24T20:31:05.002+0000] {logging_mixin.py:150} INFO - [2025-03-24T20:31:05.002+0000] {dagbag.py:541} INFO - Filling up the DagBag from /home/vscode/.local/lib/python3.10/site-packages/airflow/example_dags/plugins/workday.py
[2025-03-24T20:31:05.004+0000] {logging_mixin.py:150} INFO - [2025-03-24T20:31:05.004+0000] {workday.py:36} WARNING - Could not import pandas. Holidays will not be considered.
[2025-03-24T20:31:05.004+0000] {processor.py:838} WARNING - No viable dags retrieved from /home/vscode/.local/lib/python3.10/site-packages/airflow/example_dags/plugins/workday.py
[2025-03-24T20:31:05.011+0000] {processor.py:179} INFO - Processing /home/vscode/.local/lib/python3.10/site-packages/airflow/example_dags/plugins/workday.py took 0.012 seconds
[2025-03-24T20:31:46.688+0000] {processor.py:157} INFO - Started process (PID=33470) to work on /home/vscode/.local/lib/python3.10/site-packages/airflow/example_dags/plugins/workday.py
[2025-03-24T20:31:46.688+0000] {processor.py:826} INFO - Processing file /home/vscode/.local/lib/python3.10/site-packages/airflow/example_dags/plugins/workday.py for tasks to queue
[2025-03-24T20:31:46.689+0000] {logging_mixin.py:150} INFO - [2025-03-24T20:31:46.689+0000] {dagbag.py:541} INFO - Filling up the DagBag from /home/vscode/.local/lib/python3.10/site-packages/airflow/example_dags/plugins/workday.py
[2025-03-24T20:31:46.691+0000] {logging_mixin.py:150} INFO - [2025-03-24T20:31:46.691+0000] {workday.py:36} WARNING - Could not import pandas. Holidays will not be considered.
[2025-03-24T20:31:46.691+0000] {processor.py:838} WARNING - No viable dags retrieved from /home/vscode/.local/lib/python3.10/site-packages/airflow/example_dags/plugins/workday.py
[2025-03-24T20:31:46.698+0000] {processor.py:179} INFO - Processing /home/vscode/.local/lib/python3.10/site-packages/airflow/example_dags/plugins/workday.py took 0.012 seconds
[2025-03-24T20:32:30.442+0000] {processor.py:157} INFO - Started process (PID=33768) to work on /home/vscode/.local/lib/python3.10/site-packages/airflow/example_dags/plugins/workday.py
[2025-03-24T20:32:30.443+0000] {processor.py:826} INFO - Processing file /home/vscode/.local/lib/python3.10/site-packages/airflow/example_dags/plugins/workday.py for tasks to queue
[2025-03-24T20:32:30.443+0000] {logging_mixin.py:150} INFO - [2025-03-24T20:32:30.443+0000] {dagbag.py:541} INFO - Filling up the DagBag from /home/vscode/.local/lib/python3.10/site-packages/airflow/example_dags/plugins/workday.py
[2025-03-24T20:32:30.445+0000] {logging_mixin.py:150} INFO - [2025-03-24T20:32:30.445+0000] {workday.py:36} WARNING - Could not import pandas. Holidays will not be considered.
[2025-03-24T20:32:30.446+0000] {processor.py:838} WARNING - No viable dags retrieved from /home/vscode/.local/lib/python3.10/site-packages/airflow/example_dags/plugins/workday.py
[2025-03-24T20:32:30.453+0000] {processor.py:179} INFO - Processing /home/vscode/.local/lib/python3.10/site-packages/airflow/example_dags/plugins/workday.py took 0.013 seconds
[2025-03-24T20:33:00.724+0000] {processor.py:157} INFO - Started process (PID=33981) to work on /home/vscode/.local/lib/python3.10/site-packages/airflow/example_dags/plugins/workday.py
[2025-03-24T20:33:00.724+0000] {processor.py:826} INFO - Processing file /home/vscode/.local/lib/python3.10/site-packages/airflow/example_dags/plugins/workday.py for tasks to queue
[2025-03-24T20:33:00.725+0000] {logging_mixin.py:150} INFO - [2025-03-24T20:33:00.725+0000] {dagbag.py:541} INFO - Filling up the DagBag from /home/vscode/.local/lib/python3.10/site-packages/airflow/example_dags/plugins/workday.py
[2025-03-24T20:33:00.727+0000] {logging_mixin.py:150} INFO - [2025-03-24T20:33:00.727+0000] {workday.py:36} WARNING - Could not import pandas. Holidays will not be considered.
[2025-03-24T20:33:00.727+0000] {processor.py:838} WARNING - No viable dags retrieved from /home/vscode/.local/lib/python3.10/site-packages/airflow/example_dags/plugins/workday.py
[2025-03-24T20:33:00.734+0000] {processor.py:179} INFO - Processing /home/vscode/.local/lib/python3.10/site-packages/airflow/example_dags/plugins/workday.py took 0.012 seconds
[2025-03-24T20:33:33.771+0000] {processor.py:157} INFO - Started process (PID=34289) to work on /home/vscode/.local/lib/python3.10/site-packages/airflow/example_dags/plugins/workday.py
[2025-03-24T20:33:33.771+0000] {processor.py:826} INFO - Processing file /home/vscode/.local/lib/python3.10/site-packages/airflow/example_dags/plugins/workday.py for tasks to queue
[2025-03-24T20:33:33.772+0000] {logging_mixin.py:150} INFO - [2025-03-24T20:33:33.772+0000] {dagbag.py:541} INFO - Filling up the DagBag from /home/vscode/.local/lib/python3.10/site-packages/airflow/example_dags/plugins/workday.py
[2025-03-24T20:33:33.774+0000] {logging_mixin.py:150} INFO - [2025-03-24T20:33:33.774+0000] {workday.py:36} WARNING - Could not import pandas. Holidays will not be considered.
[2025-03-24T20:33:33.774+0000] {processor.py:838} WARNING - No viable dags retrieved from /home/vscode/.local/lib/python3.10/site-packages/airflow/example_dags/plugins/workday.py
[2025-03-24T20:33:33.781+0000] {processor.py:179} INFO - Processing /home/vscode/.local/lib/python3.10/site-packages/airflow/example_dags/plugins/workday.py took 0.012 seconds
[2025-03-24T20:34:05.799+0000] {processor.py:157} INFO - Started process (PID=34508) to work on /home/vscode/.local/lib/python3.10/site-packages/airflow/example_dags/plugins/workday.py
[2025-03-24T20:34:05.800+0000] {processor.py:826} INFO - Processing file /home/vscode/.local/lib/python3.10/site-packages/airflow/example_dags/plugins/workday.py for tasks to queue
[2025-03-24T20:34:05.801+0000] {logging_mixin.py:150} INFO - [2025-03-24T20:34:05.800+0000] {dagbag.py:541} INFO - Filling up the DagBag from /home/vscode/.local/lib/python3.10/site-packages/airflow/example_dags/plugins/workday.py
[2025-03-24T20:34:05.803+0000] {logging_mixin.py:150} INFO - [2025-03-24T20:34:05.803+0000] {workday.py:36} WARNING - Could not import pandas. Holidays will not be considered.
[2025-03-24T20:34:05.803+0000] {processor.py:838} WARNING - No viable dags retrieved from /home/vscode/.local/lib/python3.10/site-packages/airflow/example_dags/plugins/workday.py
[2025-03-24T20:34:05.809+0000] {processor.py:179} INFO - Processing /home/vscode/.local/lib/python3.10/site-packages/airflow/example_dags/plugins/workday.py took 0.012 seconds
[2025-03-24T20:34:36.624+0000] {processor.py:157} INFO - Started process (PID=34708) to work on /home/vscode/.local/lib/python3.10/site-packages/airflow/example_dags/plugins/workday.py
[2025-03-24T20:34:36.625+0000] {processor.py:826} INFO - Processing file /home/vscode/.local/lib/python3.10/site-packages/airflow/example_dags/plugins/workday.py for tasks to queue
[2025-03-24T20:34:36.625+0000] {logging_mixin.py:150} INFO - [2025-03-24T20:34:36.625+0000] {dagbag.py:541} INFO - Filling up the DagBag from /home/vscode/.local/lib/python3.10/site-packages/airflow/example_dags/plugins/workday.py
[2025-03-24T20:34:36.628+0000] {logging_mixin.py:150} INFO - [2025-03-24T20:34:36.627+0000] {workday.py:36} WARNING - Could not import pandas. Holidays will not be considered.
[2025-03-24T20:34:36.628+0000] {processor.py:838} WARNING - No viable dags retrieved from /home/vscode/.local/lib/python3.10/site-packages/airflow/example_dags/plugins/workday.py
[2025-03-24T20:34:36.635+0000] {processor.py:179} INFO - Processing /home/vscode/.local/lib/python3.10/site-packages/airflow/example_dags/plugins/workday.py took 0.013 seconds
[2025-03-24T20:35:20.642+0000] {processor.py:157} INFO - Started process (PID=35001) to work on /home/vscode/.local/lib/python3.10/site-packages/airflow/example_dags/plugins/workday.py
[2025-03-24T20:35:20.643+0000] {processor.py:826} INFO - Processing file /home/vscode/.local/lib/python3.10/site-packages/airflow/example_dags/plugins/workday.py for tasks to queue
[2025-03-24T20:35:20.643+0000] {logging_mixin.py:150} INFO - [2025-03-24T20:35:20.643+0000] {dagbag.py:541} INFO - Filling up the DagBag from /home/vscode/.local/lib/python3.10/site-packages/airflow/example_dags/plugins/workday.py
[2025-03-24T20:35:20.645+0000] {logging_mixin.py:150} INFO - [2025-03-24T20:35:20.645+0000] {workday.py:36} WARNING - Could not import pandas. Holidays will not be considered.
[2025-03-24T20:35:20.645+0000] {processor.py:838} WARNING - No viable dags retrieved from /home/vscode/.local/lib/python3.10/site-packages/airflow/example_dags/plugins/workday.py
[2025-03-24T20:35:20.652+0000] {processor.py:179} INFO - Processing /home/vscode/.local/lib/python3.10/site-packages/airflow/example_dags/plugins/workday.py took 0.012 seconds
[2025-03-24T20:35:51.050+0000] {processor.py:157} INFO - Started process (PID=35206) to work on /home/vscode/.local/lib/python3.10/site-packages/airflow/example_dags/plugins/workday.py
[2025-03-24T20:35:51.051+0000] {processor.py:826} INFO - Processing file /home/vscode/.local/lib/python3.10/site-packages/airflow/example_dags/plugins/workday.py for tasks to queue
[2025-03-24T20:35:51.052+0000] {logging_mixin.py:150} INFO - [2025-03-24T20:35:51.051+0000] {dagbag.py:541} INFO - Filling up the DagBag from /home/vscode/.local/lib/python3.10/site-packages/airflow/example_dags/plugins/workday.py
[2025-03-24T20:35:51.054+0000] {logging_mixin.py:150} INFO - [2025-03-24T20:35:51.054+0000] {workday.py:36} WARNING - Could not import pandas. Holidays will not be considered.
[2025-03-24T20:35:51.054+0000] {processor.py:838} WARNING - No viable dags retrieved from /home/vscode/.local/lib/python3.10/site-packages/airflow/example_dags/plugins/workday.py
[2025-03-24T20:35:51.060+0000] {processor.py:179} INFO - Processing /home/vscode/.local/lib/python3.10/site-packages/airflow/example_dags/plugins/workday.py took 0.012 seconds
[2025-03-24T20:36:34.665+0000] {processor.py:157} INFO - Started process (PID=35512) to work on /home/vscode/.local/lib/python3.10/site-packages/airflow/example_dags/plugins/workday.py
[2025-03-24T20:36:34.665+0000] {processor.py:826} INFO - Processing file /home/vscode/.local/lib/python3.10/site-packages/airflow/example_dags/plugins/workday.py for tasks to queue
[2025-03-24T20:36:34.666+0000] {logging_mixin.py:150} INFO - [2025-03-24T20:36:34.666+0000] {dagbag.py:541} INFO - Filling up the DagBag from /home/vscode/.local/lib/python3.10/site-packages/airflow/example_dags/plugins/workday.py
[2025-03-24T20:36:34.668+0000] {logging_mixin.py:150} INFO - [2025-03-24T20:36:34.668+0000] {workday.py:36} WARNING - Could not import pandas. Holidays will not be considered.
[2025-03-24T20:36:34.668+0000] {processor.py:838} WARNING - No viable dags retrieved from /home/vscode/.local/lib/python3.10/site-packages/airflow/example_dags/plugins/workday.py
[2025-03-24T20:36:34.675+0000] {processor.py:179} INFO - Processing /home/vscode/.local/lib/python3.10/site-packages/airflow/example_dags/plugins/workday.py took 0.012 seconds
[2025-03-24T20:37:06.690+0000] {processor.py:157} INFO - Started process (PID=35755) to work on /home/vscode/.local/lib/python3.10/site-packages/airflow/example_dags/plugins/workday.py
[2025-03-24T20:37:06.691+0000] {processor.py:826} INFO - Processing file /home/vscode/.local/lib/python3.10/site-packages/airflow/example_dags/plugins/workday.py for tasks to queue
[2025-03-24T20:37:06.691+0000] {logging_mixin.py:150} INFO - [2025-03-24T20:37:06.691+0000] {dagbag.py:541} INFO - Filling up the DagBag from /home/vscode/.local/lib/python3.10/site-packages/airflow/example_dags/plugins/workday.py
[2025-03-24T20:37:06.694+0000] {logging_mixin.py:150} INFO - [2025-03-24T20:37:06.694+0000] {workday.py:36} WARNING - Could not import pandas. Holidays will not be considered.
[2025-03-24T20:37:06.694+0000] {processor.py:838} WARNING - No viable dags retrieved from /home/vscode/.local/lib/python3.10/site-packages/airflow/example_dags/plugins/workday.py
[2025-03-24T20:37:06.701+0000] {processor.py:179} INFO - Processing /home/vscode/.local/lib/python3.10/site-packages/airflow/example_dags/plugins/workday.py took 0.013 seconds
[2025-03-24T20:37:50.429+0000] {processor.py:157} INFO - Started process (PID=36059) to work on /home/vscode/.local/lib/python3.10/site-packages/airflow/example_dags/plugins/workday.py
[2025-03-24T20:37:50.430+0000] {processor.py:826} INFO - Processing file /home/vscode/.local/lib/python3.10/site-packages/airflow/example_dags/plugins/workday.py for tasks to queue
[2025-03-24T20:37:50.431+0000] {logging_mixin.py:150} INFO - [2025-03-24T20:37:50.430+0000] {dagbag.py:541} INFO - Filling up the DagBag from /home/vscode/.local/lib/python3.10/site-packages/airflow/example_dags/plugins/workday.py
[2025-03-24T20:37:50.433+0000] {logging_mixin.py:150} INFO - [2025-03-24T20:37:50.433+0000] {workday.py:36} WARNING - Could not import pandas. Holidays will not be considered.
[2025-03-24T20:37:50.433+0000] {processor.py:838} WARNING - No viable dags retrieved from /home/vscode/.local/lib/python3.10/site-packages/airflow/example_dags/plugins/workday.py
[2025-03-24T20:37:50.439+0000] {processor.py:179} INFO - Processing /home/vscode/.local/lib/python3.10/site-packages/airflow/example_dags/plugins/workday.py took 0.012 seconds
